[0.021s] Invoking command in '/home/student/sensor_platform_ws/build/uavcan_bridge': CMAKE_PREFIX_PATH=/opt/ros/humble /usr/bin/cmake --build /home/student/sensor_platform_ws/build/uavcan_bridge -- -j8 -l8
[0.094s] [ 20%] [32mBuilding CXX object CMakeFiles/dronecan_bridge_component.dir/src/dronecan_bridge_component.cpp.o[0m
[0.107s] [ 60%] Built target dronecan_bridge_node
[4.260s] In file included from [01m[K/home/student/sensor_platform_ws/src/hardware/uavcan_bridge/src/dronecan_bridge_component.cpp:19[m[K:
[4.261s] [01m[K/home/student/sensor_platform_ws/src/hardware/uavcan_bridge/include/libcanard/canard.h:332:13:[m[K [01;35m[Kwarning: [m[KISO C++ forbids flexible array member ‘[01m[Kdata[m[K’ [[01;35m[K]8;;https://gcc.gnu.org/onlinedocs/gcc/Warning-Options.html#index-Wpedantic-Wpedantic]8;;[m[K]
[4.261s]   332 |     uint8_t [01;35m[Kdata[m[K[];
[4.261s]       |             [01;35m[K^~~~[m[K
[4.261s] [01m[K/home/student/sensor_platform_ws/src/hardware/uavcan_bridge/include/libcanard/canard.h:369:13:[m[K [01;35m[Kwarning: [m[KISO C++ forbids flexible array member ‘[01m[Kbuffer_head[m[K’ [[01;35m[K]8;;https://gcc.gnu.org/onlinedocs/gcc/Warning-Options.html#index-Wpedantic-Wpedantic]8;;[m[K]
[4.261s]   369 |     uint8_t [01;35m[Kbuffer_head[m[K[];
[4.261s]       |             [01;35m[K^~~~~~~~~~~[m[K
[4.278s] [01m[K/home/student/sensor_platform_ws/src/hardware/uavcan_bridge/src/dronecan_bridge_component.cpp:[m[K In function ‘[01m[Kvoid uavcan_bridge::onTransferReceived(CanardInstance*, CanardRxTransfer*)[m[K’:
[4.278s] [01m[K/home/student/sensor_platform_ws/src/hardware/uavcan_bridge/src/dronecan_bridge_component.cpp:162:36:[m[K [01;31m[Kerror: [m[Kno matching function for call to ‘[01m[Kuavcan_bridge::DronecanBridgeComponent::publish_flow_data(float&, float&)[m[K’
[4.278s]   162 |             [01;31m[Knode->publish_flow_data(flow_x, flow_y)[m[K;
[4.278s]       |             [01;31m[K~~~~~~~~~~~~~~~~~~~~~~~^~~~~~~~~~~~~~~~[m[K
[4.278s] [01m[K/home/student/sensor_platform_ws/src/hardware/uavcan_bridge/src/dronecan_bridge_component.cpp:58:10:[m[K [01;36m[Knote: [m[Kcandidate: ‘[01m[Kvoid uavcan_bridge::DronecanBridgeComponent::publish_flow_data(float, float, uint64_t)[m[K’
[4.278s]    58 |     void [01;36m[Kpublish_flow_data[m[K(float x, float y, uint64_t hardware_timestamp_usec) {
[4.278s]       |          [01;36m[K^~~~~~~~~~~~~~~~~[m[K
[4.278s] [01m[K/home/student/sensor_platform_ws/src/hardware/uavcan_bridge/src/dronecan_bridge_component.cpp:58:10:[m[K [01;36m[Knote: [m[K  candidate expects 3 arguments, 2 provided
[5.087s] gmake[2]: *** [CMakeFiles/dronecan_bridge_component.dir/build.make:76: CMakeFiles/dronecan_bridge_component.dir/src/dronecan_bridge_component.cpp.o] Error 1
[5.087s] gmake[1]: *** [CMakeFiles/Makefile2:139: CMakeFiles/dronecan_bridge_component.dir/all] Error 2
[5.088s] gmake: *** [Makefile:146: all] Error 2
[5.090s] Invoked command in '/home/student/sensor_platform_ws/build/uavcan_bridge' returned '2': CMAKE_PREFIX_PATH=/opt/ros/humble /usr/bin/cmake --build /home/student/sensor_platform_ws/build/uavcan_bridge -- -j8 -l8
