[0.344s] Invoking command in '/home/student/sensor_platform_ws/build/olive_networking': CMAKE_PREFIX_PATH=/opt/ros/humble /usr/bin/cmake --build /home/student/sensor_platform_ws/build/olive_networking -- -j8 -l8
[1.444s] Invoked command in '/home/student/sensor_platform_ws/build/olive_networking' returned '0': CMAKE_PREFIX_PATH=/opt/ros/humble /usr/bin/cmake --build /home/student/sensor_platform_ws/build/olive_networking -- -j8 -l8
[1.814s] Invoking command in '/home/student/sensor_platform_ws/build/olive_networking': CMAKE_PREFIX_PATH=/opt/ros/humble /usr/bin/cmake --install /home/student/sensor_platform_ws/build/olive_networking
[1.855s] -- Install configuration: "Release"
[1.857s] -- Execute custom install script
[1.908s] -- Up-to-date symlink: /home/student/sensor_platform_ws/install/olive_networking/lib/olive_networking/scripts/olive_network_configuration.sh
[1.918s] -- Up-to-date symlink: /home/student/sensor_platform_ws/install/olive_networking/share/olive_networking/udev/99-olive-networking.rules
[1.956s] -- Up-to-date symlink: /home/student/sensor_platform_ws/install/olive_networking/share/ament_index/resource_index/package_run_dependencies/olive_networking
[1.958s] -- Up-to-date symlink: /home/student/sensor_platform_ws/install/olive_networking/share/ament_index/resource_index/parent_prefix_path/olive_networking
[1.960s] -- Up-to-date symlink: /home/student/sensor_platform_ws/install/olive_networking/share/olive_networking/environment/ament_prefix_path.sh
[1.961s] -- Up-to-date symlink: /home/student/sensor_platform_ws/install/olive_networking/share/olive_networking/environment/ament_prefix_path.dsv
[1.962s] -- Up-to-date symlink: /home/student/sensor_platform_ws/install/olive_networking/share/olive_networking/environment/path.sh
[1.963s] -- Up-to-date symlink: /home/student/sensor_platform_ws/install/olive_networking/share/olive_networking/environment/path.dsv
[1.963s] -- Up-to-date symlink: /home/student/sensor_platform_ws/install/olive_networking/share/olive_networking/local_setup.bash
[1.964s] -- Up-to-date symlink: /home/student/sensor_platform_ws/install/olive_networking/share/olive_networking/local_setup.sh
[1.964s] -- Up-to-date symlink: /home/student/sensor_platform_ws/install/olive_networking/share/olive_networking/local_setup.zsh
[1.964s] -- Up-to-date symlink: /home/student/sensor_platform_ws/install/olive_networking/share/olive_networking/local_setup.dsv
[1.965s] -- Symlinking: /home/student/sensor_platform_ws/install/olive_networking/share/olive_networking/package.dsv
[1.971s] -- Up-to-date symlink: /home/student/sensor_platform_ws/install/olive_networking/share/ament_index/resource_index/packages/olive_networking
[1.971s] -- Up-to-date symlink: /home/student/sensor_platform_ws/install/olive_networking/share/olive_networking/cmake/olive_networkingConfig.cmake
[1.972s] -- Up-to-date symlink: /home/student/sensor_platform_ws/install/olive_networking/share/olive_networking/cmake/olive_networkingConfig-version.cmake
[1.972s] -- Up-to-date symlink: /home/student/sensor_platform_ws/install/olive_networking/share/olive_networking/package.xml
[2.534s] Invoked command in '/home/student/sensor_platform_ws/build/olive_networking' returned '0': CMAKE_PREFIX_PATH=/opt/ros/humble /usr/bin/cmake --install /home/student/sensor_platform_ws/build/olive_networking
