[0.007s] Invoking command in '/home/student/sensor_platform_ws/build/platform_processing': CMAKE_PREFIX_PATH=/opt/ros/humble /usr/bin/cmake --build /home/student/sensor_platform_ws/build/platform_processing -- -j8 -l8
[0.023s] -- Found ament_cmake: 1.3.14 (/opt/ros/humble/share/ament_cmake/cmake)
[0.110s] -- Override CMake install command with custom implementation using symlinks instead of copying resources
[0.115s] -- Found rclcpp: 16.0.19 (/opt/ros/humble/share/rclcpp/cmake)
[0.135s] -- Found rosidl_generator_c: 3.1.8 (/opt/ros/humble/share/rosidl_generator_c/cmake)
[0.137s] -- Found rosidl_adapter: 3.1.8 (/opt/ros/humble/share/rosidl_adapter/cmake)
[0.141s] -- Found rosidl_generator_cpp: 3.1.8 (/opt/ros/humble/share/rosidl_generator_cpp/cmake)
[0.148s] -- Using all available rosidl_typesupport_c: rosidl_typesupport_fastrtps_c;rosidl_typesupport_introspection_c
[0.158s] -- Using all available rosidl_typesupport_cpp: rosidl_typesupport_fastrtps_cpp;rosidl_typesupport_introspection_cpp
[0.182s] -- Found rmw_implementation_cmake: 6.1.2 (/opt/ros/humble/share/rmw_implementation_cmake/cmake)
[0.183s] -- Found rmw_fastrtps_cpp: 6.2.10 (/opt/ros/humble/share/rmw_fastrtps_cpp/cmake)
[0.250s] -- Using RMW implementation 'rmw_fastrtps_cpp' as default
[0.289s] -- Found sensor_msgs: 4.9.1 (/opt/ros/humble/share/sensor_msgs/cmake)
[0.312s] -- Found message_filters: 4.3.15 (/opt/ros/humble/share/message_filters/cmake)
[0.314s] -- Found rclcpp_components: 16.0.19 (/opt/ros/humble/share/rclcpp_components/cmake)
[0.328s] -- Found ament_lint_auto: 0.12.15 (/opt/ros/humble/share/ament_lint_auto/cmake)
[0.381s] -- Added test 'cppcheck' to perform static code analysis on C / C++ code
[0.381s] -- Configured cppcheck include dirs: $<BUILD_INTERFACE:/home/student/sensor_platform_ws/src/platform_processing/include>
[0.381s] -- Configured cppcheck exclude dirs and/or files: 
[0.381s] -- Added test 'flake8' to check Python code syntax and style conventions
[0.382s] -- Added test 'lint_cmake' to check CMake code style
[0.382s] -- Added test 'pep257' to check Python code against some of the docstring style conventions in PEP 257
[0.382s] -- Added test 'uncrustify' to check C / C++ code style
[0.382s] -- Configured uncrustify additional arguments: 
[0.383s] -- Added test 'xmllint' to check XML markup files
[0.383s] -- Configuring done
[0.392s] -- Generating done
[0.396s] -- Build files have been written to: /home/student/sensor_platform_ws/build/platform_processing
[0.413s] [35m[1mConsolidate compiler generated dependencies of target imu_sync_node[0m
[0.413s] [35m[1mConsolidate compiler generated dependencies of target imu_sync_component[0m
[0.424s] [ 50%] [32mBuilding CXX object CMakeFiles/imu_sync_component.dir/src/imu_sync_component.cpp.o[0m
[0.424s] [ 75%] Built target imu_sync_node
[8.417s] [100%] [32m[1mLinking CXX shared library libimu_sync_component.so[0m
[8.748s] [100%] Built target imu_sync_component
[8.756s] Invoked command in '/home/student/sensor_platform_ws/build/platform_processing' returned '0': CMAKE_PREFIX_PATH=/opt/ros/humble /usr/bin/cmake --build /home/student/sensor_platform_ws/build/platform_processing -- -j8 -l8
[8.757s] Invoking command in '/home/student/sensor_platform_ws/build/platform_processing': CMAKE_PREFIX_PATH=/opt/ros/humble /usr/bin/cmake --install /home/student/sensor_platform_ws/build/platform_processing
[8.761s] -- Install configuration: ""
[8.761s] -- Execute custom install script
[8.762s] -- Up-to-date symlink: /home/student/sensor_platform_ws/install/platform_processing/lib/platform_processing/imu_sync_node
[8.762s] -- Up-to-date symlink: /home/student/sensor_platform_ws/install/platform_processing/lib/libimu_sync_component.so
[8.762s] -- Up-to-date symlink: /home/student/sensor_platform_ws/install/platform_processing/lib/platform_processing/mock_imu_node.py
[8.762s] -- Up-to-date symlink: /home/student/sensor_platform_ws/install/platform_processing/share/ament_index/resource_index/package_run_dependencies/platform_processing
[8.762s] -- Up-to-date symlink: /home/student/sensor_platform_ws/install/platform_processing/share/ament_index/resource_index/parent_prefix_path/platform_processing
[8.762s] -- Up-to-date symlink: /home/student/sensor_platform_ws/install/platform_processing/share/platform_processing/environment/ament_prefix_path.sh
[8.763s] -- Up-to-date symlink: /home/student/sensor_platform_ws/install/platform_processing/share/platform_processing/environment/ament_prefix_path.dsv
[8.763s] -- Up-to-date symlink: /home/student/sensor_platform_ws/install/platform_processing/share/platform_processing/environment/path.sh
[8.763s] -- Up-to-date symlink: /home/student/sensor_platform_ws/install/platform_processing/share/platform_processing/environment/path.dsv
[8.763s] -- Up-to-date symlink: /home/student/sensor_platform_ws/install/platform_processing/share/platform_processing/local_setup.bash
[8.763s] -- Up-to-date symlink: /home/student/sensor_platform_ws/install/platform_processing/share/platform_processing/local_setup.sh
[8.763s] -- Up-to-date symlink: /home/student/sensor_platform_ws/install/platform_processing/share/platform_processing/local_setup.zsh
[8.763s] -- Up-to-date symlink: /home/student/sensor_platform_ws/install/platform_processing/share/platform_processing/local_setup.dsv
[8.763s] -- Symlinking: /home/student/sensor_platform_ws/install/platform_processing/share/platform_processing/package.dsv
[8.770s] -- Up-to-date symlink: /home/student/sensor_platform_ws/install/platform_processing/share/ament_index/resource_index/packages/platform_processing
[8.770s] -- Up-to-date symlink: /home/student/sensor_platform_ws/install/platform_processing/share/ament_index/resource_index/rclcpp_components/platform_processing
[8.770s] -- Up-to-date symlink: /home/student/sensor_platform_ws/install/platform_processing/share/platform_processing/cmake/platform_processingConfig.cmake
[8.770s] -- Up-to-date symlink: /home/student/sensor_platform_ws/install/platform_processing/share/platform_processing/cmake/platform_processingConfig-version.cmake
[8.770s] -- Up-to-date symlink: /home/student/sensor_platform_ws/install/platform_processing/share/platform_processing/package.xml
[8.772s] Invoked command in '/home/student/sensor_platform_ws/build/platform_processing' returned '0': CMAKE_PREFIX_PATH=/opt/ros/humble /usr/bin/cmake --install /home/student/sensor_platform_ws/build/platform_processing
