-- The C compiler identification is GNU 11.4.0
-- The CXX compiler identification is GNU 11.4.0
-- Detecting C compiler ABI info
-- Detecting C compiler ABI info - done
-- Check for working C compiler: /usr/bin/cc - skipped
-- Detecting C compile features
-- Detecting C compile features - done
-- Detecting CXX compiler ABI info
-- Detecting CXX compiler ABI info - done
-- Check for working CXX compiler: /usr/bin/c++ - skipped
-- Detecting CXX compile features
-- Detecting CXX compile features - done
-- Found ament_cmake: 1.3.14 (/opt/ros/humble/share/ament_cmake/cmake)
-- Found Python3: /usr/bin/python3 (found version "3.10.12") found components: Interpreter 
-- Override CMake install command with custom implementation using symlinks instead of copying resources
-- Found rclcpp: 16.0.19 (/opt/ros/humble/share/rclcpp/cmake)
-- Found rosidl_generator_c: 3.1.8 (/opt/ros/humble/share/rosidl_generator_c/cmake)
-- Found rosidl_adapter: 3.1.8 (/opt/ros/humble/share/rosidl_adapter/cmake)
-- Found rosidl_generator_cpp: 3.1.8 (/opt/ros/humble/share/rosidl_generator_cpp/cmake)
-- Using all available rosidl_typesupport_c: rosidl_typesupport_fastrtps_c;rosidl_typesupport_introspection_c
-- Using all available rosidl_typesupport_cpp: rosidl_typesupport_fastrtps_cpp;rosidl_typesupport_introspection_cpp
-- Found rmw_implementation_cmake: 6.1.2 (/opt/ros/humble/share/rmw_implementation_cmake/cmake)
-- Found rmw_fastrtps_cpp: 6.2.10 (/opt/ros/humble/share/rmw_fastrtps_cpp/cmake)
-- Found OpenSSL: /usr/lib/x86_64-linux-gnu/libcrypto.so (found version "3.0.2")  
-- Found FastRTPS: /opt/ros/humble/include  
-- Using RMW implementation 'rmw_fastrtps_cpp' as default
-- Looking for pthread.h
-- Looking for pthread.h - found
-- Performing Test CMAKE_HAVE_LIBC_PTHREAD
-- Performing Test CMAKE_HAVE_LIBC_PTHREAD - Success
-- Found Threads: TRUE  
-- Found rosbag2_cpp: 0.15.16 (/opt/ros/humble/share/rosbag2_cpp/cmake)
-- Found Boost: /usr/lib/x86_64-linux-gnu/cmake/Boost-1.74.0/BoostConfig.cmake (found version "1.74.0") found components: filesystem 
-- Found sensor_msgs: 4.9.1 (/opt/ros/humble/share/sensor_msgs/cmake)
-- Rerun SDK install version: 0.33.0
-- Found OpenMP_C: -fopenmp (found version "4.5") 
-- Found OpenMP_CXX: -fopenmp (found version "4.5") 
-- Found OpenMP: TRUE (found version "4.5")  
-- OpenMP found will try to link!
-- Configuring done
-- Generating done
-- Build files have been written to: /home/student/sensor_platform_ws/build/allan_variance_ros2
[  1%] [32mBuilding CXX object CMakeFiles/allan_variance_ros2.dir/src/ImuMeasurement.cpp.o[0m
[  1%] [32mBuilding CXX object CMakeFiles/allan_variance_ros2.dir/src/yaml_parsers.cpp.o[0m
[  2%] [34m[1mCreating directories for 'arrow_cpp'[0m
[  2%] [32mBuilding CXX object CMakeFiles/allan_variance_ros2.dir/src/AllanVarianceComputor.cpp.o[0m
[  2%] [34m[1mPerforming download step (download, verify and extract) for 'arrow_cpp'[0m
-- Downloading...
   dst='/home/student/sensor_platform_ws/build/allan_variance_ros2/_deps/rerun_sdk-build/arrow/src/apache-arrow-18.0.0.tar.gz'
   timeout='none'
   inactivity timeout='none'
-- Using src='https://github.com/apache/arrow/releases/download/apache-arrow-18.0.0/apache-arrow-18.0.0.tar.gz'
[  3%] [32m[1mLinking CXX shared library liballan_variance_ros2.so[0m
[  3%] Built target allan_variance_ros2
[  3%] [32mBuilding CXX object CMakeFiles/allan_variance.dir/src/allan_variance.cpp.o[0m
-- verifying file...
       file='/home/student/sensor_platform_ws/build/allan_variance_ros2/_deps/rerun_sdk-build/arrow/src/apache-arrow-18.0.0.tar.gz'
-- Downloading... done
-- extracting...
     src='/home/student/sensor_platform_ws/build/allan_variance_ros2/_deps/rerun_sdk-build/arrow/src/apache-arrow-18.0.0.tar.gz'
     dst='/home/student/sensor_platform_ws/build/allan_variance_ros2/_deps/rerun_sdk-build/arrow/src/arrow_cpp'
-- extracting... [tar xfz]
-- extracting... [analysis]
-- extracting... [rename]
-- extracting... [clean up]
-- extracting... done
[  3%] [34m[1mNo update step for 'arrow_cpp'[0m
[  3%] [34m[1mPerforming patch step for 'arrow_cpp'[0m
[  4%] [34m[1mPerforming configure step for 'arrow_cpp'[0m
[  4%] [32m[1mLinking CXX executable allan_variance[0m
[  4%] Built target allan_variance
-- arrow_cpp configure command succeeded.  See also /home/student/sensor_platform_ws/build/allan_variance_ros2/_deps/rerun_sdk-build/arrow/src/arrow_cpp-stamp/arrow_cpp-configure-*.log
[  4%] [34m[1mPerforming build step for 'arrow_cpp'[0m
-- arrow_cpp build command succeeded.  See also /home/student/sensor_platform_ws/build/allan_variance_ros2/_deps/rerun_sdk-build/arrow/src/arrow_cpp-stamp/arrow_cpp-build-*.log
[  4%] [34m[1mPerforming install step for 'arrow_cpp'[0m
-- arrow_cpp install command succeeded.  See also /home/student/sensor_platform_ws/build/allan_variance_ros2/_deps/rerun_sdk-build/arrow/src/arrow_cpp-stamp/arrow_cpp-install-*.log
[  4%] [34m[1mCompleted 'arrow_cpp'[0m
[  4%] Built target arrow_cpp
[  5%] [32mBuilding CXX object _deps/rerun_sdk-build/CMakeFiles/rerun_sdk.dir/src/rerun/archetypes/arrows2d_ext.cpp.o[0m
[  5%] [32mBuilding CXX object _deps/rerun_sdk-build/CMakeFiles/rerun_sdk.dir/src/rerun/archetypes/arrows2d.cpp.o[0m
[  6%] [32mBuilding CXX object _deps/rerun_sdk-build/CMakeFiles/rerun_sdk.dir/src/rerun/archetypes/arrows3d.cpp.o[0m
[  5%] [32mBuilding CXX object _deps/rerun_sdk-build/CMakeFiles/rerun_sdk.dir/src/rerun/archetypes/annotation_context.cpp.o[0m
[  6%] [32mBuilding CXX object _deps/rerun_sdk-build/CMakeFiles/rerun_sdk.dir/src/rerun/archetypes/asset_video.cpp.o[0m
[  6%] [32mBuilding CXX object _deps/rerun_sdk-build/CMakeFiles/rerun_sdk.dir/src/rerun/archetypes/asset_video_ext.cpp.o[0m
[  7%] [32mBuilding CXX object _deps/rerun_sdk-build/CMakeFiles/rerun_sdk.dir/src/rerun/archetypes/bar_chart.cpp.o[0m
[  7%] [32mBuilding CXX object _deps/rerun_sdk-build/CMakeFiles/rerun_sdk.dir/src/rerun/archetypes/bar_chart_ext.cpp.o[0m
[  8%] [32mBuilding CXX object _deps/rerun_sdk-build/CMakeFiles/rerun_sdk.dir/src/rerun/archetypes/asset3d_ext.cpp.o[0m
[  8%] [32mBuilding CXX object _deps/rerun_sdk-build/CMakeFiles/rerun_sdk.dir/src/rerun/archetypes/boxes2d.cpp.o[0m
[  9%] [32mBuilding CXX object _deps/rerun_sdk-build/CMakeFiles/rerun_sdk.dir/src/rerun/archetypes/boxes2d_ext.cpp.o[0m
[  9%] [32mBuilding CXX object _deps/rerun_sdk-build/CMakeFiles/rerun_sdk.dir/src/rerun/archetypes/boxes3d.cpp.o[0m
[  9%] [32mBuilding CXX object _deps/rerun_sdk-build/CMakeFiles/rerun_sdk.dir/src/rerun/archetypes/boxes3d_ext.cpp.o[0m
[ 10%] [32mBuilding CXX object _deps/rerun_sdk-build/CMakeFiles/rerun_sdk.dir/src/rerun/archetypes/capsules3d.cpp.o[0m
[ 10%] [32mBuilding CXX object _deps/rerun_sdk-build/CMakeFiles/rerun_sdk.dir/src/rerun/archetypes/asset3d.cpp.o[0m
[ 10%] [32mBuilding CXX object _deps/rerun_sdk-build/CMakeFiles/rerun_sdk.dir/src/rerun/archetypes/capsules3d_ext.cpp.o[0m
[ 10%] [32mBuilding CXX object _deps/rerun_sdk-build/CMakeFiles/rerun_sdk.dir/src/rerun/archetypes/arrows3d_ext.cpp.o[0m
[ 11%] [32mBuilding CXX object _deps/rerun_sdk-build/CMakeFiles/rerun_sdk.dir/src/rerun/archetypes/clear.cpp.o[0m
[ 11%] [32mBuilding CXX object _deps/rerun_sdk-build/CMakeFiles/rerun_sdk.dir/src/rerun/archetypes/clear_ext.cpp.o[0m
[ 11%] [32mBuilding CXX object _deps/rerun_sdk-build/CMakeFiles/rerun_sdk.dir/src/rerun/archetypes/coordinate_frame.cpp.o[0m
[ 12%] [32mBuilding CXX object _deps/rerun_sdk-build/CMakeFiles/rerun_sdk.dir/src/rerun/archetypes/cylinders3d.cpp.o[0m
[ 12%] [32mBuilding CXX object _deps/rerun_sdk-build/CMakeFiles/rerun_sdk.dir/src/rerun/archetypes/cylinders3d_ext.cpp.o[0m
[ 12%] [32mBuilding CXX object _deps/rerun_sdk-build/CMakeFiles/rerun_sdk.dir/src/rerun/archetypes/depth_image.cpp.o[0m
[ 13%] [32mBuilding CXX object _deps/rerun_sdk-build/CMakeFiles/rerun_sdk.dir/src/rerun/archetypes/depth_image_ext.cpp.o[0m
[ 13%] [32mBuilding CXX object _deps/rerun_sdk-build/CMakeFiles/rerun_sdk.dir/src/rerun/archetypes/ellipses2d.cpp.o[0m
[ 13%] [32mBuilding CXX object _deps/rerun_sdk-build/CMakeFiles/rerun_sdk.dir/src/rerun/archetypes/ellipses2d_ext.cpp.o[0m
[ 14%] [32mBuilding CXX object _deps/rerun_sdk-build/CMakeFiles/rerun_sdk.dir/src/rerun/archetypes/ellipsoids3d.cpp.o[0m
[ 14%] [32mBuilding CXX object _deps/rerun_sdk-build/CMakeFiles/rerun_sdk.dir/src/rerun/archetypes/ellipsoids3d_ext.cpp.o[0m
[ 14%] [32mBuilding CXX object _deps/rerun_sdk-build/CMakeFiles/rerun_sdk.dir/src/rerun/archetypes/encoded_depth_image.cpp.o[0m
[ 14%] [32mBuilding CXX object _deps/rerun_sdk-build/CMakeFiles/rerun_sdk.dir/src/rerun/archetypes/encoded_image_ext.cpp.o[0m
[ 15%] [32mBuilding CXX object _deps/rerun_sdk-build/CMakeFiles/rerun_sdk.dir/src/rerun/archetypes/encoded_image.cpp.o[0m
[ 16%] [32mBuilding CXX object _deps/rerun_sdk-build/CMakeFiles/rerun_sdk.dir/src/rerun/archetypes/geo_line_strings.cpp.o[0m
[ 16%] [32mBuilding CXX object _deps/rerun_sdk-build/CMakeFiles/rerun_sdk.dir/src/rerun/archetypes/geo_points.cpp.o[0m
[ 16%] [32mBuilding CXX object _deps/rerun_sdk-build/CMakeFiles/rerun_sdk.dir/src/rerun/archetypes/geo_points_ext.cpp.o[0m
[ 17%] [32mBuilding CXX object _deps/rerun_sdk-build/CMakeFiles/rerun_sdk.dir/src/rerun/archetypes/graph_edges.cpp.o[0m
[ 17%] [32mBuilding CXX object _deps/rerun_sdk-build/CMakeFiles/rerun_sdk.dir/src/rerun/archetypes/graph_nodes.cpp.o[0m
[ 17%] [32mBuilding CXX object _deps/rerun_sdk-build/CMakeFiles/rerun_sdk.dir/src/rerun/archetypes/grid_map.cpp.o[0m
[ 18%] [32mBuilding CXX object _deps/rerun_sdk-build/CMakeFiles/rerun_sdk.dir/src/rerun/archetypes/image.cpp.o[0m
[ 18%] [32mBuilding CXX object _deps/rerun_sdk-build/CMakeFiles/rerun_sdk.dir/src/rerun/archetypes/image_ext.cpp.o[0m
[ 18%] [32mBuilding CXX object _deps/rerun_sdk-build/CMakeFiles/rerun_sdk.dir/src/rerun/archetypes/instance_poses3d.cpp.o[0m
[ 19%] [32mBuilding CXX object _deps/rerun_sdk-build/CMakeFiles/rerun_sdk.dir/src/rerun/archetypes/line_strips2d.cpp.o[0m
[ 19%] [32mBuilding CXX object _deps/rerun_sdk-build/CMakeFiles/rerun_sdk.dir/src/rerun/archetypes/line_strips3d.cpp.o[0m
[ 19%] [32mBuilding CXX object _deps/rerun_sdk-build/CMakeFiles/rerun_sdk.dir/src/rerun/archetypes/mcap_channel.cpp.o[0m
[ 20%] [32mBuilding CXX object _deps/rerun_sdk-build/CMakeFiles/rerun_sdk.dir/src/rerun/archetypes/mcap_message.cpp.o[0m
[ 20%] [32mBuilding CXX object _deps/rerun_sdk-build/CMakeFiles/rerun_sdk.dir/src/rerun/archetypes/mcap_schema.cpp.o[0m
[ 20%] [32mBuilding CXX object _deps/rerun_sdk-build/CMakeFiles/rerun_sdk.dir/src/rerun/archetypes/mcap_statistics.cpp.o[0m
[ 21%] [32mBuilding CXX object _deps/rerun_sdk-build/CMakeFiles/rerun_sdk.dir/src/rerun/archetypes/mesh3d.cpp.o[0m
[ 21%] [32mBuilding CXX object _deps/rerun_sdk-build/CMakeFiles/rerun_sdk.dir/src/rerun/archetypes/pinhole.cpp.o[0m
[ 22%] [32mBuilding CXX object _deps/rerun_sdk-build/CMakeFiles/rerun_sdk.dir/src/rerun/archetypes/pinhole_ext.cpp.o[0m
[ 22%] [32mBuilding CXX object _deps/rerun_sdk-build/CMakeFiles/rerun_sdk.dir/src/rerun/archetypes/points2d.cpp.o[0m
[ 22%] [32mBuilding CXX object _deps/rerun_sdk-build/CMakeFiles/rerun_sdk.dir/src/rerun/archetypes/points3d.cpp.o[0m
[ 23%] [32mBuilding CXX object _deps/rerun_sdk-build/CMakeFiles/rerun_sdk.dir/src/rerun/archetypes/recording_info.cpp.o[0m
[ 23%] [32mBuilding CXX object _deps/rerun_sdk-build/CMakeFiles/rerun_sdk.dir/src/rerun/archetypes/scalars.cpp.o[0m
[ 23%] [32mBuilding CXX object _deps/rerun_sdk-build/CMakeFiles/rerun_sdk.dir/src/rerun/archetypes/segmentation_image.cpp.o[0m
[ 24%] [32mBuilding CXX object _deps/rerun_sdk-build/CMakeFiles/rerun_sdk.dir/src/rerun/archetypes/segmentation_image_ext.cpp.o[0m
[ 24%] [32mBuilding CXX object _deps/rerun_sdk-build/CMakeFiles/rerun_sdk.dir/src/rerun/archetypes/series_lines.cpp.o[0m
[ 24%] [32mBuilding CXX object _deps/rerun_sdk-build/CMakeFiles/rerun_sdk.dir/src/rerun/archetypes/series_lines_ext.cpp.o[0m
[ 25%] [32mBuilding CXX object _deps/rerun_sdk-build/CMakeFiles/rerun_sdk.dir/src/rerun/archetypes/series_points.cpp.o[0m
[ 25%] [32mBuilding CXX object _deps/rerun_sdk-build/CMakeFiles/rerun_sdk.dir/src/rerun/archetypes/series_points_ext.cpp.o[0m
[ 25%] [32mBuilding CXX object _deps/rerun_sdk-build/CMakeFiles/rerun_sdk.dir/src/rerun/archetypes/state_change.cpp.o[0m
[ 26%] [32mBuilding CXX object _deps/rerun_sdk-build/CMakeFiles/rerun_sdk.dir/src/rerun/archetypes/state_configuration.cpp.o[0m
[ 26%] [32mBuilding CXX object _deps/rerun_sdk-build/CMakeFiles/rerun_sdk.dir/src/rerun/archetypes/tensor.cpp.o[0m
[ 27%] [32mBuilding CXX object _deps/rerun_sdk-build/CMakeFiles/rerun_sdk.dir/src/rerun/archetypes/tensor_ext.cpp.o[0m
[ 27%] [32mBuilding CXX object _deps/rerun_sdk-build/CMakeFiles/rerun_sdk.dir/src/rerun/archetypes/text_document.cpp.o[0m
[ 27%] [32mBuilding CXX object _deps/rerun_sdk-build/CMakeFiles/rerun_sdk.dir/src/rerun/archetypes/text_log.cpp.o[0m
[ 28%] [32mBuilding CXX object _deps/rerun_sdk-build/CMakeFiles/rerun_sdk.dir/src/rerun/archetypes/transform3d.cpp.o[0m
[ 28%] [32mBuilding CXX object _deps/rerun_sdk-build/CMakeFiles/rerun_sdk.dir/src/rerun/archetypes/transform3d_ext.cpp.o[0m
[ 28%] [32mBuilding CXX object _deps/rerun_sdk-build/CMakeFiles/rerun_sdk.dir/src/rerun/archetypes/transform_axes3d.cpp.o[0m
[ 29%] [32mBuilding CXX object _deps/rerun_sdk-build/CMakeFiles/rerun_sdk.dir/src/rerun/archetypes/video_frame_reference.cpp.o[0m
[ 29%] [32mBuilding CXX object _deps/rerun_sdk-build/CMakeFiles/rerun_sdk.dir/src/rerun/archetypes/video_stream.cpp.o[0m
[ 29%] [32mBuilding CXX object _deps/rerun_sdk-build/CMakeFiles/rerun_sdk.dir/src/rerun/archetypes/view_coordinates.cpp.o[0m
[ 30%] [32mBuilding CXX object _deps/rerun_sdk-build/CMakeFiles/rerun_sdk.dir/src/rerun/archetypes/view_coordinates_ext.cpp.o[0m
[ 30%] [32mBuilding CXX object _deps/rerun_sdk-build/CMakeFiles/rerun_sdk.dir/src/rerun/blueprint/archetypes/active_visualizers.cpp.o[0m
[ 30%] [32mBuilding CXX object _deps/rerun_sdk-build/CMakeFiles/rerun_sdk.dir/src/rerun/blueprint/archetypes/background.cpp.o[0m
[ 31%] [32mBuilding CXX object _deps/rerun_sdk-build/CMakeFiles/rerun_sdk.dir/src/rerun/blueprint/archetypes/container_blueprint.cpp.o[0m
[ 31%] [32mBuilding CXX object _deps/rerun_sdk-build/CMakeFiles/rerun_sdk.dir/src/rerun/blueprint/archetypes/dataframe_query.cpp.o[0m
[ 31%] [32mBuilding CXX object _deps/rerun_sdk-build/CMakeFiles/rerun_sdk.dir/src/rerun/blueprint/archetypes/entity_behavior.cpp.o[0m
[ 32%] [32mBuilding CXX object _deps/rerun_sdk-build/CMakeFiles/rerun_sdk.dir/src/rerun/blueprint/archetypes/eye_controls3d.cpp.o[0m
[ 32%] [32mBuilding CXX object _deps/rerun_sdk-build/CMakeFiles/rerun_sdk.dir/src/rerun/blueprint/archetypes/force_center.cpp.o[0m
[ 33%] [32mBuilding CXX object _deps/rerun_sdk-build/CMakeFiles/rerun_sdk.dir/src/rerun/blueprint/archetypes/force_collision_radius.cpp.o[0m
[ 33%] [32mBuilding CXX object _deps/rerun_sdk-build/CMakeFiles/rerun_sdk.dir/src/rerun/blueprint/archetypes/force_link.cpp.o[0m
[ 33%] [32mBuilding CXX object _deps/rerun_sdk-build/CMakeFiles/rerun_sdk.dir/src/rerun/blueprint/archetypes/force_many_body.cpp.o[0m
[ 34%] [32mBuilding CXX object _deps/rerun_sdk-build/CMakeFiles/rerun_sdk.dir/src/rerun/blueprint/archetypes/force_position.cpp.o[0m
[ 34%] [32mBuilding CXX object _deps/rerun_sdk-build/CMakeFiles/rerun_sdk.dir/src/rerun/blueprint/archetypes/graph_background.cpp.o[0m
[ 34%] [32mBuilding CXX object _deps/rerun_sdk-build/CMakeFiles/rerun_sdk.dir/src/rerun/blueprint/archetypes/line_grid3d.cpp.o[0m
[ 35%] [32mBuilding CXX object _deps/rerun_sdk-build/CMakeFiles/rerun_sdk.dir/src/rerun/blueprint/archetypes/map_background.cpp.o[0m
[ 35%] [32mBuilding CXX object _deps/rerun_sdk-build/CMakeFiles/rerun_sdk.dir/src/rerun/blueprint/archetypes/map_zoom.cpp.o[0m
[ 35%] [32mBuilding CXX object _deps/rerun_sdk-build/CMakeFiles/rerun_sdk.dir/src/rerun/blueprint/archetypes/near_clip_plane.cpp.o[0m
[ 36%] [32mBuilding CXX object _deps/rerun_sdk-build/CMakeFiles/rerun_sdk.dir/src/rerun/blueprint/archetypes/panel_blueprint.cpp.o[0m
[ 36%] [32mBuilding CXX object _deps/rerun_sdk-build/CMakeFiles/rerun_sdk.dir/src/rerun/blueprint/archetypes/plot_background.cpp.o[0m
[ 36%] [32mBuilding CXX object _deps/rerun_sdk-build/CMakeFiles/rerun_sdk.dir/src/rerun/blueprint/archetypes/plot_legend.cpp.o[0m
[ 37%] [32mBuilding CXX object _deps/rerun_sdk-build/CMakeFiles/rerun_sdk.dir/src/rerun/blueprint/archetypes/scalar_axis.cpp.o[0m
[ 37%] [32mBuilding CXX object _deps/rerun_sdk-build/CMakeFiles/rerun_sdk.dir/src/rerun/blueprint/archetypes/spatial_information.cpp.o[0m
[ 38%] [32mBuilding CXX object _deps/rerun_sdk-build/CMakeFiles/rerun_sdk.dir/src/rerun/blueprint/archetypes/table_blueprint.cpp.o[0m
[ 38%] [32mBuilding CXX object _deps/rerun_sdk-build/CMakeFiles/rerun_sdk.dir/src/rerun/blueprint/archetypes/tensor_scalar_mapping.cpp.o[0m
[ 38%] [32mBuilding CXX object _deps/rerun_sdk-build/CMakeFiles/rerun_sdk.dir/src/rerun/blueprint/archetypes/tensor_slice_selection.cpp.o[0m
[ 39%] [32mBuilding CXX object _deps/rerun_sdk-build/CMakeFiles/rerun_sdk.dir/src/rerun/blueprint/archetypes/tensor_view_fit.cpp.o[0m
[ 39%] [32mBuilding CXX object _deps/rerun_sdk-build/CMakeFiles/rerun_sdk.dir/src/rerun/blueprint/archetypes/text_document_format.cpp.o[0m
[ 39%] [32mBuilding CXX object _deps/rerun_sdk-build/CMakeFiles/rerun_sdk.dir/src/rerun/blueprint/archetypes/text_log_columns.cpp.o[0m
[ 40%] [32mBuilding CXX object _deps/rerun_sdk-build/CMakeFiles/rerun_sdk.dir/src/rerun/blueprint/archetypes/text_log_format.cpp.o[0m
[ 40%] [32mBuilding CXX object _deps/rerun_sdk-build/CMakeFiles/rerun_sdk.dir/src/rerun/blueprint/archetypes/text_log_rows.cpp.o[0m
[ 40%] [32mBuilding CXX object _deps/rerun_sdk-build/CMakeFiles/rerun_sdk.dir/src/rerun/blueprint/archetypes/time_axis.cpp.o[0m
[ 41%] [32mBuilding CXX object _deps/rerun_sdk-build/CMakeFiles/rerun_sdk.dir/src/rerun/blueprint/archetypes/time_panel_blueprint.cpp.o[0m
[ 41%] [32mBuilding CXX object _deps/rerun_sdk-build/CMakeFiles/rerun_sdk.dir/src/rerun/blueprint/archetypes/view_blueprint.cpp.o[0m
[ 41%] [32mBuilding CXX object _deps/rerun_sdk-build/CMakeFiles/rerun_sdk.dir/src/rerun/blueprint/archetypes/view_contents.cpp.o[0m
[ 42%] [32mBuilding CXX object _deps/rerun_sdk-build/CMakeFiles/rerun_sdk.dir/src/rerun/blueprint/archetypes/viewport_blueprint.cpp.o[0m
[ 42%] [32mBuilding CXX object _deps/rerun_sdk-build/CMakeFiles/rerun_sdk.dir/src/rerun/blueprint/archetypes/visible_time_ranges.cpp.o[0m
[ 42%] [32mBuilding CXX object _deps/rerun_sdk-build/CMakeFiles/rerun_sdk.dir/src/rerun/blueprint/archetypes/visual_bounds2d.cpp.o[0m
[ 43%] [32mBuilding CXX object _deps/rerun_sdk-build/CMakeFiles/rerun_sdk.dir/src/rerun/blueprint/archetypes/visualizer_instruction.cpp.o[0m
[ 43%] [32mBuilding CXX object _deps/rerun_sdk-build/CMakeFiles/rerun_sdk.dir/src/rerun/blueprint/components/background_kind.cpp.o[0m
[ 44%] [32mBuilding CXX object _deps/rerun_sdk-build/CMakeFiles/rerun_sdk.dir/src/rerun/blueprint/components/column_order.cpp.o[0m
[ 44%] [32mBuilding CXX object _deps/rerun_sdk-build/CMakeFiles/rerun_sdk.dir/src/rerun/blueprint/components/container_kind.cpp.o[0m
[ 44%] [32mBuilding CXX object _deps/rerun_sdk-build/CMakeFiles/rerun_sdk.dir/src/rerun/blueprint/components/corner2d.cpp.o[0m
[ 45%] [32mBuilding CXX object _deps/rerun_sdk-build/CMakeFiles/rerun_sdk.dir/src/rerun/blueprint/components/eye3d_kind.cpp.o[0m
[ 45%] [32mBuilding CXX object _deps/rerun_sdk-build/CMakeFiles/rerun_sdk.dir/src/rerun/blueprint/components/link_axis.cpp.o[0m
[ 45%] [32mBuilding CXX object _deps/rerun_sdk-build/CMakeFiles/rerun_sdk.dir/src/rerun/blueprint/components/loop_mode.cpp.o[0m
[ 46%] [32mBuilding CXX object _deps/rerun_sdk-build/CMakeFiles/rerun_sdk.dir/src/rerun/blueprint/components/map_provider.cpp.o[0m
[ 46%] [32mBuilding CXX object _deps/rerun_sdk-build/CMakeFiles/rerun_sdk.dir/src/rerun/blueprint/components/panel_state.cpp.o[0m
[ 46%] [32mBuilding CXX object _deps/rerun_sdk-build/CMakeFiles/rerun_sdk.dir/src/rerun/blueprint/components/play_state.cpp.o[0m
[ 47%] [32mBuilding CXX object _deps/rerun_sdk-build/CMakeFiles/rerun_sdk.dir/src/rerun/blueprint/components/view_fit.cpp.o[0m
[ 47%] [32mBuilding CXX object _deps/rerun_sdk-build/CMakeFiles/rerun_sdk.dir/src/rerun/blueprint/datatypes/component_column_selector.cpp.o[0m
[ 47%] [32mBuilding CXX object _deps/rerun_sdk-build/CMakeFiles/rerun_sdk.dir/src/rerun/blueprint/datatypes/component_source_kind.cpp.o[0m
[ 48%] [32mBuilding CXX object _deps/rerun_sdk-build/CMakeFiles/rerun_sdk.dir/src/rerun/blueprint/datatypes/filter_by_range.cpp.o[0m
[ 48%] [32mBuilding CXX object _deps/rerun_sdk-build/CMakeFiles/rerun_sdk.dir/src/rerun/blueprint/datatypes/filter_is_not_null.cpp.o[0m
[ 49%] [32mBuilding CXX object _deps/rerun_sdk-build/CMakeFiles/rerun_sdk.dir/src/rerun/blueprint/datatypes/selected_columns.cpp.o[0m
[ 49%] [32mBuilding CXX object _deps/rerun_sdk-build/CMakeFiles/rerun_sdk.dir/src/rerun/blueprint/datatypes/tensor_dimension_index_slider.cpp.o[0m
[ 49%] [32mBuilding CXX object _deps/rerun_sdk-build/CMakeFiles/rerun_sdk.dir/src/rerun/blueprint/datatypes/text_log_column.cpp.o[0m
[ 50%] [32mBuilding CXX object _deps/rerun_sdk-build/CMakeFiles/rerun_sdk.dir/src/rerun/blueprint/datatypes/text_log_column_kind.cpp.o[0m
[ 50%] [32mBuilding CXX object _deps/rerun_sdk-build/CMakeFiles/rerun_sdk.dir/src/rerun/blueprint/datatypes/timeline_column.cpp.o[0m
[ 50%] [32mBuilding CXX object _deps/rerun_sdk-build/CMakeFiles/rerun_sdk.dir/src/rerun/blueprint/datatypes/visualizer_component_mapping.cpp.o[0m
[ 51%] [32mBuilding CXX object _deps/rerun_sdk-build/CMakeFiles/rerun_sdk.dir/src/rerun/component_batch.cpp.o[0m
[ 51%] [32mBuilding CXX object _deps/rerun_sdk-build/CMakeFiles/rerun_sdk.dir/src/rerun/component_column.cpp.o[0m
[ 51%] [32mBuilding CXX object _deps/rerun_sdk-build/CMakeFiles/rerun_sdk.dir/src/rerun/component_type.cpp.o[0m
[ 52%] [32mBuilding CXX object _deps/rerun_sdk-build/CMakeFiles/rerun_sdk.dir/src/rerun/component_type_registry.cpp.o[0m
[ 52%] [32mBuilding CXX object _deps/rerun_sdk-build/CMakeFiles/rerun_sdk.dir/src/rerun/components/aggregation_policy.cpp.o[0m
[ 52%] [32mBuilding CXX object _deps/rerun_sdk-build/CMakeFiles/rerun_sdk.dir/src/rerun/components/annotation_context.cpp.o[0m
[ 53%] [32mBuilding CXX object _deps/rerun_sdk-build/CMakeFiles/rerun_sdk.dir/src/rerun/components/annotation_context_ext.cpp.o[0m
[ 53%] [32mBuilding CXX object _deps/rerun_sdk-build/CMakeFiles/rerun_sdk.dir/src/rerun/components/channel_message_counts.cpp.o[0m
[ 53%] [32mBuilding CXX object _deps/rerun_sdk-build/CMakeFiles/rerun_sdk.dir/src/rerun/components/color_ext.cpp.o[0m
[ 54%] [32mBuilding CXX object _deps/rerun_sdk-build/CMakeFiles/rerun_sdk.dir/src/rerun/components/colormap.cpp.o[0m
[ 54%] [32mBuilding CXX object _deps/rerun_sdk-build/CMakeFiles/rerun_sdk.dir/src/rerun/components/entity_path_ext.cpp.o[0m
[ 55%] [32mBuilding CXX object _deps/rerun_sdk-build/CMakeFiles/rerun_sdk.dir/src/rerun/components/fill_mode.cpp.o[0m
[ 55%] [32mBuilding CXX object _deps/rerun_sdk-build/CMakeFiles/rerun_sdk.dir/src/rerun/components/geo_line_string.cpp.o[0m
[ 55%] [32mBuilding CXX object _deps/rerun_sdk-build/CMakeFiles/rerun_sdk.dir/src/rerun/components/geo_line_string_ext.cpp.o[0m
[ 56%] [32mBuilding CXX object _deps/rerun_sdk-build/CMakeFiles/rerun_sdk.dir/src/rerun/components/graph_edge_ext.cpp.o[0m
[ 56%] [32mBuilding CXX object _deps/rerun_sdk-build/CMakeFiles/rerun_sdk.dir/src/rerun/components/graph_node_ext.cpp.o[0m
[ 56%] [32mBuilding CXX object _deps/rerun_sdk-build/CMakeFiles/rerun_sdk.dir/src/rerun/components/graph_type.cpp.o[0m
[ 57%] [32mBuilding CXX object _deps/rerun_sdk-build/CMakeFiles/rerun_sdk.dir/src/rerun/components/half_size2d_ext.cpp.o[0m
[ 57%] [32mBuilding CXX object _deps/rerun_sdk-build/CMakeFiles/rerun_sdk.dir/src/rerun/components/half_size3d_ext.cpp.o[0m
[ 57%] [32mBuilding CXX object _deps/rerun_sdk-build/CMakeFiles/rerun_sdk.dir/src/rerun/components/image_buffer_ext.cpp.o[0m
[ 58%] [32mBuilding CXX object _deps/rerun_sdk-build/CMakeFiles/rerun_sdk.dir/src/rerun/components/image_format_ext.cpp.o[0m
[ 58%] [32mBuilding CXX object _deps/rerun_sdk-build/CMakeFiles/rerun_sdk.dir/src/rerun/components/interpolation_mode.cpp.o[0m
[ 58%] [32mBuilding CXX object _deps/rerun_sdk-build/CMakeFiles/rerun_sdk.dir/src/rerun/components/key_value_pairs.cpp.o[0m
[ 59%] [32mBuilding CXX object _deps/rerun_sdk-build/CMakeFiles/rerun_sdk.dir/src/rerun/components/lat_lon_ext.cpp.o[0m
[ 59%] [32mBuilding CXX object _deps/rerun_sdk-build/CMakeFiles/rerun_sdk.dir/src/rerun/components/line_strip2d.cpp.o[0m
[ 59%] [32mBuilding CXX object _deps/rerun_sdk-build/CMakeFiles/rerun_sdk.dir/src/rerun/components/line_strip3d.cpp.o[0m
[ 60%] [32mBuilding CXX object _deps/rerun_sdk-build/CMakeFiles/rerun_sdk.dir/src/rerun/components/magnification_filter.cpp.o[0m
[ 60%] [32mBuilding CXX object _deps/rerun_sdk-build/CMakeFiles/rerun_sdk.dir/src/rerun/components/marker_shape.cpp.o[0m
[ 61%] [32mBuilding CXX object _deps/rerun_sdk-build/CMakeFiles/rerun_sdk.dir/src/rerun/components/media_type_ext.cpp.o[0m
[ 61%] [32mBuilding CXX object _deps/rerun_sdk-build/CMakeFiles/rerun_sdk.dir/src/rerun/components/mesh_face_rendering.cpp.o[0m
[ 61%] [32mBuilding CXX object _deps/rerun_sdk-build/CMakeFiles/rerun_sdk.dir/src/rerun/components/name_ext.cpp.o[0m
[ 62%] [32mBuilding CXX object _deps/rerun_sdk-build/CMakeFiles/rerun_sdk.dir/src/rerun/components/pinhole_projection_ext.cpp.o[0m
[ 62%] [32mBuilding CXX object _deps/rerun_sdk-build/CMakeFiles/rerun_sdk.dir/src/rerun/components/position2d_ext.cpp.o[0m
[ 62%] [32mBuilding CXX object _deps/rerun_sdk-build/CMakeFiles/rerun_sdk.dir/src/rerun/components/position3d_ext.cpp.o[0m
[ 63%] [32mBuilding CXX object _deps/rerun_sdk-build/CMakeFiles/rerun_sdk.dir/src/rerun/components/radius_ext.cpp.o[0m
[ 63%] [32mBuilding CXX object _deps/rerun_sdk-build/CMakeFiles/rerun_sdk.dir/src/rerun/components/resolution_ext.cpp.o[0m
[ 63%] [32mBuilding CXX object _deps/rerun_sdk-build/CMakeFiles/rerun_sdk.dir/src/rerun/components/scale3d_ext.cpp.o[0m
[ 64%] [32mBuilding CXX object _deps/rerun_sdk-build/CMakeFiles/rerun_sdk.dir/src/rerun/components/tensor_data_ext.cpp.o[0m
[ 64%] [32mBuilding CXX object _deps/rerun_sdk-build/CMakeFiles/rerun_sdk.dir/src/rerun/components/texcoord2d_ext.cpp.o[0m
[ 64%] [32mBuilding CXX object _deps/rerun_sdk-build/CMakeFiles/rerun_sdk.dir/src/rerun/components/text_ext.cpp.o[0m
[ 65%] [32mBuilding CXX object _deps/rerun_sdk-build/CMakeFiles/rerun_sdk.dir/src/rerun/components/text_log_level_ext.cpp.o[0m
[ 65%] [32mBuilding CXX object _deps/rerun_sdk-build/CMakeFiles/rerun_sdk.dir/src/rerun/components/transform_frame_id_ext.cpp.o[0m
[ 66%] [32mBuilding CXX object _deps/rerun_sdk-build/CMakeFiles/rerun_sdk.dir/src/rerun/components/transform_mat3x3_ext.cpp.o[0m
[ 66%] [32mBuilding CXX object _deps/rerun_sdk-build/CMakeFiles/rerun_sdk.dir/src/rerun/components/transform_relation.cpp.o[0m
[ 66%] [32mBuilding CXX object _deps/rerun_sdk-build/CMakeFiles/rerun_sdk.dir/src/rerun/components/translation3d_ext.cpp.o[0m
[ 67%] [32mBuilding CXX object _deps/rerun_sdk-build/CMakeFiles/rerun_sdk.dir/src/rerun/components/triangle_indices_ext.cpp.o[0m
[ 67%] [32mBuilding CXX object _deps/rerun_sdk-build/CMakeFiles/rerun_sdk.dir/src/rerun/components/vector2d_ext.cpp.o[0m
[ 67%] [32mBuilding CXX object _deps/rerun_sdk-build/CMakeFiles/rerun_sdk.dir/src/rerun/components/vector3d_ext.cpp.o[0m
[ 68%] [32mBuilding CXX object _deps/rerun_sdk-build/CMakeFiles/rerun_sdk.dir/src/rerun/components/video_codec.cpp.o[0m
[ 68%] [32mBuilding CXX object _deps/rerun_sdk-build/CMakeFiles/rerun_sdk.dir/src/rerun/components/video_timestamp_ext.cpp.o[0m
[ 68%] [32mBuilding CXX object _deps/rerun_sdk-build/CMakeFiles/rerun_sdk.dir/src/rerun/components/view_coordinates_ext.cpp.o[0m
[ 69%] [32mBuilding CXX object _deps/rerun_sdk-build/CMakeFiles/rerun_sdk.dir/src/rerun/config.cpp.o[0m
[ 69%] [32mBuilding CXX object _deps/rerun_sdk-build/CMakeFiles/rerun_sdk.dir/src/rerun/datatypes/absolute_time_range.cpp.o[0m
[ 69%] [32mBuilding CXX object _deps/rerun_sdk-build/CMakeFiles/rerun_sdk.dir/src/rerun/datatypes/angle.cpp.o[0m
[ 70%] [32mBuilding CXX object _deps/rerun_sdk-build/CMakeFiles/rerun_sdk.dir/src/rerun/datatypes/angle_ext.cpp.o[0m
[ 70%] [32mBuilding CXX object _deps/rerun_sdk-build/CMakeFiles/rerun_sdk.dir/src/rerun/datatypes/annotation_info.cpp.o[0m
[ 70%] [32mBuilding CXX object _deps/rerun_sdk-build/CMakeFiles/rerun_sdk.dir/src/rerun/datatypes/annotation_info_ext.cpp.o[0m
[ 71%] [32mBuilding CXX object _deps/rerun_sdk-build/CMakeFiles/rerun_sdk.dir/src/rerun/datatypes/blob.cpp.o[0m
[ 71%] [32mBuilding CXX object _deps/rerun_sdk-build/CMakeFiles/rerun_sdk.dir/src/rerun/datatypes/blob_ext.cpp.o[0m
[ 72%] [32mBuilding CXX object _deps/rerun_sdk-build/CMakeFiles/rerun_sdk.dir/src/rerun/datatypes/bool.cpp.o[0m
[ 72%] [32mBuilding CXX object _deps/rerun_sdk-build/CMakeFiles/rerun_sdk.dir/src/rerun/datatypes/channel_count_pair.cpp.o[0m
[ 72%] [32mBuilding CXX object _deps/rerun_sdk-build/CMakeFiles/rerun_sdk.dir/src/rerun/datatypes/channel_datatype.cpp.o[0m
[ 73%] [32mBuilding CXX object _deps/rerun_sdk-build/CMakeFiles/rerun_sdk.dir/src/rerun/datatypes/class_description.cpp.o[0m
[ 73%] [32mBuilding CXX object _deps/rerun_sdk-build/CMakeFiles/rerun_sdk.dir/src/rerun/datatypes/class_description_ext.cpp.o[0m
[ 73%] [32mBuilding CXX object _deps/rerun_sdk-build/CMakeFiles/rerun_sdk.dir/src/rerun/datatypes/class_description_map_elem.cpp.o[0m
[ 74%] [32mBuilding CXX object _deps/rerun_sdk-build/CMakeFiles/rerun_sdk.dir/src/rerun/datatypes/class_description_map_elem_ext.cpp.o[0m
[ 74%] [32mBuilding CXX object _deps/rerun_sdk-build/CMakeFiles/rerun_sdk.dir/src/rerun/datatypes/class_id.cpp.o[0m
[ 74%] [32mBuilding CXX object _deps/rerun_sdk-build/CMakeFiles/rerun_sdk.dir/src/rerun/datatypes/color_model.cpp.o[0m
[ 75%] [32mBuilding CXX object _deps/rerun_sdk-build/CMakeFiles/rerun_sdk.dir/src/rerun/datatypes/dvec2d.cpp.o[0m
[ 75%] [32mBuilding CXX object _deps/rerun_sdk-build/CMakeFiles/rerun_sdk.dir/src/rerun/datatypes/dvec2d_ext.cpp.o[0m
[ 75%] [32mBuilding CXX object _deps/rerun_sdk-build/CMakeFiles/rerun_sdk.dir/src/rerun/datatypes/entity_path.cpp.o[0m
[ 76%] [32mBuilding CXX object _deps/rerun_sdk-build/CMakeFiles/rerun_sdk.dir/src/rerun/datatypes/float32.cpp.o[0m
[ 76%] [32mBuilding CXX object _deps/rerun_sdk-build/CMakeFiles/rerun_sdk.dir/src/rerun/datatypes/float64.cpp.o[0m
[ 77%] [32mBuilding CXX object _deps/rerun_sdk-build/CMakeFiles/rerun_sdk.dir/src/rerun/datatypes/image_format.cpp.o[0m
[ 77%] [32mBuilding CXX object _deps/rerun_sdk-build/CMakeFiles/rerun_sdk.dir/src/rerun/datatypes/image_format_ext.cpp.o[0m
[ 77%] [32mBuilding CXX object _deps/rerun_sdk-build/CMakeFiles/rerun_sdk.dir/src/rerun/datatypes/keypoint_id.cpp.o[0m
[ 78%] [32mBuilding CXX object _deps/rerun_sdk-build/CMakeFiles/rerun_sdk.dir/src/rerun/datatypes/keypoint_pair.cpp.o[0m
[ 78%] [32mBuilding CXX object _deps/rerun_sdk-build/CMakeFiles/rerun_sdk.dir/src/rerun/datatypes/keypoint_pair_ext.cpp.o[0m
[ 78%] [32mBuilding CXX object _deps/rerun_sdk-build/CMakeFiles/rerun_sdk.dir/src/rerun/datatypes/mat3x3.cpp.o[0m
[ 79%] [32mBuilding CXX object _deps/rerun_sdk-build/CMakeFiles/rerun_sdk.dir/src/rerun/datatypes/mat3x3_ext.cpp.o[0m
[ 79%] [32mBuilding CXX object _deps/rerun_sdk-build/CMakeFiles/rerun_sdk.dir/src/rerun/datatypes/mat4x4.cpp.o[0m
[ 79%] [32mBuilding CXX object _deps/rerun_sdk-build/CMakeFiles/rerun_sdk.dir/src/rerun/datatypes/mat4x4_ext.cpp.o[0m
[ 80%] [32mBuilding CXX object _deps/rerun_sdk-build/CMakeFiles/rerun_sdk.dir/src/rerun/datatypes/pixel_format.cpp.o[0m
[ 80%] [32mBuilding CXX object _deps/rerun_sdk-build/CMakeFiles/rerun_sdk.dir/src/rerun/datatypes/plane3d.cpp.o[0m
[ 80%] [32mBuilding CXX object _deps/rerun_sdk-build/CMakeFiles/rerun_sdk.dir/src/rerun/datatypes/quaternion.cpp.o[0m
[ 81%] [32mBuilding CXX object _deps/rerun_sdk-build/CMakeFiles/rerun_sdk.dir/src/rerun/datatypes/quaternion_ext.cpp.o[0m
[ 81%] [32mBuilding CXX object _deps/rerun_sdk-build/CMakeFiles/rerun_sdk.dir/src/rerun/datatypes/range1d.cpp.o[0m
[ 81%] [32mBuilding CXX object _deps/rerun_sdk-build/CMakeFiles/rerun_sdk.dir/src/rerun/datatypes/range2d.cpp.o[0m
[ 82%] [32mBuilding CXX object _deps/rerun_sdk-build/CMakeFiles/rerun_sdk.dir/src/rerun/datatypes/rgba32.cpp.o[0m
[ 82%] [32mBuilding CXX object _deps/rerun_sdk-build/CMakeFiles/rerun_sdk.dir/src/rerun/datatypes/rgba32_ext.cpp.o[0m
[ 83%] [32mBuilding CXX object _deps/rerun_sdk-build/CMakeFiles/rerun_sdk.dir/src/rerun/datatypes/rotation_axis_angle.cpp.o[0m
[ 83%] [32mBuilding CXX object _deps/rerun_sdk-build/CMakeFiles/rerun_sdk.dir/src/rerun/datatypes/rotation_axis_angle_ext.cpp.o[0m
[ 83%] [32mBuilding CXX object _deps/rerun_sdk-build/CMakeFiles/rerun_sdk.dir/src/rerun/datatypes/tensor_buffer.cpp.o[0m
[ 84%] [32mBuilding CXX object _deps/rerun_sdk-build/CMakeFiles/rerun_sdk.dir/src/rerun/datatypes/tensor_buffer_ext.cpp.o[0m
[ 84%] [32mBuilding CXX object _deps/rerun_sdk-build/CMakeFiles/rerun_sdk.dir/src/rerun/datatypes/tensor_data.cpp.o[0m
[ 84%] [32mBuilding CXX object _deps/rerun_sdk-build/CMakeFiles/rerun_sdk.dir/src/rerun/datatypes/tensor_data_ext.cpp.o[0m
[ 85%] [32mBuilding CXX object _deps/rerun_sdk-build/CMakeFiles/rerun_sdk.dir/src/rerun/datatypes/tensor_dimension_index_selection.cpp.o[0m
[ 85%] [32mBuilding CXX object _deps/rerun_sdk-build/CMakeFiles/rerun_sdk.dir/src/rerun/datatypes/tensor_dimension_selection.cpp.o[0m
[ 85%] [32mBuilding CXX object _deps/rerun_sdk-build/CMakeFiles/rerun_sdk.dir/src/rerun/datatypes/time_int.cpp.o[0m
[ 86%] [32mBuilding CXX object _deps/rerun_sdk-build/CMakeFiles/rerun_sdk.dir/src/rerun/datatypes/time_range.cpp.o[0m
[ 86%] [32mBuilding CXX object _deps/rerun_sdk-build/CMakeFiles/rerun_sdk.dir/src/rerun/datatypes/time_range_boundary.cpp.o[0m
[ 86%] [32mBuilding CXX object _deps/rerun_sdk-build/CMakeFiles/rerun_sdk.dir/src/rerun/datatypes/uint16.cpp.o[0m
[ 87%] [32mBuilding CXX object _deps/rerun_sdk-build/CMakeFiles/rerun_sdk.dir/src/rerun/datatypes/uint32.cpp.o[0m
[ 87%] [32mBuilding CXX object _deps/rerun_sdk-build/CMakeFiles/rerun_sdk.dir/src/rerun/datatypes/uint64.cpp.o[0m
[ 88%] [32mBuilding CXX object _deps/rerun_sdk-build/CMakeFiles/rerun_sdk.dir/src/rerun/datatypes/utf8.cpp.o[0m
[ 88%] [32mBuilding CXX object _deps/rerun_sdk-build/CMakeFiles/rerun_sdk.dir/src/rerun/datatypes/utf8_ext.cpp.o[0m
[ 88%] [32mBuilding CXX object _deps/rerun_sdk-build/CMakeFiles/rerun_sdk.dir/src/rerun/datatypes/utf8pair.cpp.o[0m
[ 88%] [32mBuilding CXX object _deps/rerun_sdk-build/CMakeFiles/rerun_sdk.dir/src/rerun/datatypes/uuid.cpp.o[0m
[ 89%] [32mBuilding CXX object _deps/rerun_sdk-build/CMakeFiles/rerun_sdk.dir/src/rerun/datatypes/utf8pair_ext.cpp.o[0m
[ 89%] [32mBuilding CXX object _deps/rerun_sdk-build/CMakeFiles/rerun_sdk.dir/src/rerun/datatypes/uvec2d.cpp.o[0m
[ 90%] [32mBuilding CXX object _deps/rerun_sdk-build/CMakeFiles/rerun_sdk.dir/src/rerun/datatypes/uvec2d_ext.cpp.o[0m
[ 90%] [32mBuilding CXX object _deps/rerun_sdk-build/CMakeFiles/rerun_sdk.dir/src/rerun/datatypes/uvec3d.cpp.o[0m
[ 90%] [32mBuilding CXX object _deps/rerun_sdk-build/CMakeFiles/rerun_sdk.dir/src/rerun/datatypes/uvec3d_ext.cpp.o[0m
[ 91%] [32mBuilding CXX object _deps/rerun_sdk-build/CMakeFiles/rerun_sdk.dir/src/rerun/datatypes/uvec4d.cpp.o[0m
[ 91%] [32mBuilding CXX object _deps/rerun_sdk-build/CMakeFiles/rerun_sdk.dir/src/rerun/datatypes/vec2d.cpp.o[0m
[ 91%] [32mBuilding CXX object _deps/rerun_sdk-build/CMakeFiles/rerun_sdk.dir/src/rerun/datatypes/vec2d_ext.cpp.o[0m
[ 92%] [32mBuilding CXX object _deps/rerun_sdk-build/CMakeFiles/rerun_sdk.dir/src/rerun/datatypes/vec3d.cpp.o[0m
[ 92%] [32mBuilding CXX object _deps/rerun_sdk-build/CMakeFiles/rerun_sdk.dir/src/rerun/datatypes/vec3d_ext.cpp.o[0m
[ 92%] [32mBuilding CXX object _deps/rerun_sdk-build/CMakeFiles/rerun_sdk.dir/src/rerun/datatypes/vec4d.cpp.o[0m
[ 93%] [32mBuilding CXX object _deps/rerun_sdk-build/CMakeFiles/rerun_sdk.dir/src/rerun/datatypes/vec4d_ext.cpp.o[0m
[ 93%] [32mBuilding CXX object _deps/rerun_sdk-build/CMakeFiles/rerun_sdk.dir/src/rerun/datatypes/video_timestamp.cpp.o[0m
[ 94%] [32mBuilding CXX object _deps/rerun_sdk-build/CMakeFiles/rerun_sdk.dir/src/rerun/datatypes/view_coordinates.cpp.o[0m
[ 94%] [32mBuilding CXX object _deps/rerun_sdk-build/CMakeFiles/rerun_sdk.dir/src/rerun/recording_stream.cpp.o[0m
[ 94%] [32mBuilding CXX object _deps/rerun_sdk-build/CMakeFiles/rerun_sdk.dir/src/rerun/sdk_info.cpp.o[0m
[ 95%] [32mBuilding CXX object _deps/rerun_sdk-build/CMakeFiles/rerun_sdk.dir/src/rerun/spawn.cpp.o[0m
[ 95%] [32mBuilding CXX object _deps/rerun_sdk-build/CMakeFiles/rerun_sdk.dir/src/rerun/spawn_options.cpp.o[0m
[ 95%] [32mBuilding CXX object _deps/rerun_sdk-build/CMakeFiles/rerun_sdk.dir/src/rerun/string_utils.cpp.o[0m
[ 96%] [32mBuilding CXX object _deps/rerun_sdk-build/CMakeFiles/rerun_sdk.dir/src/rerun/time_column.cpp.o[0m
[ 96%] [32mBuilding CXX object _deps/rerun_sdk-build/CMakeFiles/rerun_sdk.dir/src/rerun/timeline.cpp.o[0m
[ 97%] [32mBuilding CXX object _deps/rerun_sdk-build/CMakeFiles/rerun_sdk.dir/src/rerun/log_sink.cpp.o[0m
[ 97%] [32mBuilding CXX object _deps/rerun_sdk-build/CMakeFiles/rerun_sdk.dir/src/rerun/error.cpp.o[0m
[ 98%] [32mBuilding CXX object _deps/rerun_sdk-build/CMakeFiles/rerun_sdk.dir/src/rerun/entity_path.cpp.o[0m
[ 98%] [32mBuilding CXX object _deps/rerun_sdk-build/CMakeFiles/rerun_sdk.dir/src/rerun/demo_utils.cpp.o[0m
[ 98%] [32mBuilding CXX object _deps/rerun_sdk-build/CMakeFiles/rerun_sdk.dir/src/rerun/datatypes/visible_time_range.cpp.o[0m
[ 98%] [32mBuilding CXX object _deps/rerun_sdk-build/CMakeFiles/rerun_sdk.dir/src/rerun/datatypes/view_coordinates_ext.cpp.o[0m
[ 99%] [32m[1mLinking CXX static library librerun_sdk.a[0m
[ 99%] Built target rerun_sdk
[100%] [32mBuilding CXX object CMakeFiles/plot_imu.dir/src/plot_imu.cpp.o[0m
