[0.114s] Invoking command in '/home/student/sensor_platform_ws/build/ntrip': CMAKE_PREFIX_PATH=/opt/ros/humble /usr/bin/cmake --build /home/student/sensor_platform_ws/build/ntrip -- -j8 -l8
[5.052s] [ 60%] Built target ntrip_lib
[5.184s] [100%] Built target ntrip
[5.192s] Invoked command in '/home/student/sensor_platform_ws/build/ntrip' returned '0': CMAKE_PREFIX_PATH=/opt/ros/humble /usr/bin/cmake --build /home/student/sensor_platform_ws/build/ntrip -- -j8 -l8
[5.247s] Invoking command in '/home/student/sensor_platform_ws/build/ntrip': CMAKE_PREFIX_PATH=/opt/ros/humble /usr/bin/cmake --install /home/student/sensor_platform_ws/build/ntrip
[5.271s] -- Install configuration: "Release"
[5.315s] -- Execute custom install script
[5.380s] -- Up-to-date symlink: /home/student/sensor_platform_ws/install/ntrip/lib/libntrip_lib.a
[5.382s] -- Up-to-date symlink: /home/student/sensor_platform_ws/install/ntrip/lib/ntrip/ntrip
[5.407s] -- Up-to-date symlink: /home/student/sensor_platform_ws/install/ntrip/share/ntrip/config/ntrip-param.yaml
[5.408s] -- Up-to-date symlink: /home/student/sensor_platform_ws/install/ntrip/share/ntrip/launch/ntrip_launch.py
[5.411s] -- Up-to-date symlink: /home/student/sensor_platform_ws/install/ntrip/include//ntrip_client/ntrip_client.h
[5.411s] -- Up-to-date symlink: /home/student/sensor_platform_ws/install/ntrip/include//ntrip_client/rtcm_parser.h
[5.412s] -- Up-to-date symlink: /home/student/sensor_platform_ws/install/ntrip/share/ament_index/resource_index/package_run_dependencies/ntrip
[5.413s] -- Up-to-date symlink: /home/student/sensor_platform_ws/install/ntrip/share/ament_index/resource_index/parent_prefix_path/ntrip
[5.413s] -- Up-to-date symlink: /home/student/sensor_platform_ws/install/ntrip/share/ntrip/environment/ament_prefix_path.sh
[5.414s] -- Up-to-date symlink: /home/student/sensor_platform_ws/install/ntrip/share/ntrip/environment/ament_prefix_path.dsv
[5.414s] -- Up-to-date symlink: /home/student/sensor_platform_ws/install/ntrip/share/ntrip/environment/path.sh
[5.415s] -- Up-to-date symlink: /home/student/sensor_platform_ws/install/ntrip/share/ntrip/environment/path.dsv
[5.416s] -- Up-to-date symlink: /home/student/sensor_platform_ws/install/ntrip/share/ntrip/local_setup.bash
[5.416s] -- Up-to-date symlink: /home/student/sensor_platform_ws/install/ntrip/share/ntrip/local_setup.sh
[5.417s] -- Up-to-date symlink: /home/student/sensor_platform_ws/install/ntrip/share/ntrip/local_setup.zsh
[5.417s] -- Up-to-date symlink: /home/student/sensor_platform_ws/install/ntrip/share/ntrip/local_setup.dsv
[5.418s] -- Symlinking: /home/student/sensor_platform_ws/install/ntrip/share/ntrip/package.dsv
[5.429s] -- Up-to-date symlink: /home/student/sensor_platform_ws/install/ntrip/share/ament_index/resource_index/packages/ntrip
[5.430s] -- Up-to-date symlink: /home/student/sensor_platform_ws/install/ntrip/share/ntrip/cmake/ntripConfig.cmake
[5.438s] -- Up-to-date symlink: /home/student/sensor_platform_ws/install/ntrip/share/ntrip/cmake/ntripConfig-version.cmake
[5.440s] -- Up-to-date symlink: /home/student/sensor_platform_ws/install/ntrip/share/ntrip/package.xml
[5.523s] Invoked command in '/home/student/sensor_platform_ws/build/ntrip' returned '0': CMAKE_PREFIX_PATH=/opt/ros/humble /usr/bin/cmake --install /home/student/sensor_platform_ws/build/ntrip
