[0.376s] Invoking command in '/home/student/sensor_platform_ws/build/platform_interfaces': CMAKE_PREFIX_PATH=/opt/ros/humble /usr/bin/cmake --build /home/student/sensor_platform_ws/build/platform_interfaces -- -j8 -l8
[1.117s] Invoked command in '/home/student/sensor_platform_ws/build/platform_interfaces' returned '0': CMAKE_PREFIX_PATH=/opt/ros/humble /usr/bin/cmake --build /home/student/sensor_platform_ws/build/platform_interfaces -- -j8 -l8
[1.422s] Invoking command in '/home/student/sensor_platform_ws/build/platform_interfaces': CMAKE_PREFIX_PATH=/opt/ros/humble /usr/bin/cmake --install /home/student/sensor_platform_ws/build/platform_interfaces
[1.797s] -- Install configuration: "Release"
[1.797s] -- Execute custom install script
[1.797s] -- Up-to-date symlink: /home/student/sensor_platform_ws/install/platform_interfaces/share/ament_index/resource_index/package_run_dependencies/platform_interfaces
[1.797s] -- Up-to-date symlink: /home/student/sensor_platform_ws/install/platform_interfaces/share/ament_index/resource_index/parent_prefix_path/platform_interfaces
[1.798s] -- Up-to-date symlink: /home/student/sensor_platform_ws/install/platform_interfaces/share/platform_interfaces/environment/ament_prefix_path.sh
[1.798s] -- Up-to-date symlink: /home/student/sensor_platform_ws/install/platform_interfaces/share/platform_interfaces/environment/ament_prefix_path.dsv
[1.798s] -- Up-to-date symlink: /home/student/sensor_platform_ws/install/platform_interfaces/share/platform_interfaces/environment/path.sh
[1.798s] -- Up-to-date symlink: /home/student/sensor_platform_ws/install/platform_interfaces/share/platform_interfaces/environment/path.dsv
[1.798s] -- Up-to-date symlink: /home/student/sensor_platform_ws/install/platform_interfaces/share/platform_interfaces/local_setup.bash
[1.798s] -- Up-to-date symlink: /home/student/sensor_platform_ws/install/platform_interfaces/share/platform_interfaces/local_setup.sh
[1.798s] -- Up-to-date symlink: /home/student/sensor_platform_ws/install/platform_interfaces/share/platform_interfaces/local_setup.zsh
[1.798s] -- Up-to-date symlink: /home/student/sensor_platform_ws/install/platform_interfaces/share/platform_interfaces/local_setup.dsv
[1.798s] -- Symlinking: /home/student/sensor_platform_ws/install/platform_interfaces/share/platform_interfaces/package.dsv
[1.799s] -- Up-to-date symlink: /home/student/sensor_platform_ws/install/platform_interfaces/share/ament_index/resource_index/packages/platform_interfaces
[1.799s] -- Up-to-date symlink: /home/student/sensor_platform_ws/install/platform_interfaces/share/platform_interfaces/cmake/platform_interfacesConfig.cmake
[1.799s] -- Up-to-date symlink: /home/student/sensor_platform_ws/install/platform_interfaces/share/platform_interfaces/cmake/platform_interfacesConfig-version.cmake
[1.799s] -- Up-to-date symlink: /home/student/sensor_platform_ws/install/platform_interfaces/share/platform_interfaces/package.xml
[2.492s] Invoked command in '/home/student/sensor_platform_ws/build/platform_interfaces' returned '0': CMAKE_PREFIX_PATH=/opt/ros/humble /usr/bin/cmake --install /home/student/sensor_platform_ws/build/platform_interfaces
