-- Found ament_cmake: 1.3.14 (/opt/ros/humble/share/ament_cmake/cmake)
-- Override CMake install command with custom implementation using symlinks instead of copying resources
-- Found ament_lint_auto: 0.12.15 (/opt/ros/humble/share/ament_lint_auto/cmake)
-- Added test 'lint_cmake' to check CMake code style
-- Added test 'xmllint' to check XML markup files
-- Configuring done
-- Generating done
-- Build files have been written to: /home/student/sensor_platform_ws/build/platform_description
-- Install configuration: ""
-- Execute custom install script
-- Symlinking: /home/student/sensor_platform_ws/install/platform_description/share/ament_index/resource_index/package_run_dependencies/platform_description
-- Symlinking: /home/student/sensor_platform_ws/install/platform_description/share/ament_index/resource_index/parent_prefix_path/platform_description
-- Symlinking: /home/student/sensor_platform_ws/install/platform_description/share/platform_description/environment/ament_prefix_path.sh
-- Symlinking: /home/student/sensor_platform_ws/install/platform_description/share/platform_description/environment/ament_prefix_path.dsv
-- Symlinking: /home/student/sensor_platform_ws/install/platform_description/share/platform_description/environment/path.sh
-- Symlinking: /home/student/sensor_platform_ws/install/platform_description/share/platform_description/environment/path.dsv
-- Symlinking: /home/student/sensor_platform_ws/install/platform_description/share/platform_description/local_setup.bash
-- Symlinking: /home/student/sensor_platform_ws/install/platform_description/share/platform_description/local_setup.sh
-- Symlinking: /home/student/sensor_platform_ws/install/platform_description/share/platform_description/local_setup.zsh
-- Symlinking: /home/student/sensor_platform_ws/install/platform_description/share/platform_description/local_setup.dsv
-- Symlinking: /home/student/sensor_platform_ws/install/platform_description/share/platform_description/package.dsv
-- Symlinking: /home/student/sensor_platform_ws/install/platform_description/share/ament_index/resource_index/packages/platform_description
-- Symlinking: /home/student/sensor_platform_ws/install/platform_description/share/platform_description/cmake/platform_descriptionConfig.cmake
-- Symlinking: /home/student/sensor_platform_ws/install/platform_description/share/platform_description/cmake/platform_descriptionConfig-version.cmake
-- Symlinking: /home/student/sensor_platform_ws/install/platform_description/share/platform_description/package.xml
