[0.151s] Invoking command in '/home/student/sensor_platform_ws/build/platform_description': CMAKE_PREFIX_PATH=/opt/ros/humble /usr/bin/cmake /home/student/sensor_platform_ws/src/platform_description -DAMENT_CMAKE_SYMLINK_INSTALL=1 -DCMAKE_INSTALL_PREFIX=/home/student/sensor_platform_ws/install/platform_description
[0.997s] -- Found ament_cmake: 1.3.14 (/opt/ros/humble/share/ament_cmake/cmake)
[1.547s] -- Override CMake install command with custom implementation using symlinks instead of copying resources
[1.666s] -- Found ament_lint_auto: 0.12.15 (/opt/ros/humble/share/ament_lint_auto/cmake)
[1.918s] -- Added test 'lint_cmake' to check CMake code style
[1.919s] -- Added test 'xmllint' to check XML markup files
[1.922s] -- Configuring done
[1.936s] -- Generating done
[1.941s] -- Build files have been written to: /home/student/sensor_platform_ws/build/platform_description
[1.946s] Invoked command in '/home/student/sensor_platform_ws/build/platform_description' returned '0': CMAKE_PREFIX_PATH=/opt/ros/humble /usr/bin/cmake /home/student/sensor_platform_ws/src/platform_description -DAMENT_CMAKE_SYMLINK_INSTALL=1 -DCMAKE_INSTALL_PREFIX=/home/student/sensor_platform_ws/install/platform_description
[1.948s] Invoking command in '/home/student/sensor_platform_ws/build/platform_description': CMAKE_PREFIX_PATH=/opt/ros/humble /usr/bin/cmake --build /home/student/sensor_platform_ws/build/platform_description -- -j8 -l8
[1.992s] Invoked command in '/home/student/sensor_platform_ws/build/platform_description' returned '0': CMAKE_PREFIX_PATH=/opt/ros/humble /usr/bin/cmake --build /home/student/sensor_platform_ws/build/platform_description -- -j8 -l8
[1.994s] Invoking command in '/home/student/sensor_platform_ws/build/platform_description': CMAKE_PREFIX_PATH=/opt/ros/humble /usr/bin/cmake --install /home/student/sensor_platform_ws/build/platform_description
[1.999s] -- Install configuration: ""
[1.999s] -- Execute custom install script
[2.010s] -- Symlinking: /home/student/sensor_platform_ws/install/platform_description/share/ament_index/resource_index/package_run_dependencies/platform_description
[2.019s] -- Symlinking: /home/student/sensor_platform_ws/install/platform_description/share/ament_index/resource_index/parent_prefix_path/platform_description
[2.026s] -- Symlinking: /home/student/sensor_platform_ws/install/platform_description/share/platform_description/environment/ament_prefix_path.sh
[2.033s] -- Symlinking: /home/student/sensor_platform_ws/install/platform_description/share/platform_description/environment/ament_prefix_path.dsv
[2.039s] -- Symlinking: /home/student/sensor_platform_ws/install/platform_description/share/platform_description/environment/path.sh
[2.046s] -- Symlinking: /home/student/sensor_platform_ws/install/platform_description/share/platform_description/environment/path.dsv
[2.052s] -- Symlinking: /home/student/sensor_platform_ws/install/platform_description/share/platform_description/local_setup.bash
[2.059s] -- Symlinking: /home/student/sensor_platform_ws/install/platform_description/share/platform_description/local_setup.sh
[2.066s] -- Symlinking: /home/student/sensor_platform_ws/install/platform_description/share/platform_description/local_setup.zsh
[2.071s] -- Symlinking: /home/student/sensor_platform_ws/install/platform_description/share/platform_description/local_setup.dsv
[2.077s] -- Symlinking: /home/student/sensor_platform_ws/install/platform_description/share/platform_description/package.dsv
[2.084s] -- Symlinking: /home/student/sensor_platform_ws/install/platform_description/share/ament_index/resource_index/packages/platform_description
[2.091s] -- Symlinking: /home/student/sensor_platform_ws/install/platform_description/share/platform_description/cmake/platform_descriptionConfig.cmake
[2.097s] -- Symlinking: /home/student/sensor_platform_ws/install/platform_description/share/platform_description/cmake/platform_descriptionConfig-version.cmake
[2.102s] -- Symlinking: /home/student/sensor_platform_ws/install/platform_description/share/platform_description/package.xml
[2.109s] Invoked command in '/home/student/sensor_platform_ws/build/platform_description' returned '0': CMAKE_PREFIX_PATH=/opt/ros/humble /usr/bin/cmake --install /home/student/sensor_platform_ws/build/platform_description
