[0.019s] Invoking command in '/home/student/sensor_platform_ws/build/platform_bringup': CMAKE_PREFIX_PATH=${CMAKE_PREFIX_PATH}:/opt/ros/humble /usr/bin/cmake /home/student/sensor_platform_ws/src/platform_bringup -DCMAKE_INSTALL_PREFIX=/home/student/sensor_platform_ws/install/platform_bringup
[0.032s] -- Found ament_cmake: 1.3.14 (/opt/ros/humble/share/ament_cmake/cmake)
[0.139s] -- Override CMake install command with custom implementation using symlinks instead of copying resources
[0.143s] -- Found ament_lint_auto: 0.12.15 (/opt/ros/humble/share/ament_lint_auto/cmake)
[0.201s] -- Added test 'flake8' to check Python code syntax and style conventions
[0.201s] -- Added test 'lint_cmake' to check CMake code style
[0.202s] -- Added test 'pep257' to check Python code against some of the docstring style conventions in PEP 257
[0.202s] -- Added test 'xmllint' to check XML markup files
[0.203s] -- Configuring done
[0.205s] -- Generating done
[0.206s] -- Build files have been written to: /home/student/sensor_platform_ws/build/platform_bringup
[0.209s] Invoked command in '/home/student/sensor_platform_ws/build/platform_bringup' returned '0': CMAKE_PREFIX_PATH=${CMAKE_PREFIX_PATH}:/opt/ros/humble /usr/bin/cmake /home/student/sensor_platform_ws/src/platform_bringup -DCMAKE_INSTALL_PREFIX=/home/student/sensor_platform_ws/install/platform_bringup
[0.210s] Invoking command in '/home/student/sensor_platform_ws/build/platform_bringup': CMAKE_PREFIX_PATH=${CMAKE_PREFIX_PATH}:/opt/ros/humble /usr/bin/cmake --build /home/student/sensor_platform_ws/build/platform_bringup -- -j8 -l8
[0.238s] Invoked command in '/home/student/sensor_platform_ws/build/platform_bringup' returned '0': CMAKE_PREFIX_PATH=${CMAKE_PREFIX_PATH}:/opt/ros/humble /usr/bin/cmake --build /home/student/sensor_platform_ws/build/platform_bringup -- -j8 -l8
[0.246s] Invoking command in '/home/student/sensor_platform_ws/build/platform_bringup': CMAKE_PREFIX_PATH=${CMAKE_PREFIX_PATH}:/opt/ros/humble /usr/bin/cmake --install /home/student/sensor_platform_ws/build/platform_bringup
[0.251s] -- Install configuration: ""
[0.251s] -- Execute custom install script
[0.251s] -- Up-to-date symlink: /home/student/sensor_platform_ws/install/platform_bringup/share/platform_bringup/launch/test_sync.launch.py
[0.251s] -- Up-to-date symlink: /home/student/sensor_platform_ws/install/platform_bringup/share/ament_index/resource_index/package_run_dependencies/platform_bringup
[0.251s] -- Up-to-date symlink: /home/student/sensor_platform_ws/install/platform_bringup/share/ament_index/resource_index/parent_prefix_path/platform_bringup
[0.251s] -- Up-to-date symlink: /home/student/sensor_platform_ws/install/platform_bringup/share/platform_bringup/environment/ament_prefix_path.sh
[0.252s] -- Up-to-date symlink: /home/student/sensor_platform_ws/install/platform_bringup/share/platform_bringup/environment/ament_prefix_path.dsv
[0.252s] -- Up-to-date symlink: /home/student/sensor_platform_ws/install/platform_bringup/share/platform_bringup/environment/path.sh
[0.254s] -- Up-to-date symlink: /home/student/sensor_platform_ws/install/platform_bringup/share/platform_bringup/environment/path.dsv
[0.254s] -- Up-to-date symlink: /home/student/sensor_platform_ws/install/platform_bringup/share/platform_bringup/local_setup.bash
[0.254s] -- Up-to-date symlink: /home/student/sensor_platform_ws/install/platform_bringup/share/platform_bringup/local_setup.sh
[0.254s] -- Up-to-date symlink: /home/student/sensor_platform_ws/install/platform_bringup/share/platform_bringup/local_setup.zsh
[0.254s] -- Up-to-date symlink: /home/student/sensor_platform_ws/install/platform_bringup/share/platform_bringup/local_setup.dsv
[0.254s] -- Symlinking: /home/student/sensor_platform_ws/install/platform_bringup/share/platform_bringup/package.dsv
[0.260s] -- Up-to-date symlink: /home/student/sensor_platform_ws/install/platform_bringup/share/ament_index/resource_index/packages/platform_bringup
[0.264s] -- Up-to-date symlink: /home/student/sensor_platform_ws/install/platform_bringup/share/platform_bringup/cmake/platform_bringupConfig.cmake
[0.264s] -- Up-to-date symlink: /home/student/sensor_platform_ws/install/platform_bringup/share/platform_bringup/cmake/platform_bringupConfig-version.cmake
[0.264s] -- Up-to-date symlink: /home/student/sensor_platform_ws/install/platform_bringup/share/platform_bringup/package.xml
[0.264s] Invoked command in '/home/student/sensor_platform_ws/build/platform_bringup' returned '0': CMAKE_PREFIX_PATH=${CMAKE_PREFIX_PATH}:/opt/ros/humble /usr/bin/cmake --install /home/student/sensor_platform_ws/build/platform_bringup
