[0.074s] Invoking command in '/home/student/sensor_platform_ws/build/olive_networking': CMAKE_PREFIX_PATH=/opt/ros/humble /usr/bin/cmake /home/student/sensor_platform_ws/src/olive_networking -DAMENT_CMAKE_SYMLINK_INSTALL=1 -DCMAKE_INSTALL_PREFIX=/home/student/sensor_platform_ws/install/olive_networking
[1.263s] -- The C compiler identification is GNU 11.4.0
[1.813s] -- The CXX compiler identification is GNU 11.4.0
[1.864s] -- Detecting C compiler ABI info
[2.188s] -- Detecting C compiler ABI info - done
[2.202s] -- Check for working C compiler: /usr/bin/cc - skipped
[2.202s] -- Detecting C compile features
[2.212s] -- Detecting C compile features - done
[2.217s] -- Detecting CXX compiler ABI info
[2.346s] -- Detecting CXX compiler ABI info - done
[2.356s] -- Check for working CXX compiler: /usr/bin/c++ - skipped
[2.356s] -- Detecting CXX compile features
[2.357s] -- Detecting CXX compile features - done
[2.442s] -- Found ament_cmake: 1.3.14 (/opt/ros/humble/share/ament_cmake/cmake)
[2.833s] -- Found Python3: /usr/bin/python3 (found version "3.10.12") found components: Interpreter 
[2.906s] -- Override CMake install command with custom implementation using symlinks instead of copying resources
[2.983s] -- Found ament_lint_auto: 0.12.15 (/opt/ros/humble/share/ament_lint_auto/cmake)
[3.178s] -- Added test 'lint_cmake' to check CMake code style
[3.186s] -- Added test 'xmllint' to check XML markup files
[3.192s] -- Configuring done
[3.201s] -- Generating done
[3.206s] -- Build files have been written to: /home/student/sensor_platform_ws/build/olive_networking
[3.241s] Invoked command in '/home/student/sensor_platform_ws/build/olive_networking' returned '0': CMAKE_PREFIX_PATH=/opt/ros/humble /usr/bin/cmake /home/student/sensor_platform_ws/src/olive_networking -DAMENT_CMAKE_SYMLINK_INSTALL=1 -DCMAKE_INSTALL_PREFIX=/home/student/sensor_platform_ws/install/olive_networking
[3.252s] Invoking command in '/home/student/sensor_platform_ws/build/olive_networking': CMAKE_PREFIX_PATH=/opt/ros/humble /usr/bin/cmake --build /home/student/sensor_platform_ws/build/olive_networking -- -j8 -l8
[3.344s] Invoked command in '/home/student/sensor_platform_ws/build/olive_networking' returned '0': CMAKE_PREFIX_PATH=/opt/ros/humble /usr/bin/cmake --build /home/student/sensor_platform_ws/build/olive_networking -- -j8 -l8
[3.346s] Invoking command in '/home/student/sensor_platform_ws/build/olive_networking': CMAKE_PREFIX_PATH=/opt/ros/humble /usr/bin/cmake --install /home/student/sensor_platform_ws/build/olive_networking
[3.356s] -- Install configuration: ""
[3.356s] -- Execute custom install script
[3.357s] -- Symlinking: /home/student/sensor_platform_ws/install/olive_networking/share/ament_index/resource_index/package_run_dependencies/olive_networking
[3.369s] -- Symlinking: /home/student/sensor_platform_ws/install/olive_networking/share/ament_index/resource_index/parent_prefix_path/olive_networking
[3.379s] -- Symlinking: /home/student/sensor_platform_ws/install/olive_networking/share/olive_networking/environment/ament_prefix_path.sh
[3.387s] -- Symlinking: /home/student/sensor_platform_ws/install/olive_networking/share/olive_networking/environment/ament_prefix_path.dsv
[3.397s] -- Symlinking: /home/student/sensor_platform_ws/install/olive_networking/share/olive_networking/environment/path.sh
[3.405s] -- Symlinking: /home/student/sensor_platform_ws/install/olive_networking/share/olive_networking/environment/path.dsv
[3.414s] -- Symlinking: /home/student/sensor_platform_ws/install/olive_networking/share/olive_networking/local_setup.bash
[3.423s] -- Symlinking: /home/student/sensor_platform_ws/install/olive_networking/share/olive_networking/local_setup.sh
[3.432s] -- Symlinking: /home/student/sensor_platform_ws/install/olive_networking/share/olive_networking/local_setup.zsh
[3.442s] -- Symlinking: /home/student/sensor_platform_ws/install/olive_networking/share/olive_networking/local_setup.dsv
[3.450s] -- Symlinking: /home/student/sensor_platform_ws/install/olive_networking/share/olive_networking/package.dsv
[3.459s] -- Symlinking: /home/student/sensor_platform_ws/install/olive_networking/share/ament_index/resource_index/packages/olive_networking
[3.468s] -- Symlinking: /home/student/sensor_platform_ws/install/olive_networking/share/olive_networking/cmake/olive_networkingConfig.cmake
[3.476s] -- Symlinking: /home/student/sensor_platform_ws/install/olive_networking/share/olive_networking/cmake/olive_networkingConfig-version.cmake
[3.485s] -- Symlinking: /home/student/sensor_platform_ws/install/olive_networking/share/olive_networking/package.xml
[3.737s] Invoked command in '/home/student/sensor_platform_ws/build/olive_networking' returned '0': CMAKE_PREFIX_PATH=/opt/ros/humble /usr/bin/cmake --install /home/student/sensor_platform_ws/build/olive_networking
