-- Downloading...
   dst='/home/student/sensor_platform_ws/build/allan_variance_ros2/_deps/rerun_sdk-build/arrow/src/arrow_cpp-build/mimalloc_ep-prefix/src/v2.0.6.tar.gz'
   timeout='none'
   inactivity timeout='none'
-- Using src='https://github.com/microsoft/mimalloc/archive/v2.0.6.tar.gz'
-- [download 1% complete]
-- [download 2% complete]
-- [download 4% complete]
-- [download 5% complete]
-- [download 7% complete]
-- [download 9% complete]
-- [download 12% complete]
-- [download 13% complete]
-- [download 15% complete]
-- [download 16% complete]
-- [download 18% complete]
-- [download 21% complete]
-- [download 22% complete]
-- [download 24% complete]
-- [download 25% complete]
-- [download 27% complete]
-- [download 28% complete]
-- [download 29% complete]
-- [download 31% complete]
-- [download 34% complete]
-- [download 36% complete]
-- [download 41% complete]
-- [download 42% complete]
-- [download 43% complete]
-- [download 45% complete]
-- [download 46% complete]
-- [download 47% complete]
-- [download 48% complete]
-- [download 51% complete]
-- [download 52% complete]
-- [download 53% complete]
-- [download 56% complete]
-- [download 59% complete]
-- [download 61% complete]
-- [download 62% complete]
-- [download 63% complete]
-- [download 67% complete]
-- [download 69% complete]
-- [download 72% complete]
-- [download 74% complete]
-- [download 75% complete]
-- [download 76% complete]
-- [download 78% complete]
-- [download 81% complete]
-- [download 83% complete]
-- [download 84% complete]
-- [download 91% complete]
-- [download 92% complete]
-- [download 93% complete]
-- [download 97% complete]
-- [download 98% complete]
-- [download 99% complete]
-- [download 100% complete]
-- verifying file...
       file='/home/student/sensor_platform_ws/build/allan_variance_ros2/_deps/rerun_sdk-build/arrow/src/arrow_cpp-build/mimalloc_ep-prefix/src/v2.0.6.tar.gz'
-- Downloading... done
-- extracting...
     src='/home/student/sensor_platform_ws/build/allan_variance_ros2/_deps/rerun_sdk-build/arrow/src/arrow_cpp-build/mimalloc_ep-prefix/src/v2.0.6.tar.gz'
     dst='/home/student/sensor_platform_ws/build/allan_variance_ros2/_deps/rerun_sdk-build/arrow/src/arrow_cpp-build/mimalloc_ep-prefix/src/mimalloc_ep'
-- extracting... [tar xfz]
-- extracting... [analysis]
-- extracting... [rename]
-- extracting... [clean up]
-- extracting... done
