-- Found ament_cmake: 1.3.14 (/opt/ros/humble/share/ament_cmake/cmake)
-- Override CMake install command with custom implementation using symlinks instead of copying resources
-- Found ament_lint_auto: 0.12.15 (/opt/ros/humble/share/ament_lint_auto/cmake)
-- Added test 'flake8' to check Python code syntax and style conventions
-- Added test 'lint_cmake' to check CMake code style
-- Added test 'pep257' to check Python code against some of the docstring style conventions in PEP 257
-- Added test 'xmllint' to check XML markup files
-- Configuring done
-- Generating done
-- Build files have been written to: /home/student/sensor_platform_ws/build/platform_description
-- Install configuration: "Release"
-- Execute custom install script
-- Symlinking: /home/student/sensor_platform_ws/install/platform_description/share/platform_description/urdf/sensor_platform.urdf.xacro
-- Symlinking: /home/student/sensor_platform_ws/install/platform_description/share/platform_description/launch/display.launch.py
-- Up-to-date symlink: /home/student/sensor_platform_ws/install/platform_description/share/ament_index/resource_index/package_run_dependencies/platform_description
-- Up-to-date symlink: /home/student/sensor_platform_ws/install/platform_description/share/ament_index/resource_index/parent_prefix_path/platform_description
-- Up-to-date symlink: /home/student/sensor_platform_ws/install/platform_description/share/platform_description/environment/ament_prefix_path.sh
-- Up-to-date symlink: /home/student/sensor_platform_ws/install/platform_description/share/platform_description/environment/ament_prefix_path.dsv
-- Up-to-date symlink: /home/student/sensor_platform_ws/install/platform_description/share/platform_description/environment/path.sh
-- Up-to-date symlink: /home/student/sensor_platform_ws/install/platform_description/share/platform_description/environment/path.dsv
-- Up-to-date symlink: /home/student/sensor_platform_ws/install/platform_description/share/platform_description/local_setup.bash
-- Up-to-date symlink: /home/student/sensor_platform_ws/install/platform_description/share/platform_description/local_setup.sh
-- Up-to-date symlink: /home/student/sensor_platform_ws/install/platform_description/share/platform_description/local_setup.zsh
-- Up-to-date symlink: /home/student/sensor_platform_ws/install/platform_description/share/platform_description/local_setup.dsv
-- Symlinking: /home/student/sensor_platform_ws/install/platform_description/share/platform_description/package.dsv
-- Up-to-date symlink: /home/student/sensor_platform_ws/install/platform_description/share/ament_index/resource_index/packages/platform_description
-- Up-to-date symlink: /home/student/sensor_platform_ws/install/platform_description/share/platform_description/cmake/platform_descriptionConfig.cmake
-- Up-to-date symlink: /home/student/sensor_platform_ws/install/platform_description/share/platform_description/cmake/platform_descriptionConfig-version.cmake
-- Up-to-date symlink: /home/student/sensor_platform_ws/install/platform_description/share/platform_description/package.xml
