[0.122s] Invoking command in '/home/student/sensor_platform_ws/build/platform_description': CMAKE_PREFIX_PATH=/opt/ros/humble /usr/bin/cmake /home/student/sensor_platform_ws/src/platform_description -DAMENT_CMAKE_SYMLINK_INSTALL=1 -DCMAKE_INSTALL_PREFIX=/home/student/sensor_platform_ws/install/platform_description
[0.488s] -- Found ament_cmake: 1.3.14 (/opt/ros/humble/share/ament_cmake/cmake)
[0.770s] -- Override CMake install command with custom implementation using symlinks instead of copying resources
[0.865s] -- Found ament_lint_auto: 0.12.15 (/opt/ros/humble/share/ament_lint_auto/cmake)
[0.968s] -- Added test 'flake8' to check Python code syntax and style conventions
[0.969s] -- Added test 'lint_cmake' to check CMake code style
[0.970s] -- Added test 'pep257' to check Python code against some of the docstring style conventions in PEP 257
[0.971s] -- Added test 'xmllint' to check XML markup files
[0.974s] -- Configuring done
[1.010s] -- Generating done
[1.048s] -- Build files have been written to: /home/student/sensor_platform_ws/build/platform_description
[1.071s] Invoked command in '/home/student/sensor_platform_ws/build/platform_description' returned '0': CMAKE_PREFIX_PATH=/opt/ros/humble /usr/bin/cmake /home/student/sensor_platform_ws/src/platform_description -DAMENT_CMAKE_SYMLINK_INSTALL=1 -DCMAKE_INSTALL_PREFIX=/home/student/sensor_platform_ws/install/platform_description
[1.078s] Invoking command in '/home/student/sensor_platform_ws/build/platform_description': CMAKE_PREFIX_PATH=/opt/ros/humble /usr/bin/cmake --build /home/student/sensor_platform_ws/build/platform_description -- -j8 -l8
[1.143s] Invoked command in '/home/student/sensor_platform_ws/build/platform_description' returned '0': CMAKE_PREFIX_PATH=/opt/ros/humble /usr/bin/cmake --build /home/student/sensor_platform_ws/build/platform_description -- -j8 -l8
[1.184s] Invoking command in '/home/student/sensor_platform_ws/build/platform_description': CMAKE_PREFIX_PATH=/opt/ros/humble /usr/bin/cmake --install /home/student/sensor_platform_ws/build/platform_description
[1.205s] -- Install configuration: "Release"
[1.206s] -- Execute custom install script
[1.207s] -- Symlinking: /home/student/sensor_platform_ws/install/platform_description/share/platform_description/urdf/sensor_platform.urdf.xacro
[1.233s] -- Symlinking: /home/student/sensor_platform_ws/install/platform_description/share/platform_description/launch/display.launch.py
[1.259s] -- Up-to-date symlink: /home/student/sensor_platform_ws/install/platform_description/share/ament_index/resource_index/package_run_dependencies/platform_description
[1.260s] -- Up-to-date symlink: /home/student/sensor_platform_ws/install/platform_description/share/ament_index/resource_index/parent_prefix_path/platform_description
[1.260s] -- Up-to-date symlink: /home/student/sensor_platform_ws/install/platform_description/share/platform_description/environment/ament_prefix_path.sh
[1.261s] -- Up-to-date symlink: /home/student/sensor_platform_ws/install/platform_description/share/platform_description/environment/ament_prefix_path.dsv
[1.261s] -- Up-to-date symlink: /home/student/sensor_platform_ws/install/platform_description/share/platform_description/environment/path.sh
[1.262s] -- Up-to-date symlink: /home/student/sensor_platform_ws/install/platform_description/share/platform_description/environment/path.dsv
[1.263s] -- Up-to-date symlink: /home/student/sensor_platform_ws/install/platform_description/share/platform_description/local_setup.bash
[1.263s] -- Up-to-date symlink: /home/student/sensor_platform_ws/install/platform_description/share/platform_description/local_setup.sh
[1.263s] -- Up-to-date symlink: /home/student/sensor_platform_ws/install/platform_description/share/platform_description/local_setup.zsh
[1.264s] -- Up-to-date symlink: /home/student/sensor_platform_ws/install/platform_description/share/platform_description/local_setup.dsv
[1.264s] -- Symlinking: /home/student/sensor_platform_ws/install/platform_description/share/platform_description/package.dsv
[1.290s] -- Up-to-date symlink: /home/student/sensor_platform_ws/install/platform_description/share/ament_index/resource_index/packages/platform_description
[1.291s] -- Up-to-date symlink: /home/student/sensor_platform_ws/install/platform_description/share/platform_description/cmake/platform_descriptionConfig.cmake
[1.291s] -- Up-to-date symlink: /home/student/sensor_platform_ws/install/platform_description/share/platform_description/cmake/platform_descriptionConfig-version.cmake
[1.292s] -- Up-to-date symlink: /home/student/sensor_platform_ws/install/platform_description/share/platform_description/package.xml
[1.297s] Invoked command in '/home/student/sensor_platform_ws/build/platform_description' returned '0': CMAKE_PREFIX_PATH=/opt/ros/humble /usr/bin/cmake --install /home/student/sensor_platform_ws/build/platform_description
