[0.160s] Invoking command in '/home/student/sensor_platform_ws/build/platform_description': CMAKE_PREFIX_PATH=/opt/ros/humble /usr/bin/cmake /home/student/sensor_platform_ws/src/platform_description -DCMAKE_BUILD_TYPE=Release -DAMENT_CMAKE_SYMLINK_INSTALL=1 -DCMAKE_INSTALL_PREFIX=/home/student/sensor_platform_ws/install/platform_description
[0.714s] -- Found ament_cmake: 1.3.14 (/opt/ros/humble/share/ament_cmake/cmake)
[1.537s] -- Override CMake install command with custom implementation using symlinks instead of copying resources
[2.142s] -- Found ament_lint_auto: 0.12.15 (/opt/ros/humble/share/ament_lint_auto/cmake)
[2.746s] -- Added test 'lint_cmake' to check CMake code style
[2.772s] -- Added test 'xmllint' to check XML markup files
[2.779s] -- Configuring done
[2.983s] -- Generating done
[2.986s] -- Build files have been written to: /home/student/sensor_platform_ws/build/platform_description
[3.015s] Invoked command in '/home/student/sensor_platform_ws/build/platform_description' returned '0': CMAKE_PREFIX_PATH=/opt/ros/humble /usr/bin/cmake /home/student/sensor_platform_ws/src/platform_description -DCMAKE_BUILD_TYPE=Release -DAMENT_CMAKE_SYMLINK_INSTALL=1 -DCMAKE_INSTALL_PREFIX=/home/student/sensor_platform_ws/install/platform_description
[3.018s] Invoking command in '/home/student/sensor_platform_ws/build/platform_description': CMAKE_PREFIX_PATH=/opt/ros/humble /usr/bin/cmake --build /home/student/sensor_platform_ws/build/platform_description -- -j8 -l8
[3.158s] Invoked command in '/home/student/sensor_platform_ws/build/platform_description' returned '0': CMAKE_PREFIX_PATH=/opt/ros/humble /usr/bin/cmake --build /home/student/sensor_platform_ws/build/platform_description -- -j8 -l8
[3.159s] Invoking command in '/home/student/sensor_platform_ws/build/platform_description': CMAKE_PREFIX_PATH=/opt/ros/humble /usr/bin/cmake --install /home/student/sensor_platform_ws/build/platform_description
[3.230s] -- Install configuration: "Release"
[3.230s] -- Execute custom install script
[3.230s] -- Up-to-date symlink: /home/student/sensor_platform_ws/install/platform_description/share/ament_index/resource_index/package_run_dependencies/platform_description
[3.230s] -- Up-to-date symlink: /home/student/sensor_platform_ws/install/platform_description/share/ament_index/resource_index/parent_prefix_path/platform_description
[3.230s] -- Up-to-date symlink: /home/student/sensor_platform_ws/install/platform_description/share/platform_description/environment/ament_prefix_path.sh
[3.230s] -- Up-to-date symlink: /home/student/sensor_platform_ws/install/platform_description/share/platform_description/environment/ament_prefix_path.dsv
[3.230s] -- Up-to-date symlink: /home/student/sensor_platform_ws/install/platform_description/share/platform_description/environment/path.sh
[3.231s] -- Up-to-date symlink: /home/student/sensor_platform_ws/install/platform_description/share/platform_description/environment/path.dsv
[3.231s] -- Up-to-date symlink: /home/student/sensor_platform_ws/install/platform_description/share/platform_description/local_setup.bash
[3.231s] -- Up-to-date symlink: /home/student/sensor_platform_ws/install/platform_description/share/platform_description/local_setup.sh
[3.231s] -- Up-to-date symlink: /home/student/sensor_platform_ws/install/platform_description/share/platform_description/local_setup.zsh
[3.231s] -- Up-to-date symlink: /home/student/sensor_platform_ws/install/platform_description/share/platform_description/local_setup.dsv
[3.231s] -- Symlinking: /home/student/sensor_platform_ws/install/platform_description/share/platform_description/package.dsv
[3.231s] -- Up-to-date symlink: /home/student/sensor_platform_ws/install/platform_description/share/ament_index/resource_index/packages/platform_description
[3.231s] -- Up-to-date symlink: /home/student/sensor_platform_ws/install/platform_description/share/platform_description/cmake/platform_descriptionConfig.cmake
[3.238s] -- Up-to-date symlink: /home/student/sensor_platform_ws/install/platform_description/share/platform_description/cmake/platform_descriptionConfig-version.cmake
[3.238s] -- Up-to-date symlink: /home/student/sensor_platform_ws/install/platform_description/share/platform_description/package.xml
[3.953s] Invoked command in '/home/student/sensor_platform_ws/build/platform_description' returned '0': CMAKE_PREFIX_PATH=/opt/ros/humble /usr/bin/cmake --install /home/student/sensor_platform_ws/build/platform_description
