[0.344s] DEBUG:colcon:Command line arguments: ['/usr/bin/colcon', 'build', '--symlink-install']
[0.344s] DEBUG:colcon:Parsed command line arguments: Namespace(log_base=None, log_level=None, verb_name='build', build_base='build', install_base='install', merge_install=False, symlink_install=True, test_result_base=None, continue_on_error=False, executor='parallel', parallel_workers=8, event_handlers=None, ignore_user_meta=False, metas=['./colcon.meta'], base_paths=['.'], packages_ignore=None, packages_ignore_regex=None, paths=None, packages_up_to=None, packages_up_to_regex=None, packages_above=None, packages_above_and_dependencies=None, packages_above_depth=None, packages_select_by_dep=None, packages_skip_by_dep=None, packages_skip_up_to=None, packages_select_build_failed=False, packages_skip_build_finished=False, packages_select_test_failures=False, packages_skip_test_passed=False, packages_select=None, packages_skip=None, packages_select_regex=None, packages_skip_regex=None, packages_start=None, packages_end=None, allow_overriding=[], cmake_args=None, cmake_target=None, cmake_target_skip_unavailable=False, cmake_clean_cache=False, cmake_clean_first=False, cmake_force_configure=False, ament_cmake_args=None, catkin_cmake_args=None, catkin_skip_building_tests=False, verb_parser=<colcon_defaults.argument_parser.defaults.DefaultArgumentsDecorator object at 0x76ed97369060>, verb_extension=<colcon_core.verb.build.BuildVerb object at 0x76ed974e9750>, main=<bound method BuildVerb.main of <colcon_core.verb.build.BuildVerb object at 0x76ed974e9750>>)
[0.886s] Level 1:colcon.colcon_core.package_discovery:discover_packages(colcon_meta) check parameters
[0.886s] Level 1:colcon.colcon_core.package_discovery:discover_packages(recursive) check parameters
[0.886s] Level 1:colcon.colcon_core.package_discovery:discover_packages(ignore) check parameters
[0.886s] Level 1:colcon.colcon_core.package_discovery:discover_packages(path) check parameters
[0.886s] Level 1:colcon.colcon_core.package_discovery:discover_packages(colcon_meta) discover
[0.886s] Level 1:colcon.colcon_core.package_discovery:discover_packages(recursive) discover
[0.886s] INFO:colcon.colcon_core.package_discovery:Crawling recursively for packages in '/home/student/sensor_platform_ws'
[0.886s] Level 1:colcon.colcon_core.package_identification:_identify(.) by extensions ['ignore', 'ignore_ament_install']
[0.886s] Level 1:colcon.colcon_core.package_identification:_identify(.) by extension 'ignore'
[0.886s] Level 1:colcon.colcon_core.package_identification:_identify(.) by extension 'ignore_ament_install'
[0.886s] Level 1:colcon.colcon_core.package_identification:_identify(.) by extensions ['colcon_pkg']
[0.886s] Level 1:colcon.colcon_core.package_identification:_identify(.) by extension 'colcon_pkg'
[0.886s] Level 1:colcon.colcon_core.package_identification:_identify(.) by extensions ['colcon_meta']
[0.886s] Level 1:colcon.colcon_core.package_identification:_identify(.) by extension 'colcon_meta'
[0.886s] Level 1:colcon.colcon_core.package_identification:_identify(.) by extensions ['ros']
[0.886s] Level 1:colcon.colcon_core.package_identification:_identify(.) by extension 'ros'
[0.905s] Level 1:colcon.colcon_core.package_identification:_identify(.) by extensions ['cmake', 'python']
[0.906s] Level 1:colcon.colcon_core.package_identification:_identify(.) by extension 'cmake'
[0.906s] Level 1:colcon.colcon_core.package_identification:_identify(.) by extension 'python'
[0.906s] Level 1:colcon.colcon_core.package_identification:_identify(.) by extensions ['python_setup_py']
[0.906s] Level 1:colcon.colcon_core.package_identification:_identify(.) by extension 'python_setup_py'
[0.921s] Level 1:colcon.colcon_core.package_identification:_identify(build) by extensions ['ignore', 'ignore_ament_install']
[0.921s] Level 1:colcon.colcon_core.package_identification:_identify(build) by extension 'ignore'
[0.921s] Level 1:colcon.colcon_core.package_identification:_identify(build) ignored
[0.921s] Level 1:colcon.colcon_core.package_identification:_identify(dronecan_env) by extensions ['ignore', 'ignore_ament_install']
[0.921s] Level 1:colcon.colcon_core.package_identification:_identify(dronecan_env) by extension 'ignore'
[0.921s] Level 1:colcon.colcon_core.package_identification:_identify(dronecan_env) ignored
[0.921s] Level 1:colcon.colcon_core.package_identification:_identify(install) by extensions ['ignore', 'ignore_ament_install']
[0.921s] Level 1:colcon.colcon_core.package_identification:_identify(install) by extension 'ignore'
[0.921s] Level 1:colcon.colcon_core.package_identification:_identify(install) ignored
[0.922s] Level 1:colcon.colcon_core.package_identification:_identify(log) by extensions ['ignore', 'ignore_ament_install']
[0.922s] Level 1:colcon.colcon_core.package_identification:_identify(log) by extension 'ignore'
[0.922s] Level 1:colcon.colcon_core.package_identification:_identify(log) ignored
[0.922s] Level 1:colcon.colcon_core.package_identification:_identify(src) by extensions ['ignore', 'ignore_ament_install']
[0.922s] Level 1:colcon.colcon_core.package_identification:_identify(src) by extension 'ignore'
[0.922s] Level 1:colcon.colcon_core.package_identification:_identify(src) by extension 'ignore_ament_install'
[0.922s] Level 1:colcon.colcon_core.package_identification:_identify(src) by extensions ['colcon_pkg']
[0.922s] Level 1:colcon.colcon_core.package_identification:_identify(src) by extension 'colcon_pkg'
[0.922s] Level 1:colcon.colcon_core.package_identification:_identify(src) by extensions ['colcon_meta']
[0.922s] Level 1:colcon.colcon_core.package_identification:_identify(src) by extension 'colcon_meta'
[0.922s] Level 1:colcon.colcon_core.package_identification:_identify(src) by extensions ['ros']
[0.922s] Level 1:colcon.colcon_core.package_identification:_identify(src) by extension 'ros'
[0.922s] Level 1:colcon.colcon_core.package_identification:_identify(src) by extensions ['cmake', 'python']
[0.922s] Level 1:colcon.colcon_core.package_identification:_identify(src) by extension 'cmake'
[0.922s] Level 1:colcon.colcon_core.package_identification:_identify(src) by extension 'python'
[0.922s] Level 1:colcon.colcon_core.package_identification:_identify(src) by extensions ['python_setup_py']
[0.922s] Level 1:colcon.colcon_core.package_identification:_identify(src) by extension 'python_setup_py'
[0.922s] Level 1:colcon.colcon_core.package_identification:_identify(src/hardware) by extensions ['ignore', 'ignore_ament_install']
[0.922s] Level 1:colcon.colcon_core.package_identification:_identify(src/hardware) by extension 'ignore'
[0.922s] Level 1:colcon.colcon_core.package_identification:_identify(src/hardware) by extension 'ignore_ament_install'
[0.923s] Level 1:colcon.colcon_core.package_identification:_identify(src/hardware) by extensions ['colcon_pkg']
[0.923s] Level 1:colcon.colcon_core.package_identification:_identify(src/hardware) by extension 'colcon_pkg'
[0.923s] Level 1:colcon.colcon_core.package_identification:_identify(src/hardware) by extensions ['colcon_meta']
[0.923s] Level 1:colcon.colcon_core.package_identification:_identify(src/hardware) by extension 'colcon_meta'
[0.923s] Level 1:colcon.colcon_core.package_identification:_identify(src/hardware) by extensions ['ros']
[0.923s] Level 1:colcon.colcon_core.package_identification:_identify(src/hardware) by extension 'ros'
[0.923s] Level 1:colcon.colcon_core.package_identification:_identify(src/hardware) by extensions ['cmake', 'python']
[0.923s] Level 1:colcon.colcon_core.package_identification:_identify(src/hardware) by extension 'cmake'
[0.923s] Level 1:colcon.colcon_core.package_identification:_identify(src/hardware) by extension 'python'
[0.923s] Level 1:colcon.colcon_core.package_identification:_identify(src/hardware) by extensions ['python_setup_py']
[0.923s] Level 1:colcon.colcon_core.package_identification:_identify(src/hardware) by extension 'python_setup_py'
[0.923s] Level 1:colcon.colcon_core.package_identification:_identify(src/hardware/uavcan_bridge) by extensions ['ignore', 'ignore_ament_install']
[0.923s] Level 1:colcon.colcon_core.package_identification:_identify(src/hardware/uavcan_bridge) by extension 'ignore'
[0.923s] Level 1:colcon.colcon_core.package_identification:_identify(src/hardware/uavcan_bridge) by extension 'ignore_ament_install'
[0.923s] Level 1:colcon.colcon_core.package_identification:_identify(src/hardware/uavcan_bridge) by extensions ['colcon_pkg']
[0.923s] Level 1:colcon.colcon_core.package_identification:_identify(src/hardware/uavcan_bridge) by extension 'colcon_pkg'
[0.923s] Level 1:colcon.colcon_core.package_identification:_identify(src/hardware/uavcan_bridge) by extensions ['colcon_meta']
[0.923s] Level 1:colcon.colcon_core.package_identification:_identify(src/hardware/uavcan_bridge) by extension 'colcon_meta'
[0.923s] Level 1:colcon.colcon_core.package_identification:_identify(src/hardware/uavcan_bridge) by extensions ['ros']
[0.923s] Level 1:colcon.colcon_core.package_identification:_identify(src/hardware/uavcan_bridge) by extension 'ros'
[0.930s] DEBUG:colcon.colcon_core.package_identification:Package 'src/hardware/uavcan_bridge' with type 'ros.ament_cmake' and name 'uavcan_bridge'
[0.930s] Level 1:colcon.colcon_core.package_identification:_identify(src/olive_networking) by extensions ['ignore', 'ignore_ament_install']
[0.930s] Level 1:colcon.colcon_core.package_identification:_identify(src/olive_networking) by extension 'ignore'
[0.930s] Level 1:colcon.colcon_core.package_identification:_identify(src/olive_networking) by extension 'ignore_ament_install'
[0.930s] Level 1:colcon.colcon_core.package_identification:_identify(src/olive_networking) by extensions ['colcon_pkg']
[0.930s] Level 1:colcon.colcon_core.package_identification:_identify(src/olive_networking) by extension 'colcon_pkg'
[0.930s] Level 1:colcon.colcon_core.package_identification:_identify(src/olive_networking) by extensions ['colcon_meta']
[0.930s] Level 1:colcon.colcon_core.package_identification:_identify(src/olive_networking) by extension 'colcon_meta'
[0.930s] Level 1:colcon.colcon_core.package_identification:_identify(src/olive_networking) by extensions ['ros']
[0.930s] Level 1:colcon.colcon_core.package_identification:_identify(src/olive_networking) by extension 'ros'
[0.930s] DEBUG:colcon.colcon_core.package_identification:Package 'src/olive_networking' with type 'ros.ament_cmake' and name 'olive_networking'
[0.930s] Level 1:colcon.colcon_core.package_identification:_identify(src/platform_bringup) by extensions ['ignore', 'ignore_ament_install']
[0.931s] Level 1:colcon.colcon_core.package_identification:_identify(src/platform_bringup) by extension 'ignore'
[0.931s] Level 1:colcon.colcon_core.package_identification:_identify(src/platform_bringup) by extension 'ignore_ament_install'
[0.931s] Level 1:colcon.colcon_core.package_identification:_identify(src/platform_bringup) by extensions ['colcon_pkg']
[0.931s] Level 1:colcon.colcon_core.package_identification:_identify(src/platform_bringup) by extension 'colcon_pkg'
[0.931s] Level 1:colcon.colcon_core.package_identification:_identify(src/platform_bringup) by extensions ['colcon_meta']
[0.931s] Level 1:colcon.colcon_core.package_identification:_identify(src/platform_bringup) by extension 'colcon_meta'
[0.931s] Level 1:colcon.colcon_core.package_identification:_identify(src/platform_bringup) by extensions ['ros']
[0.931s] Level 1:colcon.colcon_core.package_identification:_identify(src/platform_bringup) by extension 'ros'
[0.931s] DEBUG:colcon.colcon_core.package_identification:Package 'src/platform_bringup' with type 'ros.ament_cmake' and name 'platform_bringup'
[0.931s] Level 1:colcon.colcon_core.package_identification:_identify(src/platform_description) by extensions ['ignore', 'ignore_ament_install']
[0.933s] Level 1:colcon.colcon_core.package_identification:_identify(src/platform_description) by extension 'ignore'
[0.934s] Level 1:colcon.colcon_core.package_identification:_identify(src/platform_description) by extension 'ignore_ament_install'
[0.934s] Level 1:colcon.colcon_core.package_identification:_identify(src/platform_description) by extensions ['colcon_pkg']
[0.934s] Level 1:colcon.colcon_core.package_identification:_identify(src/platform_description) by extension 'colcon_pkg'
[0.934s] Level 1:colcon.colcon_core.package_identification:_identify(src/platform_description) by extensions ['colcon_meta']
[0.934s] Level 1:colcon.colcon_core.package_identification:_identify(src/platform_description) by extension 'colcon_meta'
[0.934s] Level 1:colcon.colcon_core.package_identification:_identify(src/platform_description) by extensions ['ros']
[0.934s] Level 1:colcon.colcon_core.package_identification:_identify(src/platform_description) by extension 'ros'
[0.934s] DEBUG:colcon.colcon_core.package_identification:Package 'src/platform_description' with type 'ros.ament_cmake' and name 'platform_description'
[0.934s] Level 1:colcon.colcon_core.package_identification:_identify(src/platform_interfaces) by extensions ['ignore', 'ignore_ament_install']
[0.934s] Level 1:colcon.colcon_core.package_identification:_identify(src/platform_interfaces) by extension 'ignore'
[0.935s] Level 1:colcon.colcon_core.package_identification:_identify(src/platform_interfaces) by extension 'ignore_ament_install'
[0.935s] Level 1:colcon.colcon_core.package_identification:_identify(src/platform_interfaces) by extensions ['colcon_pkg']
[0.935s] Level 1:colcon.colcon_core.package_identification:_identify(src/platform_interfaces) by extension 'colcon_pkg'
[0.935s] Level 1:colcon.colcon_core.package_identification:_identify(src/platform_interfaces) by extensions ['colcon_meta']
[0.935s] Level 1:colcon.colcon_core.package_identification:_identify(src/platform_interfaces) by extension 'colcon_meta'
[0.935s] Level 1:colcon.colcon_core.package_identification:_identify(src/platform_interfaces) by extensions ['ros']
[0.935s] Level 1:colcon.colcon_core.package_identification:_identify(src/platform_interfaces) by extension 'ros'
[0.935s] DEBUG:colcon.colcon_core.package_identification:Package 'src/platform_interfaces' with type 'ros.ament_cmake' and name 'platform_interfaces'
[0.935s] Level 1:colcon.colcon_core.package_identification:_identify(src/platform_processing) by extensions ['ignore', 'ignore_ament_install']
[0.935s] Level 1:colcon.colcon_core.package_identification:_identify(src/platform_processing) by extension 'ignore'
[0.935s] Level 1:colcon.colcon_core.package_identification:_identify(src/platform_processing) by extension 'ignore_ament_install'
[0.936s] Level 1:colcon.colcon_core.package_identification:_identify(src/platform_processing) by extensions ['colcon_pkg']
[0.936s] Level 1:colcon.colcon_core.package_identification:_identify(src/platform_processing) by extension 'colcon_pkg'
[0.936s] Level 1:colcon.colcon_core.package_identification:_identify(src/platform_processing) by extensions ['colcon_meta']
[0.936s] Level 1:colcon.colcon_core.package_identification:_identify(src/platform_processing) by extension 'colcon_meta'
[0.936s] Level 1:colcon.colcon_core.package_identification:_identify(src/platform_processing) by extensions ['ros']
[0.936s] Level 1:colcon.colcon_core.package_identification:_identify(src/platform_processing) by extension 'ros'
[0.940s] DEBUG:colcon.colcon_core.package_identification:Package 'src/platform_processing' with type 'ros.ament_cmake' and name 'platform_processing'
[0.940s] Level 1:colcon.colcon_core.package_discovery:discover_packages(recursive) using defaults
[0.941s] Level 1:colcon.colcon_core.package_discovery:discover_packages(ignore) discover
[0.941s] Level 1:colcon.colcon_core.package_discovery:discover_packages(ignore) using defaults
[0.941s] Level 1:colcon.colcon_core.package_discovery:discover_packages(path) discover
[0.941s] Level 1:colcon.colcon_core.package_discovery:discover_packages(path) using defaults
[1.019s] Level 1:colcon.colcon_core.package_discovery:discover_packages(prefix_path) check parameters
[1.019s] Level 1:colcon.colcon_core.package_discovery:discover_packages(prefix_path) discover
[1.031s] DEBUG:colcon.colcon_installed_package_information.package_discovery:Found 299 installed packages in /opt/ros/humble
[1.032s] Level 1:colcon.colcon_core.package_discovery:discover_packages(prefix_path) using defaults
[1.106s] Level 5:colcon.colcon_core.verb:set package 'olive_networking' build argument 'cmake_args' from command line to 'None'
[1.106s] Level 5:colcon.colcon_core.verb:set package 'olive_networking' build argument 'cmake_target' from command line to 'None'
[1.106s] Level 5:colcon.colcon_core.verb:set package 'olive_networking' build argument 'cmake_target_skip_unavailable' from command line to 'False'
[1.106s] Level 5:colcon.colcon_core.verb:set package 'olive_networking' build argument 'cmake_clean_cache' from command line to 'False'
[1.106s] Level 5:colcon.colcon_core.verb:set package 'olive_networking' build argument 'cmake_clean_first' from command line to 'False'
[1.106s] Level 5:colcon.colcon_core.verb:set package 'olive_networking' build argument 'cmake_force_configure' from command line to 'False'
[1.106s] Level 5:colcon.colcon_core.verb:set package 'olive_networking' build argument 'ament_cmake_args' from command line to 'None'
[1.106s] Level 5:colcon.colcon_core.verb:set package 'olive_networking' build argument 'catkin_cmake_args' from command line to 'None'
[1.106s] Level 5:colcon.colcon_core.verb:set package 'olive_networking' build argument 'catkin_skip_building_tests' from command line to 'False'
[1.106s] DEBUG:colcon.colcon_core.verb:Building package 'olive_networking' with the following arguments: {'ament_cmake_args': None, 'build_base': '/home/student/sensor_platform_ws/build/olive_networking', 'catkin_cmake_args': None, 'catkin_skip_building_tests': False, 'cmake_args': None, 'cmake_clean_cache': False, 'cmake_clean_first': False, 'cmake_force_configure': False, 'cmake_target': None, 'cmake_target_skip_unavailable': False, 'install_base': '/home/student/sensor_platform_ws/install/olive_networking', 'merge_install': False, 'path': '/home/student/sensor_platform_ws/src/olive_networking', 'symlink_install': True, 'test_result_base': None}
[1.106s] Level 5:colcon.colcon_core.verb:set package 'platform_bringup' build argument 'cmake_args' from command line to 'None'
[1.106s] Level 5:colcon.colcon_core.verb:set package 'platform_bringup' build argument 'cmake_target' from command line to 'None'
[1.106s] Level 5:colcon.colcon_core.verb:set package 'platform_bringup' build argument 'cmake_target_skip_unavailable' from command line to 'False'
[1.106s] Level 5:colcon.colcon_core.verb:set package 'platform_bringup' build argument 'cmake_clean_cache' from command line to 'False'
[1.106s] Level 5:colcon.colcon_core.verb:set package 'platform_bringup' build argument 'cmake_clean_first' from command line to 'False'
[1.106s] Level 5:colcon.colcon_core.verb:set package 'platform_bringup' build argument 'cmake_force_configure' from command line to 'False'
[1.109s] Level 5:colcon.colcon_core.verb:set package 'platform_bringup' build argument 'ament_cmake_args' from command line to 'None'
[1.109s] Level 5:colcon.colcon_core.verb:set package 'platform_bringup' build argument 'catkin_cmake_args' from command line to 'None'
[1.109s] Level 5:colcon.colcon_core.verb:set package 'platform_bringup' build argument 'catkin_skip_building_tests' from command line to 'False'
[1.109s] DEBUG:colcon.colcon_core.verb:Building package 'platform_bringup' with the following arguments: {'ament_cmake_args': None, 'build_base': '/home/student/sensor_platform_ws/build/platform_bringup', 'catkin_cmake_args': None, 'catkin_skip_building_tests': False, 'cmake_args': None, 'cmake_clean_cache': False, 'cmake_clean_first': False, 'cmake_force_configure': False, 'cmake_target': None, 'cmake_target_skip_unavailable': False, 'install_base': '/home/student/sensor_platform_ws/install/platform_bringup', 'merge_install': False, 'path': '/home/student/sensor_platform_ws/src/platform_bringup', 'symlink_install': True, 'test_result_base': None}
[1.110s] Level 5:colcon.colcon_core.verb:set package 'platform_description' build argument 'cmake_args' from command line to 'None'
[1.110s] Level 5:colcon.colcon_core.verb:set package 'platform_description' build argument 'cmake_target' from command line to 'None'
[1.110s] Level 5:colcon.colcon_core.verb:set package 'platform_description' build argument 'cmake_target_skip_unavailable' from command line to 'False'
[1.110s] Level 5:colcon.colcon_core.verb:set package 'platform_description' build argument 'cmake_clean_cache' from command line to 'False'
[1.110s] Level 5:colcon.colcon_core.verb:set package 'platform_description' build argument 'cmake_clean_first' from command line to 'False'
[1.110s] Level 5:colcon.colcon_core.verb:set package 'platform_description' build argument 'cmake_force_configure' from command line to 'False'
[1.110s] Level 5:colcon.colcon_core.verb:set package 'platform_description' build argument 'ament_cmake_args' from command line to 'None'
[1.110s] Level 5:colcon.colcon_core.verb:set package 'platform_description' build argument 'catkin_cmake_args' from command line to 'None'
[1.110s] Level 5:colcon.colcon_core.verb:set package 'platform_description' build argument 'catkin_skip_building_tests' from command line to 'False'
[1.110s] DEBUG:colcon.colcon_core.verb:Building package 'platform_description' with the following arguments: {'ament_cmake_args': None, 'build_base': '/home/student/sensor_platform_ws/build/platform_description', 'catkin_cmake_args': None, 'catkin_skip_building_tests': False, 'cmake_args': None, 'cmake_clean_cache': False, 'cmake_clean_first': False, 'cmake_force_configure': False, 'cmake_target': None, 'cmake_target_skip_unavailable': False, 'install_base': '/home/student/sensor_platform_ws/install/platform_description', 'merge_install': False, 'path': '/home/student/sensor_platform_ws/src/platform_description', 'symlink_install': True, 'test_result_base': None}
[1.110s] Level 5:colcon.colcon_core.verb:set package 'platform_interfaces' build argument 'cmake_args' from command line to 'None'
[1.110s] Level 5:colcon.colcon_core.verb:set package 'platform_interfaces' build argument 'cmake_target' from command line to 'None'
[1.110s] Level 5:colcon.colcon_core.verb:set package 'platform_interfaces' build argument 'cmake_target_skip_unavailable' from command line to 'False'
[1.110s] Level 5:colcon.colcon_core.verb:set package 'platform_interfaces' build argument 'cmake_clean_cache' from command line to 'False'
[1.110s] Level 5:colcon.colcon_core.verb:set package 'platform_interfaces' build argument 'cmake_clean_first' from command line to 'False'
[1.110s] Level 5:colcon.colcon_core.verb:set package 'platform_interfaces' build argument 'cmake_force_configure' from command line to 'False'
[1.110s] Level 5:colcon.colcon_core.verb:set package 'platform_interfaces' build argument 'ament_cmake_args' from command line to 'None'
[1.110s] Level 5:colcon.colcon_core.verb:set package 'platform_interfaces' build argument 'catkin_cmake_args' from command line to 'None'
[1.110s] Level 5:colcon.colcon_core.verb:set package 'platform_interfaces' build argument 'catkin_skip_building_tests' from command line to 'False'
[1.110s] DEBUG:colcon.colcon_core.verb:Building package 'platform_interfaces' with the following arguments: {'ament_cmake_args': None, 'build_base': '/home/student/sensor_platform_ws/build/platform_interfaces', 'catkin_cmake_args': None, 'catkin_skip_building_tests': False, 'cmake_args': None, 'cmake_clean_cache': False, 'cmake_clean_first': False, 'cmake_force_configure': False, 'cmake_target': None, 'cmake_target_skip_unavailable': False, 'install_base': '/home/student/sensor_platform_ws/install/platform_interfaces', 'merge_install': False, 'path': '/home/student/sensor_platform_ws/src/platform_interfaces', 'symlink_install': True, 'test_result_base': None}
[1.111s] Level 5:colcon.colcon_core.verb:set package 'platform_processing' build argument 'cmake_args' from command line to 'None'
[1.111s] Level 5:colcon.colcon_core.verb:set package 'platform_processing' build argument 'cmake_target' from command line to 'None'
[1.111s] Level 5:colcon.colcon_core.verb:set package 'platform_processing' build argument 'cmake_target_skip_unavailable' from command line to 'False'
[1.111s] Level 5:colcon.colcon_core.verb:set package 'platform_processing' build argument 'cmake_clean_cache' from command line to 'False'
[1.111s] Level 5:colcon.colcon_core.verb:set package 'platform_processing' build argument 'cmake_clean_first' from command line to 'False'
[1.111s] Level 5:colcon.colcon_core.verb:set package 'platform_processing' build argument 'cmake_force_configure' from command line to 'False'
[1.111s] Level 5:colcon.colcon_core.verb:set package 'platform_processing' build argument 'ament_cmake_args' from command line to 'None'
[1.111s] Level 5:colcon.colcon_core.verb:set package 'platform_processing' build argument 'catkin_cmake_args' from command line to 'None'
[1.111s] Level 5:colcon.colcon_core.verb:set package 'platform_processing' build argument 'catkin_skip_building_tests' from command line to 'False'
[1.111s] DEBUG:colcon.colcon_core.verb:Building package 'platform_processing' with the following arguments: {'ament_cmake_args': None, 'build_base': '/home/student/sensor_platform_ws/build/platform_processing', 'catkin_cmake_args': None, 'catkin_skip_building_tests': False, 'cmake_args': None, 'cmake_clean_cache': False, 'cmake_clean_first': False, 'cmake_force_configure': False, 'cmake_target': None, 'cmake_target_skip_unavailable': False, 'install_base': '/home/student/sensor_platform_ws/install/platform_processing', 'merge_install': False, 'path': '/home/student/sensor_platform_ws/src/platform_processing', 'symlink_install': True, 'test_result_base': None}
[1.111s] Level 5:colcon.colcon_core.verb:set package 'uavcan_bridge' build argument 'cmake_args' from command line to 'None'
[1.111s] Level 5:colcon.colcon_core.verb:set package 'uavcan_bridge' build argument 'cmake_target' from command line to 'None'
[1.111s] Level 5:colcon.colcon_core.verb:set package 'uavcan_bridge' build argument 'cmake_target_skip_unavailable' from command line to 'False'
[1.111s] Level 5:colcon.colcon_core.verb:set package 'uavcan_bridge' build argument 'cmake_clean_cache' from command line to 'False'
[1.111s] Level 5:colcon.colcon_core.verb:set package 'uavcan_bridge' build argument 'cmake_clean_first' from command line to 'False'
[1.111s] Level 5:colcon.colcon_core.verb:set package 'uavcan_bridge' build argument 'cmake_force_configure' from command line to 'False'
[1.111s] Level 5:colcon.colcon_core.verb:set package 'uavcan_bridge' build argument 'ament_cmake_args' from command line to 'None'
[1.111s] Level 5:colcon.colcon_core.verb:set package 'uavcan_bridge' build argument 'catkin_cmake_args' from command line to 'None'
[1.111s] Level 5:colcon.colcon_core.verb:set package 'uavcan_bridge' build argument 'catkin_skip_building_tests' from command line to 'False'
[1.111s] DEBUG:colcon.colcon_core.verb:Building package 'uavcan_bridge' with the following arguments: {'ament_cmake_args': None, 'build_base': '/home/student/sensor_platform_ws/build/uavcan_bridge', 'catkin_cmake_args': None, 'catkin_skip_building_tests': False, 'cmake_args': None, 'cmake_clean_cache': False, 'cmake_clean_first': False, 'cmake_force_configure': False, 'cmake_target': None, 'cmake_target_skip_unavailable': False, 'install_base': '/home/student/sensor_platform_ws/install/uavcan_bridge', 'merge_install': False, 'path': '/home/student/sensor_platform_ws/src/hardware/uavcan_bridge', 'symlink_install': True, 'test_result_base': None}
[1.111s] INFO:colcon.colcon_core.executor:Executing jobs using 'parallel' executor
[1.119s] DEBUG:colcon.colcon_parallel_executor.executor.parallel:run_until_complete
[1.119s] INFO:colcon.colcon_ros.task.ament_cmake.build:Building ROS package in '/home/student/sensor_platform_ws/src/olive_networking' with build type 'ament_cmake'
[1.119s] INFO:colcon.colcon_cmake.task.cmake.build:Building CMake package in '/home/student/sensor_platform_ws/src/olive_networking'
[1.124s] INFO:colcon.colcon_core.plugin_system:Skipping extension 'colcon_core.shell.bat': Not used on non-Windows systems
[1.124s] INFO:colcon.colcon_core.shell:Skip shell extension 'powershell' for command environment: Not usable outside of PowerShell
[1.124s] DEBUG:colcon.colcon_core.shell:Skip shell extension 'dsv' for command environment
[1.132s] INFO:colcon.colcon_ros.task.ament_cmake.build:Building ROS package in '/home/student/sensor_platform_ws/src/platform_bringup' with build type 'ament_cmake'
[1.133s] INFO:colcon.colcon_cmake.task.cmake.build:Building CMake package in '/home/student/sensor_platform_ws/src/platform_bringup'
[1.133s] INFO:colcon.colcon_core.shell:Skip shell extension 'powershell' for command environment: Not usable outside of PowerShell
[1.133s] DEBUG:colcon.colcon_core.shell:Skip shell extension 'dsv' for command environment
[1.135s] INFO:colcon.colcon_ros.task.ament_cmake.build:Building ROS package in '/home/student/sensor_platform_ws/src/platform_description' with build type 'ament_cmake'
[1.136s] INFO:colcon.colcon_cmake.task.cmake.build:Building CMake package in '/home/student/sensor_platform_ws/src/platform_description'
[1.136s] INFO:colcon.colcon_core.shell:Skip shell extension 'powershell' for command environment: Not usable outside of PowerShell
[1.136s] DEBUG:colcon.colcon_core.shell:Skip shell extension 'dsv' for command environment
[1.142s] INFO:colcon.colcon_ros.task.ament_cmake.build:Building ROS package in '/home/student/sensor_platform_ws/src/platform_interfaces' with build type 'ament_cmake'
[1.143s] INFO:colcon.colcon_cmake.task.cmake.build:Building CMake package in '/home/student/sensor_platform_ws/src/platform_interfaces'
[1.143s] INFO:colcon.colcon_core.shell:Skip shell extension 'powershell' for command environment: Not usable outside of PowerShell
[1.143s] DEBUG:colcon.colcon_core.shell:Skip shell extension 'dsv' for command environment
[1.151s] INFO:colcon.colcon_ros.task.ament_cmake.build:Building ROS package in '/home/student/sensor_platform_ws/src/platform_processing' with build type 'ament_cmake'
[1.152s] INFO:colcon.colcon_cmake.task.cmake.build:Building CMake package in '/home/student/sensor_platform_ws/src/platform_processing'
[1.152s] INFO:colcon.colcon_core.shell:Skip shell extension 'powershell' for command environment: Not usable outside of PowerShell
[1.152s] DEBUG:colcon.colcon_core.shell:Skip shell extension 'dsv' for command environment
[1.160s] INFO:colcon.colcon_ros.task.ament_cmake.build:Building ROS package in '/home/student/sensor_platform_ws/src/hardware/uavcan_bridge' with build type 'ament_cmake'
[1.161s] INFO:colcon.colcon_cmake.task.cmake.build:Building CMake package in '/home/student/sensor_platform_ws/src/hardware/uavcan_bridge'
[1.161s] INFO:colcon.colcon_core.shell:Skip shell extension 'powershell' for command environment: Not usable outside of PowerShell
[1.161s] DEBUG:colcon.colcon_core.shell:Skip shell extension 'dsv' for command environment
[1.183s] DEBUG:colcon.colcon_core.event_handler.log_command:Invoking command in '/home/student/sensor_platform_ws/build/olive_networking': CMAKE_PREFIX_PATH=/opt/ros/humble /usr/bin/cmake --build /home/student/sensor_platform_ws/build/olive_networking -- -j8 -l8
[1.186s] DEBUG:colcon.colcon_core.event_handler.log_command:Invoking command in '/home/student/sensor_platform_ws/build/platform_bringup': CMAKE_PREFIX_PATH=/opt/ros/humble /usr/bin/cmake --build /home/student/sensor_platform_ws/build/platform_bringup -- -j8 -l8
[1.191s] DEBUG:colcon.colcon_core.event_handler.log_command:Invoking command in '/home/student/sensor_platform_ws/build/platform_description': CMAKE_PREFIX_PATH=/opt/ros/humble /usr/bin/cmake --build /home/student/sensor_platform_ws/build/platform_description -- -j8 -l8
[1.211s] DEBUG:colcon.colcon_core.event_handler.log_command:Invoking command in '/home/student/sensor_platform_ws/build/platform_interfaces': CMAKE_PREFIX_PATH=/opt/ros/humble /usr/bin/cmake --build /home/student/sensor_platform_ws/build/platform_interfaces -- -j8 -l8
[1.213s] DEBUG:colcon.colcon_core.event_handler.log_command:Invoking command in '/home/student/sensor_platform_ws/build/platform_processing': CMAKE_PREFIX_PATH=/opt/ros/humble /usr/bin/cmake --build /home/student/sensor_platform_ws/build/platform_processing -- -j8 -l8
[1.226s] DEBUG:colcon.colcon_core.event_handler.log_command:Invoking command in '/home/student/sensor_platform_ws/build/uavcan_bridge': CMAKE_PREFIX_PATH=/opt/ros/humble /usr/bin/cmake --build /home/student/sensor_platform_ws/build/uavcan_bridge -- -j8 -l8
[1.261s] DEBUG:colcon.colcon_core.event_handler.log_command:Invoked command in '/home/student/sensor_platform_ws/build/olive_networking' returned '0': CMAKE_PREFIX_PATH=/opt/ros/humble /usr/bin/cmake --build /home/student/sensor_platform_ws/build/olive_networking -- -j8 -l8
[1.294s] DEBUG:colcon.colcon_core.event_handler.log_command:Invoking command in '/home/student/sensor_platform_ws/build/olive_networking': CMAKE_PREFIX_PATH=/opt/ros/humble /usr/bin/cmake --install /home/student/sensor_platform_ws/build/olive_networking
[1.300s] DEBUG:colcon.colcon_core.event_handler.log_command:Invoked command in '/home/student/sensor_platform_ws/build/platform_bringup' returned '0': CMAKE_PREFIX_PATH=/opt/ros/humble /usr/bin/cmake --build /home/student/sensor_platform_ws/build/platform_bringup -- -j8 -l8
[1.323s] DEBUG:colcon.colcon_core.event_handler.log_command:Invoking command in '/home/student/sensor_platform_ws/build/platform_bringup': CMAKE_PREFIX_PATH=/opt/ros/humble /usr/bin/cmake --install /home/student/sensor_platform_ws/build/platform_bringup
[1.328s] DEBUG:colcon.colcon_core.event_handler.log_command:Invoked command in '/home/student/sensor_platform_ws/build/platform_description' returned '0': CMAKE_PREFIX_PATH=/opt/ros/humble /usr/bin/cmake --build /home/student/sensor_platform_ws/build/platform_description -- -j8 -l8
[1.343s] DEBUG:colcon.colcon_core.event_handler.log_command:Invoking command in '/home/student/sensor_platform_ws/build/platform_description': CMAKE_PREFIX_PATH=/opt/ros/humble /usr/bin/cmake --install /home/student/sensor_platform_ws/build/platform_description
[1.347s] DEBUG:colcon.colcon_core.event_handler.log_command:Invoked command in '/home/student/sensor_platform_ws/build/platform_interfaces' returned '0': CMAKE_PREFIX_PATH=/opt/ros/humble /usr/bin/cmake --build /home/student/sensor_platform_ws/build/platform_interfaces -- -j8 -l8
[1.350s] DEBUG:colcon.colcon_core.event_handler.log_command:Invoking command in '/home/student/sensor_platform_ws/build/platform_interfaces': CMAKE_PREFIX_PATH=/opt/ros/humble /usr/bin/cmake --install /home/student/sensor_platform_ws/build/platform_interfaces
[1.359s] Level 1:colcon.colcon_core.environment:create_environment_scripts_only(olive_networking)
[1.361s] Level 1:colcon.colcon_core.environment:checking '/home/student/sensor_platform_ws/install/olive_networking' for CMake module files
[1.362s] Level 1:colcon.colcon_core.environment:checking '/home/student/sensor_platform_ws/install/olive_networking' for CMake config files
[1.362s] Level 1:colcon.colcon_core.shell:create_environment_hook('olive_networking', 'cmake_prefix_path')
[1.362s] INFO:colcon.colcon_core.shell:Creating environment hook '/home/student/sensor_platform_ws/install/olive_networking/share/olive_networking/hook/cmake_prefix_path.ps1'
[1.363s] INFO:colcon.colcon_core.shell:Creating environment descriptor '/home/student/sensor_platform_ws/install/olive_networking/share/olive_networking/hook/cmake_prefix_path.dsv'
[1.363s] INFO:colcon.colcon_core.shell:Creating environment hook '/home/student/sensor_platform_ws/install/olive_networking/share/olive_networking/hook/cmake_prefix_path.sh'
[1.371s] Level 1:colcon.colcon_core.environment:checking '/home/student/sensor_platform_ws/install/olive_networking/lib'
[1.371s] Level 1:colcon.colcon_core.environment:checking '/home/student/sensor_platform_ws/install/olive_networking/bin'
[1.371s] Level 1:colcon.colcon_core.environment:checking '/home/student/sensor_platform_ws/install/olive_networking/lib/pkgconfig/olive_networking.pc'
[1.372s] Level 1:colcon.colcon_core.environment:checking '/home/student/sensor_platform_ws/install/olive_networking/lib/python3.10/site-packages'
[1.372s] Level 1:colcon.colcon_core.environment:checking '/home/student/sensor_platform_ws/install/olive_networking/bin'
[1.372s] INFO:colcon.colcon_core.shell:Creating package script '/home/student/sensor_platform_ws/install/olive_networking/share/olive_networking/package.ps1'
[1.373s] DEBUG:colcon.colcon_core.event_handler.log_command:Invoked command in '/home/student/sensor_platform_ws/build/olive_networking' returned '0': CMAKE_PREFIX_PATH=/opt/ros/humble /usr/bin/cmake --install /home/student/sensor_platform_ws/build/olive_networking
[1.375s] INFO:colcon.colcon_core.shell:Creating package descriptor '/home/student/sensor_platform_ws/install/olive_networking/share/olive_networking/package.dsv'
[1.379s] INFO:colcon.colcon_core.shell:Creating package script '/home/student/sensor_platform_ws/install/olive_networking/share/olive_networking/package.sh'
[1.383s] INFO:colcon.colcon_core.shell:Creating package script '/home/student/sensor_platform_ws/install/olive_networking/share/olive_networking/package.bash'
[1.383s] INFO:colcon.colcon_core.shell:Creating package script '/home/student/sensor_platform_ws/install/olive_networking/share/olive_networking/package.zsh'
[1.384s] Level 1:colcon.colcon_core.environment:create_file_with_runtime_dependencies(/home/student/sensor_platform_ws/install/olive_networking/share/colcon-core/packages/olive_networking)
[1.384s] Level 1:colcon.colcon_core.environment:create_environment_scripts_only(olive_networking)
[1.385s] Level 1:colcon.colcon_core.environment:checking '/home/student/sensor_platform_ws/install/olive_networking' for CMake module files
[1.385s] Level 1:colcon.colcon_core.environment:checking '/home/student/sensor_platform_ws/install/olive_networking' for CMake config files
[1.385s] Level 1:colcon.colcon_core.shell:create_environment_hook('olive_networking', 'cmake_prefix_path')
[1.385s] INFO:colcon.colcon_core.shell:Creating environment hook '/home/student/sensor_platform_ws/install/olive_networking/share/olive_networking/hook/cmake_prefix_path.ps1'
[1.389s] INFO:colcon.colcon_core.shell:Creating environment descriptor '/home/student/sensor_platform_ws/install/olive_networking/share/olive_networking/hook/cmake_prefix_path.dsv'
[1.389s] INFO:colcon.colcon_core.shell:Creating environment hook '/home/student/sensor_platform_ws/install/olive_networking/share/olive_networking/hook/cmake_prefix_path.sh'
[1.390s] Level 1:colcon.colcon_core.environment:checking '/home/student/sensor_platform_ws/install/olive_networking/lib'
[1.390s] Level 1:colcon.colcon_core.environment:checking '/home/student/sensor_platform_ws/install/olive_networking/bin'
[1.390s] Level 1:colcon.colcon_core.environment:checking '/home/student/sensor_platform_ws/install/olive_networking/lib/pkgconfig/olive_networking.pc'
[1.390s] Level 1:colcon.colcon_core.environment:checking '/home/student/sensor_platform_ws/install/olive_networking/lib/python3.10/site-packages'
[1.390s] Level 1:colcon.colcon_core.environment:checking '/home/student/sensor_platform_ws/install/olive_networking/bin'
[1.391s] INFO:colcon.colcon_core.shell:Creating package script '/home/student/sensor_platform_ws/install/olive_networking/share/olive_networking/package.ps1'
[1.395s] INFO:colcon.colcon_core.shell:Creating package descriptor '/home/student/sensor_platform_ws/install/olive_networking/share/olive_networking/package.dsv'
[1.395s] INFO:colcon.colcon_core.shell:Creating package script '/home/student/sensor_platform_ws/install/olive_networking/share/olive_networking/package.sh'
[1.395s] INFO:colcon.colcon_core.shell:Creating package script '/home/student/sensor_platform_ws/install/olive_networking/share/olive_networking/package.bash'
[1.396s] INFO:colcon.colcon_core.shell:Creating package script '/home/student/sensor_platform_ws/install/olive_networking/share/olive_networking/package.zsh'
[1.396s] Level 1:colcon.colcon_core.environment:create_file_with_runtime_dependencies(/home/student/sensor_platform_ws/install/olive_networking/share/colcon-core/packages/olive_networking)
[1.397s] Level 1:colcon.colcon_core.environment:create_environment_scripts_only(platform_bringup)
[1.397s] Level 1:colcon.colcon_core.environment:checking '/home/student/sensor_platform_ws/install/platform_bringup' for CMake module files
[1.397s] DEBUG:colcon.colcon_core.event_handler.log_command:Invoked command in '/home/student/sensor_platform_ws/build/platform_bringup' returned '0': CMAKE_PREFIX_PATH=/opt/ros/humble /usr/bin/cmake --install /home/student/sensor_platform_ws/build/platform_bringup
[1.398s] Level 1:colcon.colcon_core.environment:checking '/home/student/sensor_platform_ws/install/platform_bringup' for CMake config files
[1.398s] Level 1:colcon.colcon_core.shell:create_environment_hook('platform_bringup', 'cmake_prefix_path')
[1.398s] INFO:colcon.colcon_core.shell:Creating environment hook '/home/student/sensor_platform_ws/install/platform_bringup/share/platform_bringup/hook/cmake_prefix_path.ps1'
[1.401s] INFO:colcon.colcon_core.shell:Creating environment descriptor '/home/student/sensor_platform_ws/install/platform_bringup/share/platform_bringup/hook/cmake_prefix_path.dsv'
[1.402s] INFO:colcon.colcon_core.shell:Creating environment hook '/home/student/sensor_platform_ws/install/platform_bringup/share/platform_bringup/hook/cmake_prefix_path.sh'
[1.402s] Level 1:colcon.colcon_core.environment:checking '/home/student/sensor_platform_ws/install/platform_bringup/bin'
[1.402s] Level 1:colcon.colcon_core.environment:checking '/home/student/sensor_platform_ws/install/platform_bringup/lib/pkgconfig/platform_bringup.pc'
[1.403s] Level 1:colcon.colcon_core.environment:checking '/home/student/sensor_platform_ws/install/platform_bringup/lib/python3.10/site-packages'
[1.403s] Level 1:colcon.colcon_core.environment:checking '/home/student/sensor_platform_ws/install/platform_bringup/bin'
[1.403s] INFO:colcon.colcon_core.shell:Creating package script '/home/student/sensor_platform_ws/install/platform_bringup/share/platform_bringup/package.ps1'
[1.404s] INFO:colcon.colcon_core.shell:Creating package descriptor '/home/student/sensor_platform_ws/install/platform_bringup/share/platform_bringup/package.dsv'
[1.408s] INFO:colcon.colcon_core.shell:Creating package script '/home/student/sensor_platform_ws/install/platform_bringup/share/platform_bringup/package.sh'
[1.408s] INFO:colcon.colcon_core.shell:Creating package script '/home/student/sensor_platform_ws/install/platform_bringup/share/platform_bringup/package.bash'
[1.408s] INFO:colcon.colcon_core.shell:Creating package script '/home/student/sensor_platform_ws/install/platform_bringup/share/platform_bringup/package.zsh'
[1.409s] Level 1:colcon.colcon_core.environment:create_file_with_runtime_dependencies(/home/student/sensor_platform_ws/install/platform_bringup/share/colcon-core/packages/platform_bringup)
[1.409s] Level 1:colcon.colcon_core.environment:create_environment_scripts_only(platform_bringup)
[1.409s] Level 1:colcon.colcon_core.environment:checking '/home/student/sensor_platform_ws/install/platform_bringup' for CMake module files
[1.410s] Level 1:colcon.colcon_core.environment:checking '/home/student/sensor_platform_ws/install/platform_bringup' for CMake config files
[1.410s] Level 1:colcon.colcon_core.shell:create_environment_hook('platform_bringup', 'cmake_prefix_path')
[1.410s] INFO:colcon.colcon_core.shell:Creating environment hook '/home/student/sensor_platform_ws/install/platform_bringup/share/platform_bringup/hook/cmake_prefix_path.ps1'
[1.411s] INFO:colcon.colcon_core.shell:Creating environment descriptor '/home/student/sensor_platform_ws/install/platform_bringup/share/platform_bringup/hook/cmake_prefix_path.dsv'
[1.411s] INFO:colcon.colcon_core.shell:Creating environment hook '/home/student/sensor_platform_ws/install/platform_bringup/share/platform_bringup/hook/cmake_prefix_path.sh'
[1.411s] Level 1:colcon.colcon_core.environment:checking '/home/student/sensor_platform_ws/install/platform_bringup/bin'
[1.411s] Level 1:colcon.colcon_core.environment:checking '/home/student/sensor_platform_ws/install/platform_bringup/lib/pkgconfig/platform_bringup.pc'
[1.412s] Level 1:colcon.colcon_core.environment:checking '/home/student/sensor_platform_ws/install/platform_bringup/lib/python3.10/site-packages'
[1.412s] Level 1:colcon.colcon_core.environment:checking '/home/student/sensor_platform_ws/install/platform_bringup/bin'
[1.416s] INFO:colcon.colcon_core.shell:Creating package script '/home/student/sensor_platform_ws/install/platform_bringup/share/platform_bringup/package.ps1'
[1.416s] INFO:colcon.colcon_core.shell:Creating package descriptor '/home/student/sensor_platform_ws/install/platform_bringup/share/platform_bringup/package.dsv'
[1.417s] INFO:colcon.colcon_core.shell:Creating package script '/home/student/sensor_platform_ws/install/platform_bringup/share/platform_bringup/package.sh'
[1.417s] INFO:colcon.colcon_core.shell:Creating package script '/home/student/sensor_platform_ws/install/platform_bringup/share/platform_bringup/package.bash'
[1.418s] INFO:colcon.colcon_core.shell:Creating package script '/home/student/sensor_platform_ws/install/platform_bringup/share/platform_bringup/package.zsh'
[1.418s] Level 1:colcon.colcon_core.environment:create_file_with_runtime_dependencies(/home/student/sensor_platform_ws/install/platform_bringup/share/colcon-core/packages/platform_bringup)
[1.420s] Level 1:colcon.colcon_core.environment:create_environment_scripts_only(platform_description)
[1.420s] DEBUG:colcon.colcon_core.event_handler.log_command:Invoked command in '/home/student/sensor_platform_ws/build/platform_description' returned '0': CMAKE_PREFIX_PATH=/opt/ros/humble /usr/bin/cmake --install /home/student/sensor_platform_ws/build/platform_description
[1.420s] Level 1:colcon.colcon_core.environment:checking '/home/student/sensor_platform_ws/install/platform_description' for CMake module files
[1.421s] Level 1:colcon.colcon_core.environment:checking '/home/student/sensor_platform_ws/install/platform_description' for CMake config files
[1.421s] Level 1:colcon.colcon_core.shell:create_environment_hook('platform_description', 'cmake_prefix_path')
[1.421s] INFO:colcon.colcon_core.shell:Creating environment hook '/home/student/sensor_platform_ws/install/platform_description/share/platform_description/hook/cmake_prefix_path.ps1'
[1.423s] INFO:colcon.colcon_core.shell:Creating environment descriptor '/home/student/sensor_platform_ws/install/platform_description/share/platform_description/hook/cmake_prefix_path.dsv'
[1.424s] INFO:colcon.colcon_core.shell:Creating environment hook '/home/student/sensor_platform_ws/install/platform_description/share/platform_description/hook/cmake_prefix_path.sh'
[1.424s] Level 1:colcon.colcon_core.environment:checking '/home/student/sensor_platform_ws/install/platform_description/bin'
[1.424s] Level 1:colcon.colcon_core.environment:checking '/home/student/sensor_platform_ws/install/platform_description/lib/pkgconfig/platform_description.pc'
[1.425s] Level 1:colcon.colcon_core.environment:checking '/home/student/sensor_platform_ws/install/platform_description/lib/python3.10/site-packages'
[1.425s] Level 1:colcon.colcon_core.environment:checking '/home/student/sensor_platform_ws/install/platform_description/bin'
[1.425s] INFO:colcon.colcon_core.shell:Creating package script '/home/student/sensor_platform_ws/install/platform_description/share/platform_description/package.ps1'
[1.426s] INFO:colcon.colcon_core.shell:Creating package descriptor '/home/student/sensor_platform_ws/install/platform_description/share/platform_description/package.dsv'
[1.426s] INFO:colcon.colcon_core.shell:Creating package script '/home/student/sensor_platform_ws/install/platform_description/share/platform_description/package.sh'
[1.427s] INFO:colcon.colcon_core.shell:Creating package script '/home/student/sensor_platform_ws/install/platform_description/share/platform_description/package.bash'
[1.427s] INFO:colcon.colcon_core.shell:Creating package script '/home/student/sensor_platform_ws/install/platform_description/share/platform_description/package.zsh'
[1.427s] Level 1:colcon.colcon_core.environment:create_file_with_runtime_dependencies(/home/student/sensor_platform_ws/install/platform_description/share/colcon-core/packages/platform_description)
[1.428s] Level 1:colcon.colcon_core.environment:create_environment_scripts_only(platform_description)
[1.428s] Level 1:colcon.colcon_core.environment:checking '/home/student/sensor_platform_ws/install/platform_description' for CMake module files
[1.431s] Level 1:colcon.colcon_core.environment:checking '/home/student/sensor_platform_ws/install/platform_description' for CMake config files
[1.432s] Level 1:colcon.colcon_core.shell:create_environment_hook('platform_description', 'cmake_prefix_path')
[1.432s] INFO:colcon.colcon_core.shell:Creating environment hook '/home/student/sensor_platform_ws/install/platform_description/share/platform_description/hook/cmake_prefix_path.ps1'
[1.432s] INFO:colcon.colcon_core.shell:Creating environment descriptor '/home/student/sensor_platform_ws/install/platform_description/share/platform_description/hook/cmake_prefix_path.dsv'
[1.432s] INFO:colcon.colcon_core.shell:Creating environment hook '/home/student/sensor_platform_ws/install/platform_description/share/platform_description/hook/cmake_prefix_path.sh'
[1.433s] Level 1:colcon.colcon_core.environment:checking '/home/student/sensor_platform_ws/install/platform_description/bin'
[1.433s] Level 1:colcon.colcon_core.environment:checking '/home/student/sensor_platform_ws/install/platform_description/lib/pkgconfig/platform_description.pc'
[1.433s] Level 1:colcon.colcon_core.environment:checking '/home/student/sensor_platform_ws/install/platform_description/lib/python3.10/site-packages'
[1.433s] Level 1:colcon.colcon_core.environment:checking '/home/student/sensor_platform_ws/install/platform_description/bin'
[1.434s] INFO:colcon.colcon_core.shell:Creating package script '/home/student/sensor_platform_ws/install/platform_description/share/platform_description/package.ps1'
[1.434s] INFO:colcon.colcon_core.shell:Creating package descriptor '/home/student/sensor_platform_ws/install/platform_description/share/platform_description/package.dsv'
[1.436s] INFO:colcon.colcon_core.shell:Creating package script '/home/student/sensor_platform_ws/install/platform_description/share/platform_description/package.sh'
[1.436s] INFO:colcon.colcon_core.shell:Creating package script '/home/student/sensor_platform_ws/install/platform_description/share/platform_description/package.bash'
[1.437s] INFO:colcon.colcon_core.shell:Creating package script '/home/student/sensor_platform_ws/install/platform_description/share/platform_description/package.zsh'
[1.437s] Level 1:colcon.colcon_core.environment:create_file_with_runtime_dependencies(/home/student/sensor_platform_ws/install/platform_description/share/colcon-core/packages/platform_description)
[1.440s] Level 1:colcon.colcon_core.environment:create_environment_scripts_only(platform_interfaces)
[1.441s] Level 1:colcon.colcon_core.environment:checking '/home/student/sensor_platform_ws/install/platform_interfaces' for CMake module files
[1.441s] Level 1:colcon.colcon_core.environment:checking '/home/student/sensor_platform_ws/install/platform_interfaces' for CMake config files
[1.442s] Level 1:colcon.colcon_core.shell:create_environment_hook('platform_interfaces', 'cmake_prefix_path')
[1.442s] INFO:colcon.colcon_core.shell:Creating environment hook '/home/student/sensor_platform_ws/install/platform_interfaces/share/platform_interfaces/hook/cmake_prefix_path.ps1'
[1.442s] INFO:colcon.colcon_core.shell:Creating environment descriptor '/home/student/sensor_platform_ws/install/platform_interfaces/share/platform_interfaces/hook/cmake_prefix_path.dsv'
[1.441s] DEBUG:colcon.colcon_core.event_handler.log_command:Invoked command in '/home/student/sensor_platform_ws/build/platform_interfaces' returned '0': CMAKE_PREFIX_PATH=/opt/ros/humble /usr/bin/cmake --install /home/student/sensor_platform_ws/build/platform_interfaces
[1.448s] INFO:colcon.colcon_core.shell:Creating environment hook '/home/student/sensor_platform_ws/install/platform_interfaces/share/platform_interfaces/hook/cmake_prefix_path.sh'
[1.448s] Level 1:colcon.colcon_core.environment:checking '/home/student/sensor_platform_ws/install/platform_interfaces/bin'
[1.448s] Level 1:colcon.colcon_core.environment:checking '/home/student/sensor_platform_ws/install/platform_interfaces/lib/pkgconfig/platform_interfaces.pc'
[1.449s] Level 1:colcon.colcon_core.environment:checking '/home/student/sensor_platform_ws/install/platform_interfaces/lib/python3.10/site-packages'
[1.449s] Level 1:colcon.colcon_core.environment:checking '/home/student/sensor_platform_ws/install/platform_interfaces/bin'
[1.449s] INFO:colcon.colcon_core.shell:Creating package script '/home/student/sensor_platform_ws/install/platform_interfaces/share/platform_interfaces/package.ps1'
[1.450s] INFO:colcon.colcon_core.shell:Creating package descriptor '/home/student/sensor_platform_ws/install/platform_interfaces/share/platform_interfaces/package.dsv'
[1.450s] INFO:colcon.colcon_core.shell:Creating package script '/home/student/sensor_platform_ws/install/platform_interfaces/share/platform_interfaces/package.sh'
[1.450s] INFO:colcon.colcon_core.shell:Creating package script '/home/student/sensor_platform_ws/install/platform_interfaces/share/platform_interfaces/package.bash'
[1.451s] INFO:colcon.colcon_core.shell:Creating package script '/home/student/sensor_platform_ws/install/platform_interfaces/share/platform_interfaces/package.zsh'
[1.452s] Level 1:colcon.colcon_core.environment:create_file_with_runtime_dependencies(/home/student/sensor_platform_ws/install/platform_interfaces/share/colcon-core/packages/platform_interfaces)
[1.452s] Level 1:colcon.colcon_core.environment:create_environment_scripts_only(platform_interfaces)
[1.452s] Level 1:colcon.colcon_core.environment:checking '/home/student/sensor_platform_ws/install/platform_interfaces' for CMake module files
[1.453s] Level 1:colcon.colcon_core.environment:checking '/home/student/sensor_platform_ws/install/platform_interfaces' for CMake config files
[1.453s] Level 1:colcon.colcon_core.shell:create_environment_hook('platform_interfaces', 'cmake_prefix_path')
[1.453s] INFO:colcon.colcon_core.shell:Creating environment hook '/home/student/sensor_platform_ws/install/platform_interfaces/share/platform_interfaces/hook/cmake_prefix_path.ps1'
[1.453s] INFO:colcon.colcon_core.shell:Creating environment descriptor '/home/student/sensor_platform_ws/install/platform_interfaces/share/platform_interfaces/hook/cmake_prefix_path.dsv'
[1.454s] INFO:colcon.colcon_core.shell:Creating environment hook '/home/student/sensor_platform_ws/install/platform_interfaces/share/platform_interfaces/hook/cmake_prefix_path.sh'
[1.454s] Level 1:colcon.colcon_core.environment:checking '/home/student/sensor_platform_ws/install/platform_interfaces/bin'
[1.454s] Level 1:colcon.colcon_core.environment:checking '/home/student/sensor_platform_ws/install/platform_interfaces/lib/pkgconfig/platform_interfaces.pc'
[1.454s] Level 1:colcon.colcon_core.environment:checking '/home/student/sensor_platform_ws/install/platform_interfaces/lib/python3.10/site-packages'
[1.455s] Level 1:colcon.colcon_core.environment:checking '/home/student/sensor_platform_ws/install/platform_interfaces/bin'
[1.455s] INFO:colcon.colcon_core.shell:Creating package script '/home/student/sensor_platform_ws/install/platform_interfaces/share/platform_interfaces/package.ps1'
[1.455s] INFO:colcon.colcon_core.shell:Creating package descriptor '/home/student/sensor_platform_ws/install/platform_interfaces/share/platform_interfaces/package.dsv'
[1.456s] INFO:colcon.colcon_core.shell:Creating package script '/home/student/sensor_platform_ws/install/platform_interfaces/share/platform_interfaces/package.sh'
[1.456s] INFO:colcon.colcon_core.shell:Creating package script '/home/student/sensor_platform_ws/install/platform_interfaces/share/platform_interfaces/package.bash'
[1.456s] INFO:colcon.colcon_core.shell:Creating package script '/home/student/sensor_platform_ws/install/platform_interfaces/share/platform_interfaces/package.zsh'
[1.457s] Level 1:colcon.colcon_core.environment:create_file_with_runtime_dependencies(/home/student/sensor_platform_ws/install/platform_interfaces/share/colcon-core/packages/platform_interfaces)
[1.460s] DEBUG:colcon.colcon_core.event_handler.log_command:Invoked command in '/home/student/sensor_platform_ws/build/uavcan_bridge' returned '0': CMAKE_PREFIX_PATH=/opt/ros/humble /usr/bin/cmake --build /home/student/sensor_platform_ws/build/uavcan_bridge -- -j8 -l8
[1.460s] DEBUG:colcon.colcon_core.event_handler.log_command:Invoking command in '/home/student/sensor_platform_ws/build/uavcan_bridge': CMAKE_PREFIX_PATH=/opt/ros/humble /usr/bin/cmake --install /home/student/sensor_platform_ws/build/uavcan_bridge
[1.461s] DEBUG:colcon.colcon_core.event_handler.log_command:Invoked command in '/home/student/sensor_platform_ws/build/platform_processing' returned '0': CMAKE_PREFIX_PATH=/opt/ros/humble /usr/bin/cmake --build /home/student/sensor_platform_ws/build/platform_processing -- -j8 -l8
[1.461s] DEBUG:colcon.colcon_core.event_handler.log_command:Invoking command in '/home/student/sensor_platform_ws/build/platform_processing': CMAKE_PREFIX_PATH=/opt/ros/humble /usr/bin/cmake --install /home/student/sensor_platform_ws/build/platform_processing
[1.486s] Level 1:colcon.colcon_core.environment:create_environment_scripts_only(uavcan_bridge)
[1.486s] Level 1:colcon.colcon_core.environment:checking '/home/student/sensor_platform_ws/install/uavcan_bridge' for CMake module files
[1.488s] DEBUG:colcon.colcon_core.event_handler.log_command:Invoked command in '/home/student/sensor_platform_ws/build/uavcan_bridge' returned '0': CMAKE_PREFIX_PATH=/opt/ros/humble /usr/bin/cmake --install /home/student/sensor_platform_ws/build/uavcan_bridge
[1.488s] Level 1:colcon.colcon_core.environment:checking '/home/student/sensor_platform_ws/install/uavcan_bridge' for CMake config files
[1.488s] Level 1:colcon.colcon_core.shell:create_environment_hook('uavcan_bridge', 'cmake_prefix_path')
[1.488s] INFO:colcon.colcon_core.shell:Creating environment hook '/home/student/sensor_platform_ws/install/uavcan_bridge/share/uavcan_bridge/hook/cmake_prefix_path.ps1'
[1.489s] INFO:colcon.colcon_core.shell:Creating environment descriptor '/home/student/sensor_platform_ws/install/uavcan_bridge/share/uavcan_bridge/hook/cmake_prefix_path.dsv'
[1.489s] INFO:colcon.colcon_core.shell:Creating environment hook '/home/student/sensor_platform_ws/install/uavcan_bridge/share/uavcan_bridge/hook/cmake_prefix_path.sh'
[1.489s] Level 1:colcon.colcon_core.environment:checking '/home/student/sensor_platform_ws/install/uavcan_bridge/lib'
[1.489s] Level 1:colcon.colcon_core.shell:create_environment_hook('uavcan_bridge', 'ld_library_path_lib')
[1.490s] INFO:colcon.colcon_core.shell:Creating environment hook '/home/student/sensor_platform_ws/install/uavcan_bridge/share/uavcan_bridge/hook/ld_library_path_lib.ps1'
[1.490s] INFO:colcon.colcon_core.shell:Creating environment descriptor '/home/student/sensor_platform_ws/install/uavcan_bridge/share/uavcan_bridge/hook/ld_library_path_lib.dsv'
[1.490s] INFO:colcon.colcon_core.shell:Creating environment hook '/home/student/sensor_platform_ws/install/uavcan_bridge/share/uavcan_bridge/hook/ld_library_path_lib.sh'
[1.491s] Level 1:colcon.colcon_core.environment:checking '/home/student/sensor_platform_ws/install/uavcan_bridge/bin'
[1.491s] Level 1:colcon.colcon_core.environment:checking '/home/student/sensor_platform_ws/install/uavcan_bridge/lib/pkgconfig/uavcan_bridge.pc'
[1.491s] Level 1:colcon.colcon_core.environment:checking '/home/student/sensor_platform_ws/install/uavcan_bridge/lib/python3.10/site-packages'
[1.491s] Level 1:colcon.colcon_core.environment:checking '/home/student/sensor_platform_ws/install/uavcan_bridge/bin'
[1.492s] INFO:colcon.colcon_core.shell:Creating package script '/home/student/sensor_platform_ws/install/uavcan_bridge/share/uavcan_bridge/package.ps1'
[1.492s] INFO:colcon.colcon_core.shell:Creating package descriptor '/home/student/sensor_platform_ws/install/uavcan_bridge/share/uavcan_bridge/package.dsv'
[1.493s] INFO:colcon.colcon_core.shell:Creating package script '/home/student/sensor_platform_ws/install/uavcan_bridge/share/uavcan_bridge/package.sh'
[1.493s] INFO:colcon.colcon_core.shell:Creating package script '/home/student/sensor_platform_ws/install/uavcan_bridge/share/uavcan_bridge/package.bash'
[1.493s] INFO:colcon.colcon_core.shell:Creating package script '/home/student/sensor_platform_ws/install/uavcan_bridge/share/uavcan_bridge/package.zsh'
[1.493s] Level 1:colcon.colcon_core.environment:create_file_with_runtime_dependencies(/home/student/sensor_platform_ws/install/uavcan_bridge/share/colcon-core/packages/uavcan_bridge)
[1.494s] Level 1:colcon.colcon_core.environment:create_environment_scripts_only(uavcan_bridge)
[1.494s] Level 1:colcon.colcon_core.environment:checking '/home/student/sensor_platform_ws/install/uavcan_bridge' for CMake module files
[1.495s] Level 1:colcon.colcon_core.environment:checking '/home/student/sensor_platform_ws/install/uavcan_bridge' for CMake config files
[1.495s] Level 1:colcon.colcon_core.shell:create_environment_hook('uavcan_bridge', 'cmake_prefix_path')
[1.495s] INFO:colcon.colcon_core.shell:Creating environment hook '/home/student/sensor_platform_ws/install/uavcan_bridge/share/uavcan_bridge/hook/cmake_prefix_path.ps1'
[1.495s] INFO:colcon.colcon_core.shell:Creating environment descriptor '/home/student/sensor_platform_ws/install/uavcan_bridge/share/uavcan_bridge/hook/cmake_prefix_path.dsv'
[1.496s] INFO:colcon.colcon_core.shell:Creating environment hook '/home/student/sensor_platform_ws/install/uavcan_bridge/share/uavcan_bridge/hook/cmake_prefix_path.sh'
[1.496s] Level 1:colcon.colcon_core.environment:checking '/home/student/sensor_platform_ws/install/uavcan_bridge/lib'
[1.496s] Level 1:colcon.colcon_core.shell:create_environment_hook('uavcan_bridge', 'ld_library_path_lib')
[1.496s] INFO:colcon.colcon_core.shell:Creating environment hook '/home/student/sensor_platform_ws/install/uavcan_bridge/share/uavcan_bridge/hook/ld_library_path_lib.ps1'
[1.497s] INFO:colcon.colcon_core.shell:Creating environment descriptor '/home/student/sensor_platform_ws/install/uavcan_bridge/share/uavcan_bridge/hook/ld_library_path_lib.dsv'
[1.497s] INFO:colcon.colcon_core.shell:Creating environment hook '/home/student/sensor_platform_ws/install/uavcan_bridge/share/uavcan_bridge/hook/ld_library_path_lib.sh'
[1.497s] Level 1:colcon.colcon_core.environment:checking '/home/student/sensor_platform_ws/install/uavcan_bridge/bin'
[1.497s] Level 1:colcon.colcon_core.environment:checking '/home/student/sensor_platform_ws/install/uavcan_bridge/lib/pkgconfig/uavcan_bridge.pc'
[1.497s] Level 1:colcon.colcon_core.environment:checking '/home/student/sensor_platform_ws/install/uavcan_bridge/lib/python3.10/site-packages'
[1.498s] Level 1:colcon.colcon_core.environment:checking '/home/student/sensor_platform_ws/install/uavcan_bridge/bin'
[1.498s] INFO:colcon.colcon_core.shell:Creating package script '/home/student/sensor_platform_ws/install/uavcan_bridge/share/uavcan_bridge/package.ps1'
[1.499s] INFO:colcon.colcon_core.shell:Creating package descriptor '/home/student/sensor_platform_ws/install/uavcan_bridge/share/uavcan_bridge/package.dsv'
[1.499s] INFO:colcon.colcon_core.shell:Creating package script '/home/student/sensor_platform_ws/install/uavcan_bridge/share/uavcan_bridge/package.sh'
[1.499s] INFO:colcon.colcon_core.shell:Creating package script '/home/student/sensor_platform_ws/install/uavcan_bridge/share/uavcan_bridge/package.bash'
[1.500s] INFO:colcon.colcon_core.shell:Creating package script '/home/student/sensor_platform_ws/install/uavcan_bridge/share/uavcan_bridge/package.zsh'
[1.500s] Level 1:colcon.colcon_core.environment:create_file_with_runtime_dependencies(/home/student/sensor_platform_ws/install/uavcan_bridge/share/colcon-core/packages/uavcan_bridge)
[1.501s] Level 1:colcon.colcon_core.environment:create_environment_scripts_only(platform_processing)
[1.501s] Level 1:colcon.colcon_core.environment:checking '/home/student/sensor_platform_ws/install/platform_processing' for CMake module files
[1.501s] Level 1:colcon.colcon_core.environment:checking '/home/student/sensor_platform_ws/install/platform_processing' for CMake config files
[1.502s] Level 1:colcon.colcon_core.shell:create_environment_hook('platform_processing', 'cmake_prefix_path')
[1.502s] INFO:colcon.colcon_core.shell:Creating environment hook '/home/student/sensor_platform_ws/install/platform_processing/share/platform_processing/hook/cmake_prefix_path.ps1'
[1.502s] INFO:colcon.colcon_core.shell:Creating environment descriptor '/home/student/sensor_platform_ws/install/platform_processing/share/platform_processing/hook/cmake_prefix_path.dsv'
[1.503s] INFO:colcon.colcon_core.shell:Creating environment hook '/home/student/sensor_platform_ws/install/platform_processing/share/platform_processing/hook/cmake_prefix_path.sh'
[1.503s] Level 1:colcon.colcon_core.environment:checking '/home/student/sensor_platform_ws/install/platform_processing/lib'
[1.503s] Level 1:colcon.colcon_core.shell:create_environment_hook('platform_processing', 'ld_library_path_lib')
[1.503s] INFO:colcon.colcon_core.shell:Creating environment hook '/home/student/sensor_platform_ws/install/platform_processing/share/platform_processing/hook/ld_library_path_lib.ps1'
[1.504s] INFO:colcon.colcon_core.shell:Creating environment descriptor '/home/student/sensor_platform_ws/install/platform_processing/share/platform_processing/hook/ld_library_path_lib.dsv'
[1.504s] INFO:colcon.colcon_core.shell:Creating environment hook '/home/student/sensor_platform_ws/install/platform_processing/share/platform_processing/hook/ld_library_path_lib.sh'
[1.508s] DEBUG:colcon.colcon_core.event_handler.log_command:Invoked command in '/home/student/sensor_platform_ws/build/platform_processing' returned '0': CMAKE_PREFIX_PATH=/opt/ros/humble /usr/bin/cmake --install /home/student/sensor_platform_ws/build/platform_processing
[1.511s] Level 1:colcon.colcon_core.environment:checking '/home/student/sensor_platform_ws/install/platform_processing/bin'
[1.512s] Level 1:colcon.colcon_core.environment:checking '/home/student/sensor_platform_ws/install/platform_processing/lib/pkgconfig/platform_processing.pc'
[1.512s] Level 1:colcon.colcon_core.environment:checking '/home/student/sensor_platform_ws/install/platform_processing/lib/python3.10/site-packages'
[1.512s] Level 1:colcon.colcon_core.environment:checking '/home/student/sensor_platform_ws/install/platform_processing/bin'
[1.512s] INFO:colcon.colcon_core.shell:Creating package script '/home/student/sensor_platform_ws/install/platform_processing/share/platform_processing/package.ps1'
[1.513s] INFO:colcon.colcon_core.shell:Creating package descriptor '/home/student/sensor_platform_ws/install/platform_processing/share/platform_processing/package.dsv'
[1.513s] INFO:colcon.colcon_core.shell:Creating package script '/home/student/sensor_platform_ws/install/platform_processing/share/platform_processing/package.sh'
[1.514s] INFO:colcon.colcon_core.shell:Creating package script '/home/student/sensor_platform_ws/install/platform_processing/share/platform_processing/package.bash'
[1.514s] INFO:colcon.colcon_core.shell:Creating package script '/home/student/sensor_platform_ws/install/platform_processing/share/platform_processing/package.zsh'
[1.514s] Level 1:colcon.colcon_core.environment:create_file_with_runtime_dependencies(/home/student/sensor_platform_ws/install/platform_processing/share/colcon-core/packages/platform_processing)
[1.515s] Level 1:colcon.colcon_core.environment:create_environment_scripts_only(platform_processing)
[1.515s] Level 1:colcon.colcon_core.environment:checking '/home/student/sensor_platform_ws/install/platform_processing' for CMake module files
[1.516s] Level 1:colcon.colcon_core.environment:checking '/home/student/sensor_platform_ws/install/platform_processing' for CMake config files
[1.516s] Level 1:colcon.colcon_core.shell:create_environment_hook('platform_processing', 'cmake_prefix_path')
[1.516s] INFO:colcon.colcon_core.shell:Creating environment hook '/home/student/sensor_platform_ws/install/platform_processing/share/platform_processing/hook/cmake_prefix_path.ps1'
[1.516s] INFO:colcon.colcon_core.shell:Creating environment descriptor '/home/student/sensor_platform_ws/install/platform_processing/share/platform_processing/hook/cmake_prefix_path.dsv'
[1.517s] INFO:colcon.colcon_core.shell:Creating environment hook '/home/student/sensor_platform_ws/install/platform_processing/share/platform_processing/hook/cmake_prefix_path.sh'
[1.517s] Level 1:colcon.colcon_core.environment:checking '/home/student/sensor_platform_ws/install/platform_processing/lib'
[1.517s] Level 1:colcon.colcon_core.shell:create_environment_hook('platform_processing', 'ld_library_path_lib')
[1.517s] INFO:colcon.colcon_core.shell:Creating environment hook '/home/student/sensor_platform_ws/install/platform_processing/share/platform_processing/hook/ld_library_path_lib.ps1'
[1.522s] INFO:colcon.colcon_core.shell:Creating environment descriptor '/home/student/sensor_platform_ws/install/platform_processing/share/platform_processing/hook/ld_library_path_lib.dsv'
[1.522s] INFO:colcon.colcon_core.shell:Creating environment hook '/home/student/sensor_platform_ws/install/platform_processing/share/platform_processing/hook/ld_library_path_lib.sh'
[1.522s] Level 1:colcon.colcon_core.environment:checking '/home/student/sensor_platform_ws/install/platform_processing/bin'
[1.522s] Level 1:colcon.colcon_core.environment:checking '/home/student/sensor_platform_ws/install/platform_processing/lib/pkgconfig/platform_processing.pc'
[1.523s] Level 1:colcon.colcon_core.environment:checking '/home/student/sensor_platform_ws/install/platform_processing/lib/python3.10/site-packages'
[1.523s] Level 1:colcon.colcon_core.environment:checking '/home/student/sensor_platform_ws/install/platform_processing/bin'
[1.523s] INFO:colcon.colcon_core.shell:Creating package script '/home/student/sensor_platform_ws/install/platform_processing/share/platform_processing/package.ps1'
[1.524s] INFO:colcon.colcon_core.shell:Creating package descriptor '/home/student/sensor_platform_ws/install/platform_processing/share/platform_processing/package.dsv'
[1.526s] INFO:colcon.colcon_core.shell:Creating package script '/home/student/sensor_platform_ws/install/platform_processing/share/platform_processing/package.sh'
[1.527s] INFO:colcon.colcon_core.shell:Creating package script '/home/student/sensor_platform_ws/install/platform_processing/share/platform_processing/package.bash'
[1.527s] INFO:colcon.colcon_core.shell:Creating package script '/home/student/sensor_platform_ws/install/platform_processing/share/platform_processing/package.zsh'
[1.527s] Level 1:colcon.colcon_core.environment:create_file_with_runtime_dependencies(/home/student/sensor_platform_ws/install/platform_processing/share/colcon-core/packages/platform_processing)
[1.528s] DEBUG:colcon.colcon_parallel_executor.executor.parallel:closing loop
[1.528s] DEBUG:colcon.colcon_parallel_executor.executor.parallel:loop closed
[1.528s] DEBUG:colcon.colcon_parallel_executor.executor.parallel:run_until_complete finished with '0'
[1.528s] DEBUG:colcon.colcon_core.event_reactor:joining thread
[1.533s] INFO:colcon.colcon_core.plugin_system:Skipping extension 'colcon_notification.desktop_notification.terminal_notifier': Not used on non-Darwin systems
[1.533s] INFO:colcon.colcon_core.plugin_system:Skipping extension 'colcon_notification.desktop_notification.win32': Not used on non-Windows systems
[1.533s] INFO:colcon.colcon_notification.desktop_notification:Sending desktop notification using 'notify2'
[1.542s] DEBUG:colcon.colcon_core.event_reactor:joined thread
[1.543s] INFO:colcon.colcon_core.shell:Creating prefix script '/home/student/sensor_platform_ws/install/local_setup.ps1'
[1.564s] INFO:colcon.colcon_core.shell:Creating prefix util module '/home/student/sensor_platform_ws/install/_local_setup_util_ps1.py'
[1.565s] INFO:colcon.colcon_core.shell:Creating prefix chain script '/home/student/sensor_platform_ws/install/setup.ps1'
[1.613s] INFO:colcon.colcon_core.shell:Creating prefix script '/home/student/sensor_platform_ws/install/local_setup.sh'
[1.620s] INFO:colcon.colcon_core.shell:Creating prefix util module '/home/student/sensor_platform_ws/install/_local_setup_util_sh.py'
[1.620s] INFO:colcon.colcon_core.shell:Creating prefix chain script '/home/student/sensor_platform_ws/install/setup.sh'
[1.625s] INFO:colcon.colcon_core.shell:Creating prefix script '/home/student/sensor_platform_ws/install/local_setup.bash'
[1.630s] INFO:colcon.colcon_core.shell:Creating prefix chain script '/home/student/sensor_platform_ws/install/setup.bash'
[1.631s] INFO:colcon.colcon_core.shell:Creating prefix script '/home/student/sensor_platform_ws/install/local_setup.zsh'
[1.638s] INFO:colcon.colcon_core.shell:Creating prefix chain script '/home/student/sensor_platform_ws/install/setup.zsh'
