[0.447s] DEBUG:colcon:Command line arguments: ['/usr/bin/colcon', 'build', '--symlink-install']
[0.447s] DEBUG:colcon:Parsed command line arguments: Namespace(log_base=None, log_level=None, verb_name='build', build_base='build', install_base='install', merge_install=False, symlink_install=True, test_result_base=None, continue_on_error=False, executor='parallel', parallel_workers=8, event_handlers=None, ignore_user_meta=False, metas=['./colcon.meta'], base_paths=['.'], packages_ignore=None, packages_ignore_regex=None, paths=None, packages_up_to=None, packages_up_to_regex=None, packages_above=None, packages_above_and_dependencies=None, packages_above_depth=None, packages_select_by_dep=None, packages_skip_by_dep=None, packages_skip_up_to=None, packages_select_build_failed=False, packages_skip_build_finished=False, packages_select_test_failures=False, packages_skip_test_passed=False, packages_select=None, packages_skip=None, packages_select_regex=None, packages_skip_regex=None, packages_start=None, packages_end=None, allow_overriding=[], cmake_args=None, cmake_target=None, cmake_target_skip_unavailable=False, cmake_clean_cache=False, cmake_clean_first=False, cmake_force_configure=False, ament_cmake_args=None, catkin_cmake_args=None, catkin_skip_building_tests=False, verb_parser=<colcon_defaults.argument_parser.defaults.DefaultArgumentsDecorator object at 0x7eaef8975060>, verb_extension=<colcon_core.verb.build.BuildVerb object at 0x7eaef8af5750>, main=<bound method BuildVerb.main of <colcon_core.verb.build.BuildVerb object at 0x7eaef8af5750>>)
[0.944s] Level 1:colcon.colcon_core.package_discovery:discover_packages(colcon_meta) check parameters
[0.944s] Level 1:colcon.colcon_core.package_discovery:discover_packages(recursive) check parameters
[0.944s] Level 1:colcon.colcon_core.package_discovery:discover_packages(ignore) check parameters
[0.944s] Level 1:colcon.colcon_core.package_discovery:discover_packages(path) check parameters
[0.944s] Level 1:colcon.colcon_core.package_discovery:discover_packages(colcon_meta) discover
[0.944s] Level 1:colcon.colcon_core.package_discovery:discover_packages(recursive) discover
[0.944s] INFO:colcon.colcon_core.package_discovery:Crawling recursively for packages in '/home/student/sensor_platform_ws'
[0.945s] Level 1:colcon.colcon_core.package_identification:_identify(.) by extensions ['ignore', 'ignore_ament_install']
[0.945s] Level 1:colcon.colcon_core.package_identification:_identify(.) by extension 'ignore'
[0.945s] Level 1:colcon.colcon_core.package_identification:_identify(.) by extension 'ignore_ament_install'
[0.945s] Level 1:colcon.colcon_core.package_identification:_identify(.) by extensions ['colcon_pkg']
[0.945s] Level 1:colcon.colcon_core.package_identification:_identify(.) by extension 'colcon_pkg'
[0.945s] Level 1:colcon.colcon_core.package_identification:_identify(.) by extensions ['colcon_meta']
[0.945s] Level 1:colcon.colcon_core.package_identification:_identify(.) by extension 'colcon_meta'
[0.945s] Level 1:colcon.colcon_core.package_identification:_identify(.) by extensions ['ros']
[0.945s] Level 1:colcon.colcon_core.package_identification:_identify(.) by extension 'ros'
[0.974s] Level 1:colcon.colcon_core.package_identification:_identify(.) by extensions ['cmake', 'python']
[0.974s] Level 1:colcon.colcon_core.package_identification:_identify(.) by extension 'cmake'
[0.974s] Level 1:colcon.colcon_core.package_identification:_identify(.) by extension 'python'
[0.974s] Level 1:colcon.colcon_core.package_identification:_identify(.) by extensions ['python_setup_py']
[0.974s] Level 1:colcon.colcon_core.package_identification:_identify(.) by extension 'python_setup_py'
[0.977s] Level 1:colcon.colcon_core.package_identification:_identify(build) by extensions ['ignore', 'ignore_ament_install']
[0.977s] Level 1:colcon.colcon_core.package_identification:_identify(build) by extension 'ignore'
[0.977s] Level 1:colcon.colcon_core.package_identification:_identify(build) ignored
[0.977s] Level 1:colcon.colcon_core.package_identification:_identify(dronecan_env) by extensions ['ignore', 'ignore_ament_install']
[0.977s] Level 1:colcon.colcon_core.package_identification:_identify(dronecan_env) by extension 'ignore'
[0.977s] Level 1:colcon.colcon_core.package_identification:_identify(dronecan_env) ignored
[0.978s] Level 1:colcon.colcon_core.package_identification:_identify(install) by extensions ['ignore', 'ignore_ament_install']
[0.978s] Level 1:colcon.colcon_core.package_identification:_identify(install) by extension 'ignore'
[0.978s] Level 1:colcon.colcon_core.package_identification:_identify(install) ignored
[0.978s] Level 1:colcon.colcon_core.package_identification:_identify(log) by extensions ['ignore', 'ignore_ament_install']
[0.978s] Level 1:colcon.colcon_core.package_identification:_identify(log) by extension 'ignore'
[0.978s] Level 1:colcon.colcon_core.package_identification:_identify(log) ignored
[0.978s] Level 1:colcon.colcon_core.package_identification:_identify(src) by extensions ['ignore', 'ignore_ament_install']
[0.978s] Level 1:colcon.colcon_core.package_identification:_identify(src) by extension 'ignore'
[0.978s] Level 1:colcon.colcon_core.package_identification:_identify(src) by extension 'ignore_ament_install'
[0.978s] Level 1:colcon.colcon_core.package_identification:_identify(src) by extensions ['colcon_pkg']
[0.978s] Level 1:colcon.colcon_core.package_identification:_identify(src) by extension 'colcon_pkg'
[0.978s] Level 1:colcon.colcon_core.package_identification:_identify(src) by extensions ['colcon_meta']
[0.978s] Level 1:colcon.colcon_core.package_identification:_identify(src) by extension 'colcon_meta'
[0.978s] Level 1:colcon.colcon_core.package_identification:_identify(src) by extensions ['ros']
[0.978s] Level 1:colcon.colcon_core.package_identification:_identify(src) by extension 'ros'
[0.978s] Level 1:colcon.colcon_core.package_identification:_identify(src) by extensions ['cmake', 'python']
[0.978s] Level 1:colcon.colcon_core.package_identification:_identify(src) by extension 'cmake'
[0.978s] Level 1:colcon.colcon_core.package_identification:_identify(src) by extension 'python'
[0.978s] Level 1:colcon.colcon_core.package_identification:_identify(src) by extensions ['python_setup_py']
[0.978s] Level 1:colcon.colcon_core.package_identification:_identify(src) by extension 'python_setup_py'
[0.979s] Level 1:colcon.colcon_core.package_identification:_identify(src/hardware) by extensions ['ignore', 'ignore_ament_install']
[0.979s] Level 1:colcon.colcon_core.package_identification:_identify(src/hardware) by extension 'ignore'
[0.979s] Level 1:colcon.colcon_core.package_identification:_identify(src/hardware) by extension 'ignore_ament_install'
[0.979s] Level 1:colcon.colcon_core.package_identification:_identify(src/hardware) by extensions ['colcon_pkg']
[0.979s] Level 1:colcon.colcon_core.package_identification:_identify(src/hardware) by extension 'colcon_pkg'
[0.979s] Level 1:colcon.colcon_core.package_identification:_identify(src/hardware) by extensions ['colcon_meta']
[0.979s] Level 1:colcon.colcon_core.package_identification:_identify(src/hardware) by extension 'colcon_meta'
[0.979s] Level 1:colcon.colcon_core.package_identification:_identify(src/hardware) by extensions ['ros']
[0.979s] Level 1:colcon.colcon_core.package_identification:_identify(src/hardware) by extension 'ros'
[0.979s] Level 1:colcon.colcon_core.package_identification:_identify(src/hardware) by extensions ['cmake', 'python']
[0.979s] Level 1:colcon.colcon_core.package_identification:_identify(src/hardware) by extension 'cmake'
[0.979s] Level 1:colcon.colcon_core.package_identification:_identify(src/hardware) by extension 'python'
[0.979s] Level 1:colcon.colcon_core.package_identification:_identify(src/hardware) by extensions ['python_setup_py']
[0.979s] Level 1:colcon.colcon_core.package_identification:_identify(src/hardware) by extension 'python_setup_py'
[0.996s] Level 1:colcon.colcon_core.package_identification:_identify(src/hardware/uavcan_bridge) by extensions ['ignore', 'ignore_ament_install']
[0.996s] Level 1:colcon.colcon_core.package_identification:_identify(src/hardware/uavcan_bridge) by extension 'ignore'
[0.996s] Level 1:colcon.colcon_core.package_identification:_identify(src/hardware/uavcan_bridge) by extension 'ignore_ament_install'
[0.996s] Level 1:colcon.colcon_core.package_identification:_identify(src/hardware/uavcan_bridge) by extensions ['colcon_pkg']
[0.996s] Level 1:colcon.colcon_core.package_identification:_identify(src/hardware/uavcan_bridge) by extension 'colcon_pkg'
[0.996s] Level 1:colcon.colcon_core.package_identification:_identify(src/hardware/uavcan_bridge) by extensions ['colcon_meta']
[0.996s] Level 1:colcon.colcon_core.package_identification:_identify(src/hardware/uavcan_bridge) by extension 'colcon_meta'
[0.996s] Level 1:colcon.colcon_core.package_identification:_identify(src/hardware/uavcan_bridge) by extensions ['ros']
[0.996s] Level 1:colcon.colcon_core.package_identification:_identify(src/hardware/uavcan_bridge) by extension 'ros'
[1.011s] DEBUG:colcon.colcon_core.package_identification:Package 'src/hardware/uavcan_bridge' with type 'ros.ament_cmake' and name 'uavcan_bridge'
[1.011s] Level 1:colcon.colcon_core.package_identification:_identify(src/olive_networking) by extensions ['ignore', 'ignore_ament_install']
[1.011s] Level 1:colcon.colcon_core.package_identification:_identify(src/olive_networking) by extension 'ignore'
[1.011s] Level 1:colcon.colcon_core.package_identification:_identify(src/olive_networking) by extension 'ignore_ament_install'
[1.011s] Level 1:colcon.colcon_core.package_identification:_identify(src/olive_networking) by extensions ['colcon_pkg']
[1.011s] Level 1:colcon.colcon_core.package_identification:_identify(src/olive_networking) by extension 'colcon_pkg'
[1.011s] Level 1:colcon.colcon_core.package_identification:_identify(src/olive_networking) by extensions ['colcon_meta']
[1.011s] Level 1:colcon.colcon_core.package_identification:_identify(src/olive_networking) by extension 'colcon_meta'
[1.011s] Level 1:colcon.colcon_core.package_identification:_identify(src/olive_networking) by extensions ['ros']
[1.011s] Level 1:colcon.colcon_core.package_identification:_identify(src/olive_networking) by extension 'ros'
[1.028s] DEBUG:colcon.colcon_core.package_identification:Package 'src/olive_networking' with type 'ros.ament_cmake' and name 'olive_networking'
[1.028s] Level 1:colcon.colcon_core.package_identification:_identify(src/platform_bringup) by extensions ['ignore', 'ignore_ament_install']
[1.028s] Level 1:colcon.colcon_core.package_identification:_identify(src/platform_bringup) by extension 'ignore'
[1.028s] Level 1:colcon.colcon_core.package_identification:_identify(src/platform_bringup) by extension 'ignore_ament_install'
[1.028s] Level 1:colcon.colcon_core.package_identification:_identify(src/platform_bringup) by extensions ['colcon_pkg']
[1.029s] Level 1:colcon.colcon_core.package_identification:_identify(src/platform_bringup) by extension 'colcon_pkg'
[1.029s] Level 1:colcon.colcon_core.package_identification:_identify(src/platform_bringup) by extensions ['colcon_meta']
[1.029s] Level 1:colcon.colcon_core.package_identification:_identify(src/platform_bringup) by extension 'colcon_meta'
[1.029s] Level 1:colcon.colcon_core.package_identification:_identify(src/platform_bringup) by extensions ['ros']
[1.029s] Level 1:colcon.colcon_core.package_identification:_identify(src/platform_bringup) by extension 'ros'
[1.036s] DEBUG:colcon.colcon_core.package_identification:Package 'src/platform_bringup' with type 'ros.ament_cmake' and name 'platform_bringup'
[1.036s] Level 1:colcon.colcon_core.package_identification:_identify(src/platform_description) by extensions ['ignore', 'ignore_ament_install']
[1.036s] Level 1:colcon.colcon_core.package_identification:_identify(src/platform_description) by extension 'ignore'
[1.036s] Level 1:colcon.colcon_core.package_identification:_identify(src/platform_description) by extension 'ignore_ament_install'
[1.036s] Level 1:colcon.colcon_core.package_identification:_identify(src/platform_description) by extensions ['colcon_pkg']
[1.036s] Level 1:colcon.colcon_core.package_identification:_identify(src/platform_description) by extension 'colcon_pkg'
[1.036s] Level 1:colcon.colcon_core.package_identification:_identify(src/platform_description) by extensions ['colcon_meta']
[1.036s] Level 1:colcon.colcon_core.package_identification:_identify(src/platform_description) by extension 'colcon_meta'
[1.036s] Level 1:colcon.colcon_core.package_identification:_identify(src/platform_description) by extensions ['ros']
[1.036s] Level 1:colcon.colcon_core.package_identification:_identify(src/platform_description) by extension 'ros'
[1.052s] DEBUG:colcon.colcon_core.package_identification:Package 'src/platform_description' with type 'ros.ament_cmake' and name 'platform_description'
[1.052s] Level 1:colcon.colcon_core.package_identification:_identify(src/platform_interfaces) by extensions ['ignore', 'ignore_ament_install']
[1.052s] Level 1:colcon.colcon_core.package_identification:_identify(src/platform_interfaces) by extension 'ignore'
[1.052s] Level 1:colcon.colcon_core.package_identification:_identify(src/platform_interfaces) by extension 'ignore_ament_install'
[1.053s] Level 1:colcon.colcon_core.package_identification:_identify(src/platform_interfaces) by extensions ['colcon_pkg']
[1.053s] Level 1:colcon.colcon_core.package_identification:_identify(src/platform_interfaces) by extension 'colcon_pkg'
[1.053s] Level 1:colcon.colcon_core.package_identification:_identify(src/platform_interfaces) by extensions ['colcon_meta']
[1.053s] Level 1:colcon.colcon_core.package_identification:_identify(src/platform_interfaces) by extension 'colcon_meta'
[1.053s] Level 1:colcon.colcon_core.package_identification:_identify(src/platform_interfaces) by extensions ['ros']
[1.053s] Level 1:colcon.colcon_core.package_identification:_identify(src/platform_interfaces) by extension 'ros'
[1.066s] DEBUG:colcon.colcon_core.package_identification:Package 'src/platform_interfaces' with type 'ros.ament_cmake' and name 'platform_interfaces'
[1.067s] Level 1:colcon.colcon_core.package_identification:_identify(src/platform_processing) by extensions ['ignore', 'ignore_ament_install']
[1.067s] Level 1:colcon.colcon_core.package_identification:_identify(src/platform_processing) by extension 'ignore'
[1.067s] Level 1:colcon.colcon_core.package_identification:_identify(src/platform_processing) by extension 'ignore_ament_install'
[1.067s] Level 1:colcon.colcon_core.package_identification:_identify(src/platform_processing) by extensions ['colcon_pkg']
[1.067s] Level 1:colcon.colcon_core.package_identification:_identify(src/platform_processing) by extension 'colcon_pkg'
[1.067s] Level 1:colcon.colcon_core.package_identification:_identify(src/platform_processing) by extensions ['colcon_meta']
[1.067s] Level 1:colcon.colcon_core.package_identification:_identify(src/platform_processing) by extension 'colcon_meta'
[1.067s] Level 1:colcon.colcon_core.package_identification:_identify(src/platform_processing) by extensions ['ros']
[1.067s] Level 1:colcon.colcon_core.package_identification:_identify(src/platform_processing) by extension 'ros'
[1.076s] DEBUG:colcon.colcon_core.package_identification:Package 'src/platform_processing' with type 'ros.ament_cmake' and name 'platform_processing'
[1.076s] Level 1:colcon.colcon_core.package_discovery:discover_packages(recursive) using defaults
[1.076s] Level 1:colcon.colcon_core.package_discovery:discover_packages(ignore) discover
[1.076s] Level 1:colcon.colcon_core.package_discovery:discover_packages(ignore) using defaults
[1.076s] Level 1:colcon.colcon_core.package_discovery:discover_packages(path) discover
[1.076s] Level 1:colcon.colcon_core.package_discovery:discover_packages(path) using defaults
[1.170s] Level 1:colcon.colcon_core.package_discovery:discover_packages(prefix_path) check parameters
[1.170s] Level 1:colcon.colcon_core.package_discovery:discover_packages(prefix_path) discover
[1.278s] DEBUG:colcon.colcon_installed_package_information.package_discovery:Found 299 installed packages in /opt/ros/humble
[1.279s] Level 1:colcon.colcon_core.package_discovery:discover_packages(prefix_path) using defaults
[1.355s] Level 5:colcon.colcon_core.verb:set package 'olive_networking' build argument 'cmake_args' from command line to 'None'
[1.355s] Level 5:colcon.colcon_core.verb:set package 'olive_networking' build argument 'cmake_target' from command line to 'None'
[1.355s] Level 5:colcon.colcon_core.verb:set package 'olive_networking' build argument 'cmake_target_skip_unavailable' from command line to 'False'
[1.355s] Level 5:colcon.colcon_core.verb:set package 'olive_networking' build argument 'cmake_clean_cache' from command line to 'False'
[1.355s] Level 5:colcon.colcon_core.verb:set package 'olive_networking' build argument 'cmake_clean_first' from command line to 'False'
[1.355s] Level 5:colcon.colcon_core.verb:set package 'olive_networking' build argument 'cmake_force_configure' from command line to 'False'
[1.355s] Level 5:colcon.colcon_core.verb:set package 'olive_networking' build argument 'ament_cmake_args' from command line to 'None'
[1.355s] Level 5:colcon.colcon_core.verb:set package 'olive_networking' build argument 'catkin_cmake_args' from command line to 'None'
[1.355s] Level 5:colcon.colcon_core.verb:set package 'olive_networking' build argument 'catkin_skip_building_tests' from command line to 'False'
[1.355s] DEBUG:colcon.colcon_core.verb:Building package 'olive_networking' with the following arguments: {'ament_cmake_args': None, 'build_base': '/home/student/sensor_platform_ws/build/olive_networking', 'catkin_cmake_args': None, 'catkin_skip_building_tests': False, 'cmake_args': None, 'cmake_clean_cache': False, 'cmake_clean_first': False, 'cmake_force_configure': False, 'cmake_target': None, 'cmake_target_skip_unavailable': False, 'install_base': '/home/student/sensor_platform_ws/install/olive_networking', 'merge_install': False, 'path': '/home/student/sensor_platform_ws/src/olive_networking', 'symlink_install': True, 'test_result_base': None}
[1.356s] Level 5:colcon.colcon_core.verb:set package 'platform_bringup' build argument 'cmake_args' from command line to 'None'
[1.356s] Level 5:colcon.colcon_core.verb:set package 'platform_bringup' build argument 'cmake_target' from command line to 'None'
[1.356s] Level 5:colcon.colcon_core.verb:set package 'platform_bringup' build argument 'cmake_target_skip_unavailable' from command line to 'False'
[1.356s] Level 5:colcon.colcon_core.verb:set package 'platform_bringup' build argument 'cmake_clean_cache' from command line to 'False'
[1.356s] Level 5:colcon.colcon_core.verb:set package 'platform_bringup' build argument 'cmake_clean_first' from command line to 'False'
[1.356s] Level 5:colcon.colcon_core.verb:set package 'platform_bringup' build argument 'cmake_force_configure' from command line to 'False'
[1.356s] Level 5:colcon.colcon_core.verb:set package 'platform_bringup' build argument 'ament_cmake_args' from command line to 'None'
[1.356s] Level 5:colcon.colcon_core.verb:set package 'platform_bringup' build argument 'catkin_cmake_args' from command line to 'None'
[1.356s] Level 5:colcon.colcon_core.verb:set package 'platform_bringup' build argument 'catkin_skip_building_tests' from command line to 'False'
[1.356s] DEBUG:colcon.colcon_core.verb:Building package 'platform_bringup' with the following arguments: {'ament_cmake_args': None, 'build_base': '/home/student/sensor_platform_ws/build/platform_bringup', 'catkin_cmake_args': None, 'catkin_skip_building_tests': False, 'cmake_args': None, 'cmake_clean_cache': False, 'cmake_clean_first': False, 'cmake_force_configure': False, 'cmake_target': None, 'cmake_target_skip_unavailable': False, 'install_base': '/home/student/sensor_platform_ws/install/platform_bringup', 'merge_install': False, 'path': '/home/student/sensor_platform_ws/src/platform_bringup', 'symlink_install': True, 'test_result_base': None}
[1.356s] Level 5:colcon.colcon_core.verb:set package 'platform_description' build argument 'cmake_args' from command line to 'None'
[1.356s] Level 5:colcon.colcon_core.verb:set package 'platform_description' build argument 'cmake_target' from command line to 'None'
[1.356s] Level 5:colcon.colcon_core.verb:set package 'platform_description' build argument 'cmake_target_skip_unavailable' from command line to 'False'
[1.356s] Level 5:colcon.colcon_core.verb:set package 'platform_description' build argument 'cmake_clean_cache' from command line to 'False'
[1.356s] Level 5:colcon.colcon_core.verb:set package 'platform_description' build argument 'cmake_clean_first' from command line to 'False'
[1.356s] Level 5:colcon.colcon_core.verb:set package 'platform_description' build argument 'cmake_force_configure' from command line to 'False'
[1.356s] Level 5:colcon.colcon_core.verb:set package 'platform_description' build argument 'ament_cmake_args' from command line to 'None'
[1.356s] Level 5:colcon.colcon_core.verb:set package 'platform_description' build argument 'catkin_cmake_args' from command line to 'None'
[1.356s] Level 5:colcon.colcon_core.verb:set package 'platform_description' build argument 'catkin_skip_building_tests' from command line to 'False'
[1.356s] DEBUG:colcon.colcon_core.verb:Building package 'platform_description' with the following arguments: {'ament_cmake_args': None, 'build_base': '/home/student/sensor_platform_ws/build/platform_description', 'catkin_cmake_args': None, 'catkin_skip_building_tests': False, 'cmake_args': None, 'cmake_clean_cache': False, 'cmake_clean_first': False, 'cmake_force_configure': False, 'cmake_target': None, 'cmake_target_skip_unavailable': False, 'install_base': '/home/student/sensor_platform_ws/install/platform_description', 'merge_install': False, 'path': '/home/student/sensor_platform_ws/src/platform_description', 'symlink_install': True, 'test_result_base': None}
[1.356s] Level 5:colcon.colcon_core.verb:set package 'platform_interfaces' build argument 'cmake_args' from command line to 'None'
[1.357s] Level 5:colcon.colcon_core.verb:set package 'platform_interfaces' build argument 'cmake_target' from command line to 'None'
[1.357s] Level 5:colcon.colcon_core.verb:set package 'platform_interfaces' build argument 'cmake_target_skip_unavailable' from command line to 'False'
[1.357s] Level 5:colcon.colcon_core.verb:set package 'platform_interfaces' build argument 'cmake_clean_cache' from command line to 'False'
[1.357s] Level 5:colcon.colcon_core.verb:set package 'platform_interfaces' build argument 'cmake_clean_first' from command line to 'False'
[1.357s] Level 5:colcon.colcon_core.verb:set package 'platform_interfaces' build argument 'cmake_force_configure' from command line to 'False'
[1.357s] Level 5:colcon.colcon_core.verb:set package 'platform_interfaces' build argument 'ament_cmake_args' from command line to 'None'
[1.357s] Level 5:colcon.colcon_core.verb:set package 'platform_interfaces' build argument 'catkin_cmake_args' from command line to 'None'
[1.357s] Level 5:colcon.colcon_core.verb:set package 'platform_interfaces' build argument 'catkin_skip_building_tests' from command line to 'False'
[1.357s] DEBUG:colcon.colcon_core.verb:Building package 'platform_interfaces' with the following arguments: {'ament_cmake_args': None, 'build_base': '/home/student/sensor_platform_ws/build/platform_interfaces', 'catkin_cmake_args': None, 'catkin_skip_building_tests': False, 'cmake_args': None, 'cmake_clean_cache': False, 'cmake_clean_first': False, 'cmake_force_configure': False, 'cmake_target': None, 'cmake_target_skip_unavailable': False, 'install_base': '/home/student/sensor_platform_ws/install/platform_interfaces', 'merge_install': False, 'path': '/home/student/sensor_platform_ws/src/platform_interfaces', 'symlink_install': True, 'test_result_base': None}
[1.360s] Level 5:colcon.colcon_core.verb:set package 'platform_processing' build argument 'cmake_args' from command line to 'None'
[1.360s] Level 5:colcon.colcon_core.verb:set package 'platform_processing' build argument 'cmake_target' from command line to 'None'
[1.360s] Level 5:colcon.colcon_core.verb:set package 'platform_processing' build argument 'cmake_target_skip_unavailable' from command line to 'False'
[1.360s] Level 5:colcon.colcon_core.verb:set package 'platform_processing' build argument 'cmake_clean_cache' from command line to 'False'
[1.360s] Level 5:colcon.colcon_core.verb:set package 'platform_processing' build argument 'cmake_clean_first' from command line to 'False'
[1.360s] Level 5:colcon.colcon_core.verb:set package 'platform_processing' build argument 'cmake_force_configure' from command line to 'False'
[1.360s] Level 5:colcon.colcon_core.verb:set package 'platform_processing' build argument 'ament_cmake_args' from command line to 'None'
[1.360s] Level 5:colcon.colcon_core.verb:set package 'platform_processing' build argument 'catkin_cmake_args' from command line to 'None'
[1.360s] Level 5:colcon.colcon_core.verb:set package 'platform_processing' build argument 'catkin_skip_building_tests' from command line to 'False'
[1.360s] DEBUG:colcon.colcon_core.verb:Building package 'platform_processing' with the following arguments: {'ament_cmake_args': None, 'build_base': '/home/student/sensor_platform_ws/build/platform_processing', 'catkin_cmake_args': None, 'catkin_skip_building_tests': False, 'cmake_args': None, 'cmake_clean_cache': False, 'cmake_clean_first': False, 'cmake_force_configure': False, 'cmake_target': None, 'cmake_target_skip_unavailable': False, 'install_base': '/home/student/sensor_platform_ws/install/platform_processing', 'merge_install': False, 'path': '/home/student/sensor_platform_ws/src/platform_processing', 'symlink_install': True, 'test_result_base': None}
[1.360s] Level 5:colcon.colcon_core.verb:set package 'uavcan_bridge' build argument 'cmake_args' from command line to 'None'
[1.360s] Level 5:colcon.colcon_core.verb:set package 'uavcan_bridge' build argument 'cmake_target' from command line to 'None'
[1.360s] Level 5:colcon.colcon_core.verb:set package 'uavcan_bridge' build argument 'cmake_target_skip_unavailable' from command line to 'False'
[1.360s] Level 5:colcon.colcon_core.verb:set package 'uavcan_bridge' build argument 'cmake_clean_cache' from command line to 'False'
[1.360s] Level 5:colcon.colcon_core.verb:set package 'uavcan_bridge' build argument 'cmake_clean_first' from command line to 'False'
[1.361s] Level 5:colcon.colcon_core.verb:set package 'uavcan_bridge' build argument 'cmake_force_configure' from command line to 'False'
[1.361s] Level 5:colcon.colcon_core.verb:set package 'uavcan_bridge' build argument 'ament_cmake_args' from command line to 'None'
[1.361s] Level 5:colcon.colcon_core.verb:set package 'uavcan_bridge' build argument 'catkin_cmake_args' from command line to 'None'
[1.361s] Level 5:colcon.colcon_core.verb:set package 'uavcan_bridge' build argument 'catkin_skip_building_tests' from command line to 'False'
[1.361s] DEBUG:colcon.colcon_core.verb:Building package 'uavcan_bridge' with the following arguments: {'ament_cmake_args': None, 'build_base': '/home/student/sensor_platform_ws/build/uavcan_bridge', 'catkin_cmake_args': None, 'catkin_skip_building_tests': False, 'cmake_args': None, 'cmake_clean_cache': False, 'cmake_clean_first': False, 'cmake_force_configure': False, 'cmake_target': None, 'cmake_target_skip_unavailable': False, 'install_base': '/home/student/sensor_platform_ws/install/uavcan_bridge', 'merge_install': False, 'path': '/home/student/sensor_platform_ws/src/hardware/uavcan_bridge', 'symlink_install': True, 'test_result_base': None}
[1.361s] INFO:colcon.colcon_core.executor:Executing jobs using 'parallel' executor
[1.364s] DEBUG:colcon.colcon_parallel_executor.executor.parallel:run_until_complete
[1.365s] INFO:colcon.colcon_ros.task.ament_cmake.build:Building ROS package in '/home/student/sensor_platform_ws/src/olive_networking' with build type 'ament_cmake'
[1.365s] INFO:colcon.colcon_cmake.task.cmake.build:Building CMake package in '/home/student/sensor_platform_ws/src/olive_networking'
[1.370s] INFO:colcon.colcon_core.plugin_system:Skipping extension 'colcon_core.shell.bat': Not used on non-Windows systems
[1.370s] INFO:colcon.colcon_core.shell:Skip shell extension 'powershell' for command environment: Not usable outside of PowerShell
[1.370s] DEBUG:colcon.colcon_core.shell:Skip shell extension 'dsv' for command environment
[1.391s] INFO:colcon.colcon_ros.task.ament_cmake.build:Building ROS package in '/home/student/sensor_platform_ws/src/platform_bringup' with build type 'ament_cmake'
[1.391s] INFO:colcon.colcon_cmake.task.cmake.build:Building CMake package in '/home/student/sensor_platform_ws/src/platform_bringup'
[1.391s] INFO:colcon.colcon_core.shell:Skip shell extension 'powershell' for command environment: Not usable outside of PowerShell
[1.391s] DEBUG:colcon.colcon_core.shell:Skip shell extension 'dsv' for command environment
[1.402s] INFO:colcon.colcon_ros.task.ament_cmake.build:Building ROS package in '/home/student/sensor_platform_ws/src/platform_description' with build type 'ament_cmake'
[1.402s] INFO:colcon.colcon_cmake.task.cmake.build:Building CMake package in '/home/student/sensor_platform_ws/src/platform_description'
[1.402s] INFO:colcon.colcon_core.shell:Skip shell extension 'powershell' for command environment: Not usable outside of PowerShell
[1.402s] DEBUG:colcon.colcon_core.shell:Skip shell extension 'dsv' for command environment
[1.412s] INFO:colcon.colcon_ros.task.ament_cmake.build:Building ROS package in '/home/student/sensor_platform_ws/src/platform_interfaces' with build type 'ament_cmake'
[1.412s] INFO:colcon.colcon_cmake.task.cmake.build:Building CMake package in '/home/student/sensor_platform_ws/src/platform_interfaces'
[1.412s] INFO:colcon.colcon_core.shell:Skip shell extension 'powershell' for command environment: Not usable outside of PowerShell
[1.412s] DEBUG:colcon.colcon_core.shell:Skip shell extension 'dsv' for command environment
[1.420s] INFO:colcon.colcon_ros.task.ament_cmake.build:Building ROS package in '/home/student/sensor_platform_ws/src/platform_processing' with build type 'ament_cmake'
[1.420s] INFO:colcon.colcon_cmake.task.cmake.build:Building CMake package in '/home/student/sensor_platform_ws/src/platform_processing'
[1.420s] INFO:colcon.colcon_core.shell:Skip shell extension 'powershell' for command environment: Not usable outside of PowerShell
[1.420s] DEBUG:colcon.colcon_core.shell:Skip shell extension 'dsv' for command environment
[1.429s] INFO:colcon.colcon_ros.task.ament_cmake.build:Building ROS package in '/home/student/sensor_platform_ws/src/hardware/uavcan_bridge' with build type 'ament_cmake'
[1.429s] INFO:colcon.colcon_cmake.task.cmake.build:Building CMake package in '/home/student/sensor_platform_ws/src/hardware/uavcan_bridge'
[1.429s] INFO:colcon.colcon_core.shell:Skip shell extension 'powershell' for command environment: Not usable outside of PowerShell
[1.429s] DEBUG:colcon.colcon_core.shell:Skip shell extension 'dsv' for command environment
[1.460s] DEBUG:colcon.colcon_core.event_handler.log_command:Invoking command in '/home/student/sensor_platform_ws/build/olive_networking': CMAKE_PREFIX_PATH=/opt/ros/humble /usr/bin/cmake /home/student/sensor_platform_ws/src/olive_networking -DAMENT_CMAKE_SYMLINK_INSTALL=1 -DCMAKE_INSTALL_PREFIX=/home/student/sensor_platform_ws/install/olive_networking
[1.474s] DEBUG:colcon.colcon_core.event_handler.log_command:Invoking command in '/home/student/sensor_platform_ws/build/platform_bringup': CMAKE_PREFIX_PATH=/opt/ros/humble /usr/bin/cmake /home/student/sensor_platform_ws/src/platform_bringup -DAMENT_CMAKE_SYMLINK_INSTALL=1 -DCMAKE_INSTALL_PREFIX=/home/student/sensor_platform_ws/install/platform_bringup
[1.480s] DEBUG:colcon.colcon_core.event_handler.log_command:Invoking command in '/home/student/sensor_platform_ws/build/platform_description': CMAKE_PREFIX_PATH=/opt/ros/humble /usr/bin/cmake /home/student/sensor_platform_ws/src/platform_description -DAMENT_CMAKE_SYMLINK_INSTALL=1 -DCMAKE_INSTALL_PREFIX=/home/student/sensor_platform_ws/install/platform_description
[1.492s] DEBUG:colcon.colcon_core.event_handler.log_command:Invoking command in '/home/student/sensor_platform_ws/build/platform_interfaces': CMAKE_PREFIX_PATH=/opt/ros/humble /usr/bin/cmake /home/student/sensor_platform_ws/src/platform_interfaces -DAMENT_CMAKE_SYMLINK_INSTALL=1 -DCMAKE_INSTALL_PREFIX=/home/student/sensor_platform_ws/install/platform_interfaces
[1.544s] DEBUG:colcon.colcon_core.event_handler.log_command:Invoking command in '/home/student/sensor_platform_ws/build/platform_processing': CMAKE_PREFIX_PATH=/opt/ros/humble /usr/bin/cmake /home/student/sensor_platform_ws/src/platform_processing -DAMENT_CMAKE_SYMLINK_INSTALL=1 -DCMAKE_INSTALL_PREFIX=/home/student/sensor_platform_ws/install/platform_processing
[1.556s] DEBUG:colcon.colcon_core.event_handler.log_command:Invoking command in '/home/student/sensor_platform_ws/build/uavcan_bridge': CMAKE_PREFIX_PATH=/opt/ros/humble /usr/bin/cmake /home/student/sensor_platform_ws/src/hardware/uavcan_bridge -DAMENT_CMAKE_SYMLINK_INSTALL=1 -DCMAKE_INSTALL_PREFIX=/home/student/sensor_platform_ws/install/uavcan_bridge
[2.828s] DEBUG:colcon.colcon_core.event_handler.log_command:Invoked command in '/home/student/sensor_platform_ws/build/platform_bringup' returned '0': CMAKE_PREFIX_PATH=/opt/ros/humble /usr/bin/cmake /home/student/sensor_platform_ws/src/platform_bringup -DAMENT_CMAKE_SYMLINK_INSTALL=1 -DCMAKE_INSTALL_PREFIX=/home/student/sensor_platform_ws/install/platform_bringup
[2.829s] DEBUG:colcon.colcon_core.event_handler.log_command:Invoking command in '/home/student/sensor_platform_ws/build/platform_bringup': CMAKE_PREFIX_PATH=/opt/ros/humble /usr/bin/cmake --build /home/student/sensor_platform_ws/build/platform_bringup -- -j8 -l8
[2.889s] DEBUG:colcon.colcon_core.event_handler.log_command:Invoked command in '/home/student/sensor_platform_ws/build/platform_bringup' returned '0': CMAKE_PREFIX_PATH=/opt/ros/humble /usr/bin/cmake --build /home/student/sensor_platform_ws/build/platform_bringup -- -j8 -l8
[2.906s] DEBUG:colcon.colcon_core.event_handler.log_command:Invoking command in '/home/student/sensor_platform_ws/build/platform_bringup': CMAKE_PREFIX_PATH=/opt/ros/humble /usr/bin/cmake --install /home/student/sensor_platform_ws/build/platform_bringup
[2.915s] DEBUG:colcon.colcon_core.event_handler.log_command:Invoked command in '/home/student/sensor_platform_ws/build/olive_networking' returned '0': CMAKE_PREFIX_PATH=/opt/ros/humble /usr/bin/cmake /home/student/sensor_platform_ws/src/olive_networking -DAMENT_CMAKE_SYMLINK_INSTALL=1 -DCMAKE_INSTALL_PREFIX=/home/student/sensor_platform_ws/install/olive_networking
[2.916s] DEBUG:colcon.colcon_core.event_handler.log_command:Invoking command in '/home/student/sensor_platform_ws/build/olive_networking': CMAKE_PREFIX_PATH=/opt/ros/humble /usr/bin/cmake --build /home/student/sensor_platform_ws/build/olive_networking -- -j8 -l8
[2.949s] DEBUG:colcon.colcon_core.event_handler.log_command:Invoked command in '/home/student/sensor_platform_ws/build/platform_description' returned '0': CMAKE_PREFIX_PATH=/opt/ros/humble /usr/bin/cmake /home/student/sensor_platform_ws/src/platform_description -DAMENT_CMAKE_SYMLINK_INSTALL=1 -DCMAKE_INSTALL_PREFIX=/home/student/sensor_platform_ws/install/platform_description
[2.950s] DEBUG:colcon.colcon_core.event_handler.log_command:Invoking command in '/home/student/sensor_platform_ws/build/platform_description': CMAKE_PREFIX_PATH=/opt/ros/humble /usr/bin/cmake --build /home/student/sensor_platform_ws/build/platform_description -- -j8 -l8
[2.965s] DEBUG:colcon.colcon_core.event_handler.log_command:Invoked command in '/home/student/sensor_platform_ws/build/olive_networking' returned '0': CMAKE_PREFIX_PATH=/opt/ros/humble /usr/bin/cmake --build /home/student/sensor_platform_ws/build/olive_networking -- -j8 -l8
[2.969s] DEBUG:colcon.colcon_core.event_handler.log_command:Invoking command in '/home/student/sensor_platform_ws/build/olive_networking': CMAKE_PREFIX_PATH=/opt/ros/humble /usr/bin/cmake --install /home/student/sensor_platform_ws/build/olive_networking
[3.004s] Level 1:colcon.colcon_core.environment:create_environment_scripts_only(platform_bringup)
[3.006s] Level 1:colcon.colcon_core.environment:checking '/home/student/sensor_platform_ws/install/platform_bringup' for CMake module files
[3.007s] DEBUG:colcon.colcon_core.event_handler.log_command:Invoked command in '/home/student/sensor_platform_ws/build/platform_bringup' returned '0': CMAKE_PREFIX_PATH=/opt/ros/humble /usr/bin/cmake --install /home/student/sensor_platform_ws/build/platform_bringup
[3.010s] Level 1:colcon.colcon_core.environment:checking '/home/student/sensor_platform_ws/install/platform_bringup' for CMake config files
[3.014s] Level 1:colcon.colcon_core.shell:create_environment_hook('platform_bringup', 'cmake_prefix_path')
[3.014s] INFO:colcon.colcon_core.shell:Creating environment hook '/home/student/sensor_platform_ws/install/platform_bringup/share/platform_bringup/hook/cmake_prefix_path.ps1'
[3.015s] INFO:colcon.colcon_core.shell:Creating environment descriptor '/home/student/sensor_platform_ws/install/platform_bringup/share/platform_bringup/hook/cmake_prefix_path.dsv'
[3.015s] INFO:colcon.colcon_core.shell:Creating environment hook '/home/student/sensor_platform_ws/install/platform_bringup/share/platform_bringup/hook/cmake_prefix_path.sh'
[3.016s] Level 1:colcon.colcon_core.environment:checking '/home/student/sensor_platform_ws/install/platform_bringup/bin'
[3.016s] Level 1:colcon.colcon_core.environment:checking '/home/student/sensor_platform_ws/install/platform_bringup/lib/pkgconfig/platform_bringup.pc'
[3.016s] Level 1:colcon.colcon_core.environment:checking '/home/student/sensor_platform_ws/install/platform_bringup/lib/python3.10/site-packages'
[3.017s] Level 1:colcon.colcon_core.environment:checking '/home/student/sensor_platform_ws/install/platform_bringup/bin'
[3.017s] INFO:colcon.colcon_core.shell:Creating package script '/home/student/sensor_platform_ws/install/platform_bringup/share/platform_bringup/package.ps1'
[3.021s] INFO:colcon.colcon_core.shell:Creating package descriptor '/home/student/sensor_platform_ws/install/platform_bringup/share/platform_bringup/package.dsv'
[3.022s] INFO:colcon.colcon_core.shell:Creating package script '/home/student/sensor_platform_ws/install/platform_bringup/share/platform_bringup/package.sh'
[3.022s] INFO:colcon.colcon_core.shell:Creating package script '/home/student/sensor_platform_ws/install/platform_bringup/share/platform_bringup/package.bash'
[3.023s] INFO:colcon.colcon_core.shell:Creating package script '/home/student/sensor_platform_ws/install/platform_bringup/share/platform_bringup/package.zsh'
[3.024s] Level 1:colcon.colcon_core.environment:create_file_with_runtime_dependencies(/home/student/sensor_platform_ws/install/platform_bringup/share/colcon-core/packages/platform_bringup)
[3.027s] Level 1:colcon.colcon_core.environment:create_environment_scripts_only(platform_bringup)
[3.027s] Level 1:colcon.colcon_core.environment:checking '/home/student/sensor_platform_ws/install/platform_bringup' for CMake module files
[3.028s] Level 1:colcon.colcon_core.environment:checking '/home/student/sensor_platform_ws/install/platform_bringup' for CMake config files
[3.028s] Level 1:colcon.colcon_core.shell:create_environment_hook('platform_bringup', 'cmake_prefix_path')
[3.028s] INFO:colcon.colcon_core.shell:Creating environment hook '/home/student/sensor_platform_ws/install/platform_bringup/share/platform_bringup/hook/cmake_prefix_path.ps1'
[3.028s] INFO:colcon.colcon_core.shell:Creating environment descriptor '/home/student/sensor_platform_ws/install/platform_bringup/share/platform_bringup/hook/cmake_prefix_path.dsv'
[3.029s] INFO:colcon.colcon_core.shell:Creating environment hook '/home/student/sensor_platform_ws/install/platform_bringup/share/platform_bringup/hook/cmake_prefix_path.sh'
[3.029s] Level 1:colcon.colcon_core.environment:checking '/home/student/sensor_platform_ws/install/platform_bringup/bin'
[3.029s] Level 1:colcon.colcon_core.environment:checking '/home/student/sensor_platform_ws/install/platform_bringup/lib/pkgconfig/platform_bringup.pc'
[3.029s] Level 1:colcon.colcon_core.environment:checking '/home/student/sensor_platform_ws/install/platform_bringup/lib/python3.10/site-packages'
[3.030s] Level 1:colcon.colcon_core.environment:checking '/home/student/sensor_platform_ws/install/platform_bringup/bin'
[3.033s] INFO:colcon.colcon_core.shell:Creating package script '/home/student/sensor_platform_ws/install/platform_bringup/share/platform_bringup/package.ps1'
[3.034s] INFO:colcon.colcon_core.shell:Creating package descriptor '/home/student/sensor_platform_ws/install/platform_bringup/share/platform_bringup/package.dsv'
[3.034s] INFO:colcon.colcon_core.shell:Creating package script '/home/student/sensor_platform_ws/install/platform_bringup/share/platform_bringup/package.sh'
[3.034s] INFO:colcon.colcon_core.shell:Creating package script '/home/student/sensor_platform_ws/install/platform_bringup/share/platform_bringup/package.bash'
[3.035s] INFO:colcon.colcon_core.shell:Creating package script '/home/student/sensor_platform_ws/install/platform_bringup/share/platform_bringup/package.zsh'
[3.035s] Level 1:colcon.colcon_core.environment:create_file_with_runtime_dependencies(/home/student/sensor_platform_ws/install/platform_bringup/share/colcon-core/packages/platform_bringup)
[3.040s] Level 1:colcon.colcon_core.environment:create_environment_scripts_only(olive_networking)
[3.040s] Level 1:colcon.colcon_core.environment:checking '/home/student/sensor_platform_ws/install/olive_networking' for CMake module files
[3.041s] DEBUG:colcon.colcon_core.event_handler.log_command:Invoked command in '/home/student/sensor_platform_ws/build/olive_networking' returned '0': CMAKE_PREFIX_PATH=/opt/ros/humble /usr/bin/cmake --install /home/student/sensor_platform_ws/build/olive_networking
[3.042s] Level 1:colcon.colcon_core.environment:checking '/home/student/sensor_platform_ws/install/olive_networking' for CMake config files
[3.061s] Level 1:colcon.colcon_core.shell:create_environment_hook('olive_networking', 'cmake_prefix_path')
[3.061s] INFO:colcon.colcon_core.shell:Creating environment hook '/home/student/sensor_platform_ws/install/olive_networking/share/olive_networking/hook/cmake_prefix_path.ps1'
[3.061s] INFO:colcon.colcon_core.shell:Creating environment descriptor '/home/student/sensor_platform_ws/install/olive_networking/share/olive_networking/hook/cmake_prefix_path.dsv'
[3.061s] INFO:colcon.colcon_core.shell:Creating environment hook '/home/student/sensor_platform_ws/install/olive_networking/share/olive_networking/hook/cmake_prefix_path.sh'
[3.062s] Level 1:colcon.colcon_core.environment:checking '/home/student/sensor_platform_ws/install/olive_networking/lib'
[3.065s] Level 1:colcon.colcon_core.environment:checking '/home/student/sensor_platform_ws/install/olive_networking/bin'
[3.065s] Level 1:colcon.colcon_core.environment:checking '/home/student/sensor_platform_ws/install/olive_networking/lib/pkgconfig/olive_networking.pc'
[3.065s] Level 1:colcon.colcon_core.environment:checking '/home/student/sensor_platform_ws/install/olive_networking/lib/python3.10/site-packages'
[3.065s] Level 1:colcon.colcon_core.environment:checking '/home/student/sensor_platform_ws/install/olive_networking/bin'
[3.066s] INFO:colcon.colcon_core.shell:Creating package script '/home/student/sensor_platform_ws/install/olive_networking/share/olive_networking/package.ps1'
[3.066s] INFO:colcon.colcon_core.shell:Creating package descriptor '/home/student/sensor_platform_ws/install/olive_networking/share/olive_networking/package.dsv'
[3.066s] INFO:colcon.colcon_core.shell:Creating package script '/home/student/sensor_platform_ws/install/olive_networking/share/olive_networking/package.sh'
[3.070s] INFO:colcon.colcon_core.shell:Creating package script '/home/student/sensor_platform_ws/install/olive_networking/share/olive_networking/package.bash'
[3.070s] INFO:colcon.colcon_core.shell:Creating package script '/home/student/sensor_platform_ws/install/olive_networking/share/olive_networking/package.zsh'
[3.071s] Level 1:colcon.colcon_core.environment:create_file_with_runtime_dependencies(/home/student/sensor_platform_ws/install/olive_networking/share/colcon-core/packages/olive_networking)
[3.071s] Level 1:colcon.colcon_core.environment:create_environment_scripts_only(olive_networking)
[3.071s] Level 1:colcon.colcon_core.environment:checking '/home/student/sensor_platform_ws/install/olive_networking' for CMake module files
[3.072s] Level 1:colcon.colcon_core.environment:checking '/home/student/sensor_platform_ws/install/olive_networking' for CMake config files
[3.072s] Level 1:colcon.colcon_core.shell:create_environment_hook('olive_networking', 'cmake_prefix_path')
[3.072s] INFO:colcon.colcon_core.shell:Creating environment hook '/home/student/sensor_platform_ws/install/olive_networking/share/olive_networking/hook/cmake_prefix_path.ps1'
[3.073s] INFO:colcon.colcon_core.shell:Creating environment descriptor '/home/student/sensor_platform_ws/install/olive_networking/share/olive_networking/hook/cmake_prefix_path.dsv'
[3.073s] INFO:colcon.colcon_core.shell:Creating environment hook '/home/student/sensor_platform_ws/install/olive_networking/share/olive_networking/hook/cmake_prefix_path.sh'
[3.077s] Level 1:colcon.colcon_core.environment:checking '/home/student/sensor_platform_ws/install/olive_networking/lib'
[3.077s] Level 1:colcon.colcon_core.environment:checking '/home/student/sensor_platform_ws/install/olive_networking/bin'
[3.077s] Level 1:colcon.colcon_core.environment:checking '/home/student/sensor_platform_ws/install/olive_networking/lib/pkgconfig/olive_networking.pc'
[3.077s] Level 1:colcon.colcon_core.environment:checking '/home/student/sensor_platform_ws/install/olive_networking/lib/python3.10/site-packages'
[3.077s] Level 1:colcon.colcon_core.environment:checking '/home/student/sensor_platform_ws/install/olive_networking/bin'
[3.078s] INFO:colcon.colcon_core.shell:Creating package script '/home/student/sensor_platform_ws/install/olive_networking/share/olive_networking/package.ps1'
[3.078s] INFO:colcon.colcon_core.shell:Creating package descriptor '/home/student/sensor_platform_ws/install/olive_networking/share/olive_networking/package.dsv'
[3.079s] INFO:colcon.colcon_core.shell:Creating package script '/home/student/sensor_platform_ws/install/olive_networking/share/olive_networking/package.sh'
[3.079s] INFO:colcon.colcon_core.shell:Creating package script '/home/student/sensor_platform_ws/install/olive_networking/share/olive_networking/package.bash'
[3.079s] INFO:colcon.colcon_core.shell:Creating package script '/home/student/sensor_platform_ws/install/olive_networking/share/olive_networking/package.zsh'
[3.080s] Level 1:colcon.colcon_core.environment:create_file_with_runtime_dependencies(/home/student/sensor_platform_ws/install/olive_networking/share/colcon-core/packages/olive_networking)
[3.080s] DEBUG:colcon.colcon_core.event_handler.log_command:Invoked command in '/home/student/sensor_platform_ws/build/platform_description' returned '0': CMAKE_PREFIX_PATH=/opt/ros/humble /usr/bin/cmake --build /home/student/sensor_platform_ws/build/platform_description -- -j8 -l8
[3.085s] DEBUG:colcon.colcon_core.event_handler.log_command:Invoking command in '/home/student/sensor_platform_ws/build/platform_description': CMAKE_PREFIX_PATH=/opt/ros/humble /usr/bin/cmake --install /home/student/sensor_platform_ws/build/platform_description
[3.154s] Level 1:colcon.colcon_core.environment:create_environment_scripts_only(platform_description)
[3.154s] Level 1:colcon.colcon_core.environment:checking '/home/student/sensor_platform_ws/install/platform_description' for CMake module files
[3.155s] DEBUG:colcon.colcon_core.event_handler.log_command:Invoked command in '/home/student/sensor_platform_ws/build/platform_description' returned '0': CMAKE_PREFIX_PATH=/opt/ros/humble /usr/bin/cmake --install /home/student/sensor_platform_ws/build/platform_description
[3.156s] Level 1:colcon.colcon_core.environment:checking '/home/student/sensor_platform_ws/install/platform_description' for CMake config files
[3.284s] Level 1:colcon.colcon_core.shell:create_environment_hook('platform_description', 'cmake_prefix_path')
[3.285s] INFO:colcon.colcon_core.shell:Creating environment hook '/home/student/sensor_platform_ws/install/platform_description/share/platform_description/hook/cmake_prefix_path.ps1'
[3.285s] INFO:colcon.colcon_core.shell:Creating environment descriptor '/home/student/sensor_platform_ws/install/platform_description/share/platform_description/hook/cmake_prefix_path.dsv'
[3.285s] INFO:colcon.colcon_core.shell:Creating environment hook '/home/student/sensor_platform_ws/install/platform_description/share/platform_description/hook/cmake_prefix_path.sh'
[3.286s] Level 1:colcon.colcon_core.environment:checking '/home/student/sensor_platform_ws/install/platform_description/bin'
[3.286s] Level 1:colcon.colcon_core.environment:checking '/home/student/sensor_platform_ws/install/platform_description/lib/pkgconfig/platform_description.pc'
[3.286s] Level 1:colcon.colcon_core.environment:checking '/home/student/sensor_platform_ws/install/platform_description/lib/python3.10/site-packages'
[3.287s] Level 1:colcon.colcon_core.environment:checking '/home/student/sensor_platform_ws/install/platform_description/bin'
[3.287s] INFO:colcon.colcon_core.shell:Creating package script '/home/student/sensor_platform_ws/install/platform_description/share/platform_description/package.ps1'
[3.287s] INFO:colcon.colcon_core.shell:Creating package descriptor '/home/student/sensor_platform_ws/install/platform_description/share/platform_description/package.dsv'
[3.288s] INFO:colcon.colcon_core.shell:Creating package script '/home/student/sensor_platform_ws/install/platform_description/share/platform_description/package.sh'
[3.292s] INFO:colcon.colcon_core.shell:Creating package script '/home/student/sensor_platform_ws/install/platform_description/share/platform_description/package.bash'
[3.292s] INFO:colcon.colcon_core.shell:Creating package script '/home/student/sensor_platform_ws/install/platform_description/share/platform_description/package.zsh'
[3.293s] Level 1:colcon.colcon_core.environment:create_file_with_runtime_dependencies(/home/student/sensor_platform_ws/install/platform_description/share/colcon-core/packages/platform_description)
[3.293s] Level 1:colcon.colcon_core.environment:create_environment_scripts_only(platform_description)
[3.293s] Level 1:colcon.colcon_core.environment:checking '/home/student/sensor_platform_ws/install/platform_description' for CMake module files
[3.294s] Level 1:colcon.colcon_core.environment:checking '/home/student/sensor_platform_ws/install/platform_description' for CMake config files
[3.294s] Level 1:colcon.colcon_core.shell:create_environment_hook('platform_description', 'cmake_prefix_path')
[3.294s] INFO:colcon.colcon_core.shell:Creating environment hook '/home/student/sensor_platform_ws/install/platform_description/share/platform_description/hook/cmake_prefix_path.ps1'
[3.298s] INFO:colcon.colcon_core.shell:Creating environment descriptor '/home/student/sensor_platform_ws/install/platform_description/share/platform_description/hook/cmake_prefix_path.dsv'
[3.302s] INFO:colcon.colcon_core.shell:Creating environment hook '/home/student/sensor_platform_ws/install/platform_description/share/platform_description/hook/cmake_prefix_path.sh'
[3.302s] Level 1:colcon.colcon_core.environment:checking '/home/student/sensor_platform_ws/install/platform_description/bin'
[3.302s] Level 1:colcon.colcon_core.environment:checking '/home/student/sensor_platform_ws/install/platform_description/lib/pkgconfig/platform_description.pc'
[3.303s] Level 1:colcon.colcon_core.environment:checking '/home/student/sensor_platform_ws/install/platform_description/lib/python3.10/site-packages'
[3.303s] Level 1:colcon.colcon_core.environment:checking '/home/student/sensor_platform_ws/install/platform_description/bin'
[3.303s] INFO:colcon.colcon_core.shell:Creating package script '/home/student/sensor_platform_ws/install/platform_description/share/platform_description/package.ps1'
[3.304s] INFO:colcon.colcon_core.shell:Creating package descriptor '/home/student/sensor_platform_ws/install/platform_description/share/platform_description/package.dsv'
[3.304s] INFO:colcon.colcon_core.shell:Creating package script '/home/student/sensor_platform_ws/install/platform_description/share/platform_description/package.sh'
[3.304s] INFO:colcon.colcon_core.shell:Creating package script '/home/student/sensor_platform_ws/install/platform_description/share/platform_description/package.bash'
[3.305s] INFO:colcon.colcon_core.shell:Creating package script '/home/student/sensor_platform_ws/install/platform_description/share/platform_description/package.zsh'
[3.305s] Level 1:colcon.colcon_core.environment:create_file_with_runtime_dependencies(/home/student/sensor_platform_ws/install/platform_description/share/colcon-core/packages/platform_description)
[3.574s] DEBUG:colcon.colcon_core.event_handler.log_command:Invoked command in '/home/student/sensor_platform_ws/build/platform_interfaces' returned '0': CMAKE_PREFIX_PATH=/opt/ros/humble /usr/bin/cmake /home/student/sensor_platform_ws/src/platform_interfaces -DAMENT_CMAKE_SYMLINK_INSTALL=1 -DCMAKE_INSTALL_PREFIX=/home/student/sensor_platform_ws/install/platform_interfaces
[3.576s] DEBUG:colcon.colcon_core.event_handler.log_command:Invoking command in '/home/student/sensor_platform_ws/build/platform_interfaces': CMAKE_PREFIX_PATH=/opt/ros/humble /usr/bin/cmake --build /home/student/sensor_platform_ws/build/platform_interfaces -- -j8 -l8
[3.640s] DEBUG:colcon.colcon_core.event_handler.log_command:Invoked command in '/home/student/sensor_platform_ws/build/platform_interfaces' returned '0': CMAKE_PREFIX_PATH=/opt/ros/humble /usr/bin/cmake --build /home/student/sensor_platform_ws/build/platform_interfaces -- -j8 -l8
[3.645s] DEBUG:colcon.colcon_core.event_handler.log_command:Invoking command in '/home/student/sensor_platform_ws/build/platform_interfaces': CMAKE_PREFIX_PATH=/opt/ros/humble /usr/bin/cmake --install /home/student/sensor_platform_ws/build/platform_interfaces
[3.719s] Level 1:colcon.colcon_core.environment:create_environment_scripts_only(platform_interfaces)
[3.719s] Level 1:colcon.colcon_core.environment:checking '/home/student/sensor_platform_ws/install/platform_interfaces' for CMake module files
[3.720s] DEBUG:colcon.colcon_core.event_handler.log_command:Invoked command in '/home/student/sensor_platform_ws/build/platform_interfaces' returned '0': CMAKE_PREFIX_PATH=/opt/ros/humble /usr/bin/cmake --install /home/student/sensor_platform_ws/build/platform_interfaces
[3.748s] Level 1:colcon.colcon_core.environment:checking '/home/student/sensor_platform_ws/install/platform_interfaces' for CMake config files
[3.783s] Level 1:colcon.colcon_core.shell:create_environment_hook('platform_interfaces', 'cmake_prefix_path')
[3.783s] INFO:colcon.colcon_core.shell:Creating environment hook '/home/student/sensor_platform_ws/install/platform_interfaces/share/platform_interfaces/hook/cmake_prefix_path.ps1'
[3.784s] INFO:colcon.colcon_core.shell:Creating environment descriptor '/home/student/sensor_platform_ws/install/platform_interfaces/share/platform_interfaces/hook/cmake_prefix_path.dsv'
[3.784s] INFO:colcon.colcon_core.shell:Creating environment hook '/home/student/sensor_platform_ws/install/platform_interfaces/share/platform_interfaces/hook/cmake_prefix_path.sh'
[3.784s] Level 1:colcon.colcon_core.environment:checking '/home/student/sensor_platform_ws/install/platform_interfaces/bin'
[3.785s] Level 1:colcon.colcon_core.environment:checking '/home/student/sensor_platform_ws/install/platform_interfaces/lib/pkgconfig/platform_interfaces.pc'
[3.785s] Level 1:colcon.colcon_core.environment:checking '/home/student/sensor_platform_ws/install/platform_interfaces/lib/python3.10/site-packages'
[3.785s] Level 1:colcon.colcon_core.environment:checking '/home/student/sensor_platform_ws/install/platform_interfaces/bin'
[3.785s] INFO:colcon.colcon_core.shell:Creating package script '/home/student/sensor_platform_ws/install/platform_interfaces/share/platform_interfaces/package.ps1'
[3.786s] INFO:colcon.colcon_core.shell:Creating package descriptor '/home/student/sensor_platform_ws/install/platform_interfaces/share/platform_interfaces/package.dsv'
[3.787s] INFO:colcon.colcon_core.shell:Creating package script '/home/student/sensor_platform_ws/install/platform_interfaces/share/platform_interfaces/package.sh'
[3.787s] INFO:colcon.colcon_core.shell:Creating package script '/home/student/sensor_platform_ws/install/platform_interfaces/share/platform_interfaces/package.bash'
[3.788s] INFO:colcon.colcon_core.shell:Creating package script '/home/student/sensor_platform_ws/install/platform_interfaces/share/platform_interfaces/package.zsh'
[3.788s] Level 1:colcon.colcon_core.environment:create_file_with_runtime_dependencies(/home/student/sensor_platform_ws/install/platform_interfaces/share/colcon-core/packages/platform_interfaces)
[3.789s] Level 1:colcon.colcon_core.environment:create_environment_scripts_only(platform_interfaces)
[3.789s] Level 1:colcon.colcon_core.environment:checking '/home/student/sensor_platform_ws/install/platform_interfaces' for CMake module files
[3.789s] Level 1:colcon.colcon_core.environment:checking '/home/student/sensor_platform_ws/install/platform_interfaces' for CMake config files
[3.789s] Level 1:colcon.colcon_core.shell:create_environment_hook('platform_interfaces', 'cmake_prefix_path')
[3.789s] INFO:colcon.colcon_core.shell:Creating environment hook '/home/student/sensor_platform_ws/install/platform_interfaces/share/platform_interfaces/hook/cmake_prefix_path.ps1'
[3.790s] INFO:colcon.colcon_core.shell:Creating environment descriptor '/home/student/sensor_platform_ws/install/platform_interfaces/share/platform_interfaces/hook/cmake_prefix_path.dsv'
[3.793s] INFO:colcon.colcon_core.shell:Creating environment hook '/home/student/sensor_platform_ws/install/platform_interfaces/share/platform_interfaces/hook/cmake_prefix_path.sh'
[3.794s] Level 1:colcon.colcon_core.environment:checking '/home/student/sensor_platform_ws/install/platform_interfaces/bin'
[3.794s] Level 1:colcon.colcon_core.environment:checking '/home/student/sensor_platform_ws/install/platform_interfaces/lib/pkgconfig/platform_interfaces.pc'
[3.794s] Level 1:colcon.colcon_core.environment:checking '/home/student/sensor_platform_ws/install/platform_interfaces/lib/python3.10/site-packages'
[3.795s] Level 1:colcon.colcon_core.environment:checking '/home/student/sensor_platform_ws/install/platform_interfaces/bin'
[3.795s] INFO:colcon.colcon_core.shell:Creating package script '/home/student/sensor_platform_ws/install/platform_interfaces/share/platform_interfaces/package.ps1'
[3.795s] INFO:colcon.colcon_core.shell:Creating package descriptor '/home/student/sensor_platform_ws/install/platform_interfaces/share/platform_interfaces/package.dsv'
[3.796s] INFO:colcon.colcon_core.shell:Creating package script '/home/student/sensor_platform_ws/install/platform_interfaces/share/platform_interfaces/package.sh'
[3.796s] INFO:colcon.colcon_core.shell:Creating package script '/home/student/sensor_platform_ws/install/platform_interfaces/share/platform_interfaces/package.bash'
[3.797s] INFO:colcon.colcon_core.shell:Creating package script '/home/student/sensor_platform_ws/install/platform_interfaces/share/platform_interfaces/package.zsh'
[3.805s] Level 1:colcon.colcon_core.environment:create_file_with_runtime_dependencies(/home/student/sensor_platform_ws/install/platform_interfaces/share/colcon-core/packages/platform_interfaces)
[4.682s] DEBUG:colcon.colcon_core.event_handler.log_command:Invoked command in '/home/student/sensor_platform_ws/build/platform_processing' returned '0': CMAKE_PREFIX_PATH=/opt/ros/humble /usr/bin/cmake /home/student/sensor_platform_ws/src/platform_processing -DAMENT_CMAKE_SYMLINK_INSTALL=1 -DCMAKE_INSTALL_PREFIX=/home/student/sensor_platform_ws/install/platform_processing
[4.685s] DEBUG:colcon.colcon_core.event_handler.log_command:Invoking command in '/home/student/sensor_platform_ws/build/platform_processing': CMAKE_PREFIX_PATH=/opt/ros/humble /usr/bin/cmake --build /home/student/sensor_platform_ws/build/platform_processing -- -j8 -l8
[4.725s] DEBUG:colcon.colcon_core.event_handler.log_command:Invoked command in '/home/student/sensor_platform_ws/build/uavcan_bridge' returned '0': CMAKE_PREFIX_PATH=/opt/ros/humble /usr/bin/cmake /home/student/sensor_platform_ws/src/hardware/uavcan_bridge -DAMENT_CMAKE_SYMLINK_INSTALL=1 -DCMAKE_INSTALL_PREFIX=/home/student/sensor_platform_ws/install/uavcan_bridge
[4.726s] DEBUG:colcon.colcon_core.event_handler.log_command:Invoking command in '/home/student/sensor_platform_ws/build/uavcan_bridge': CMAKE_PREFIX_PATH=/opt/ros/humble /usr/bin/cmake --build /home/student/sensor_platform_ws/build/uavcan_bridge -- -j8 -l8
[4.860s] DEBUG:colcon.colcon_core.event_handler.log_command:Invoked command in '/home/student/sensor_platform_ws/build/platform_processing' returned '0': CMAKE_PREFIX_PATH=/opt/ros/humble /usr/bin/cmake --build /home/student/sensor_platform_ws/build/platform_processing -- -j8 -l8
[4.870s] DEBUG:colcon.colcon_core.event_handler.log_command:Invoking command in '/home/student/sensor_platform_ws/build/platform_processing': CMAKE_PREFIX_PATH=/opt/ros/humble /usr/bin/cmake --install /home/student/sensor_platform_ws/build/platform_processing
[4.905s] Level 1:colcon.colcon_core.environment:create_environment_scripts_only(platform_processing)
[4.906s] Level 1:colcon.colcon_core.environment:checking '/home/student/sensor_platform_ws/install/platform_processing' for CMake module files
[4.906s] DEBUG:colcon.colcon_core.event_handler.log_command:Invoked command in '/home/student/sensor_platform_ws/build/platform_processing' returned '0': CMAKE_PREFIX_PATH=/opt/ros/humble /usr/bin/cmake --install /home/student/sensor_platform_ws/build/platform_processing
[4.906s] Level 1:colcon.colcon_core.environment:checking '/home/student/sensor_platform_ws/install/platform_processing' for CMake config files
[4.907s] Level 1:colcon.colcon_core.shell:create_environment_hook('platform_processing', 'cmake_prefix_path')
[4.907s] INFO:colcon.colcon_core.shell:Creating environment hook '/home/student/sensor_platform_ws/install/platform_processing/share/platform_processing/hook/cmake_prefix_path.ps1'
[4.908s] INFO:colcon.colcon_core.shell:Creating environment descriptor '/home/student/sensor_platform_ws/install/platform_processing/share/platform_processing/hook/cmake_prefix_path.dsv'
[4.908s] INFO:colcon.colcon_core.shell:Creating environment hook '/home/student/sensor_platform_ws/install/platform_processing/share/platform_processing/hook/cmake_prefix_path.sh'
[4.908s] Level 1:colcon.colcon_core.environment:checking '/home/student/sensor_platform_ws/install/platform_processing/lib'
[4.909s] Level 1:colcon.colcon_core.shell:create_environment_hook('platform_processing', 'ld_library_path_lib')
[4.909s] INFO:colcon.colcon_core.shell:Creating environment hook '/home/student/sensor_platform_ws/install/platform_processing/share/platform_processing/hook/ld_library_path_lib.ps1'
[4.909s] INFO:colcon.colcon_core.shell:Creating environment descriptor '/home/student/sensor_platform_ws/install/platform_processing/share/platform_processing/hook/ld_library_path_lib.dsv'
[4.909s] INFO:colcon.colcon_core.shell:Creating environment hook '/home/student/sensor_platform_ws/install/platform_processing/share/platform_processing/hook/ld_library_path_lib.sh'
[4.910s] Level 1:colcon.colcon_core.environment:checking '/home/student/sensor_platform_ws/install/platform_processing/bin'
[4.910s] Level 1:colcon.colcon_core.environment:checking '/home/student/sensor_platform_ws/install/platform_processing/lib/pkgconfig/platform_processing.pc'
[4.912s] Level 1:colcon.colcon_core.environment:checking '/home/student/sensor_platform_ws/install/platform_processing/lib/python3.10/site-packages'
[4.912s] Level 1:colcon.colcon_core.environment:checking '/home/student/sensor_platform_ws/install/platform_processing/bin'
[4.912s] INFO:colcon.colcon_core.shell:Creating package script '/home/student/sensor_platform_ws/install/platform_processing/share/platform_processing/package.ps1'
[4.913s] INFO:colcon.colcon_core.shell:Creating package descriptor '/home/student/sensor_platform_ws/install/platform_processing/share/platform_processing/package.dsv'
[4.913s] INFO:colcon.colcon_core.shell:Creating package script '/home/student/sensor_platform_ws/install/platform_processing/share/platform_processing/package.sh'
[4.914s] INFO:colcon.colcon_core.shell:Creating package script '/home/student/sensor_platform_ws/install/platform_processing/share/platform_processing/package.bash'
[4.914s] INFO:colcon.colcon_core.shell:Creating package script '/home/student/sensor_platform_ws/install/platform_processing/share/platform_processing/package.zsh'
[4.914s] Level 1:colcon.colcon_core.environment:create_file_with_runtime_dependencies(/home/student/sensor_platform_ws/install/platform_processing/share/colcon-core/packages/platform_processing)
[4.915s] Level 1:colcon.colcon_core.environment:create_environment_scripts_only(platform_processing)
[4.918s] Level 1:colcon.colcon_core.environment:checking '/home/student/sensor_platform_ws/install/platform_processing' for CMake module files
[4.918s] Level 1:colcon.colcon_core.environment:checking '/home/student/sensor_platform_ws/install/platform_processing' for CMake config files
[4.919s] Level 1:colcon.colcon_core.shell:create_environment_hook('platform_processing', 'cmake_prefix_path')
[4.919s] INFO:colcon.colcon_core.shell:Creating environment hook '/home/student/sensor_platform_ws/install/platform_processing/share/platform_processing/hook/cmake_prefix_path.ps1'
[4.919s] INFO:colcon.colcon_core.shell:Creating environment descriptor '/home/student/sensor_platform_ws/install/platform_processing/share/platform_processing/hook/cmake_prefix_path.dsv'
[4.919s] INFO:colcon.colcon_core.shell:Creating environment hook '/home/student/sensor_platform_ws/install/platform_processing/share/platform_processing/hook/cmake_prefix_path.sh'
[4.920s] Level 1:colcon.colcon_core.environment:checking '/home/student/sensor_platform_ws/install/platform_processing/lib'
[4.920s] Level 1:colcon.colcon_core.shell:create_environment_hook('platform_processing', 'ld_library_path_lib')
[4.920s] INFO:colcon.colcon_core.shell:Creating environment hook '/home/student/sensor_platform_ws/install/platform_processing/share/platform_processing/hook/ld_library_path_lib.ps1'
[4.920s] INFO:colcon.colcon_core.shell:Creating environment descriptor '/home/student/sensor_platform_ws/install/platform_processing/share/platform_processing/hook/ld_library_path_lib.dsv'
[4.921s] INFO:colcon.colcon_core.shell:Creating environment hook '/home/student/sensor_platform_ws/install/platform_processing/share/platform_processing/hook/ld_library_path_lib.sh'
[4.924s] Level 1:colcon.colcon_core.environment:checking '/home/student/sensor_platform_ws/install/platform_processing/bin'
[4.924s] Level 1:colcon.colcon_core.environment:checking '/home/student/sensor_platform_ws/install/platform_processing/lib/pkgconfig/platform_processing.pc'
[4.924s] Level 1:colcon.colcon_core.environment:checking '/home/student/sensor_platform_ws/install/platform_processing/lib/python3.10/site-packages'
[4.924s] Level 1:colcon.colcon_core.environment:checking '/home/student/sensor_platform_ws/install/platform_processing/bin'
[4.925s] INFO:colcon.colcon_core.shell:Creating package script '/home/student/sensor_platform_ws/install/platform_processing/share/platform_processing/package.ps1'
[4.925s] INFO:colcon.colcon_core.shell:Creating package descriptor '/home/student/sensor_platform_ws/install/platform_processing/share/platform_processing/package.dsv'
[4.926s] INFO:colcon.colcon_core.shell:Creating package script '/home/student/sensor_platform_ws/install/platform_processing/share/platform_processing/package.sh'
[4.926s] INFO:colcon.colcon_core.shell:Creating package script '/home/student/sensor_platform_ws/install/platform_processing/share/platform_processing/package.bash'
[4.926s] INFO:colcon.colcon_core.shell:Creating package script '/home/student/sensor_platform_ws/install/platform_processing/share/platform_processing/package.zsh'
[4.927s] Level 1:colcon.colcon_core.environment:create_file_with_runtime_dependencies(/home/student/sensor_platform_ws/install/platform_processing/share/colcon-core/packages/platform_processing)
[4.935s] DEBUG:colcon.colcon_core.event_handler.log_command:Invoked command in '/home/student/sensor_platform_ws/build/uavcan_bridge' returned '0': CMAKE_PREFIX_PATH=/opt/ros/humble /usr/bin/cmake --build /home/student/sensor_platform_ws/build/uavcan_bridge -- -j8 -l8
[4.941s] DEBUG:colcon.colcon_core.event_handler.log_command:Invoking command in '/home/student/sensor_platform_ws/build/uavcan_bridge': CMAKE_PREFIX_PATH=/opt/ros/humble /usr/bin/cmake --install /home/student/sensor_platform_ws/build/uavcan_bridge
[4.988s] Level 1:colcon.colcon_core.environment:create_environment_scripts_only(uavcan_bridge)
[4.988s] Level 1:colcon.colcon_core.environment:checking '/home/student/sensor_platform_ws/install/uavcan_bridge' for CMake module files
[4.989s] DEBUG:colcon.colcon_core.event_handler.log_command:Invoked command in '/home/student/sensor_platform_ws/build/uavcan_bridge' returned '0': CMAKE_PREFIX_PATH=/opt/ros/humble /usr/bin/cmake --install /home/student/sensor_platform_ws/build/uavcan_bridge
[4.989s] Level 1:colcon.colcon_core.environment:checking '/home/student/sensor_platform_ws/install/uavcan_bridge' for CMake config files
[4.990s] Level 1:colcon.colcon_core.shell:create_environment_hook('uavcan_bridge', 'cmake_prefix_path')
[4.990s] INFO:colcon.colcon_core.shell:Creating environment hook '/home/student/sensor_platform_ws/install/uavcan_bridge/share/uavcan_bridge/hook/cmake_prefix_path.ps1'
[4.991s] INFO:colcon.colcon_core.shell:Creating environment descriptor '/home/student/sensor_platform_ws/install/uavcan_bridge/share/uavcan_bridge/hook/cmake_prefix_path.dsv'
[4.991s] INFO:colcon.colcon_core.shell:Creating environment hook '/home/student/sensor_platform_ws/install/uavcan_bridge/share/uavcan_bridge/hook/cmake_prefix_path.sh'
[4.991s] Level 1:colcon.colcon_core.environment:checking '/home/student/sensor_platform_ws/install/uavcan_bridge/lib'
[4.991s] Level 1:colcon.colcon_core.shell:create_environment_hook('uavcan_bridge', 'ld_library_path_lib')
[4.992s] INFO:colcon.colcon_core.shell:Creating environment hook '/home/student/sensor_platform_ws/install/uavcan_bridge/share/uavcan_bridge/hook/ld_library_path_lib.ps1'
[4.992s] INFO:colcon.colcon_core.shell:Creating environment descriptor '/home/student/sensor_platform_ws/install/uavcan_bridge/share/uavcan_bridge/hook/ld_library_path_lib.dsv'
[4.992s] INFO:colcon.colcon_core.shell:Creating environment hook '/home/student/sensor_platform_ws/install/uavcan_bridge/share/uavcan_bridge/hook/ld_library_path_lib.sh'
[4.992s] Level 1:colcon.colcon_core.environment:checking '/home/student/sensor_platform_ws/install/uavcan_bridge/bin'
[4.993s] Level 1:colcon.colcon_core.environment:checking '/home/student/sensor_platform_ws/install/uavcan_bridge/lib/pkgconfig/uavcan_bridge.pc'
[4.993s] Level 1:colcon.colcon_core.environment:checking '/home/student/sensor_platform_ws/install/uavcan_bridge/lib/python3.10/site-packages'
[4.997s] Level 1:colcon.colcon_core.environment:checking '/home/student/sensor_platform_ws/install/uavcan_bridge/bin'
[4.997s] INFO:colcon.colcon_core.shell:Creating package script '/home/student/sensor_platform_ws/install/uavcan_bridge/share/uavcan_bridge/package.ps1'
[4.998s] INFO:colcon.colcon_core.shell:Creating package descriptor '/home/student/sensor_platform_ws/install/uavcan_bridge/share/uavcan_bridge/package.dsv'
[4.998s] INFO:colcon.colcon_core.shell:Creating package script '/home/student/sensor_platform_ws/install/uavcan_bridge/share/uavcan_bridge/package.sh'
[4.999s] INFO:colcon.colcon_core.shell:Creating package script '/home/student/sensor_platform_ws/install/uavcan_bridge/share/uavcan_bridge/package.bash'
[4.999s] INFO:colcon.colcon_core.shell:Creating package script '/home/student/sensor_platform_ws/install/uavcan_bridge/share/uavcan_bridge/package.zsh'
[4.999s] Level 1:colcon.colcon_core.environment:create_file_with_runtime_dependencies(/home/student/sensor_platform_ws/install/uavcan_bridge/share/colcon-core/packages/uavcan_bridge)
[5.003s] Level 1:colcon.colcon_core.environment:create_environment_scripts_only(uavcan_bridge)
[5.003s] Level 1:colcon.colcon_core.environment:checking '/home/student/sensor_platform_ws/install/uavcan_bridge' for CMake module files
[5.003s] Level 1:colcon.colcon_core.environment:checking '/home/student/sensor_platform_ws/install/uavcan_bridge' for CMake config files
[5.004s] Level 1:colcon.colcon_core.shell:create_environment_hook('uavcan_bridge', 'cmake_prefix_path')
[5.004s] INFO:colcon.colcon_core.shell:Creating environment hook '/home/student/sensor_platform_ws/install/uavcan_bridge/share/uavcan_bridge/hook/cmake_prefix_path.ps1'
[5.004s] INFO:colcon.colcon_core.shell:Creating environment descriptor '/home/student/sensor_platform_ws/install/uavcan_bridge/share/uavcan_bridge/hook/cmake_prefix_path.dsv'
[5.004s] INFO:colcon.colcon_core.shell:Creating environment hook '/home/student/sensor_platform_ws/install/uavcan_bridge/share/uavcan_bridge/hook/cmake_prefix_path.sh'
[5.005s] Level 1:colcon.colcon_core.environment:checking '/home/student/sensor_platform_ws/install/uavcan_bridge/lib'
[5.005s] Level 1:colcon.colcon_core.shell:create_environment_hook('uavcan_bridge', 'ld_library_path_lib')
[5.005s] INFO:colcon.colcon_core.shell:Creating environment hook '/home/student/sensor_platform_ws/install/uavcan_bridge/share/uavcan_bridge/hook/ld_library_path_lib.ps1'
[5.005s] INFO:colcon.colcon_core.shell:Creating environment descriptor '/home/student/sensor_platform_ws/install/uavcan_bridge/share/uavcan_bridge/hook/ld_library_path_lib.dsv'
[5.006s] INFO:colcon.colcon_core.shell:Creating environment hook '/home/student/sensor_platform_ws/install/uavcan_bridge/share/uavcan_bridge/hook/ld_library_path_lib.sh'
[5.006s] Level 1:colcon.colcon_core.environment:checking '/home/student/sensor_platform_ws/install/uavcan_bridge/bin'
[5.006s] Level 1:colcon.colcon_core.environment:checking '/home/student/sensor_platform_ws/install/uavcan_bridge/lib/pkgconfig/uavcan_bridge.pc'
[5.006s] Level 1:colcon.colcon_core.environment:checking '/home/student/sensor_platform_ws/install/uavcan_bridge/lib/python3.10/site-packages'
[5.006s] Level 1:colcon.colcon_core.environment:checking '/home/student/sensor_platform_ws/install/uavcan_bridge/bin'
[5.007s] INFO:colcon.colcon_core.shell:Creating package script '/home/student/sensor_platform_ws/install/uavcan_bridge/share/uavcan_bridge/package.ps1'
[5.010s] INFO:colcon.colcon_core.shell:Creating package descriptor '/home/student/sensor_platform_ws/install/uavcan_bridge/share/uavcan_bridge/package.dsv'
[5.011s] INFO:colcon.colcon_core.shell:Creating package script '/home/student/sensor_platform_ws/install/uavcan_bridge/share/uavcan_bridge/package.sh'
[5.011s] INFO:colcon.colcon_core.shell:Creating package script '/home/student/sensor_platform_ws/install/uavcan_bridge/share/uavcan_bridge/package.bash'
[5.011s] INFO:colcon.colcon_core.shell:Creating package script '/home/student/sensor_platform_ws/install/uavcan_bridge/share/uavcan_bridge/package.zsh'
[5.012s] Level 1:colcon.colcon_core.environment:create_file_with_runtime_dependencies(/home/student/sensor_platform_ws/install/uavcan_bridge/share/colcon-core/packages/uavcan_bridge)
[5.012s] DEBUG:colcon.colcon_parallel_executor.executor.parallel:closing loop
[5.015s] DEBUG:colcon.colcon_parallel_executor.executor.parallel:loop closed
[5.015s] DEBUG:colcon.colcon_parallel_executor.executor.parallel:run_until_complete finished with '0'
[5.015s] DEBUG:colcon.colcon_core.event_reactor:joining thread
[5.023s] INFO:colcon.colcon_core.plugin_system:Skipping extension 'colcon_notification.desktop_notification.terminal_notifier': Not used on non-Darwin systems
[5.024s] INFO:colcon.colcon_core.plugin_system:Skipping extension 'colcon_notification.desktop_notification.win32': Not used on non-Windows systems
[5.024s] INFO:colcon.colcon_notification.desktop_notification:Sending desktop notification using 'notify2'
[5.049s] DEBUG:colcon.colcon_core.event_reactor:joined thread
[5.049s] INFO:colcon.colcon_core.shell:Creating prefix script '/home/student/sensor_platform_ws/install/local_setup.ps1'
[5.062s] INFO:colcon.colcon_core.shell:Creating prefix util module '/home/student/sensor_platform_ws/install/_local_setup_util_ps1.py'
[5.063s] INFO:colcon.colcon_core.shell:Creating prefix chain script '/home/student/sensor_platform_ws/install/setup.ps1'
[5.065s] INFO:colcon.colcon_core.shell:Creating prefix script '/home/student/sensor_platform_ws/install/local_setup.sh'
[5.074s] INFO:colcon.colcon_core.shell:Creating prefix util module '/home/student/sensor_platform_ws/install/_local_setup_util_sh.py'
[5.075s] INFO:colcon.colcon_core.shell:Creating prefix chain script '/home/student/sensor_platform_ws/install/setup.sh'
[5.079s] INFO:colcon.colcon_core.shell:Creating prefix script '/home/student/sensor_platform_ws/install/local_setup.bash'
[5.086s] INFO:colcon.colcon_core.shell:Creating prefix chain script '/home/student/sensor_platform_ws/install/setup.bash'
[5.087s] INFO:colcon.colcon_core.shell:Creating prefix script '/home/student/sensor_platform_ws/install/local_setup.zsh'
[5.095s] INFO:colcon.colcon_core.shell:Creating prefix chain script '/home/student/sensor_platform_ws/install/setup.zsh'
