[0.007s] Invoking command in '/home/student/sensor_platform_ws/build/uavcan_bridge': CMAKE_PREFIX_PATH=${CMAKE_PREFIX_PATH}:/opt/ros/humble /usr/bin/cmake /home/student/sensor_platform_ws/src/hardware/uavcan_bridge -DCMAKE_INSTALL_PREFIX=/home/student/sensor_platform_ws/install/uavcan_bridge
[0.721s] -- The C compiler identification is GNU 11.4.0
[1.110s] -- The CXX compiler identification is GNU 11.4.0
[1.118s] -- Detecting C compiler ABI info
[1.219s] -- Detecting C compiler ABI info - done
[1.225s] -- Check for working C compiler: /usr/bin/cc - skipped
[1.226s] -- Detecting C compile features
[1.246s] -- Detecting C compile features - done
[1.250s] -- Detecting CXX compiler ABI info
[1.381s] -- Detecting CXX compiler ABI info - done
[1.387s] -- Check for working CXX compiler: /usr/bin/c++ - skipped
[1.387s] -- Detecting CXX compile features
[1.388s] -- Detecting CXX compile features - done
[1.422s] -- Found ament_cmake: 1.3.14 (/opt/ros/humble/share/ament_cmake/cmake)
[1.594s] -- Found Python3: /usr/bin/python3 (found version "3.10.12") found components: Interpreter 
[1.720s] -- Found rclcpp: 16.0.19 (/opt/ros/humble/share/rclcpp/cmake)
[1.980s] -- Found rosidl_generator_c: 3.1.8 (/opt/ros/humble/share/rosidl_generator_c/cmake)
[2.018s] -- Found rosidl_adapter: 3.1.8 (/opt/ros/humble/share/rosidl_adapter/cmake)
[2.043s] -- Found rosidl_generator_cpp: 3.1.8 (/opt/ros/humble/share/rosidl_generator_cpp/cmake)
[2.070s] -- Using all available rosidl_typesupport_c: rosidl_typesupport_fastrtps_c;rosidl_typesupport_introspection_c
[2.110s] -- Using all available rosidl_typesupport_cpp: rosidl_typesupport_fastrtps_cpp;rosidl_typesupport_introspection_cpp
[2.186s] -- Found rmw_implementation_cmake: 6.1.2 (/opt/ros/humble/share/rmw_implementation_cmake/cmake)
[2.203s] -- Found rmw_fastrtps_cpp: 6.2.10 (/opt/ros/humble/share/rmw_fastrtps_cpp/cmake)
[2.532s] -- Found OpenSSL: /usr/lib/x86_64-linux-gnu/libcrypto.so (found version "3.0.2")  
[2.584s] -- Found FastRTPS: /opt/ros/humble/include  
[2.614s] -- Using RMW implementation 'rmw_fastrtps_cpp' as default
[2.680s] -- Looking for pthread.h
[2.884s] -- Looking for pthread.h - found
[2.884s] -- Performing Test CMAKE_HAVE_LIBC_PTHREAD
[2.975s] -- Performing Test CMAKE_HAVE_LIBC_PTHREAD - Success
[2.977s] -- Found Threads: TRUE  
[3.137s] -- Found rclcpp_components: 16.0.19 (/opt/ros/humble/share/rclcpp_components/cmake)
[3.201s] -- Found geometry_msgs: 4.9.1 (/opt/ros/humble/share/geometry_msgs/cmake)
[3.224s] -- Found sensor_msgs: 4.9.1 (/opt/ros/humble/share/sensor_msgs/cmake)
[3.242s] -- Found ament_lint_auto: 0.12.15 (/opt/ros/humble/share/ament_lint_auto/cmake)
[3.308s] -- Added test 'cppcheck' to perform static code analysis on C / C++ code
[3.308s] -- Configured cppcheck include dirs: /home/student/sensor_platform_ws/src/hardware/uavcan_bridge/include/libcanard
[3.308s] -- Configured cppcheck exclude dirs and/or files: 
[3.309s] -- Added test 'flake8' to check Python code syntax and style conventions
[3.311s] -- Added test 'lint_cmake' to check CMake code style
[3.311s] -- Added test 'pep257' to check Python code against some of the docstring style conventions in PEP 257
[3.315s] -- Added test 'uncrustify' to check C / C++ code style
[3.316s] -- Configured uncrustify additional arguments: 
[3.316s] -- Added test 'xmllint' to check XML markup files
[3.345s] -- Configuring done
[3.357s] -- Generating done
[3.362s] -- Build files have been written to: /home/student/sensor_platform_ws/build/uavcan_bridge
[3.370s] Invoked command in '/home/student/sensor_platform_ws/build/uavcan_bridge' returned '0': CMAKE_PREFIX_PATH=${CMAKE_PREFIX_PATH}:/opt/ros/humble /usr/bin/cmake /home/student/sensor_platform_ws/src/hardware/uavcan_bridge -DCMAKE_INSTALL_PREFIX=/home/student/sensor_platform_ws/install/uavcan_bridge
[3.370s] Invoking command in '/home/student/sensor_platform_ws/build/uavcan_bridge': CMAKE_PREFIX_PATH=${CMAKE_PREFIX_PATH}:/opt/ros/humble /usr/bin/cmake --build /home/student/sensor_platform_ws/build/uavcan_bridge -- -j8 -l8
[3.404s] [ 57%] [32mBuilding CXX object CMakeFiles/dronecan_bridge_component.dir/src/dronecan_bridge_component.cpp.o[0m
[3.404s] [ 57%] [32mBuilding CXX object CMakeFiles/uavcan_bridge_node.dir/src/dronecan_bridge_component.cpp.o[0m
[3.404s] [ 57%] [32mBuilding CXX object CMakeFiles/dronecan_bridge_node.dir/rclcpp_components/node_main_dronecan_bridge_node.cpp.o[0m
[3.404s] [ 57%] [32mBuilding C object CMakeFiles/dronecan_bridge_component.dir/include/libcanard/canard.c.o[0m
[5.046s] [01m[K/home/student/sensor_platform_ws/src/hardware/uavcan_bridge/src/dronecan_bridge_component.cpp:2:10:[m[K [01;31m[Kfatal error: [m[Kgeometry_msgs/msg/twist_with_covariance_stamped.hpp: No such file or directory
[5.046s]     2 | #include [01;31m[K<geometry_msgs/msg/twist_with_covariance_stamped.hpp>[m[K
[5.046s]       |          [01;31m[K^~~~~~~~~~~~~~~~~~~~~~~~~~~~~~~~~~~~~~~~~~~~~~~~~~~~~[m[K
[5.046s] compilation terminated.
[5.050s] gmake[2]: *** [CMakeFiles/uavcan_bridge_node.dir/build.make:76: CMakeFiles/uavcan_bridge_node.dir/src/dronecan_bridge_component.cpp.o] Error 1
[5.050s] gmake[1]: *** [CMakeFiles/Makefile2:193: CMakeFiles/uavcan_bridge_node.dir/all] Error 2
[5.050s] gmake[1]: *** Waiting for unfinished jobs....
[7.061s] In file included from [01m[K/home/student/sensor_platform_ws/src/hardware/uavcan_bridge/src/dronecan_bridge_component.cpp:19[m[K:
[7.061s] [01m[K/home/student/sensor_platform_ws/src/hardware/uavcan_bridge/include/libcanard/canard.h:332:13:[m[K [01;35m[Kwarning: [m[KISO C++ forbids flexible array member ‘[01m[Kdata[m[K’ [[01;35m[K]8;;https://gcc.gnu.org/onlinedocs/gcc/Warning-Options.html#index-Wpedantic-Wpedantic]8;;[m[K]
[7.062s]   332 |     uint8_t [01;35m[Kdata[m[K[];
[7.062s]       |             [01;35m[K^~~~[m[K
[7.062s] [01m[K/home/student/sensor_platform_ws/src/hardware/uavcan_bridge/include/libcanard/canard.h:369:13:[m[K [01;35m[Kwarning: [m[KISO C++ forbids flexible array member ‘[01m[Kbuffer_head[m[K’ [[01;35m[K]8;;https://gcc.gnu.org/onlinedocs/gcc/Warning-Options.html#index-Wpedantic-Wpedantic]8;;[m[K]
[7.062s]   369 |     uint8_t [01;35m[Kbuffer_head[m[K[];
[7.062s]       |             [01;35m[K^~~~~~~~~~~[m[K
[7.580s] [ 71%] [32m[1mLinking CXX executable dronecan_bridge_node[0m
[7.991s] [ 71%] Built target dronecan_bridge_node
[8.931s] [ 85%] [32m[1mLinking CXX shared library libdronecan_bridge_component.so[0m
[9.074s] [ 85%] Built target dronecan_bridge_component
[9.075s] gmake: *** [Makefile:146: all] Error 2
[9.077s] Invoked command in '/home/student/sensor_platform_ws/build/uavcan_bridge' returned '2': CMAKE_PREFIX_PATH=${CMAKE_PREFIX_PATH}:/opt/ros/humble /usr/bin/cmake --build /home/student/sensor_platform_ws/build/uavcan_bridge -- -j8 -l8
