In file included from [01m[K/home/student/sensor_platform_ws/src/hardware/uavcan_bridge/src/dronecan_bridge_component.cpp:19[m[K:
[01m[K/home/student/sensor_platform_ws/src/hardware/uavcan_bridge/include/libcanard/canard.h:332:13:[m[K [01;35m[Kwarning: [m[KISO C++ forbids flexible array member ‘[01m[Kdata[m[K’ [[01;35m[K]8;;https://gcc.gnu.org/onlinedocs/gcc/Warning-Options.html#index-Wpedantic-Wpedantic]8;;[m[K]
  332 |     uint8_t [01;35m[Kdata[m[K[];
      |             [01;35m[K^~~~[m[K
[01m[K/home/student/sensor_platform_ws/src/hardware/uavcan_bridge/include/libcanard/canard.h:369:13:[m[K [01;35m[Kwarning: [m[KISO C++ forbids flexible array member ‘[01m[Kbuffer_head[m[K’ [[01;35m[K]8;;https://gcc.gnu.org/onlinedocs/gcc/Warning-Options.html#index-Wpedantic-Wpedantic]8;;[m[K]
  369 |     uint8_t [01;35m[Kbuffer_head[m[K[];
      |             [01;35m[K^~~~~~~~~~~[m[K
[01m[K/home/student/sensor_platform_ws/src/hardware/uavcan_bridge/src/dronecan_bridge_component.cpp:[m[K In member function ‘[01m[Kvoid uavcan_bridge::DronecanBridgeComponent::publish_range_data(float)[m[K’:
[01m[K/home/student/sensor_platform_ws/src/hardware/uavcan_bridge/src/dronecan_bridge_component.cpp:74:13:[m[K [01;31m[Kerror: [m[K‘[01m[Kstruct sensor_msgs::msg::Range_<std::allocator<void> >[m[K’ has no member named ‘[01m[Kpose[m[K’
   74 |         msg.[01;31m[Kpose[m[K.covariance[14] = 0.05;
      |             [01;31m[K^~~~[m[K
[01m[K/home/student/sensor_platform_ws/src/hardware/uavcan_bridge/src/dronecan_bridge_component.cpp:75:13:[m[K [01;31m[Kerror: [m[K‘[01m[Kstruct sensor_msgs::msg::Range_<std::allocator<void> >[m[K’ has no member named ‘[01m[Kpose[m[K’
   75 |         msg.[01;31m[Kpose[m[K.pose.position.z = distance;
      |             [01;31m[K^~~~[m[K
[01m[K/home/student/sensor_platform_ws/src/hardware/uavcan_bridge/src/dronecan_bridge_component.cpp:76:28:[m[K [01;31m[Kerror: [m[Kno matching function for call to ‘[01m[Krclcpp::Publisher<geometry_msgs::msg::PoseWithCovarianceStamped_<std::allocator<void> > >::publish(sensor_msgs::msg::Range_<std::allocator<void> >&)[m[K’
   76 |         [01;31m[Krange_pub_->publish(msg)[m[K;
      |         [01;31m[K~~~~~~~~~~~~~~~~~~~^~~~~[m[K
In file included from [01m[K/opt/ros/humble/include/rclcpp/rclcpp/topic_statistics/subscription_topic_statistics.hpp:31[m[K,
                 from [01m[K/opt/ros/humble/include/rclcpp/rclcpp/subscription.hpp:50[m[K,
                 from [01m[K/opt/ros/humble/include/rclcpp/rclcpp/any_executable.hpp:25[m[K,
                 from [01m[K/opt/ros/humble/include/rclcpp/rclcpp/memory_strategy.hpp:25[m[K,
                 from [01m[K/opt/ros/humble/include/rclcpp/rclcpp/memory_strategies.hpp:18[m[K,
                 from [01m[K/opt/ros/humble/include/rclcpp/rclcpp/executor_options.hpp:20[m[K,
                 from [01m[K/opt/ros/humble/include/rclcpp/rclcpp/executor.hpp:37[m[K,
                 from [01m[K/opt/ros/humble/include/rclcpp/rclcpp/executors/multi_threaded_executor.hpp:25[m[K,
                 from [01m[K/opt/ros/humble/include/rclcpp/rclcpp/executors.hpp:21[m[K,
                 from [01m[K/opt/ros/humble/include/rclcpp/rclcpp/rclcpp.hpp:155[m[K,
                 from [01m[K/home/student/sensor_platform_ws/src/hardware/uavcan_bridge/src/dronecan_bridge_component.cpp:1[m[K:
[01m[K/opt/ros/humble/include/rclcpp/rclcpp/publisher.hpp:254:3:[m[K [01;36m[Knote: [m[Kcandidate: ‘[01m[Ktemplate<class T> std::enable_if_t<(rosidl_generator_traits::is_message<T>::value && std::is_same<T, typename rclcpp::TypeAdapter<MessageT>::ros_message_type>::value)> rclcpp::Publisher<MessageT, AllocatorT>::publish(std::unique_ptr<T, typename std::conditional<std::is_same<typename std::allocator_traits<typename std::allocator_traits<_Allocator>::rebind_traits<typename rclcpp::TypeAdapter<MessageT, void, void>::ros_message_type>::allocator_type>::rebind_alloc<typename rclcpp::TypeAdapter<MessageT, void, void>::ros_message_type>, std::allocator<typename rclcpp::TypeAdapter<MessageT>::ros_message_type> >::value, std::default_delete<typename rclcpp::TypeAdapter<MessageT>::ros_message_type>, rclcpp::allocator::AllocatorDeleter<typename std::allocator_traits<_Allocator>::rebind_traits<typename rclcpp::TypeAdapter<MessageT, void, void>::ros_message_type>::allocator_type> >::type>) [with T = T; MessageT = geometry_msgs::msg::PoseWithCovarianceStamped_<std::allocator<void> >; AllocatorT = std::allocator<void>][m[K’
  254 |   [01;36m[Kpublish[m[K(std::unique_ptr<T, ROSMessageTypeDeleter> msg)
      |   [01;36m[K^~~~~~~[m[K
[01m[K/opt/ros/humble/include/rclcpp/rclcpp/publisher.hpp:254:3:[m[K [01;36m[Knote: [m[K  template argument deduction/substitution failed:
[01m[K/home/student/sensor_platform_ws/src/hardware/uavcan_bridge/src/dronecan_bridge_component.cpp:76:28:[m[K [01;36m[Knote: [m[K  ‘[01m[Ksensor_msgs::msg::Range_<std::allocator<void> >[m[K’ is not derived from ‘[01m[Kstd::unique_ptr<T, std::default_delete<geometry_msgs::msg::PoseWithCovarianceStamped_<std::allocator<void> > > >[m[K’
   76 |         [01;36m[Krange_pub_->publish(msg)[m[K;
      |         [01;36m[K~~~~~~~~~~~~~~~~~~~^~~~~[m[K
In file included from [01m[K/opt/ros/humble/include/rclcpp/rclcpp/topic_statistics/subscription_topic_statistics.hpp:31[m[K,
                 from [01m[K/opt/ros/humble/include/rclcpp/rclcpp/subscription.hpp:50[m[K,
                 from [01m[K/opt/ros/humble/include/rclcpp/rclcpp/any_executable.hpp:25[m[K,
                 from [01m[K/opt/ros/humble/include/rclcpp/rclcpp/memory_strategy.hpp:25[m[K,
                 from [01m[K/opt/ros/humble/include/rclcpp/rclcpp/memory_strategies.hpp:18[m[K,
                 from [01m[K/opt/ros/humble/include/rclcpp/rclcpp/executor_options.hpp:20[m[K,
                 from [01m[K/opt/ros/humble/include/rclcpp/rclcpp/executor.hpp:37[m[K,
                 from [01m[K/opt/ros/humble/include/rclcpp/rclcpp/executors/multi_threaded_executor.hpp:25[m[K,
                 from [01m[K/opt/ros/humble/include/rclcpp/rclcpp/executors.hpp:21[m[K,
                 from [01m[K/opt/ros/humble/include/rclcpp/rclcpp/rclcpp.hpp:155[m[K,
                 from [01m[K/home/student/sensor_platform_ws/src/hardware/uavcan_bridge/src/dronecan_bridge_component.cpp:1[m[K:
[01m[K/opt/ros/humble/include/rclcpp/rclcpp/publisher.hpp:295:3:[m[K [01;36m[Knote: [m[Kcandidate: ‘[01m[Ktemplate<class T> std::enable_if_t<(rosidl_generator_traits::is_message<T>::value && std::is_same<T, typename rclcpp::TypeAdapter<MessageT>::ros_message_type>::value)> rclcpp::Publisher<MessageT, AllocatorT>::publish(const T&) [with T = T; MessageT = geometry_msgs::msg::PoseWithCovarianceStamped_<std::allocator<void> >; AllocatorT = std::allocator<void>][m[K’
  295 |   [01;36m[Kpublish[m[K(const T & msg)
      |   [01;36m[K^~~~~~~[m[K
[01m[K/opt/ros/humble/include/rclcpp/rclcpp/publisher.hpp:295:3:[m[K [01;36m[Knote: [m[K  template argument deduction/substitution failed:
In file included from [01m[K/usr/include/c++/11/bits/move.h:57[m[K,
                 from [01m[K/usr/include/c++/11/bits/stl_pair.h:59[m[K,
                 from [01m[K/usr/include/c++/11/bits/stl_algobase.h:64[m[K,
                 from [01m[K/usr/include/c++/11/memory:63[m[K,
                 from [01m[K/opt/ros/humble/include/rclcpp/rclcpp/rclcpp.hpp:153[m[K,
                 from [01m[K/home/student/sensor_platform_ws/src/hardware/uavcan_bridge/src/dronecan_bridge_component.cpp:1[m[K:
/usr/include/c++/11/type_traits: In substitution of ‘[01m[Ktemplate<bool _Cond, class _Tp> using enable_if_t = typename std::enable_if::type [with bool _Cond = false; _Tp = void][m[K’:
[01m[K/opt/ros/humble/include/rclcpp/rclcpp/publisher.hpp:295:3:[m[K   required by substitution of ‘[01m[Ktemplate<class T> std::enable_if_t<(rosidl_generator_traits::is_message<T>::value && std::is_same<T, geometry_msgs::msg::PoseWithCovarianceStamped_<std::allocator<void> > >::value), void> rclcpp::Publisher<geometry_msgs::msg::PoseWithCovarianceStamped_<std::allocator<void> > >::publish<T>(const T&) [with T = sensor_msgs::msg::Range_<std::allocator<void> >][m[K’
[01m[K/home/student/sensor_platform_ws/src/hardware/uavcan_bridge/src/dronecan_bridge_component.cpp:76:28:[m[K   required from here
[01m[K/usr/include/c++/11/type_traits:2579:11:[m[K [01;31m[Kerror: [m[Kno type named ‘[01m[Ktype[m[K’ in ‘[01m[Kstruct std::enable_if<false, void>[m[K’
 2579 |     using [01;31m[Kenable_if_t[m[K = typename enable_if<_Cond, _Tp>::type;
      |           [01;31m[K^~~~~~~~~~~[m[K
In file included from [01m[K/opt/ros/humble/include/rclcpp/rclcpp/topic_statistics/subscription_topic_statistics.hpp:31[m[K,
                 from [01m[K/opt/ros/humble/include/rclcpp/rclcpp/subscription.hpp:50[m[K,
                 from [01m[K/opt/ros/humble/include/rclcpp/rclcpp/any_executable.hpp:25[m[K,
                 from [01m[K/opt/ros/humble/include/rclcpp/rclcpp/memory_strategy.hpp:25[m[K,
                 from [01m[K/opt/ros/humble/include/rclcpp/rclcpp/memory_strategies.hpp:18[m[K,
                 from [01m[K/opt/ros/humble/include/rclcpp/rclcpp/executor_options.hpp:20[m[K,
                 from [01m[K/opt/ros/humble/include/rclcpp/rclcpp/executor.hpp:37[m[K,
                 from [01m[K/opt/ros/humble/include/rclcpp/rclcpp/executors/multi_threaded_executor.hpp:25[m[K,
                 from [01m[K/opt/ros/humble/include/rclcpp/rclcpp/executors.hpp:21[m[K,
                 from [01m[K/opt/ros/humble/include/rclcpp/rclcpp/rclcpp.hpp:155[m[K,
                 from [01m[K/home/student/sensor_platform_ws/src/hardware/uavcan_bridge/src/dronecan_bridge_component.cpp:1[m[K:
[01m[K/opt/ros/humble/include/rclcpp/rclcpp/publisher.hpp:325:3:[m[K [01;36m[Knote: [m[Kcandidate: ‘[01m[Ktemplate<class T> std::enable_if_t<(typename rclcpp::TypeAdapter<MessageT>::is_specialized::value && std::is_same<T, typename rclcpp::TypeAdapter<MessageT>::custom_type>::value)> rclcpp::Publisher<MessageT, AllocatorT>::publish(std::unique_ptr<T, typename std::conditional<std::is_same<typename std::allocator_traits<typename std::allocator_traits<_Allocator>::rebind_traits<typename rclcpp::TypeAdapter<MessageT, void, void>::custom_type>::allocator_type>::rebind_alloc<typename rclcpp::TypeAdapter<MessageT, void, void>::custom_type>, std::allocator<typename rclcpp::TypeAdapter<MessageT>::custom_type> >::value, std::default_delete<typename rclcpp::TypeAdapter<MessageT>::custom_type>, rclcpp::allocator::AllocatorDeleter<typename std::allocator_traits<_Allocator>::rebind_traits<typename rclcpp::TypeAdapter<MessageT, void, void>::custom_type>::allocator_type> >::type>) [with T = T; MessageT = geometry_msgs::msg::PoseWithCovarianceStamped_<std::allocator<void> >; AllocatorT = std::allocator<void>][m[K’
  325 |   [01;36m[Kpublish[m[K(std::unique_ptr<T, PublishedTypeDeleter> msg)
      |   [01;36m[K^~~~~~~[m[K
[01m[K/opt/ros/humble/include/rclcpp/rclcpp/publisher.hpp:325:3:[m[K [01;36m[Knote: [m[K  template argument deduction/substitution failed:
[01m[K/home/student/sensor_platform_ws/src/hardware/uavcan_bridge/src/dronecan_bridge_component.cpp:76:28:[m[K [01;36m[Knote: [m[K  ‘[01m[Ksensor_msgs::msg::Range_<std::allocator<void> >[m[K’ is not derived from ‘[01m[Kstd::unique_ptr<T, std::default_delete<geometry_msgs::msg::PoseWithCovarianceStamped_<std::allocator<void> > > >[m[K’
   76 |         [01;36m[Krange_pub_->publish(msg)[m[K;
      |         [01;36m[K~~~~~~~~~~~~~~~~~~~^~~~~[m[K
In file included from [01m[K/opt/ros/humble/include/rclcpp/rclcpp/topic_statistics/subscription_topic_statistics.hpp:31[m[K,
                 from [01m[K/opt/ros/humble/include/rclcpp/rclcpp/subscription.hpp:50[m[K,
                 from [01m[K/opt/ros/humble/include/rclcpp/rclcpp/any_executable.hpp:25[m[K,
                 from [01m[K/opt/ros/humble/include/rclcpp/rclcpp/memory_strategy.hpp:25[m[K,
                 from [01m[K/opt/ros/humble/include/rclcpp/rclcpp/memory_strategies.hpp:18[m[K,
                 from [01m[K/opt/ros/humble/include/rclcpp/rclcpp/executor_options.hpp:20[m[K,
                 from [01m[K/opt/ros/humble/include/rclcpp/rclcpp/executor.hpp:37[m[K,
                 from [01m[K/opt/ros/humble/include/rclcpp/rclcpp/executors/multi_threaded_executor.hpp:25[m[K,
                 from [01m[K/opt/ros/humble/include/rclcpp/rclcpp/executors.hpp:21[m[K,
                 from [01m[K/opt/ros/humble/include/rclcpp/rclcpp/rclcpp.hpp:155[m[K,
                 from [01m[K/home/student/sensor_platform_ws/src/hardware/uavcan_bridge/src/dronecan_bridge_component.cpp:1[m[K:
[01m[K/opt/ros/humble/include/rclcpp/rclcpp/publisher.hpp:367:3:[m[K [01;36m[Knote: [m[Kcandidate: ‘[01m[Ktemplate<class T> std::enable_if_t<(typename rclcpp::TypeAdapter<MessageT>::is_specialized::value && std::is_same<T, typename rclcpp::TypeAdapter<MessageT>::custom_type>::value)> rclcpp::Publisher<MessageT, AllocatorT>::publish(const T&) [with T = T; MessageT = geometry_msgs::msg::PoseWithCovarianceStamped_<std::allocator<void> >; AllocatorT = std::allocator<void>][m[K’
  367 |   [01;36m[Kpublish[m[K(const T & msg)
      |   [01;36m[K^~~~~~~[m[K
[01m[K/opt/ros/humble/include/rclcpp/rclcpp/publisher.hpp:367:3:[m[K [01;36m[Knote: [m[K  template argument deduction/substitution failed:
[01m[K/opt/ros/humble/include/rclcpp/rclcpp/publisher.hpp:386:3:[m[K [01;36m[Knote: [m[Kcandidate: ‘[01m[Kvoid rclcpp::Publisher<MessageT, AllocatorT>::publish(const rcl_serialized_message_t&) [with MessageT = geometry_msgs::msg::PoseWithCovarianceStamped_<std::allocator<void> >; AllocatorT = std::allocator<void>; rcl_serialized_message_t = rcutils_uint8_array_s][m[K’
  386 |   [01;36m[Kpublish[m[K(const rcl_serialized_message_t & serialized_msg)
      |   [01;36m[K^~~~~~~[m[K
[01m[K/opt/ros/humble/include/rclcpp/rclcpp/publisher.hpp:386:44:[m[K [01;36m[Knote: [m[K  no known conversion for argument 1 from ‘[01m[Ksensor_msgs::msg::Range_<std::allocator<void> >[m[K’ to ‘[01m[Kconst rcl_serialized_message_t&[m[K’ {aka ‘[01m[Kconst rcutils_uint8_array_s&[m[K’}
  386 |   publish([01;36m[Kconst rcl_serialized_message_t & serialized_msg[m[K)
      |           [01;36m[K~~~~~~~~~~~~~~~~~~~~~~~~~~~~~~~~~^~~~~~~~~~~~~~[m[K
[01m[K/opt/ros/humble/include/rclcpp/rclcpp/publisher.hpp:392:3:[m[K [01;36m[Knote: [m[Kcandidate: ‘[01m[Kvoid rclcpp::Publisher<MessageT, AllocatorT>::publish(const rclcpp::SerializedMessage&) [with MessageT = geometry_msgs::msg::PoseWithCovarianceStamped_<std::allocator<void> >; AllocatorT = std::allocator<void>][m[K’
  392 |   [01;36m[Kpublish[m[K(const SerializedMessage & serialized_msg)
      |   [01;36m[K^~~~~~~[m[K
[01m[K/opt/ros/humble/include/rclcpp/rclcpp/publisher.hpp:392:37:[m[K [01;36m[Knote: [m[K  no known conversion for argument 1 from ‘[01m[Ksensor_msgs::msg::Range_<std::allocator<void> >[m[K’ to ‘[01m[Kconst rclcpp::SerializedMessage&[m[K’
  392 |   publish([01;36m[Kconst SerializedMessage & serialized_msg[m[K)
      |           [01;36m[K~~~~~~~~~~~~~~~~~~~~~~~~~~^~~~~~~~~~~~~~[m[K
[01m[K/opt/ros/humble/include/rclcpp/rclcpp/publisher.hpp:406:3:[m[K [01;36m[Knote: [m[Kcandidate: ‘[01m[Kvoid rclcpp::Publisher<MessageT, AllocatorT>::publish(rclcpp::LoanedMessage<typename rclcpp::TypeAdapter<MessageT>::ros_message_type, AllocatorT>&&) [with MessageT = geometry_msgs::msg::PoseWithCovarianceStamped_<std::allocator<void> >; AllocatorT = std::allocator<void>; typename rclcpp::TypeAdapter<MessageT>::ros_message_type = geometry_msgs::msg::PoseWithCovarianceStamped_<std::allocator<void> >][m[K’
  406 |   [01;36m[Kpublish[m[K(rclcpp::LoanedMessage<ROSMessageType, AllocatorT> && loaned_msg)
      |   [01;36m[K^~~~~~~[m[K
[01m[K/opt/ros/humble/include/rclcpp/rclcpp/publisher.hpp:406:64:[m[K [01;36m[Knote: [m[K  no known conversion for argument 1 from ‘[01m[Ksensor_msgs::msg::Range_<std::allocator<void> >[m[K’ to ‘[01m[Krclcpp::LoanedMessage<geometry_msgs::msg::PoseWithCovarianceStamped_<std::allocator<void> >, std::allocator<void> >&&[m[K’
  406 |   publish([01;36m[Krclcpp::LoanedMessage<ROSMessageType, AllocatorT> && loaned_msg[m[K)
      |           [01;36m[K~~~~~~~~~~~~~~~~~~~~~~~~~~~~~~~~~~~~~~~~~~~~~~~~~~~~~^~~~~~~~~~[m[K
gmake[2]: *** [CMakeFiles/dronecan_bridge_component.dir/build.make:76: CMakeFiles/dronecan_bridge_component.dir/src/dronecan_bridge_component.cpp.o] Error 1
gmake[1]: *** [CMakeFiles/Makefile2:139: CMakeFiles/dronecan_bridge_component.dir/all] Error 2
gmake: *** [Makefile:146: all] Error 2
