[0.184s] Invoking command in '/home/student/sensor_platform_ws/build/realsense2_camera_msgs': CMAKE_PREFIX_PATH=/opt/ros/humble /usr/bin/cmake --build /home/student/sensor_platform_ws/build/realsense2_camera_msgs -- -j8 -l8
[1.583s] [  0%] Built target realsense2_camera_msgs__cpp
[1.585s] [  1%] Built target realsense2_camera_msgs__rs
[1.819s] [  1%] Built target ament_cmake_python_symlink_realsense2_camera_msgs
[1.922s] [ 13%] Built target realsense2_camera_msgs__rosidl_generator_c
[1.941s] [ 37%] Built target realsense2_camera_msgs__rosidl_typesupport_cpp
[1.942s] [ 37%] Built target realsense2_camera_msgs__rosidl_typesupport_introspection_cpp
[2.141s] [ 49%] Built target realsense2_camera_msgs__rosidl_typesupport_fastrtps_cpp
[2.160s] running egg_info
[2.160s] writing realsense2_camera_msgs.egg-info/PKG-INFO
[2.163s] writing dependency_links to realsense2_camera_msgs.egg-info/dependency_links.txt
[2.174s] writing top-level names to realsense2_camera_msgs.egg-info/top_level.txt
[2.266s] [ 61%] Built target realsense2_camera_msgs__rosidl_typesupport_c
[2.269s] [ 73%] Built target realsense2_camera_msgs__rosidl_typesupport_introspection_c
[2.277s] reading manifest file 'realsense2_camera_msgs.egg-info/SOURCES.txt'
[2.286s] writing manifest file 'realsense2_camera_msgs.egg-info/SOURCES.txt'
[2.316s] [ 85%] Built target realsense2_camera_msgs__rosidl_typesupport_fastrtps_c
[2.327s] [ 85%] Built target ament_cmake_python_build_realsense2_camera_msgs_egg
[2.544s] [ 85%] Built target realsense2_camera_msgs
[2.989s] [ 86%] Built target realsense2_camera_msgs__py
[3.112s] [ 97%] Built target realsense2_camera_msgs__rosidl_generator_py
[3.226s] [ 98%] Built target realsense2_camera_msgs__rosidl_typesupport_fastrtps_c__pyext
[3.227s] [ 99%] Built target realsense2_camera_msgs__rosidl_typesupport_c__pyext
[3.227s] [100%] Built target realsense2_camera_msgs__rosidl_typesupport_introspection_c__pyext
[3.254s] Invoked command in '/home/student/sensor_platform_ws/build/realsense2_camera_msgs' returned '0': CMAKE_PREFIX_PATH=/opt/ros/humble /usr/bin/cmake --build /home/student/sensor_platform_ws/build/realsense2_camera_msgs -- -j8 -l8
[3.270s] Invoking command in '/home/student/sensor_platform_ws/build/realsense2_camera_msgs': CMAKE_PREFIX_PATH=/opt/ros/humble /usr/bin/cmake --install /home/student/sensor_platform_ws/build/realsense2_camera_msgs
[3.278s] -- Install configuration: "Release"
[3.295s] -- Execute custom install script
[3.322s] -- Up-to-date symlink: /home/student/sensor_platform_ws/install/realsense2_camera_msgs/share/ament_index/resource_index/rosidl_interfaces/realsense2_camera_msgs
[3.341s] -- Up-to-date symlink: /home/student/sensor_platform_ws/install/realsense2_camera_msgs/include/realsense2_camera_msgs/realsense2_camera_msgs/action/detail/triggered_calibration__functions.h
[3.342s] -- Up-to-date symlink: /home/student/sensor_platform_ws/install/realsense2_camera_msgs/include/realsense2_camera_msgs/realsense2_camera_msgs/action/detail/triggered_calibration__struct.h
[3.345s] -- Up-to-date symlink: /home/student/sensor_platform_ws/install/realsense2_camera_msgs/include/realsense2_camera_msgs/realsense2_camera_msgs/action/detail/triggered_calibration__type_support.h
[3.346s] -- Up-to-date symlink: /home/student/sensor_platform_ws/install/realsense2_camera_msgs/include/realsense2_camera_msgs/realsense2_camera_msgs/action/triggered_calibration.h
[3.364s] -- Up-to-date symlink: /home/student/sensor_platform_ws/install/realsense2_camera_msgs/include/realsense2_camera_msgs/realsense2_camera_msgs/msg/detail/extrinsics__functions.h
[3.365s] -- Up-to-date symlink: /home/student/sensor_platform_ws/install/realsense2_camera_msgs/include/realsense2_camera_msgs/realsense2_camera_msgs/msg/detail/extrinsics__struct.h
[3.366s] -- Up-to-date symlink: /home/student/sensor_platform_ws/install/realsense2_camera_msgs/include/realsense2_camera_msgs/realsense2_camera_msgs/msg/detail/extrinsics__type_support.h
[3.367s] -- Up-to-date symlink: /home/student/sensor_platform_ws/install/realsense2_camera_msgs/include/realsense2_camera_msgs/realsense2_camera_msgs/msg/detail/imu_info__functions.h
[3.369s] -- Up-to-date symlink: /home/student/sensor_platform_ws/install/realsense2_camera_msgs/include/realsense2_camera_msgs/realsense2_camera_msgs/msg/detail/imu_info__struct.h
[3.370s] -- Up-to-date symlink: /home/student/sensor_platform_ws/install/realsense2_camera_msgs/include/realsense2_camera_msgs/realsense2_camera_msgs/msg/detail/imu_info__type_support.h
[3.371s] -- Up-to-date symlink: /home/student/sensor_platform_ws/install/realsense2_camera_msgs/include/realsense2_camera_msgs/realsense2_camera_msgs/msg/detail/metadata__functions.h
[3.372s] -- Up-to-date symlink: /home/student/sensor_platform_ws/install/realsense2_camera_msgs/include/realsense2_camera_msgs/realsense2_camera_msgs/msg/detail/metadata__struct.h
[3.373s] -- Up-to-date symlink: /home/student/sensor_platform_ws/install/realsense2_camera_msgs/include/realsense2_camera_msgs/realsense2_camera_msgs/msg/detail/metadata__type_support.h
[3.374s] -- Up-to-date symlink: /home/student/sensor_platform_ws/install/realsense2_camera_msgs/include/realsense2_camera_msgs/realsense2_camera_msgs/msg/detail/rgbd__functions.h
[3.397s] -- Up-to-date symlink: /home/student/sensor_platform_ws/install/realsense2_camera_msgs/include/realsense2_camera_msgs/realsense2_camera_msgs/msg/detail/rgbd__struct.h
[3.399s] -- Up-to-date symlink: /home/student/sensor_platform_ws/install/realsense2_camera_msgs/include/realsense2_camera_msgs/realsense2_camera_msgs/msg/detail/rgbd__type_support.h
[3.400s] -- Up-to-date symlink: /home/student/sensor_platform_ws/install/realsense2_camera_msgs/include/realsense2_camera_msgs/realsense2_camera_msgs/msg/extrinsics.h
[3.401s] -- Up-to-date symlink: /home/student/sensor_platform_ws/install/realsense2_camera_msgs/include/realsense2_camera_msgs/realsense2_camera_msgs/msg/imu_info.h
[3.402s] -- Up-to-date symlink: /home/student/sensor_platform_ws/install/realsense2_camera_msgs/include/realsense2_camera_msgs/realsense2_camera_msgs/msg/metadata.h
[3.422s] -- Up-to-date symlink: /home/student/sensor_platform_ws/install/realsense2_camera_msgs/include/realsense2_camera_msgs/realsense2_camera_msgs/msg/rgbd.h
[3.423s] -- Up-to-date symlink: /home/student/sensor_platform_ws/install/realsense2_camera_msgs/include/realsense2_camera_msgs/realsense2_camera_msgs/msg/rosidl_generator_c__visibility_control.h
[3.425s] -- Up-to-date symlink: /home/student/sensor_platform_ws/install/realsense2_camera_msgs/include/realsense2_camera_msgs/realsense2_camera_msgs/srv/application_config_read.h
[3.426s] -- Up-to-date symlink: /home/student/sensor_platform_ws/install/realsense2_camera_msgs/include/realsense2_camera_msgs/realsense2_camera_msgs/srv/application_config_write.h
[3.447s] -- Up-to-date symlink: /home/student/sensor_platform_ws/install/realsense2_camera_msgs/include/realsense2_camera_msgs/realsense2_camera_msgs/srv/calib_config_read.h
[3.448s] -- Up-to-date symlink: /home/student/sensor_platform_ws/install/realsense2_camera_msgs/include/realsense2_camera_msgs/realsense2_camera_msgs/srv/calib_config_write.h
[3.459s] -- Up-to-date symlink: /home/student/sensor_platform_ws/install/realsense2_camera_msgs/include/realsense2_camera_msgs/realsense2_camera_msgs/srv/detail/application_config_read__functions.h
[3.461s] -- Up-to-date symlink: /home/student/sensor_platform_ws/install/realsense2_camera_msgs/include/realsense2_camera_msgs/realsense2_camera_msgs/srv/detail/application_config_read__struct.h
[3.515s] -- Up-to-date symlink: /home/student/sensor_platform_ws/install/realsense2_camera_msgs/include/realsense2_camera_msgs/realsense2_camera_msgs/srv/detail/application_config_read__type_support.h
[3.516s] -- Up-to-date symlink: /home/student/sensor_platform_ws/install/realsense2_camera_msgs/include/realsense2_camera_msgs/realsense2_camera_msgs/srv/detail/application_config_write__functions.h
[3.521s] -- Up-to-date symlink: /home/student/sensor_platform_ws/install/realsense2_camera_msgs/include/realsense2_camera_msgs/realsense2_camera_msgs/srv/detail/application_config_write__struct.h
[3.521s] -- Up-to-date symlink: /home/student/sensor_platform_ws/install/realsense2_camera_msgs/include/realsense2_camera_msgs/realsense2_camera_msgs/srv/detail/application_config_write__type_support.h
[3.529s] -- Up-to-date symlink: /home/student/sensor_platform_ws/install/realsense2_camera_msgs/include/realsense2_camera_msgs/realsense2_camera_msgs/srv/detail/calib_config_read__functions.h
[3.548s] -- Up-to-date symlink: /home/student/sensor_platform_ws/install/realsense2_camera_msgs/include/realsense2_camera_msgs/realsense2_camera_msgs/srv/detail/calib_config_read__struct.h
[3.560s] -- Up-to-date symlink: /home/student/sensor_platform_ws/install/realsense2_camera_msgs/include/realsense2_camera_msgs/realsense2_camera_msgs/srv/detail/calib_config_read__type_support.h
[3.561s] -- Up-to-date symlink: /home/student/sensor_platform_ws/install/realsense2_camera_msgs/include/realsense2_camera_msgs/realsense2_camera_msgs/srv/detail/calib_config_write__functions.h
[3.562s] -- Up-to-date symlink: /home/student/sensor_platform_ws/install/realsense2_camera_msgs/include/realsense2_camera_msgs/realsense2_camera_msgs/srv/detail/calib_config_write__struct.h
[3.563s] -- Up-to-date symlink: /home/student/sensor_platform_ws/install/realsense2_camera_msgs/include/realsense2_camera_msgs/realsense2_camera_msgs/srv/detail/calib_config_write__type_support.h
[3.564s] -- Up-to-date symlink: /home/student/sensor_platform_ws/install/realsense2_camera_msgs/include/realsense2_camera_msgs/realsense2_camera_msgs/srv/detail/device_info__functions.h
[3.565s] -- Up-to-date symlink: /home/student/sensor_platform_ws/install/realsense2_camera_msgs/include/realsense2_camera_msgs/realsense2_camera_msgs/srv/detail/device_info__struct.h
[3.565s] -- Up-to-date symlink: /home/student/sensor_platform_ws/install/realsense2_camera_msgs/include/realsense2_camera_msgs/realsense2_camera_msgs/srv/detail/device_info__type_support.h
[3.581s] -- Up-to-date symlink: /home/student/sensor_platform_ws/install/realsense2_camera_msgs/include/realsense2_camera_msgs/realsense2_camera_msgs/srv/detail/hardware_monitor_command_send__functions.h
[3.583s] -- Up-to-date symlink: /home/student/sensor_platform_ws/install/realsense2_camera_msgs/include/realsense2_camera_msgs/realsense2_camera_msgs/srv/detail/hardware_monitor_command_send__struct.h
[3.585s] -- Up-to-date symlink: /home/student/sensor_platform_ws/install/realsense2_camera_msgs/include/realsense2_camera_msgs/realsense2_camera_msgs/srv/detail/hardware_monitor_command_send__type_support.h
[3.589s] -- Up-to-date symlink: /home/student/sensor_platform_ws/install/realsense2_camera_msgs/include/realsense2_camera_msgs/realsense2_camera_msgs/srv/detail/safety_interface_config_read__functions.h
[3.590s] -- Up-to-date symlink: /home/student/sensor_platform_ws/install/realsense2_camera_msgs/include/realsense2_camera_msgs/realsense2_camera_msgs/srv/detail/safety_interface_config_read__struct.h
[3.591s] -- Up-to-date symlink: /home/student/sensor_platform_ws/install/realsense2_camera_msgs/include/realsense2_camera_msgs/realsense2_camera_msgs/srv/detail/safety_interface_config_read__type_support.h
[3.591s] -- Up-to-date symlink: /home/student/sensor_platform_ws/install/realsense2_camera_msgs/include/realsense2_camera_msgs/realsense2_camera_msgs/srv/detail/safety_interface_config_write__functions.h
[3.592s] -- Up-to-date symlink: /home/student/sensor_platform_ws/install/realsense2_camera_msgs/include/realsense2_camera_msgs/realsense2_camera_msgs/srv/detail/safety_interface_config_write__struct.h
[3.615s] -- Up-to-date symlink: /home/student/sensor_platform_ws/install/realsense2_camera_msgs/include/realsense2_camera_msgs/realsense2_camera_msgs/srv/detail/safety_interface_config_write__type_support.h
[3.616s] -- Up-to-date symlink: /home/student/sensor_platform_ws/install/realsense2_camera_msgs/include/realsense2_camera_msgs/realsense2_camera_msgs/srv/detail/safety_preset_read__functions.h
[3.619s] -- Up-to-date symlink: /home/student/sensor_platform_ws/install/realsense2_camera_msgs/include/realsense2_camera_msgs/realsense2_camera_msgs/srv/detail/safety_preset_read__struct.h
[3.620s] -- Up-to-date symlink: /home/student/sensor_platform_ws/install/realsense2_camera_msgs/include/realsense2_camera_msgs/realsense2_camera_msgs/srv/detail/safety_preset_read__type_support.h
[3.621s] -- Up-to-date symlink: /home/student/sensor_platform_ws/install/realsense2_camera_msgs/include/realsense2_camera_msgs/realsense2_camera_msgs/srv/detail/safety_preset_write__functions.h
[3.632s] -- Up-to-date symlink: /home/student/sensor_platform_ws/install/realsense2_camera_msgs/include/realsense2_camera_msgs/realsense2_camera_msgs/srv/detail/safety_preset_write__struct.h
[3.633s] -- Up-to-date symlink: /home/student/sensor_platform_ws/install/realsense2_camera_msgs/include/realsense2_camera_msgs/realsense2_camera_msgs/srv/detail/safety_preset_write__type_support.h
[3.636s] -- Up-to-date symlink: /home/student/sensor_platform_ws/install/realsense2_camera_msgs/include/realsense2_camera_msgs/realsense2_camera_msgs/srv/device_info.h
[3.637s] -- Up-to-date symlink: /home/student/sensor_platform_ws/install/realsense2_camera_msgs/include/realsense2_camera_msgs/realsense2_camera_msgs/srv/hardware_monitor_command_send.h
[3.638s] -- Up-to-date symlink: /home/student/sensor_platform_ws/install/realsense2_camera_msgs/include/realsense2_camera_msgs/realsense2_camera_msgs/srv/safety_interface_config_read.h
[3.665s] -- Up-to-date symlink: /home/student/sensor_platform_ws/install/realsense2_camera_msgs/include/realsense2_camera_msgs/realsense2_camera_msgs/srv/safety_interface_config_write.h
[3.666s] -- Up-to-date symlink: /home/student/sensor_platform_ws/install/realsense2_camera_msgs/include/realsense2_camera_msgs/realsense2_camera_msgs/srv/safety_preset_read.h
[3.669s] -- Up-to-date symlink: /home/student/sensor_platform_ws/install/realsense2_camera_msgs/include/realsense2_camera_msgs/realsense2_camera_msgs/srv/safety_preset_write.h
[3.682s] -- Up-to-date symlink: /home/student/sensor_platform_ws/install/realsense2_camera_msgs/share/realsense2_camera_msgs/environment/library_path.sh
[3.684s] -- Up-to-date symlink: /home/student/sensor_platform_ws/install/realsense2_camera_msgs/share/realsense2_camera_msgs/environment/library_path.dsv
[3.688s] -- Up-to-date symlink: /home/student/sensor_platform_ws/install/realsense2_camera_msgs/include/realsense2_camera_msgs/realsense2_camera_msgs/action/detail/triggered_calibration__rosidl_typesupport_fastrtps_c.h
[3.689s] -- Up-to-date symlink: /home/student/sensor_platform_ws/install/realsense2_camera_msgs/include/realsense2_camera_msgs/realsense2_camera_msgs/msg/detail/extrinsics__rosidl_typesupport_fastrtps_c.h
[3.690s] -- Up-to-date symlink: /home/student/sensor_platform_ws/install/realsense2_camera_msgs/include/realsense2_camera_msgs/realsense2_camera_msgs/msg/detail/imu_info__rosidl_typesupport_fastrtps_c.h
[3.691s] -- Up-to-date symlink: /home/student/sensor_platform_ws/install/realsense2_camera_msgs/include/realsense2_camera_msgs/realsense2_camera_msgs/msg/detail/metadata__rosidl_typesupport_fastrtps_c.h
[3.692s] -- Up-to-date symlink: /home/student/sensor_platform_ws/install/realsense2_camera_msgs/include/realsense2_camera_msgs/realsense2_camera_msgs/msg/detail/rgbd__rosidl_typesupport_fastrtps_c.h
[3.692s] -- Up-to-date symlink: /home/student/sensor_platform_ws/install/realsense2_camera_msgs/include/realsense2_camera_msgs/realsense2_camera_msgs/msg/rosidl_typesupport_fastrtps_c__visibility_control.h
[3.694s] -- Up-to-date symlink: /home/student/sensor_platform_ws/install/realsense2_camera_msgs/include/realsense2_camera_msgs/realsense2_camera_msgs/srv/detail/application_config_read__rosidl_typesupport_fastrtps_c.h
[3.695s] -- Up-to-date symlink: /home/student/sensor_platform_ws/install/realsense2_camera_msgs/include/realsense2_camera_msgs/realsense2_camera_msgs/srv/detail/application_config_write__rosidl_typesupport_fastrtps_c.h
[3.696s] -- Up-to-date symlink: /home/student/sensor_platform_ws/install/realsense2_camera_msgs/include/realsense2_camera_msgs/realsense2_camera_msgs/srv/detail/calib_config_read__rosidl_typesupport_fastrtps_c.h
[3.696s] -- Up-to-date symlink: /home/student/sensor_platform_ws/install/realsense2_camera_msgs/include/realsense2_camera_msgs/realsense2_camera_msgs/srv/detail/calib_config_write__rosidl_typesupport_fastrtps_c.h
[3.697s] -- Up-to-date symlink: /home/student/sensor_platform_ws/install/realsense2_camera_msgs/include/realsense2_camera_msgs/realsense2_camera_msgs/srv/detail/device_info__rosidl_typesupport_fastrtps_c.h
[3.698s] -- Up-to-date symlink: /home/student/sensor_platform_ws/install/realsense2_camera_msgs/include/realsense2_camera_msgs/realsense2_camera_msgs/srv/detail/hardware_monitor_command_send__rosidl_typesupport_fastrtps_c.h
[3.698s] -- Up-to-date symlink: /home/student/sensor_platform_ws/install/realsense2_camera_msgs/include/realsense2_camera_msgs/realsense2_camera_msgs/srv/detail/safety_interface_config_read__rosidl_typesupport_fastrtps_c.h
[3.699s] -- Up-to-date symlink: /home/student/sensor_platform_ws/install/realsense2_camera_msgs/include/realsense2_camera_msgs/realsense2_camera_msgs/srv/detail/safety_interface_config_write__rosidl_typesupport_fastrtps_c.h
[3.700s] -- Up-to-date symlink: /home/student/sensor_platform_ws/install/realsense2_camera_msgs/include/realsense2_camera_msgs/realsense2_camera_msgs/srv/detail/safety_preset_read__rosidl_typesupport_fastrtps_c.h
[3.701s] -- Up-to-date symlink: /home/student/sensor_platform_ws/install/realsense2_camera_msgs/include/realsense2_camera_msgs/realsense2_camera_msgs/srv/detail/safety_preset_write__rosidl_typesupport_fastrtps_c.h
[3.703s] -- Up-to-date symlink: /home/student/sensor_platform_ws/install/realsense2_camera_msgs/include/realsense2_camera_msgs/realsense2_camera_msgs/action/detail/triggered_calibration__rosidl_typesupport_introspection_c.h
[3.705s] -- Up-to-date symlink: /home/student/sensor_platform_ws/install/realsense2_camera_msgs/include/realsense2_camera_msgs/realsense2_camera_msgs/msg/detail/extrinsics__rosidl_typesupport_introspection_c.h
[3.707s] -- Up-to-date symlink: /home/student/sensor_platform_ws/install/realsense2_camera_msgs/include/realsense2_camera_msgs/realsense2_camera_msgs/msg/detail/imu_info__rosidl_typesupport_introspection_c.h
[3.707s] -- Up-to-date symlink: /home/student/sensor_platform_ws/install/realsense2_camera_msgs/include/realsense2_camera_msgs/realsense2_camera_msgs/msg/detail/metadata__rosidl_typesupport_introspection_c.h
[3.708s] -- Up-to-date symlink: /home/student/sensor_platform_ws/install/realsense2_camera_msgs/include/realsense2_camera_msgs/realsense2_camera_msgs/msg/detail/rgbd__rosidl_typesupport_introspection_c.h
[3.710s] -- Up-to-date symlink: /home/student/sensor_platform_ws/install/realsense2_camera_msgs/include/realsense2_camera_msgs/realsense2_camera_msgs/msg/rosidl_typesupport_introspection_c__visibility_control.h
[3.711s] -- Up-to-date symlink: /home/student/sensor_platform_ws/install/realsense2_camera_msgs/include/realsense2_camera_msgs/realsense2_camera_msgs/srv/detail/application_config_read__rosidl_typesupport_introspection_c.h
[3.711s] -- Up-to-date symlink: /home/student/sensor_platform_ws/install/realsense2_camera_msgs/include/realsense2_camera_msgs/realsense2_camera_msgs/srv/detail/application_config_write__rosidl_typesupport_introspection_c.h
[3.712s] -- Up-to-date symlink: /home/student/sensor_platform_ws/install/realsense2_camera_msgs/include/realsense2_camera_msgs/realsense2_camera_msgs/srv/detail/calib_config_read__rosidl_typesupport_introspection_c.h
[3.714s] -- Up-to-date symlink: /home/student/sensor_platform_ws/install/realsense2_camera_msgs/include/realsense2_camera_msgs/realsense2_camera_msgs/srv/detail/calib_config_write__rosidl_typesupport_introspection_c.h
[3.715s] -- Up-to-date symlink: /home/student/sensor_platform_ws/install/realsense2_camera_msgs/include/realsense2_camera_msgs/realsense2_camera_msgs/srv/detail/device_info__rosidl_typesupport_introspection_c.h
[3.716s] -- Up-to-date symlink: /home/student/sensor_platform_ws/install/realsense2_camera_msgs/include/realsense2_camera_msgs/realsense2_camera_msgs/srv/detail/hardware_monitor_command_send__rosidl_typesupport_introspection_c.h
[3.717s] -- Up-to-date symlink: /home/student/sensor_platform_ws/install/realsense2_camera_msgs/include/realsense2_camera_msgs/realsense2_camera_msgs/srv/detail/safety_interface_config_read__rosidl_typesupport_introspection_c.h
[3.718s] -- Up-to-date symlink: /home/student/sensor_platform_ws/install/realsense2_camera_msgs/include/realsense2_camera_msgs/realsense2_camera_msgs/srv/detail/safety_interface_config_write__rosidl_typesupport_introspection_c.h
[3.720s] -- Up-to-date symlink: /home/student/sensor_platform_ws/install/realsense2_camera_msgs/include/realsense2_camera_msgs/realsense2_camera_msgs/srv/detail/safety_preset_read__rosidl_typesupport_introspection_c.h
[3.721s] -- Up-to-date symlink: /home/student/sensor_platform_ws/install/realsense2_camera_msgs/include/realsense2_camera_msgs/realsense2_camera_msgs/srv/detail/safety_preset_write__rosidl_typesupport_introspection_c.h
[3.725s] -- Up-to-date symlink: /home/student/sensor_platform_ws/install/realsense2_camera_msgs/include/realsense2_camera_msgs/realsense2_camera_msgs/action/detail/triggered_calibration__builder.hpp
[3.728s] -- Up-to-date symlink: /home/student/sensor_platform_ws/install/realsense2_camera_msgs/include/realsense2_camera_msgs/realsense2_camera_msgs/action/detail/triggered_calibration__struct.hpp
[3.730s] -- Up-to-date symlink: /home/student/sensor_platform_ws/install/realsense2_camera_msgs/include/realsense2_camera_msgs/realsense2_camera_msgs/action/detail/triggered_calibration__traits.hpp
[3.730s] -- Up-to-date symlink: /home/student/sensor_platform_ws/install/realsense2_camera_msgs/include/realsense2_camera_msgs/realsense2_camera_msgs/action/detail/triggered_calibration__type_support.hpp
[3.731s] -- Up-to-date symlink: /home/student/sensor_platform_ws/install/realsense2_camera_msgs/include/realsense2_camera_msgs/realsense2_camera_msgs/action/triggered_calibration.hpp
[3.732s] -- Up-to-date symlink: /home/student/sensor_platform_ws/install/realsense2_camera_msgs/include/realsense2_camera_msgs/realsense2_camera_msgs/msg/detail/extrinsics__builder.hpp
[3.733s] -- Up-to-date symlink: /home/student/sensor_platform_ws/install/realsense2_camera_msgs/include/realsense2_camera_msgs/realsense2_camera_msgs/msg/detail/extrinsics__struct.hpp
[3.734s] -- Up-to-date symlink: /home/student/sensor_platform_ws/install/realsense2_camera_msgs/include/realsense2_camera_msgs/realsense2_camera_msgs/msg/detail/extrinsics__traits.hpp
[3.736s] -- Up-to-date symlink: /home/student/sensor_platform_ws/install/realsense2_camera_msgs/include/realsense2_camera_msgs/realsense2_camera_msgs/msg/detail/extrinsics__type_support.hpp
[3.737s] -- Up-to-date symlink: /home/student/sensor_platform_ws/install/realsense2_camera_msgs/include/realsense2_camera_msgs/realsense2_camera_msgs/msg/detail/imu_info__builder.hpp
[3.737s] -- Up-to-date symlink: /home/student/sensor_platform_ws/install/realsense2_camera_msgs/include/realsense2_camera_msgs/realsense2_camera_msgs/msg/detail/imu_info__struct.hpp
[3.739s] -- Up-to-date symlink: /home/student/sensor_platform_ws/install/realsense2_camera_msgs/include/realsense2_camera_msgs/realsense2_camera_msgs/msg/detail/imu_info__traits.hpp
[3.739s] -- Up-to-date symlink: /home/student/sensor_platform_ws/install/realsense2_camera_msgs/include/realsense2_camera_msgs/realsense2_camera_msgs/msg/detail/imu_info__type_support.hpp
[3.740s] -- Up-to-date symlink: /home/student/sensor_platform_ws/install/realsense2_camera_msgs/include/realsense2_camera_msgs/realsense2_camera_msgs/msg/detail/metadata__builder.hpp
[3.740s] -- Up-to-date symlink: /home/student/sensor_platform_ws/install/realsense2_camera_msgs/include/realsense2_camera_msgs/realsense2_camera_msgs/msg/detail/metadata__struct.hpp
[3.743s] -- Up-to-date symlink: /home/student/sensor_platform_ws/install/realsense2_camera_msgs/include/realsense2_camera_msgs/realsense2_camera_msgs/msg/detail/metadata__traits.hpp
[3.743s] -- Up-to-date symlink: /home/student/sensor_platform_ws/install/realsense2_camera_msgs/include/realsense2_camera_msgs/realsense2_camera_msgs/msg/detail/metadata__type_support.hpp
[3.744s] -- Up-to-date symlink: /home/student/sensor_platform_ws/install/realsense2_camera_msgs/include/realsense2_camera_msgs/realsense2_camera_msgs/msg/detail/rgbd__builder.hpp
[3.744s] -- Up-to-date symlink: /home/student/sensor_platform_ws/install/realsense2_camera_msgs/include/realsense2_camera_msgs/realsense2_camera_msgs/msg/detail/rgbd__struct.hpp
[3.745s] -- Up-to-date symlink: /home/student/sensor_platform_ws/install/realsense2_camera_msgs/include/realsense2_camera_msgs/realsense2_camera_msgs/msg/detail/rgbd__traits.hpp
[3.746s] -- Up-to-date symlink: /home/student/sensor_platform_ws/install/realsense2_camera_msgs/include/realsense2_camera_msgs/realsense2_camera_msgs/msg/detail/rgbd__type_support.hpp
[3.746s] -- Up-to-date symlink: /home/student/sensor_platform_ws/install/realsense2_camera_msgs/include/realsense2_camera_msgs/realsense2_camera_msgs/msg/extrinsics.hpp
[3.747s] -- Up-to-date symlink: /home/student/sensor_platform_ws/install/realsense2_camera_msgs/include/realsense2_camera_msgs/realsense2_camera_msgs/msg/imu_info.hpp
[3.747s] -- Up-to-date symlink: /home/student/sensor_platform_ws/install/realsense2_camera_msgs/include/realsense2_camera_msgs/realsense2_camera_msgs/msg/metadata.hpp
[3.749s] -- Up-to-date symlink: /home/student/sensor_platform_ws/install/realsense2_camera_msgs/include/realsense2_camera_msgs/realsense2_camera_msgs/msg/rgbd.hpp
[3.749s] -- Up-to-date symlink: /home/student/sensor_platform_ws/install/realsense2_camera_msgs/include/realsense2_camera_msgs/realsense2_camera_msgs/msg/rosidl_generator_cpp__visibility_control.hpp
[3.750s] -- Up-to-date symlink: /home/student/sensor_platform_ws/install/realsense2_camera_msgs/include/realsense2_camera_msgs/realsense2_camera_msgs/srv/application_config_read.hpp
[3.750s] -- Up-to-date symlink: /home/student/sensor_platform_ws/install/realsense2_camera_msgs/include/realsense2_camera_msgs/realsense2_camera_msgs/srv/application_config_write.hpp
[3.752s] -- Up-to-date symlink: /home/student/sensor_platform_ws/install/realsense2_camera_msgs/include/realsense2_camera_msgs/realsense2_camera_msgs/srv/calib_config_read.hpp
[3.753s] -- Up-to-date symlink: /home/student/sensor_platform_ws/install/realsense2_camera_msgs/include/realsense2_camera_msgs/realsense2_camera_msgs/srv/calib_config_write.hpp
[3.754s] -- Up-to-date symlink: /home/student/sensor_platform_ws/install/realsense2_camera_msgs/include/realsense2_camera_msgs/realsense2_camera_msgs/srv/detail/application_config_read__builder.hpp
[3.754s] -- Up-to-date symlink: /home/student/sensor_platform_ws/install/realsense2_camera_msgs/include/realsense2_camera_msgs/realsense2_camera_msgs/srv/detail/application_config_read__struct.hpp
[3.755s] -- Up-to-date symlink: /home/student/sensor_platform_ws/install/realsense2_camera_msgs/include/realsense2_camera_msgs/realsense2_camera_msgs/srv/detail/application_config_read__traits.hpp
[3.756s] -- Up-to-date symlink: /home/student/sensor_platform_ws/install/realsense2_camera_msgs/include/realsense2_camera_msgs/realsense2_camera_msgs/srv/detail/application_config_read__type_support.hpp
[3.757s] -- Up-to-date symlink: /home/student/sensor_platform_ws/install/realsense2_camera_msgs/include/realsense2_camera_msgs/realsense2_camera_msgs/srv/detail/application_config_write__builder.hpp
[3.758s] -- Up-to-date symlink: /home/student/sensor_platform_ws/install/realsense2_camera_msgs/include/realsense2_camera_msgs/realsense2_camera_msgs/srv/detail/application_config_write__struct.hpp
[3.758s] -- Up-to-date symlink: /home/student/sensor_platform_ws/install/realsense2_camera_msgs/include/realsense2_camera_msgs/realsense2_camera_msgs/srv/detail/application_config_write__traits.hpp
[3.759s] -- Up-to-date symlink: /home/student/sensor_platform_ws/install/realsense2_camera_msgs/include/realsense2_camera_msgs/realsense2_camera_msgs/srv/detail/application_config_write__type_support.hpp
[3.759s] -- Up-to-date symlink: /home/student/sensor_platform_ws/install/realsense2_camera_msgs/include/realsense2_camera_msgs/realsense2_camera_msgs/srv/detail/calib_config_read__builder.hpp
[3.759s] -- Up-to-date symlink: /home/student/sensor_platform_ws/install/realsense2_camera_msgs/include/realsense2_camera_msgs/realsense2_camera_msgs/srv/detail/calib_config_read__struct.hpp
[3.760s] -- Up-to-date symlink: /home/student/sensor_platform_ws/install/realsense2_camera_msgs/include/realsense2_camera_msgs/realsense2_camera_msgs/srv/detail/calib_config_read__traits.hpp
[3.761s] -- Up-to-date symlink: /home/student/sensor_platform_ws/install/realsense2_camera_msgs/include/realsense2_camera_msgs/realsense2_camera_msgs/srv/detail/calib_config_read__type_support.hpp
[3.762s] -- Up-to-date symlink: /home/student/sensor_platform_ws/install/realsense2_camera_msgs/include/realsense2_camera_msgs/realsense2_camera_msgs/srv/detail/calib_config_write__builder.hpp
[3.762s] -- Up-to-date symlink: /home/student/sensor_platform_ws/install/realsense2_camera_msgs/include/realsense2_camera_msgs/realsense2_camera_msgs/srv/detail/calib_config_write__struct.hpp
[3.762s] -- Up-to-date symlink: /home/student/sensor_platform_ws/install/realsense2_camera_msgs/include/realsense2_camera_msgs/realsense2_camera_msgs/srv/detail/calib_config_write__traits.hpp
[3.762s] -- Up-to-date symlink: /home/student/sensor_platform_ws/install/realsense2_camera_msgs/include/realsense2_camera_msgs/realsense2_camera_msgs/srv/detail/calib_config_write__type_support.hpp
[3.762s] -- Up-to-date symlink: /home/student/sensor_platform_ws/install/realsense2_camera_msgs/include/realsense2_camera_msgs/realsense2_camera_msgs/srv/detail/device_info__builder.hpp
[3.762s] -- Up-to-date symlink: /home/student/sensor_platform_ws/install/realsense2_camera_msgs/include/realsense2_camera_msgs/realsense2_camera_msgs/srv/detail/device_info__struct.hpp
[3.763s] -- Up-to-date symlink: /home/student/sensor_platform_ws/install/realsense2_camera_msgs/include/realsense2_camera_msgs/realsense2_camera_msgs/srv/detail/device_info__traits.hpp
[3.763s] -- Up-to-date symlink: /home/student/sensor_platform_ws/install/realsense2_camera_msgs/include/realsense2_camera_msgs/realsense2_camera_msgs/srv/detail/device_info__type_support.hpp
[3.763s] -- Up-to-date symlink: /home/student/sensor_platform_ws/install/realsense2_camera_msgs/include/realsense2_camera_msgs/realsense2_camera_msgs/srv/detail/hardware_monitor_command_send__builder.hpp
[3.763s] -- Up-to-date symlink: /home/student/sensor_platform_ws/install/realsense2_camera_msgs/include/realsense2_camera_msgs/realsense2_camera_msgs/srv/detail/hardware_monitor_command_send__struct.hpp
[3.763s] -- Up-to-date symlink: /home/student/sensor_platform_ws/install/realsense2_camera_msgs/include/realsense2_camera_msgs/realsense2_camera_msgs/srv/detail/hardware_monitor_command_send__traits.hpp
[3.764s] -- Up-to-date symlink: /home/student/sensor_platform_ws/install/realsense2_camera_msgs/include/realsense2_camera_msgs/realsense2_camera_msgs/srv/detail/hardware_monitor_command_send__type_support.hpp
[3.764s] -- Up-to-date symlink: /home/student/sensor_platform_ws/install/realsense2_camera_msgs/include/realsense2_camera_msgs/realsense2_camera_msgs/srv/detail/safety_interface_config_read__builder.hpp
[3.766s] -- Up-to-date symlink: /home/student/sensor_platform_ws/install/realsense2_camera_msgs/include/realsense2_camera_msgs/realsense2_camera_msgs/srv/detail/safety_interface_config_read__struct.hpp
[3.767s] -- Up-to-date symlink: /home/student/sensor_platform_ws/install/realsense2_camera_msgs/include/realsense2_camera_msgs/realsense2_camera_msgs/srv/detail/safety_interface_config_read__traits.hpp
[3.767s] -- Up-to-date symlink: /home/student/sensor_platform_ws/install/realsense2_camera_msgs/include/realsense2_camera_msgs/realsense2_camera_msgs/srv/detail/safety_interface_config_read__type_support.hpp
[3.767s] -- Up-to-date symlink: /home/student/sensor_platform_ws/install/realsense2_camera_msgs/include/realsense2_camera_msgs/realsense2_camera_msgs/srv/detail/safety_interface_config_write__builder.hpp
[3.768s] -- Up-to-date symlink: /home/student/sensor_platform_ws/install/realsense2_camera_msgs/include/realsense2_camera_msgs/realsense2_camera_msgs/srv/detail/safety_interface_config_write__struct.hpp
[3.770s] -- Up-to-date symlink: /home/student/sensor_platform_ws/install/realsense2_camera_msgs/include/realsense2_camera_msgs/realsense2_camera_msgs/srv/detail/safety_interface_config_write__traits.hpp
[3.770s] -- Up-to-date symlink: /home/student/sensor_platform_ws/install/realsense2_camera_msgs/include/realsense2_camera_msgs/realsense2_camera_msgs/srv/detail/safety_interface_config_write__type_support.hpp
[3.770s] -- Up-to-date symlink: /home/student/sensor_platform_ws/install/realsense2_camera_msgs/include/realsense2_camera_msgs/realsense2_camera_msgs/srv/detail/safety_preset_read__builder.hpp
[3.770s] -- Up-to-date symlink: /home/student/sensor_platform_ws/install/realsense2_camera_msgs/include/realsense2_camera_msgs/realsense2_camera_msgs/srv/detail/safety_preset_read__struct.hpp
[3.770s] -- Up-to-date symlink: /home/student/sensor_platform_ws/install/realsense2_camera_msgs/include/realsense2_camera_msgs/realsense2_camera_msgs/srv/detail/safety_preset_read__traits.hpp
[3.771s] -- Up-to-date symlink: /home/student/sensor_platform_ws/install/realsense2_camera_msgs/include/realsense2_camera_msgs/realsense2_camera_msgs/srv/detail/safety_preset_read__type_support.hpp
[3.771s] -- Up-to-date symlink: /home/student/sensor_platform_ws/install/realsense2_camera_msgs/include/realsense2_camera_msgs/realsense2_camera_msgs/srv/detail/safety_preset_write__builder.hpp
[3.771s] -- Up-to-date symlink: /home/student/sensor_platform_ws/install/realsense2_camera_msgs/include/realsense2_camera_msgs/realsense2_camera_msgs/srv/detail/safety_preset_write__struct.hpp
[3.792s] -- Up-to-date symlink: /home/student/sensor_platform_ws/install/realsense2_camera_msgs/include/realsense2_camera_msgs/realsense2_camera_msgs/srv/detail/safety_preset_write__traits.hpp
[3.795s] -- Up-to-date symlink: /home/student/sensor_platform_ws/install/realsense2_camera_msgs/include/realsense2_camera_msgs/realsense2_camera_msgs/srv/detail/safety_preset_write__type_support.hpp
[3.795s] -- Up-to-date symlink: /home/student/sensor_platform_ws/install/realsense2_camera_msgs/include/realsense2_camera_msgs/realsense2_camera_msgs/srv/device_info.hpp
[3.795s] -- Up-to-date symlink: /home/student/sensor_platform_ws/install/realsense2_camera_msgs/include/realsense2_camera_msgs/realsense2_camera_msgs/srv/hardware_monitor_command_send.hpp
[3.796s] -- Up-to-date symlink: /home/student/sensor_platform_ws/install/realsense2_camera_msgs/include/realsense2_camera_msgs/realsense2_camera_msgs/srv/safety_interface_config_read.hpp
[3.826s] -- Up-to-date symlink: /home/student/sensor_platform_ws/install/realsense2_camera_msgs/include/realsense2_camera_msgs/realsense2_camera_msgs/srv/safety_interface_config_write.hpp
[3.827s] -- Up-to-date symlink: /home/student/sensor_platform_ws/install/realsense2_camera_msgs/include/realsense2_camera_msgs/realsense2_camera_msgs/srv/safety_preset_read.hpp
[3.829s] -- Up-to-date symlink: /home/student/sensor_platform_ws/install/realsense2_camera_msgs/include/realsense2_camera_msgs/realsense2_camera_msgs/srv/safety_preset_write.hpp
[3.831s] -- Up-to-date symlink: /home/student/sensor_platform_ws/install/realsense2_camera_msgs/include/realsense2_camera_msgs/realsense2_camera_msgs/action/detail/triggered_calibration__rosidl_typesupport_fastrtps_cpp.hpp
[3.832s] -- Up-to-date symlink: /home/student/sensor_platform_ws/install/realsense2_camera_msgs/include/realsense2_camera_msgs/realsense2_camera_msgs/msg/detail/extrinsics__rosidl_typesupport_fastrtps_cpp.hpp
[3.834s] -- Up-to-date symlink: /home/student/sensor_platform_ws/install/realsense2_camera_msgs/include/realsense2_camera_msgs/realsense2_camera_msgs/msg/detail/imu_info__rosidl_typesupport_fastrtps_cpp.hpp
[3.836s] -- Up-to-date symlink: /home/student/sensor_platform_ws/install/realsense2_camera_msgs/include/realsense2_camera_msgs/realsense2_camera_msgs/msg/detail/metadata__rosidl_typesupport_fastrtps_cpp.hpp
[3.838s] -- Up-to-date symlink: /home/student/sensor_platform_ws/install/realsense2_camera_msgs/include/realsense2_camera_msgs/realsense2_camera_msgs/msg/detail/rgbd__rosidl_typesupport_fastrtps_cpp.hpp
[3.838s] -- Up-to-date symlink: /home/student/sensor_platform_ws/install/realsense2_camera_msgs/include/realsense2_camera_msgs/realsense2_camera_msgs/msg/rosidl_typesupport_fastrtps_cpp__visibility_control.h
[3.839s] -- Up-to-date symlink: /home/student/sensor_platform_ws/install/realsense2_camera_msgs/include/realsense2_camera_msgs/realsense2_camera_msgs/srv/detail/application_config_read__rosidl_typesupport_fastrtps_cpp.hpp
[3.843s] -- Up-to-date symlink: /home/student/sensor_platform_ws/install/realsense2_camera_msgs/include/realsense2_camera_msgs/realsense2_camera_msgs/srv/detail/application_config_write__rosidl_typesupport_fastrtps_cpp.hpp
[3.845s] -- Up-to-date symlink: /home/student/sensor_platform_ws/install/realsense2_camera_msgs/include/realsense2_camera_msgs/realsense2_camera_msgs/srv/detail/calib_config_read__rosidl_typesupport_fastrtps_cpp.hpp
[3.846s] -- Up-to-date symlink: /home/student/sensor_platform_ws/install/realsense2_camera_msgs/include/realsense2_camera_msgs/realsense2_camera_msgs/srv/detail/calib_config_write__rosidl_typesupport_fastrtps_cpp.hpp
[3.847s] -- Up-to-date symlink: /home/student/sensor_platform_ws/install/realsense2_camera_msgs/include/realsense2_camera_msgs/realsense2_camera_msgs/srv/detail/device_info__rosidl_typesupport_fastrtps_cpp.hpp
[3.848s] -- Up-to-date symlink: /home/student/sensor_platform_ws/install/realsense2_camera_msgs/include/realsense2_camera_msgs/realsense2_camera_msgs/srv/detail/hardware_monitor_command_send__rosidl_typesupport_fastrtps_cpp.hpp
[3.852s] -- Up-to-date symlink: /home/student/sensor_platform_ws/install/realsense2_camera_msgs/include/realsense2_camera_msgs/realsense2_camera_msgs/srv/detail/safety_interface_config_read__rosidl_typesupport_fastrtps_cpp.hpp
[3.853s] -- Up-to-date symlink: /home/student/sensor_platform_ws/install/realsense2_camera_msgs/include/realsense2_camera_msgs/realsense2_camera_msgs/srv/detail/safety_interface_config_write__rosidl_typesupport_fastrtps_cpp.hpp
[3.855s] -- Up-to-date symlink: /home/student/sensor_platform_ws/install/realsense2_camera_msgs/include/realsense2_camera_msgs/realsense2_camera_msgs/srv/detail/safety_preset_read__rosidl_typesupport_fastrtps_cpp.hpp
[3.856s] -- Up-to-date symlink: /home/student/sensor_platform_ws/install/realsense2_camera_msgs/include/realsense2_camera_msgs/realsense2_camera_msgs/srv/detail/safety_preset_write__rosidl_typesupport_fastrtps_cpp.hpp
[3.859s] -- Up-to-date symlink: /home/student/sensor_platform_ws/install/realsense2_camera_msgs/include/realsense2_camera_msgs/realsense2_camera_msgs/action/detail/triggered_calibration__rosidl_typesupport_introspection_cpp.hpp
[3.860s] -- Up-to-date symlink: /home/student/sensor_platform_ws/install/realsense2_camera_msgs/include/realsense2_camera_msgs/realsense2_camera_msgs/msg/detail/extrinsics__rosidl_typesupport_introspection_cpp.hpp
[3.862s] -- Up-to-date symlink: /home/student/sensor_platform_ws/install/realsense2_camera_msgs/include/realsense2_camera_msgs/realsense2_camera_msgs/msg/detail/imu_info__rosidl_typesupport_introspection_cpp.hpp
[3.863s] -- Up-to-date symlink: /home/student/sensor_platform_ws/install/realsense2_camera_msgs/include/realsense2_camera_msgs/realsense2_camera_msgs/msg/detail/metadata__rosidl_typesupport_introspection_cpp.hpp
[3.864s] -- Up-to-date symlink: /home/student/sensor_platform_ws/install/realsense2_camera_msgs/include/realsense2_camera_msgs/realsense2_camera_msgs/msg/detail/rgbd__rosidl_typesupport_introspection_cpp.hpp
[3.864s] -- Up-to-date symlink: /home/student/sensor_platform_ws/install/realsense2_camera_msgs/include/realsense2_camera_msgs/realsense2_camera_msgs/srv/detail/application_config_read__rosidl_typesupport_introspection_cpp.hpp
[3.865s] -- Up-to-date symlink: /home/student/sensor_platform_ws/install/realsense2_camera_msgs/include/realsense2_camera_msgs/realsense2_camera_msgs/srv/detail/application_config_write__rosidl_typesupport_introspection_cpp.hpp
[3.866s] -- Up-to-date symlink: /home/student/sensor_platform_ws/install/realsense2_camera_msgs/include/realsense2_camera_msgs/realsense2_camera_msgs/srv/detail/calib_config_read__rosidl_typesupport_introspection_cpp.hpp
[3.867s] -- Up-to-date symlink: /home/student/sensor_platform_ws/install/realsense2_camera_msgs/include/realsense2_camera_msgs/realsense2_camera_msgs/srv/detail/calib_config_write__rosidl_typesupport_introspection_cpp.hpp
[3.885s] -- Up-to-date symlink: /home/student/sensor_platform_ws/install/realsense2_camera_msgs/include/realsense2_camera_msgs/realsense2_camera_msgs/srv/detail/device_info__rosidl_typesupport_introspection_cpp.hpp
[3.886s] -- Up-to-date symlink: /home/student/sensor_platform_ws/install/realsense2_camera_msgs/include/realsense2_camera_msgs/realsense2_camera_msgs/srv/detail/hardware_monitor_command_send__rosidl_typesupport_introspection_cpp.hpp
[3.888s] -- Up-to-date symlink: /home/student/sensor_platform_ws/install/realsense2_camera_msgs/include/realsense2_camera_msgs/realsense2_camera_msgs/srv/detail/safety_interface_config_read__rosidl_typesupport_introspection_cpp.hpp
[3.889s] -- Up-to-date symlink: /home/student/sensor_platform_ws/install/realsense2_camera_msgs/include/realsense2_camera_msgs/realsense2_camera_msgs/srv/detail/safety_interface_config_write__rosidl_typesupport_introspection_cpp.hpp
[3.890s] -- Up-to-date symlink: /home/student/sensor_platform_ws/install/realsense2_camera_msgs/include/realsense2_camera_msgs/realsense2_camera_msgs/srv/detail/safety_preset_read__rosidl_typesupport_introspection_cpp.hpp
[3.902s] -- Up-to-date symlink: /home/student/sensor_platform_ws/install/realsense2_camera_msgs/include/realsense2_camera_msgs/realsense2_camera_msgs/srv/detail/safety_preset_write__rosidl_typesupport_introspection_cpp.hpp
[3.903s] -- Up-to-date symlink: /home/student/sensor_platform_ws/install/realsense2_camera_msgs/share/realsense2_camera_msgs/environment/pythonpath.sh
[3.905s] -- Up-to-date symlink: /home/student/sensor_platform_ws/install/realsense2_camera_msgs/share/realsense2_camera_msgs/environment/pythonpath.dsv
[3.962s] -- Up-to-date symlink: /home/student/sensor_platform_ws/install/realsense2_camera_msgs/local/lib/python3.10/dist-packages/realsense2_camera_msgs-4.57.0-py3.10.egg-info/PKG-INFO
[3.963s] -- Up-to-date symlink: /home/student/sensor_platform_ws/install/realsense2_camera_msgs/local/lib/python3.10/dist-packages/realsense2_camera_msgs-4.57.0-py3.10.egg-info/SOURCES.txt
[3.964s] -- Up-to-date symlink: /home/student/sensor_platform_ws/install/realsense2_camera_msgs/local/lib/python3.10/dist-packages/realsense2_camera_msgs-4.57.0-py3.10.egg-info/dependency_links.txt
[3.965s] -- Up-to-date symlink: /home/student/sensor_platform_ws/install/realsense2_camera_msgs/local/lib/python3.10/dist-packages/realsense2_camera_msgs-4.57.0-py3.10.egg-info/top_level.txt
[3.987s] -- Up-to-date symlink: /home/student/sensor_platform_ws/install/realsense2_camera_msgs/local/lib/python3.10/dist-packages/realsense2_camera_msgs/__init__.py
[3.988s] -- Up-to-date symlink: /home/student/sensor_platform_ws/install/realsense2_camera_msgs/local/lib/python3.10/dist-packages/realsense2_camera_msgs/_realsense2_camera_msgs_s.ep.rosidl_typesupport_c.c
[3.989s] -- Up-to-date symlink: /home/student/sensor_platform_ws/install/realsense2_camera_msgs/local/lib/python3.10/dist-packages/realsense2_camera_msgs/_realsense2_camera_msgs_s.ep.rosidl_typesupport_fastrtps_c.c
[3.990s] -- Up-to-date symlink: /home/student/sensor_platform_ws/install/realsense2_camera_msgs/local/lib/python3.10/dist-packages/realsense2_camera_msgs/_realsense2_camera_msgs_s.ep.rosidl_typesupport_introspection_c.c
[4.012s] -- Up-to-date symlink: /home/student/sensor_platform_ws/install/realsense2_camera_msgs/local/lib/python3.10/dist-packages/realsense2_camera_msgs/action/__init__.py
[4.013s] -- Up-to-date symlink: /home/student/sensor_platform_ws/install/realsense2_camera_msgs/local/lib/python3.10/dist-packages/realsense2_camera_msgs/action/_triggered_calibration.py
[4.014s] -- Up-to-date symlink: /home/student/sensor_platform_ws/install/realsense2_camera_msgs/local/lib/python3.10/dist-packages/realsense2_camera_msgs/action/_triggered_calibration_s.c
[4.015s] -- Up-to-date symlink: /home/student/sensor_platform_ws/install/realsense2_camera_msgs/local/lib/python3.10/dist-packages/realsense2_camera_msgs/librealsense2_camera_msgs__rosidl_generator_py.so
[4.029s] -- Up-to-date symlink: /home/student/sensor_platform_ws/install/realsense2_camera_msgs/local/lib/python3.10/dist-packages/realsense2_camera_msgs/msg/__init__.py
[4.031s] -- Up-to-date symlink: /home/student/sensor_platform_ws/install/realsense2_camera_msgs/local/lib/python3.10/dist-packages/realsense2_camera_msgs/msg/_extrinsics.py
[4.032s] -- Up-to-date symlink: /home/student/sensor_platform_ws/install/realsense2_camera_msgs/local/lib/python3.10/dist-packages/realsense2_camera_msgs/msg/_extrinsics_s.c
[4.033s] -- Up-to-date symlink: /home/student/sensor_platform_ws/install/realsense2_camera_msgs/local/lib/python3.10/dist-packages/realsense2_camera_msgs/msg/_imu_info.py
[4.045s] -- Up-to-date symlink: /home/student/sensor_platform_ws/install/realsense2_camera_msgs/local/lib/python3.10/dist-packages/realsense2_camera_msgs/msg/_imu_info_s.c
[4.047s] -- Up-to-date symlink: /home/student/sensor_platform_ws/install/realsense2_camera_msgs/local/lib/python3.10/dist-packages/realsense2_camera_msgs/msg/_metadata.py
[4.048s] -- Up-to-date symlink: /home/student/sensor_platform_ws/install/realsense2_camera_msgs/local/lib/python3.10/dist-packages/realsense2_camera_msgs/msg/_metadata_s.c
[4.048s] -- Up-to-date symlink: /home/student/sensor_platform_ws/install/realsense2_camera_msgs/local/lib/python3.10/dist-packages/realsense2_camera_msgs/msg/_rgbd.py
[4.049s] -- Up-to-date symlink: /home/student/sensor_platform_ws/install/realsense2_camera_msgs/local/lib/python3.10/dist-packages/realsense2_camera_msgs/msg/_rgbd_s.c
[4.069s] -- Up-to-date symlink: /home/student/sensor_platform_ws/install/realsense2_camera_msgs/local/lib/python3.10/dist-packages/realsense2_camera_msgs/realsense2_camera_msgs_s__rosidl_typesupport_c.cpython-310-x86_64-linux-gnu.so
[4.070s] -- Up-to-date symlink: /home/student/sensor_platform_ws/install/realsense2_camera_msgs/local/lib/python3.10/dist-packages/realsense2_camera_msgs/realsense2_camera_msgs_s__rosidl_typesupport_fastrtps_c.cpython-310-x86_64-linux-gnu.so
[4.071s] -- Up-to-date symlink: /home/student/sensor_platform_ws/install/realsense2_camera_msgs/local/lib/python3.10/dist-packages/realsense2_camera_msgs/realsense2_camera_msgs_s__rosidl_typesupport_introspection_c.cpython-310-x86_64-linux-gnu.so
[4.072s] -- Up-to-date symlink: /home/student/sensor_platform_ws/install/realsense2_camera_msgs/local/lib/python3.10/dist-packages/realsense2_camera_msgs/srv/__init__.py
[4.095s] -- Up-to-date symlink: /home/student/sensor_platform_ws/install/realsense2_camera_msgs/local/lib/python3.10/dist-packages/realsense2_camera_msgs/srv/_application_config_read.py
[4.095s] -- Up-to-date symlink: /home/student/sensor_platform_ws/install/realsense2_camera_msgs/local/lib/python3.10/dist-packages/realsense2_camera_msgs/srv/_application_config_read_s.c
[4.097s] -- Up-to-date symlink: /home/student/sensor_platform_ws/install/realsense2_camera_msgs/local/lib/python3.10/dist-packages/realsense2_camera_msgs/srv/_application_config_write.py
[4.097s] -- Up-to-date symlink: /home/student/sensor_platform_ws/install/realsense2_camera_msgs/local/lib/python3.10/dist-packages/realsense2_camera_msgs/srv/_application_config_write_s.c
[4.098s] -- Up-to-date symlink: /home/student/sensor_platform_ws/install/realsense2_camera_msgs/local/lib/python3.10/dist-packages/realsense2_camera_msgs/srv/_calib_config_read.py
[4.137s] -- Up-to-date symlink: /home/student/sensor_platform_ws/install/realsense2_camera_msgs/local/lib/python3.10/dist-packages/realsense2_camera_msgs/srv/_calib_config_read_s.c
[4.137s] -- Up-to-date symlink: /home/student/sensor_platform_ws/install/realsense2_camera_msgs/local/lib/python3.10/dist-packages/realsense2_camera_msgs/srv/_calib_config_write.py
[4.139s] -- Up-to-date symlink: /home/student/sensor_platform_ws/install/realsense2_camera_msgs/local/lib/python3.10/dist-packages/realsense2_camera_msgs/srv/_calib_config_write_s.c
[4.140s] -- Up-to-date symlink: /home/student/sensor_platform_ws/install/realsense2_camera_msgs/local/lib/python3.10/dist-packages/realsense2_camera_msgs/srv/_device_info.py
[4.140s] -- Up-to-date symlink: /home/student/sensor_platform_ws/install/realsense2_camera_msgs/local/lib/python3.10/dist-packages/realsense2_camera_msgs/srv/_device_info_s.c
[4.153s] -- Up-to-date symlink: /home/student/sensor_platform_ws/install/realsense2_camera_msgs/local/lib/python3.10/dist-packages/realsense2_camera_msgs/srv/_hardware_monitor_command_send.py
[4.155s] -- Up-to-date symlink: /home/student/sensor_platform_ws/install/realsense2_camera_msgs/local/lib/python3.10/dist-packages/realsense2_camera_msgs/srv/_hardware_monitor_command_send_s.c
[4.156s] -- Up-to-date symlink: /home/student/sensor_platform_ws/install/realsense2_camera_msgs/local/lib/python3.10/dist-packages/realsense2_camera_msgs/srv/_safety_interface_config_read.py
[4.157s] -- Up-to-date symlink: /home/student/sensor_platform_ws/install/realsense2_camera_msgs/local/lib/python3.10/dist-packages/realsense2_camera_msgs/srv/_safety_interface_config_read_s.c
[4.157s] -- Up-to-date symlink: /home/student/sensor_platform_ws/install/realsense2_camera_msgs/local/lib/python3.10/dist-packages/realsense2_camera_msgs/srv/_safety_interface_config_write.py
[4.157s] -- Up-to-date symlink: /home/student/sensor_platform_ws/install/realsense2_camera_msgs/local/lib/python3.10/dist-packages/realsense2_camera_msgs/srv/_safety_interface_config_write_s.c
[4.158s] -- Up-to-date symlink: /home/student/sensor_platform_ws/install/realsense2_camera_msgs/local/lib/python3.10/dist-packages/realsense2_camera_msgs/srv/_safety_preset_read.py
[4.158s] -- Up-to-date symlink: /home/student/sensor_platform_ws/install/realsense2_camera_msgs/local/lib/python3.10/dist-packages/realsense2_camera_msgs/srv/_safety_preset_read_s.c
[4.158s] -- Up-to-date symlink: /home/student/sensor_platform_ws/install/realsense2_camera_msgs/local/lib/python3.10/dist-packages/realsense2_camera_msgs/srv/_safety_preset_write.py
[4.158s] -- Up-to-date symlink: /home/student/sensor_platform_ws/install/realsense2_camera_msgs/local/lib/python3.10/dist-packages/realsense2_camera_msgs/srv/_safety_preset_write_s.c
[4.170s] -- Up-to-date symlink: /home/student/sensor_platform_ws/install/realsense2_camera_msgs/local/lib/python3.10/dist-packages/realsense2_camera_msgs/realsense2_camera_msgs_s__rosidl_typesupport_fastrtps_c.cpython-310-x86_64-linux-gnu.so
[4.170s] -- Up-to-date symlink: /home/student/sensor_platform_ws/install/realsense2_camera_msgs/local/lib/python3.10/dist-packages/realsense2_camera_msgs/realsense2_camera_msgs_s__rosidl_typesupport_introspection_c.cpython-310-x86_64-linux-gnu.so
[4.172s] -- Up-to-date symlink: /home/student/sensor_platform_ws/install/realsense2_camera_msgs/local/lib/python3.10/dist-packages/realsense2_camera_msgs/realsense2_camera_msgs_s__rosidl_typesupport_c.cpython-310-x86_64-linux-gnu.so
[4.172s] -- Up-to-date symlink: /home/student/sensor_platform_ws/install/realsense2_camera_msgs/share/ament_index/resource_index/rust_packages/realsense2_camera_msgs
[4.173s] -- Up-to-date symlink: /home/student/sensor_platform_ws/install/realsense2_camera_msgs/share/realsense2_camera_msgs/rust/Cargo.toml
[4.195s] -- Up-to-date symlink: /home/student/sensor_platform_ws/install/realsense2_camera_msgs/share/realsense2_camera_msgs/rust/build.rs
[4.196s] -- Up-to-date symlink: /home/student/sensor_platform_ws/install/realsense2_camera_msgs/share/realsense2_camera_msgs/rust/src/action.rs
[4.196s] -- Up-to-date symlink: /home/student/sensor_platform_ws/install/realsense2_camera_msgs/share/realsense2_camera_msgs/rust/src/action/rmw.rs
[4.204s] -- Up-to-date symlink: /home/student/sensor_platform_ws/install/realsense2_camera_msgs/share/realsense2_camera_msgs/rust/src/lib.rs
[4.204s] -- Up-to-date symlink: /home/student/sensor_platform_ws/install/realsense2_camera_msgs/share/realsense2_camera_msgs/rust/src/msg.rs
[4.206s] -- Up-to-date symlink: /home/student/sensor_platform_ws/install/realsense2_camera_msgs/share/realsense2_camera_msgs/rust/src/msg/rmw.rs
[4.207s] -- Up-to-date symlink: /home/student/sensor_platform_ws/install/realsense2_camera_msgs/share/realsense2_camera_msgs/rust/src/srv.rs
[4.238s] -- Up-to-date symlink: /home/student/sensor_platform_ws/install/realsense2_camera_msgs/share/realsense2_camera_msgs/rust/src/srv/rmw.rs
[4.240s] -- Up-to-date symlink: /home/student/sensor_platform_ws/install/realsense2_camera_msgs/share/realsense2_camera_msgs/msg/IMUInfo.idl
[4.240s] -- Up-to-date symlink: /home/student/sensor_platform_ws/install/realsense2_camera_msgs/share/realsense2_camera_msgs/msg/Extrinsics.idl
[4.242s] -- Up-to-date symlink: /home/student/sensor_platform_ws/install/realsense2_camera_msgs/share/realsense2_camera_msgs/msg/Metadata.idl
[4.263s] -- Up-to-date symlink: /home/student/sensor_platform_ws/install/realsense2_camera_msgs/share/realsense2_camera_msgs/msg/RGBD.idl
[4.270s] -- Up-to-date symlink: /home/student/sensor_platform_ws/install/realsense2_camera_msgs/share/realsense2_camera_msgs/srv/DeviceInfo.idl
[4.270s] -- Up-to-date symlink: /home/student/sensor_platform_ws/install/realsense2_camera_msgs/share/realsense2_camera_msgs/srv/SafetyPresetRead.idl
[4.270s] -- Up-to-date symlink: /home/student/sensor_platform_ws/install/realsense2_camera_msgs/share/realsense2_camera_msgs/srv/SafetyPresetWrite.idl
[4.296s] -- Up-to-date symlink: /home/student/sensor_platform_ws/install/realsense2_camera_msgs/share/realsense2_camera_msgs/srv/SafetyInterfaceConfigRead.idl
[4.297s] -- Up-to-date symlink: /home/student/sensor_platform_ws/install/realsense2_camera_msgs/share/realsense2_camera_msgs/srv/SafetyInterfaceConfigWrite.idl
[4.298s] -- Up-to-date symlink: /home/student/sensor_platform_ws/install/realsense2_camera_msgs/share/realsense2_camera_msgs/srv/CalibConfigRead.idl
[4.299s] -- Up-to-date symlink: /home/student/sensor_platform_ws/install/realsense2_camera_msgs/share/realsense2_camera_msgs/srv/CalibConfigWrite.idl
[4.299s] -- Up-to-date symlink: /home/student/sensor_platform_ws/install/realsense2_camera_msgs/share/realsense2_camera_msgs/srv/ApplicationConfigRead.idl
[4.300s] -- Up-to-date symlink: /home/student/sensor_platform_ws/install/realsense2_camera_msgs/share/realsense2_camera_msgs/srv/ApplicationConfigWrite.idl
[4.304s] -- Up-to-date symlink: /home/student/sensor_platform_ws/install/realsense2_camera_msgs/share/realsense2_camera_msgs/srv/HardwareMonitorCommandSend.idl
[4.305s] -- Up-to-date symlink: /home/student/sensor_platform_ws/install/realsense2_camera_msgs/share/realsense2_camera_msgs/action/TriggeredCalibration.idl
[4.305s] -- Up-to-date symlink: /home/student/sensor_platform_ws/install/realsense2_camera_msgs/share/realsense2_camera_msgs/msg/IMUInfo.msg
[4.306s] -- Up-to-date symlink: /home/student/sensor_platform_ws/install/realsense2_camera_msgs/share/realsense2_camera_msgs/msg/Extrinsics.msg
[4.306s] -- Up-to-date symlink: /home/student/sensor_platform_ws/install/realsense2_camera_msgs/share/realsense2_camera_msgs/msg/Metadata.msg
[4.308s] -- Up-to-date symlink: /home/student/sensor_platform_ws/install/realsense2_camera_msgs/share/realsense2_camera_msgs/msg/RGBD.msg
[4.313s] -- Up-to-date symlink: /home/student/sensor_platform_ws/install/realsense2_camera_msgs/share/realsense2_camera_msgs/srv/DeviceInfo.srv
[4.313s] -- Up-to-date symlink: /home/student/sensor_platform_ws/install/realsense2_camera_msgs/share/realsense2_camera_msgs/srv/DeviceInfo_Request.msg
[4.318s] -- Up-to-date symlink: /home/student/sensor_platform_ws/install/realsense2_camera_msgs/share/realsense2_camera_msgs/srv/DeviceInfo_Response.msg
[4.319s] -- Up-to-date symlink: /home/student/sensor_platform_ws/install/realsense2_camera_msgs/share/realsense2_camera_msgs/srv/SafetyPresetRead.srv
[4.319s] -- Up-to-date symlink: /home/student/sensor_platform_ws/install/realsense2_camera_msgs/share/realsense2_camera_msgs/srv/SafetyPresetRead_Request.msg
[4.320s] -- Up-to-date symlink: /home/student/sensor_platform_ws/install/realsense2_camera_msgs/share/realsense2_camera_msgs/srv/SafetyPresetRead_Response.msg
[4.320s] -- Up-to-date symlink: /home/student/sensor_platform_ws/install/realsense2_camera_msgs/share/realsense2_camera_msgs/srv/SafetyPresetWrite.srv
[4.320s] -- Up-to-date symlink: /home/student/sensor_platform_ws/install/realsense2_camera_msgs/share/realsense2_camera_msgs/srv/SafetyPresetWrite_Request.msg
[4.321s] -- Up-to-date symlink: /home/student/sensor_platform_ws/install/realsense2_camera_msgs/share/realsense2_camera_msgs/srv/SafetyPresetWrite_Response.msg
[4.321s] -- Up-to-date symlink: /home/student/sensor_platform_ws/install/realsense2_camera_msgs/share/realsense2_camera_msgs/srv/SafetyInterfaceConfigRead.srv
[4.321s] -- Up-to-date symlink: /home/student/sensor_platform_ws/install/realsense2_camera_msgs/share/realsense2_camera_msgs/srv/SafetyInterfaceConfigRead_Request.msg
[4.322s] -- Up-to-date symlink: /home/student/sensor_platform_ws/install/realsense2_camera_msgs/share/realsense2_camera_msgs/srv/SafetyInterfaceConfigRead_Response.msg
[4.322s] -- Up-to-date symlink: /home/student/sensor_platform_ws/install/realsense2_camera_msgs/share/realsense2_camera_msgs/srv/SafetyInterfaceConfigWrite.srv
[4.322s] -- Up-to-date symlink: /home/student/sensor_platform_ws/install/realsense2_camera_msgs/share/realsense2_camera_msgs/srv/SafetyInterfaceConfigWrite_Request.msg
[4.323s] -- Up-to-date symlink: /home/student/sensor_platform_ws/install/realsense2_camera_msgs/share/realsense2_camera_msgs/srv/SafetyInterfaceConfigWrite_Response.msg
[4.323s] -- Up-to-date symlink: /home/student/sensor_platform_ws/install/realsense2_camera_msgs/share/realsense2_camera_msgs/srv/CalibConfigRead.srv
[4.323s] -- Up-to-date symlink: /home/student/sensor_platform_ws/install/realsense2_camera_msgs/share/realsense2_camera_msgs/srv/CalibConfigRead_Request.msg
[4.323s] -- Up-to-date symlink: /home/student/sensor_platform_ws/install/realsense2_camera_msgs/share/realsense2_camera_msgs/srv/CalibConfigRead_Response.msg
[4.324s] -- Up-to-date symlink: /home/student/sensor_platform_ws/install/realsense2_camera_msgs/share/realsense2_camera_msgs/srv/CalibConfigWrite.srv
[4.324s] -- Up-to-date symlink: /home/student/sensor_platform_ws/install/realsense2_camera_msgs/share/realsense2_camera_msgs/srv/CalibConfigWrite_Request.msg
[4.324s] -- Up-to-date symlink: /home/student/sensor_platform_ws/install/realsense2_camera_msgs/share/realsense2_camera_msgs/srv/CalibConfigWrite_Response.msg
[4.324s] -- Up-to-date symlink: /home/student/sensor_platform_ws/install/realsense2_camera_msgs/share/realsense2_camera_msgs/srv/ApplicationConfigRead.srv
[4.325s] -- Up-to-date symlink: /home/student/sensor_platform_ws/install/realsense2_camera_msgs/share/realsense2_camera_msgs/srv/ApplicationConfigRead_Request.msg
[4.325s] -- Up-to-date symlink: /home/student/sensor_platform_ws/install/realsense2_camera_msgs/share/realsense2_camera_msgs/srv/ApplicationConfigRead_Response.msg
[4.325s] -- Up-to-date symlink: /home/student/sensor_platform_ws/install/realsense2_camera_msgs/share/realsense2_camera_msgs/srv/ApplicationConfigWrite.srv
[4.325s] -- Up-to-date symlink: /home/student/sensor_platform_ws/install/realsense2_camera_msgs/share/realsense2_camera_msgs/srv/ApplicationConfigWrite_Request.msg
[4.326s] -- Up-to-date symlink: /home/student/sensor_platform_ws/install/realsense2_camera_msgs/share/realsense2_camera_msgs/srv/ApplicationConfigWrite_Response.msg
[4.326s] -- Up-to-date symlink: /home/student/sensor_platform_ws/install/realsense2_camera_msgs/share/realsense2_camera_msgs/srv/HardwareMonitorCommandSend.srv
[4.326s] -- Up-to-date symlink: /home/student/sensor_platform_ws/install/realsense2_camera_msgs/share/realsense2_camera_msgs/srv/HardwareMonitorCommandSend_Request.msg
[4.326s] -- Up-to-date symlink: /home/student/sensor_platform_ws/install/realsense2_camera_msgs/share/realsense2_camera_msgs/srv/HardwareMonitorCommandSend_Response.msg
[4.327s] -- Up-to-date symlink: /home/student/sensor_platform_ws/install/realsense2_camera_msgs/share/realsense2_camera_msgs/action/TriggeredCalibration.action
[4.327s] -- Up-to-date symlink: /home/student/sensor_platform_ws/install/realsense2_camera_msgs/share/ament_index/resource_index/package_run_dependencies/realsense2_camera_msgs
[4.328s] -- Up-to-date symlink: /home/student/sensor_platform_ws/install/realsense2_camera_msgs/share/ament_index/resource_index/parent_prefix_path/realsense2_camera_msgs
[4.328s] -- Up-to-date symlink: /home/student/sensor_platform_ws/install/realsense2_camera_msgs/share/realsense2_camera_msgs/environment/ament_prefix_path.sh
[4.328s] -- Up-to-date symlink: /home/student/sensor_platform_ws/install/realsense2_camera_msgs/share/realsense2_camera_msgs/environment/ament_prefix_path.dsv
[4.328s] -- Up-to-date symlink: /home/student/sensor_platform_ws/install/realsense2_camera_msgs/share/realsense2_camera_msgs/environment/path.sh
[4.329s] -- Up-to-date symlink: /home/student/sensor_platform_ws/install/realsense2_camera_msgs/share/realsense2_camera_msgs/environment/path.dsv
[4.329s] -- Up-to-date symlink: /home/student/sensor_platform_ws/install/realsense2_camera_msgs/share/realsense2_camera_msgs/local_setup.bash
[4.329s] -- Up-to-date symlink: /home/student/sensor_platform_ws/install/realsense2_camera_msgs/share/realsense2_camera_msgs/local_setup.sh
[4.329s] -- Up-to-date symlink: /home/student/sensor_platform_ws/install/realsense2_camera_msgs/share/realsense2_camera_msgs/local_setup.zsh
[4.330s] -- Up-to-date symlink: /home/student/sensor_platform_ws/install/realsense2_camera_msgs/share/realsense2_camera_msgs/local_setup.dsv
[4.330s] -- Symlinking: /home/student/sensor_platform_ws/install/realsense2_camera_msgs/share/realsense2_camera_msgs/package.dsv
[4.344s] -- Up-to-date symlink: /home/student/sensor_platform_ws/install/realsense2_camera_msgs/share/ament_index/resource_index/packages/realsense2_camera_msgs
[4.344s] -- Up-to-date symlink: /home/student/sensor_platform_ws/install/realsense2_camera_msgs/share/realsense2_camera_msgs/cmake/rosidl_cmake-extras.cmake
[4.345s] -- Up-to-date symlink: /home/student/sensor_platform_ws/install/realsense2_camera_msgs/share/realsense2_camera_msgs/cmake/ament_cmake_export_dependencies-extras.cmake
[4.345s] -- Up-to-date symlink: /home/student/sensor_platform_ws/install/realsense2_camera_msgs/share/realsense2_camera_msgs/cmake/ament_cmake_export_include_directories-extras.cmake
[4.345s] -- Up-to-date symlink: /home/student/sensor_platform_ws/install/realsense2_camera_msgs/share/realsense2_camera_msgs/cmake/ament_cmake_export_libraries-extras.cmake
[4.345s] -- Up-to-date symlink: /home/student/sensor_platform_ws/install/realsense2_camera_msgs/share/realsense2_camera_msgs/cmake/ament_cmake_export_targets-extras.cmake
[4.345s] -- Up-to-date symlink: /home/student/sensor_platform_ws/install/realsense2_camera_msgs/share/realsense2_camera_msgs/cmake/rosidl_cmake_export_typesupport_targets-extras.cmake
[4.345s] -- Up-to-date symlink: /home/student/sensor_platform_ws/install/realsense2_camera_msgs/share/realsense2_camera_msgs/cmake/rosidl_cmake_export_typesupport_libraries-extras.cmake
[4.346s] -- Up-to-date symlink: /home/student/sensor_platform_ws/install/realsense2_camera_msgs/share/realsense2_camera_msgs/cmake/realsense2_camera_msgsConfig.cmake
[4.346s] -- Up-to-date symlink: /home/student/sensor_platform_ws/install/realsense2_camera_msgs/share/realsense2_camera_msgs/cmake/realsense2_camera_msgsConfig-version.cmake
[4.346s] -- Up-to-date symlink: /home/student/sensor_platform_ws/install/realsense2_camera_msgs/share/realsense2_camera_msgs/package.xml
[4.358s] -- Up-to-date: /home/student/sensor_platform_ws/install/realsense2_camera_msgs/lib/librealsense2_camera_msgs__rosidl_generator_c.so
[4.364s] -- Up-to-date: /home/student/sensor_platform_ws/install/realsense2_camera_msgs/lib/librealsense2_camera_msgs__rosidl_typesupport_fastrtps_c.so
[4.374s] -- Up-to-date: /home/student/sensor_platform_ws/install/realsense2_camera_msgs/lib/librealsense2_camera_msgs__rosidl_typesupport_introspection_c.so
[4.380s] -- Up-to-date: /home/student/sensor_platform_ws/install/realsense2_camera_msgs/lib/librealsense2_camera_msgs__rosidl_typesupport_c.so
[4.388s] -- Up-to-date: /home/student/sensor_platform_ws/install/realsense2_camera_msgs/lib/librealsense2_camera_msgs__rosidl_typesupport_fastrtps_cpp.so
[4.399s] -- Up-to-date: /home/student/sensor_platform_ws/install/realsense2_camera_msgs/lib/librealsense2_camera_msgs__rosidl_typesupport_introspection_cpp.so
[4.401s] -- Up-to-date: /home/student/sensor_platform_ws/install/realsense2_camera_msgs/lib/librealsense2_camera_msgs__rosidl_typesupport_cpp.so
[4.485s] Listing '/home/student/sensor_platform_ws/install/realsense2_camera_msgs/local/lib/python3.10/dist-packages/realsense2_camera_msgs'...
[4.485s] Listing '/home/student/sensor_platform_ws/install/realsense2_camera_msgs/local/lib/python3.10/dist-packages/realsense2_camera_msgs/action'...
[4.485s] Listing '/home/student/sensor_platform_ws/install/realsense2_camera_msgs/local/lib/python3.10/dist-packages/realsense2_camera_msgs/msg'...
[4.485s] Listing '/home/student/sensor_platform_ws/install/realsense2_camera_msgs/local/lib/python3.10/dist-packages/realsense2_camera_msgs/srv'...
[4.500s] -- Up-to-date: /home/student/sensor_platform_ws/install/realsense2_camera_msgs/lib/librealsense2_camera_msgs__rosidl_generator_py.so
[4.503s] -- Up-to-date: /home/student/sensor_platform_ws/install/realsense2_camera_msgs/share/realsense2_camera_msgs/cmake/export_realsense2_camera_msgs__rosidl_generator_cExport.cmake
[4.504s] -- Up-to-date: /home/student/sensor_platform_ws/install/realsense2_camera_msgs/share/realsense2_camera_msgs/cmake/export_realsense2_camera_msgs__rosidl_generator_cExport-release.cmake
[4.504s] -- Up-to-date: /home/student/sensor_platform_ws/install/realsense2_camera_msgs/share/realsense2_camera_msgs/cmake/export_realsense2_camera_msgs__rosidl_typesupport_fastrtps_cExport.cmake
[4.505s] -- Up-to-date: /home/student/sensor_platform_ws/install/realsense2_camera_msgs/share/realsense2_camera_msgs/cmake/export_realsense2_camera_msgs__rosidl_typesupport_fastrtps_cExport-release.cmake
[4.505s] -- Up-to-date: /home/student/sensor_platform_ws/install/realsense2_camera_msgs/share/realsense2_camera_msgs/cmake/realsense2_camera_msgs__rosidl_typesupport_introspection_cExport.cmake
[4.506s] -- Up-to-date: /home/student/sensor_platform_ws/install/realsense2_camera_msgs/share/realsense2_camera_msgs/cmake/realsense2_camera_msgs__rosidl_typesupport_introspection_cExport-release.cmake
[4.507s] -- Up-to-date: /home/student/sensor_platform_ws/install/realsense2_camera_msgs/share/realsense2_camera_msgs/cmake/realsense2_camera_msgs__rosidl_typesupport_cExport.cmake
[4.507s] -- Up-to-date: /home/student/sensor_platform_ws/install/realsense2_camera_msgs/share/realsense2_camera_msgs/cmake/realsense2_camera_msgs__rosidl_typesupport_cExport-release.cmake
[4.507s] -- Up-to-date: /home/student/sensor_platform_ws/install/realsense2_camera_msgs/share/realsense2_camera_msgs/cmake/export_realsense2_camera_msgs__rosidl_generator_cppExport.cmake
[4.507s] -- Up-to-date: /home/student/sensor_platform_ws/install/realsense2_camera_msgs/share/realsense2_camera_msgs/cmake/export_realsense2_camera_msgs__rosidl_typesupport_fastrtps_cppExport.cmake
[4.507s] -- Up-to-date: /home/student/sensor_platform_ws/install/realsense2_camera_msgs/share/realsense2_camera_msgs/cmake/export_realsense2_camera_msgs__rosidl_typesupport_fastrtps_cppExport-release.cmake
[4.508s] -- Up-to-date: /home/student/sensor_platform_ws/install/realsense2_camera_msgs/share/realsense2_camera_msgs/cmake/realsense2_camera_msgs__rosidl_typesupport_introspection_cppExport.cmake
[4.508s] -- Up-to-date: /home/student/sensor_platform_ws/install/realsense2_camera_msgs/share/realsense2_camera_msgs/cmake/realsense2_camera_msgs__rosidl_typesupport_introspection_cppExport-release.cmake
[4.508s] -- Up-to-date: /home/student/sensor_platform_ws/install/realsense2_camera_msgs/share/realsense2_camera_msgs/cmake/realsense2_camera_msgs__rosidl_typesupport_cppExport.cmake
[4.508s] -- Up-to-date: /home/student/sensor_platform_ws/install/realsense2_camera_msgs/share/realsense2_camera_msgs/cmake/realsense2_camera_msgs__rosidl_typesupport_cppExport-release.cmake
[4.509s] -- Up-to-date: /home/student/sensor_platform_ws/install/realsense2_camera_msgs/share/realsense2_camera_msgs/cmake/export_realsense2_camera_msgs__rosidl_generator_pyExport.cmake
[4.509s] -- Up-to-date: /home/student/sensor_platform_ws/install/realsense2_camera_msgs/share/realsense2_camera_msgs/cmake/export_realsense2_camera_msgs__rosidl_generator_pyExport-release.cmake
[4.511s] Invoked command in '/home/student/sensor_platform_ws/build/realsense2_camera_msgs' returned '0': CMAKE_PREFIX_PATH=/opt/ros/humble /usr/bin/cmake --install /home/student/sensor_platform_ws/build/realsense2_camera_msgs
