[0.020s] Invoking command in '/home/student/sensor_platform_ws/build/uavcan_bridge': CMAKE_PREFIX_PATH=/opt/ros/humble /usr/bin/cmake --build /home/student/sensor_platform_ws/build/uavcan_bridge -- -j8 -l8
[0.060s] [35m[1mConsolidate compiler generated dependencies of target dronecan_bridge_component[0m
[0.090s] [ 40%] Built target dronecan_bridge_node
[0.097s] [ 60%] [32mBuilding CXX object CMakeFiles/dronecan_bridge_component.dir/src/dronecan_bridge_component.cpp.o[0m
[1.967s] [01m[K/home/student/sensor_platform_ws/src/hardware/uavcan_bridge/src/dronecan_bridge_component.cpp:[m[K In constructor ‘[01m[Kuavcan_bridge::DronecanBridgeComponent::DronecanBridgeComponent(const rclcpp::NodeOptions&)[m[K’:
[1.967s] [01m[K/home/student/sensor_platform_ws/src/hardware/uavcan_bridge/src/dronecan_bridge_component.cpp:49:80:[m[K [01;31m[Kerror: [m[Kinvalid use of non-static member function ‘[01m[Kvoid uavcan_bridge::DronecanBridgeComponent::onTransferReceived(CanardInstance*, CanardRxTransfer*)[m[K’
[1.967s]    49 |         canardInit(&canard_, canard_memory_pool_, sizeof(canard_memory_pool_), [01;31m[KonTransferReceived[m[K, shouldAcceptTransfer, this);
[1.967s]       |                                                                                [01;31m[K^~~~~~~~~~~~~~~~~~[m[K
[1.967s] [01m[K/home/student/sensor_platform_ws/src/hardware/uavcan_bridge/src/dronecan_bridge_component.cpp:210:6:[m[K [01;36m[Knote: [m[Kdeclared here
[1.967s]   210 | void [01;36m[KonTransferReceived[m[K(CanardInstance* ins, CanardRxTransfer* transfer) {
[1.967s]       |      [01;36m[K^~~~~~~~~~~~~~~~~~[m[K
[1.971s] In file included from [01m[K/opt/ros/humble/include/class_loader/class_loader/class_loader.hpp:37[m[K,
[1.971s]                  from [01m[K/opt/ros/humble/include/rclcpp_components/rclcpp_components/register_node_macro.hpp:18[m[K,
[1.971s]                  from [01m[K/home/student/sensor_platform_ws/src/hardware/uavcan_bridge/src/dronecan_bridge_component.cpp:256[m[K:
[1.971s] [01m[K/usr/include/c++/11/cstddef:[m[K At global scope:
[1.971s] [01m[K/usr/include/c++/11/cstddef:52:8:[m[K [01;31m[Kerror: [m[Kexpected unqualified-id before string constant
[1.971s]    52 | extern [01;31m[K"C++"[m[K
[1.971s]       |        [01;31m[K^~~~~[m[K
[1.981s] In file included from [01m[K/opt/ros/humble/include/class_loader/class_loader/class_loader.hpp:56[m[K,
[1.982s]                  from [01m[K/opt/ros/humble/include/rclcpp_components/rclcpp_components/register_node_macro.hpp:18[m[K,
[1.982s]                  from [01m[K/home/student/sensor_platform_ws/src/hardware/uavcan_bridge/src/dronecan_bridge_component.cpp:256[m[K:
[1.982s] [01m[K/home/student/sensor_platform_ws/src/hardware/uavcan_bridge/src/dronecan_bridge_component.cpp:257:1:[m[K [01;31m[Kerror: [m[Kexpected ‘[01m[K}[m[K’ at end of input
[1.982s]   257 | [01;31m[KRCLCPP_COMPONENTS_REGISTER_NODE[m[K(uavcan_bridge::DronecanBridgeComponent)
[1.982s]       | [01;31m[K^~~~~~~~~~~~~~~~~~~~~~~~~~~~~~~[m[K
[1.982s] [01m[K/home/student/sensor_platform_ws/src/hardware/uavcan_bridge/src/dronecan_bridge_component.cpp:27:25:[m[K [01;36m[Knote: [m[Kto match this ‘[01m[K{[m[K’
[1.982s]    27 | namespace uavcan_bridge [01;36m[K{[m[K
[1.982s]       |                         [01;36m[K^[m[K
[2.723s] gmake[2]: *** [CMakeFiles/dronecan_bridge_component.dir/build.make:76: CMakeFiles/dronecan_bridge_component.dir/src/dronecan_bridge_component.cpp.o] Error 1
[2.723s] gmake[1]: *** [CMakeFiles/Makefile2:139: CMakeFiles/dronecan_bridge_component.dir/all] Error 2
[2.723s] gmake: *** [Makefile:146: all] Error 2
[2.725s] Invoked command in '/home/student/sensor_platform_ws/build/uavcan_bridge' returned '2': CMAKE_PREFIX_PATH=/opt/ros/humble /usr/bin/cmake --build /home/student/sensor_platform_ws/build/uavcan_bridge -- -j8 -l8
