[0.162s] Invoking command in '/home/student/sensor_platform_ws/build/olive_networking': CMAKE_PREFIX_PATH=/opt/ros/humble /usr/bin/cmake /home/student/sensor_platform_ws/src/olive_networking -DCMAKE_INSTALL_PREFIX=/home/student/sensor_platform_ws/install/olive_networking
[0.300s] -- Found ament_cmake: 1.3.14 (/opt/ros/humble/share/ament_cmake/cmake)
[0.657s] -- Override CMake install command with custom implementation using symlinks instead of copying resources
[0.751s] -- Found ament_lint_auto: 0.12.15 (/opt/ros/humble/share/ament_lint_auto/cmake)
[1.030s] -- Added test 'lint_cmake' to check CMake code style
[1.070s] -- Added test 'xmllint' to check XML markup files
[1.075s] -- Configuring done
[1.084s] -- Generating done
[1.088s] -- Build files have been written to: /home/student/sensor_platform_ws/build/olive_networking
[1.114s] Invoked command in '/home/student/sensor_platform_ws/build/olive_networking' returned '0': CMAKE_PREFIX_PATH=/opt/ros/humble /usr/bin/cmake /home/student/sensor_platform_ws/src/olive_networking -DCMAKE_INSTALL_PREFIX=/home/student/sensor_platform_ws/install/olive_networking
[1.116s] Invoking command in '/home/student/sensor_platform_ws/build/olive_networking': CMAKE_PREFIX_PATH=/opt/ros/humble /usr/bin/cmake --build /home/student/sensor_platform_ws/build/olive_networking -- -j8 -l8
[1.680s] Invoked command in '/home/student/sensor_platform_ws/build/olive_networking' returned '0': CMAKE_PREFIX_PATH=/opt/ros/humble /usr/bin/cmake --build /home/student/sensor_platform_ws/build/olive_networking -- -j8 -l8
[1.698s] Invoking command in '/home/student/sensor_platform_ws/build/olive_networking': CMAKE_PREFIX_PATH=/opt/ros/humble /usr/bin/cmake --install /home/student/sensor_platform_ws/build/olive_networking
[1.716s] -- Install configuration: ""
[1.717s] -- Execute custom install script
[1.717s] -- Up-to-date symlink: /home/student/sensor_platform_ws/install/olive_networking/share/olive_networking/udev/99-olive-networking.rules
[1.717s] -- Up-to-date symlink: /home/student/sensor_platform_ws/install/olive_networking/lib/olive_networking/scripts/olive_network_configuration.sh
[1.717s] -- Up-to-date symlink: /home/student/sensor_platform_ws/install/olive_networking/share/olive_networking/config/fastdds_profiles.xml
[1.717s] -- Up-to-date symlink: /home/student/sensor_platform_ws/install/olive_networking/share/ament_index/resource_index/package_run_dependencies/olive_networking
[1.725s] -- Up-to-date symlink: /home/student/sensor_platform_ws/install/olive_networking/share/ament_index/resource_index/parent_prefix_path/olive_networking
[1.744s] -- Up-to-date symlink: /home/student/sensor_platform_ws/install/olive_networking/share/olive_networking/environment/ament_prefix_path.sh
[1.749s] -- Up-to-date symlink: /home/student/sensor_platform_ws/install/olive_networking/share/olive_networking/environment/ament_prefix_path.dsv
[1.749s] -- Up-to-date symlink: /home/student/sensor_platform_ws/install/olive_networking/share/olive_networking/environment/path.sh
[1.751s] -- Up-to-date symlink: /home/student/sensor_platform_ws/install/olive_networking/share/olive_networking/environment/path.dsv
[1.764s] -- Up-to-date symlink: /home/student/sensor_platform_ws/install/olive_networking/share/olive_networking/local_setup.bash
[1.765s] -- Up-to-date symlink: /home/student/sensor_platform_ws/install/olive_networking/share/olive_networking/local_setup.sh
[1.766s] -- Up-to-date symlink: /home/student/sensor_platform_ws/install/olive_networking/share/olive_networking/local_setup.zsh
[1.767s] -- Up-to-date symlink: /home/student/sensor_platform_ws/install/olive_networking/share/olive_networking/local_setup.dsv
[1.767s] -- Symlinking: /home/student/sensor_platform_ws/install/olive_networking/share/olive_networking/package.dsv
[1.791s] -- Up-to-date symlink: /home/student/sensor_platform_ws/install/olive_networking/share/ament_index/resource_index/packages/olive_networking
[1.791s] -- Up-to-date symlink: /home/student/sensor_platform_ws/install/olive_networking/share/olive_networking/cmake/olive_networkingConfig.cmake
[1.808s] -- Up-to-date symlink: /home/student/sensor_platform_ws/install/olive_networking/share/olive_networking/cmake/olive_networkingConfig-version.cmake
[1.808s] -- Up-to-date symlink: /home/student/sensor_platform_ws/install/olive_networking/share/olive_networking/package.xml
[1.816s] Invoked command in '/home/student/sensor_platform_ws/build/olive_networking' returned '0': CMAKE_PREFIX_PATH=/opt/ros/humble /usr/bin/cmake --install /home/student/sensor_platform_ws/build/olive_networking
