[ 25%] [32mBuilding CXX object CMakeFiles/imu_sync_component.dir/src/imu_sync_component.cpp.o[0m
[ 75%] Built target imu_sync_node
[01m[K/home/student/sensor_platform_ws/src/platform_processing/src/imu_sync_component.cpp:[m[K In lambda function:
[01m[K/home/student/sensor_platform_ws/src/platform_processing/src/imu_sync_component.cpp:57:9:[m[K [01;31m[Kerror: [m[K‘[01m[Kout[m[K’ was not declared in this scope
   57 |         [01;31m[Kout[m[K.header.stamp = applyCamOffset(msg->header.stamp);
      |         [01;31m[K^~~[m[K
[01m[K/home/student/sensor_platform_ws/src/platform_processing/src/imu_sync_component.cpp:[m[K In lambda function:
[01m[K/home/student/sensor_platform_ws/src/platform_processing/src/imu_sync_component.cpp:69:9:[m[K [01;31m[Kerror: [m[K‘[01m[Kout[m[K’ was not declared in this scope
   69 |         [01;31m[Kout[m[K.header.stamp = applyCamOffset(msg->header.stamp);
      |         [01;31m[K^~~[m[K
[01m[K/home/student/sensor_platform_ws/src/platform_processing/src/imu_sync_component.cpp:[m[K In lambda function:
[01m[K/home/student/sensor_platform_ws/src/platform_processing/src/imu_sync_component.cpp:78:9:[m[K [01;31m[Kerror: [m[K‘[01m[Kout[m[K’ was not declared in this scope
   78 |         [01;31m[Kout[m[K.header.stamp = applyCamOffset(msg->header.stamp);
      |         [01;31m[K^~~[m[K
[01m[K/home/student/sensor_platform_ws/src/platform_processing/src/imu_sync_component.cpp:[m[K In lambda function:
[01m[K/home/student/sensor_platform_ws/src/platform_processing/src/imu_sync_component.cpp:90:9:[m[K [01;31m[Kerror: [m[K‘[01m[Kout[m[K’ was not declared in this scope
   90 |         [01;31m[Kout[m[K.header.stamp = applyCamOffset(msg->header.stamp);
      |         [01;31m[K^~~[m[K
[01m[K/home/student/sensor_platform_ws/src/platform_processing/src/imu_sync_component.cpp:[m[K In lambda function:
[01m[K/home/student/sensor_platform_ws/src/platform_processing/src/imu_sync_component.cpp:102:9:[m[K [01;31m[Kerror: [m[K‘[01m[Kout[m[K’ was not declared in this scope
  102 |         [01;31m[Kout[m[K.header.stamp = applyImuOffset(msg->header.stamp);
      |         [01;31m[K^~~[m[K
[01m[K/home/student/sensor_platform_ws/src/platform_processing/src/imu_sync_component.cpp:[m[K In lambda function:
[01m[K/home/student/sensor_platform_ws/src/platform_processing/src/imu_sync_component.cpp:111:9:[m[K [01;31m[Kerror: [m[K‘[01m[Kout[m[K’ was not declared in this scope
  111 |         [01;31m[Kout[m[K.header.stamp = applyImuOffset(msg->header.stamp);
      |         [01;31m[K^~~[m[K
gmake[2]: *** [CMakeFiles/imu_sync_component.dir/build.make:76: CMakeFiles/imu_sync_component.dir/src/imu_sync_component.cpp.o] Error 1
gmake[1]: *** [CMakeFiles/Makefile2:139: CMakeFiles/imu_sync_component.dir/all] Error 2
gmake: *** [Makefile:146: all] Error 2
