[0.086s] Invoking command in '/home/student/sensor_platform_ws/build/olive_networking': CMAKE_PREFIX_PATH=/opt/ros/humble /usr/bin/cmake /home/student/sensor_platform_ws/src/olive_networking -DCMAKE_INSTALL_PREFIX=/home/student/sensor_platform_ws/install/olive_networking
[0.594s] -- Found ament_cmake: 1.3.14 (/opt/ros/humble/share/ament_cmake/cmake)
[0.925s] -- Override CMake install command with custom implementation using symlinks instead of copying resources
[0.994s] -- Found ament_lint_auto: 0.12.15 (/opt/ros/humble/share/ament_lint_auto/cmake)
[1.122s] -- Added test 'lint_cmake' to check CMake code style
[1.124s] -- Added test 'xmllint' to check XML markup files
[1.126s] -- Configuring done
[1.182s] -- Generating done
[1.189s] -- Build files have been written to: /home/student/sensor_platform_ws/build/olive_networking
[1.197s] Invoked command in '/home/student/sensor_platform_ws/build/olive_networking' returned '0': CMAKE_PREFIX_PATH=/opt/ros/humble /usr/bin/cmake /home/student/sensor_platform_ws/src/olive_networking -DCMAKE_INSTALL_PREFIX=/home/student/sensor_platform_ws/install/olive_networking
[1.203s] Invoking command in '/home/student/sensor_platform_ws/build/olive_networking': CMAKE_PREFIX_PATH=/opt/ros/humble /usr/bin/cmake --build /home/student/sensor_platform_ws/build/olive_networking -- -j8 -l8
[1.230s] Invoked command in '/home/student/sensor_platform_ws/build/olive_networking' returned '0': CMAKE_PREFIX_PATH=/opt/ros/humble /usr/bin/cmake --build /home/student/sensor_platform_ws/build/olive_networking -- -j8 -l8
[1.247s] Invoking command in '/home/student/sensor_platform_ws/build/olive_networking': CMAKE_PREFIX_PATH=/opt/ros/humble /usr/bin/cmake --install /home/student/sensor_platform_ws/build/olive_networking
[1.252s] -- Install configuration: "Release"
[1.252s] -- Execute custom install script
[1.275s] -- Up-to-date symlink: /home/student/sensor_platform_ws/install/olive_networking/lib/olive_networking/scripts/olive_network_configuration.sh
[1.275s] -- Symlinking: /home/student/sensor_platform_ws/install/olive_networking/lib/olive_networking/scripts/setup_imu_namespace.sh
[1.335s] -- Up-to-date symlink: /home/student/sensor_platform_ws/install/olive_networking/share/olive_networking/udev/99-olive-networking.rules
[1.335s] -- Symlinking: /home/student/sensor_platform_ws/install/olive_networking/share/olive_networking/config/fastdds_profiles.xml
[1.343s] [31mCMake Error at ament_cmake_symlink_install/ament_cmake_symlink_install.cmake:105 (message):
[1.343s]   ament_cmake_symlink_install_directory() can't find
[1.343s]   '/home/student/sensor_platform_ws/src/olive_networking/udev'
[1.343s] Call Stack (most recent call first):
[1.343s]   ament_cmake_symlink_install/ament_cmake_symlink_install.cmake:325 (ament_cmake_symlink_install_directory)
[1.343s]   cmake_install.cmake:46 (include)
[1.343s] 
[1.343s] [0m
[1.344s] Invoked command in '/home/student/sensor_platform_ws/build/olive_networking' returned '1': CMAKE_PREFIX_PATH=/opt/ros/humble /usr/bin/cmake --install /home/student/sensor_platform_ws/build/olive_networking
