[0.136s] Invoking command in '/home/student/sensor_platform_ws/build/realsense2_camera_msgs': CMAKE_PREFIX_PATH=/opt/ros/humble /usr/bin/cmake --build /home/student/sensor_platform_ws/build/realsense2_camera_msgs -- -j8 -l8
[1.527s] [  0%] Built target realsense2_camera_msgs__cpp
[1.543s] [  0%] Built target ament_cmake_python_symlink_realsense2_camera_msgs
[1.701s] [  1%] Built target realsense2_camera_msgs__rs
[2.149s] running egg_info
[2.150s] writing realsense2_camera_msgs.egg-info/PKG-INFO
[2.150s] writing dependency_links to realsense2_camera_msgs.egg-info/dependency_links.txt
[2.150s] writing top-level names to realsense2_camera_msgs.egg-info/top_level.txt
[2.190s] [ 13%] Built target realsense2_camera_msgs__rosidl_generator_c
[2.313s] reading manifest file 'realsense2_camera_msgs.egg-info/SOURCES.txt'
[2.314s] writing manifest file 'realsense2_camera_msgs.egg-info/SOURCES.txt'
[2.339s] [ 13%] Built target ament_cmake_python_build_realsense2_camera_msgs_egg
[2.362s] [ 49%] Built target realsense2_camera_msgs__rosidl_typesupport_fastrtps_cpp
[2.362s] [ 49%] Built target realsense2_camera_msgs__rosidl_typesupport_cpp
[2.362s] [ 49%] Built target realsense2_camera_msgs__rosidl_typesupport_introspection_cpp
[2.374s] [ 61%] Built target realsense2_camera_msgs__rosidl_typesupport_fastrtps_c
[2.468s] [ 73%] Built target realsense2_camera_msgs__rosidl_typesupport_introspection_c
[2.481s] [ 85%] Built target realsense2_camera_msgs__rosidl_typesupport_c
[2.519s] [ 85%] Built target realsense2_camera_msgs
[2.636s] [ 86%] Built target realsense2_camera_msgs__py
[2.950s] [ 97%] Built target realsense2_camera_msgs__rosidl_generator_py
[3.035s] [ 98%] Built target realsense2_camera_msgs__rosidl_typesupport_fastrtps_c__pyext
[3.060s] [ 99%] Built target realsense2_camera_msgs__rosidl_typesupport_introspection_c__pyext
[3.158s] [100%] Built target realsense2_camera_msgs__rosidl_typesupport_c__pyext
[3.182s] Invoked command in '/home/student/sensor_platform_ws/build/realsense2_camera_msgs' returned '0': CMAKE_PREFIX_PATH=/opt/ros/humble /usr/bin/cmake --build /home/student/sensor_platform_ws/build/realsense2_camera_msgs -- -j8 -l8
[3.236s] Invoking command in '/home/student/sensor_platform_ws/build/realsense2_camera_msgs': CMAKE_PREFIX_PATH=/opt/ros/humble /usr/bin/cmake --install /home/student/sensor_platform_ws/build/realsense2_camera_msgs
[3.261s] -- Install configuration: "Release"
[3.279s] -- Execute custom install script
[3.322s] -- Up-to-date symlink: /home/student/sensor_platform_ws/install/realsense2_camera_msgs/share/ament_index/resource_index/rosidl_interfaces/realsense2_camera_msgs
[3.329s] -- Up-to-date symlink: /home/student/sensor_platform_ws/install/realsense2_camera_msgs/include/realsense2_camera_msgs/realsense2_camera_msgs/action/detail/triggered_calibration__functions.h
[3.355s] -- Up-to-date symlink: /home/student/sensor_platform_ws/install/realsense2_camera_msgs/include/realsense2_camera_msgs/realsense2_camera_msgs/action/detail/triggered_calibration__struct.h
[3.357s] -- Up-to-date symlink: /home/student/sensor_platform_ws/install/realsense2_camera_msgs/include/realsense2_camera_msgs/realsense2_camera_msgs/action/detail/triggered_calibration__type_support.h
[3.362s] -- Up-to-date symlink: /home/student/sensor_platform_ws/install/realsense2_camera_msgs/include/realsense2_camera_msgs/realsense2_camera_msgs/action/triggered_calibration.h
[3.508s] -- Up-to-date symlink: /home/student/sensor_platform_ws/install/realsense2_camera_msgs/include/realsense2_camera_msgs/realsense2_camera_msgs/msg/detail/extrinsics__functions.h
[3.511s] -- Up-to-date symlink: /home/student/sensor_platform_ws/install/realsense2_camera_msgs/include/realsense2_camera_msgs/realsense2_camera_msgs/msg/detail/extrinsics__struct.h
[3.512s] -- Up-to-date symlink: /home/student/sensor_platform_ws/install/realsense2_camera_msgs/include/realsense2_camera_msgs/realsense2_camera_msgs/msg/detail/extrinsics__type_support.h
[3.513s] -- Up-to-date symlink: /home/student/sensor_platform_ws/install/realsense2_camera_msgs/include/realsense2_camera_msgs/realsense2_camera_msgs/msg/detail/imu_info__functions.h
[3.513s] -- Up-to-date symlink: /home/student/sensor_platform_ws/install/realsense2_camera_msgs/include/realsense2_camera_msgs/realsense2_camera_msgs/msg/detail/imu_info__struct.h
[3.514s] -- Up-to-date symlink: /home/student/sensor_platform_ws/install/realsense2_camera_msgs/include/realsense2_camera_msgs/realsense2_camera_msgs/msg/detail/imu_info__type_support.h
[3.515s] -- Up-to-date symlink: /home/student/sensor_platform_ws/install/realsense2_camera_msgs/include/realsense2_camera_msgs/realsense2_camera_msgs/msg/detail/metadata__functions.h
[3.516s] -- Up-to-date symlink: /home/student/sensor_platform_ws/install/realsense2_camera_msgs/include/realsense2_camera_msgs/realsense2_camera_msgs/msg/detail/metadata__struct.h
[3.547s] -- Up-to-date symlink: /home/student/sensor_platform_ws/install/realsense2_camera_msgs/include/realsense2_camera_msgs/realsense2_camera_msgs/msg/detail/metadata__type_support.h
[3.556s] -- Up-to-date symlink: /home/student/sensor_platform_ws/install/realsense2_camera_msgs/include/realsense2_camera_msgs/realsense2_camera_msgs/msg/detail/rgbd__functions.h
[3.557s] -- Up-to-date symlink: /home/student/sensor_platform_ws/install/realsense2_camera_msgs/include/realsense2_camera_msgs/realsense2_camera_msgs/msg/detail/rgbd__struct.h
[3.558s] -- Up-to-date symlink: /home/student/sensor_platform_ws/install/realsense2_camera_msgs/include/realsense2_camera_msgs/realsense2_camera_msgs/msg/detail/rgbd__type_support.h
[3.559s] -- Up-to-date symlink: /home/student/sensor_platform_ws/install/realsense2_camera_msgs/include/realsense2_camera_msgs/realsense2_camera_msgs/msg/extrinsics.h
[3.560s] -- Up-to-date symlink: /home/student/sensor_platform_ws/install/realsense2_camera_msgs/include/realsense2_camera_msgs/realsense2_camera_msgs/msg/imu_info.h
[3.581s] -- Up-to-date symlink: /home/student/sensor_platform_ws/install/realsense2_camera_msgs/include/realsense2_camera_msgs/realsense2_camera_msgs/msg/metadata.h
[3.582s] -- Up-to-date symlink: /home/student/sensor_platform_ws/install/realsense2_camera_msgs/include/realsense2_camera_msgs/realsense2_camera_msgs/msg/rgbd.h
[3.583s] -- Up-to-date symlink: /home/student/sensor_platform_ws/install/realsense2_camera_msgs/include/realsense2_camera_msgs/realsense2_camera_msgs/msg/rosidl_generator_c__visibility_control.h
[3.584s] -- Up-to-date symlink: /home/student/sensor_platform_ws/install/realsense2_camera_msgs/include/realsense2_camera_msgs/realsense2_camera_msgs/srv/application_config_read.h
[3.606s] -- Up-to-date symlink: /home/student/sensor_platform_ws/install/realsense2_camera_msgs/include/realsense2_camera_msgs/realsense2_camera_msgs/srv/application_config_write.h
[3.608s] -- Up-to-date symlink: /home/student/sensor_platform_ws/install/realsense2_camera_msgs/include/realsense2_camera_msgs/realsense2_camera_msgs/srv/calib_config_read.h
[3.609s] -- Up-to-date symlink: /home/student/sensor_platform_ws/install/realsense2_camera_msgs/include/realsense2_camera_msgs/realsense2_camera_msgs/srv/calib_config_write.h
[3.636s] -- Up-to-date symlink: /home/student/sensor_platform_ws/install/realsense2_camera_msgs/include/realsense2_camera_msgs/realsense2_camera_msgs/srv/detail/application_config_read__functions.h
[3.668s] -- Up-to-date symlink: /home/student/sensor_platform_ws/install/realsense2_camera_msgs/include/realsense2_camera_msgs/realsense2_camera_msgs/srv/detail/application_config_read__struct.h
[3.669s] -- Up-to-date symlink: /home/student/sensor_platform_ws/install/realsense2_camera_msgs/include/realsense2_camera_msgs/realsense2_camera_msgs/srv/detail/application_config_read__type_support.h
[3.670s] -- Up-to-date symlink: /home/student/sensor_platform_ws/install/realsense2_camera_msgs/include/realsense2_camera_msgs/realsense2_camera_msgs/srv/detail/application_config_write__functions.h
[3.672s] -- Up-to-date symlink: /home/student/sensor_platform_ws/install/realsense2_camera_msgs/include/realsense2_camera_msgs/realsense2_camera_msgs/srv/detail/application_config_write__struct.h
[3.681s] -- Up-to-date symlink: /home/student/sensor_platform_ws/install/realsense2_camera_msgs/include/realsense2_camera_msgs/realsense2_camera_msgs/srv/detail/application_config_write__type_support.h
[3.682s] -- Up-to-date symlink: /home/student/sensor_platform_ws/install/realsense2_camera_msgs/include/realsense2_camera_msgs/realsense2_camera_msgs/srv/detail/calib_config_read__functions.h
[3.706s] -- Up-to-date symlink: /home/student/sensor_platform_ws/install/realsense2_camera_msgs/include/realsense2_camera_msgs/realsense2_camera_msgs/srv/detail/calib_config_read__struct.h
[3.715s] -- Up-to-date symlink: /home/student/sensor_platform_ws/install/realsense2_camera_msgs/include/realsense2_camera_msgs/realsense2_camera_msgs/srv/detail/calib_config_read__type_support.h
[3.716s] -- Up-to-date symlink: /home/student/sensor_platform_ws/install/realsense2_camera_msgs/include/realsense2_camera_msgs/realsense2_camera_msgs/srv/detail/calib_config_write__functions.h
[3.717s] -- Up-to-date symlink: /home/student/sensor_platform_ws/install/realsense2_camera_msgs/include/realsense2_camera_msgs/realsense2_camera_msgs/srv/detail/calib_config_write__struct.h
[3.718s] -- Up-to-date symlink: /home/student/sensor_platform_ws/install/realsense2_camera_msgs/include/realsense2_camera_msgs/realsense2_camera_msgs/srv/detail/calib_config_write__type_support.h
[3.718s] -- Up-to-date symlink: /home/student/sensor_platform_ws/install/realsense2_camera_msgs/include/realsense2_camera_msgs/realsense2_camera_msgs/srv/detail/device_info__functions.h
[3.781s] -- Up-to-date symlink: /home/student/sensor_platform_ws/install/realsense2_camera_msgs/include/realsense2_camera_msgs/realsense2_camera_msgs/srv/detail/device_info__struct.h
[3.783s] -- Up-to-date symlink: /home/student/sensor_platform_ws/install/realsense2_camera_msgs/include/realsense2_camera_msgs/realsense2_camera_msgs/srv/detail/device_info__type_support.h
[3.784s] -- Up-to-date symlink: /home/student/sensor_platform_ws/install/realsense2_camera_msgs/include/realsense2_camera_msgs/realsense2_camera_msgs/srv/detail/hardware_monitor_command_send__functions.h
[3.785s] -- Up-to-date symlink: /home/student/sensor_platform_ws/install/realsense2_camera_msgs/include/realsense2_camera_msgs/realsense2_camera_msgs/srv/detail/hardware_monitor_command_send__struct.h
[3.786s] -- Up-to-date symlink: /home/student/sensor_platform_ws/install/realsense2_camera_msgs/include/realsense2_camera_msgs/realsense2_camera_msgs/srv/detail/hardware_monitor_command_send__type_support.h
[3.823s] -- Up-to-date symlink: /home/student/sensor_platform_ws/install/realsense2_camera_msgs/include/realsense2_camera_msgs/realsense2_camera_msgs/srv/detail/safety_interface_config_read__functions.h
[3.824s] -- Up-to-date symlink: /home/student/sensor_platform_ws/install/realsense2_camera_msgs/include/realsense2_camera_msgs/realsense2_camera_msgs/srv/detail/safety_interface_config_read__struct.h
[3.827s] -- Up-to-date symlink: /home/student/sensor_platform_ws/install/realsense2_camera_msgs/include/realsense2_camera_msgs/realsense2_camera_msgs/srv/detail/safety_interface_config_read__type_support.h
[3.828s] -- Up-to-date symlink: /home/student/sensor_platform_ws/install/realsense2_camera_msgs/include/realsense2_camera_msgs/realsense2_camera_msgs/srv/detail/safety_interface_config_write__functions.h
[3.829s] -- Up-to-date symlink: /home/student/sensor_platform_ws/install/realsense2_camera_msgs/include/realsense2_camera_msgs/realsense2_camera_msgs/srv/detail/safety_interface_config_write__struct.h
[3.832s] -- Up-to-date symlink: /home/student/sensor_platform_ws/install/realsense2_camera_msgs/include/realsense2_camera_msgs/realsense2_camera_msgs/srv/detail/safety_interface_config_write__type_support.h
[3.832s] -- Up-to-date symlink: /home/student/sensor_platform_ws/install/realsense2_camera_msgs/include/realsense2_camera_msgs/realsense2_camera_msgs/srv/detail/safety_preset_read__functions.h
[3.835s] -- Up-to-date symlink: /home/student/sensor_platform_ws/install/realsense2_camera_msgs/include/realsense2_camera_msgs/realsense2_camera_msgs/srv/detail/safety_preset_read__struct.h
[3.836s] -- Up-to-date symlink: /home/student/sensor_platform_ws/install/realsense2_camera_msgs/include/realsense2_camera_msgs/realsense2_camera_msgs/srv/detail/safety_preset_read__type_support.h
[3.837s] -- Up-to-date symlink: /home/student/sensor_platform_ws/install/realsense2_camera_msgs/include/realsense2_camera_msgs/realsense2_camera_msgs/srv/detail/safety_preset_write__functions.h
[3.840s] -- Up-to-date symlink: /home/student/sensor_platform_ws/install/realsense2_camera_msgs/include/realsense2_camera_msgs/realsense2_camera_msgs/srv/detail/safety_preset_write__struct.h
[3.841s] -- Up-to-date symlink: /home/student/sensor_platform_ws/install/realsense2_camera_msgs/include/realsense2_camera_msgs/realsense2_camera_msgs/srv/detail/safety_preset_write__type_support.h
[3.844s] -- Up-to-date symlink: /home/student/sensor_platform_ws/install/realsense2_camera_msgs/include/realsense2_camera_msgs/realsense2_camera_msgs/srv/device_info.h
[3.845s] -- Up-to-date symlink: /home/student/sensor_platform_ws/install/realsense2_camera_msgs/include/realsense2_camera_msgs/realsense2_camera_msgs/srv/hardware_monitor_command_send.h
[3.846s] -- Up-to-date symlink: /home/student/sensor_platform_ws/install/realsense2_camera_msgs/include/realsense2_camera_msgs/realsense2_camera_msgs/srv/safety_interface_config_read.h
[3.848s] -- Up-to-date symlink: /home/student/sensor_platform_ws/install/realsense2_camera_msgs/include/realsense2_camera_msgs/realsense2_camera_msgs/srv/safety_interface_config_write.h
[3.849s] -- Up-to-date symlink: /home/student/sensor_platform_ws/install/realsense2_camera_msgs/include/realsense2_camera_msgs/realsense2_camera_msgs/srv/safety_preset_read.h
[3.852s] -- Up-to-date symlink: /home/student/sensor_platform_ws/install/realsense2_camera_msgs/include/realsense2_camera_msgs/realsense2_camera_msgs/srv/safety_preset_write.h
[3.857s] -- Up-to-date symlink: /home/student/sensor_platform_ws/install/realsense2_camera_msgs/share/realsense2_camera_msgs/environment/library_path.sh
[3.858s] -- Up-to-date symlink: /home/student/sensor_platform_ws/install/realsense2_camera_msgs/share/realsense2_camera_msgs/environment/library_path.dsv
[3.862s] -- Up-to-date symlink: /home/student/sensor_platform_ws/install/realsense2_camera_msgs/include/realsense2_camera_msgs/realsense2_camera_msgs/action/detail/triggered_calibration__rosidl_typesupport_fastrtps_c.h
[3.862s] -- Up-to-date symlink: /home/student/sensor_platform_ws/install/realsense2_camera_msgs/include/realsense2_camera_msgs/realsense2_camera_msgs/msg/detail/extrinsics__rosidl_typesupport_fastrtps_c.h
[3.864s] -- Up-to-date symlink: /home/student/sensor_platform_ws/install/realsense2_camera_msgs/include/realsense2_camera_msgs/realsense2_camera_msgs/msg/detail/imu_info__rosidl_typesupport_fastrtps_c.h
[3.865s] -- Up-to-date symlink: /home/student/sensor_platform_ws/install/realsense2_camera_msgs/include/realsense2_camera_msgs/realsense2_camera_msgs/msg/detail/metadata__rosidl_typesupport_fastrtps_c.h
[3.879s] -- Up-to-date symlink: /home/student/sensor_platform_ws/install/realsense2_camera_msgs/include/realsense2_camera_msgs/realsense2_camera_msgs/msg/detail/rgbd__rosidl_typesupport_fastrtps_c.h
[3.880s] -- Up-to-date symlink: /home/student/sensor_platform_ws/install/realsense2_camera_msgs/include/realsense2_camera_msgs/realsense2_camera_msgs/msg/rosidl_typesupport_fastrtps_c__visibility_control.h
[3.882s] -- Up-to-date symlink: /home/student/sensor_platform_ws/install/realsense2_camera_msgs/include/realsense2_camera_msgs/realsense2_camera_msgs/srv/detail/application_config_read__rosidl_typesupport_fastrtps_c.h
[3.883s] -- Up-to-date symlink: /home/student/sensor_platform_ws/install/realsense2_camera_msgs/include/realsense2_camera_msgs/realsense2_camera_msgs/srv/detail/application_config_write__rosidl_typesupport_fastrtps_c.h
[3.883s] -- Up-to-date symlink: /home/student/sensor_platform_ws/install/realsense2_camera_msgs/include/realsense2_camera_msgs/realsense2_camera_msgs/srv/detail/calib_config_read__rosidl_typesupport_fastrtps_c.h
[3.884s] -- Up-to-date symlink: /home/student/sensor_platform_ws/install/realsense2_camera_msgs/include/realsense2_camera_msgs/realsense2_camera_msgs/srv/detail/calib_config_write__rosidl_typesupport_fastrtps_c.h
[3.885s] -- Up-to-date symlink: /home/student/sensor_platform_ws/install/realsense2_camera_msgs/include/realsense2_camera_msgs/realsense2_camera_msgs/srv/detail/device_info__rosidl_typesupport_fastrtps_c.h
[3.886s] -- Up-to-date symlink: /home/student/sensor_platform_ws/install/realsense2_camera_msgs/include/realsense2_camera_msgs/realsense2_camera_msgs/srv/detail/hardware_monitor_command_send__rosidl_typesupport_fastrtps_c.h
[3.887s] -- Up-to-date symlink: /home/student/sensor_platform_ws/install/realsense2_camera_msgs/include/realsense2_camera_msgs/realsense2_camera_msgs/srv/detail/safety_interface_config_read__rosidl_typesupport_fastrtps_c.h
[3.888s] -- Up-to-date symlink: /home/student/sensor_platform_ws/install/realsense2_camera_msgs/include/realsense2_camera_msgs/realsense2_camera_msgs/srv/detail/safety_interface_config_write__rosidl_typesupport_fastrtps_c.h
[3.888s] -- Up-to-date symlink: /home/student/sensor_platform_ws/install/realsense2_camera_msgs/include/realsense2_camera_msgs/realsense2_camera_msgs/srv/detail/safety_preset_read__rosidl_typesupport_fastrtps_c.h
[3.889s] -- Up-to-date symlink: /home/student/sensor_platform_ws/install/realsense2_camera_msgs/include/realsense2_camera_msgs/realsense2_camera_msgs/srv/detail/safety_preset_write__rosidl_typesupport_fastrtps_c.h
[3.899s] -- Up-to-date symlink: /home/student/sensor_platform_ws/install/realsense2_camera_msgs/include/realsense2_camera_msgs/realsense2_camera_msgs/action/detail/triggered_calibration__rosidl_typesupport_introspection_c.h
[3.911s] -- Up-to-date symlink: /home/student/sensor_platform_ws/install/realsense2_camera_msgs/include/realsense2_camera_msgs/realsense2_camera_msgs/msg/detail/extrinsics__rosidl_typesupport_introspection_c.h
[3.912s] -- Up-to-date symlink: /home/student/sensor_platform_ws/install/realsense2_camera_msgs/include/realsense2_camera_msgs/realsense2_camera_msgs/msg/detail/imu_info__rosidl_typesupport_introspection_c.h
[3.913s] -- Up-to-date symlink: /home/student/sensor_platform_ws/install/realsense2_camera_msgs/include/realsense2_camera_msgs/realsense2_camera_msgs/msg/detail/metadata__rosidl_typesupport_introspection_c.h
[3.914s] -- Up-to-date symlink: /home/student/sensor_platform_ws/install/realsense2_camera_msgs/include/realsense2_camera_msgs/realsense2_camera_msgs/msg/detail/rgbd__rosidl_typesupport_introspection_c.h
[3.916s] -- Up-to-date symlink: /home/student/sensor_platform_ws/install/realsense2_camera_msgs/include/realsense2_camera_msgs/realsense2_camera_msgs/msg/rosidl_typesupport_introspection_c__visibility_control.h
[3.917s] -- Up-to-date symlink: /home/student/sensor_platform_ws/install/realsense2_camera_msgs/include/realsense2_camera_msgs/realsense2_camera_msgs/srv/detail/application_config_read__rosidl_typesupport_introspection_c.h
[3.917s] -- Up-to-date symlink: /home/student/sensor_platform_ws/install/realsense2_camera_msgs/include/realsense2_camera_msgs/realsense2_camera_msgs/srv/detail/application_config_write__rosidl_typesupport_introspection_c.h
[3.919s] -- Up-to-date symlink: /home/student/sensor_platform_ws/install/realsense2_camera_msgs/include/realsense2_camera_msgs/realsense2_camera_msgs/srv/detail/calib_config_read__rosidl_typesupport_introspection_c.h
[3.919s] -- Up-to-date symlink: /home/student/sensor_platform_ws/install/realsense2_camera_msgs/include/realsense2_camera_msgs/realsense2_camera_msgs/srv/detail/calib_config_write__rosidl_typesupport_introspection_c.h
[3.920s] -- Up-to-date symlink: /home/student/sensor_platform_ws/install/realsense2_camera_msgs/include/realsense2_camera_msgs/realsense2_camera_msgs/srv/detail/device_info__rosidl_typesupport_introspection_c.h
[3.920s] -- Up-to-date symlink: /home/student/sensor_platform_ws/install/realsense2_camera_msgs/include/realsense2_camera_msgs/realsense2_camera_msgs/srv/detail/hardware_monitor_command_send__rosidl_typesupport_introspection_c.h
[3.921s] -- Up-to-date symlink: /home/student/sensor_platform_ws/install/realsense2_camera_msgs/include/realsense2_camera_msgs/realsense2_camera_msgs/srv/detail/safety_interface_config_read__rosidl_typesupport_introspection_c.h
[3.922s] -- Up-to-date symlink: /home/student/sensor_platform_ws/install/realsense2_camera_msgs/include/realsense2_camera_msgs/realsense2_camera_msgs/srv/detail/safety_interface_config_write__rosidl_typesupport_introspection_c.h
[3.922s] -- Up-to-date symlink: /home/student/sensor_platform_ws/install/realsense2_camera_msgs/include/realsense2_camera_msgs/realsense2_camera_msgs/srv/detail/safety_preset_read__rosidl_typesupport_introspection_c.h
[3.923s] -- Up-to-date symlink: /home/student/sensor_platform_ws/install/realsense2_camera_msgs/include/realsense2_camera_msgs/realsense2_camera_msgs/srv/detail/safety_preset_write__rosidl_typesupport_introspection_c.h
[3.926s] -- Up-to-date symlink: /home/student/sensor_platform_ws/install/realsense2_camera_msgs/include/realsense2_camera_msgs/realsense2_camera_msgs/action/detail/triggered_calibration__builder.hpp
[3.926s] -- Up-to-date symlink: /home/student/sensor_platform_ws/install/realsense2_camera_msgs/include/realsense2_camera_msgs/realsense2_camera_msgs/action/detail/triggered_calibration__struct.hpp
[3.927s] -- Up-to-date symlink: /home/student/sensor_platform_ws/install/realsense2_camera_msgs/include/realsense2_camera_msgs/realsense2_camera_msgs/action/detail/triggered_calibration__traits.hpp
[3.928s] -- Up-to-date symlink: /home/student/sensor_platform_ws/install/realsense2_camera_msgs/include/realsense2_camera_msgs/realsense2_camera_msgs/action/detail/triggered_calibration__type_support.hpp
[3.958s] -- Up-to-date symlink: /home/student/sensor_platform_ws/install/realsense2_camera_msgs/include/realsense2_camera_msgs/realsense2_camera_msgs/action/triggered_calibration.hpp
[3.961s] -- Up-to-date symlink: /home/student/sensor_platform_ws/install/realsense2_camera_msgs/include/realsense2_camera_msgs/realsense2_camera_msgs/msg/detail/extrinsics__builder.hpp
[3.962s] -- Up-to-date symlink: /home/student/sensor_platform_ws/install/realsense2_camera_msgs/include/realsense2_camera_msgs/realsense2_camera_msgs/msg/detail/extrinsics__struct.hpp
[3.962s] -- Up-to-date symlink: /home/student/sensor_platform_ws/install/realsense2_camera_msgs/include/realsense2_camera_msgs/realsense2_camera_msgs/msg/detail/extrinsics__traits.hpp
[3.963s] -- Up-to-date symlink: /home/student/sensor_platform_ws/install/realsense2_camera_msgs/include/realsense2_camera_msgs/realsense2_camera_msgs/msg/detail/extrinsics__type_support.hpp
[3.966s] -- Up-to-date symlink: /home/student/sensor_platform_ws/install/realsense2_camera_msgs/include/realsense2_camera_msgs/realsense2_camera_msgs/msg/detail/imu_info__builder.hpp
[3.967s] -- Up-to-date symlink: /home/student/sensor_platform_ws/install/realsense2_camera_msgs/include/realsense2_camera_msgs/realsense2_camera_msgs/msg/detail/imu_info__struct.hpp
[3.969s] -- Up-to-date symlink: /home/student/sensor_platform_ws/install/realsense2_camera_msgs/include/realsense2_camera_msgs/realsense2_camera_msgs/msg/detail/imu_info__traits.hpp
[3.970s] -- Up-to-date symlink: /home/student/sensor_platform_ws/install/realsense2_camera_msgs/include/realsense2_camera_msgs/realsense2_camera_msgs/msg/detail/imu_info__type_support.hpp
[3.971s] -- Up-to-date symlink: /home/student/sensor_platform_ws/install/realsense2_camera_msgs/include/realsense2_camera_msgs/realsense2_camera_msgs/msg/detail/metadata__builder.hpp
[3.975s] -- Up-to-date symlink: /home/student/sensor_platform_ws/install/realsense2_camera_msgs/include/realsense2_camera_msgs/realsense2_camera_msgs/msg/detail/metadata__struct.hpp
[3.976s] -- Up-to-date symlink: /home/student/sensor_platform_ws/install/realsense2_camera_msgs/include/realsense2_camera_msgs/realsense2_camera_msgs/msg/detail/metadata__traits.hpp
[3.977s] -- Up-to-date symlink: /home/student/sensor_platform_ws/install/realsense2_camera_msgs/include/realsense2_camera_msgs/realsense2_camera_msgs/msg/detail/metadata__type_support.hpp
[3.978s] -- Up-to-date symlink: /home/student/sensor_platform_ws/install/realsense2_camera_msgs/include/realsense2_camera_msgs/realsense2_camera_msgs/msg/detail/rgbd__builder.hpp
[3.979s] -- Up-to-date symlink: /home/student/sensor_platform_ws/install/realsense2_camera_msgs/include/realsense2_camera_msgs/realsense2_camera_msgs/msg/detail/rgbd__struct.hpp
[3.983s] -- Up-to-date symlink: /home/student/sensor_platform_ws/install/realsense2_camera_msgs/include/realsense2_camera_msgs/realsense2_camera_msgs/msg/detail/rgbd__traits.hpp
[3.984s] -- Up-to-date symlink: /home/student/sensor_platform_ws/install/realsense2_camera_msgs/include/realsense2_camera_msgs/realsense2_camera_msgs/msg/detail/rgbd__type_support.hpp
[3.986s] -- Up-to-date symlink: /home/student/sensor_platform_ws/install/realsense2_camera_msgs/include/realsense2_camera_msgs/realsense2_camera_msgs/msg/extrinsics.hpp
[3.987s] -- Up-to-date symlink: /home/student/sensor_platform_ws/install/realsense2_camera_msgs/include/realsense2_camera_msgs/realsense2_camera_msgs/msg/imu_info.hpp
[3.988s] -- Up-to-date symlink: /home/student/sensor_platform_ws/install/realsense2_camera_msgs/include/realsense2_camera_msgs/realsense2_camera_msgs/msg/metadata.hpp
[4.008s] -- Up-to-date symlink: /home/student/sensor_platform_ws/install/realsense2_camera_msgs/include/realsense2_camera_msgs/realsense2_camera_msgs/msg/rgbd.hpp
[4.017s] -- Up-to-date symlink: /home/student/sensor_platform_ws/install/realsense2_camera_msgs/include/realsense2_camera_msgs/realsense2_camera_msgs/msg/rosidl_generator_cpp__visibility_control.hpp
[4.037s] -- Up-to-date symlink: /home/student/sensor_platform_ws/install/realsense2_camera_msgs/include/realsense2_camera_msgs/realsense2_camera_msgs/srv/application_config_read.hpp
[4.039s] -- Up-to-date symlink: /home/student/sensor_platform_ws/install/realsense2_camera_msgs/include/realsense2_camera_msgs/realsense2_camera_msgs/srv/application_config_write.hpp
[4.040s] -- Up-to-date symlink: /home/student/sensor_platform_ws/install/realsense2_camera_msgs/include/realsense2_camera_msgs/realsense2_camera_msgs/srv/calib_config_read.hpp
[4.040s] -- Up-to-date symlink: /home/student/sensor_platform_ws/install/realsense2_camera_msgs/include/realsense2_camera_msgs/realsense2_camera_msgs/srv/calib_config_write.hpp
[4.042s] -- Up-to-date symlink: /home/student/sensor_platform_ws/install/realsense2_camera_msgs/include/realsense2_camera_msgs/realsense2_camera_msgs/srv/detail/application_config_read__builder.hpp
[4.043s] -- Up-to-date symlink: /home/student/sensor_platform_ws/install/realsense2_camera_msgs/include/realsense2_camera_msgs/realsense2_camera_msgs/srv/detail/application_config_read__struct.hpp
[4.044s] -- Up-to-date symlink: /home/student/sensor_platform_ws/install/realsense2_camera_msgs/include/realsense2_camera_msgs/realsense2_camera_msgs/srv/detail/application_config_read__traits.hpp
[4.045s] -- Up-to-date symlink: /home/student/sensor_platform_ws/install/realsense2_camera_msgs/include/realsense2_camera_msgs/realsense2_camera_msgs/srv/detail/application_config_read__type_support.hpp
[4.045s] -- Up-to-date symlink: /home/student/sensor_platform_ws/install/realsense2_camera_msgs/include/realsense2_camera_msgs/realsense2_camera_msgs/srv/detail/application_config_write__builder.hpp
[4.047s] -- Up-to-date symlink: /home/student/sensor_platform_ws/install/realsense2_camera_msgs/include/realsense2_camera_msgs/realsense2_camera_msgs/srv/detail/application_config_write__struct.hpp
[4.047s] -- Up-to-date symlink: /home/student/sensor_platform_ws/install/realsense2_camera_msgs/include/realsense2_camera_msgs/realsense2_camera_msgs/srv/detail/application_config_write__traits.hpp
[4.048s] -- Up-to-date symlink: /home/student/sensor_platform_ws/install/realsense2_camera_msgs/include/realsense2_camera_msgs/realsense2_camera_msgs/srv/detail/application_config_write__type_support.hpp
[4.048s] -- Up-to-date symlink: /home/student/sensor_platform_ws/install/realsense2_camera_msgs/include/realsense2_camera_msgs/realsense2_camera_msgs/srv/detail/calib_config_read__builder.hpp
[4.049s] -- Up-to-date symlink: /home/student/sensor_platform_ws/install/realsense2_camera_msgs/include/realsense2_camera_msgs/realsense2_camera_msgs/srv/detail/calib_config_read__struct.hpp
[4.050s] -- Up-to-date symlink: /home/student/sensor_platform_ws/install/realsense2_camera_msgs/include/realsense2_camera_msgs/realsense2_camera_msgs/srv/detail/calib_config_read__traits.hpp
[4.051s] -- Up-to-date symlink: /home/student/sensor_platform_ws/install/realsense2_camera_msgs/include/realsense2_camera_msgs/realsense2_camera_msgs/srv/detail/calib_config_read__type_support.hpp
[4.051s] -- Up-to-date symlink: /home/student/sensor_platform_ws/install/realsense2_camera_msgs/include/realsense2_camera_msgs/realsense2_camera_msgs/srv/detail/calib_config_write__builder.hpp
[4.052s] -- Up-to-date symlink: /home/student/sensor_platform_ws/install/realsense2_camera_msgs/include/realsense2_camera_msgs/realsense2_camera_msgs/srv/detail/calib_config_write__struct.hpp
[4.052s] -- Up-to-date symlink: /home/student/sensor_platform_ws/install/realsense2_camera_msgs/include/realsense2_camera_msgs/realsense2_camera_msgs/srv/detail/calib_config_write__traits.hpp
[4.055s] -- Up-to-date symlink: /home/student/sensor_platform_ws/install/realsense2_camera_msgs/include/realsense2_camera_msgs/realsense2_camera_msgs/srv/detail/calib_config_write__type_support.hpp
[4.057s] -- Up-to-date symlink: /home/student/sensor_platform_ws/install/realsense2_camera_msgs/include/realsense2_camera_msgs/realsense2_camera_msgs/srv/detail/device_info__builder.hpp
[4.058s] -- Up-to-date symlink: /home/student/sensor_platform_ws/install/realsense2_camera_msgs/include/realsense2_camera_msgs/realsense2_camera_msgs/srv/detail/device_info__struct.hpp
[4.059s] -- Up-to-date symlink: /home/student/sensor_platform_ws/install/realsense2_camera_msgs/include/realsense2_camera_msgs/realsense2_camera_msgs/srv/detail/device_info__traits.hpp
[4.060s] -- Up-to-date symlink: /home/student/sensor_platform_ws/install/realsense2_camera_msgs/include/realsense2_camera_msgs/realsense2_camera_msgs/srv/detail/device_info__type_support.hpp
[4.063s] -- Up-to-date symlink: /home/student/sensor_platform_ws/install/realsense2_camera_msgs/include/realsense2_camera_msgs/realsense2_camera_msgs/srv/detail/hardware_monitor_command_send__builder.hpp
[4.065s] -- Up-to-date symlink: /home/student/sensor_platform_ws/install/realsense2_camera_msgs/include/realsense2_camera_msgs/realsense2_camera_msgs/srv/detail/hardware_monitor_command_send__struct.hpp
[4.066s] -- Up-to-date symlink: /home/student/sensor_platform_ws/install/realsense2_camera_msgs/include/realsense2_camera_msgs/realsense2_camera_msgs/srv/detail/hardware_monitor_command_send__traits.hpp
[4.066s] -- Up-to-date symlink: /home/student/sensor_platform_ws/install/realsense2_camera_msgs/include/realsense2_camera_msgs/realsense2_camera_msgs/srv/detail/hardware_monitor_command_send__type_support.hpp
[4.067s] -- Up-to-date symlink: /home/student/sensor_platform_ws/install/realsense2_camera_msgs/include/realsense2_camera_msgs/realsense2_camera_msgs/srv/detail/safety_interface_config_read__builder.hpp
[4.068s] -- Up-to-date symlink: /home/student/sensor_platform_ws/install/realsense2_camera_msgs/include/realsense2_camera_msgs/realsense2_camera_msgs/srv/detail/safety_interface_config_read__struct.hpp
[4.092s] -- Up-to-date symlink: /home/student/sensor_platform_ws/install/realsense2_camera_msgs/include/realsense2_camera_msgs/realsense2_camera_msgs/srv/detail/safety_interface_config_read__traits.hpp
[4.093s] -- Up-to-date symlink: /home/student/sensor_platform_ws/install/realsense2_camera_msgs/include/realsense2_camera_msgs/realsense2_camera_msgs/srv/detail/safety_interface_config_read__type_support.hpp
[4.096s] -- Up-to-date symlink: /home/student/sensor_platform_ws/install/realsense2_camera_msgs/include/realsense2_camera_msgs/realsense2_camera_msgs/srv/detail/safety_interface_config_write__builder.hpp
[4.097s] -- Up-to-date symlink: /home/student/sensor_platform_ws/install/realsense2_camera_msgs/include/realsense2_camera_msgs/realsense2_camera_msgs/srv/detail/safety_interface_config_write__struct.hpp
[4.097s] -- Up-to-date symlink: /home/student/sensor_platform_ws/install/realsense2_camera_msgs/include/realsense2_camera_msgs/realsense2_camera_msgs/srv/detail/safety_interface_config_write__traits.hpp
[4.101s] -- Up-to-date symlink: /home/student/sensor_platform_ws/install/realsense2_camera_msgs/include/realsense2_camera_msgs/realsense2_camera_msgs/srv/detail/safety_interface_config_write__type_support.hpp
[4.102s] -- Up-to-date symlink: /home/student/sensor_platform_ws/install/realsense2_camera_msgs/include/realsense2_camera_msgs/realsense2_camera_msgs/srv/detail/safety_preset_read__builder.hpp
[4.103s] -- Up-to-date symlink: /home/student/sensor_platform_ws/install/realsense2_camera_msgs/include/realsense2_camera_msgs/realsense2_camera_msgs/srv/detail/safety_preset_read__struct.hpp
[4.113s] -- Up-to-date symlink: /home/student/sensor_platform_ws/install/realsense2_camera_msgs/include/realsense2_camera_msgs/realsense2_camera_msgs/srv/detail/safety_preset_read__traits.hpp
[4.126s] -- Up-to-date symlink: /home/student/sensor_platform_ws/install/realsense2_camera_msgs/include/realsense2_camera_msgs/realsense2_camera_msgs/srv/detail/safety_preset_read__type_support.hpp
[4.129s] -- Up-to-date symlink: /home/student/sensor_platform_ws/install/realsense2_camera_msgs/include/realsense2_camera_msgs/realsense2_camera_msgs/srv/detail/safety_preset_write__builder.hpp
[4.129s] -- Up-to-date symlink: /home/student/sensor_platform_ws/install/realsense2_camera_msgs/include/realsense2_camera_msgs/realsense2_camera_msgs/srv/detail/safety_preset_write__struct.hpp
[4.131s] -- Up-to-date symlink: /home/student/sensor_platform_ws/install/realsense2_camera_msgs/include/realsense2_camera_msgs/realsense2_camera_msgs/srv/detail/safety_preset_write__traits.hpp
[4.131s] -- Up-to-date symlink: /home/student/sensor_platform_ws/install/realsense2_camera_msgs/include/realsense2_camera_msgs/realsense2_camera_msgs/srv/detail/safety_preset_write__type_support.hpp
[4.132s] -- Up-to-date symlink: /home/student/sensor_platform_ws/install/realsense2_camera_msgs/include/realsense2_camera_msgs/realsense2_camera_msgs/srv/device_info.hpp
[4.132s] -- Up-to-date symlink: /home/student/sensor_platform_ws/install/realsense2_camera_msgs/include/realsense2_camera_msgs/realsense2_camera_msgs/srv/hardware_monitor_command_send.hpp
[4.133s] -- Up-to-date symlink: /home/student/sensor_platform_ws/install/realsense2_camera_msgs/include/realsense2_camera_msgs/realsense2_camera_msgs/srv/safety_interface_config_read.hpp
[4.134s] -- Up-to-date symlink: /home/student/sensor_platform_ws/install/realsense2_camera_msgs/include/realsense2_camera_msgs/realsense2_camera_msgs/srv/safety_interface_config_write.hpp
[4.135s] -- Up-to-date symlink: /home/student/sensor_platform_ws/install/realsense2_camera_msgs/include/realsense2_camera_msgs/realsense2_camera_msgs/srv/safety_preset_read.hpp
[4.135s] -- Up-to-date symlink: /home/student/sensor_platform_ws/install/realsense2_camera_msgs/include/realsense2_camera_msgs/realsense2_camera_msgs/srv/safety_preset_write.hpp
[4.139s] -- Up-to-date symlink: /home/student/sensor_platform_ws/install/realsense2_camera_msgs/include/realsense2_camera_msgs/realsense2_camera_msgs/action/detail/triggered_calibration__rosidl_typesupport_fastrtps_cpp.hpp
[4.139s] -- Up-to-date symlink: /home/student/sensor_platform_ws/install/realsense2_camera_msgs/include/realsense2_camera_msgs/realsense2_camera_msgs/msg/detail/extrinsics__rosidl_typesupport_fastrtps_cpp.hpp
[4.140s] -- Up-to-date symlink: /home/student/sensor_platform_ws/install/realsense2_camera_msgs/include/realsense2_camera_msgs/realsense2_camera_msgs/msg/detail/imu_info__rosidl_typesupport_fastrtps_cpp.hpp
[4.142s] -- Up-to-date symlink: /home/student/sensor_platform_ws/install/realsense2_camera_msgs/include/realsense2_camera_msgs/realsense2_camera_msgs/msg/detail/metadata__rosidl_typesupport_fastrtps_cpp.hpp
[4.145s] -- Up-to-date symlink: /home/student/sensor_platform_ws/install/realsense2_camera_msgs/include/realsense2_camera_msgs/realsense2_camera_msgs/msg/detail/rgbd__rosidl_typesupport_fastrtps_cpp.hpp
[4.146s] -- Up-to-date symlink: /home/student/sensor_platform_ws/install/realsense2_camera_msgs/include/realsense2_camera_msgs/realsense2_camera_msgs/msg/rosidl_typesupport_fastrtps_cpp__visibility_control.h
[4.147s] -- Up-to-date symlink: /home/student/sensor_platform_ws/install/realsense2_camera_msgs/include/realsense2_camera_msgs/realsense2_camera_msgs/srv/detail/application_config_read__rosidl_typesupport_fastrtps_cpp.hpp
[4.148s] -- Up-to-date symlink: /home/student/sensor_platform_ws/install/realsense2_camera_msgs/include/realsense2_camera_msgs/realsense2_camera_msgs/srv/detail/application_config_write__rosidl_typesupport_fastrtps_cpp.hpp
[4.152s] -- Up-to-date symlink: /home/student/sensor_platform_ws/install/realsense2_camera_msgs/include/realsense2_camera_msgs/realsense2_camera_msgs/srv/detail/calib_config_read__rosidl_typesupport_fastrtps_cpp.hpp
[4.153s] -- Up-to-date symlink: /home/student/sensor_platform_ws/install/realsense2_camera_msgs/include/realsense2_camera_msgs/realsense2_camera_msgs/srv/detail/calib_config_write__rosidl_typesupport_fastrtps_cpp.hpp
[4.155s] -- Up-to-date symlink: /home/student/sensor_platform_ws/install/realsense2_camera_msgs/include/realsense2_camera_msgs/realsense2_camera_msgs/srv/detail/device_info__rosidl_typesupport_fastrtps_cpp.hpp
[4.156s] -- Up-to-date symlink: /home/student/sensor_platform_ws/install/realsense2_camera_msgs/include/realsense2_camera_msgs/realsense2_camera_msgs/srv/detail/hardware_monitor_command_send__rosidl_typesupport_fastrtps_cpp.hpp
[4.157s] -- Up-to-date symlink: /home/student/sensor_platform_ws/install/realsense2_camera_msgs/include/realsense2_camera_msgs/realsense2_camera_msgs/srv/detail/safety_interface_config_read__rosidl_typesupport_fastrtps_cpp.hpp
[4.158s] -- Up-to-date symlink: /home/student/sensor_platform_ws/install/realsense2_camera_msgs/include/realsense2_camera_msgs/realsense2_camera_msgs/srv/detail/safety_interface_config_write__rosidl_typesupport_fastrtps_cpp.hpp
[4.158s] -- Up-to-date symlink: /home/student/sensor_platform_ws/install/realsense2_camera_msgs/include/realsense2_camera_msgs/realsense2_camera_msgs/srv/detail/safety_preset_read__rosidl_typesupport_fastrtps_cpp.hpp
[4.159s] -- Up-to-date symlink: /home/student/sensor_platform_ws/install/realsense2_camera_msgs/include/realsense2_camera_msgs/realsense2_camera_msgs/srv/detail/safety_preset_write__rosidl_typesupport_fastrtps_cpp.hpp
[4.161s] -- Up-to-date symlink: /home/student/sensor_platform_ws/install/realsense2_camera_msgs/include/realsense2_camera_msgs/realsense2_camera_msgs/action/detail/triggered_calibration__rosidl_typesupport_introspection_cpp.hpp
[4.163s] -- Up-to-date symlink: /home/student/sensor_platform_ws/install/realsense2_camera_msgs/include/realsense2_camera_msgs/realsense2_camera_msgs/msg/detail/extrinsics__rosidl_typesupport_introspection_cpp.hpp
[4.163s] -- Up-to-date symlink: /home/student/sensor_platform_ws/install/realsense2_camera_msgs/include/realsense2_camera_msgs/realsense2_camera_msgs/msg/detail/imu_info__rosidl_typesupport_introspection_cpp.hpp
[4.164s] -- Up-to-date symlink: /home/student/sensor_platform_ws/install/realsense2_camera_msgs/include/realsense2_camera_msgs/realsense2_camera_msgs/msg/detail/metadata__rosidl_typesupport_introspection_cpp.hpp
[4.165s] -- Up-to-date symlink: /home/student/sensor_platform_ws/install/realsense2_camera_msgs/include/realsense2_camera_msgs/realsense2_camera_msgs/msg/detail/rgbd__rosidl_typesupport_introspection_cpp.hpp
[4.166s] -- Up-to-date symlink: /home/student/sensor_platform_ws/install/realsense2_camera_msgs/include/realsense2_camera_msgs/realsense2_camera_msgs/srv/detail/application_config_read__rosidl_typesupport_introspection_cpp.hpp
[4.167s] -- Up-to-date symlink: /home/student/sensor_platform_ws/install/realsense2_camera_msgs/include/realsense2_camera_msgs/realsense2_camera_msgs/srv/detail/application_config_write__rosidl_typesupport_introspection_cpp.hpp
[4.170s] -- Up-to-date symlink: /home/student/sensor_platform_ws/install/realsense2_camera_msgs/include/realsense2_camera_msgs/realsense2_camera_msgs/srv/detail/calib_config_read__rosidl_typesupport_introspection_cpp.hpp
[4.170s] -- Up-to-date symlink: /home/student/sensor_platform_ws/install/realsense2_camera_msgs/include/realsense2_camera_msgs/realsense2_camera_msgs/srv/detail/calib_config_write__rosidl_typesupport_introspection_cpp.hpp
[4.172s] -- Up-to-date symlink: /home/student/sensor_platform_ws/install/realsense2_camera_msgs/include/realsense2_camera_msgs/realsense2_camera_msgs/srv/detail/device_info__rosidl_typesupport_introspection_cpp.hpp
[4.173s] -- Up-to-date symlink: /home/student/sensor_platform_ws/install/realsense2_camera_msgs/include/realsense2_camera_msgs/realsense2_camera_msgs/srv/detail/hardware_monitor_command_send__rosidl_typesupport_introspection_cpp.hpp
[4.174s] -- Up-to-date symlink: /home/student/sensor_platform_ws/install/realsense2_camera_msgs/include/realsense2_camera_msgs/realsense2_camera_msgs/srv/detail/safety_interface_config_read__rosidl_typesupport_introspection_cpp.hpp
[4.175s] -- Up-to-date symlink: /home/student/sensor_platform_ws/install/realsense2_camera_msgs/include/realsense2_camera_msgs/realsense2_camera_msgs/srv/detail/safety_interface_config_write__rosidl_typesupport_introspection_cpp.hpp
[4.176s] -- Up-to-date symlink: /home/student/sensor_platform_ws/install/realsense2_camera_msgs/include/realsense2_camera_msgs/realsense2_camera_msgs/srv/detail/safety_preset_read__rosidl_typesupport_introspection_cpp.hpp
[4.193s] -- Up-to-date symlink: /home/student/sensor_platform_ws/install/realsense2_camera_msgs/include/realsense2_camera_msgs/realsense2_camera_msgs/srv/detail/safety_preset_write__rosidl_typesupport_introspection_cpp.hpp
[4.201s] -- Up-to-date symlink: /home/student/sensor_platform_ws/install/realsense2_camera_msgs/share/realsense2_camera_msgs/environment/pythonpath.sh
[4.218s] -- Up-to-date symlink: /home/student/sensor_platform_ws/install/realsense2_camera_msgs/share/realsense2_camera_msgs/environment/pythonpath.dsv
[4.232s] -- Up-to-date symlink: /home/student/sensor_platform_ws/install/realsense2_camera_msgs/local/lib/python3.10/dist-packages/realsense2_camera_msgs-4.57.0-py3.10.egg-info/PKG-INFO
[4.233s] -- Up-to-date symlink: /home/student/sensor_platform_ws/install/realsense2_camera_msgs/local/lib/python3.10/dist-packages/realsense2_camera_msgs-4.57.0-py3.10.egg-info/SOURCES.txt
[4.234s] -- Up-to-date symlink: /home/student/sensor_platform_ws/install/realsense2_camera_msgs/local/lib/python3.10/dist-packages/realsense2_camera_msgs-4.57.0-py3.10.egg-info/dependency_links.txt
[4.236s] -- Up-to-date symlink: /home/student/sensor_platform_ws/install/realsense2_camera_msgs/local/lib/python3.10/dist-packages/realsense2_camera_msgs-4.57.0-py3.10.egg-info/top_level.txt
[4.240s] -- Up-to-date symlink: /home/student/sensor_platform_ws/install/realsense2_camera_msgs/local/lib/python3.10/dist-packages/realsense2_camera_msgs/__init__.py
[4.241s] -- Up-to-date symlink: /home/student/sensor_platform_ws/install/realsense2_camera_msgs/local/lib/python3.10/dist-packages/realsense2_camera_msgs/_realsense2_camera_msgs_s.ep.rosidl_typesupport_c.c
[4.242s] -- Up-to-date symlink: /home/student/sensor_platform_ws/install/realsense2_camera_msgs/local/lib/python3.10/dist-packages/realsense2_camera_msgs/_realsense2_camera_msgs_s.ep.rosidl_typesupport_fastrtps_c.c
[4.243s] -- Up-to-date symlink: /home/student/sensor_platform_ws/install/realsense2_camera_msgs/local/lib/python3.10/dist-packages/realsense2_camera_msgs/_realsense2_camera_msgs_s.ep.rosidl_typesupport_introspection_c.c
[4.286s] -- Up-to-date symlink: /home/student/sensor_platform_ws/install/realsense2_camera_msgs/local/lib/python3.10/dist-packages/realsense2_camera_msgs/action/__init__.py
[4.287s] -- Up-to-date symlink: /home/student/sensor_platform_ws/install/realsense2_camera_msgs/local/lib/python3.10/dist-packages/realsense2_camera_msgs/action/_triggered_calibration.py
[4.288s] -- Up-to-date symlink: /home/student/sensor_platform_ws/install/realsense2_camera_msgs/local/lib/python3.10/dist-packages/realsense2_camera_msgs/action/_triggered_calibration_s.c
[4.289s] -- Up-to-date symlink: /home/student/sensor_platform_ws/install/realsense2_camera_msgs/local/lib/python3.10/dist-packages/realsense2_camera_msgs/librealsense2_camera_msgs__rosidl_generator_py.so
[4.320s] -- Up-to-date symlink: /home/student/sensor_platform_ws/install/realsense2_camera_msgs/local/lib/python3.10/dist-packages/realsense2_camera_msgs/msg/__init__.py
[4.321s] -- Up-to-date symlink: /home/student/sensor_platform_ws/install/realsense2_camera_msgs/local/lib/python3.10/dist-packages/realsense2_camera_msgs/msg/_extrinsics.py
[4.322s] -- Up-to-date symlink: /home/student/sensor_platform_ws/install/realsense2_camera_msgs/local/lib/python3.10/dist-packages/realsense2_camera_msgs/msg/_extrinsics_s.c
[4.323s] -- Up-to-date symlink: /home/student/sensor_platform_ws/install/realsense2_camera_msgs/local/lib/python3.10/dist-packages/realsense2_camera_msgs/msg/_imu_info.py
[4.324s] -- Up-to-date symlink: /home/student/sensor_platform_ws/install/realsense2_camera_msgs/local/lib/python3.10/dist-packages/realsense2_camera_msgs/msg/_imu_info_s.c
[4.337s] -- Up-to-date symlink: /home/student/sensor_platform_ws/install/realsense2_camera_msgs/local/lib/python3.10/dist-packages/realsense2_camera_msgs/msg/_metadata.py
[4.338s] -- Up-to-date symlink: /home/student/sensor_platform_ws/install/realsense2_camera_msgs/local/lib/python3.10/dist-packages/realsense2_camera_msgs/msg/_metadata_s.c
[4.339s] -- Up-to-date symlink: /home/student/sensor_platform_ws/install/realsense2_camera_msgs/local/lib/python3.10/dist-packages/realsense2_camera_msgs/msg/_rgbd.py
[4.340s] -- Up-to-date symlink: /home/student/sensor_platform_ws/install/realsense2_camera_msgs/local/lib/python3.10/dist-packages/realsense2_camera_msgs/msg/_rgbd_s.c
[4.341s] -- Up-to-date symlink: /home/student/sensor_platform_ws/install/realsense2_camera_msgs/local/lib/python3.10/dist-packages/realsense2_camera_msgs/realsense2_camera_msgs_s__rosidl_typesupport_c.cpython-310-x86_64-linux-gnu.so
[4.353s] -- Up-to-date symlink: /home/student/sensor_platform_ws/install/realsense2_camera_msgs/local/lib/python3.10/dist-packages/realsense2_camera_msgs/realsense2_camera_msgs_s__rosidl_typesupport_fastrtps_c.cpython-310-x86_64-linux-gnu.so
[4.354s] -- Up-to-date symlink: /home/student/sensor_platform_ws/install/realsense2_camera_msgs/local/lib/python3.10/dist-packages/realsense2_camera_msgs/realsense2_camera_msgs_s__rosidl_typesupport_introspection_c.cpython-310-x86_64-linux-gnu.so
[4.357s] -- Up-to-date symlink: /home/student/sensor_platform_ws/install/realsense2_camera_msgs/local/lib/python3.10/dist-packages/realsense2_camera_msgs/srv/__init__.py
[4.358s] -- Up-to-date symlink: /home/student/sensor_platform_ws/install/realsense2_camera_msgs/local/lib/python3.10/dist-packages/realsense2_camera_msgs/srv/_application_config_read.py
[4.359s] -- Up-to-date symlink: /home/student/sensor_platform_ws/install/realsense2_camera_msgs/local/lib/python3.10/dist-packages/realsense2_camera_msgs/srv/_application_config_read_s.c
[4.370s] -- Up-to-date symlink: /home/student/sensor_platform_ws/install/realsense2_camera_msgs/local/lib/python3.10/dist-packages/realsense2_camera_msgs/srv/_application_config_write.py
[4.372s] -- Up-to-date symlink: /home/student/sensor_platform_ws/install/realsense2_camera_msgs/local/lib/python3.10/dist-packages/realsense2_camera_msgs/srv/_application_config_write_s.c
[4.373s] -- Up-to-date symlink: /home/student/sensor_platform_ws/install/realsense2_camera_msgs/local/lib/python3.10/dist-packages/realsense2_camera_msgs/srv/_calib_config_read.py
[4.374s] -- Up-to-date symlink: /home/student/sensor_platform_ws/install/realsense2_camera_msgs/local/lib/python3.10/dist-packages/realsense2_camera_msgs/srv/_calib_config_read_s.c
[4.375s] -- Up-to-date symlink: /home/student/sensor_platform_ws/install/realsense2_camera_msgs/local/lib/python3.10/dist-packages/realsense2_camera_msgs/srv/_calib_config_write.py
[4.387s] -- Up-to-date symlink: /home/student/sensor_platform_ws/install/realsense2_camera_msgs/local/lib/python3.10/dist-packages/realsense2_camera_msgs/srv/_calib_config_write_s.c
[4.388s] -- Up-to-date symlink: /home/student/sensor_platform_ws/install/realsense2_camera_msgs/local/lib/python3.10/dist-packages/realsense2_camera_msgs/srv/_device_info.py
[4.389s] -- Up-to-date symlink: /home/student/sensor_platform_ws/install/realsense2_camera_msgs/local/lib/python3.10/dist-packages/realsense2_camera_msgs/srv/_device_info_s.c
[4.390s] -- Up-to-date symlink: /home/student/sensor_platform_ws/install/realsense2_camera_msgs/local/lib/python3.10/dist-packages/realsense2_camera_msgs/srv/_hardware_monitor_command_send.py
[4.391s] -- Up-to-date symlink: /home/student/sensor_platform_ws/install/realsense2_camera_msgs/local/lib/python3.10/dist-packages/realsense2_camera_msgs/srv/_hardware_monitor_command_send_s.c
[4.404s] -- Up-to-date symlink: /home/student/sensor_platform_ws/install/realsense2_camera_msgs/local/lib/python3.10/dist-packages/realsense2_camera_msgs/srv/_safety_interface_config_read.py
[4.405s] -- Up-to-date symlink: /home/student/sensor_platform_ws/install/realsense2_camera_msgs/local/lib/python3.10/dist-packages/realsense2_camera_msgs/srv/_safety_interface_config_read_s.c
[4.407s] -- Up-to-date symlink: /home/student/sensor_platform_ws/install/realsense2_camera_msgs/local/lib/python3.10/dist-packages/realsense2_camera_msgs/srv/_safety_interface_config_write.py
[4.408s] -- Up-to-date symlink: /home/student/sensor_platform_ws/install/realsense2_camera_msgs/local/lib/python3.10/dist-packages/realsense2_camera_msgs/srv/_safety_interface_config_write_s.c
[4.409s] -- Up-to-date symlink: /home/student/sensor_platform_ws/install/realsense2_camera_msgs/local/lib/python3.10/dist-packages/realsense2_camera_msgs/srv/_safety_preset_read.py
[4.421s] -- Up-to-date symlink: /home/student/sensor_platform_ws/install/realsense2_camera_msgs/local/lib/python3.10/dist-packages/realsense2_camera_msgs/srv/_safety_preset_read_s.c
[4.421s] -- Up-to-date symlink: /home/student/sensor_platform_ws/install/realsense2_camera_msgs/local/lib/python3.10/dist-packages/realsense2_camera_msgs/srv/_safety_preset_write.py
[4.424s] -- Up-to-date symlink: /home/student/sensor_platform_ws/install/realsense2_camera_msgs/local/lib/python3.10/dist-packages/realsense2_camera_msgs/srv/_safety_preset_write_s.c
[4.446s] -- Up-to-date symlink: /home/student/sensor_platform_ws/install/realsense2_camera_msgs/local/lib/python3.10/dist-packages/realsense2_camera_msgs/realsense2_camera_msgs_s__rosidl_typesupport_fastrtps_c.cpython-310-x86_64-linux-gnu.so
[4.448s] -- Up-to-date symlink: /home/student/sensor_platform_ws/install/realsense2_camera_msgs/local/lib/python3.10/dist-packages/realsense2_camera_msgs/realsense2_camera_msgs_s__rosidl_typesupport_introspection_c.cpython-310-x86_64-linux-gnu.so
[4.450s] -- Up-to-date symlink: /home/student/sensor_platform_ws/install/realsense2_camera_msgs/local/lib/python3.10/dist-packages/realsense2_camera_msgs/realsense2_camera_msgs_s__rosidl_typesupport_c.cpython-310-x86_64-linux-gnu.so
[4.451s] -- Up-to-date symlink: /home/student/sensor_platform_ws/install/realsense2_camera_msgs/share/ament_index/resource_index/rust_packages/realsense2_camera_msgs
[4.453s] -- Up-to-date symlink: /home/student/sensor_platform_ws/install/realsense2_camera_msgs/share/realsense2_camera_msgs/rust/Cargo.toml
[4.495s] -- Up-to-date symlink: /home/student/sensor_platform_ws/install/realsense2_camera_msgs/share/realsense2_camera_msgs/rust/build.rs
[4.498s] -- Up-to-date symlink: /home/student/sensor_platform_ws/install/realsense2_camera_msgs/share/realsense2_camera_msgs/rust/src/action.rs
[4.499s] -- Up-to-date symlink: /home/student/sensor_platform_ws/install/realsense2_camera_msgs/share/realsense2_camera_msgs/rust/src/action/rmw.rs
[4.504s] -- Up-to-date symlink: /home/student/sensor_platform_ws/install/realsense2_camera_msgs/share/realsense2_camera_msgs/rust/src/lib.rs
[4.505s] -- Up-to-date symlink: /home/student/sensor_platform_ws/install/realsense2_camera_msgs/share/realsense2_camera_msgs/rust/src/msg.rs
[4.508s] -- Up-to-date symlink: /home/student/sensor_platform_ws/install/realsense2_camera_msgs/share/realsense2_camera_msgs/rust/src/msg/rmw.rs
[4.508s] -- Up-to-date symlink: /home/student/sensor_platform_ws/install/realsense2_camera_msgs/share/realsense2_camera_msgs/rust/src/srv.rs
[4.571s] -- Up-to-date symlink: /home/student/sensor_platform_ws/install/realsense2_camera_msgs/share/realsense2_camera_msgs/rust/src/srv/rmw.rs
[4.573s] -- Up-to-date symlink: /home/student/sensor_platform_ws/install/realsense2_camera_msgs/share/realsense2_camera_msgs/msg/IMUInfo.idl
[4.573s] -- Up-to-date symlink: /home/student/sensor_platform_ws/install/realsense2_camera_msgs/share/realsense2_camera_msgs/msg/Extrinsics.idl
[4.588s] -- Up-to-date symlink: /home/student/sensor_platform_ws/install/realsense2_camera_msgs/share/realsense2_camera_msgs/msg/Metadata.idl
[4.589s] -- Up-to-date symlink: /home/student/sensor_platform_ws/install/realsense2_camera_msgs/share/realsense2_camera_msgs/msg/RGBD.idl
[4.591s] -- Up-to-date symlink: /home/student/sensor_platform_ws/install/realsense2_camera_msgs/share/realsense2_camera_msgs/srv/DeviceInfo.idl
[4.591s] -- Up-to-date symlink: /home/student/sensor_platform_ws/install/realsense2_camera_msgs/share/realsense2_camera_msgs/srv/SafetyPresetRead.idl
[4.605s] -- Up-to-date symlink: /home/student/sensor_platform_ws/install/realsense2_camera_msgs/share/realsense2_camera_msgs/srv/SafetyPresetWrite.idl
[4.655s] -- Up-to-date symlink: /home/student/sensor_platform_ws/install/realsense2_camera_msgs/share/realsense2_camera_msgs/srv/SafetyInterfaceConfigRead.idl
[4.656s] -- Up-to-date symlink: /home/student/sensor_platform_ws/install/realsense2_camera_msgs/share/realsense2_camera_msgs/srv/SafetyInterfaceConfigWrite.idl
[4.658s] -- Up-to-date symlink: /home/student/sensor_platform_ws/install/realsense2_camera_msgs/share/realsense2_camera_msgs/srv/CalibConfigRead.idl
[4.659s] -- Up-to-date symlink: /home/student/sensor_platform_ws/install/realsense2_camera_msgs/share/realsense2_camera_msgs/srv/CalibConfigWrite.idl
[4.660s] -- Up-to-date symlink: /home/student/sensor_platform_ws/install/realsense2_camera_msgs/share/realsense2_camera_msgs/srv/ApplicationConfigRead.idl
[4.671s] -- Up-to-date symlink: /home/student/sensor_platform_ws/install/realsense2_camera_msgs/share/realsense2_camera_msgs/srv/ApplicationConfigWrite.idl
[4.673s] -- Up-to-date symlink: /home/student/sensor_platform_ws/install/realsense2_camera_msgs/share/realsense2_camera_msgs/srv/HardwareMonitorCommandSend.idl
[4.721s] -- Up-to-date symlink: /home/student/sensor_platform_ws/install/realsense2_camera_msgs/share/realsense2_camera_msgs/action/TriggeredCalibration.idl
[4.723s] -- Up-to-date symlink: /home/student/sensor_platform_ws/install/realsense2_camera_msgs/share/realsense2_camera_msgs/msg/IMUInfo.msg
[4.724s] -- Up-to-date symlink: /home/student/sensor_platform_ws/install/realsense2_camera_msgs/share/realsense2_camera_msgs/msg/Extrinsics.msg
[4.725s] -- Up-to-date symlink: /home/student/sensor_platform_ws/install/realsense2_camera_msgs/share/realsense2_camera_msgs/msg/Metadata.msg
[4.738s] -- Up-to-date symlink: /home/student/sensor_platform_ws/install/realsense2_camera_msgs/share/realsense2_camera_msgs/msg/RGBD.msg
[4.740s] -- Up-to-date symlink: /home/student/sensor_platform_ws/install/realsense2_camera_msgs/share/realsense2_camera_msgs/srv/DeviceInfo.srv
[4.741s] -- Up-to-date symlink: /home/student/sensor_platform_ws/install/realsense2_camera_msgs/share/realsense2_camera_msgs/srv/DeviceInfo_Request.msg
[4.741s] -- Up-to-date symlink: /home/student/sensor_platform_ws/install/realsense2_camera_msgs/share/realsense2_camera_msgs/srv/DeviceInfo_Response.msg
[4.742s] -- Up-to-date symlink: /home/student/sensor_platform_ws/install/realsense2_camera_msgs/share/realsense2_camera_msgs/srv/SafetyPresetRead.srv
[4.788s] -- Up-to-date symlink: /home/student/sensor_platform_ws/install/realsense2_camera_msgs/share/realsense2_camera_msgs/srv/SafetyPresetRead_Request.msg
[4.789s] -- Up-to-date symlink: /home/student/sensor_platform_ws/install/realsense2_camera_msgs/share/realsense2_camera_msgs/srv/SafetyPresetRead_Response.msg
[4.789s] -- Up-to-date symlink: /home/student/sensor_platform_ws/install/realsense2_camera_msgs/share/realsense2_camera_msgs/srv/SafetyPresetWrite.srv
[4.790s] -- Up-to-date symlink: /home/student/sensor_platform_ws/install/realsense2_camera_msgs/share/realsense2_camera_msgs/srv/SafetyPresetWrite_Request.msg
[4.790s] -- Up-to-date symlink: /home/student/sensor_platform_ws/install/realsense2_camera_msgs/share/realsense2_camera_msgs/srv/SafetyPresetWrite_Response.msg
[4.822s] -- Up-to-date symlink: /home/student/sensor_platform_ws/install/realsense2_camera_msgs/share/realsense2_camera_msgs/srv/SafetyInterfaceConfigRead.srv
[4.822s] -- Up-to-date symlink: /home/student/sensor_platform_ws/install/realsense2_camera_msgs/share/realsense2_camera_msgs/srv/SafetyInterfaceConfigRead_Request.msg
[4.824s] -- Up-to-date symlink: /home/student/sensor_platform_ws/install/realsense2_camera_msgs/share/realsense2_camera_msgs/srv/SafetyInterfaceConfigRead_Response.msg
[4.824s] -- Up-to-date symlink: /home/student/sensor_platform_ws/install/realsense2_camera_msgs/share/realsense2_camera_msgs/srv/SafetyInterfaceConfigWrite.srv
[4.825s] -- Up-to-date symlink: /home/student/sensor_platform_ws/install/realsense2_camera_msgs/share/realsense2_camera_msgs/srv/SafetyInterfaceConfigWrite_Request.msg
[4.872s] -- Up-to-date symlink: /home/student/sensor_platform_ws/install/realsense2_camera_msgs/share/realsense2_camera_msgs/srv/SafetyInterfaceConfigWrite_Response.msg
[4.873s] -- Up-to-date symlink: /home/student/sensor_platform_ws/install/realsense2_camera_msgs/share/realsense2_camera_msgs/srv/CalibConfigRead.srv
[4.875s] -- Up-to-date symlink: /home/student/sensor_platform_ws/install/realsense2_camera_msgs/share/realsense2_camera_msgs/srv/CalibConfigRead_Request.msg
[4.876s] -- Up-to-date symlink: /home/student/sensor_platform_ws/install/realsense2_camera_msgs/share/realsense2_camera_msgs/srv/CalibConfigRead_Response.msg
[4.877s] -- Up-to-date symlink: /home/student/sensor_platform_ws/install/realsense2_camera_msgs/share/realsense2_camera_msgs/srv/CalibConfigWrite.srv
[4.889s] -- Up-to-date symlink: /home/student/sensor_platform_ws/install/realsense2_camera_msgs/share/realsense2_camera_msgs/srv/CalibConfigWrite_Request.msg
[4.890s] -- Up-to-date symlink: /home/student/sensor_platform_ws/install/realsense2_camera_msgs/share/realsense2_camera_msgs/srv/CalibConfigWrite_Response.msg
[4.900s] -- Up-to-date symlink: /home/student/sensor_platform_ws/install/realsense2_camera_msgs/share/realsense2_camera_msgs/srv/ApplicationConfigRead.srv
[4.901s] -- Up-to-date symlink: /home/student/sensor_platform_ws/install/realsense2_camera_msgs/share/realsense2_camera_msgs/srv/ApplicationConfigRead_Request.msg
[4.903s] -- Up-to-date symlink: /home/student/sensor_platform_ws/install/realsense2_camera_msgs/share/realsense2_camera_msgs/srv/ApplicationConfigRead_Response.msg
[4.922s] -- Up-to-date symlink: /home/student/sensor_platform_ws/install/realsense2_camera_msgs/share/realsense2_camera_msgs/srv/ApplicationConfigWrite.srv
[4.924s] -- Up-to-date symlink: /home/student/sensor_platform_ws/install/realsense2_camera_msgs/share/realsense2_camera_msgs/srv/ApplicationConfigWrite_Request.msg
[4.925s] -- Up-to-date symlink: /home/student/sensor_platform_ws/install/realsense2_camera_msgs/share/realsense2_camera_msgs/srv/ApplicationConfigWrite_Response.msg
[4.926s] -- Up-to-date symlink: /home/student/sensor_platform_ws/install/realsense2_camera_msgs/share/realsense2_camera_msgs/srv/HardwareMonitorCommandSend.srv
[4.927s] -- Up-to-date symlink: /home/student/sensor_platform_ws/install/realsense2_camera_msgs/share/realsense2_camera_msgs/srv/HardwareMonitorCommandSend_Request.msg
[4.947s] -- Up-to-date symlink: /home/student/sensor_platform_ws/install/realsense2_camera_msgs/share/realsense2_camera_msgs/srv/HardwareMonitorCommandSend_Response.msg
[4.947s] -- Up-to-date symlink: /home/student/sensor_platform_ws/install/realsense2_camera_msgs/share/realsense2_camera_msgs/action/TriggeredCalibration.action
[4.952s] -- Up-to-date symlink: /home/student/sensor_platform_ws/install/realsense2_camera_msgs/share/ament_index/resource_index/package_run_dependencies/realsense2_camera_msgs
[4.955s] -- Up-to-date symlink: /home/student/sensor_platform_ws/install/realsense2_camera_msgs/share/ament_index/resource_index/parent_prefix_path/realsense2_camera_msgs
[4.956s] -- Up-to-date symlink: /home/student/sensor_platform_ws/install/realsense2_camera_msgs/share/realsense2_camera_msgs/environment/ament_prefix_path.sh
[4.960s] -- Up-to-date symlink: /home/student/sensor_platform_ws/install/realsense2_camera_msgs/share/realsense2_camera_msgs/environment/ament_prefix_path.dsv
[4.961s] -- Up-to-date symlink: /home/student/sensor_platform_ws/install/realsense2_camera_msgs/share/realsense2_camera_msgs/environment/path.sh
[4.961s] -- Up-to-date symlink: /home/student/sensor_platform_ws/install/realsense2_camera_msgs/share/realsense2_camera_msgs/environment/path.dsv
[4.972s] -- Up-to-date symlink: /home/student/sensor_platform_ws/install/realsense2_camera_msgs/share/realsense2_camera_msgs/local_setup.bash
[4.973s] -- Up-to-date symlink: /home/student/sensor_platform_ws/install/realsense2_camera_msgs/share/realsense2_camera_msgs/local_setup.sh
[4.977s] -- Up-to-date symlink: /home/student/sensor_platform_ws/install/realsense2_camera_msgs/share/realsense2_camera_msgs/local_setup.zsh
[4.978s] -- Up-to-date symlink: /home/student/sensor_platform_ws/install/realsense2_camera_msgs/share/realsense2_camera_msgs/local_setup.dsv
[4.978s] -- Symlinking: /home/student/sensor_platform_ws/install/realsense2_camera_msgs/share/realsense2_camera_msgs/package.dsv
[4.984s] -- Up-to-date symlink: /home/student/sensor_platform_ws/install/realsense2_camera_msgs/share/ament_index/resource_index/packages/realsense2_camera_msgs
[4.985s] -- Up-to-date symlink: /home/student/sensor_platform_ws/install/realsense2_camera_msgs/share/realsense2_camera_msgs/cmake/rosidl_cmake-extras.cmake
[5.015s] -- Up-to-date symlink: /home/student/sensor_platform_ws/install/realsense2_camera_msgs/share/realsense2_camera_msgs/cmake/ament_cmake_export_dependencies-extras.cmake
[5.015s] -- Up-to-date symlink: /home/student/sensor_platform_ws/install/realsense2_camera_msgs/share/realsense2_camera_msgs/cmake/ament_cmake_export_include_directories-extras.cmake
[5.018s] -- Up-to-date symlink: /home/student/sensor_platform_ws/install/realsense2_camera_msgs/share/realsense2_camera_msgs/cmake/ament_cmake_export_libraries-extras.cmake
[5.018s] -- Up-to-date symlink: /home/student/sensor_platform_ws/install/realsense2_camera_msgs/share/realsense2_camera_msgs/cmake/ament_cmake_export_targets-extras.cmake
[5.019s] -- Up-to-date symlink: /home/student/sensor_platform_ws/install/realsense2_camera_msgs/share/realsense2_camera_msgs/cmake/rosidl_cmake_export_typesupport_targets-extras.cmake
[5.020s] -- Up-to-date symlink: /home/student/sensor_platform_ws/install/realsense2_camera_msgs/share/realsense2_camera_msgs/cmake/rosidl_cmake_export_typesupport_libraries-extras.cmake
[5.020s] -- Up-to-date symlink: /home/student/sensor_platform_ws/install/realsense2_camera_msgs/share/realsense2_camera_msgs/cmake/realsense2_camera_msgsConfig.cmake
[5.021s] -- Up-to-date symlink: /home/student/sensor_platform_ws/install/realsense2_camera_msgs/share/realsense2_camera_msgs/cmake/realsense2_camera_msgsConfig-version.cmake
[5.021s] -- Up-to-date symlink: /home/student/sensor_platform_ws/install/realsense2_camera_msgs/share/realsense2_camera_msgs/package.xml
[5.035s] -- Up-to-date: /home/student/sensor_platform_ws/install/realsense2_camera_msgs/lib/librealsense2_camera_msgs__rosidl_generator_c.so
[5.083s] -- Up-to-date: /home/student/sensor_platform_ws/install/realsense2_camera_msgs/lib/librealsense2_camera_msgs__rosidl_typesupport_fastrtps_c.so
[5.151s] -- Up-to-date: /home/student/sensor_platform_ws/install/realsense2_camera_msgs/lib/librealsense2_camera_msgs__rosidl_typesupport_introspection_c.so
[5.157s] -- Up-to-date: /home/student/sensor_platform_ws/install/realsense2_camera_msgs/lib/librealsense2_camera_msgs__rosidl_typesupport_c.so
[5.182s] -- Up-to-date: /home/student/sensor_platform_ws/install/realsense2_camera_msgs/lib/librealsense2_camera_msgs__rosidl_typesupport_fastrtps_cpp.so
[5.192s] -- Up-to-date: /home/student/sensor_platform_ws/install/realsense2_camera_msgs/lib/librealsense2_camera_msgs__rosidl_typesupport_introspection_cpp.so
[5.219s] -- Up-to-date: /home/student/sensor_platform_ws/install/realsense2_camera_msgs/lib/librealsense2_camera_msgs__rosidl_typesupport_cpp.so
[5.424s] Listing '/home/student/sensor_platform_ws/install/realsense2_camera_msgs/local/lib/python3.10/dist-packages/realsense2_camera_msgs'...
[5.425s] Listing '/home/student/sensor_platform_ws/install/realsense2_camera_msgs/local/lib/python3.10/dist-packages/realsense2_camera_msgs/action'...
[5.425s] Listing '/home/student/sensor_platform_ws/install/realsense2_camera_msgs/local/lib/python3.10/dist-packages/realsense2_camera_msgs/msg'...
[5.425s] Listing '/home/student/sensor_platform_ws/install/realsense2_camera_msgs/local/lib/python3.10/dist-packages/realsense2_camera_msgs/srv'...
[5.460s] -- Up-to-date: /home/student/sensor_platform_ws/install/realsense2_camera_msgs/lib/librealsense2_camera_msgs__rosidl_generator_py.so
[5.497s] -- Up-to-date: /home/student/sensor_platform_ws/install/realsense2_camera_msgs/share/realsense2_camera_msgs/cmake/export_realsense2_camera_msgs__rosidl_generator_cExport.cmake
[5.497s] -- Up-to-date: /home/student/sensor_platform_ws/install/realsense2_camera_msgs/share/realsense2_camera_msgs/cmake/export_realsense2_camera_msgs__rosidl_generator_cExport-release.cmake
[5.498s] -- Up-to-date: /home/student/sensor_platform_ws/install/realsense2_camera_msgs/share/realsense2_camera_msgs/cmake/export_realsense2_camera_msgs__rosidl_typesupport_fastrtps_cExport.cmake
[5.499s] -- Up-to-date: /home/student/sensor_platform_ws/install/realsense2_camera_msgs/share/realsense2_camera_msgs/cmake/export_realsense2_camera_msgs__rosidl_typesupport_fastrtps_cExport-release.cmake
[5.499s] -- Up-to-date: /home/student/sensor_platform_ws/install/realsense2_camera_msgs/share/realsense2_camera_msgs/cmake/realsense2_camera_msgs__rosidl_typesupport_introspection_cExport.cmake
[5.500s] -- Up-to-date: /home/student/sensor_platform_ws/install/realsense2_camera_msgs/share/realsense2_camera_msgs/cmake/realsense2_camera_msgs__rosidl_typesupport_introspection_cExport-release.cmake
[5.500s] -- Up-to-date: /home/student/sensor_platform_ws/install/realsense2_camera_msgs/share/realsense2_camera_msgs/cmake/realsense2_camera_msgs__rosidl_typesupport_cExport.cmake
[5.501s] -- Up-to-date: /home/student/sensor_platform_ws/install/realsense2_camera_msgs/share/realsense2_camera_msgs/cmake/realsense2_camera_msgs__rosidl_typesupport_cExport-release.cmake
[5.502s] -- Up-to-date: /home/student/sensor_platform_ws/install/realsense2_camera_msgs/share/realsense2_camera_msgs/cmake/export_realsense2_camera_msgs__rosidl_generator_cppExport.cmake
[5.503s] -- Up-to-date: /home/student/sensor_platform_ws/install/realsense2_camera_msgs/share/realsense2_camera_msgs/cmake/export_realsense2_camera_msgs__rosidl_typesupport_fastrtps_cppExport.cmake
[5.504s] -- Up-to-date: /home/student/sensor_platform_ws/install/realsense2_camera_msgs/share/realsense2_camera_msgs/cmake/export_realsense2_camera_msgs__rosidl_typesupport_fastrtps_cppExport-release.cmake
[5.504s] -- Up-to-date: /home/student/sensor_platform_ws/install/realsense2_camera_msgs/share/realsense2_camera_msgs/cmake/realsense2_camera_msgs__rosidl_typesupport_introspection_cppExport.cmake
[5.505s] -- Up-to-date: /home/student/sensor_platform_ws/install/realsense2_camera_msgs/share/realsense2_camera_msgs/cmake/realsense2_camera_msgs__rosidl_typesupport_introspection_cppExport-release.cmake
[5.506s] -- Up-to-date: /home/student/sensor_platform_ws/install/realsense2_camera_msgs/share/realsense2_camera_msgs/cmake/realsense2_camera_msgs__rosidl_typesupport_cppExport.cmake
[5.506s] -- Up-to-date: /home/student/sensor_platform_ws/install/realsense2_camera_msgs/share/realsense2_camera_msgs/cmake/realsense2_camera_msgs__rosidl_typesupport_cppExport-release.cmake
[5.507s] -- Up-to-date: /home/student/sensor_platform_ws/install/realsense2_camera_msgs/share/realsense2_camera_msgs/cmake/export_realsense2_camera_msgs__rosidl_generator_pyExport.cmake
[5.507s] -- Up-to-date: /home/student/sensor_platform_ws/install/realsense2_camera_msgs/share/realsense2_camera_msgs/cmake/export_realsense2_camera_msgs__rosidl_generator_pyExport-release.cmake
[5.515s] Invoked command in '/home/student/sensor_platform_ws/build/realsense2_camera_msgs' returned '0': CMAKE_PREFIX_PATH=/opt/ros/humble /usr/bin/cmake --install /home/student/sensor_platform_ws/build/realsense2_camera_msgs
