-- Found ament_cmake: 1.3.14 (/opt/ros/humble/share/ament_cmake/cmake)
-- Override CMake install command with custom implementation using symlinks instead of copying resources
-- Found ament_lint_auto: 0.12.15 (/opt/ros/humble/share/ament_lint_auto/cmake)
-- Added test 'flake8' to check Python code syntax and style conventions
-- Added test 'lint_cmake' to check CMake code style
-- Added test 'pep257' to check Python code against some of the docstring style conventions in PEP 257
-- Added test 'xmllint' to check XML markup files
-- Configuring done
-- Generating done
-- Build files have been written to: /home/student/sensor_platform_ws/build/platform_bringup
-- Install configuration: "Release"
-- Execute custom install script
-- Up-to-date symlink: /home/student/sensor_platform_ws/install/platform_bringup/share/platform_bringup/launch/olive_bridge.launch.py
-- Up-to-date symlink: /home/student/sensor_platform_ws/install/platform_bringup/share/platform_bringup/launch/system.launch.py
-- Up-to-date symlink: /home/student/sensor_platform_ws/install/platform_bringup/share/platform_bringup/launch/test_hflow.launch.py
-- Up-to-date symlink: /home/student/sensor_platform_ws/install/platform_bringup/share/platform_bringup/launch/test_olix_cam.launch.py
-- Up-to-date symlink: /home/student/sensor_platform_ws/install/platform_bringup/share/platform_bringup/launch/test_olix_imu.launch.py
-- Up-to-date symlink: /home/student/sensor_platform_ws/install/platform_bringup/share/platform_bringup/launch/test_sync.launch.py
-- Up-to-date symlink: /home/student/sensor_platform_ws/install/platform_bringup/share/platform_bringup/config/ekf.yaml
-- Symlinking: /home/student/sensor_platform_ws/install/platform_bringup/share/platform_bringup/config/imu_domain_bridge.yaml
-- Up-to-date symlink: /home/student/sensor_platform_ws/install/platform_bringup/share/platform_bringup/config/olive_bridge.yaml
[31mCMake Error at ament_cmake_symlink_install/ament_cmake_symlink_install.cmake:105 (message):
  ament_cmake_symlink_install_directory() can't find
  '/home/student/sensor_platform_ws/src/platform_bringup/udev'
Call Stack (most recent call first):
  ament_cmake_symlink_install/ament_cmake_symlink_install.cmake:319 (ament_cmake_symlink_install_directory)
  cmake_install.cmake:46 (include)

[0m
-- Up-to-date symlink: /home/student/sensor_platform_ws/install/platform_bringup/share/platform_bringup/config/realsense_optimized.yaml
-- Up-to-date symlink: /home/student/sensor_platform_ws/install/platform_bringup/share/platform_bringup/config/xsens_optimized.yaml
