[0.015s] Invoking command in '/home/student/sensor_platform_ws/build/platform_bringup': AMENT_PREFIX_PATH=/home/student/sensor_platform_ws/install/realsense2_camera:/home/student/sensor_platform_ws/install/realsense2_camera_msgs:${AMENT_PREFIX_PATH} CMAKE_PREFIX_PATH=/home/student/sensor_platform_ws/install/realsense2_camera:/home/student/sensor_platform_ws/install/realsense2_camera_msgs:/opt/ros/humble LD_LIBRARY_PATH=/home/student/sensor_platform_ws/install/realsense2_camera/lib:/home/student/sensor_platform_ws/install/realsense2_camera_msgs/lib:${LD_LIBRARY_PATH} PYTHONPATH=/home/student/sensor_platform_ws/install/realsense2_camera_msgs/local/lib/python3.10/dist-packages:${PYTHONPATH} /usr/bin/cmake /home/student/sensor_platform_ws/src/platform_bringup -DCMAKE_INSTALL_PREFIX=/home/student/sensor_platform_ws/install/platform_bringup
[0.047s] -- Found ament_cmake: 1.3.14 (/opt/ros/humble/share/ament_cmake/cmake)
[0.142s] -- Override CMake install command with custom implementation using symlinks instead of copying resources
[0.172s] -- Found ament_lint_auto: 0.12.15 (/opt/ros/humble/share/ament_lint_auto/cmake)
[0.245s] -- Added test 'flake8' to check Python code syntax and style conventions
[0.246s] -- Added test 'lint_cmake' to check CMake code style
[0.246s] -- Added test 'pep257' to check Python code against some of the docstring style conventions in PEP 257
[0.247s] -- Added test 'xmllint' to check XML markup files
[0.248s] -- Configuring done
[0.290s] -- Generating done
[0.292s] -- Build files have been written to: /home/student/sensor_platform_ws/build/platform_bringup
[0.294s] Invoked command in '/home/student/sensor_platform_ws/build/platform_bringup' returned '0': AMENT_PREFIX_PATH=/home/student/sensor_platform_ws/install/realsense2_camera:/home/student/sensor_platform_ws/install/realsense2_camera_msgs:${AMENT_PREFIX_PATH} CMAKE_PREFIX_PATH=/home/student/sensor_platform_ws/install/realsense2_camera:/home/student/sensor_platform_ws/install/realsense2_camera_msgs:/opt/ros/humble LD_LIBRARY_PATH=/home/student/sensor_platform_ws/install/realsense2_camera/lib:/home/student/sensor_platform_ws/install/realsense2_camera_msgs/lib:${LD_LIBRARY_PATH} PYTHONPATH=/home/student/sensor_platform_ws/install/realsense2_camera_msgs/local/lib/python3.10/dist-packages:${PYTHONPATH} /usr/bin/cmake /home/student/sensor_platform_ws/src/platform_bringup -DCMAKE_INSTALL_PREFIX=/home/student/sensor_platform_ws/install/platform_bringup
[0.296s] Invoking command in '/home/student/sensor_platform_ws/build/platform_bringup': AMENT_PREFIX_PATH=/home/student/sensor_platform_ws/install/realsense2_camera:/home/student/sensor_platform_ws/install/realsense2_camera_msgs:${AMENT_PREFIX_PATH} CMAKE_PREFIX_PATH=/home/student/sensor_platform_ws/install/realsense2_camera:/home/student/sensor_platform_ws/install/realsense2_camera_msgs:/opt/ros/humble LD_LIBRARY_PATH=/home/student/sensor_platform_ws/install/realsense2_camera/lib:/home/student/sensor_platform_ws/install/realsense2_camera_msgs/lib:${LD_LIBRARY_PATH} PYTHONPATH=/home/student/sensor_platform_ws/install/realsense2_camera_msgs/local/lib/python3.10/dist-packages:${PYTHONPATH} /usr/bin/cmake --build /home/student/sensor_platform_ws/build/platform_bringup -- -j8 -l8
[0.340s] Invoked command in '/home/student/sensor_platform_ws/build/platform_bringup' returned '0': AMENT_PREFIX_PATH=/home/student/sensor_platform_ws/install/realsense2_camera:/home/student/sensor_platform_ws/install/realsense2_camera_msgs:${AMENT_PREFIX_PATH} CMAKE_PREFIX_PATH=/home/student/sensor_platform_ws/install/realsense2_camera:/home/student/sensor_platform_ws/install/realsense2_camera_msgs:/opt/ros/humble LD_LIBRARY_PATH=/home/student/sensor_platform_ws/install/realsense2_camera/lib:/home/student/sensor_platform_ws/install/realsense2_camera_msgs/lib:${LD_LIBRARY_PATH} PYTHONPATH=/home/student/sensor_platform_ws/install/realsense2_camera_msgs/local/lib/python3.10/dist-packages:${PYTHONPATH} /usr/bin/cmake --build /home/student/sensor_platform_ws/build/platform_bringup -- -j8 -l8
[0.343s] Invoking command in '/home/student/sensor_platform_ws/build/platform_bringup': AMENT_PREFIX_PATH=/home/student/sensor_platform_ws/install/realsense2_camera:/home/student/sensor_platform_ws/install/realsense2_camera_msgs:${AMENT_PREFIX_PATH} CMAKE_PREFIX_PATH=/home/student/sensor_platform_ws/install/realsense2_camera:/home/student/sensor_platform_ws/install/realsense2_camera_msgs:/opt/ros/humble LD_LIBRARY_PATH=/home/student/sensor_platform_ws/install/realsense2_camera/lib:/home/student/sensor_platform_ws/install/realsense2_camera_msgs/lib:${LD_LIBRARY_PATH} PYTHONPATH=/home/student/sensor_platform_ws/install/realsense2_camera_msgs/local/lib/python3.10/dist-packages:${PYTHONPATH} /usr/bin/cmake --install /home/student/sensor_platform_ws/build/platform_bringup
[0.350s] -- Install configuration: "Release"
[0.350s] -- Execute custom install script
[0.351s] -- Up-to-date symlink: /home/student/sensor_platform_ws/install/platform_bringup/share/platform_bringup/launch/olive_bridge.launch.py
[0.351s] -- Up-to-date symlink: /home/student/sensor_platform_ws/install/platform_bringup/share/platform_bringup/launch/system.launch.py
[0.351s] -- Up-to-date symlink: /home/student/sensor_platform_ws/install/platform_bringup/share/platform_bringup/launch/test_hflow.launch.py
[0.351s] -- Up-to-date symlink: /home/student/sensor_platform_ws/install/platform_bringup/share/platform_bringup/launch/test_olix_cam.launch.py
[0.351s] -- Up-to-date symlink: /home/student/sensor_platform_ws/install/platform_bringup/share/platform_bringup/launch/test_olix_imu.launch.py
[0.351s] -- Up-to-date symlink: /home/student/sensor_platform_ws/install/platform_bringup/share/platform_bringup/launch/test_sync.launch.py
[0.351s] -- Up-to-date symlink: /home/student/sensor_platform_ws/install/platform_bringup/share/platform_bringup/config/ekf.yaml
[0.352s] -- Symlinking: /home/student/sensor_platform_ws/install/platform_bringup/share/platform_bringup/config/imu_domain_bridge.yaml
[0.360s] -- Up-to-date symlink: /home/student/sensor_platform_ws/install/platform_bringup/share/platform_bringup/config/olive_bridge.yaml
[0.361s] [31mCMake Error at ament_cmake_symlink_install/ament_cmake_symlink_install.cmake:105 (message):
[0.361s]   ament_cmake_symlink_install_directory() can't find
[0.361s]   '/home/student/sensor_platform_ws/src/platform_bringup/udev'
[0.361s] Call Stack (most recent call first):
[0.361s]   ament_cmake_symlink_install/ament_cmake_symlink_install.cmake:319 (ament_cmake_symlink_install_directory)
[0.361s]   cmake_install.cmake:46 (include)
[0.361s] 
[0.361s] [0m
[0.361s] -- Up-to-date symlink: /home/student/sensor_platform_ws/install/platform_bringup/share/platform_bringup/config/realsense_optimized.yaml
[0.361s] -- Up-to-date symlink: /home/student/sensor_platform_ws/install/platform_bringup/share/platform_bringup/config/xsens_optimized.yaml
[0.363s] Invoked command in '/home/student/sensor_platform_ws/build/platform_bringup' returned '1': AMENT_PREFIX_PATH=/home/student/sensor_platform_ws/install/realsense2_camera:/home/student/sensor_platform_ws/install/realsense2_camera_msgs:${AMENT_PREFIX_PATH} CMAKE_PREFIX_PATH=/home/student/sensor_platform_ws/install/realsense2_camera:/home/student/sensor_platform_ws/install/realsense2_camera_msgs:/opt/ros/humble LD_LIBRARY_PATH=/home/student/sensor_platform_ws/install/realsense2_camera/lib:/home/student/sensor_platform_ws/install/realsense2_camera_msgs/lib:${LD_LIBRARY_PATH} PYTHONPATH=/home/student/sensor_platform_ws/install/realsense2_camera_msgs/local/lib/python3.10/dist-packages:${PYTHONPATH} /usr/bin/cmake --install /home/student/sensor_platform_ws/build/platform_bringup
