[0.139s] Invoking command in '/home/student/sensor_platform_ws/build/platform_bringup': CMAKE_PREFIX_PATH=/opt/ros/humble /usr/bin/cmake /home/student/sensor_platform_ws/src/platform_bringup -DCMAKE_BUILD_TYPE=Release -DAMENT_CMAKE_SYMLINK_INSTALL=1 -DCMAKE_INSTALL_PREFIX=/home/student/sensor_platform_ws/install/platform_bringup
[0.723s] -- Found ament_cmake: 1.3.14 (/opt/ros/humble/share/ament_cmake/cmake)
[1.547s] -- Override CMake install command with custom implementation using symlinks instead of copying resources
[2.151s] -- Found ament_lint_auto: 0.12.15 (/opt/ros/humble/share/ament_lint_auto/cmake)
[2.771s] -- Added test 'flake8' to check Python code syntax and style conventions
[2.772s] -- Added test 'lint_cmake' to check CMake code style
[2.774s] -- Added test 'pep257' to check Python code against some of the docstring style conventions in PEP 257
[2.781s] -- Added test 'xmllint' to check XML markup files
[2.787s] -- Configuring done
[2.979s] -- Generating done
[2.986s] -- Build files have been written to: /home/student/sensor_platform_ws/build/platform_bringup
[3.027s] Invoked command in '/home/student/sensor_platform_ws/build/platform_bringup' returned '0': CMAKE_PREFIX_PATH=/opt/ros/humble /usr/bin/cmake /home/student/sensor_platform_ws/src/platform_bringup -DCMAKE_BUILD_TYPE=Release -DAMENT_CMAKE_SYMLINK_INSTALL=1 -DCMAKE_INSTALL_PREFIX=/home/student/sensor_platform_ws/install/platform_bringup
[3.028s] Invoking command in '/home/student/sensor_platform_ws/build/platform_bringup': CMAKE_PREFIX_PATH=/opt/ros/humble /usr/bin/cmake --build /home/student/sensor_platform_ws/build/platform_bringup -- -j8 -l8
[3.157s] Invoked command in '/home/student/sensor_platform_ws/build/platform_bringup' returned '0': CMAKE_PREFIX_PATH=/opt/ros/humble /usr/bin/cmake --build /home/student/sensor_platform_ws/build/platform_bringup -- -j8 -l8
[3.165s] Invoking command in '/home/student/sensor_platform_ws/build/platform_bringup': CMAKE_PREFIX_PATH=/opt/ros/humble /usr/bin/cmake --install /home/student/sensor_platform_ws/build/platform_bringup
[3.169s] -- Install configuration: "Release"
[3.171s] -- Execute custom install script
[3.171s] -- Up-to-date symlink: /home/student/sensor_platform_ws/install/platform_bringup/share/platform_bringup/launch/test_sync.launch.py
[3.204s] -- Up-to-date symlink: /home/student/sensor_platform_ws/install/platform_bringup/share/ament_index/resource_index/package_run_dependencies/platform_bringup
[3.207s] -- Up-to-date symlink: /home/student/sensor_platform_ws/install/platform_bringup/share/ament_index/resource_index/parent_prefix_path/platform_bringup
[3.208s] -- Up-to-date symlink: /home/student/sensor_platform_ws/install/platform_bringup/share/platform_bringup/environment/ament_prefix_path.sh
[3.208s] -- Up-to-date symlink: /home/student/sensor_platform_ws/install/platform_bringup/share/platform_bringup/environment/ament_prefix_path.dsv
[3.209s] -- Up-to-date symlink: /home/student/sensor_platform_ws/install/platform_bringup/share/platform_bringup/environment/path.sh
[3.210s] -- Up-to-date symlink: /home/student/sensor_platform_ws/install/platform_bringup/share/platform_bringup/environment/path.dsv
[3.210s] -- Up-to-date symlink: /home/student/sensor_platform_ws/install/platform_bringup/share/platform_bringup/local_setup.bash
[3.210s] -- Up-to-date symlink: /home/student/sensor_platform_ws/install/platform_bringup/share/platform_bringup/local_setup.sh
[3.210s] -- Up-to-date symlink: /home/student/sensor_platform_ws/install/platform_bringup/share/platform_bringup/local_setup.zsh
[3.211s] -- Up-to-date symlink: /home/student/sensor_platform_ws/install/platform_bringup/share/platform_bringup/local_setup.dsv
[3.211s] -- Symlinking: /home/student/sensor_platform_ws/install/platform_bringup/share/platform_bringup/package.dsv
[3.229s] -- Up-to-date symlink: /home/student/sensor_platform_ws/install/platform_bringup/share/ament_index/resource_index/packages/platform_bringup
[3.233s] -- Up-to-date symlink: /home/student/sensor_platform_ws/install/platform_bringup/share/platform_bringup/cmake/platform_bringupConfig.cmake
[3.235s] -- Up-to-date symlink: /home/student/sensor_platform_ws/install/platform_bringup/share/platform_bringup/cmake/platform_bringupConfig-version.cmake
[3.237s] -- Up-to-date symlink: /home/student/sensor_platform_ws/install/platform_bringup/share/platform_bringup/package.xml
[3.239s] Invoked command in '/home/student/sensor_platform_ws/build/platform_bringup' returned '0': CMAKE_PREFIX_PATH=/opt/ros/humble /usr/bin/cmake --install /home/student/sensor_platform_ws/build/platform_bringup
