[0.047s] Invoking command in '/home/student/sensor_platform_ws/build/realsense2_description': AMENT_PREFIX_PATH=/home/student/sensor_platform_ws/install/realsense2_camera_msgs:${AMENT_PREFIX_PATH} CMAKE_PREFIX_PATH=/home/student/sensor_platform_ws/install/realsense2_camera_msgs:/opt/ros/humble LD_LIBRARY_PATH=/home/student/sensor_platform_ws/install/realsense2_camera_msgs/lib:${LD_LIBRARY_PATH} PYTHONPATH=/home/student/sensor_platform_ws/install/realsense2_camera_msgs/local/lib/python3.10/dist-packages:${PYTHONPATH} /usr/bin/cmake --build /home/student/sensor_platform_ws/build/realsense2_description -- -j8 -l8
[0.107s] Invoked command in '/home/student/sensor_platform_ws/build/realsense2_description' returned '0': AMENT_PREFIX_PATH=/home/student/sensor_platform_ws/install/realsense2_camera_msgs:${AMENT_PREFIX_PATH} CMAKE_PREFIX_PATH=/home/student/sensor_platform_ws/install/realsense2_camera_msgs:/opt/ros/humble LD_LIBRARY_PATH=/home/student/sensor_platform_ws/install/realsense2_camera_msgs/lib:${LD_LIBRARY_PATH} PYTHONPATH=/home/student/sensor_platform_ws/install/realsense2_camera_msgs/local/lib/python3.10/dist-packages:${PYTHONPATH} /usr/bin/cmake --build /home/student/sensor_platform_ws/build/realsense2_description -- -j8 -l8
[0.123s] Invoking command in '/home/student/sensor_platform_ws/build/realsense2_description': AMENT_PREFIX_PATH=/home/student/sensor_platform_ws/install/realsense2_camera_msgs:${AMENT_PREFIX_PATH} CMAKE_PREFIX_PATH=/home/student/sensor_platform_ws/install/realsense2_camera_msgs:/opt/ros/humble LD_LIBRARY_PATH=/home/student/sensor_platform_ws/install/realsense2_camera_msgs/lib:${LD_LIBRARY_PATH} PYTHONPATH=/home/student/sensor_platform_ws/install/realsense2_camera_msgs/local/lib/python3.10/dist-packages:${PYTHONPATH} /usr/bin/cmake --install /home/student/sensor_platform_ws/build/realsense2_description
[0.131s] -- Install configuration: "Release"
[0.132s] -- Execute custom install script
[0.139s] -- Up-to-date symlink: /home/student/sensor_platform_ws/install/realsense2_description/share/realsense2_description/launch/launch_utils.py
[0.139s] -- Up-to-date symlink: /home/student/sensor_platform_ws/install/realsense2_description/share/realsense2_description/launch/view_model.launch.py
[0.141s] -- Up-to-date symlink: /home/student/sensor_platform_ws/install/realsense2_description/share/realsense2_description/meshes/d405.stl
[0.141s] -- Up-to-date symlink: /home/student/sensor_platform_ws/install/realsense2_description/share/realsense2_description/meshes/d415.stl
[0.141s] -- Up-to-date symlink: /home/student/sensor_platform_ws/install/realsense2_description/share/realsense2_description/meshes/d435.dae
[0.151s] -- Up-to-date symlink: /home/student/sensor_platform_ws/install/realsense2_description/share/realsense2_description/meshes/d436.dae
[0.152s] -- Up-to-date symlink: /home/student/sensor_platform_ws/install/realsense2_description/share/realsense2_description/meshes/d455.stl
[0.160s] -- Up-to-date symlink: /home/student/sensor_platform_ws/install/realsense2_description/share/realsense2_description/meshes/d585.stl
[0.160s] -- Up-to-date symlink: /home/student/sensor_platform_ws/install/realsense2_description/share/realsense2_description/meshes/l515.dae
[0.161s] -- Up-to-date symlink: /home/student/sensor_platform_ws/install/realsense2_description/share/realsense2_description/meshes/plug.stl
[0.161s] -- Up-to-date symlink: /home/student/sensor_platform_ws/install/realsense2_description/share/realsense2_description/meshes/plug_collision.stl
[0.164s] -- Up-to-date symlink: /home/student/sensor_platform_ws/install/realsense2_description/share/realsense2_description/rviz/urdf.rviz
[0.168s] -- Up-to-date symlink: /home/student/sensor_platform_ws/install/realsense2_description/share/realsense2_description/urdf/_d405.urdf.xacro
[0.169s] -- Up-to-date symlink: /home/student/sensor_platform_ws/install/realsense2_description/share/realsense2_description/urdf/_d415.urdf.xacro
[0.169s] -- Up-to-date symlink: /home/student/sensor_platform_ws/install/realsense2_description/share/realsense2_description/urdf/_d435.urdf.xacro
[0.177s] -- Up-to-date symlink: /home/student/sensor_platform_ws/install/realsense2_description/share/realsense2_description/urdf/_d435i.urdf.xacro
[0.178s] -- Up-to-date symlink: /home/student/sensor_platform_ws/install/realsense2_description/share/realsense2_description/urdf/_d435i_imu_modules.urdf.xacro
[0.179s] -- Up-to-date symlink: /home/student/sensor_platform_ws/install/realsense2_description/share/realsense2_description/urdf/_d436.urdf.xacro
[0.180s] -- Up-to-date symlink: /home/student/sensor_platform_ws/install/realsense2_description/share/realsense2_description/urdf/_d455.urdf.xacro
[0.181s] -- Up-to-date symlink: /home/student/sensor_platform_ws/install/realsense2_description/share/realsense2_description/urdf/_d585.urdf.xacro
[0.182s] -- Up-to-date symlink: /home/student/sensor_platform_ws/install/realsense2_description/share/realsense2_description/urdf/_materials.urdf.xacro
[0.183s] -- Up-to-date symlink: /home/student/sensor_platform_ws/install/realsense2_description/share/realsense2_description/urdf/_r410.urdf.xacro
[0.184s] -- Up-to-date symlink: /home/student/sensor_platform_ws/install/realsense2_description/share/realsense2_description/urdf/_r430.urdf.xacro
[0.185s] -- Up-to-date symlink: /home/student/sensor_platform_ws/install/realsense2_description/share/realsense2_description/urdf/_usb_plug.urdf.xacro
[0.185s] -- Up-to-date symlink: /home/student/sensor_platform_ws/install/realsense2_description/share/realsense2_description/urdf/test_d405_camera.urdf.xacro
[0.186s] -- Up-to-date symlink: /home/student/sensor_platform_ws/install/realsense2_description/share/realsense2_description/urdf/test_d415_camera.urdf.xacro
[0.211s] -- Up-to-date symlink: /home/student/sensor_platform_ws/install/realsense2_description/share/realsense2_description/urdf/test_d435_camera.urdf.xacro
[0.212s] -- Up-to-date symlink: /home/student/sensor_platform_ws/install/realsense2_description/share/realsense2_description/urdf/test_d435_multiple_cameras.urdf.xacro
[0.214s] -- Up-to-date symlink: /home/student/sensor_platform_ws/install/realsense2_description/share/realsense2_description/urdf/test_d435i_camera.urdf.xacro
[0.215s] -- Up-to-date symlink: /home/student/sensor_platform_ws/install/realsense2_description/share/realsense2_description/urdf/test_d436_camera.urdf.xacro
[0.216s] -- Up-to-date symlink: /home/student/sensor_platform_ws/install/realsense2_description/share/realsense2_description/urdf/test_d455_camera.urdf.xacro
[0.227s] -- Up-to-date symlink: /home/student/sensor_platform_ws/install/realsense2_description/share/realsense2_description/urdf/test_d585_camera.urdf.xacro
[0.228s] -- Up-to-date symlink: /home/student/sensor_platform_ws/install/realsense2_description/share/realsense2_description/urdf/test_r410_camera.urdf.xacro
[0.230s] -- Up-to-date symlink: /home/student/sensor_platform_ws/install/realsense2_description/share/realsense2_description/urdf/test_r430_camera.urdf.xacro
[0.245s] -- Up-to-date symlink: /home/student/sensor_platform_ws/install/realsense2_description/share/ament_index/resource_index/package_run_dependencies/realsense2_description
[0.246s] -- Up-to-date symlink: /home/student/sensor_platform_ws/install/realsense2_description/share/ament_index/resource_index/parent_prefix_path/realsense2_description
[0.272s] -- Up-to-date symlink: /home/student/sensor_platform_ws/install/realsense2_description/share/realsense2_description/environment/ament_prefix_path.sh
[0.275s] -- Up-to-date symlink: /home/student/sensor_platform_ws/install/realsense2_description/share/realsense2_description/environment/ament_prefix_path.dsv
[0.276s] -- Up-to-date symlink: /home/student/sensor_platform_ws/install/realsense2_description/share/realsense2_description/environment/path.sh
[0.277s] -- Up-to-date symlink: /home/student/sensor_platform_ws/install/realsense2_description/share/realsense2_description/environment/path.dsv
[0.278s] -- Up-to-date symlink: /home/student/sensor_platform_ws/install/realsense2_description/share/realsense2_description/local_setup.bash
[0.279s] -- Up-to-date symlink: /home/student/sensor_platform_ws/install/realsense2_description/share/realsense2_description/local_setup.sh
[0.280s] -- Up-to-date symlink: /home/student/sensor_platform_ws/install/realsense2_description/share/realsense2_description/local_setup.zsh
[0.281s] -- Up-to-date symlink: /home/student/sensor_platform_ws/install/realsense2_description/share/realsense2_description/local_setup.dsv
[0.281s] -- Symlinking: /home/student/sensor_platform_ws/install/realsense2_description/share/realsense2_description/package.dsv
[0.315s] -- Up-to-date symlink: /home/student/sensor_platform_ws/install/realsense2_description/share/ament_index/resource_index/packages/realsense2_description
[0.318s] -- Up-to-date symlink: /home/student/sensor_platform_ws/install/realsense2_description/share/realsense2_description/cmake/realsense2_descriptionConfig.cmake
[0.318s] -- Up-to-date symlink: /home/student/sensor_platform_ws/install/realsense2_description/share/realsense2_description/cmake/realsense2_descriptionConfig-version.cmake
[0.319s] -- Up-to-date symlink: /home/student/sensor_platform_ws/install/realsense2_description/share/realsense2_description/package.xml
[0.324s] Invoked command in '/home/student/sensor_platform_ws/build/realsense2_description' returned '0': AMENT_PREFIX_PATH=/home/student/sensor_platform_ws/install/realsense2_camera_msgs:${AMENT_PREFIX_PATH} CMAKE_PREFIX_PATH=/home/student/sensor_platform_ws/install/realsense2_camera_msgs:/opt/ros/humble LD_LIBRARY_PATH=/home/student/sensor_platform_ws/install/realsense2_camera_msgs/lib:${LD_LIBRARY_PATH} PYTHONPATH=/home/student/sensor_platform_ws/install/realsense2_camera_msgs/local/lib/python3.10/dist-packages:${PYTHONPATH} /usr/bin/cmake --install /home/student/sensor_platform_ws/build/realsense2_description
