[0.329s] Invoking command in '/home/student/sensor_platform_ws/build/realsense2_camera_msgs': CMAKE_PREFIX_PATH=/opt/ros/humble /usr/bin/cmake --build /home/student/sensor_platform_ws/build/realsense2_camera_msgs -- -j8 -l8
[1.061s] [  1%] Built target realsense2_camera_msgs__rs
[1.061s] [  1%] Built target realsense2_camera_msgs__cpp
[1.062s] [  1%] Built target ament_cmake_python_symlink_realsense2_camera_msgs
[2.044s] [ 13%] Built target realsense2_camera_msgs__rosidl_generator_c
[2.107s] [ 48%] Built target realsense2_camera_msgs__rosidl_typesupport_fastrtps_cpp
[2.107s] [ 49%] Built target realsense2_camera_msgs__rosidl_typesupport_cpp
[2.107s] [ 49%] Built target realsense2_camera_msgs__rosidl_typesupport_introspection_cpp
[2.141s] running egg_info
[2.141s] writing realsense2_camera_msgs.egg-info/PKG-INFO
[2.142s] writing dependency_links to realsense2_camera_msgs.egg-info/dependency_links.txt
[2.142s] writing top-level names to realsense2_camera_msgs.egg-info/top_level.txt
[2.239s] reading manifest file 'realsense2_camera_msgs.egg-info/SOURCES.txt'
[2.244s] writing manifest file 'realsense2_camera_msgs.egg-info/SOURCES.txt'
[2.283s] [ 61%] Built target realsense2_camera_msgs__rosidl_typesupport_c
[2.292s] [ 61%] Built target ament_cmake_python_build_realsense2_camera_msgs_egg
[2.438s] [ 73%] Built target realsense2_camera_msgs__rosidl_typesupport_introspection_c
[2.442s] [ 85%] Built target realsense2_camera_msgs__rosidl_typesupport_fastrtps_c
[2.474s] [ 85%] Built target realsense2_camera_msgs
[2.515s] [ 86%] Built target realsense2_camera_msgs__py
[2.726s] [ 97%] Built target realsense2_camera_msgs__rosidl_generator_py
[2.778s] [ 98%] Built target realsense2_camera_msgs__rosidl_typesupport_fastrtps_c__pyext
[2.828s] [ 99%] Built target realsense2_camera_msgs__rosidl_typesupport_introspection_c__pyext
[2.841s] [100%] Built target realsense2_camera_msgs__rosidl_typesupport_c__pyext
[2.859s] Invoked command in '/home/student/sensor_platform_ws/build/realsense2_camera_msgs' returned '0': CMAKE_PREFIX_PATH=/opt/ros/humble /usr/bin/cmake --build /home/student/sensor_platform_ws/build/realsense2_camera_msgs -- -j8 -l8
[2.916s] Invoking command in '/home/student/sensor_platform_ws/build/realsense2_camera_msgs': CMAKE_PREFIX_PATH=/opt/ros/humble /usr/bin/cmake --install /home/student/sensor_platform_ws/build/realsense2_camera_msgs
[2.943s] -- Install configuration: "Release"
[2.990s] -- Execute custom install script
[3.010s] -- Up-to-date symlink: /home/student/sensor_platform_ws/install/realsense2_camera_msgs/share/ament_index/resource_index/rosidl_interfaces/realsense2_camera_msgs
[3.026s] -- Up-to-date symlink: /home/student/sensor_platform_ws/install/realsense2_camera_msgs/include/realsense2_camera_msgs/realsense2_camera_msgs/action/detail/triggered_calibration__functions.h
[3.026s] -- Up-to-date symlink: /home/student/sensor_platform_ws/install/realsense2_camera_msgs/include/realsense2_camera_msgs/realsense2_camera_msgs/action/detail/triggered_calibration__struct.h
[3.027s] -- Up-to-date symlink: /home/student/sensor_platform_ws/install/realsense2_camera_msgs/include/realsense2_camera_msgs/realsense2_camera_msgs/action/detail/triggered_calibration__type_support.h
[3.027s] -- Up-to-date symlink: /home/student/sensor_platform_ws/install/realsense2_camera_msgs/include/realsense2_camera_msgs/realsense2_camera_msgs/action/triggered_calibration.h
[3.028s] -- Up-to-date symlink: /home/student/sensor_platform_ws/install/realsense2_camera_msgs/include/realsense2_camera_msgs/realsense2_camera_msgs/msg/detail/extrinsics__functions.h
[3.028s] -- Up-to-date symlink: /home/student/sensor_platform_ws/install/realsense2_camera_msgs/include/realsense2_camera_msgs/realsense2_camera_msgs/msg/detail/extrinsics__struct.h
[3.028s] -- Up-to-date symlink: /home/student/sensor_platform_ws/install/realsense2_camera_msgs/include/realsense2_camera_msgs/realsense2_camera_msgs/msg/detail/extrinsics__type_support.h
[3.029s] -- Up-to-date symlink: /home/student/sensor_platform_ws/install/realsense2_camera_msgs/include/realsense2_camera_msgs/realsense2_camera_msgs/msg/detail/imu_info__functions.h
[3.029s] -- Up-to-date symlink: /home/student/sensor_platform_ws/install/realsense2_camera_msgs/include/realsense2_camera_msgs/realsense2_camera_msgs/msg/detail/imu_info__struct.h
[3.029s] -- Up-to-date symlink: /home/student/sensor_platform_ws/install/realsense2_camera_msgs/include/realsense2_camera_msgs/realsense2_camera_msgs/msg/detail/imu_info__type_support.h
[3.029s] -- Up-to-date symlink: /home/student/sensor_platform_ws/install/realsense2_camera_msgs/include/realsense2_camera_msgs/realsense2_camera_msgs/msg/detail/metadata__functions.h
[3.030s] -- Up-to-date symlink: /home/student/sensor_platform_ws/install/realsense2_camera_msgs/include/realsense2_camera_msgs/realsense2_camera_msgs/msg/detail/metadata__struct.h
[3.042s] -- Up-to-date symlink: /home/student/sensor_platform_ws/install/realsense2_camera_msgs/include/realsense2_camera_msgs/realsense2_camera_msgs/msg/detail/metadata__type_support.h
[3.042s] -- Up-to-date symlink: /home/student/sensor_platform_ws/install/realsense2_camera_msgs/include/realsense2_camera_msgs/realsense2_camera_msgs/msg/detail/rgbd__functions.h
[3.044s] -- Up-to-date symlink: /home/student/sensor_platform_ws/install/realsense2_camera_msgs/include/realsense2_camera_msgs/realsense2_camera_msgs/msg/detail/rgbd__struct.h
[3.044s] -- Up-to-date symlink: /home/student/sensor_platform_ws/install/realsense2_camera_msgs/include/realsense2_camera_msgs/realsense2_camera_msgs/msg/detail/rgbd__type_support.h
[3.044s] -- Up-to-date symlink: /home/student/sensor_platform_ws/install/realsense2_camera_msgs/include/realsense2_camera_msgs/realsense2_camera_msgs/msg/extrinsics.h
[3.084s] -- Up-to-date symlink: /home/student/sensor_platform_ws/install/realsense2_camera_msgs/include/realsense2_camera_msgs/realsense2_camera_msgs/msg/imu_info.h
[3.084s] -- Up-to-date symlink: /home/student/sensor_platform_ws/install/realsense2_camera_msgs/include/realsense2_camera_msgs/realsense2_camera_msgs/msg/metadata.h
[3.086s] -- Up-to-date symlink: /home/student/sensor_platform_ws/install/realsense2_camera_msgs/include/realsense2_camera_msgs/realsense2_camera_msgs/msg/rgbd.h
[3.086s] -- Up-to-date symlink: /home/student/sensor_platform_ws/install/realsense2_camera_msgs/include/realsense2_camera_msgs/realsense2_camera_msgs/msg/rosidl_generator_c__visibility_control.h
[3.087s] -- Up-to-date symlink: /home/student/sensor_platform_ws/install/realsense2_camera_msgs/include/realsense2_camera_msgs/realsense2_camera_msgs/srv/application_config_read.h
[3.088s] -- Up-to-date symlink: /home/student/sensor_platform_ws/install/realsense2_camera_msgs/include/realsense2_camera_msgs/realsense2_camera_msgs/srv/application_config_write.h
[3.118s] -- Up-to-date symlink: /home/student/sensor_platform_ws/install/realsense2_camera_msgs/include/realsense2_camera_msgs/realsense2_camera_msgs/srv/calib_config_read.h
[3.119s] -- Up-to-date symlink: /home/student/sensor_platform_ws/install/realsense2_camera_msgs/include/realsense2_camera_msgs/realsense2_camera_msgs/srv/calib_config_write.h
[3.125s] -- Up-to-date symlink: /home/student/sensor_platform_ws/install/realsense2_camera_msgs/include/realsense2_camera_msgs/realsense2_camera_msgs/srv/detail/application_config_read__functions.h
[3.127s] -- Up-to-date symlink: /home/student/sensor_platform_ws/install/realsense2_camera_msgs/include/realsense2_camera_msgs/realsense2_camera_msgs/srv/detail/application_config_read__struct.h
[3.138s] -- Up-to-date symlink: /home/student/sensor_platform_ws/install/realsense2_camera_msgs/include/realsense2_camera_msgs/realsense2_camera_msgs/srv/detail/application_config_read__type_support.h
[3.140s] -- Up-to-date symlink: /home/student/sensor_platform_ws/install/realsense2_camera_msgs/include/realsense2_camera_msgs/realsense2_camera_msgs/srv/detail/application_config_write__functions.h
[3.140s] -- Up-to-date symlink: /home/student/sensor_platform_ws/install/realsense2_camera_msgs/include/realsense2_camera_msgs/realsense2_camera_msgs/srv/detail/application_config_write__struct.h
[3.142s] -- Up-to-date symlink: /home/student/sensor_platform_ws/install/realsense2_camera_msgs/include/realsense2_camera_msgs/realsense2_camera_msgs/srv/detail/application_config_write__type_support.h
[3.143s] -- Up-to-date symlink: /home/student/sensor_platform_ws/install/realsense2_camera_msgs/include/realsense2_camera_msgs/realsense2_camera_msgs/srv/detail/calib_config_read__functions.h
[3.144s] -- Up-to-date symlink: /home/student/sensor_platform_ws/install/realsense2_camera_msgs/include/realsense2_camera_msgs/realsense2_camera_msgs/srv/detail/calib_config_read__struct.h
[3.145s] -- Up-to-date symlink: /home/student/sensor_platform_ws/install/realsense2_camera_msgs/include/realsense2_camera_msgs/realsense2_camera_msgs/srv/detail/calib_config_read__type_support.h
[3.178s] -- Up-to-date symlink: /home/student/sensor_platform_ws/install/realsense2_camera_msgs/include/realsense2_camera_msgs/realsense2_camera_msgs/srv/detail/calib_config_write__functions.h
[3.178s] -- Up-to-date symlink: /home/student/sensor_platform_ws/install/realsense2_camera_msgs/include/realsense2_camera_msgs/realsense2_camera_msgs/srv/detail/calib_config_write__struct.h
[3.179s] -- Up-to-date symlink: /home/student/sensor_platform_ws/install/realsense2_camera_msgs/include/realsense2_camera_msgs/realsense2_camera_msgs/srv/detail/calib_config_write__type_support.h
[3.179s] -- Up-to-date symlink: /home/student/sensor_platform_ws/install/realsense2_camera_msgs/include/realsense2_camera_msgs/realsense2_camera_msgs/srv/detail/device_info__functions.h
[3.181s] -- Up-to-date symlink: /home/student/sensor_platform_ws/install/realsense2_camera_msgs/include/realsense2_camera_msgs/realsense2_camera_msgs/srv/detail/device_info__struct.h
[3.182s] -- Up-to-date symlink: /home/student/sensor_platform_ws/install/realsense2_camera_msgs/include/realsense2_camera_msgs/realsense2_camera_msgs/srv/detail/device_info__type_support.h
[3.182s] -- Up-to-date symlink: /home/student/sensor_platform_ws/install/realsense2_camera_msgs/include/realsense2_camera_msgs/realsense2_camera_msgs/srv/detail/hardware_monitor_command_send__functions.h
[3.183s] -- Up-to-date symlink: /home/student/sensor_platform_ws/install/realsense2_camera_msgs/include/realsense2_camera_msgs/realsense2_camera_msgs/srv/detail/hardware_monitor_command_send__struct.h
[3.201s] -- Up-to-date symlink: /home/student/sensor_platform_ws/install/realsense2_camera_msgs/include/realsense2_camera_msgs/realsense2_camera_msgs/srv/detail/hardware_monitor_command_send__type_support.h
[3.201s] -- Up-to-date symlink: /home/student/sensor_platform_ws/install/realsense2_camera_msgs/include/realsense2_camera_msgs/realsense2_camera_msgs/srv/detail/safety_interface_config_read__functions.h
[3.206s] -- Up-to-date symlink: /home/student/sensor_platform_ws/install/realsense2_camera_msgs/include/realsense2_camera_msgs/realsense2_camera_msgs/srv/detail/safety_interface_config_read__struct.h
[3.206s] -- Up-to-date symlink: /home/student/sensor_platform_ws/install/realsense2_camera_msgs/include/realsense2_camera_msgs/realsense2_camera_msgs/srv/detail/safety_interface_config_read__type_support.h
[3.207s] -- Up-to-date symlink: /home/student/sensor_platform_ws/install/realsense2_camera_msgs/include/realsense2_camera_msgs/realsense2_camera_msgs/srv/detail/safety_interface_config_write__functions.h
[3.218s] -- Up-to-date symlink: /home/student/sensor_platform_ws/install/realsense2_camera_msgs/include/realsense2_camera_msgs/realsense2_camera_msgs/srv/detail/safety_interface_config_write__struct.h
[3.220s] -- Up-to-date symlink: /home/student/sensor_platform_ws/install/realsense2_camera_msgs/include/realsense2_camera_msgs/realsense2_camera_msgs/srv/detail/safety_interface_config_write__type_support.h
[3.220s] -- Up-to-date symlink: /home/student/sensor_platform_ws/install/realsense2_camera_msgs/include/realsense2_camera_msgs/realsense2_camera_msgs/srv/detail/safety_preset_read__functions.h
[3.221s] -- Up-to-date symlink: /home/student/sensor_platform_ws/install/realsense2_camera_msgs/include/realsense2_camera_msgs/realsense2_camera_msgs/srv/detail/safety_preset_read__struct.h
[3.221s] -- Up-to-date symlink: /home/student/sensor_platform_ws/install/realsense2_camera_msgs/include/realsense2_camera_msgs/realsense2_camera_msgs/srv/detail/safety_preset_read__type_support.h
[3.243s] -- Up-to-date symlink: /home/student/sensor_platform_ws/install/realsense2_camera_msgs/include/realsense2_camera_msgs/realsense2_camera_msgs/srv/detail/safety_preset_write__functions.h
[3.244s] -- Up-to-date symlink: /home/student/sensor_platform_ws/install/realsense2_camera_msgs/include/realsense2_camera_msgs/realsense2_camera_msgs/srv/detail/safety_preset_write__struct.h
[3.247s] -- Up-to-date symlink: /home/student/sensor_platform_ws/install/realsense2_camera_msgs/include/realsense2_camera_msgs/realsense2_camera_msgs/srv/detail/safety_preset_write__type_support.h
[3.248s] -- Up-to-date symlink: /home/student/sensor_platform_ws/install/realsense2_camera_msgs/include/realsense2_camera_msgs/realsense2_camera_msgs/srv/device_info.h
[3.248s] -- Up-to-date symlink: /home/student/sensor_platform_ws/install/realsense2_camera_msgs/include/realsense2_camera_msgs/realsense2_camera_msgs/srv/hardware_monitor_command_send.h
[3.260s] -- Up-to-date symlink: /home/student/sensor_platform_ws/install/realsense2_camera_msgs/include/realsense2_camera_msgs/realsense2_camera_msgs/srv/safety_interface_config_read.h
[3.262s] -- Up-to-date symlink: /home/student/sensor_platform_ws/install/realsense2_camera_msgs/include/realsense2_camera_msgs/realsense2_camera_msgs/srv/safety_interface_config_write.h
[3.263s] -- Up-to-date symlink: /home/student/sensor_platform_ws/install/realsense2_camera_msgs/include/realsense2_camera_msgs/realsense2_camera_msgs/srv/safety_preset_read.h
[3.263s] -- Up-to-date symlink: /home/student/sensor_platform_ws/install/realsense2_camera_msgs/include/realsense2_camera_msgs/realsense2_camera_msgs/srv/safety_preset_write.h
[3.303s] -- Up-to-date symlink: /home/student/sensor_platform_ws/install/realsense2_camera_msgs/share/realsense2_camera_msgs/environment/library_path.sh
[3.304s] -- Up-to-date symlink: /home/student/sensor_platform_ws/install/realsense2_camera_msgs/share/realsense2_camera_msgs/environment/library_path.dsv
[3.308s] -- Up-to-date symlink: /home/student/sensor_platform_ws/install/realsense2_camera_msgs/include/realsense2_camera_msgs/realsense2_camera_msgs/action/detail/triggered_calibration__rosidl_typesupport_fastrtps_c.h
[3.309s] -- Up-to-date symlink: /home/student/sensor_platform_ws/install/realsense2_camera_msgs/include/realsense2_camera_msgs/realsense2_camera_msgs/msg/detail/extrinsics__rosidl_typesupport_fastrtps_c.h
[3.327s] -- Up-to-date symlink: /home/student/sensor_platform_ws/install/realsense2_camera_msgs/include/realsense2_camera_msgs/realsense2_camera_msgs/msg/detail/imu_info__rosidl_typesupport_fastrtps_c.h
[3.328s] -- Up-to-date symlink: /home/student/sensor_platform_ws/install/realsense2_camera_msgs/include/realsense2_camera_msgs/realsense2_camera_msgs/msg/detail/metadata__rosidl_typesupport_fastrtps_c.h
[3.331s] -- Up-to-date symlink: /home/student/sensor_platform_ws/install/realsense2_camera_msgs/include/realsense2_camera_msgs/realsense2_camera_msgs/msg/detail/rgbd__rosidl_typesupport_fastrtps_c.h
[3.332s] -- Up-to-date symlink: /home/student/sensor_platform_ws/install/realsense2_camera_msgs/include/realsense2_camera_msgs/realsense2_camera_msgs/msg/rosidl_typesupport_fastrtps_c__visibility_control.h
[3.333s] -- Up-to-date symlink: /home/student/sensor_platform_ws/install/realsense2_camera_msgs/include/realsense2_camera_msgs/realsense2_camera_msgs/srv/detail/application_config_read__rosidl_typesupport_fastrtps_c.h
[3.344s] -- Up-to-date symlink: /home/student/sensor_platform_ws/install/realsense2_camera_msgs/include/realsense2_camera_msgs/realsense2_camera_msgs/srv/detail/application_config_write__rosidl_typesupport_fastrtps_c.h
[3.345s] -- Up-to-date symlink: /home/student/sensor_platform_ws/install/realsense2_camera_msgs/include/realsense2_camera_msgs/realsense2_camera_msgs/srv/detail/calib_config_read__rosidl_typesupport_fastrtps_c.h
[3.346s] -- Up-to-date symlink: /home/student/sensor_platform_ws/install/realsense2_camera_msgs/include/realsense2_camera_msgs/realsense2_camera_msgs/srv/detail/calib_config_write__rosidl_typesupport_fastrtps_c.h
[3.347s] -- Up-to-date symlink: /home/student/sensor_platform_ws/install/realsense2_camera_msgs/include/realsense2_camera_msgs/realsense2_camera_msgs/srv/detail/device_info__rosidl_typesupport_fastrtps_c.h
[3.349s] -- Up-to-date symlink: /home/student/sensor_platform_ws/install/realsense2_camera_msgs/include/realsense2_camera_msgs/realsense2_camera_msgs/srv/detail/hardware_monitor_command_send__rosidl_typesupport_fastrtps_c.h
[3.349s] -- Up-to-date symlink: /home/student/sensor_platform_ws/install/realsense2_camera_msgs/include/realsense2_camera_msgs/realsense2_camera_msgs/srv/detail/safety_interface_config_read__rosidl_typesupport_fastrtps_c.h
[3.351s] -- Up-to-date symlink: /home/student/sensor_platform_ws/install/realsense2_camera_msgs/include/realsense2_camera_msgs/realsense2_camera_msgs/srv/detail/safety_interface_config_write__rosidl_typesupport_fastrtps_c.h
[3.352s] -- Up-to-date symlink: /home/student/sensor_platform_ws/install/realsense2_camera_msgs/include/realsense2_camera_msgs/realsense2_camera_msgs/srv/detail/safety_preset_read__rosidl_typesupport_fastrtps_c.h
[3.353s] -- Up-to-date symlink: /home/student/sensor_platform_ws/install/realsense2_camera_msgs/include/realsense2_camera_msgs/realsense2_camera_msgs/srv/detail/safety_preset_write__rosidl_typesupport_fastrtps_c.h
[3.356s] -- Up-to-date symlink: /home/student/sensor_platform_ws/install/realsense2_camera_msgs/include/realsense2_camera_msgs/realsense2_camera_msgs/action/detail/triggered_calibration__rosidl_typesupport_introspection_c.h
[3.357s] -- Up-to-date symlink: /home/student/sensor_platform_ws/install/realsense2_camera_msgs/include/realsense2_camera_msgs/realsense2_camera_msgs/msg/detail/extrinsics__rosidl_typesupport_introspection_c.h
[3.359s] -- Up-to-date symlink: /home/student/sensor_platform_ws/install/realsense2_camera_msgs/include/realsense2_camera_msgs/realsense2_camera_msgs/msg/detail/imu_info__rosidl_typesupport_introspection_c.h
[3.360s] -- Up-to-date symlink: /home/student/sensor_platform_ws/install/realsense2_camera_msgs/include/realsense2_camera_msgs/realsense2_camera_msgs/msg/detail/metadata__rosidl_typesupport_introspection_c.h
[3.362s] -- Up-to-date symlink: /home/student/sensor_platform_ws/install/realsense2_camera_msgs/include/realsense2_camera_msgs/realsense2_camera_msgs/msg/detail/rgbd__rosidl_typesupport_introspection_c.h
[3.362s] -- Up-to-date symlink: /home/student/sensor_platform_ws/install/realsense2_camera_msgs/include/realsense2_camera_msgs/realsense2_camera_msgs/msg/rosidl_typesupport_introspection_c__visibility_control.h
[3.363s] -- Up-to-date symlink: /home/student/sensor_platform_ws/install/realsense2_camera_msgs/include/realsense2_camera_msgs/realsense2_camera_msgs/srv/detail/application_config_read__rosidl_typesupport_introspection_c.h
[3.365s] -- Up-to-date symlink: /home/student/sensor_platform_ws/install/realsense2_camera_msgs/include/realsense2_camera_msgs/realsense2_camera_msgs/srv/detail/application_config_write__rosidl_typesupport_introspection_c.h
[3.377s] -- Up-to-date symlink: /home/student/sensor_platform_ws/install/realsense2_camera_msgs/include/realsense2_camera_msgs/realsense2_camera_msgs/srv/detail/calib_config_read__rosidl_typesupport_introspection_c.h
[3.379s] -- Up-to-date symlink: /home/student/sensor_platform_ws/install/realsense2_camera_msgs/include/realsense2_camera_msgs/realsense2_camera_msgs/srv/detail/calib_config_write__rosidl_typesupport_introspection_c.h
[3.380s] -- Up-to-date symlink: /home/student/sensor_platform_ws/install/realsense2_camera_msgs/include/realsense2_camera_msgs/realsense2_camera_msgs/srv/detail/device_info__rosidl_typesupport_introspection_c.h
[3.382s] -- Up-to-date symlink: /home/student/sensor_platform_ws/install/realsense2_camera_msgs/include/realsense2_camera_msgs/realsense2_camera_msgs/srv/detail/hardware_monitor_command_send__rosidl_typesupport_introspection_c.h
[3.383s] -- Up-to-date symlink: /home/student/sensor_platform_ws/install/realsense2_camera_msgs/include/realsense2_camera_msgs/realsense2_camera_msgs/srv/detail/safety_interface_config_read__rosidl_typesupport_introspection_c.h
[3.384s] -- Up-to-date symlink: /home/student/sensor_platform_ws/install/realsense2_camera_msgs/include/realsense2_camera_msgs/realsense2_camera_msgs/srv/detail/safety_interface_config_write__rosidl_typesupport_introspection_c.h
[3.385s] -- Up-to-date symlink: /home/student/sensor_platform_ws/install/realsense2_camera_msgs/include/realsense2_camera_msgs/realsense2_camera_msgs/srv/detail/safety_preset_read__rosidl_typesupport_introspection_c.h
[3.386s] -- Up-to-date symlink: /home/student/sensor_platform_ws/install/realsense2_camera_msgs/include/realsense2_camera_msgs/realsense2_camera_msgs/srv/detail/safety_preset_write__rosidl_typesupport_introspection_c.h
[3.391s] -- Up-to-date symlink: /home/student/sensor_platform_ws/install/realsense2_camera_msgs/include/realsense2_camera_msgs/realsense2_camera_msgs/action/detail/triggered_calibration__builder.hpp
[3.392s] -- Up-to-date symlink: /home/student/sensor_platform_ws/install/realsense2_camera_msgs/include/realsense2_camera_msgs/realsense2_camera_msgs/action/detail/triggered_calibration__struct.hpp
[3.392s] -- Up-to-date symlink: /home/student/sensor_platform_ws/install/realsense2_camera_msgs/include/realsense2_camera_msgs/realsense2_camera_msgs/action/detail/triggered_calibration__traits.hpp
[3.393s] -- Up-to-date symlink: /home/student/sensor_platform_ws/install/realsense2_camera_msgs/include/realsense2_camera_msgs/realsense2_camera_msgs/action/detail/triggered_calibration__type_support.hpp
[3.394s] -- Up-to-date symlink: /home/student/sensor_platform_ws/install/realsense2_camera_msgs/include/realsense2_camera_msgs/realsense2_camera_msgs/action/triggered_calibration.hpp
[3.403s] -- Up-to-date symlink: /home/student/sensor_platform_ws/install/realsense2_camera_msgs/include/realsense2_camera_msgs/realsense2_camera_msgs/msg/detail/extrinsics__builder.hpp
[3.404s] -- Up-to-date symlink: /home/student/sensor_platform_ws/install/realsense2_camera_msgs/include/realsense2_camera_msgs/realsense2_camera_msgs/msg/detail/extrinsics__struct.hpp
[3.406s] -- Up-to-date symlink: /home/student/sensor_platform_ws/install/realsense2_camera_msgs/include/realsense2_camera_msgs/realsense2_camera_msgs/msg/detail/extrinsics__traits.hpp
[3.407s] -- Up-to-date symlink: /home/student/sensor_platform_ws/install/realsense2_camera_msgs/include/realsense2_camera_msgs/realsense2_camera_msgs/msg/detail/extrinsics__type_support.hpp
[3.408s] -- Up-to-date symlink: /home/student/sensor_platform_ws/install/realsense2_camera_msgs/include/realsense2_camera_msgs/realsense2_camera_msgs/msg/detail/imu_info__builder.hpp
[3.412s] -- Up-to-date symlink: /home/student/sensor_platform_ws/install/realsense2_camera_msgs/include/realsense2_camera_msgs/realsense2_camera_msgs/msg/detail/imu_info__struct.hpp
[3.412s] -- Up-to-date symlink: /home/student/sensor_platform_ws/install/realsense2_camera_msgs/include/realsense2_camera_msgs/realsense2_camera_msgs/msg/detail/imu_info__traits.hpp
[3.414s] -- Up-to-date symlink: /home/student/sensor_platform_ws/install/realsense2_camera_msgs/include/realsense2_camera_msgs/realsense2_camera_msgs/msg/detail/imu_info__type_support.hpp
[3.415s] -- Up-to-date symlink: /home/student/sensor_platform_ws/install/realsense2_camera_msgs/include/realsense2_camera_msgs/realsense2_camera_msgs/msg/detail/metadata__builder.hpp
[3.416s] -- Up-to-date symlink: /home/student/sensor_platform_ws/install/realsense2_camera_msgs/include/realsense2_camera_msgs/realsense2_camera_msgs/msg/detail/metadata__struct.hpp
[3.420s] -- Up-to-date symlink: /home/student/sensor_platform_ws/install/realsense2_camera_msgs/include/realsense2_camera_msgs/realsense2_camera_msgs/msg/detail/metadata__traits.hpp
[3.421s] -- Up-to-date symlink: /home/student/sensor_platform_ws/install/realsense2_camera_msgs/include/realsense2_camera_msgs/realsense2_camera_msgs/msg/detail/metadata__type_support.hpp
[3.423s] -- Up-to-date symlink: /home/student/sensor_platform_ws/install/realsense2_camera_msgs/include/realsense2_camera_msgs/realsense2_camera_msgs/msg/detail/rgbd__builder.hpp
[3.424s] -- Up-to-date symlink: /home/student/sensor_platform_ws/install/realsense2_camera_msgs/include/realsense2_camera_msgs/realsense2_camera_msgs/msg/detail/rgbd__struct.hpp
[3.424s] -- Up-to-date symlink: /home/student/sensor_platform_ws/install/realsense2_camera_msgs/include/realsense2_camera_msgs/realsense2_camera_msgs/msg/detail/rgbd__traits.hpp
[3.429s] -- Up-to-date symlink: /home/student/sensor_platform_ws/install/realsense2_camera_msgs/include/realsense2_camera_msgs/realsense2_camera_msgs/msg/detail/rgbd__type_support.hpp
[3.429s] -- Up-to-date symlink: /home/student/sensor_platform_ws/install/realsense2_camera_msgs/include/realsense2_camera_msgs/realsense2_camera_msgs/msg/extrinsics.hpp
[3.431s] -- Up-to-date symlink: /home/student/sensor_platform_ws/install/realsense2_camera_msgs/include/realsense2_camera_msgs/realsense2_camera_msgs/msg/imu_info.hpp
[3.432s] -- Up-to-date symlink: /home/student/sensor_platform_ws/install/realsense2_camera_msgs/include/realsense2_camera_msgs/realsense2_camera_msgs/msg/metadata.hpp
[3.433s] -- Up-to-date symlink: /home/student/sensor_platform_ws/install/realsense2_camera_msgs/include/realsense2_camera_msgs/realsense2_camera_msgs/msg/rgbd.hpp
[3.437s] -- Up-to-date symlink: /home/student/sensor_platform_ws/install/realsense2_camera_msgs/include/realsense2_camera_msgs/realsense2_camera_msgs/msg/rosidl_generator_cpp__visibility_control.hpp
[3.438s] -- Up-to-date symlink: /home/student/sensor_platform_ws/install/realsense2_camera_msgs/include/realsense2_camera_msgs/realsense2_camera_msgs/srv/application_config_read.hpp
[3.440s] -- Up-to-date symlink: /home/student/sensor_platform_ws/install/realsense2_camera_msgs/include/realsense2_camera_msgs/realsense2_camera_msgs/srv/application_config_write.hpp
[3.440s] -- Up-to-date symlink: /home/student/sensor_platform_ws/install/realsense2_camera_msgs/include/realsense2_camera_msgs/realsense2_camera_msgs/srv/calib_config_read.hpp
[3.441s] -- Up-to-date symlink: /home/student/sensor_platform_ws/install/realsense2_camera_msgs/include/realsense2_camera_msgs/realsense2_camera_msgs/srv/calib_config_write.hpp
[3.462s] -- Up-to-date symlink: /home/student/sensor_platform_ws/install/realsense2_camera_msgs/include/realsense2_camera_msgs/realsense2_camera_msgs/srv/detail/application_config_read__builder.hpp
[3.464s] -- Up-to-date symlink: /home/student/sensor_platform_ws/install/realsense2_camera_msgs/include/realsense2_camera_msgs/realsense2_camera_msgs/srv/detail/application_config_read__struct.hpp
[3.465s] -- Up-to-date symlink: /home/student/sensor_platform_ws/install/realsense2_camera_msgs/include/realsense2_camera_msgs/realsense2_camera_msgs/srv/detail/application_config_read__traits.hpp
[3.466s] -- Up-to-date symlink: /home/student/sensor_platform_ws/install/realsense2_camera_msgs/include/realsense2_camera_msgs/realsense2_camera_msgs/srv/detail/application_config_read__type_support.hpp
[3.466s] -- Up-to-date symlink: /home/student/sensor_platform_ws/install/realsense2_camera_msgs/include/realsense2_camera_msgs/realsense2_camera_msgs/srv/detail/application_config_write__builder.hpp
[3.467s] -- Up-to-date symlink: /home/student/sensor_platform_ws/install/realsense2_camera_msgs/include/realsense2_camera_msgs/realsense2_camera_msgs/srv/detail/application_config_write__struct.hpp
[3.468s] -- Up-to-date symlink: /home/student/sensor_platform_ws/install/realsense2_camera_msgs/include/realsense2_camera_msgs/realsense2_camera_msgs/srv/detail/application_config_write__traits.hpp
[3.469s] -- Up-to-date symlink: /home/student/sensor_platform_ws/install/realsense2_camera_msgs/include/realsense2_camera_msgs/realsense2_camera_msgs/srv/detail/application_config_write__type_support.hpp
[3.470s] -- Up-to-date symlink: /home/student/sensor_platform_ws/install/realsense2_camera_msgs/include/realsense2_camera_msgs/realsense2_camera_msgs/srv/detail/calib_config_read__builder.hpp
[3.470s] -- Up-to-date symlink: /home/student/sensor_platform_ws/install/realsense2_camera_msgs/include/realsense2_camera_msgs/realsense2_camera_msgs/srv/detail/calib_config_read__struct.hpp
[3.471s] -- Up-to-date symlink: /home/student/sensor_platform_ws/install/realsense2_camera_msgs/include/realsense2_camera_msgs/realsense2_camera_msgs/srv/detail/calib_config_read__traits.hpp
[3.472s] -- Up-to-date symlink: /home/student/sensor_platform_ws/install/realsense2_camera_msgs/include/realsense2_camera_msgs/realsense2_camera_msgs/srv/detail/calib_config_read__type_support.hpp
[3.472s] -- Up-to-date symlink: /home/student/sensor_platform_ws/install/realsense2_camera_msgs/include/realsense2_camera_msgs/realsense2_camera_msgs/srv/detail/calib_config_write__builder.hpp
[3.474s] -- Up-to-date symlink: /home/student/sensor_platform_ws/install/realsense2_camera_msgs/include/realsense2_camera_msgs/realsense2_camera_msgs/srv/detail/calib_config_write__struct.hpp
[3.474s] -- Up-to-date symlink: /home/student/sensor_platform_ws/install/realsense2_camera_msgs/include/realsense2_camera_msgs/realsense2_camera_msgs/srv/detail/calib_config_write__traits.hpp
[3.475s] -- Up-to-date symlink: /home/student/sensor_platform_ws/install/realsense2_camera_msgs/include/realsense2_camera_msgs/realsense2_camera_msgs/srv/detail/calib_config_write__type_support.hpp
[3.475s] -- Up-to-date symlink: /home/student/sensor_platform_ws/install/realsense2_camera_msgs/include/realsense2_camera_msgs/realsense2_camera_msgs/srv/detail/device_info__builder.hpp
[3.477s] -- Up-to-date symlink: /home/student/sensor_platform_ws/install/realsense2_camera_msgs/include/realsense2_camera_msgs/realsense2_camera_msgs/srv/detail/device_info__struct.hpp
[3.478s] -- Up-to-date symlink: /home/student/sensor_platform_ws/install/realsense2_camera_msgs/include/realsense2_camera_msgs/realsense2_camera_msgs/srv/detail/device_info__traits.hpp
[3.478s] -- Up-to-date symlink: /home/student/sensor_platform_ws/install/realsense2_camera_msgs/include/realsense2_camera_msgs/realsense2_camera_msgs/srv/detail/device_info__type_support.hpp
[3.479s] -- Up-to-date symlink: /home/student/sensor_platform_ws/install/realsense2_camera_msgs/include/realsense2_camera_msgs/realsense2_camera_msgs/srv/detail/hardware_monitor_command_send__builder.hpp
[3.480s] -- Up-to-date symlink: /home/student/sensor_platform_ws/install/realsense2_camera_msgs/include/realsense2_camera_msgs/realsense2_camera_msgs/srv/detail/hardware_monitor_command_send__struct.hpp
[3.480s] -- Up-to-date symlink: /home/student/sensor_platform_ws/install/realsense2_camera_msgs/include/realsense2_camera_msgs/realsense2_camera_msgs/srv/detail/hardware_monitor_command_send__traits.hpp
[3.481s] -- Up-to-date symlink: /home/student/sensor_platform_ws/install/realsense2_camera_msgs/include/realsense2_camera_msgs/realsense2_camera_msgs/srv/detail/hardware_monitor_command_send__type_support.hpp
[3.481s] -- Up-to-date symlink: /home/student/sensor_platform_ws/install/realsense2_camera_msgs/include/realsense2_camera_msgs/realsense2_camera_msgs/srv/detail/safety_interface_config_read__builder.hpp
[3.482s] -- Up-to-date symlink: /home/student/sensor_platform_ws/install/realsense2_camera_msgs/include/realsense2_camera_msgs/realsense2_camera_msgs/srv/detail/safety_interface_config_read__struct.hpp
[3.482s] -- Up-to-date symlink: /home/student/sensor_platform_ws/install/realsense2_camera_msgs/include/realsense2_camera_msgs/realsense2_camera_msgs/srv/detail/safety_interface_config_read__traits.hpp
[3.482s] -- Up-to-date symlink: /home/student/sensor_platform_ws/install/realsense2_camera_msgs/include/realsense2_camera_msgs/realsense2_camera_msgs/srv/detail/safety_interface_config_read__type_support.hpp
[3.483s] -- Up-to-date symlink: /home/student/sensor_platform_ws/install/realsense2_camera_msgs/include/realsense2_camera_msgs/realsense2_camera_msgs/srv/detail/safety_interface_config_write__builder.hpp
[3.483s] -- Up-to-date symlink: /home/student/sensor_platform_ws/install/realsense2_camera_msgs/include/realsense2_camera_msgs/realsense2_camera_msgs/srv/detail/safety_interface_config_write__struct.hpp
[3.483s] -- Up-to-date symlink: /home/student/sensor_platform_ws/install/realsense2_camera_msgs/include/realsense2_camera_msgs/realsense2_camera_msgs/srv/detail/safety_interface_config_write__traits.hpp
[3.484s] -- Up-to-date symlink: /home/student/sensor_platform_ws/install/realsense2_camera_msgs/include/realsense2_camera_msgs/realsense2_camera_msgs/srv/detail/safety_interface_config_write__type_support.hpp
[3.484s] -- Up-to-date symlink: /home/student/sensor_platform_ws/install/realsense2_camera_msgs/include/realsense2_camera_msgs/realsense2_camera_msgs/srv/detail/safety_preset_read__builder.hpp
[3.485s] -- Up-to-date symlink: /home/student/sensor_platform_ws/install/realsense2_camera_msgs/include/realsense2_camera_msgs/realsense2_camera_msgs/srv/detail/safety_preset_read__struct.hpp
[3.485s] -- Up-to-date symlink: /home/student/sensor_platform_ws/install/realsense2_camera_msgs/include/realsense2_camera_msgs/realsense2_camera_msgs/srv/detail/safety_preset_read__traits.hpp
[3.487s] -- Up-to-date symlink: /home/student/sensor_platform_ws/install/realsense2_camera_msgs/include/realsense2_camera_msgs/realsense2_camera_msgs/srv/detail/safety_preset_read__type_support.hpp
[3.487s] -- Up-to-date symlink: /home/student/sensor_platform_ws/install/realsense2_camera_msgs/include/realsense2_camera_msgs/realsense2_camera_msgs/srv/detail/safety_preset_write__builder.hpp
[3.488s] -- Up-to-date symlink: /home/student/sensor_platform_ws/install/realsense2_camera_msgs/include/realsense2_camera_msgs/realsense2_camera_msgs/srv/detail/safety_preset_write__struct.hpp
[3.488s] -- Up-to-date symlink: /home/student/sensor_platform_ws/install/realsense2_camera_msgs/include/realsense2_camera_msgs/realsense2_camera_msgs/srv/detail/safety_preset_write__traits.hpp
[3.489s] -- Up-to-date symlink: /home/student/sensor_platform_ws/install/realsense2_camera_msgs/include/realsense2_camera_msgs/realsense2_camera_msgs/srv/detail/safety_preset_write__type_support.hpp
[3.491s] -- Up-to-date symlink: /home/student/sensor_platform_ws/install/realsense2_camera_msgs/include/realsense2_camera_msgs/realsense2_camera_msgs/srv/device_info.hpp
[3.492s] -- Up-to-date symlink: /home/student/sensor_platform_ws/install/realsense2_camera_msgs/include/realsense2_camera_msgs/realsense2_camera_msgs/srv/hardware_monitor_command_send.hpp
[3.492s] -- Up-to-date symlink: /home/student/sensor_platform_ws/install/realsense2_camera_msgs/include/realsense2_camera_msgs/realsense2_camera_msgs/srv/safety_interface_config_read.hpp
[3.492s] -- Up-to-date symlink: /home/student/sensor_platform_ws/install/realsense2_camera_msgs/include/realsense2_camera_msgs/realsense2_camera_msgs/srv/safety_interface_config_write.hpp
[3.493s] -- Up-to-date symlink: /home/student/sensor_platform_ws/install/realsense2_camera_msgs/include/realsense2_camera_msgs/realsense2_camera_msgs/srv/safety_preset_read.hpp
[3.493s] -- Up-to-date symlink: /home/student/sensor_platform_ws/install/realsense2_camera_msgs/include/realsense2_camera_msgs/realsense2_camera_msgs/srv/safety_preset_write.hpp
[3.495s] -- Up-to-date symlink: /home/student/sensor_platform_ws/install/realsense2_camera_msgs/include/realsense2_camera_msgs/realsense2_camera_msgs/action/detail/triggered_calibration__rosidl_typesupport_fastrtps_cpp.hpp
[3.495s] -- Up-to-date symlink: /home/student/sensor_platform_ws/install/realsense2_camera_msgs/include/realsense2_camera_msgs/realsense2_camera_msgs/msg/detail/extrinsics__rosidl_typesupport_fastrtps_cpp.hpp
[3.496s] -- Up-to-date symlink: /home/student/sensor_platform_ws/install/realsense2_camera_msgs/include/realsense2_camera_msgs/realsense2_camera_msgs/msg/detail/imu_info__rosidl_typesupport_fastrtps_cpp.hpp
[3.496s] -- Up-to-date symlink: /home/student/sensor_platform_ws/install/realsense2_camera_msgs/include/realsense2_camera_msgs/realsense2_camera_msgs/msg/detail/metadata__rosidl_typesupport_fastrtps_cpp.hpp
[3.496s] -- Up-to-date symlink: /home/student/sensor_platform_ws/install/realsense2_camera_msgs/include/realsense2_camera_msgs/realsense2_camera_msgs/msg/detail/rgbd__rosidl_typesupport_fastrtps_cpp.hpp
[3.497s] -- Up-to-date symlink: /home/student/sensor_platform_ws/install/realsense2_camera_msgs/include/realsense2_camera_msgs/realsense2_camera_msgs/msg/rosidl_typesupport_fastrtps_cpp__visibility_control.h
[3.497s] -- Up-to-date symlink: /home/student/sensor_platform_ws/install/realsense2_camera_msgs/include/realsense2_camera_msgs/realsense2_camera_msgs/srv/detail/application_config_read__rosidl_typesupport_fastrtps_cpp.hpp
[3.497s] -- Up-to-date symlink: /home/student/sensor_platform_ws/install/realsense2_camera_msgs/include/realsense2_camera_msgs/realsense2_camera_msgs/srv/detail/application_config_write__rosidl_typesupport_fastrtps_cpp.hpp
[3.497s] -- Up-to-date symlink: /home/student/sensor_platform_ws/install/realsense2_camera_msgs/include/realsense2_camera_msgs/realsense2_camera_msgs/srv/detail/calib_config_read__rosidl_typesupport_fastrtps_cpp.hpp
[3.498s] -- Up-to-date symlink: /home/student/sensor_platform_ws/install/realsense2_camera_msgs/include/realsense2_camera_msgs/realsense2_camera_msgs/srv/detail/calib_config_write__rosidl_typesupport_fastrtps_cpp.hpp
[3.498s] -- Up-to-date symlink: /home/student/sensor_platform_ws/install/realsense2_camera_msgs/include/realsense2_camera_msgs/realsense2_camera_msgs/srv/detail/device_info__rosidl_typesupport_fastrtps_cpp.hpp
[3.498s] -- Up-to-date symlink: /home/student/sensor_platform_ws/install/realsense2_camera_msgs/include/realsense2_camera_msgs/realsense2_camera_msgs/srv/detail/hardware_monitor_command_send__rosidl_typesupport_fastrtps_cpp.hpp
[3.499s] -- Up-to-date symlink: /home/student/sensor_platform_ws/install/realsense2_camera_msgs/include/realsense2_camera_msgs/realsense2_camera_msgs/srv/detail/safety_interface_config_read__rosidl_typesupport_fastrtps_cpp.hpp
[3.499s] -- Up-to-date symlink: /home/student/sensor_platform_ws/install/realsense2_camera_msgs/include/realsense2_camera_msgs/realsense2_camera_msgs/srv/detail/safety_interface_config_write__rosidl_typesupport_fastrtps_cpp.hpp
[3.500s] -- Up-to-date symlink: /home/student/sensor_platform_ws/install/realsense2_camera_msgs/include/realsense2_camera_msgs/realsense2_camera_msgs/srv/detail/safety_preset_read__rosidl_typesupport_fastrtps_cpp.hpp
[3.501s] -- Up-to-date symlink: /home/student/sensor_platform_ws/install/realsense2_camera_msgs/include/realsense2_camera_msgs/realsense2_camera_msgs/srv/detail/safety_preset_write__rosidl_typesupport_fastrtps_cpp.hpp
[3.504s] -- Up-to-date symlink: /home/student/sensor_platform_ws/install/realsense2_camera_msgs/include/realsense2_camera_msgs/realsense2_camera_msgs/action/detail/triggered_calibration__rosidl_typesupport_introspection_cpp.hpp
[3.505s] -- Up-to-date symlink: /home/student/sensor_platform_ws/install/realsense2_camera_msgs/include/realsense2_camera_msgs/realsense2_camera_msgs/msg/detail/extrinsics__rosidl_typesupport_introspection_cpp.hpp
[3.505s] -- Up-to-date symlink: /home/student/sensor_platform_ws/install/realsense2_camera_msgs/include/realsense2_camera_msgs/realsense2_camera_msgs/msg/detail/imu_info__rosidl_typesupport_introspection_cpp.hpp
[3.506s] -- Up-to-date symlink: /home/student/sensor_platform_ws/install/realsense2_camera_msgs/include/realsense2_camera_msgs/realsense2_camera_msgs/msg/detail/metadata__rosidl_typesupport_introspection_cpp.hpp
[3.506s] -- Up-to-date symlink: /home/student/sensor_platform_ws/install/realsense2_camera_msgs/include/realsense2_camera_msgs/realsense2_camera_msgs/msg/detail/rgbd__rosidl_typesupport_introspection_cpp.hpp
[3.507s] -- Up-to-date symlink: /home/student/sensor_platform_ws/install/realsense2_camera_msgs/include/realsense2_camera_msgs/realsense2_camera_msgs/srv/detail/application_config_read__rosidl_typesupport_introspection_cpp.hpp
[3.507s] -- Up-to-date symlink: /home/student/sensor_platform_ws/install/realsense2_camera_msgs/include/realsense2_camera_msgs/realsense2_camera_msgs/srv/detail/application_config_write__rosidl_typesupport_introspection_cpp.hpp
[3.508s] -- Up-to-date symlink: /home/student/sensor_platform_ws/install/realsense2_camera_msgs/include/realsense2_camera_msgs/realsense2_camera_msgs/srv/detail/calib_config_read__rosidl_typesupport_introspection_cpp.hpp
[3.508s] -- Up-to-date symlink: /home/student/sensor_platform_ws/install/realsense2_camera_msgs/include/realsense2_camera_msgs/realsense2_camera_msgs/srv/detail/calib_config_write__rosidl_typesupport_introspection_cpp.hpp
[3.509s] -- Up-to-date symlink: /home/student/sensor_platform_ws/install/realsense2_camera_msgs/include/realsense2_camera_msgs/realsense2_camera_msgs/srv/detail/device_info__rosidl_typesupport_introspection_cpp.hpp
[3.509s] -- Up-to-date symlink: /home/student/sensor_platform_ws/install/realsense2_camera_msgs/include/realsense2_camera_msgs/realsense2_camera_msgs/srv/detail/hardware_monitor_command_send__rosidl_typesupport_introspection_cpp.hpp
[3.510s] -- Up-to-date symlink: /home/student/sensor_platform_ws/install/realsense2_camera_msgs/include/realsense2_camera_msgs/realsense2_camera_msgs/srv/detail/safety_interface_config_read__rosidl_typesupport_introspection_cpp.hpp
[3.510s] -- Up-to-date symlink: /home/student/sensor_platform_ws/install/realsense2_camera_msgs/include/realsense2_camera_msgs/realsense2_camera_msgs/srv/detail/safety_interface_config_write__rosidl_typesupport_introspection_cpp.hpp
[3.510s] -- Up-to-date symlink: /home/student/sensor_platform_ws/install/realsense2_camera_msgs/include/realsense2_camera_msgs/realsense2_camera_msgs/srv/detail/safety_preset_read__rosidl_typesupport_introspection_cpp.hpp
[3.511s] -- Up-to-date symlink: /home/student/sensor_platform_ws/install/realsense2_camera_msgs/include/realsense2_camera_msgs/realsense2_camera_msgs/srv/detail/safety_preset_write__rosidl_typesupport_introspection_cpp.hpp
[3.511s] -- Up-to-date symlink: /home/student/sensor_platform_ws/install/realsense2_camera_msgs/share/realsense2_camera_msgs/environment/pythonpath.sh
[3.512s] -- Up-to-date symlink: /home/student/sensor_platform_ws/install/realsense2_camera_msgs/share/realsense2_camera_msgs/environment/pythonpath.dsv
[3.513s] -- Up-to-date symlink: /home/student/sensor_platform_ws/install/realsense2_camera_msgs/local/lib/python3.10/dist-packages/realsense2_camera_msgs-4.57.0-py3.10.egg-info/PKG-INFO
[3.514s] -- Up-to-date symlink: /home/student/sensor_platform_ws/install/realsense2_camera_msgs/local/lib/python3.10/dist-packages/realsense2_camera_msgs-4.57.0-py3.10.egg-info/SOURCES.txt
[3.514s] -- Up-to-date symlink: /home/student/sensor_platform_ws/install/realsense2_camera_msgs/local/lib/python3.10/dist-packages/realsense2_camera_msgs-4.57.0-py3.10.egg-info/dependency_links.txt
[3.514s] -- Up-to-date symlink: /home/student/sensor_platform_ws/install/realsense2_camera_msgs/local/lib/python3.10/dist-packages/realsense2_camera_msgs-4.57.0-py3.10.egg-info/top_level.txt
[3.516s] -- Up-to-date symlink: /home/student/sensor_platform_ws/install/realsense2_camera_msgs/local/lib/python3.10/dist-packages/realsense2_camera_msgs/__init__.py
[3.516s] -- Up-to-date symlink: /home/student/sensor_platform_ws/install/realsense2_camera_msgs/local/lib/python3.10/dist-packages/realsense2_camera_msgs/_realsense2_camera_msgs_s.ep.rosidl_typesupport_c.c
[3.517s] -- Up-to-date symlink: /home/student/sensor_platform_ws/install/realsense2_camera_msgs/local/lib/python3.10/dist-packages/realsense2_camera_msgs/_realsense2_camera_msgs_s.ep.rosidl_typesupport_fastrtps_c.c
[3.517s] -- Up-to-date symlink: /home/student/sensor_platform_ws/install/realsense2_camera_msgs/local/lib/python3.10/dist-packages/realsense2_camera_msgs/_realsense2_camera_msgs_s.ep.rosidl_typesupport_introspection_c.c
[3.518s] -- Up-to-date symlink: /home/student/sensor_platform_ws/install/realsense2_camera_msgs/local/lib/python3.10/dist-packages/realsense2_camera_msgs/action/__init__.py
[3.518s] -- Up-to-date symlink: /home/student/sensor_platform_ws/install/realsense2_camera_msgs/local/lib/python3.10/dist-packages/realsense2_camera_msgs/action/_triggered_calibration.py
[3.531s] -- Up-to-date symlink: /home/student/sensor_platform_ws/install/realsense2_camera_msgs/local/lib/python3.10/dist-packages/realsense2_camera_msgs/action/_triggered_calibration_s.c
[3.533s] -- Up-to-date symlink: /home/student/sensor_platform_ws/install/realsense2_camera_msgs/local/lib/python3.10/dist-packages/realsense2_camera_msgs/librealsense2_camera_msgs__rosidl_generator_py.so
[3.536s] -- Up-to-date symlink: /home/student/sensor_platform_ws/install/realsense2_camera_msgs/local/lib/python3.10/dist-packages/realsense2_camera_msgs/msg/__init__.py
[3.537s] -- Up-to-date symlink: /home/student/sensor_platform_ws/install/realsense2_camera_msgs/local/lib/python3.10/dist-packages/realsense2_camera_msgs/msg/_extrinsics.py
[3.538s] -- Up-to-date symlink: /home/student/sensor_platform_ws/install/realsense2_camera_msgs/local/lib/python3.10/dist-packages/realsense2_camera_msgs/msg/_extrinsics_s.c
[3.539s] -- Up-to-date symlink: /home/student/sensor_platform_ws/install/realsense2_camera_msgs/local/lib/python3.10/dist-packages/realsense2_camera_msgs/msg/_imu_info.py
[3.539s] -- Up-to-date symlink: /home/student/sensor_platform_ws/install/realsense2_camera_msgs/local/lib/python3.10/dist-packages/realsense2_camera_msgs/msg/_imu_info_s.c
[3.540s] -- Up-to-date symlink: /home/student/sensor_platform_ws/install/realsense2_camera_msgs/local/lib/python3.10/dist-packages/realsense2_camera_msgs/msg/_metadata.py
[3.540s] -- Up-to-date symlink: /home/student/sensor_platform_ws/install/realsense2_camera_msgs/local/lib/python3.10/dist-packages/realsense2_camera_msgs/msg/_metadata_s.c
[3.540s] -- Up-to-date symlink: /home/student/sensor_platform_ws/install/realsense2_camera_msgs/local/lib/python3.10/dist-packages/realsense2_camera_msgs/msg/_rgbd.py
[3.540s] -- Up-to-date symlink: /home/student/sensor_platform_ws/install/realsense2_camera_msgs/local/lib/python3.10/dist-packages/realsense2_camera_msgs/msg/_rgbd_s.c
[3.541s] -- Up-to-date symlink: /home/student/sensor_platform_ws/install/realsense2_camera_msgs/local/lib/python3.10/dist-packages/realsense2_camera_msgs/realsense2_camera_msgs_s__rosidl_typesupport_c.cpython-310-x86_64-linux-gnu.so
[3.545s] -- Up-to-date symlink: /home/student/sensor_platform_ws/install/realsense2_camera_msgs/local/lib/python3.10/dist-packages/realsense2_camera_msgs/realsense2_camera_msgs_s__rosidl_typesupport_fastrtps_c.cpython-310-x86_64-linux-gnu.so
[3.573s] -- Up-to-date symlink: /home/student/sensor_platform_ws/install/realsense2_camera_msgs/local/lib/python3.10/dist-packages/realsense2_camera_msgs/realsense2_camera_msgs_s__rosidl_typesupport_introspection_c.cpython-310-x86_64-linux-gnu.so
[3.624s] -- Up-to-date symlink: /home/student/sensor_platform_ws/install/realsense2_camera_msgs/local/lib/python3.10/dist-packages/realsense2_camera_msgs/srv/__init__.py
[3.625s] -- Up-to-date symlink: /home/student/sensor_platform_ws/install/realsense2_camera_msgs/local/lib/python3.10/dist-packages/realsense2_camera_msgs/srv/_application_config_read.py
[3.626s] -- Up-to-date symlink: /home/student/sensor_platform_ws/install/realsense2_camera_msgs/local/lib/python3.10/dist-packages/realsense2_camera_msgs/srv/_application_config_read_s.c
[3.627s] -- Up-to-date symlink: /home/student/sensor_platform_ws/install/realsense2_camera_msgs/local/lib/python3.10/dist-packages/realsense2_camera_msgs/srv/_application_config_write.py
[3.628s] -- Up-to-date symlink: /home/student/sensor_platform_ws/install/realsense2_camera_msgs/local/lib/python3.10/dist-packages/realsense2_camera_msgs/srv/_application_config_write_s.c
[3.641s] -- Up-to-date symlink: /home/student/sensor_platform_ws/install/realsense2_camera_msgs/local/lib/python3.10/dist-packages/realsense2_camera_msgs/srv/_calib_config_read.py
[3.642s] -- Up-to-date symlink: /home/student/sensor_platform_ws/install/realsense2_camera_msgs/local/lib/python3.10/dist-packages/realsense2_camera_msgs/srv/_calib_config_read_s.c
[3.643s] -- Up-to-date symlink: /home/student/sensor_platform_ws/install/realsense2_camera_msgs/local/lib/python3.10/dist-packages/realsense2_camera_msgs/srv/_calib_config_write.py
[3.644s] -- Up-to-date symlink: /home/student/sensor_platform_ws/install/realsense2_camera_msgs/local/lib/python3.10/dist-packages/realsense2_camera_msgs/srv/_calib_config_write_s.c
[3.645s] -- Up-to-date symlink: /home/student/sensor_platform_ws/install/realsense2_camera_msgs/local/lib/python3.10/dist-packages/realsense2_camera_msgs/srv/_device_info.py
[3.646s] -- Up-to-date symlink: /home/student/sensor_platform_ws/install/realsense2_camera_msgs/local/lib/python3.10/dist-packages/realsense2_camera_msgs/srv/_device_info_s.c
[3.647s] -- Up-to-date symlink: /home/student/sensor_platform_ws/install/realsense2_camera_msgs/local/lib/python3.10/dist-packages/realsense2_camera_msgs/srv/_hardware_monitor_command_send.py
[3.648s] -- Up-to-date symlink: /home/student/sensor_platform_ws/install/realsense2_camera_msgs/local/lib/python3.10/dist-packages/realsense2_camera_msgs/srv/_hardware_monitor_command_send_s.c
[3.649s] -- Up-to-date symlink: /home/student/sensor_platform_ws/install/realsense2_camera_msgs/local/lib/python3.10/dist-packages/realsense2_camera_msgs/srv/_safety_interface_config_read.py
[3.666s] -- Up-to-date symlink: /home/student/sensor_platform_ws/install/realsense2_camera_msgs/local/lib/python3.10/dist-packages/realsense2_camera_msgs/srv/_safety_interface_config_read_s.c
[3.666s] -- Up-to-date symlink: /home/student/sensor_platform_ws/install/realsense2_camera_msgs/local/lib/python3.10/dist-packages/realsense2_camera_msgs/srv/_safety_interface_config_write.py
[3.668s] -- Up-to-date symlink: /home/student/sensor_platform_ws/install/realsense2_camera_msgs/local/lib/python3.10/dist-packages/realsense2_camera_msgs/srv/_safety_interface_config_write_s.c
[3.668s] -- Up-to-date symlink: /home/student/sensor_platform_ws/install/realsense2_camera_msgs/local/lib/python3.10/dist-packages/realsense2_camera_msgs/srv/_safety_preset_read.py
[3.669s] -- Up-to-date symlink: /home/student/sensor_platform_ws/install/realsense2_camera_msgs/local/lib/python3.10/dist-packages/realsense2_camera_msgs/srv/_safety_preset_read_s.c
[3.690s] -- Up-to-date symlink: /home/student/sensor_platform_ws/install/realsense2_camera_msgs/local/lib/python3.10/dist-packages/realsense2_camera_msgs/srv/_safety_preset_write.py
[3.691s] -- Up-to-date symlink: /home/student/sensor_platform_ws/install/realsense2_camera_msgs/local/lib/python3.10/dist-packages/realsense2_camera_msgs/srv/_safety_preset_write_s.c
[3.693s] -- Up-to-date symlink: /home/student/sensor_platform_ws/install/realsense2_camera_msgs/local/lib/python3.10/dist-packages/realsense2_camera_msgs/realsense2_camera_msgs_s__rosidl_typesupport_fastrtps_c.cpython-310-x86_64-linux-gnu.so
[3.694s] -- Up-to-date symlink: /home/student/sensor_platform_ws/install/realsense2_camera_msgs/local/lib/python3.10/dist-packages/realsense2_camera_msgs/realsense2_camera_msgs_s__rosidl_typesupport_introspection_c.cpython-310-x86_64-linux-gnu.so
[3.694s] -- Up-to-date symlink: /home/student/sensor_platform_ws/install/realsense2_camera_msgs/local/lib/python3.10/dist-packages/realsense2_camera_msgs/realsense2_camera_msgs_s__rosidl_typesupport_c.cpython-310-x86_64-linux-gnu.so
[3.695s] -- Up-to-date symlink: /home/student/sensor_platform_ws/install/realsense2_camera_msgs/share/ament_index/resource_index/rust_packages/realsense2_camera_msgs
[3.696s] -- Up-to-date symlink: /home/student/sensor_platform_ws/install/realsense2_camera_msgs/share/realsense2_camera_msgs/rust/Cargo.toml
[3.706s] -- Up-to-date symlink: /home/student/sensor_platform_ws/install/realsense2_camera_msgs/share/realsense2_camera_msgs/rust/build.rs
[3.708s] -- Up-to-date symlink: /home/student/sensor_platform_ws/install/realsense2_camera_msgs/share/realsense2_camera_msgs/rust/src/action.rs
[3.709s] -- Up-to-date symlink: /home/student/sensor_platform_ws/install/realsense2_camera_msgs/share/realsense2_camera_msgs/rust/src/action/rmw.rs
[3.715s] -- Up-to-date symlink: /home/student/sensor_platform_ws/install/realsense2_camera_msgs/share/realsense2_camera_msgs/rust/src/lib.rs
[3.716s] -- Up-to-date symlink: /home/student/sensor_platform_ws/install/realsense2_camera_msgs/share/realsense2_camera_msgs/rust/src/msg.rs
[3.757s] -- Up-to-date symlink: /home/student/sensor_platform_ws/install/realsense2_camera_msgs/share/realsense2_camera_msgs/rust/src/msg/rmw.rs
[3.758s] -- Up-to-date symlink: /home/student/sensor_platform_ws/install/realsense2_camera_msgs/share/realsense2_camera_msgs/rust/src/srv.rs
[3.760s] -- Up-to-date symlink: /home/student/sensor_platform_ws/install/realsense2_camera_msgs/share/realsense2_camera_msgs/rust/src/srv/rmw.rs
[3.766s] -- Up-to-date symlink: /home/student/sensor_platform_ws/install/realsense2_camera_msgs/share/realsense2_camera_msgs/msg/IMUInfo.idl
[3.768s] -- Up-to-date symlink: /home/student/sensor_platform_ws/install/realsense2_camera_msgs/share/realsense2_camera_msgs/msg/Extrinsics.idl
[3.769s] -- Up-to-date symlink: /home/student/sensor_platform_ws/install/realsense2_camera_msgs/share/realsense2_camera_msgs/msg/Metadata.idl
[3.770s] -- Up-to-date symlink: /home/student/sensor_platform_ws/install/realsense2_camera_msgs/share/realsense2_camera_msgs/msg/RGBD.idl
[3.771s] -- Up-to-date symlink: /home/student/sensor_platform_ws/install/realsense2_camera_msgs/share/realsense2_camera_msgs/srv/DeviceInfo.idl
[3.782s] -- Up-to-date symlink: /home/student/sensor_platform_ws/install/realsense2_camera_msgs/share/realsense2_camera_msgs/srv/SafetyPresetRead.idl
[3.783s] -- Up-to-date symlink: /home/student/sensor_platform_ws/install/realsense2_camera_msgs/share/realsense2_camera_msgs/srv/SafetyPresetWrite.idl
[3.785s] -- Up-to-date symlink: /home/student/sensor_platform_ws/install/realsense2_camera_msgs/share/realsense2_camera_msgs/srv/SafetyInterfaceConfigRead.idl
[3.786s] -- Up-to-date symlink: /home/student/sensor_platform_ws/install/realsense2_camera_msgs/share/realsense2_camera_msgs/srv/SafetyInterfaceConfigWrite.idl
[3.786s] -- Up-to-date symlink: /home/student/sensor_platform_ws/install/realsense2_camera_msgs/share/realsense2_camera_msgs/srv/CalibConfigRead.idl
[3.787s] -- Up-to-date symlink: /home/student/sensor_platform_ws/install/realsense2_camera_msgs/share/realsense2_camera_msgs/srv/CalibConfigWrite.idl
[3.787s] -- Up-to-date symlink: /home/student/sensor_platform_ws/install/realsense2_camera_msgs/share/realsense2_camera_msgs/srv/ApplicationConfigRead.idl
[3.808s] -- Up-to-date symlink: /home/student/sensor_platform_ws/install/realsense2_camera_msgs/share/realsense2_camera_msgs/srv/ApplicationConfigWrite.idl
[3.809s] -- Up-to-date symlink: /home/student/sensor_platform_ws/install/realsense2_camera_msgs/share/realsense2_camera_msgs/srv/HardwareMonitorCommandSend.idl
[3.817s] -- Up-to-date symlink: /home/student/sensor_platform_ws/install/realsense2_camera_msgs/share/realsense2_camera_msgs/action/TriggeredCalibration.idl
[3.819s] -- Up-to-date symlink: /home/student/sensor_platform_ws/install/realsense2_camera_msgs/share/realsense2_camera_msgs/msg/IMUInfo.msg
[3.820s] -- Up-to-date symlink: /home/student/sensor_platform_ws/install/realsense2_camera_msgs/share/realsense2_camera_msgs/msg/Extrinsics.msg
[3.822s] -- Up-to-date symlink: /home/student/sensor_platform_ws/install/realsense2_camera_msgs/share/realsense2_camera_msgs/msg/Metadata.msg
[3.823s] -- Up-to-date symlink: /home/student/sensor_platform_ws/install/realsense2_camera_msgs/share/realsense2_camera_msgs/msg/RGBD.msg
[3.833s] -- Up-to-date symlink: /home/student/sensor_platform_ws/install/realsense2_camera_msgs/share/realsense2_camera_msgs/srv/DeviceInfo.srv
[3.836s] -- Up-to-date symlink: /home/student/sensor_platform_ws/install/realsense2_camera_msgs/share/realsense2_camera_msgs/srv/DeviceInfo_Request.msg
[3.837s] -- Up-to-date symlink: /home/student/sensor_platform_ws/install/realsense2_camera_msgs/share/realsense2_camera_msgs/srv/DeviceInfo_Response.msg
[3.838s] -- Up-to-date symlink: /home/student/sensor_platform_ws/install/realsense2_camera_msgs/share/realsense2_camera_msgs/srv/SafetyPresetRead.srv
[3.839s] -- Up-to-date symlink: /home/student/sensor_platform_ws/install/realsense2_camera_msgs/share/realsense2_camera_msgs/srv/SafetyPresetRead_Request.msg
[3.850s] -- Up-to-date symlink: /home/student/sensor_platform_ws/install/realsense2_camera_msgs/share/realsense2_camera_msgs/srv/SafetyPresetRead_Response.msg
[3.852s] -- Up-to-date symlink: /home/student/sensor_platform_ws/install/realsense2_camera_msgs/share/realsense2_camera_msgs/srv/SafetyPresetWrite.srv
[3.853s] -- Up-to-date symlink: /home/student/sensor_platform_ws/install/realsense2_camera_msgs/share/realsense2_camera_msgs/srv/SafetyPresetWrite_Request.msg
[3.855s] -- Up-to-date symlink: /home/student/sensor_platform_ws/install/realsense2_camera_msgs/share/realsense2_camera_msgs/srv/SafetyPresetWrite_Response.msg
[3.857s] -- Up-to-date symlink: /home/student/sensor_platform_ws/install/realsense2_camera_msgs/share/realsense2_camera_msgs/srv/SafetyInterfaceConfigRead.srv
[3.861s] -- Up-to-date symlink: /home/student/sensor_platform_ws/install/realsense2_camera_msgs/share/realsense2_camera_msgs/srv/SafetyInterfaceConfigRead_Request.msg
[3.862s] -- Up-to-date symlink: /home/student/sensor_platform_ws/install/realsense2_camera_msgs/share/realsense2_camera_msgs/srv/SafetyInterfaceConfigRead_Response.msg
[3.864s] -- Up-to-date symlink: /home/student/sensor_platform_ws/install/realsense2_camera_msgs/share/realsense2_camera_msgs/srv/SafetyInterfaceConfigWrite.srv
[3.866s] -- Up-to-date symlink: /home/student/sensor_platform_ws/install/realsense2_camera_msgs/share/realsense2_camera_msgs/srv/SafetyInterfaceConfigWrite_Request.msg
[3.867s] -- Up-to-date symlink: /home/student/sensor_platform_ws/install/realsense2_camera_msgs/share/realsense2_camera_msgs/srv/SafetyInterfaceConfigWrite_Response.msg
[3.867s] -- Up-to-date symlink: /home/student/sensor_platform_ws/install/realsense2_camera_msgs/share/realsense2_camera_msgs/srv/CalibConfigRead.srv
[3.868s] -- Up-to-date symlink: /home/student/sensor_platform_ws/install/realsense2_camera_msgs/share/realsense2_camera_msgs/srv/CalibConfigRead_Request.msg
[3.869s] -- Up-to-date symlink: /home/student/sensor_platform_ws/install/realsense2_camera_msgs/share/realsense2_camera_msgs/srv/CalibConfigRead_Response.msg
[3.870s] -- Up-to-date symlink: /home/student/sensor_platform_ws/install/realsense2_camera_msgs/share/realsense2_camera_msgs/srv/CalibConfigWrite.srv
[3.872s] -- Up-to-date symlink: /home/student/sensor_platform_ws/install/realsense2_camera_msgs/share/realsense2_camera_msgs/srv/CalibConfigWrite_Request.msg
[3.874s] -- Up-to-date symlink: /home/student/sensor_platform_ws/install/realsense2_camera_msgs/share/realsense2_camera_msgs/srv/CalibConfigWrite_Response.msg
[3.874s] -- Up-to-date symlink: /home/student/sensor_platform_ws/install/realsense2_camera_msgs/share/realsense2_camera_msgs/srv/ApplicationConfigRead.srv
[3.874s] -- Up-to-date symlink: /home/student/sensor_platform_ws/install/realsense2_camera_msgs/share/realsense2_camera_msgs/srv/ApplicationConfigRead_Request.msg
[3.875s] -- Up-to-date symlink: /home/student/sensor_platform_ws/install/realsense2_camera_msgs/share/realsense2_camera_msgs/srv/ApplicationConfigRead_Response.msg
[3.875s] -- Up-to-date symlink: /home/student/sensor_platform_ws/install/realsense2_camera_msgs/share/realsense2_camera_msgs/srv/ApplicationConfigWrite.srv
[3.875s] -- Up-to-date symlink: /home/student/sensor_platform_ws/install/realsense2_camera_msgs/share/realsense2_camera_msgs/srv/ApplicationConfigWrite_Request.msg
[3.875s] -- Up-to-date symlink: /home/student/sensor_platform_ws/install/realsense2_camera_msgs/share/realsense2_camera_msgs/srv/ApplicationConfigWrite_Response.msg
[3.876s] -- Up-to-date symlink: /home/student/sensor_platform_ws/install/realsense2_camera_msgs/share/realsense2_camera_msgs/srv/HardwareMonitorCommandSend.srv
[3.876s] -- Up-to-date symlink: /home/student/sensor_platform_ws/install/realsense2_camera_msgs/share/realsense2_camera_msgs/srv/HardwareMonitorCommandSend_Request.msg
[3.876s] -- Up-to-date symlink: /home/student/sensor_platform_ws/install/realsense2_camera_msgs/share/realsense2_camera_msgs/srv/HardwareMonitorCommandSend_Response.msg
[3.876s] -- Up-to-date symlink: /home/student/sensor_platform_ws/install/realsense2_camera_msgs/share/realsense2_camera_msgs/action/TriggeredCalibration.action
[3.876s] -- Up-to-date symlink: /home/student/sensor_platform_ws/install/realsense2_camera_msgs/share/ament_index/resource_index/package_run_dependencies/realsense2_camera_msgs
[3.877s] -- Up-to-date symlink: /home/student/sensor_platform_ws/install/realsense2_camera_msgs/share/ament_index/resource_index/parent_prefix_path/realsense2_camera_msgs
[3.877s] -- Up-to-date symlink: /home/student/sensor_platform_ws/install/realsense2_camera_msgs/share/realsense2_camera_msgs/environment/ament_prefix_path.sh
[3.878s] -- Up-to-date symlink: /home/student/sensor_platform_ws/install/realsense2_camera_msgs/share/realsense2_camera_msgs/environment/ament_prefix_path.dsv
[3.878s] -- Up-to-date symlink: /home/student/sensor_platform_ws/install/realsense2_camera_msgs/share/realsense2_camera_msgs/environment/path.sh
[3.879s] -- Up-to-date symlink: /home/student/sensor_platform_ws/install/realsense2_camera_msgs/share/realsense2_camera_msgs/environment/path.dsv
[3.879s] -- Up-to-date symlink: /home/student/sensor_platform_ws/install/realsense2_camera_msgs/share/realsense2_camera_msgs/local_setup.bash
[3.880s] -- Up-to-date symlink: /home/student/sensor_platform_ws/install/realsense2_camera_msgs/share/realsense2_camera_msgs/local_setup.sh
[3.880s] -- Up-to-date symlink: /home/student/sensor_platform_ws/install/realsense2_camera_msgs/share/realsense2_camera_msgs/local_setup.zsh
[3.880s] -- Up-to-date symlink: /home/student/sensor_platform_ws/install/realsense2_camera_msgs/share/realsense2_camera_msgs/local_setup.dsv
[3.881s] -- Symlinking: /home/student/sensor_platform_ws/install/realsense2_camera_msgs/share/realsense2_camera_msgs/package.dsv
[3.891s] -- Up-to-date symlink: /home/student/sensor_platform_ws/install/realsense2_camera_msgs/share/ament_index/resource_index/packages/realsense2_camera_msgs
[3.892s] -- Up-to-date symlink: /home/student/sensor_platform_ws/install/realsense2_camera_msgs/share/realsense2_camera_msgs/cmake/rosidl_cmake-extras.cmake
[3.892s] -- Up-to-date symlink: /home/student/sensor_platform_ws/install/realsense2_camera_msgs/share/realsense2_camera_msgs/cmake/ament_cmake_export_dependencies-extras.cmake
[3.892s] -- Up-to-date symlink: /home/student/sensor_platform_ws/install/realsense2_camera_msgs/share/realsense2_camera_msgs/cmake/ament_cmake_export_include_directories-extras.cmake
[3.892s] -- Up-to-date symlink: /home/student/sensor_platform_ws/install/realsense2_camera_msgs/share/realsense2_camera_msgs/cmake/ament_cmake_export_libraries-extras.cmake
[3.892s] -- Up-to-date symlink: /home/student/sensor_platform_ws/install/realsense2_camera_msgs/share/realsense2_camera_msgs/cmake/ament_cmake_export_targets-extras.cmake
[3.892s] -- Up-to-date symlink: /home/student/sensor_platform_ws/install/realsense2_camera_msgs/share/realsense2_camera_msgs/cmake/rosidl_cmake_export_typesupport_targets-extras.cmake
[3.893s] -- Up-to-date symlink: /home/student/sensor_platform_ws/install/realsense2_camera_msgs/share/realsense2_camera_msgs/cmake/rosidl_cmake_export_typesupport_libraries-extras.cmake
[3.893s] -- Up-to-date symlink: /home/student/sensor_platform_ws/install/realsense2_camera_msgs/share/realsense2_camera_msgs/cmake/realsense2_camera_msgsConfig.cmake
[3.893s] -- Up-to-date symlink: /home/student/sensor_platform_ws/install/realsense2_camera_msgs/share/realsense2_camera_msgs/cmake/realsense2_camera_msgsConfig-version.cmake
[3.894s] -- Up-to-date symlink: /home/student/sensor_platform_ws/install/realsense2_camera_msgs/share/realsense2_camera_msgs/package.xml
[3.903s] -- Up-to-date: /home/student/sensor_platform_ws/install/realsense2_camera_msgs/lib/librealsense2_camera_msgs__rosidl_generator_c.so
[3.916s] -- Up-to-date: /home/student/sensor_platform_ws/install/realsense2_camera_msgs/lib/librealsense2_camera_msgs__rosidl_typesupport_fastrtps_c.so
[3.919s] -- Up-to-date: /home/student/sensor_platform_ws/install/realsense2_camera_msgs/lib/librealsense2_camera_msgs__rosidl_typesupport_introspection_c.so
[3.925s] -- Up-to-date: /home/student/sensor_platform_ws/install/realsense2_camera_msgs/lib/librealsense2_camera_msgs__rosidl_typesupport_c.so
[3.930s] -- Up-to-date: /home/student/sensor_platform_ws/install/realsense2_camera_msgs/lib/librealsense2_camera_msgs__rosidl_typesupport_fastrtps_cpp.so
[3.932s] -- Up-to-date: /home/student/sensor_platform_ws/install/realsense2_camera_msgs/lib/librealsense2_camera_msgs__rosidl_typesupport_introspection_cpp.so
[3.942s] -- Up-to-date: /home/student/sensor_platform_ws/install/realsense2_camera_msgs/lib/librealsense2_camera_msgs__rosidl_typesupport_cpp.so
[4.015s] Listing '/home/student/sensor_platform_ws/install/realsense2_camera_msgs/local/lib/python3.10/dist-packages/realsense2_camera_msgs'...
[4.015s] Listing '/home/student/sensor_platform_ws/install/realsense2_camera_msgs/local/lib/python3.10/dist-packages/realsense2_camera_msgs/action'...
[4.015s] Listing '/home/student/sensor_platform_ws/install/realsense2_camera_msgs/local/lib/python3.10/dist-packages/realsense2_camera_msgs/msg'...
[4.015s] Listing '/home/student/sensor_platform_ws/install/realsense2_camera_msgs/local/lib/python3.10/dist-packages/realsense2_camera_msgs/srv'...
[4.020s] -- Up-to-date: /home/student/sensor_platform_ws/install/realsense2_camera_msgs/lib/librealsense2_camera_msgs__rosidl_generator_py.so
[4.041s] -- Up-to-date: /home/student/sensor_platform_ws/install/realsense2_camera_msgs/share/realsense2_camera_msgs/cmake/export_realsense2_camera_msgs__rosidl_generator_cExport.cmake
[4.041s] -- Up-to-date: /home/student/sensor_platform_ws/install/realsense2_camera_msgs/share/realsense2_camera_msgs/cmake/export_realsense2_camera_msgs__rosidl_generator_cExport-release.cmake
[4.042s] -- Up-to-date: /home/student/sensor_platform_ws/install/realsense2_camera_msgs/share/realsense2_camera_msgs/cmake/export_realsense2_camera_msgs__rosidl_typesupport_fastrtps_cExport.cmake
[4.042s] -- Up-to-date: /home/student/sensor_platform_ws/install/realsense2_camera_msgs/share/realsense2_camera_msgs/cmake/export_realsense2_camera_msgs__rosidl_typesupport_fastrtps_cExport-release.cmake
[4.043s] -- Up-to-date: /home/student/sensor_platform_ws/install/realsense2_camera_msgs/share/realsense2_camera_msgs/cmake/realsense2_camera_msgs__rosidl_typesupport_introspection_cExport.cmake
[4.043s] -- Up-to-date: /home/student/sensor_platform_ws/install/realsense2_camera_msgs/share/realsense2_camera_msgs/cmake/realsense2_camera_msgs__rosidl_typesupport_introspection_cExport-release.cmake
[4.043s] -- Up-to-date: /home/student/sensor_platform_ws/install/realsense2_camera_msgs/share/realsense2_camera_msgs/cmake/realsense2_camera_msgs__rosidl_typesupport_cExport.cmake
[4.043s] -- Up-to-date: /home/student/sensor_platform_ws/install/realsense2_camera_msgs/share/realsense2_camera_msgs/cmake/realsense2_camera_msgs__rosidl_typesupport_cExport-release.cmake
[4.044s] -- Up-to-date: /home/student/sensor_platform_ws/install/realsense2_camera_msgs/share/realsense2_camera_msgs/cmake/export_realsense2_camera_msgs__rosidl_generator_cppExport.cmake
[4.044s] -- Up-to-date: /home/student/sensor_platform_ws/install/realsense2_camera_msgs/share/realsense2_camera_msgs/cmake/export_realsense2_camera_msgs__rosidl_typesupport_fastrtps_cppExport.cmake
[4.044s] -- Up-to-date: /home/student/sensor_platform_ws/install/realsense2_camera_msgs/share/realsense2_camera_msgs/cmake/export_realsense2_camera_msgs__rosidl_typesupport_fastrtps_cppExport-release.cmake
[4.045s] -- Up-to-date: /home/student/sensor_platform_ws/install/realsense2_camera_msgs/share/realsense2_camera_msgs/cmake/realsense2_camera_msgs__rosidl_typesupport_introspection_cppExport.cmake
[4.045s] -- Up-to-date: /home/student/sensor_platform_ws/install/realsense2_camera_msgs/share/realsense2_camera_msgs/cmake/realsense2_camera_msgs__rosidl_typesupport_introspection_cppExport-release.cmake
[4.045s] -- Up-to-date: /home/student/sensor_platform_ws/install/realsense2_camera_msgs/share/realsense2_camera_msgs/cmake/realsense2_camera_msgs__rosidl_typesupport_cppExport.cmake
[4.046s] -- Up-to-date: /home/student/sensor_platform_ws/install/realsense2_camera_msgs/share/realsense2_camera_msgs/cmake/realsense2_camera_msgs__rosidl_typesupport_cppExport-release.cmake
[4.046s] -- Up-to-date: /home/student/sensor_platform_ws/install/realsense2_camera_msgs/share/realsense2_camera_msgs/cmake/export_realsense2_camera_msgs__rosidl_generator_pyExport.cmake
[4.046s] -- Up-to-date: /home/student/sensor_platform_ws/install/realsense2_camera_msgs/share/realsense2_camera_msgs/cmake/export_realsense2_camera_msgs__rosidl_generator_pyExport-release.cmake
[4.050s] Invoked command in '/home/student/sensor_platform_ws/build/realsense2_camera_msgs' returned '0': CMAKE_PREFIX_PATH=/opt/ros/humble /usr/bin/cmake --install /home/student/sensor_platform_ws/build/realsense2_camera_msgs
