[0.022s] Invoking command in '/home/student/sensor_platform_ws/build/uavcan_bridge': CMAKE_PREFIX_PATH=/opt/ros/humble /usr/bin/cmake --build /home/student/sensor_platform_ws/build/uavcan_bridge -- -j8 -l8
[0.056s] [35m[1mConsolidate compiler generated dependencies of target dronecan_bridge_component[0m
[0.090s] [ 60%] Built target dronecan_bridge_component
[0.090s] [100%] Built target dronecan_bridge_node
[0.150s] Invoked command in '/home/student/sensor_platform_ws/build/uavcan_bridge' returned '0': CMAKE_PREFIX_PATH=/opt/ros/humble /usr/bin/cmake --build /home/student/sensor_platform_ws/build/uavcan_bridge -- -j8 -l8
[0.151s] Invoking command in '/home/student/sensor_platform_ws/build/uavcan_bridge': CMAKE_PREFIX_PATH=/opt/ros/humble /usr/bin/cmake --install /home/student/sensor_platform_ws/build/uavcan_bridge
[0.159s] -- Install configuration: ""
[0.159s] -- Execute custom install script
[0.159s] -- Up-to-date symlink: /home/student/sensor_platform_ws/install/uavcan_bridge/lib/uavcan_bridge/dronecan_bridge_node
[0.159s] -- Up-to-date symlink: /home/student/sensor_platform_ws/install/uavcan_bridge/lib/libdronecan_bridge_component.so
[0.159s] -- Up-to-date symlink: /home/student/sensor_platform_ws/install/uavcan_bridge/share/ament_index/resource_index/package_run_dependencies/uavcan_bridge
[0.159s] -- Up-to-date symlink: /home/student/sensor_platform_ws/install/uavcan_bridge/share/ament_index/resource_index/parent_prefix_path/uavcan_bridge
[0.159s] -- Up-to-date symlink: /home/student/sensor_platform_ws/install/uavcan_bridge/share/uavcan_bridge/environment/ament_prefix_path.sh
[0.159s] -- Up-to-date symlink: /home/student/sensor_platform_ws/install/uavcan_bridge/share/uavcan_bridge/environment/ament_prefix_path.dsv
[0.160s] -- Up-to-date symlink: /home/student/sensor_platform_ws/install/uavcan_bridge/share/uavcan_bridge/environment/path.sh
[0.160s] -- Up-to-date symlink: /home/student/sensor_platform_ws/install/uavcan_bridge/share/uavcan_bridge/environment/path.dsv
[0.160s] -- Up-to-date symlink: /home/student/sensor_platform_ws/install/uavcan_bridge/share/uavcan_bridge/local_setup.bash
[0.160s] -- Up-to-date symlink: /home/student/sensor_platform_ws/install/uavcan_bridge/share/uavcan_bridge/local_setup.sh
[0.160s] -- Up-to-date symlink: /home/student/sensor_platform_ws/install/uavcan_bridge/share/uavcan_bridge/local_setup.zsh
[0.160s] -- Up-to-date symlink: /home/student/sensor_platform_ws/install/uavcan_bridge/share/uavcan_bridge/local_setup.dsv
[0.160s] -- Symlinking: /home/student/sensor_platform_ws/install/uavcan_bridge/share/uavcan_bridge/package.dsv
[0.166s] -- Up-to-date symlink: /home/student/sensor_platform_ws/install/uavcan_bridge/share/ament_index/resource_index/packages/uavcan_bridge
[0.168s] -- Up-to-date symlink: /home/student/sensor_platform_ws/install/uavcan_bridge/share/ament_index/resource_index/rclcpp_components/uavcan_bridge
[0.168s] -- Up-to-date symlink: /home/student/sensor_platform_ws/install/uavcan_bridge/share/uavcan_bridge/cmake/ament_cmake_export_dependencies-extras.cmake
[0.168s] -- Up-to-date symlink: /home/student/sensor_platform_ws/install/uavcan_bridge/share/uavcan_bridge/cmake/uavcan_bridgeConfig.cmake
[0.168s] -- Up-to-date symlink: /home/student/sensor_platform_ws/install/uavcan_bridge/share/uavcan_bridge/cmake/uavcan_bridgeConfig-version.cmake
[0.168s] -- Up-to-date symlink: /home/student/sensor_platform_ws/install/uavcan_bridge/share/uavcan_bridge/package.xml
[0.173s] Invoked command in '/home/student/sensor_platform_ws/build/uavcan_bridge' returned '0': CMAKE_PREFIX_PATH=/opt/ros/humble /usr/bin/cmake --install /home/student/sensor_platform_ws/build/uavcan_bridge
