[0.050s] Invoking command in '/home/student/sensor_platform_ws/build/platform_bringup': AMENT_PREFIX_PATH=/home/student/sensor_platform_ws/install/realsense2_camera:/home/student/sensor_platform_ws/install/realsense2_camera_msgs:${AMENT_PREFIX_PATH} CMAKE_PREFIX_PATH=/home/student/sensor_platform_ws/install/realsense2_camera:/home/student/sensor_platform_ws/install/realsense2_camera_msgs:/opt/ros/humble LD_LIBRARY_PATH=/home/student/sensor_platform_ws/install/realsense2_camera/lib:/home/student/sensor_platform_ws/install/realsense2_camera_msgs/lib:${LD_LIBRARY_PATH} PYTHONPATH=/home/student/sensor_platform_ws/install/realsense2_camera_msgs/local/lib/python3.10/dist-packages:${PYTHONPATH} /usr/bin/cmake --build /home/student/sensor_platform_ws/build/platform_bringup -- -j8 -l8
[0.167s] Invoked command in '/home/student/sensor_platform_ws/build/platform_bringup' returned '0': AMENT_PREFIX_PATH=/home/student/sensor_platform_ws/install/realsense2_camera:/home/student/sensor_platform_ws/install/realsense2_camera_msgs:${AMENT_PREFIX_PATH} CMAKE_PREFIX_PATH=/home/student/sensor_platform_ws/install/realsense2_camera:/home/student/sensor_platform_ws/install/realsense2_camera_msgs:/opt/ros/humble LD_LIBRARY_PATH=/home/student/sensor_platform_ws/install/realsense2_camera/lib:/home/student/sensor_platform_ws/install/realsense2_camera_msgs/lib:${LD_LIBRARY_PATH} PYTHONPATH=/home/student/sensor_platform_ws/install/realsense2_camera_msgs/local/lib/python3.10/dist-packages:${PYTHONPATH} /usr/bin/cmake --build /home/student/sensor_platform_ws/build/platform_bringup -- -j8 -l8
[0.194s] Invoking command in '/home/student/sensor_platform_ws/build/platform_bringup': AMENT_PREFIX_PATH=/home/student/sensor_platform_ws/install/realsense2_camera:/home/student/sensor_platform_ws/install/realsense2_camera_msgs:${AMENT_PREFIX_PATH} CMAKE_PREFIX_PATH=/home/student/sensor_platform_ws/install/realsense2_camera:/home/student/sensor_platform_ws/install/realsense2_camera_msgs:/opt/ros/humble LD_LIBRARY_PATH=/home/student/sensor_platform_ws/install/realsense2_camera/lib:/home/student/sensor_platform_ws/install/realsense2_camera_msgs/lib:${LD_LIBRARY_PATH} PYTHONPATH=/home/student/sensor_platform_ws/install/realsense2_camera_msgs/local/lib/python3.10/dist-packages:${PYTHONPATH} /usr/bin/cmake --install /home/student/sensor_platform_ws/build/platform_bringup
[0.204s] -- Install configuration: "Release"
[0.218s] -- Execute custom install script
[0.229s] -- Up-to-date symlink: /home/student/sensor_platform_ws/install/platform_bringup/share/platform_bringup/launch/olive_bridge.launch.py
[0.232s] -- Up-to-date symlink: /home/student/sensor_platform_ws/install/platform_bringup/share/platform_bringup/launch/system.launch.py
[0.233s] -- Up-to-date symlink: /home/student/sensor_platform_ws/install/platform_bringup/share/platform_bringup/launch/test_hflow.launch.py
[0.233s] -- Up-to-date symlink: /home/student/sensor_platform_ws/install/platform_bringup/share/platform_bringup/launch/test_olix_cam.launch.py
[0.234s] -- Up-to-date symlink: /home/student/sensor_platform_ws/install/platform_bringup/share/platform_bringup/launch/test_olix_imu.launch.py
[0.234s] -- Up-to-date symlink: /home/student/sensor_platform_ws/install/platform_bringup/share/platform_bringup/launch/test_sync.launch.py
[0.240s] -- Up-to-date symlink: /home/student/sensor_platform_ws/install/platform_bringup/share/platform_bringup/config/ekf.yaml
[0.243s] -- Up-to-date symlink: /home/student/sensor_platform_ws/install/platform_bringup/share/platform_bringup/config/olive_bridge.yaml
[0.243s] -- Up-to-date symlink: /home/student/sensor_platform_ws/install/platform_bringup/share/platform_bringup/config/realsense_optimized.yaml
[0.244s] -- Up-to-date symlink: /home/student/sensor_platform_ws/install/platform_bringup/share/platform_bringup/config/xsens_optimized.yaml
[0.245s] -- Up-to-date symlink: /home/student/sensor_platform_ws/install/platform_bringup/share/ament_index/resource_index/package_run_dependencies/platform_bringup
[0.246s] -- Up-to-date symlink: /home/student/sensor_platform_ws/install/platform_bringup/share/ament_index/resource_index/parent_prefix_path/platform_bringup
[0.246s] -- Up-to-date symlink: /home/student/sensor_platform_ws/install/platform_bringup/share/platform_bringup/environment/ament_prefix_path.sh
[0.247s] -- Up-to-date symlink: /home/student/sensor_platform_ws/install/platform_bringup/share/platform_bringup/environment/ament_prefix_path.dsv
[0.247s] -- Up-to-date symlink: /home/student/sensor_platform_ws/install/platform_bringup/share/platform_bringup/environment/path.sh
[0.248s] -- Up-to-date symlink: /home/student/sensor_platform_ws/install/platform_bringup/share/platform_bringup/environment/path.dsv
[0.248s] -- Up-to-date symlink: /home/student/sensor_platform_ws/install/platform_bringup/share/platform_bringup/local_setup.bash
[0.249s] -- Up-to-date symlink: /home/student/sensor_platform_ws/install/platform_bringup/share/platform_bringup/local_setup.sh
[0.249s] -- Up-to-date symlink: /home/student/sensor_platform_ws/install/platform_bringup/share/platform_bringup/local_setup.zsh
[0.250s] -- Up-to-date symlink: /home/student/sensor_platform_ws/install/platform_bringup/share/platform_bringup/local_setup.dsv
[0.250s] -- Symlinking: /home/student/sensor_platform_ws/install/platform_bringup/share/platform_bringup/package.dsv
[0.267s] -- Up-to-date symlink: /home/student/sensor_platform_ws/install/platform_bringup/share/ament_index/resource_index/packages/platform_bringup
[0.268s] -- Up-to-date symlink: /home/student/sensor_platform_ws/install/platform_bringup/share/platform_bringup/cmake/platform_bringupConfig.cmake
[0.268s] -- Up-to-date symlink: /home/student/sensor_platform_ws/install/platform_bringup/share/platform_bringup/cmake/platform_bringupConfig-version.cmake
[0.269s] -- Up-to-date symlink: /home/student/sensor_platform_ws/install/platform_bringup/share/platform_bringup/package.xml
[0.272s] Invoked command in '/home/student/sensor_platform_ws/build/platform_bringup' returned '0': AMENT_PREFIX_PATH=/home/student/sensor_platform_ws/install/realsense2_camera:/home/student/sensor_platform_ws/install/realsense2_camera_msgs:${AMENT_PREFIX_PATH} CMAKE_PREFIX_PATH=/home/student/sensor_platform_ws/install/realsense2_camera:/home/student/sensor_platform_ws/install/realsense2_camera_msgs:/opt/ros/humble LD_LIBRARY_PATH=/home/student/sensor_platform_ws/install/realsense2_camera/lib:/home/student/sensor_platform_ws/install/realsense2_camera_msgs/lib:${LD_LIBRARY_PATH} PYTHONPATH=/home/student/sensor_platform_ws/install/realsense2_camera_msgs/local/lib/python3.10/dist-packages:${PYTHONPATH} /usr/bin/cmake --install /home/student/sensor_platform_ws/build/platform_bringup
