[0.188s] Invoking command in '/home/student/sensor_platform_ws/build/platform_processing': CMAKE_PREFIX_PATH=/opt/ros/humble /usr/bin/cmake /home/student/sensor_platform_ws/src/platform_processing -DCMAKE_INSTALL_PREFIX=/home/student/sensor_platform_ws/install/platform_processing
[0.289s] -- Found ament_cmake: 1.3.14 (/opt/ros/humble/share/ament_cmake/cmake)
[0.616s] -- Override CMake install command with custom implementation using symlinks instead of copying resources
[0.721s] -- Found rclcpp: 16.0.19 (/opt/ros/humble/share/rclcpp/cmake)
[1.199s] -- Found rosidl_generator_c: 3.1.8 (/opt/ros/humble/share/rosidl_generator_c/cmake)
[1.204s] -- Found rosidl_adapter: 3.1.8 (/opt/ros/humble/share/rosidl_adapter/cmake)
[1.231s] -- Found rosidl_generator_cpp: 3.1.8 (/opt/ros/humble/share/rosidl_generator_cpp/cmake)
[1.367s] -- Using all available rosidl_typesupport_c: rosidl_typesupport_fastrtps_c;rosidl_typesupport_introspection_c
[1.399s] -- Using all available rosidl_typesupport_cpp: rosidl_typesupport_fastrtps_cpp;rosidl_typesupport_introspection_cpp
[1.531s] -- Found rmw_implementation_cmake: 6.1.2 (/opt/ros/humble/share/rmw_implementation_cmake/cmake)
[1.595s] -- Found rmw_fastrtps_cpp: 6.2.10 (/opt/ros/humble/share/rmw_fastrtps_cpp/cmake)
[2.262s] -- Using RMW implementation 'rmw_fastrtps_cpp' as default
[2.437s] -- Found sensor_msgs: 4.9.1 (/opt/ros/humble/share/sensor_msgs/cmake)
[2.501s] -- Found message_filters: 4.3.15 (/opt/ros/humble/share/message_filters/cmake)
[2.528s] -- Found rclcpp_components: 16.0.19 (/opt/ros/humble/share/rclcpp_components/cmake)
[2.614s] -- Found ament_lint_auto: 0.12.15 (/opt/ros/humble/share/ament_lint_auto/cmake)
[2.808s] -- Added test 'cppcheck' to perform static code analysis on C / C++ code
[2.808s] -- Configured cppcheck include dirs: $<BUILD_INTERFACE:/home/student/sensor_platform_ws/src/platform_processing/include>
[2.808s] -- Configured cppcheck exclude dirs and/or files: 
[2.808s] -- Added test 'flake8' to check Python code syntax and style conventions
[2.808s] -- Added test 'lint_cmake' to check CMake code style
[2.808s] -- Added test 'pep257' to check Python code against some of the docstring style conventions in PEP 257
[2.809s] -- Added test 'uncrustify' to check C / C++ code style
[2.809s] -- Configured uncrustify additional arguments: 
[2.809s] -- Added test 'xmllint' to check XML markup files
[2.833s] -- Configuring done
[2.921s] -- Generating done
[2.940s] -- Build files have been written to: /home/student/sensor_platform_ws/build/platform_processing
[2.958s] Invoked command in '/home/student/sensor_platform_ws/build/platform_processing' returned '0': CMAKE_PREFIX_PATH=/opt/ros/humble /usr/bin/cmake /home/student/sensor_platform_ws/src/platform_processing -DCMAKE_INSTALL_PREFIX=/home/student/sensor_platform_ws/install/platform_processing
[2.959s] Invoking command in '/home/student/sensor_platform_ws/build/platform_processing': CMAKE_PREFIX_PATH=/opt/ros/humble /usr/bin/cmake --build /home/student/sensor_platform_ws/build/platform_processing -- -j8 -l8
[3.032s] [35m[1mConsolidate compiler generated dependencies of target imu_sync_component[0m
[3.055s] [ 25%] [32mBuilding CXX object CMakeFiles/imu_sync_component.dir/src/imu_sync_component.cpp.o[0m
[30.380s] [ 50%] [32m[1mLinking CXX shared library libimu_sync_component.so[0m
[32.387s] [ 50%] Built target imu_sync_component
[32.422s] [35m[1mConsolidate compiler generated dependencies of target imu_sync_node[0m
[32.443s] [100%] Built target imu_sync_node
[32.457s] Invoked command in '/home/student/sensor_platform_ws/build/platform_processing' returned '0': CMAKE_PREFIX_PATH=/opt/ros/humble /usr/bin/cmake --build /home/student/sensor_platform_ws/build/platform_processing -- -j8 -l8
[32.467s] Invoking command in '/home/student/sensor_platform_ws/build/platform_processing': CMAKE_PREFIX_PATH=/opt/ros/humble /usr/bin/cmake --install /home/student/sensor_platform_ws/build/platform_processing
[32.478s] -- Install configuration: ""
[32.481s] -- Execute custom install script
[32.491s] -- Up-to-date symlink: /home/student/sensor_platform_ws/install/platform_processing/lib/platform_processing/imu_sync_node
[32.491s] -- Up-to-date symlink: /home/student/sensor_platform_ws/install/platform_processing/lib/libimu_sync_component.so
[32.491s] -- Up-to-date symlink: /home/student/sensor_platform_ws/install/platform_processing/lib/platform_processing/mock_imu_node.py
[32.491s] -- Up-to-date symlink: /home/student/sensor_platform_ws/install/platform_processing/share/ament_index/resource_index/package_run_dependencies/platform_processing
[32.491s] -- Up-to-date symlink: /home/student/sensor_platform_ws/install/platform_processing/share/ament_index/resource_index/parent_prefix_path/platform_processing
[32.492s] -- Up-to-date symlink: /home/student/sensor_platform_ws/install/platform_processing/share/platform_processing/environment/ament_prefix_path.sh
[32.492s] -- Up-to-date symlink: /home/student/sensor_platform_ws/install/platform_processing/share/platform_processing/environment/ament_prefix_path.dsv
[32.492s] -- Up-to-date symlink: /home/student/sensor_platform_ws/install/platform_processing/share/platform_processing/environment/path.sh
[32.492s] -- Up-to-date symlink: /home/student/sensor_platform_ws/install/platform_processing/share/platform_processing/environment/path.dsv
[32.492s] -- Up-to-date symlink: /home/student/sensor_platform_ws/install/platform_processing/share/platform_processing/local_setup.bash
[32.496s] -- Up-to-date symlink: /home/student/sensor_platform_ws/install/platform_processing/share/platform_processing/local_setup.sh
[32.496s] -- Up-to-date symlink: /home/student/sensor_platform_ws/install/platform_processing/share/platform_processing/local_setup.zsh
[32.496s] -- Up-to-date symlink: /home/student/sensor_platform_ws/install/platform_processing/share/platform_processing/local_setup.dsv
[32.497s] -- Symlinking: /home/student/sensor_platform_ws/install/platform_processing/share/platform_processing/package.dsv
[32.513s] -- Up-to-date symlink: /home/student/sensor_platform_ws/install/platform_processing/share/ament_index/resource_index/packages/platform_processing
[32.513s] -- Up-to-date symlink: /home/student/sensor_platform_ws/install/platform_processing/share/ament_index/resource_index/rclcpp_components/platform_processing
[32.513s] -- Up-to-date symlink: /home/student/sensor_platform_ws/install/platform_processing/share/platform_processing/cmake/platform_processingConfig.cmake
[32.513s] -- Up-to-date symlink: /home/student/sensor_platform_ws/install/platform_processing/share/platform_processing/cmake/platform_processingConfig-version.cmake
[32.513s] -- Up-to-date symlink: /home/student/sensor_platform_ws/install/platform_processing/share/platform_processing/package.xml
[32.517s] Invoked command in '/home/student/sensor_platform_ws/build/platform_processing' returned '0': CMAKE_PREFIX_PATH=/opt/ros/humble /usr/bin/cmake --install /home/student/sensor_platform_ws/build/platform_processing
