[0.121s] Invoking command in '/home/student/sensor_platform_ws/build/olive_networking': CMAKE_PREFIX_PATH=/opt/ros/humble /usr/bin/cmake /home/student/sensor_platform_ws/src/olive_networking -DAMENT_CMAKE_SYMLINK_INSTALL=1 -DCMAKE_INSTALL_PREFIX=/home/student/sensor_platform_ws/install/olive_networking
[1.074s] -- Found ament_cmake: 1.3.14 (/opt/ros/humble/share/ament_cmake/cmake)
[1.622s] -- Override CMake install command with custom implementation using symlinks instead of copying resources
[1.742s] -- Found ament_lint_auto: 0.12.15 (/opt/ros/humble/share/ament_lint_auto/cmake)
[1.970s] -- Added test 'lint_cmake' to check CMake code style
[1.973s] -- Added test 'xmllint' to check XML markup files
[1.976s] -- Configuring done
[2.024s] -- Generating done
[2.025s] -- Build files have been written to: /home/student/sensor_platform_ws/build/olive_networking
[2.031s] Invoked command in '/home/student/sensor_platform_ws/build/olive_networking' returned '0': CMAKE_PREFIX_PATH=/opt/ros/humble /usr/bin/cmake /home/student/sensor_platform_ws/src/olive_networking -DAMENT_CMAKE_SYMLINK_INSTALL=1 -DCMAKE_INSTALL_PREFIX=/home/student/sensor_platform_ws/install/olive_networking
[2.033s] Invoking command in '/home/student/sensor_platform_ws/build/olive_networking': CMAKE_PREFIX_PATH=/opt/ros/humble /usr/bin/cmake --build /home/student/sensor_platform_ws/build/olive_networking -- -j8 -l8
[2.081s] Invoked command in '/home/student/sensor_platform_ws/build/olive_networking' returned '0': CMAKE_PREFIX_PATH=/opt/ros/humble /usr/bin/cmake --build /home/student/sensor_platform_ws/build/olive_networking -- -j8 -l8
[2.084s] Invoking command in '/home/student/sensor_platform_ws/build/olive_networking': CMAKE_PREFIX_PATH=/opt/ros/humble /usr/bin/cmake --install /home/student/sensor_platform_ws/build/olive_networking
[2.090s] -- Install configuration: ""
[2.090s] -- Execute custom install script
[2.112s] -- Up-to-date symlink: /home/student/sensor_platform_ws/install/olive_networking/share/ament_index/resource_index/package_run_dependencies/olive_networking
[2.113s] -- Up-to-date symlink: /home/student/sensor_platform_ws/install/olive_networking/share/ament_index/resource_index/parent_prefix_path/olive_networking
[2.115s] -- Up-to-date symlink: /home/student/sensor_platform_ws/install/olive_networking/share/olive_networking/environment/ament_prefix_path.sh
[2.116s] -- Up-to-date symlink: /home/student/sensor_platform_ws/install/olive_networking/share/olive_networking/environment/ament_prefix_path.dsv
[2.116s] -- Up-to-date symlink: /home/student/sensor_platform_ws/install/olive_networking/share/olive_networking/environment/path.sh
[2.117s] -- Up-to-date symlink: /home/student/sensor_platform_ws/install/olive_networking/share/olive_networking/environment/path.dsv
[2.118s] -- Up-to-date symlink: /home/student/sensor_platform_ws/install/olive_networking/share/olive_networking/local_setup.bash
[2.118s] -- Up-to-date symlink: /home/student/sensor_platform_ws/install/olive_networking/share/olive_networking/local_setup.sh
[2.118s] -- Up-to-date symlink: /home/student/sensor_platform_ws/install/olive_networking/share/olive_networking/local_setup.zsh
[2.119s] -- Up-to-date symlink: /home/student/sensor_platform_ws/install/olive_networking/share/olive_networking/local_setup.dsv
[2.119s] -- Symlinking: /home/student/sensor_platform_ws/install/olive_networking/share/olive_networking/package.dsv
[2.126s] -- Up-to-date symlink: /home/student/sensor_platform_ws/install/olive_networking/share/ament_index/resource_index/packages/olive_networking
[2.127s] -- Up-to-date symlink: /home/student/sensor_platform_ws/install/olive_networking/share/olive_networking/cmake/olive_networkingConfig.cmake
[2.128s] -- Up-to-date symlink: /home/student/sensor_platform_ws/install/olive_networking/share/olive_networking/cmake/olive_networkingConfig-version.cmake
[2.128s] -- Up-to-date symlink: /home/student/sensor_platform_ws/install/olive_networking/share/olive_networking/package.xml
[2.141s] Invoked command in '/home/student/sensor_platform_ws/build/olive_networking' returned '0': CMAKE_PREFIX_PATH=/opt/ros/humble /usr/bin/cmake --install /home/student/sensor_platform_ws/build/olive_networking
