[0.006s] Invoking command in '/home/student/sensor_platform_ws/build/realsense2_camera': AMENT_PREFIX_PATH=/home/student/sensor_platform_ws/install/realsense2_camera_msgs:${AMENT_PREFIX_PATH} CMAKE_PREFIX_PATH=/home/student/sensor_platform_ws/install/realsense2_camera_msgs:/opt/ros/humble LD_LIBRARY_PATH=/home/student/sensor_platform_ws/install/realsense2_camera_msgs/lib:${LD_LIBRARY_PATH} PYTHONPATH=/home/student/sensor_platform_ws/install/realsense2_camera_msgs/local/lib/python3.10/dist-packages:${PYTHONPATH} /usr/bin/cmake /home/student/sensor_platform_ws/src/hardware/realsense-ros/realsense2_camera -DCMAKE_BUILD_TYPE=Release -DAMENT_CMAKE_SYMLINK_INSTALL=1 -DCMAKE_INSTALL_PREFIX=/home/student/sensor_platform_ws/install/realsense2_camera
[0.059s] -- The C compiler identification is GNU 11.4.0
[0.104s] -- The CXX compiler identification is GNU 11.4.0
[0.110s] -- Detecting C compiler ABI info
[0.162s] -- Detecting C compiler ABI info - done
[0.169s] -- Check for working C compiler: /usr/bin/cc - skipped
[0.169s] -- Detecting C compile features
[0.169s] -- Detecting C compile features - done
[0.171s] -- Detecting CXX compiler ABI info
[0.232s] -- Detecting CXX compiler ABI info - done
[0.238s] -- Check for working CXX compiler: /usr/bin/c++ - skipped
[0.238s] -- Detecting CXX compile features
[0.238s] -- Detecting CXX compile features - done
[0.239s] -- Create Release Build.
[0.240s] -- Found ament_cmake: 1.3.14 (/opt/ros/humble/share/ament_cmake/cmake)
[0.363s] -- Found Python3: /usr/bin/python3 (found version "3.10.12") found components: Interpreter 
[0.419s] -- Override CMake install command with custom implementation using symlinks instead of copying resources
[0.437s] -- Found builtin_interfaces: 1.2.2 (/opt/ros/humble/share/builtin_interfaces/cmake)
[0.459s] -- Found rosidl_generator_c: 3.1.8 (/opt/ros/humble/share/rosidl_generator_c/cmake)
[0.462s] -- Found rosidl_adapter: 3.1.8 (/opt/ros/humble/share/rosidl_adapter/cmake)
[0.469s] -- Found rosidl_generator_cpp: 3.1.8 (/opt/ros/humble/share/rosidl_generator_cpp/cmake)
[0.477s] -- Using all available rosidl_typesupport_c: rosidl_typesupport_fastrtps_c;rosidl_typesupport_introspection_c
[0.489s] -- Using all available rosidl_typesupport_cpp: rosidl_typesupport_fastrtps_cpp;rosidl_typesupport_introspection_cpp
[0.501s] -- Found rclcpp: 16.0.19 (/opt/ros/humble/share/rclcpp/cmake)
[0.529s] -- Found rmw_implementation_cmake: 6.1.2 (/opt/ros/humble/share/rmw_implementation_cmake/cmake)
[0.530s] -- Found rmw_fastrtps_cpp: 6.2.10 (/opt/ros/humble/share/rmw_fastrtps_cpp/cmake)
[0.592s] -- Found OpenSSL: /usr/lib/x86_64-linux-gnu/libcrypto.so (found version "3.0.2")  
[0.611s] -- Found FastRTPS: /opt/ros/humble/include  
[0.641s] -- Using RMW implementation 'rmw_fastrtps_cpp' as default
[0.647s] -- Looking for pthread.h
[0.700s] -- Looking for pthread.h - found
[0.700s] -- Performing Test CMAKE_HAVE_LIBC_PTHREAD
[0.759s] -- Performing Test CMAKE_HAVE_LIBC_PTHREAD - Success
[0.759s] -- Found Threads: TRUE  
[0.801s] -- Found rclcpp_action: 16.0.19 (/opt/ros/humble/share/rclcpp_action/cmake)
[0.828s] -- Found realsense2_camera_msgs: 4.57.0 (/home/student/sensor_platform_ws/install/realsense2_camera_msgs/share/realsense2_camera_msgs/cmake)
[0.902s] -- Found std_srvs: 4.9.1 (/opt/ros/humble/share/std_srvs/cmake)
[0.913s] -- Found nav_msgs: 4.9.1 (/opt/ros/humble/share/nav_msgs/cmake)
[0.928s] -- Found tf2_ros: 0.25.20 (/opt/ros/humble/share/tf2_ros/cmake)
[0.999s] -- Found diagnostic_updater: 4.0.6 (/opt/ros/humble/share/diagnostic_updater/cmake)
[1.062s] -- Found OpenCV: /usr (found version "4.5.4") found components: core 
[1.085s] -- Found image_transport: 3.1.12 (/opt/ros/humble/share/image_transport/cmake)
[1.133s] -- Found cv_bridge: 3.2.1 (/opt/ros/humble/share/cv_bridge/cmake)
[1.157s] -- Build for ROS2 Humble
[1.160s] -- Found ament_cmake_gtest: 1.3.14 (/opt/ros/humble/share/ament_cmake_gtest/cmake)
[1.180s] -- Found gtest sources under '/opt/ros/humble/src/gtest_vendor': C++ tests using 'Google Test' will be built
[1.185s] -- Found ament_cmake_pytest: 1.3.14 (/opt/ros/humble/share/ament_cmake_pytest/cmake)
[4.755s] -- rs_device_info:
[4.755s] --  14/05 09:16:40,881 ERROR [133516107657792] (context.cpp:41) No valid configuration file found at : /home/student/.realsense-config.json loading defaults
[4.755s] No device detected. Is it plugged in?
[4.755s] 
[4.824s] -- Configuring done
[4.845s] -- Generating done
[4.851s] -- Build files have been written to: /home/student/sensor_platform_ws/build/realsense2_camera
[4.862s] Invoked command in '/home/student/sensor_platform_ws/build/realsense2_camera' returned '0': AMENT_PREFIX_PATH=/home/student/sensor_platform_ws/install/realsense2_camera_msgs:${AMENT_PREFIX_PATH} CMAKE_PREFIX_PATH=/home/student/sensor_platform_ws/install/realsense2_camera_msgs:/opt/ros/humble LD_LIBRARY_PATH=/home/student/sensor_platform_ws/install/realsense2_camera_msgs/lib:${LD_LIBRARY_PATH} PYTHONPATH=/home/student/sensor_platform_ws/install/realsense2_camera_msgs/local/lib/python3.10/dist-packages:${PYTHONPATH} /usr/bin/cmake /home/student/sensor_platform_ws/src/hardware/realsense-ros/realsense2_camera -DCMAKE_BUILD_TYPE=Release -DAMENT_CMAKE_SYMLINK_INSTALL=1 -DCMAKE_INSTALL_PREFIX=/home/student/sensor_platform_ws/install/realsense2_camera
[4.863s] Invoking command in '/home/student/sensor_platform_ws/build/realsense2_camera': AMENT_PREFIX_PATH=/home/student/sensor_platform_ws/install/realsense2_camera_msgs:${AMENT_PREFIX_PATH} CMAKE_PREFIX_PATH=/home/student/sensor_platform_ws/install/realsense2_camera_msgs:/opt/ros/humble LD_LIBRARY_PATH=/home/student/sensor_platform_ws/install/realsense2_camera_msgs/lib:${LD_LIBRARY_PATH} PYTHONPATH=/home/student/sensor_platform_ws/install/realsense2_camera_msgs/local/lib/python3.10/dist-packages:${PYTHONPATH} /usr/bin/cmake --build /home/student/sensor_platform_ws/build/realsense2_camera -- -j8 -l8
[4.901s] [  7%] [32mBuilding CXX object gtest/CMakeFiles/gtest.dir/src/gtest-all.cc.o[0m
[4.901s] [  7%] [32mBuilding CXX object CMakeFiles/realsense2_camera.dir/src/base_realsense_node.cpp.o[0m
[4.901s] [ 11%] [32mBuilding CXX object CMakeFiles/realsense2_camera.dir/src/realsense_node_factory.cpp.o[0m
[4.901s] [ 15%] [32mBuilding CXX object CMakeFiles/realsense2_camera_node.dir/rclcpp_components/node_main_realsense2_camera_node.cpp.o[0m
[4.903s] [ 19%] [32mBuilding CXX object gtest/CMakeFiles/gtest_main.dir/src/gtest_main.cc.o[0m
[4.904s] [ 23%] [32mBuilding CXX object CMakeFiles/realsense2_camera.dir/src/parameters.cpp.o[0m
[4.908s] [ 26%] [32mBuilding CXX object CMakeFiles/realsense2_camera.dir/src/rs_node_setup.cpp.o[0m
[4.911s] [ 30%] [32mBuilding CXX object CMakeFiles/realsense2_camera.dir/src/ros_sensor.cpp.o[0m
[5.738s] [ 34%] [32m[1mLinking CXX static library libgtest_main.a[0m
[5.811s] [ 34%] Built target gtest_main
[5.819s] [ 38%] [32mBuilding CXX object CMakeFiles/realsense2_camera.dir/src/ros_utils.cpp.o[0m
[8.968s] [ 42%] [32m[1mLinking CXX executable realsense2_camera_node[0m
[9.253s] [ 42%] Built target realsense2_camera_node
[9.270s] [ 46%] [32mBuilding CXX object CMakeFiles/realsense2_camera.dir/src/dynamic_params.cpp.o[0m
[9.762s] [ 50%] [32mBuilding CXX object CMakeFiles/realsense2_camera.dir/src/sensor_params.cpp.o[0m
[14.127s] [ 53%] [32m[1mLinking CXX static library libgtest.a[0m
[14.162s] [ 53%] Built target gtest
[14.170s] [ 57%] [32mBuilding CXX object CMakeFiles/realsense2_camera.dir/src/named_filter.cpp.o[0m
[14.470s] [ 61%] [32mBuilding CXX object CMakeFiles/realsense2_camera.dir/src/pointcloud_filter.cpp.o[0m
[14.576s] [ 65%] [32mBuilding CXX object CMakeFiles/gtest_template.dir/test/gtest_template.cpp.o[0m
[15.358s] [ 69%] [32m[1mLinking CXX executable gtest_template[0m
[15.598s] [ 69%] Built target gtest_template
[15.622s] [ 73%] [32mBuilding CXX object CMakeFiles/realsense2_camera.dir/src/align_depth_filter.cpp.o[0m
[17.859s] [ 76%] [32mBuilding CXX object CMakeFiles/realsense2_camera.dir/src/profile_manager.cpp.o[0m
[18.102s] [ 80%] [32mBuilding CXX object CMakeFiles/realsense2_camera.dir/src/image_publisher.cpp.o[0m
[21.393s] [ 84%] [32mBuilding CXX object CMakeFiles/realsense2_camera.dir/src/tfs.cpp.o[0m
[22.791s] [ 88%] [32mBuilding CXX object CMakeFiles/realsense2_camera.dir/src/actions.cpp.o[0m
[23.144s] [ 92%] [32mBuilding CXX object CMakeFiles/realsense2_camera.dir/src/safety.cpp.o[0m
[23.867s] [ 96%] [32mBuilding CXX object CMakeFiles/realsense2_camera.dir/src/ros_param_backend.cpp.o[0m
[33.717s] [100%] [32m[1mLinking CXX shared library librealsense2_camera.so[0m
[34.570s] [100%] Built target realsense2_camera
[34.583s] Invoked command in '/home/student/sensor_platform_ws/build/realsense2_camera' returned '0': AMENT_PREFIX_PATH=/home/student/sensor_platform_ws/install/realsense2_camera_msgs:${AMENT_PREFIX_PATH} CMAKE_PREFIX_PATH=/home/student/sensor_platform_ws/install/realsense2_camera_msgs:/opt/ros/humble LD_LIBRARY_PATH=/home/student/sensor_platform_ws/install/realsense2_camera_msgs/lib:${LD_LIBRARY_PATH} PYTHONPATH=/home/student/sensor_platform_ws/install/realsense2_camera_msgs/local/lib/python3.10/dist-packages:${PYTHONPATH} /usr/bin/cmake --build /home/student/sensor_platform_ws/build/realsense2_camera -- -j8 -l8
[34.583s] Invoking command in '/home/student/sensor_platform_ws/build/realsense2_camera': AMENT_PREFIX_PATH=/home/student/sensor_platform_ws/install/realsense2_camera_msgs:${AMENT_PREFIX_PATH} CMAKE_PREFIX_PATH=/home/student/sensor_platform_ws/install/realsense2_camera_msgs:/opt/ros/humble LD_LIBRARY_PATH=/home/student/sensor_platform_ws/install/realsense2_camera_msgs/lib:${LD_LIBRARY_PATH} PYTHONPATH=/home/student/sensor_platform_ws/install/realsense2_camera_msgs/local/lib/python3.10/dist-packages:${PYTHONPATH} /usr/bin/cmake --install /home/student/sensor_platform_ws/build/realsense2_camera
[34.594s] -- Install configuration: "Release"
[34.594s] -- Execute custom install script
[34.594s] -- Symlinking: /home/student/sensor_platform_ws/install/realsense2_camera/share/realsense2_camera/config/global_settings.yaml
[34.598s] -- Symlinking: /home/student/sensor_platform_ws/install/realsense2_camera/lib/realsense2_camera/realsense2_camera_node
[34.606s] -- Symlinking: /home/student/sensor_platform_ws/install/realsense2_camera/lib/librealsense2_camera.so
[34.614s] -- Symlinking: /home/student/sensor_platform_ws/install/realsense2_camera/include/align_depth_filter.h
[34.621s] -- Symlinking: /home/student/sensor_platform_ws/install/realsense2_camera/include/base_realsense_node.h
[34.629s] -- Symlinking: /home/student/sensor_platform_ws/install/realsense2_camera/include/constants.h
[34.636s] -- Symlinking: /home/student/sensor_platform_ws/install/realsense2_camera/include/context_singleton_wrapper.h
[34.644s] -- Symlinking: /home/student/sensor_platform_ws/install/realsense2_camera/include/dynamic_params.h
[34.652s] -- Symlinking: /home/student/sensor_platform_ws/install/realsense2_camera/include/gl_window.h
[34.660s] -- Symlinking: /home/student/sensor_platform_ws/install/realsense2_camera/include/image_publisher.h
[34.668s] -- Symlinking: /home/student/sensor_platform_ws/install/realsense2_camera/include/named_filter.h
[34.675s] -- Symlinking: /home/student/sensor_platform_ws/install/realsense2_camera/include/pointcloud_filter.h
[34.683s] -- Symlinking: /home/student/sensor_platform_ws/install/realsense2_camera/include/profile_manager.h
[34.690s] -- Symlinking: /home/student/sensor_platform_ws/install/realsense2_camera/include/realsense_node_factory.h
[34.698s] -- Symlinking: /home/student/sensor_platform_ws/install/realsense2_camera/include/ros_node_base.h
[34.705s] -- Symlinking: /home/student/sensor_platform_ws/install/realsense2_camera/include/ros_param_backend.h
[34.713s] -- Symlinking: /home/student/sensor_platform_ws/install/realsense2_camera/include/ros_sensor.h
[34.720s] -- Symlinking: /home/student/sensor_platform_ws/install/realsense2_camera/include/ros_utils.h
[34.728s] -- Symlinking: /home/student/sensor_platform_ws/install/realsense2_camera/include/sensor_params.h
[34.737s] -- Symlinking: /home/student/sensor_platform_ws/install/realsense2_camera/share/realsense2_camera/launch/default.rviz
[34.745s] -- Symlinking: /home/student/sensor_platform_ws/install/realsense2_camera/share/realsense2_camera/launch/rs_intra_process_demo_launch.py
[34.752s] -- Symlinking: /home/student/sensor_platform_ws/install/realsense2_camera/share/realsense2_camera/launch/rs_launch.py
[34.760s] -- Symlinking: /home/student/sensor_platform_ws/install/realsense2_camera/share/realsense2_camera/launch/rs_multi_camera_launch.py
[34.770s] -- Symlinking: /home/student/sensor_platform_ws/install/realsense2_camera/share/realsense2_camera/launch/rs_multi_camera_launch_sync.py
[34.778s] -- Symlinking: /home/student/sensor_platform_ws/install/realsense2_camera/share/realsense2_camera/examples/align_depth/README.md
[34.785s] -- Symlinking: /home/student/sensor_platform_ws/install/realsense2_camera/share/realsense2_camera/examples/align_depth/rs_align_depth_launch.py
[34.793s] -- Symlinking: /home/student/sensor_platform_ws/install/realsense2_camera/share/realsense2_camera/examples/d500_tables/application_config_example.json
[34.801s] -- Symlinking: /home/student/sensor_platform_ws/install/realsense2_camera/share/realsense2_camera/examples/d500_tables/calib_config_example.json
[34.809s] -- Symlinking: /home/student/sensor_platform_ws/install/realsense2_camera/share/realsense2_camera/examples/d500_tables/safety_interface_config_example.json
[34.816s] -- Symlinking: /home/student/sensor_platform_ws/install/realsense2_camera/share/realsense2_camera/examples/d500_tables/safety_preset_example.json
[34.825s] -- Symlinking: /home/student/sensor_platform_ws/install/realsense2_camera/share/realsense2_camera/examples/dual_camera/README.md
[34.832s] -- Symlinking: /home/student/sensor_platform_ws/install/realsense2_camera/share/realsense2_camera/examples/dual_camera/rs_dual_camera_launch.py
[34.841s] -- Symlinking: /home/student/sensor_platform_ws/install/realsense2_camera/share/realsense2_camera/examples/dual_camera/rviz/dual_camera_pointcloud.rviz
[34.848s] -- Symlinking: /home/student/sensor_platform_ws/install/realsense2_camera/share/realsense2_camera/examples/launch_from_rosbag/README.md
[34.856s] -- Symlinking: /home/student/sensor_platform_ws/install/realsense2_camera/share/realsense2_camera/examples/launch_from_rosbag/rs_launch_from_rosbag.py
[34.864s] -- Symlinking: /home/student/sensor_platform_ws/install/realsense2_camera/share/realsense2_camera/examples/launch_params_from_file/README.md
[34.872s] -- Symlinking: /home/student/sensor_platform_ws/install/realsense2_camera/share/realsense2_camera/examples/launch_params_from_file/config/config.yaml
[34.879s] -- Symlinking: /home/student/sensor_platform_ws/install/realsense2_camera/share/realsense2_camera/examples/launch_params_from_file/rs_launch_get_params_from_yaml.py
[34.889s] -- Symlinking: /home/student/sensor_platform_ws/install/realsense2_camera/share/realsense2_camera/examples/pointcloud/README.md
[34.895s] -- Symlinking: /home/student/sensor_platform_ws/install/realsense2_camera/share/realsense2_camera/examples/pointcloud/rs_d405_pointcloud_launch.py
[34.902s] -- Symlinking: /home/student/sensor_platform_ws/install/realsense2_camera/share/realsense2_camera/examples/pointcloud/rs_d455_pointcloud_launch.py
[34.910s] -- Symlinking: /home/student/sensor_platform_ws/install/realsense2_camera/share/realsense2_camera/examples/pointcloud/rs_pointcloud_infra_launch.py
[34.918s] -- Symlinking: /home/student/sensor_platform_ws/install/realsense2_camera/share/realsense2_camera/examples/pointcloud/rs_pointcloud_launch.py
[34.925s] -- Symlinking: /home/student/sensor_platform_ws/install/realsense2_camera/share/realsense2_camera/examples/pointcloud/rviz/pointcloud.rviz
[34.933s] -- Symlinking: /home/student/sensor_platform_ws/install/realsense2_camera/share/realsense2_camera/examples/pointcloud/rviz/urdf_pointcloud.rviz
[34.941s] -- Symlinking: /home/student/sensor_platform_ws/install/realsense2_camera/share/realsense2_camera/environment/library_path.sh
[34.949s] -- Symlinking: /home/student/sensor_platform_ws/install/realsense2_camera/share/realsense2_camera/environment/library_path.dsv
[34.957s] -- Symlinking: /home/student/sensor_platform_ws/install/realsense2_camera/share/ament_index/resource_index/package_run_dependencies/realsense2_camera
[34.965s] -- Symlinking: /home/student/sensor_platform_ws/install/realsense2_camera/share/ament_index/resource_index/parent_prefix_path/realsense2_camera
[34.973s] -- Symlinking: /home/student/sensor_platform_ws/install/realsense2_camera/share/realsense2_camera/environment/ament_prefix_path.sh
[34.981s] -- Symlinking: /home/student/sensor_platform_ws/install/realsense2_camera/share/realsense2_camera/environment/ament_prefix_path.dsv
[34.990s] -- Symlinking: /home/student/sensor_platform_ws/install/realsense2_camera/share/realsense2_camera/environment/path.sh
[34.997s] -- Symlinking: /home/student/sensor_platform_ws/install/realsense2_camera/share/realsense2_camera/environment/path.dsv
[35.006s] -- Symlinking: /home/student/sensor_platform_ws/install/realsense2_camera/share/realsense2_camera/local_setup.bash
[35.014s] -- Symlinking: /home/student/sensor_platform_ws/install/realsense2_camera/share/realsense2_camera/local_setup.sh
[35.021s] -- Symlinking: /home/student/sensor_platform_ws/install/realsense2_camera/share/realsense2_camera/local_setup.zsh
[35.029s] -- Symlinking: /home/student/sensor_platform_ws/install/realsense2_camera/share/realsense2_camera/local_setup.dsv
[35.036s] -- Symlinking: /home/student/sensor_platform_ws/install/realsense2_camera/share/realsense2_camera/package.dsv
[35.044s] -- Symlinking: /home/student/sensor_platform_ws/install/realsense2_camera/share/ament_index/resource_index/packages/realsense2_camera
[35.052s] -- Symlinking: /home/student/sensor_platform_ws/install/realsense2_camera/share/ament_index/resource_index/rclcpp_components/realsense2_camera
[35.059s] -- Symlinking: /home/student/sensor_platform_ws/install/realsense2_camera/share/realsense2_camera/cmake/ament_cmake_export_include_directories-extras.cmake
[35.066s] -- Symlinking: /home/student/sensor_platform_ws/install/realsense2_camera/share/realsense2_camera/cmake/ament_cmake_export_libraries-extras.cmake
[35.074s] -- Symlinking: /home/student/sensor_platform_ws/install/realsense2_camera/share/realsense2_camera/cmake/ament_cmake_export_dependencies-extras.cmake
[35.081s] -- Symlinking: /home/student/sensor_platform_ws/install/realsense2_camera/share/realsense2_camera/cmake/realsense2_cameraConfig.cmake
[35.088s] -- Symlinking: /home/student/sensor_platform_ws/install/realsense2_camera/share/realsense2_camera/cmake/realsense2_cameraConfig-version.cmake
[35.095s] -- Symlinking: /home/student/sensor_platform_ws/install/realsense2_camera/share/realsense2_camera/package.xml
[35.104s] Invoked command in '/home/student/sensor_platform_ws/build/realsense2_camera' returned '0': AMENT_PREFIX_PATH=/home/student/sensor_platform_ws/install/realsense2_camera_msgs:${AMENT_PREFIX_PATH} CMAKE_PREFIX_PATH=/home/student/sensor_platform_ws/install/realsense2_camera_msgs:/opt/ros/humble LD_LIBRARY_PATH=/home/student/sensor_platform_ws/install/realsense2_camera_msgs/lib:${LD_LIBRARY_PATH} PYTHONPATH=/home/student/sensor_platform_ws/install/realsense2_camera_msgs/local/lib/python3.10/dist-packages:${PYTHONPATH} /usr/bin/cmake --install /home/student/sensor_platform_ws/build/realsense2_camera
