[0.129s] Invoking command in '/home/student/sensor_platform_ws/build/ntrip': CMAKE_PREFIX_PATH=/opt/ros/humble /usr/bin/cmake --build /home/student/sensor_platform_ws/build/ntrip -- -j8 -l8
[3.122s] [ 60%] Built target ntrip_lib
[3.341s] [100%] Built target ntrip
[3.359s] Invoked command in '/home/student/sensor_platform_ws/build/ntrip' returned '0': CMAKE_PREFIX_PATH=/opt/ros/humble /usr/bin/cmake --build /home/student/sensor_platform_ws/build/ntrip -- -j8 -l8
[3.411s] Invoking command in '/home/student/sensor_platform_ws/build/ntrip': CMAKE_PREFIX_PATH=/opt/ros/humble /usr/bin/cmake --install /home/student/sensor_platform_ws/build/ntrip
[3.439s] -- Install configuration: "Release"
[3.439s] -- Execute custom install script
[3.468s] -- Up-to-date symlink: /home/student/sensor_platform_ws/install/ntrip/lib/libntrip_lib.a
[3.469s] -- Up-to-date symlink: /home/student/sensor_platform_ws/install/ntrip/lib/ntrip/ntrip
[3.500s] -- Up-to-date symlink: /home/student/sensor_platform_ws/install/ntrip/share/ntrip/config/ntrip-param.yaml
[3.503s] -- Up-to-date symlink: /home/student/sensor_platform_ws/install/ntrip/share/ntrip/launch/ntrip_launch.py
[3.505s] -- Up-to-date symlink: /home/student/sensor_platform_ws/install/ntrip/include//ntrip_client/ntrip_client.h
[3.506s] -- Up-to-date symlink: /home/student/sensor_platform_ws/install/ntrip/include//ntrip_client/rtcm_parser.h
[3.507s] -- Up-to-date symlink: /home/student/sensor_platform_ws/install/ntrip/share/ament_index/resource_index/package_run_dependencies/ntrip
[3.508s] -- Up-to-date symlink: /home/student/sensor_platform_ws/install/ntrip/share/ament_index/resource_index/parent_prefix_path/ntrip
[3.510s] -- Up-to-date symlink: /home/student/sensor_platform_ws/install/ntrip/share/ntrip/environment/ament_prefix_path.sh
[3.511s] -- Up-to-date symlink: /home/student/sensor_platform_ws/install/ntrip/share/ntrip/environment/ament_prefix_path.dsv
[3.512s] -- Up-to-date symlink: /home/student/sensor_platform_ws/install/ntrip/share/ntrip/environment/path.sh
[3.513s] -- Up-to-date symlink: /home/student/sensor_platform_ws/install/ntrip/share/ntrip/environment/path.dsv
[3.514s] -- Up-to-date symlink: /home/student/sensor_platform_ws/install/ntrip/share/ntrip/local_setup.bash
[3.515s] -- Up-to-date symlink: /home/student/sensor_platform_ws/install/ntrip/share/ntrip/local_setup.sh
[3.516s] -- Up-to-date symlink: /home/student/sensor_platform_ws/install/ntrip/share/ntrip/local_setup.zsh
[3.517s] -- Up-to-date symlink: /home/student/sensor_platform_ws/install/ntrip/share/ntrip/local_setup.dsv
[3.518s] -- Symlinking: /home/student/sensor_platform_ws/install/ntrip/share/ntrip/package.dsv
[3.548s] -- Up-to-date symlink: /home/student/sensor_platform_ws/install/ntrip/share/ament_index/resource_index/packages/ntrip
[3.549s] -- Up-to-date symlink: /home/student/sensor_platform_ws/install/ntrip/share/ntrip/cmake/ntripConfig.cmake
[3.550s] -- Up-to-date symlink: /home/student/sensor_platform_ws/install/ntrip/share/ntrip/cmake/ntripConfig-version.cmake
[3.552s] -- Up-to-date symlink: /home/student/sensor_platform_ws/install/ntrip/share/ntrip/package.xml
[3.559s] Invoked command in '/home/student/sensor_platform_ws/build/ntrip' returned '0': CMAKE_PREFIX_PATH=/opt/ros/humble /usr/bin/cmake --install /home/student/sensor_platform_ws/build/ntrip
