[0.016s] Invoking command in '/home/student/sensor_platform_ws/build/plateform_description': CMAKE_PREFIX_PATH=/opt/ros/humble /usr/bin/cmake --build /home/student/sensor_platform_ws/build/plateform_description -- -j8 -l8
[0.053s] Invoked command in '/home/student/sensor_platform_ws/build/plateform_description' returned '0': CMAKE_PREFIX_PATH=/opt/ros/humble /usr/bin/cmake --build /home/student/sensor_platform_ws/build/plateform_description -- -j8 -l8
[0.055s] Invoking command in '/home/student/sensor_platform_ws/build/plateform_description': CMAKE_PREFIX_PATH=/opt/ros/humble /usr/bin/cmake --install /home/student/sensor_platform_ws/build/plateform_description
[0.060s] -- Install configuration: ""
[0.060s] -- Execute custom install script
[0.060s] -- Up-to-date symlink: /home/student/sensor_platform_ws/install/plateform_description/share/ament_index/resource_index/package_run_dependencies/plateform_description
[0.061s] -- Up-to-date symlink: /home/student/sensor_platform_ws/install/plateform_description/share/ament_index/resource_index/parent_prefix_path/plateform_description
[0.061s] -- Up-to-date symlink: /home/student/sensor_platform_ws/install/plateform_description/share/plateform_description/environment/ament_prefix_path.sh
[0.061s] -- Up-to-date symlink: /home/student/sensor_platform_ws/install/plateform_description/share/plateform_description/environment/ament_prefix_path.dsv
[0.061s] -- Up-to-date symlink: /home/student/sensor_platform_ws/install/plateform_description/share/plateform_description/environment/path.sh
[0.061s] -- Up-to-date symlink: /home/student/sensor_platform_ws/install/plateform_description/share/plateform_description/environment/path.dsv
[0.061s] -- Up-to-date symlink: /home/student/sensor_platform_ws/install/plateform_description/share/plateform_description/local_setup.bash
[0.061s] -- Up-to-date symlink: /home/student/sensor_platform_ws/install/plateform_description/share/plateform_description/local_setup.sh
[0.061s] -- Up-to-date symlink: /home/student/sensor_platform_ws/install/plateform_description/share/plateform_description/local_setup.zsh
[0.061s] -- Up-to-date symlink: /home/student/sensor_platform_ws/install/plateform_description/share/plateform_description/local_setup.dsv
[0.061s] -- Symlinking: /home/student/sensor_platform_ws/install/plateform_description/share/plateform_description/package.dsv
[0.069s] -- Up-to-date symlink: /home/student/sensor_platform_ws/install/plateform_description/share/ament_index/resource_index/packages/plateform_description
[0.069s] -- Up-to-date symlink: /home/student/sensor_platform_ws/install/plateform_description/share/plateform_description/cmake/plateform_descriptionConfig.cmake
[0.069s] -- Up-to-date symlink: /home/student/sensor_platform_ws/install/plateform_description/share/plateform_description/cmake/plateform_descriptionConfig-version.cmake
[0.069s] -- Up-to-date symlink: /home/student/sensor_platform_ws/install/plateform_description/share/plateform_description/package.xml
[0.110s] Invoked command in '/home/student/sensor_platform_ws/build/plateform_description' returned '0': CMAKE_PREFIX_PATH=/opt/ros/humble /usr/bin/cmake --install /home/student/sensor_platform_ws/build/plateform_description
