[0.017s] Invoking command in '/home/student/sensor_platform_ws/build/platform_interfaces': CMAKE_PREFIX_PATH=${CMAKE_PREFIX_PATH}:/opt/ros/humble /usr/bin/cmake /home/student/sensor_platform_ws/src/platform_interfaces -DCMAKE_INSTALL_PREFIX=/home/student/sensor_platform_ws/install/platform_interfaces
[0.027s] -- Found ament_cmake: 1.3.14 (/opt/ros/humble/share/ament_cmake/cmake)
[0.144s] -- Override CMake install command with custom implementation using symlinks instead of copying resources
[0.151s] -- Found rosidl_default_generators: 1.2.1 (/opt/ros/humble/share/rosidl_default_generators/cmake)
[0.151s] -- Using all available rosidl_typesupport_c: rosidl_typesupport_fastrtps_c;rosidl_typesupport_introspection_c
[0.153s] -- Found rosidl_adapter: 3.1.8 (/opt/ros/humble/share/rosidl_adapter/cmake)
[0.182s] -- Using all available rosidl_typesupport_cpp: rosidl_typesupport_fastrtps_cpp;rosidl_typesupport_introspection_cpp
[0.205s] -- Found ament_lint_auto: 0.12.15 (/opt/ros/humble/share/ament_lint_auto/cmake)
[0.265s] -- Added test 'lint_cmake' to check CMake code style
[0.267s] -- Added test 'xmllint' to check XML markup files
[0.267s] -- Configuring done
[0.267s] -- Generating done
[0.269s] -- Build files have been written to: /home/student/sensor_platform_ws/build/platform_interfaces
[0.275s] Invoked command in '/home/student/sensor_platform_ws/build/platform_interfaces' returned '0': CMAKE_PREFIX_PATH=${CMAKE_PREFIX_PATH}:/opt/ros/humble /usr/bin/cmake /home/student/sensor_platform_ws/src/platform_interfaces -DCMAKE_INSTALL_PREFIX=/home/student/sensor_platform_ws/install/platform_interfaces
[0.276s] Invoking command in '/home/student/sensor_platform_ws/build/platform_interfaces': CMAKE_PREFIX_PATH=${CMAKE_PREFIX_PATH}:/opt/ros/humble /usr/bin/cmake --build /home/student/sensor_platform_ws/build/platform_interfaces -- -j8 -l8
[0.302s] Invoked command in '/home/student/sensor_platform_ws/build/platform_interfaces' returned '0': CMAKE_PREFIX_PATH=${CMAKE_PREFIX_PATH}:/opt/ros/humble /usr/bin/cmake --build /home/student/sensor_platform_ws/build/platform_interfaces -- -j8 -l8
[0.303s] Invoking command in '/home/student/sensor_platform_ws/build/platform_interfaces': CMAKE_PREFIX_PATH=${CMAKE_PREFIX_PATH}:/opt/ros/humble /usr/bin/cmake --install /home/student/sensor_platform_ws/build/platform_interfaces
[0.308s] -- Install configuration: ""
[0.308s] -- Execute custom install script
[0.308s] -- Up-to-date symlink: /home/student/sensor_platform_ws/install/platform_interfaces/share/ament_index/resource_index/package_run_dependencies/platform_interfaces
[0.309s] -- Up-to-date symlink: /home/student/sensor_platform_ws/install/platform_interfaces/share/ament_index/resource_index/parent_prefix_path/platform_interfaces
[0.309s] -- Up-to-date symlink: /home/student/sensor_platform_ws/install/platform_interfaces/share/platform_interfaces/environment/ament_prefix_path.sh
[0.309s] -- Up-to-date symlink: /home/student/sensor_platform_ws/install/platform_interfaces/share/platform_interfaces/environment/ament_prefix_path.dsv
[0.309s] -- Up-to-date symlink: /home/student/sensor_platform_ws/install/platform_interfaces/share/platform_interfaces/environment/path.sh
[0.309s] -- Up-to-date symlink: /home/student/sensor_platform_ws/install/platform_interfaces/share/platform_interfaces/environment/path.dsv
[0.309s] -- Up-to-date symlink: /home/student/sensor_platform_ws/install/platform_interfaces/share/platform_interfaces/local_setup.bash
[0.309s] -- Up-to-date symlink: /home/student/sensor_platform_ws/install/platform_interfaces/share/platform_interfaces/local_setup.sh
[0.309s] -- Up-to-date symlink: /home/student/sensor_platform_ws/install/platform_interfaces/share/platform_interfaces/local_setup.zsh
[0.309s] -- Up-to-date symlink: /home/student/sensor_platform_ws/install/platform_interfaces/share/platform_interfaces/local_setup.dsv
[0.309s] -- Symlinking: /home/student/sensor_platform_ws/install/platform_interfaces/share/platform_interfaces/package.dsv
[0.315s] -- Up-to-date symlink: /home/student/sensor_platform_ws/install/platform_interfaces/share/ament_index/resource_index/packages/platform_interfaces
[0.315s] -- Up-to-date symlink: /home/student/sensor_platform_ws/install/platform_interfaces/share/platform_interfaces/cmake/platform_interfacesConfig.cmake
[0.315s] -- Up-to-date symlink: /home/student/sensor_platform_ws/install/platform_interfaces/share/platform_interfaces/cmake/platform_interfacesConfig-version.cmake
[0.316s] -- Up-to-date symlink: /home/student/sensor_platform_ws/install/platform_interfaces/share/platform_interfaces/package.xml
[0.317s] Invoked command in '/home/student/sensor_platform_ws/build/platform_interfaces' returned '0': CMAKE_PREFIX_PATH=${CMAKE_PREFIX_PATH}:/opt/ros/humble /usr/bin/cmake --install /home/student/sensor_platform_ws/build/platform_interfaces
