[0.315s] Invoking command in '/home/student/sensor_platform_ws/build/uavcan_bridge': CMAKE_PREFIX_PATH=/opt/ros/humble /usr/bin/cmake /home/student/sensor_platform_ws/src/hardware/uavcan_bridge -DCMAKE_BUILD_TYPE=Release -DAMENT_CMAKE_SYMLINK_INSTALL=1 -DCMAKE_INSTALL_PREFIX=/home/student/sensor_platform_ws/install/uavcan_bridge
[3.005s] -- Found ament_cmake: 1.3.14 (/opt/ros/humble/share/ament_cmake/cmake)
[3.005s] -- Override CMake install command with custom implementation using symlinks instead of copying resources
[3.005s] -- Found ament_lint_auto: 0.12.15 (/opt/ros/humble/share/ament_lint_auto/cmake)
[3.005s] -- Added test 'cppcheck' to perform static code analysis on C / C++ code
[3.006s] -- Configured cppcheck include dirs: 
[3.006s] -- Configured cppcheck exclude dirs and/or files: 
[3.006s] -- Added test 'lint_cmake' to check CMake code style
[3.008s] -- Added test 'uncrustify' to check C / C++ code style
[3.008s] -- Configured uncrustify additional arguments: 
[3.008s] -- Added test 'xmllint' to check XML markup files
[3.008s] -- Configuring done
[3.029s] -- Generating done
[3.037s] -- Build files have been written to: /home/student/sensor_platform_ws/build/uavcan_bridge
[3.043s] Invoked command in '/home/student/sensor_platform_ws/build/uavcan_bridge' returned '0': CMAKE_PREFIX_PATH=/opt/ros/humble /usr/bin/cmake /home/student/sensor_platform_ws/src/hardware/uavcan_bridge -DCMAKE_BUILD_TYPE=Release -DAMENT_CMAKE_SYMLINK_INSTALL=1 -DCMAKE_INSTALL_PREFIX=/home/student/sensor_platform_ws/install/uavcan_bridge
[3.047s] Invoking command in '/home/student/sensor_platform_ws/build/uavcan_bridge': CMAKE_PREFIX_PATH=/opt/ros/humble /usr/bin/cmake --build /home/student/sensor_platform_ws/build/uavcan_bridge -- -j8 -l8
[3.150s] Invoked command in '/home/student/sensor_platform_ws/build/uavcan_bridge' returned '0': CMAKE_PREFIX_PATH=/opt/ros/humble /usr/bin/cmake --build /home/student/sensor_platform_ws/build/uavcan_bridge -- -j8 -l8
[3.151s] Invoking command in '/home/student/sensor_platform_ws/build/uavcan_bridge': CMAKE_PREFIX_PATH=/opt/ros/humble /usr/bin/cmake --install /home/student/sensor_platform_ws/build/uavcan_bridge
[3.156s] -- Install configuration: "Release"
[3.156s] -- Execute custom install script
[3.191s] -- Up-to-date symlink: /home/student/sensor_platform_ws/install/uavcan_bridge/share/ament_index/resource_index/package_run_dependencies/uavcan_bridge
[3.192s] -- Up-to-date symlink: /home/student/sensor_platform_ws/install/uavcan_bridge/share/ament_index/resource_index/parent_prefix_path/uavcan_bridge
[3.194s] -- Up-to-date symlink: /home/student/sensor_platform_ws/install/uavcan_bridge/share/uavcan_bridge/environment/ament_prefix_path.sh
[3.194s] -- Up-to-date symlink: /home/student/sensor_platform_ws/install/uavcan_bridge/share/uavcan_bridge/environment/ament_prefix_path.dsv
[3.194s] -- Up-to-date symlink: /home/student/sensor_platform_ws/install/uavcan_bridge/share/uavcan_bridge/environment/path.sh
[3.195s] -- Up-to-date symlink: /home/student/sensor_platform_ws/install/uavcan_bridge/share/uavcan_bridge/environment/path.dsv
[3.195s] -- Up-to-date symlink: /home/student/sensor_platform_ws/install/uavcan_bridge/share/uavcan_bridge/local_setup.bash
[3.196s] -- Up-to-date symlink: /home/student/sensor_platform_ws/install/uavcan_bridge/share/uavcan_bridge/local_setup.sh
[3.196s] -- Up-to-date symlink: /home/student/sensor_platform_ws/install/uavcan_bridge/share/uavcan_bridge/local_setup.zsh
[3.207s] -- Up-to-date symlink: /home/student/sensor_platform_ws/install/uavcan_bridge/share/uavcan_bridge/local_setup.dsv
[3.207s] -- Symlinking: /home/student/sensor_platform_ws/install/uavcan_bridge/share/uavcan_bridge/package.dsv
[3.217s] -- Up-to-date symlink: /home/student/sensor_platform_ws/install/uavcan_bridge/share/ament_index/resource_index/packages/uavcan_bridge
[3.219s] -- Up-to-date symlink: /home/student/sensor_platform_ws/install/uavcan_bridge/share/uavcan_bridge/cmake/uavcan_bridgeConfig.cmake
[3.231s] -- Up-to-date symlink: /home/student/sensor_platform_ws/install/uavcan_bridge/share/uavcan_bridge/cmake/uavcan_bridgeConfig-version.cmake
[3.231s] -- Up-to-date symlink: /home/student/sensor_platform_ws/install/uavcan_bridge/share/uavcan_bridge/package.xml
[3.925s] Invoked command in '/home/student/sensor_platform_ws/build/uavcan_bridge' returned '0': CMAKE_PREFIX_PATH=/opt/ros/humble /usr/bin/cmake --install /home/student/sensor_platform_ws/build/uavcan_bridge
