[0.027s] Invoking command in '/home/student/sensor_platform_ws/build/plateform_description': CMAKE_PREFIX_PATH=/opt/ros/humble /usr/bin/cmake /home/student/sensor_platform_ws/src/plateform_description -DAMENT_CMAKE_SYMLINK_INSTALL=1 -DCMAKE_INSTALL_PREFIX=/home/student/sensor_platform_ws/install/plateform_description
[1.199s] -- The C compiler identification is GNU 11.4.0
[1.746s] -- The CXX compiler identification is GNU 11.4.0
[1.800s] -- Detecting C compiler ABI info
[2.123s] -- Detecting C compiler ABI info - done
[2.135s] -- Check for working C compiler: /usr/bin/cc - skipped
[2.136s] -- Detecting C compile features
[2.146s] -- Detecting C compile features - done
[2.152s] -- Detecting CXX compiler ABI info
[2.281s] -- Detecting CXX compiler ABI info - done
[2.291s] -- Check for working CXX compiler: /usr/bin/c++ - skipped
[2.292s] -- Detecting CXX compile features
[2.292s] -- Detecting CXX compile features - done
[2.378s] -- Found ament_cmake: 1.3.14 (/opt/ros/humble/share/ament_cmake/cmake)
[2.768s] -- Found Python3: /usr/bin/python3 (found version "3.10.12") found components: Interpreter 
[2.841s] -- Override CMake install command with custom implementation using symlinks instead of copying resources
[2.919s] -- Found ament_lint_auto: 0.12.15 (/opt/ros/humble/share/ament_lint_auto/cmake)
[3.113s] -- Added test 'lint_cmake' to check CMake code style
[3.120s] -- Added test 'xmllint' to check XML markup files
[3.126s] -- Configuring done
[3.136s] -- Generating done
[3.141s] -- Build files have been written to: /home/student/sensor_platform_ws/build/plateform_description
[3.189s] Invoked command in '/home/student/sensor_platform_ws/build/plateform_description' returned '0': CMAKE_PREFIX_PATH=/opt/ros/humble /usr/bin/cmake /home/student/sensor_platform_ws/src/plateform_description -DAMENT_CMAKE_SYMLINK_INSTALL=1 -DCMAKE_INSTALL_PREFIX=/home/student/sensor_platform_ws/install/plateform_description
[3.191s] Invoking command in '/home/student/sensor_platform_ws/build/plateform_description': CMAKE_PREFIX_PATH=/opt/ros/humble /usr/bin/cmake --build /home/student/sensor_platform_ws/build/plateform_description -- -j8 -l8
[3.282s] Invoked command in '/home/student/sensor_platform_ws/build/plateform_description' returned '0': CMAKE_PREFIX_PATH=/opt/ros/humble /usr/bin/cmake --build /home/student/sensor_platform_ws/build/plateform_description -- -j8 -l8
[3.284s] Invoking command in '/home/student/sensor_platform_ws/build/plateform_description': CMAKE_PREFIX_PATH=/opt/ros/humble /usr/bin/cmake --install /home/student/sensor_platform_ws/build/plateform_description
[3.293s] -- Install configuration: ""
[3.294s] -- Execute custom install script
[3.294s] -- Symlinking: /home/student/sensor_platform_ws/install/plateform_description/share/ament_index/resource_index/package_run_dependencies/plateform_description
[3.306s] -- Symlinking: /home/student/sensor_platform_ws/install/plateform_description/share/ament_index/resource_index/parent_prefix_path/plateform_description
[3.315s] -- Symlinking: /home/student/sensor_platform_ws/install/plateform_description/share/plateform_description/environment/ament_prefix_path.sh
[3.324s] -- Symlinking: /home/student/sensor_platform_ws/install/plateform_description/share/plateform_description/environment/ament_prefix_path.dsv
[3.333s] -- Symlinking: /home/student/sensor_platform_ws/install/plateform_description/share/plateform_description/environment/path.sh
[3.341s] -- Symlinking: /home/student/sensor_platform_ws/install/plateform_description/share/plateform_description/environment/path.dsv
[3.350s] -- Symlinking: /home/student/sensor_platform_ws/install/plateform_description/share/plateform_description/local_setup.bash
[3.359s] -- Symlinking: /home/student/sensor_platform_ws/install/plateform_description/share/plateform_description/local_setup.sh
[3.367s] -- Symlinking: /home/student/sensor_platform_ws/install/plateform_description/share/plateform_description/local_setup.zsh
[3.376s] -- Symlinking: /home/student/sensor_platform_ws/install/plateform_description/share/plateform_description/local_setup.dsv
[3.384s] -- Symlinking: /home/student/sensor_platform_ws/install/plateform_description/share/plateform_description/package.dsv
[3.394s] -- Symlinking: /home/student/sensor_platform_ws/install/plateform_description/share/ament_index/resource_index/packages/plateform_description
[3.403s] -- Symlinking: /home/student/sensor_platform_ws/install/plateform_description/share/plateform_description/cmake/plateform_descriptionConfig.cmake
[3.411s] -- Symlinking: /home/student/sensor_platform_ws/install/plateform_description/share/plateform_description/cmake/plateform_descriptionConfig-version.cmake
[3.420s] -- Symlinking: /home/student/sensor_platform_ws/install/plateform_description/share/plateform_description/package.xml
[3.681s] Invoked command in '/home/student/sensor_platform_ws/build/plateform_description' returned '0': CMAKE_PREFIX_PATH=/opt/ros/humble /usr/bin/cmake --install /home/student/sensor_platform_ws/build/plateform_description
