[0.107s] Invoking command in '/home/student/sensor_platform_ws/build/realsense2_description': AMENT_PREFIX_PATH=/home/student/sensor_platform_ws/install/realsense2_camera_msgs:${AMENT_PREFIX_PATH} CMAKE_PREFIX_PATH=/home/student/sensor_platform_ws/install/realsense2_camera_msgs:/opt/ros/humble LD_LIBRARY_PATH=/home/student/sensor_platform_ws/install/realsense2_camera_msgs/lib:${LD_LIBRARY_PATH} PYTHONPATH=/home/student/sensor_platform_ws/install/realsense2_camera_msgs/local/lib/python3.10/dist-packages:${PYTHONPATH} /usr/bin/cmake --build /home/student/sensor_platform_ws/build/realsense2_description -- -j8 -l8
[0.220s] Invoked command in '/home/student/sensor_platform_ws/build/realsense2_description' returned '0': AMENT_PREFIX_PATH=/home/student/sensor_platform_ws/install/realsense2_camera_msgs:${AMENT_PREFIX_PATH} CMAKE_PREFIX_PATH=/home/student/sensor_platform_ws/install/realsense2_camera_msgs:/opt/ros/humble LD_LIBRARY_PATH=/home/student/sensor_platform_ws/install/realsense2_camera_msgs/lib:${LD_LIBRARY_PATH} PYTHONPATH=/home/student/sensor_platform_ws/install/realsense2_camera_msgs/local/lib/python3.10/dist-packages:${PYTHONPATH} /usr/bin/cmake --build /home/student/sensor_platform_ws/build/realsense2_description -- -j8 -l8
[0.290s] Invoking command in '/home/student/sensor_platform_ws/build/realsense2_description': AMENT_PREFIX_PATH=/home/student/sensor_platform_ws/install/realsense2_camera_msgs:${AMENT_PREFIX_PATH} CMAKE_PREFIX_PATH=/home/student/sensor_platform_ws/install/realsense2_camera_msgs:/opt/ros/humble LD_LIBRARY_PATH=/home/student/sensor_platform_ws/install/realsense2_camera_msgs/lib:${LD_LIBRARY_PATH} PYTHONPATH=/home/student/sensor_platform_ws/install/realsense2_camera_msgs/local/lib/python3.10/dist-packages:${PYTHONPATH} /usr/bin/cmake --install /home/student/sensor_platform_ws/build/realsense2_description
[0.297s] -- Install configuration: "Release"
[0.298s] -- Execute custom install script
[0.298s] -- Up-to-date symlink: /home/student/sensor_platform_ws/install/realsense2_description/share/realsense2_description/launch/launch_utils.py
[0.299s] -- Up-to-date symlink: /home/student/sensor_platform_ws/install/realsense2_description/share/realsense2_description/launch/view_model.launch.py
[0.318s] -- Up-to-date symlink: /home/student/sensor_platform_ws/install/realsense2_description/share/realsense2_description/meshes/d405.stl
[0.335s] -- Up-to-date symlink: /home/student/sensor_platform_ws/install/realsense2_description/share/realsense2_description/meshes/d415.stl
[0.360s] -- Up-to-date symlink: /home/student/sensor_platform_ws/install/realsense2_description/share/realsense2_description/meshes/d435.dae
[0.362s] -- Up-to-date symlink: /home/student/sensor_platform_ws/install/realsense2_description/share/realsense2_description/meshes/d436.dae
[0.385s] -- Up-to-date symlink: /home/student/sensor_platform_ws/install/realsense2_description/share/realsense2_description/meshes/d455.stl
[0.427s] -- Up-to-date symlink: /home/student/sensor_platform_ws/install/realsense2_description/share/realsense2_description/meshes/d585.stl
[0.428s] -- Up-to-date symlink: /home/student/sensor_platform_ws/install/realsense2_description/share/realsense2_description/meshes/l515.dae
[0.429s] -- Up-to-date symlink: /home/student/sensor_platform_ws/install/realsense2_description/share/realsense2_description/meshes/plug.stl
[0.430s] -- Up-to-date symlink: /home/student/sensor_platform_ws/install/realsense2_description/share/realsense2_description/meshes/plug_collision.stl
[0.469s] -- Up-to-date symlink: /home/student/sensor_platform_ws/install/realsense2_description/share/realsense2_description/rviz/urdf.rviz
[0.471s] -- Up-to-date symlink: /home/student/sensor_platform_ws/install/realsense2_description/share/realsense2_description/urdf/_d405.urdf.xacro
[0.471s] -- Up-to-date symlink: /home/student/sensor_platform_ws/install/realsense2_description/share/realsense2_description/urdf/_d415.urdf.xacro
[0.471s] -- Up-to-date symlink: /home/student/sensor_platform_ws/install/realsense2_description/share/realsense2_description/urdf/_d435.urdf.xacro
[0.511s] -- Up-to-date symlink: /home/student/sensor_platform_ws/install/realsense2_description/share/realsense2_description/urdf/_d435i.urdf.xacro
[0.512s] -- Up-to-date symlink: /home/student/sensor_platform_ws/install/realsense2_description/share/realsense2_description/urdf/_d435i_imu_modules.urdf.xacro
[0.515s] -- Up-to-date symlink: /home/student/sensor_platform_ws/install/realsense2_description/share/realsense2_description/urdf/_d436.urdf.xacro
[0.515s] -- Up-to-date symlink: /home/student/sensor_platform_ws/install/realsense2_description/share/realsense2_description/urdf/_d455.urdf.xacro
[0.516s] -- Up-to-date symlink: /home/student/sensor_platform_ws/install/realsense2_description/share/realsense2_description/urdf/_d585.urdf.xacro
[0.517s] -- Up-to-date symlink: /home/student/sensor_platform_ws/install/realsense2_description/share/realsense2_description/urdf/_materials.urdf.xacro
[0.521s] -- Up-to-date symlink: /home/student/sensor_platform_ws/install/realsense2_description/share/realsense2_description/urdf/_r410.urdf.xacro
[0.522s] -- Up-to-date symlink: /home/student/sensor_platform_ws/install/realsense2_description/share/realsense2_description/urdf/_r430.urdf.xacro
[0.523s] -- Up-to-date symlink: /home/student/sensor_platform_ws/install/realsense2_description/share/realsense2_description/urdf/_usb_plug.urdf.xacro
[0.523s] -- Up-to-date symlink: /home/student/sensor_platform_ws/install/realsense2_description/share/realsense2_description/urdf/test_d405_camera.urdf.xacro
[0.523s] -- Up-to-date symlink: /home/student/sensor_platform_ws/install/realsense2_description/share/realsense2_description/urdf/test_d415_camera.urdf.xacro
[0.536s] -- Up-to-date symlink: /home/student/sensor_platform_ws/install/realsense2_description/share/realsense2_description/urdf/test_d435_camera.urdf.xacro
[0.536s] -- Up-to-date symlink: /home/student/sensor_platform_ws/install/realsense2_description/share/realsense2_description/urdf/test_d435_multiple_cameras.urdf.xacro
[0.538s] -- Up-to-date symlink: /home/student/sensor_platform_ws/install/realsense2_description/share/realsense2_description/urdf/test_d435i_camera.urdf.xacro
[0.542s] -- Up-to-date symlink: /home/student/sensor_platform_ws/install/realsense2_description/share/realsense2_description/urdf/test_d436_camera.urdf.xacro
[0.543s] -- Up-to-date symlink: /home/student/sensor_platform_ws/install/realsense2_description/share/realsense2_description/urdf/test_d455_camera.urdf.xacro
[0.543s] -- Up-to-date symlink: /home/student/sensor_platform_ws/install/realsense2_description/share/realsense2_description/urdf/test_d585_camera.urdf.xacro
[0.544s] -- Up-to-date symlink: /home/student/sensor_platform_ws/install/realsense2_description/share/realsense2_description/urdf/test_r410_camera.urdf.xacro
[0.545s] -- Up-to-date symlink: /home/student/sensor_platform_ws/install/realsense2_description/share/realsense2_description/urdf/test_r430_camera.urdf.xacro
[0.604s] -- Up-to-date symlink: /home/student/sensor_platform_ws/install/realsense2_description/share/ament_index/resource_index/package_run_dependencies/realsense2_description
[0.607s] -- Up-to-date symlink: /home/student/sensor_platform_ws/install/realsense2_description/share/ament_index/resource_index/parent_prefix_path/realsense2_description
[0.614s] -- Up-to-date symlink: /home/student/sensor_platform_ws/install/realsense2_description/share/realsense2_description/environment/ament_prefix_path.sh
[0.614s] -- Up-to-date symlink: /home/student/sensor_platform_ws/install/realsense2_description/share/realsense2_description/environment/ament_prefix_path.dsv
[0.616s] -- Up-to-date symlink: /home/student/sensor_platform_ws/install/realsense2_description/share/realsense2_description/environment/path.sh
[0.616s] -- Up-to-date symlink: /home/student/sensor_platform_ws/install/realsense2_description/share/realsense2_description/environment/path.dsv
[0.617s] -- Up-to-date symlink: /home/student/sensor_platform_ws/install/realsense2_description/share/realsense2_description/local_setup.bash
[0.617s] -- Up-to-date symlink: /home/student/sensor_platform_ws/install/realsense2_description/share/realsense2_description/local_setup.sh
[0.617s] -- Up-to-date symlink: /home/student/sensor_platform_ws/install/realsense2_description/share/realsense2_description/local_setup.zsh
[0.617s] -- Up-to-date symlink: /home/student/sensor_platform_ws/install/realsense2_description/share/realsense2_description/local_setup.dsv
[0.617s] -- Symlinking: /home/student/sensor_platform_ws/install/realsense2_description/share/realsense2_description/package.dsv
[0.624s] -- Up-to-date symlink: /home/student/sensor_platform_ws/install/realsense2_description/share/ament_index/resource_index/packages/realsense2_description
[0.637s] -- Up-to-date symlink: /home/student/sensor_platform_ws/install/realsense2_description/share/realsense2_description/cmake/realsense2_descriptionConfig.cmake
[0.639s] -- Up-to-date symlink: /home/student/sensor_platform_ws/install/realsense2_description/share/realsense2_description/cmake/realsense2_descriptionConfig-version.cmake
[0.639s] -- Up-to-date symlink: /home/student/sensor_platform_ws/install/realsense2_description/share/realsense2_description/package.xml
[0.641s] Invoked command in '/home/student/sensor_platform_ws/build/realsense2_description' returned '0': AMENT_PREFIX_PATH=/home/student/sensor_platform_ws/install/realsense2_camera_msgs:${AMENT_PREFIX_PATH} CMAKE_PREFIX_PATH=/home/student/sensor_platform_ws/install/realsense2_camera_msgs:/opt/ros/humble LD_LIBRARY_PATH=/home/student/sensor_platform_ws/install/realsense2_camera_msgs/lib:${LD_LIBRARY_PATH} PYTHONPATH=/home/student/sensor_platform_ws/install/realsense2_camera_msgs/local/lib/python3.10/dist-packages:${PYTHONPATH} /usr/bin/cmake --install /home/student/sensor_platform_ws/build/realsense2_description
