[0.016s] Invoking command in '/home/student/sensor_platform_ws/build/plateform_bringup': CMAKE_PREFIX_PATH=/opt/ros/humble /usr/bin/cmake --build /home/student/sensor_platform_ws/build/plateform_bringup -- -j8 -l8
[0.052s] Invoked command in '/home/student/sensor_platform_ws/build/plateform_bringup' returned '0': CMAKE_PREFIX_PATH=/opt/ros/humble /usr/bin/cmake --build /home/student/sensor_platform_ws/build/plateform_bringup -- -j8 -l8
[0.053s] Invoking command in '/home/student/sensor_platform_ws/build/plateform_bringup': CMAKE_PREFIX_PATH=/opt/ros/humble /usr/bin/cmake --install /home/student/sensor_platform_ws/build/plateform_bringup
[0.059s] -- Install configuration: ""
[0.059s] -- Execute custom install script
[0.060s] -- Up-to-date symlink: /home/student/sensor_platform_ws/install/plateform_bringup/share/ament_index/resource_index/package_run_dependencies/plateform_bringup
[0.060s] -- Up-to-date symlink: /home/student/sensor_platform_ws/install/plateform_bringup/share/ament_index/resource_index/parent_prefix_path/plateform_bringup
[0.060s] -- Up-to-date symlink: /home/student/sensor_platform_ws/install/plateform_bringup/share/plateform_bringup/environment/ament_prefix_path.sh
[0.060s] -- Up-to-date symlink: /home/student/sensor_platform_ws/install/plateform_bringup/share/plateform_bringup/environment/ament_prefix_path.dsv
[0.060s] -- Up-to-date symlink: /home/student/sensor_platform_ws/install/plateform_bringup/share/plateform_bringup/environment/path.sh
[0.060s] -- Up-to-date symlink: /home/student/sensor_platform_ws/install/plateform_bringup/share/plateform_bringup/environment/path.dsv
[0.060s] -- Up-to-date symlink: /home/student/sensor_platform_ws/install/plateform_bringup/share/plateform_bringup/local_setup.bash
[0.061s] -- Up-to-date symlink: /home/student/sensor_platform_ws/install/plateform_bringup/share/plateform_bringup/local_setup.sh
[0.061s] -- Up-to-date symlink: /home/student/sensor_platform_ws/install/plateform_bringup/share/plateform_bringup/local_setup.zsh
[0.061s] -- Up-to-date symlink: /home/student/sensor_platform_ws/install/plateform_bringup/share/plateform_bringup/local_setup.dsv
[0.061s] -- Symlinking: /home/student/sensor_platform_ws/install/plateform_bringup/share/plateform_bringup/package.dsv
[0.067s] -- Up-to-date symlink: /home/student/sensor_platform_ws/install/plateform_bringup/share/ament_index/resource_index/packages/plateform_bringup
[0.067s] -- Up-to-date symlink: /home/student/sensor_platform_ws/install/plateform_bringup/share/plateform_bringup/cmake/plateform_bringupConfig.cmake
[0.067s] -- Up-to-date symlink: /home/student/sensor_platform_ws/install/plateform_bringup/share/plateform_bringup/cmake/plateform_bringupConfig-version.cmake
[0.067s] -- Up-to-date symlink: /home/student/sensor_platform_ws/install/plateform_bringup/share/plateform_bringup/package.xml
[0.069s] Invoked command in '/home/student/sensor_platform_ws/build/plateform_bringup' returned '0': CMAKE_PREFIX_PATH=/opt/ros/humble /usr/bin/cmake --install /home/student/sensor_platform_ws/build/plateform_bringup
