[0.026s] Invoking command in '/home/student/sensor_platform_ws/build/platform_processing': CMAKE_PREFIX_PATH=/opt/ros/humble /usr/bin/cmake /home/student/sensor_platform_ws/src/platform_processing -DAMENT_CMAKE_SYMLINK_INSTALL=1 -DCMAKE_INSTALL_PREFIX=/home/student/sensor_platform_ws/install/platform_processing
[1.195s] -- The C compiler identification is GNU 11.4.0
[1.743s] -- The CXX compiler identification is GNU 11.4.0
[1.796s] -- Detecting C compiler ABI info
[2.120s] -- Detecting C compiler ABI info - done
[2.133s] -- Check for working C compiler: /usr/bin/cc - skipped
[2.133s] -- Detecting C compile features
[2.143s] -- Detecting C compile features - done
[2.148s] -- Detecting CXX compiler ABI info
[2.277s] -- Detecting CXX compiler ABI info - done
[2.287s] -- Check for working CXX compiler: /usr/bin/c++ - skipped
[2.288s] -- Detecting CXX compile features
[2.289s] -- Detecting CXX compile features - done
[2.372s] -- Found ament_cmake: 1.3.14 (/opt/ros/humble/share/ament_cmake/cmake)
[2.764s] -- Found Python3: /usr/bin/python3 (found version "3.10.12") found components: Interpreter 
[2.838s] -- Override CMake install command with custom implementation using symlinks instead of copying resources
[2.941s] -- Found rclcpp: 16.0.19 (/opt/ros/humble/share/rclcpp/cmake)
[3.318s] -- Found rosidl_generator_c: 3.1.8 (/opt/ros/humble/share/rosidl_generator_c/cmake)
[3.322s] -- Found rosidl_adapter: 3.1.8 (/opt/ros/humble/share/rosidl_adapter/cmake)
[3.335s] -- Found rosidl_generator_cpp: 3.1.8 (/opt/ros/humble/share/rosidl_generator_cpp/cmake)
[3.426s] -- Using all available rosidl_typesupport_c: rosidl_typesupport_fastrtps_c;rosidl_typesupport_introspection_c
[3.444s] -- Using all available rosidl_typesupport_cpp: rosidl_typesupport_fastrtps_cpp;rosidl_typesupport_introspection_cpp
[3.715s] -- Found rmw_implementation_cmake: 6.1.2 (/opt/ros/humble/share/rmw_implementation_cmake/cmake)
[3.725s] -- Found rmw_fastrtps_cpp: 6.2.10 (/opt/ros/humble/share/rmw_fastrtps_cpp/cmake)
[4.285s] -- Found OpenSSL: /usr/lib/x86_64-linux-gnu/libcrypto.so (found version "3.0.2")  
[4.309s] -- Found FastRTPS: /opt/ros/humble/include  
[4.337s] -- Using RMW implementation 'rmw_fastrtps_cpp' as default
[4.419s] -- Looking for pthread.h
[4.715s] -- Looking for pthread.h - found
[4.715s] -- Performing Test CMAKE_HAVE_LIBC_PTHREAD
[4.802s] -- Performing Test CMAKE_HAVE_LIBC_PTHREAD - Success
[4.803s] -- Found Threads: TRUE  
[4.963s] -- Found sensor_msgs: 4.9.1 (/opt/ros/humble/share/sensor_msgs/cmake)
[5.023s] -- Found message_filters: 4.3.15 (/opt/ros/humble/share/message_filters/cmake)
[5.032s] -- Found rclcpp_components: 16.0.19 (/opt/ros/humble/share/rclcpp_components/cmake)
[5.116s] -- Found ament_lint_auto: 0.12.15 (/opt/ros/humble/share/ament_lint_auto/cmake)
[5.173s] -- Added test 'lint_cmake' to check CMake code style
[5.174s] -- Added test 'xmllint' to check XML markup files
[5.175s] -- Configuring done
[5.178s] -- Generating done
[5.179s] -- Build files have been written to: /home/student/sensor_platform_ws/build/platform_processing
[5.186s] Invoked command in '/home/student/sensor_platform_ws/build/platform_processing' returned '0': CMAKE_PREFIX_PATH=/opt/ros/humble /usr/bin/cmake /home/student/sensor_platform_ws/src/platform_processing -DAMENT_CMAKE_SYMLINK_INSTALL=1 -DCMAKE_INSTALL_PREFIX=/home/student/sensor_platform_ws/install/platform_processing
[5.187s] Invoking command in '/home/student/sensor_platform_ws/build/platform_processing': CMAKE_PREFIX_PATH=/opt/ros/humble /usr/bin/cmake --build /home/student/sensor_platform_ws/build/platform_processing -- -j8 -l8
[5.212s] Invoked command in '/home/student/sensor_platform_ws/build/platform_processing' returned '0': CMAKE_PREFIX_PATH=/opt/ros/humble /usr/bin/cmake --build /home/student/sensor_platform_ws/build/platform_processing -- -j8 -l8
[5.213s] Invoking command in '/home/student/sensor_platform_ws/build/platform_processing': CMAKE_PREFIX_PATH=/opt/ros/humble /usr/bin/cmake --install /home/student/sensor_platform_ws/build/platform_processing
[5.218s] -- Install configuration: ""
[5.218s] -- Execute custom install script
[5.218s] -- Symlinking: /home/student/sensor_platform_ws/install/platform_processing/share/ament_index/resource_index/package_run_dependencies/platform_processing
[5.224s] -- Symlinking: /home/student/sensor_platform_ws/install/platform_processing/share/ament_index/resource_index/parent_prefix_path/platform_processing
[5.229s] -- Symlinking: /home/student/sensor_platform_ws/install/platform_processing/share/platform_processing/environment/ament_prefix_path.sh
[5.235s] -- Symlinking: /home/student/sensor_platform_ws/install/platform_processing/share/platform_processing/environment/ament_prefix_path.dsv
[5.241s] -- Symlinking: /home/student/sensor_platform_ws/install/platform_processing/share/platform_processing/environment/path.sh
[5.247s] -- Symlinking: /home/student/sensor_platform_ws/install/platform_processing/share/platform_processing/environment/path.dsv
[5.253s] -- Symlinking: /home/student/sensor_platform_ws/install/platform_processing/share/platform_processing/local_setup.bash
[5.259s] -- Symlinking: /home/student/sensor_platform_ws/install/platform_processing/share/platform_processing/local_setup.sh
[5.265s] -- Symlinking: /home/student/sensor_platform_ws/install/platform_processing/share/platform_processing/local_setup.zsh
[5.271s] -- Symlinking: /home/student/sensor_platform_ws/install/platform_processing/share/platform_processing/local_setup.dsv
[5.277s] -- Symlinking: /home/student/sensor_platform_ws/install/platform_processing/share/platform_processing/package.dsv
[5.282s] -- Symlinking: /home/student/sensor_platform_ws/install/platform_processing/share/ament_index/resource_index/packages/platform_processing
[5.288s] -- Symlinking: /home/student/sensor_platform_ws/install/platform_processing/share/platform_processing/cmake/platform_processingConfig.cmake
[5.293s] -- Symlinking: /home/student/sensor_platform_ws/install/platform_processing/share/platform_processing/cmake/platform_processingConfig-version.cmake
[5.298s] -- Symlinking: /home/student/sensor_platform_ws/install/platform_processing/share/platform_processing/package.xml
[5.305s] Invoked command in '/home/student/sensor_platform_ws/build/platform_processing' returned '0': CMAKE_PREFIX_PATH=/opt/ros/humble /usr/bin/cmake --install /home/student/sensor_platform_ws/build/platform_processing
