[0.095s] DEBUG:colcon:Command line arguments: ['/usr/bin/colcon', 'build', '--packages-select', 'platform_description', '--symlink-install']
[0.095s] DEBUG:colcon:Parsed command line arguments: Namespace(log_base=None, log_level=None, verb_name='build', build_base='build', install_base='install', merge_install=False, symlink_install=True, test_result_base=None, continue_on_error=False, executor='parallel', parallel_workers=8, event_handlers=None, ignore_user_meta=False, metas=['./colcon.meta'], base_paths=['.'], packages_ignore=None, packages_ignore_regex=None, paths=None, packages_up_to=None, packages_up_to_regex=None, packages_above=None, packages_above_and_dependencies=None, packages_above_depth=None, packages_select_by_dep=None, packages_skip_by_dep=None, packages_skip_up_to=None, packages_select_build_failed=False, packages_skip_build_finished=False, packages_select_test_failures=False, packages_skip_test_passed=False, packages_select=['platform_description'], packages_skip=None, packages_select_regex=None, packages_skip_regex=None, packages_start=None, packages_end=None, allow_overriding=[], cmake_args=None, cmake_target=None, cmake_target_skip_unavailable=False, cmake_clean_cache=False, cmake_clean_first=False, cmake_force_configure=False, ament_cmake_args=None, catkin_cmake_args=None, catkin_skip_building_tests=False, verb_parser=<colcon_defaults.argument_parser.defaults.DefaultArgumentsDecorator object at 0x7e03fdb61450>, verb_extension=<colcon_core.verb.build.BuildVerb object at 0x7e03fdcd9b40>, main=<bound method BuildVerb.main of <colcon_core.verb.build.BuildVerb object at 0x7e03fdcd9b40>>)
[0.246s] Level 1:colcon.colcon_core.package_discovery:discover_packages(colcon_meta) check parameters
[0.247s] Level 1:colcon.colcon_core.package_discovery:discover_packages(recursive) check parameters
[0.247s] Level 1:colcon.colcon_core.package_discovery:discover_packages(ignore) check parameters
[0.247s] Level 1:colcon.colcon_core.package_discovery:discover_packages(path) check parameters
[0.247s] Level 1:colcon.colcon_core.package_discovery:discover_packages(colcon_meta) discover
[0.247s] Level 1:colcon.colcon_core.package_discovery:discover_packages(recursive) discover
[0.247s] INFO:colcon.colcon_core.package_discovery:Crawling recursively for packages in '/home/student/sensor_platform_ws'
[0.247s] Level 1:colcon.colcon_core.package_identification:_identify(.) by extensions ['ignore', 'ignore_ament_install']
[0.247s] Level 1:colcon.colcon_core.package_identification:_identify(.) by extension 'ignore'
[0.247s] Level 1:colcon.colcon_core.package_identification:_identify(.) by extension 'ignore_ament_install'
[0.247s] Level 1:colcon.colcon_core.package_identification:_identify(.) by extensions ['colcon_pkg']
[0.247s] Level 1:colcon.colcon_core.package_identification:_identify(.) by extension 'colcon_pkg'
[0.247s] Level 1:colcon.colcon_core.package_identification:_identify(.) by extensions ['colcon_meta']
[0.247s] Level 1:colcon.colcon_core.package_identification:_identify(.) by extension 'colcon_meta'
[0.247s] Level 1:colcon.colcon_core.package_identification:_identify(.) by extensions ['ros']
[0.247s] Level 1:colcon.colcon_core.package_identification:_identify(.) by extension 'ros'
[0.256s] Level 1:colcon.colcon_core.package_identification:_identify(.) by extensions ['cmake', 'python']
[0.256s] Level 1:colcon.colcon_core.package_identification:_identify(.) by extension 'cmake'
[0.256s] Level 1:colcon.colcon_core.package_identification:_identify(.) by extension 'python'
[0.256s] Level 1:colcon.colcon_core.package_identification:_identify(.) by extensions ['python_setup_py']
[0.256s] Level 1:colcon.colcon_core.package_identification:_identify(.) by extension 'python_setup_py'
[0.256s] Level 1:colcon.colcon_core.package_identification:_identify(build) by extensions ['ignore', 'ignore_ament_install']
[0.256s] Level 1:colcon.colcon_core.package_identification:_identify(build) by extension 'ignore'
[0.256s] Level 1:colcon.colcon_core.package_identification:_identify(build) ignored
[0.256s] Level 1:colcon.colcon_core.package_identification:_identify(dronecan_env) by extensions ['ignore', 'ignore_ament_install']
[0.256s] Level 1:colcon.colcon_core.package_identification:_identify(dronecan_env) by extension 'ignore'
[0.256s] Level 1:colcon.colcon_core.package_identification:_identify(dronecan_env) ignored
[0.256s] Level 1:colcon.colcon_core.package_identification:_identify(install) by extensions ['ignore', 'ignore_ament_install']
[0.256s] Level 1:colcon.colcon_core.package_identification:_identify(install) by extension 'ignore'
[0.256s] Level 1:colcon.colcon_core.package_identification:_identify(install) ignored
[0.256s] Level 1:colcon.colcon_core.package_identification:_identify(log) by extensions ['ignore', 'ignore_ament_install']
[0.256s] Level 1:colcon.colcon_core.package_identification:_identify(log) by extension 'ignore'
[0.257s] Level 1:colcon.colcon_core.package_identification:_identify(log) ignored
[0.257s] Level 1:colcon.colcon_core.package_identification:_identify(src) by extensions ['ignore', 'ignore_ament_install']
[0.257s] Level 1:colcon.colcon_core.package_identification:_identify(src) by extension 'ignore'
[0.257s] Level 1:colcon.colcon_core.package_identification:_identify(src) by extension 'ignore_ament_install'
[0.257s] Level 1:colcon.colcon_core.package_identification:_identify(src) by extensions ['colcon_pkg']
[0.257s] Level 1:colcon.colcon_core.package_identification:_identify(src) by extension 'colcon_pkg'
[0.257s] Level 1:colcon.colcon_core.package_identification:_identify(src) by extensions ['colcon_meta']
[0.257s] Level 1:colcon.colcon_core.package_identification:_identify(src) by extension 'colcon_meta'
[0.257s] Level 1:colcon.colcon_core.package_identification:_identify(src) by extensions ['ros']
[0.257s] Level 1:colcon.colcon_core.package_identification:_identify(src) by extension 'ros'
[0.257s] Level 1:colcon.colcon_core.package_identification:_identify(src) by extensions ['cmake', 'python']
[0.257s] Level 1:colcon.colcon_core.package_identification:_identify(src) by extension 'cmake'
[0.257s] Level 1:colcon.colcon_core.package_identification:_identify(src) by extension 'python'
[0.257s] Level 1:colcon.colcon_core.package_identification:_identify(src) by extensions ['python_setup_py']
[0.257s] Level 1:colcon.colcon_core.package_identification:_identify(src) by extension 'python_setup_py'
[0.257s] Level 1:colcon.colcon_core.package_identification:_identify(src/hardware) by extensions ['ignore', 'ignore_ament_install']
[0.257s] Level 1:colcon.colcon_core.package_identification:_identify(src/hardware) by extension 'ignore'
[0.257s] Level 1:colcon.colcon_core.package_identification:_identify(src/hardware) by extension 'ignore_ament_install'
[0.257s] Level 1:colcon.colcon_core.package_identification:_identify(src/hardware) by extensions ['colcon_pkg']
[0.257s] Level 1:colcon.colcon_core.package_identification:_identify(src/hardware) by extension 'colcon_pkg'
[0.257s] Level 1:colcon.colcon_core.package_identification:_identify(src/hardware) by extensions ['colcon_meta']
[0.257s] Level 1:colcon.colcon_core.package_identification:_identify(src/hardware) by extension 'colcon_meta'
[0.258s] Level 1:colcon.colcon_core.package_identification:_identify(src/hardware) by extensions ['ros']
[0.258s] Level 1:colcon.colcon_core.package_identification:_identify(src/hardware) by extension 'ros'
[0.258s] Level 1:colcon.colcon_core.package_identification:_identify(src/hardware) by extensions ['cmake', 'python']
[0.258s] Level 1:colcon.colcon_core.package_identification:_identify(src/hardware) by extension 'cmake'
[0.258s] Level 1:colcon.colcon_core.package_identification:_identify(src/hardware) by extension 'python'
[0.258s] Level 1:colcon.colcon_core.package_identification:_identify(src/hardware) by extensions ['python_setup_py']
[0.258s] Level 1:colcon.colcon_core.package_identification:_identify(src/hardware) by extension 'python_setup_py'
[0.258s] Level 1:colcon.colcon_core.package_identification:_identify(src/hardware/realsense-ros) by extensions ['ignore', 'ignore_ament_install']
[0.258s] Level 1:colcon.colcon_core.package_identification:_identify(src/hardware/realsense-ros) by extension 'ignore'
[0.258s] Level 1:colcon.colcon_core.package_identification:_identify(src/hardware/realsense-ros) by extension 'ignore_ament_install'
[0.258s] Level 1:colcon.colcon_core.package_identification:_identify(src/hardware/realsense-ros) by extensions ['colcon_pkg']
[0.258s] Level 1:colcon.colcon_core.package_identification:_identify(src/hardware/realsense-ros) by extension 'colcon_pkg'
[0.258s] Level 1:colcon.colcon_core.package_identification:_identify(src/hardware/realsense-ros) by extensions ['colcon_meta']
[0.258s] Level 1:colcon.colcon_core.package_identification:_identify(src/hardware/realsense-ros) by extension 'colcon_meta'
[0.258s] Level 1:colcon.colcon_core.package_identification:_identify(src/hardware/realsense-ros) by extensions ['ros']
[0.258s] Level 1:colcon.colcon_core.package_identification:_identify(src/hardware/realsense-ros) by extension 'ros'
[0.258s] Level 1:colcon.colcon_core.package_identification:_identify(src/hardware/realsense-ros) by extensions ['cmake', 'python']
[0.258s] Level 1:colcon.colcon_core.package_identification:_identify(src/hardware/realsense-ros) by extension 'cmake'
[0.258s] Level 1:colcon.colcon_core.package_identification:_identify(src/hardware/realsense-ros) by extension 'python'
[0.258s] Level 1:colcon.colcon_core.package_identification:_identify(src/hardware/realsense-ros) by extensions ['python_setup_py']
[0.258s] Level 1:colcon.colcon_core.package_identification:_identify(src/hardware/realsense-ros) by extension 'python_setup_py'
[0.258s] Level 1:colcon.colcon_core.package_identification:_identify(src/hardware/realsense-ros/realsense2_camera) by extensions ['ignore', 'ignore_ament_install']
[0.259s] Level 1:colcon.colcon_core.package_identification:_identify(src/hardware/realsense-ros/realsense2_camera) by extension 'ignore'
[0.259s] Level 1:colcon.colcon_core.package_identification:_identify(src/hardware/realsense-ros/realsense2_camera) by extension 'ignore_ament_install'
[0.259s] Level 1:colcon.colcon_core.package_identification:_identify(src/hardware/realsense-ros/realsense2_camera) by extensions ['colcon_pkg']
[0.259s] Level 1:colcon.colcon_core.package_identification:_identify(src/hardware/realsense-ros/realsense2_camera) by extension 'colcon_pkg'
[0.259s] Level 1:colcon.colcon_core.package_identification:_identify(src/hardware/realsense-ros/realsense2_camera) by extensions ['colcon_meta']
[0.259s] Level 1:colcon.colcon_core.package_identification:_identify(src/hardware/realsense-ros/realsense2_camera) by extension 'colcon_meta'
[0.259s] Level 1:colcon.colcon_core.package_identification:_identify(src/hardware/realsense-ros/realsense2_camera) by extensions ['ros']
[0.259s] Level 1:colcon.colcon_core.package_identification:_identify(src/hardware/realsense-ros/realsense2_camera) by extension 'ros'
[0.266s] DEBUG:colcon.colcon_core.package_identification:Package 'src/hardware/realsense-ros/realsense2_camera' with type 'ros.ament_cmake' and name 'realsense2_camera'
[0.266s] Level 1:colcon.colcon_core.package_identification:_identify(src/hardware/realsense-ros/realsense2_camera_msgs) by extensions ['ignore', 'ignore_ament_install']
[0.267s] Level 1:colcon.colcon_core.package_identification:_identify(src/hardware/realsense-ros/realsense2_camera_msgs) by extension 'ignore'
[0.267s] Level 1:colcon.colcon_core.package_identification:_identify(src/hardware/realsense-ros/realsense2_camera_msgs) by extension 'ignore_ament_install'
[0.267s] Level 1:colcon.colcon_core.package_identification:_identify(src/hardware/realsense-ros/realsense2_camera_msgs) by extensions ['colcon_pkg']
[0.267s] Level 1:colcon.colcon_core.package_identification:_identify(src/hardware/realsense-ros/realsense2_camera_msgs) by extension 'colcon_pkg'
[0.267s] Level 1:colcon.colcon_core.package_identification:_identify(src/hardware/realsense-ros/realsense2_camera_msgs) by extensions ['colcon_meta']
[0.267s] Level 1:colcon.colcon_core.package_identification:_identify(src/hardware/realsense-ros/realsense2_camera_msgs) by extension 'colcon_meta'
[0.267s] Level 1:colcon.colcon_core.package_identification:_identify(src/hardware/realsense-ros/realsense2_camera_msgs) by extensions ['ros']
[0.267s] Level 1:colcon.colcon_core.package_identification:_identify(src/hardware/realsense-ros/realsense2_camera_msgs) by extension 'ros'
[0.267s] DEBUG:colcon.colcon_core.package_identification:Package 'src/hardware/realsense-ros/realsense2_camera_msgs' with type 'ros.ament_cmake' and name 'realsense2_camera_msgs'
[0.267s] Level 1:colcon.colcon_core.package_identification:_identify(src/hardware/realsense-ros/realsense2_description) by extensions ['ignore', 'ignore_ament_install']
[0.268s] Level 1:colcon.colcon_core.package_identification:_identify(src/hardware/realsense-ros/realsense2_description) by extension 'ignore'
[0.268s] Level 1:colcon.colcon_core.package_identification:_identify(src/hardware/realsense-ros/realsense2_description) by extension 'ignore_ament_install'
[0.268s] Level 1:colcon.colcon_core.package_identification:_identify(src/hardware/realsense-ros/realsense2_description) by extensions ['colcon_pkg']
[0.268s] Level 1:colcon.colcon_core.package_identification:_identify(src/hardware/realsense-ros/realsense2_description) by extension 'colcon_pkg'
[0.268s] Level 1:colcon.colcon_core.package_identification:_identify(src/hardware/realsense-ros/realsense2_description) by extensions ['colcon_meta']
[0.268s] Level 1:colcon.colcon_core.package_identification:_identify(src/hardware/realsense-ros/realsense2_description) by extension 'colcon_meta'
[0.268s] Level 1:colcon.colcon_core.package_identification:_identify(src/hardware/realsense-ros/realsense2_description) by extensions ['ros']
[0.268s] Level 1:colcon.colcon_core.package_identification:_identify(src/hardware/realsense-ros/realsense2_description) by extension 'ros'
[0.269s] DEBUG:colcon.colcon_core.package_identification:Package 'src/hardware/realsense-ros/realsense2_description' with type 'ros.ament_cmake' and name 'realsense2_description'
[0.269s] Level 1:colcon.colcon_core.package_identification:_identify(src/hardware/realsense-ros/realsense2_rgbd_plugin) by extensions ['ignore', 'ignore_ament_install']
[0.269s] Level 1:colcon.colcon_core.package_identification:_identify(src/hardware/realsense-ros/realsense2_rgbd_plugin) by extension 'ignore'
[0.269s] Level 1:colcon.colcon_core.package_identification:_identify(src/hardware/realsense-ros/realsense2_rgbd_plugin) by extension 'ignore_ament_install'
[0.269s] Level 1:colcon.colcon_core.package_identification:_identify(src/hardware/realsense-ros/realsense2_rgbd_plugin) by extensions ['colcon_pkg']
[0.269s] Level 1:colcon.colcon_core.package_identification:_identify(src/hardware/realsense-ros/realsense2_rgbd_plugin) by extension 'colcon_pkg'
[0.269s] Level 1:colcon.colcon_core.package_identification:_identify(src/hardware/realsense-ros/realsense2_rgbd_plugin) by extensions ['colcon_meta']
[0.269s] Level 1:colcon.colcon_core.package_identification:_identify(src/hardware/realsense-ros/realsense2_rgbd_plugin) by extension 'colcon_meta'
[0.269s] Level 1:colcon.colcon_core.package_identification:_identify(src/hardware/realsense-ros/realsense2_rgbd_plugin) by extensions ['ros']
[0.269s] Level 1:colcon.colcon_core.package_identification:_identify(src/hardware/realsense-ros/realsense2_rgbd_plugin) by extension 'ros'
[0.270s] Level 1:colcon.colcon_core.package_identification:_identify(src/hardware/realsense-ros/realsense2_rgbd_plugin) ignored
[0.270s] Level 1:colcon.colcon_core.package_identification:_identify(src/hardware/realsense-ros/realsense2_ros_mqtt_bridge) by extensions ['ignore', 'ignore_ament_install']
[0.270s] Level 1:colcon.colcon_core.package_identification:_identify(src/hardware/realsense-ros/realsense2_ros_mqtt_bridge) by extension 'ignore'
[0.270s] Level 1:colcon.colcon_core.package_identification:_identify(src/hardware/realsense-ros/realsense2_ros_mqtt_bridge) by extension 'ignore_ament_install'
[0.270s] Level 1:colcon.colcon_core.package_identification:_identify(src/hardware/realsense-ros/realsense2_ros_mqtt_bridge) by extensions ['colcon_pkg']
[0.270s] Level 1:colcon.colcon_core.package_identification:_identify(src/hardware/realsense-ros/realsense2_ros_mqtt_bridge) by extension 'colcon_pkg'
[0.270s] Level 1:colcon.colcon_core.package_identification:_identify(src/hardware/realsense-ros/realsense2_ros_mqtt_bridge) by extensions ['colcon_meta']
[0.270s] Level 1:colcon.colcon_core.package_identification:_identify(src/hardware/realsense-ros/realsense2_ros_mqtt_bridge) by extension 'colcon_meta'
[0.270s] Level 1:colcon.colcon_core.package_identification:_identify(src/hardware/realsense-ros/realsense2_ros_mqtt_bridge) by extensions ['ros']
[0.270s] Level 1:colcon.colcon_core.package_identification:_identify(src/hardware/realsense-ros/realsense2_ros_mqtt_bridge) by extension 'ros'
[0.270s] Level 1:colcon.colcon_core.package_identification:_identify(src/hardware/realsense-ros/realsense2_ros_mqtt_bridge) ignored
[0.270s] Level 1:colcon.colcon_core.package_identification:_identify(src/hardware/realsense-ros/res) by extensions ['ignore', 'ignore_ament_install']
[0.270s] Level 1:colcon.colcon_core.package_identification:_identify(src/hardware/realsense-ros/res) by extension 'ignore'
[0.270s] Level 1:colcon.colcon_core.package_identification:_identify(src/hardware/realsense-ros/res) by extension 'ignore_ament_install'
[0.270s] Level 1:colcon.colcon_core.package_identification:_identify(src/hardware/realsense-ros/res) by extensions ['colcon_pkg']
[0.270s] Level 1:colcon.colcon_core.package_identification:_identify(src/hardware/realsense-ros/res) by extension 'colcon_pkg'
[0.270s] Level 1:colcon.colcon_core.package_identification:_identify(src/hardware/realsense-ros/res) by extensions ['colcon_meta']
[0.270s] Level 1:colcon.colcon_core.package_identification:_identify(src/hardware/realsense-ros/res) by extension 'colcon_meta'
[0.270s] Level 1:colcon.colcon_core.package_identification:_identify(src/hardware/realsense-ros/res) by extensions ['ros']
[0.270s] Level 1:colcon.colcon_core.package_identification:_identify(src/hardware/realsense-ros/res) by extension 'ros'
[0.270s] Level 1:colcon.colcon_core.package_identification:_identify(src/hardware/realsense-ros/res) by extensions ['cmake', 'python']
[0.270s] Level 1:colcon.colcon_core.package_identification:_identify(src/hardware/realsense-ros/res) by extension 'cmake'
[0.270s] Level 1:colcon.colcon_core.package_identification:_identify(src/hardware/realsense-ros/res) by extension 'python'
[0.271s] Level 1:colcon.colcon_core.package_identification:_identify(src/hardware/realsense-ros/res) by extensions ['python_setup_py']
[0.271s] Level 1:colcon.colcon_core.package_identification:_identify(src/hardware/realsense-ros/res) by extension 'python_setup_py'
[0.271s] Level 1:colcon.colcon_core.package_identification:_identify(src/hardware/realsense-ros/scripts) by extensions ['ignore', 'ignore_ament_install']
[0.271s] Level 1:colcon.colcon_core.package_identification:_identify(src/hardware/realsense-ros/scripts) by extension 'ignore'
[0.271s] Level 1:colcon.colcon_core.package_identification:_identify(src/hardware/realsense-ros/scripts) by extension 'ignore_ament_install'
[0.271s] Level 1:colcon.colcon_core.package_identification:_identify(src/hardware/realsense-ros/scripts) by extensions ['colcon_pkg']
[0.271s] Level 1:colcon.colcon_core.package_identification:_identify(src/hardware/realsense-ros/scripts) by extension 'colcon_pkg'
[0.271s] Level 1:colcon.colcon_core.package_identification:_identify(src/hardware/realsense-ros/scripts) by extensions ['colcon_meta']
[0.271s] Level 1:colcon.colcon_core.package_identification:_identify(src/hardware/realsense-ros/scripts) by extension 'colcon_meta'
[0.271s] Level 1:colcon.colcon_core.package_identification:_identify(src/hardware/realsense-ros/scripts) by extensions ['ros']
[0.271s] Level 1:colcon.colcon_core.package_identification:_identify(src/hardware/realsense-ros/scripts) by extension 'ros'
[0.271s] Level 1:colcon.colcon_core.package_identification:_identify(src/hardware/realsense-ros/scripts) by extensions ['cmake', 'python']
[0.271s] Level 1:colcon.colcon_core.package_identification:_identify(src/hardware/realsense-ros/scripts) by extension 'cmake'
[0.271s] Level 1:colcon.colcon_core.package_identification:_identify(src/hardware/realsense-ros/scripts) by extension 'python'
[0.271s] Level 1:colcon.colcon_core.package_identification:_identify(src/hardware/realsense-ros/scripts) by extensions ['python_setup_py']
[0.271s] Level 1:colcon.colcon_core.package_identification:_identify(src/hardware/realsense-ros/scripts) by extension 'python_setup_py'
[0.271s] Level 1:colcon.colcon_core.package_identification:_identify(src/hardware/uavcan_bridge) by extensions ['ignore', 'ignore_ament_install']
[0.271s] Level 1:colcon.colcon_core.package_identification:_identify(src/hardware/uavcan_bridge) by extension 'ignore'
[0.271s] Level 1:colcon.colcon_core.package_identification:_identify(src/hardware/uavcan_bridge) by extension 'ignore_ament_install'
[0.271s] Level 1:colcon.colcon_core.package_identification:_identify(src/hardware/uavcan_bridge) by extensions ['colcon_pkg']
[0.271s] Level 1:colcon.colcon_core.package_identification:_identify(src/hardware/uavcan_bridge) by extension 'colcon_pkg'
[0.271s] Level 1:colcon.colcon_core.package_identification:_identify(src/hardware/uavcan_bridge) by extensions ['colcon_meta']
[0.271s] Level 1:colcon.colcon_core.package_identification:_identify(src/hardware/uavcan_bridge) by extension 'colcon_meta'
[0.271s] Level 1:colcon.colcon_core.package_identification:_identify(src/hardware/uavcan_bridge) by extensions ['ros']
[0.271s] Level 1:colcon.colcon_core.package_identification:_identify(src/hardware/uavcan_bridge) by extension 'ros'
[0.272s] DEBUG:colcon.colcon_core.package_identification:Package 'src/hardware/uavcan_bridge' with type 'ros.ament_cmake' and name 'uavcan_bridge'
[0.272s] Level 1:colcon.colcon_core.package_identification:_identify(src/hardware/xsens_mti_driver) by extensions ['ignore', 'ignore_ament_install']
[0.272s] Level 1:colcon.colcon_core.package_identification:_identify(src/hardware/xsens_mti_driver) by extension 'ignore'
[0.272s] Level 1:colcon.colcon_core.package_identification:_identify(src/hardware/xsens_mti_driver) by extension 'ignore_ament_install'
[0.272s] Level 1:colcon.colcon_core.package_identification:_identify(src/hardware/xsens_mti_driver) by extensions ['colcon_pkg']
[0.272s] Level 1:colcon.colcon_core.package_identification:_identify(src/hardware/xsens_mti_driver) by extension 'colcon_pkg'
[0.272s] Level 1:colcon.colcon_core.package_identification:_identify(src/hardware/xsens_mti_driver) by extensions ['colcon_meta']
[0.272s] Level 1:colcon.colcon_core.package_identification:_identify(src/hardware/xsens_mti_driver) by extension 'colcon_meta'
[0.272s] Level 1:colcon.colcon_core.package_identification:_identify(src/hardware/xsens_mti_driver) by extensions ['ros']
[0.272s] Level 1:colcon.colcon_core.package_identification:_identify(src/hardware/xsens_mti_driver) by extension 'ros'
[0.273s] Level 1:colcon.colcon_core.package_identification:_identify(src/hardware/xsens_mti_driver) by extensions ['cmake', 'python']
[0.273s] Level 1:colcon.colcon_core.package_identification:_identify(src/hardware/xsens_mti_driver) by extension 'cmake'
[0.273s] Level 1:colcon.colcon_core.package_identification:_identify(src/hardware/xsens_mti_driver) by extension 'python'
[0.273s] Level 1:colcon.colcon_core.package_identification:_identify(src/hardware/xsens_mti_driver) by extensions ['python_setup_py']
[0.273s] Level 1:colcon.colcon_core.package_identification:_identify(src/hardware/xsens_mti_driver) by extension 'python_setup_py'
[0.273s] Level 1:colcon.colcon_core.package_identification:_identify(src/hardware/xsens_mti_driver/src) by extensions ['ignore', 'ignore_ament_install']
[0.273s] Level 1:colcon.colcon_core.package_identification:_identify(src/hardware/xsens_mti_driver/src) by extension 'ignore'
[0.273s] Level 1:colcon.colcon_core.package_identification:_identify(src/hardware/xsens_mti_driver/src) by extension 'ignore_ament_install'
[0.273s] Level 1:colcon.colcon_core.package_identification:_identify(src/hardware/xsens_mti_driver/src) by extensions ['colcon_pkg']
[0.273s] Level 1:colcon.colcon_core.package_identification:_identify(src/hardware/xsens_mti_driver/src) by extension 'colcon_pkg'
[0.273s] Level 1:colcon.colcon_core.package_identification:_identify(src/hardware/xsens_mti_driver/src) by extensions ['colcon_meta']
[0.273s] Level 1:colcon.colcon_core.package_identification:_identify(src/hardware/xsens_mti_driver/src) by extension 'colcon_meta'
[0.273s] Level 1:colcon.colcon_core.package_identification:_identify(src/hardware/xsens_mti_driver/src) by extensions ['ros']
[0.273s] Level 1:colcon.colcon_core.package_identification:_identify(src/hardware/xsens_mti_driver/src) by extension 'ros'
[0.273s] Level 1:colcon.colcon_core.package_identification:_identify(src/hardware/xsens_mti_driver/src) by extensions ['cmake', 'python']
[0.273s] Level 1:colcon.colcon_core.package_identification:_identify(src/hardware/xsens_mti_driver/src) by extension 'cmake'
[0.273s] Level 1:colcon.colcon_core.package_identification:_identify(src/hardware/xsens_mti_driver/src) by extension 'python'
[0.273s] Level 1:colcon.colcon_core.package_identification:_identify(src/hardware/xsens_mti_driver/src) by extensions ['python_setup_py']
[0.273s] Level 1:colcon.colcon_core.package_identification:_identify(src/hardware/xsens_mti_driver/src) by extension 'python_setup_py'
[0.273s] Level 1:colcon.colcon_core.package_identification:_identify(src/hardware/xsens_mti_driver/src/ntrip) by extensions ['ignore', 'ignore_ament_install']
[0.274s] Level 1:colcon.colcon_core.package_identification:_identify(src/hardware/xsens_mti_driver/src/ntrip) by extension 'ignore'
[0.274s] Level 1:colcon.colcon_core.package_identification:_identify(src/hardware/xsens_mti_driver/src/ntrip) by extension 'ignore_ament_install'
[0.274s] Level 1:colcon.colcon_core.package_identification:_identify(src/hardware/xsens_mti_driver/src/ntrip) by extensions ['colcon_pkg']
[0.274s] Level 1:colcon.colcon_core.package_identification:_identify(src/hardware/xsens_mti_driver/src/ntrip) by extension 'colcon_pkg'
[0.274s] Level 1:colcon.colcon_core.package_identification:_identify(src/hardware/xsens_mti_driver/src/ntrip) by extensions ['colcon_meta']
[0.274s] Level 1:colcon.colcon_core.package_identification:_identify(src/hardware/xsens_mti_driver/src/ntrip) by extension 'colcon_meta'
[0.274s] Level 1:colcon.colcon_core.package_identification:_identify(src/hardware/xsens_mti_driver/src/ntrip) by extensions ['ros']
[0.274s] Level 1:colcon.colcon_core.package_identification:_identify(src/hardware/xsens_mti_driver/src/ntrip) by extension 'ros'
[0.275s] DEBUG:colcon.colcon_core.package_identification:Package 'src/hardware/xsens_mti_driver/src/ntrip' with type 'ros.ament_cmake' and name 'ntrip'
[0.275s] Level 1:colcon.colcon_core.package_identification:_identify(src/hardware/xsens_mti_driver/src/xsens_mti_ros2_driver) by extensions ['ignore', 'ignore_ament_install']
[0.275s] Level 1:colcon.colcon_core.package_identification:_identify(src/hardware/xsens_mti_driver/src/xsens_mti_ros2_driver) by extension 'ignore'
[0.275s] Level 1:colcon.colcon_core.package_identification:_identify(src/hardware/xsens_mti_driver/src/xsens_mti_ros2_driver) by extension 'ignore_ament_install'
[0.275s] Level 1:colcon.colcon_core.package_identification:_identify(src/hardware/xsens_mti_driver/src/xsens_mti_ros2_driver) by extensions ['colcon_pkg']
[0.275s] Level 1:colcon.colcon_core.package_identification:_identify(src/hardware/xsens_mti_driver/src/xsens_mti_ros2_driver) by extension 'colcon_pkg'
[0.275s] Level 1:colcon.colcon_core.package_identification:_identify(src/hardware/xsens_mti_driver/src/xsens_mti_ros2_driver) by extensions ['colcon_meta']
[0.275s] Level 1:colcon.colcon_core.package_identification:_identify(src/hardware/xsens_mti_driver/src/xsens_mti_ros2_driver) by extension 'colcon_meta'
[0.275s] Level 1:colcon.colcon_core.package_identification:_identify(src/hardware/xsens_mti_driver/src/xsens_mti_ros2_driver) by extensions ['ros']
[0.276s] Level 1:colcon.colcon_core.package_identification:_identify(src/hardware/xsens_mti_driver/src/xsens_mti_ros2_driver) by extension 'ros'
[0.276s] DEBUG:colcon.colcon_core.package_identification:Package 'src/hardware/xsens_mti_driver/src/xsens_mti_ros2_driver' with type 'ros.ament_cmake' and name 'xsens_mti_ros2_driver'
[0.277s] Level 1:colcon.colcon_core.package_identification:_identify(src/olive_networking) by extensions ['ignore', 'ignore_ament_install']
[0.277s] Level 1:colcon.colcon_core.package_identification:_identify(src/olive_networking) by extension 'ignore'
[0.277s] Level 1:colcon.colcon_core.package_identification:_identify(src/olive_networking) by extension 'ignore_ament_install'
[0.277s] Level 1:colcon.colcon_core.package_identification:_identify(src/olive_networking) by extensions ['colcon_pkg']
[0.277s] Level 1:colcon.colcon_core.package_identification:_identify(src/olive_networking) by extension 'colcon_pkg'
[0.277s] Level 1:colcon.colcon_core.package_identification:_identify(src/olive_networking) by extensions ['colcon_meta']
[0.277s] Level 1:colcon.colcon_core.package_identification:_identify(src/olive_networking) by extension 'colcon_meta'
[0.277s] Level 1:colcon.colcon_core.package_identification:_identify(src/olive_networking) by extensions ['ros']
[0.277s] Level 1:colcon.colcon_core.package_identification:_identify(src/olive_networking) by extension 'ros'
[0.277s] DEBUG:colcon.colcon_core.package_identification:Package 'src/olive_networking' with type 'ros.ament_cmake' and name 'olive_networking'
[0.277s] Level 1:colcon.colcon_core.package_identification:_identify(src/platform_bringup) by extensions ['ignore', 'ignore_ament_install']
[0.277s] Level 1:colcon.colcon_core.package_identification:_identify(src/platform_bringup) by extension 'ignore'
[0.278s] Level 1:colcon.colcon_core.package_identification:_identify(src/platform_bringup) by extension 'ignore_ament_install'
[0.278s] Level 1:colcon.colcon_core.package_identification:_identify(src/platform_bringup) by extensions ['colcon_pkg']
[0.278s] Level 1:colcon.colcon_core.package_identification:_identify(src/platform_bringup) by extension 'colcon_pkg'
[0.278s] Level 1:colcon.colcon_core.package_identification:_identify(src/platform_bringup) by extensions ['colcon_meta']
[0.278s] Level 1:colcon.colcon_core.package_identification:_identify(src/platform_bringup) by extension 'colcon_meta'
[0.278s] Level 1:colcon.colcon_core.package_identification:_identify(src/platform_bringup) by extensions ['ros']
[0.278s] Level 1:colcon.colcon_core.package_identification:_identify(src/platform_bringup) by extension 'ros'
[0.278s] DEBUG:colcon.colcon_core.package_identification:Package 'src/platform_bringup' with type 'ros.ament_cmake' and name 'platform_bringup'
[0.278s] Level 1:colcon.colcon_core.package_identification:_identify(src/platform_description) by extensions ['ignore', 'ignore_ament_install']
[0.278s] Level 1:colcon.colcon_core.package_identification:_identify(src/platform_description) by extension 'ignore'
[0.278s] Level 1:colcon.colcon_core.package_identification:_identify(src/platform_description) by extension 'ignore_ament_install'
[0.278s] Level 1:colcon.colcon_core.package_identification:_identify(src/platform_description) by extensions ['colcon_pkg']
[0.278s] Level 1:colcon.colcon_core.package_identification:_identify(src/platform_description) by extension 'colcon_pkg'
[0.279s] Level 1:colcon.colcon_core.package_identification:_identify(src/platform_description) by extensions ['colcon_meta']
[0.279s] Level 1:colcon.colcon_core.package_identification:_identify(src/platform_description) by extension 'colcon_meta'
[0.279s] Level 1:colcon.colcon_core.package_identification:_identify(src/platform_description) by extensions ['ros']
[0.279s] Level 1:colcon.colcon_core.package_identification:_identify(src/platform_description) by extension 'ros'
[0.286s] DEBUG:colcon.colcon_core.package_identification:Package 'src/platform_description' with type 'ros.ament_cmake' and name 'platform_description'
[0.286s] Level 1:colcon.colcon_core.package_identification:_identify(src/platform_interfaces) by extensions ['ignore', 'ignore_ament_install']
[0.286s] Level 1:colcon.colcon_core.package_identification:_identify(src/platform_interfaces) by extension 'ignore'
[0.286s] Level 1:colcon.colcon_core.package_identification:_identify(src/platform_interfaces) by extension 'ignore_ament_install'
[0.286s] Level 1:colcon.colcon_core.package_identification:_identify(src/platform_interfaces) by extensions ['colcon_pkg']
[0.286s] Level 1:colcon.colcon_core.package_identification:_identify(src/platform_interfaces) by extension 'colcon_pkg'
[0.286s] Level 1:colcon.colcon_core.package_identification:_identify(src/platform_interfaces) by extensions ['colcon_meta']
[0.286s] Level 1:colcon.colcon_core.package_identification:_identify(src/platform_interfaces) by extension 'colcon_meta'
[0.286s] Level 1:colcon.colcon_core.package_identification:_identify(src/platform_interfaces) by extensions ['ros']
[0.286s] Level 1:colcon.colcon_core.package_identification:_identify(src/platform_interfaces) by extension 'ros'
[0.287s] DEBUG:colcon.colcon_core.package_identification:Package 'src/platform_interfaces' with type 'ros.ament_cmake' and name 'platform_interfaces'
[0.287s] Level 1:colcon.colcon_core.package_identification:_identify(src/platform_processing) by extensions ['ignore', 'ignore_ament_install']
[0.287s] Level 1:colcon.colcon_core.package_identification:_identify(src/platform_processing) by extension 'ignore'
[0.287s] Level 1:colcon.colcon_core.package_identification:_identify(src/platform_processing) by extension 'ignore_ament_install'
[0.287s] Level 1:colcon.colcon_core.package_identification:_identify(src/platform_processing) by extensions ['colcon_pkg']
[0.287s] Level 1:colcon.colcon_core.package_identification:_identify(src/platform_processing) by extension 'colcon_pkg'
[0.287s] Level 1:colcon.colcon_core.package_identification:_identify(src/platform_processing) by extensions ['colcon_meta']
[0.287s] Level 1:colcon.colcon_core.package_identification:_identify(src/platform_processing) by extension 'colcon_meta'
[0.287s] Level 1:colcon.colcon_core.package_identification:_identify(src/platform_processing) by extensions ['ros']
[0.287s] Level 1:colcon.colcon_core.package_identification:_identify(src/platform_processing) by extension 'ros'
[0.288s] DEBUG:colcon.colcon_core.package_identification:Package 'src/platform_processing' with type 'ros.ament_cmake' and name 'platform_processing'
[0.288s] Level 1:colcon.colcon_core.package_discovery:discover_packages(recursive) using defaults
[0.288s] Level 1:colcon.colcon_core.package_discovery:discover_packages(ignore) discover
[0.288s] Level 1:colcon.colcon_core.package_discovery:discover_packages(ignore) using defaults
[0.288s] Level 1:colcon.colcon_core.package_discovery:discover_packages(path) discover
[0.288s] Level 1:colcon.colcon_core.package_discovery:discover_packages(path) using defaults
[0.306s] INFO:colcon.colcon_core.package_selection:Skipping not selected package 'ntrip' in 'src/hardware/xsens_mti_driver/src/ntrip'
[0.306s] INFO:colcon.colcon_core.package_selection:Skipping not selected package 'olive_networking' in 'src/olive_networking'
[0.306s] INFO:colcon.colcon_core.package_selection:Skipping not selected package 'platform_interfaces' in 'src/platform_interfaces'
[0.306s] INFO:colcon.colcon_core.package_selection:Skipping not selected package 'platform_processing' in 'src/platform_processing'
[0.306s] INFO:colcon.colcon_core.package_selection:Skipping not selected package 'realsense2_camera_msgs' in 'src/hardware/realsense-ros/realsense2_camera_msgs'
[0.306s] INFO:colcon.colcon_core.package_selection:Skipping not selected package 'uavcan_bridge' in 'src/hardware/uavcan_bridge'
[0.307s] INFO:colcon.colcon_core.package_selection:Skipping not selected package 'xsens_mti_ros2_driver' in 'src/hardware/xsens_mti_driver/src/xsens_mti_ros2_driver'
[0.307s] INFO:colcon.colcon_core.package_selection:Skipping not selected package 'realsense2_camera' in 'src/hardware/realsense-ros/realsense2_camera'
[0.307s] INFO:colcon.colcon_core.package_selection:Skipping not selected package 'realsense2_description' in 'src/hardware/realsense-ros/realsense2_description'
[0.307s] INFO:colcon.colcon_core.package_selection:Skipping not selected package 'platform_bringup' in 'src/platform_bringup'
[0.307s] Level 1:colcon.colcon_core.package_discovery:discover_packages(prefix_path) check parameters
[0.307s] Level 1:colcon.colcon_core.package_discovery:discover_packages(prefix_path) discover
[0.309s] DEBUG:colcon.colcon_installed_package_information.package_discovery:Found 13 installed packages in /home/student/sensor_platform_ws/install
[0.311s] DEBUG:colcon.colcon_installed_package_information.package_discovery:Found 291 installed packages in /opt/ros/humble
[0.312s] Level 1:colcon.colcon_core.package_discovery:discover_packages(prefix_path) using defaults
[0.347s] Level 5:colcon.colcon_core.verb:set package 'platform_description' build argument 'cmake_args' from command line to 'None'
[0.347s] Level 5:colcon.colcon_core.verb:set package 'platform_description' build argument 'cmake_target' from command line to 'None'
[0.347s] Level 5:colcon.colcon_core.verb:set package 'platform_description' build argument 'cmake_target_skip_unavailable' from command line to 'False'
[0.347s] Level 5:colcon.colcon_core.verb:set package 'platform_description' build argument 'cmake_clean_cache' from command line to 'False'
[0.347s] Level 5:colcon.colcon_core.verb:set package 'platform_description' build argument 'cmake_clean_first' from command line to 'False'
[0.347s] Level 5:colcon.colcon_core.verb:set package 'platform_description' build argument 'cmake_force_configure' from command line to 'False'
[0.347s] Level 5:colcon.colcon_core.verb:set package 'platform_description' build argument 'ament_cmake_args' from command line to 'None'
[0.347s] Level 5:colcon.colcon_core.verb:set package 'platform_description' build argument 'catkin_cmake_args' from command line to 'None'
[0.347s] Level 5:colcon.colcon_core.verb:set package 'platform_description' build argument 'catkin_skip_building_tests' from command line to 'False'
[0.348s] DEBUG:colcon.colcon_core.verb:Building package 'platform_description' with the following arguments: {'ament_cmake_args': None, 'build_base': '/home/student/sensor_platform_ws/build/platform_description', 'catkin_cmake_args': None, 'catkin_skip_building_tests': False, 'cmake_args': None, 'cmake_clean_cache': False, 'cmake_clean_first': False, 'cmake_force_configure': False, 'cmake_target': None, 'cmake_target_skip_unavailable': False, 'install_base': '/home/student/sensor_platform_ws/install/platform_description', 'merge_install': False, 'path': '/home/student/sensor_platform_ws/src/platform_description', 'symlink_install': True, 'test_result_base': None}
[0.348s] INFO:colcon.colcon_core.executor:Executing jobs using 'parallel' executor
[0.348s] DEBUG:colcon.colcon_parallel_executor.executor.parallel:run_until_complete
[0.349s] INFO:colcon.colcon_ros.task.ament_cmake.build:Building ROS package in '/home/student/sensor_platform_ws/src/platform_description' with build type 'ament_cmake'
[0.349s] INFO:colcon.colcon_cmake.task.cmake.build:Building CMake package in '/home/student/sensor_platform_ws/src/platform_description'
[0.350s] INFO:colcon.colcon_core.plugin_system:Skipping extension 'colcon_core.shell.bat': Not used on non-Windows systems
[0.350s] INFO:colcon.colcon_core.shell:Skip shell extension 'powershell' for command environment: Not usable outside of PowerShell
[0.350s] DEBUG:colcon.colcon_core.shell:Skip shell extension 'dsv' for command environment
[0.358s] DEBUG:colcon.colcon_core.event_handler.log_command:Invoking command in '/home/student/sensor_platform_ws/build/platform_description': CMAKE_PREFIX_PATH=${CMAKE_PREFIX_PATH}:/opt/ros/humble /usr/bin/cmake --build /home/student/sensor_platform_ws/build/platform_description -- -j8 -l8
[0.396s] DEBUG:colcon.colcon_core.event_handler.log_command:Invoked command in '/home/student/sensor_platform_ws/build/platform_description' returned '0': CMAKE_PREFIX_PATH=${CMAKE_PREFIX_PATH}:/opt/ros/humble /usr/bin/cmake --build /home/student/sensor_platform_ws/build/platform_description -- -j8 -l8
[0.404s] DEBUG:colcon.colcon_core.event_handler.log_command:Invoking command in '/home/student/sensor_platform_ws/build/platform_description': CMAKE_PREFIX_PATH=${CMAKE_PREFIX_PATH}:/opt/ros/humble /usr/bin/cmake --install /home/student/sensor_platform_ws/build/platform_description
[0.421s] Level 1:colcon.colcon_core.environment:create_environment_scripts_only(platform_description)
[0.422s] DEBUG:colcon.colcon_core.event_handler.log_command:Invoked command in '/home/student/sensor_platform_ws/build/platform_description' returned '0': CMAKE_PREFIX_PATH=${CMAKE_PREFIX_PATH}:/opt/ros/humble /usr/bin/cmake --install /home/student/sensor_platform_ws/build/platform_description
[0.423s] Level 1:colcon.colcon_core.environment:checking '/home/student/sensor_platform_ws/install/platform_description' for CMake module files
[0.424s] Level 1:colcon.colcon_core.environment:checking '/home/student/sensor_platform_ws/install/platform_description' for CMake config files
[0.424s] Level 1:colcon.colcon_core.shell:create_environment_hook('platform_description', 'cmake_prefix_path')
[0.424s] INFO:colcon.colcon_core.shell:Creating environment hook '/home/student/sensor_platform_ws/install/platform_description/share/platform_description/hook/cmake_prefix_path.ps1'
[0.425s] INFO:colcon.colcon_core.shell:Creating environment descriptor '/home/student/sensor_platform_ws/install/platform_description/share/platform_description/hook/cmake_prefix_path.dsv'
[0.426s] INFO:colcon.colcon_core.shell:Creating environment hook '/home/student/sensor_platform_ws/install/platform_description/share/platform_description/hook/cmake_prefix_path.sh'
[0.427s] Level 1:colcon.colcon_core.environment:checking '/home/student/sensor_platform_ws/install/platform_description/bin'
[0.427s] Level 1:colcon.colcon_core.environment:checking '/home/student/sensor_platform_ws/install/platform_description/lib/pkgconfig/platform_description.pc'
[0.427s] Level 1:colcon.colcon_core.environment:checking '/home/student/sensor_platform_ws/install/platform_description/lib/python3.10/site-packages'
[0.427s] Level 1:colcon.colcon_core.environment:checking '/home/student/sensor_platform_ws/install/platform_description/bin'
[0.427s] INFO:colcon.colcon_core.shell:Creating package script '/home/student/sensor_platform_ws/install/platform_description/share/platform_description/package.ps1'
[0.428s] INFO:colcon.colcon_core.shell:Creating package descriptor '/home/student/sensor_platform_ws/install/platform_description/share/platform_description/package.dsv'
[0.429s] INFO:colcon.colcon_core.shell:Creating package script '/home/student/sensor_platform_ws/install/platform_description/share/platform_description/package.sh'
[0.430s] INFO:colcon.colcon_core.shell:Creating package script '/home/student/sensor_platform_ws/install/platform_description/share/platform_description/package.bash'
[0.430s] INFO:colcon.colcon_core.shell:Creating package script '/home/student/sensor_platform_ws/install/platform_description/share/platform_description/package.zsh'
[0.431s] Level 1:colcon.colcon_core.environment:create_file_with_runtime_dependencies(/home/student/sensor_platform_ws/install/platform_description/share/colcon-core/packages/platform_description)
[0.431s] Level 1:colcon.colcon_core.environment:create_environment_scripts_only(platform_description)
[0.431s] Level 1:colcon.colcon_core.environment:checking '/home/student/sensor_platform_ws/install/platform_description' for CMake module files
[0.432s] Level 1:colcon.colcon_core.environment:checking '/home/student/sensor_platform_ws/install/platform_description' for CMake config files
[0.432s] Level 1:colcon.colcon_core.shell:create_environment_hook('platform_description', 'cmake_prefix_path')
[0.432s] INFO:colcon.colcon_core.shell:Creating environment hook '/home/student/sensor_platform_ws/install/platform_description/share/platform_description/hook/cmake_prefix_path.ps1'
[0.432s] INFO:colcon.colcon_core.shell:Creating environment descriptor '/home/student/sensor_platform_ws/install/platform_description/share/platform_description/hook/cmake_prefix_path.dsv'
[0.432s] INFO:colcon.colcon_core.shell:Creating environment hook '/home/student/sensor_platform_ws/install/platform_description/share/platform_description/hook/cmake_prefix_path.sh'
[0.433s] Level 1:colcon.colcon_core.environment:checking '/home/student/sensor_platform_ws/install/platform_description/bin'
[0.433s] Level 1:colcon.colcon_core.environment:checking '/home/student/sensor_platform_ws/install/platform_description/lib/pkgconfig/platform_description.pc'
[0.433s] Level 1:colcon.colcon_core.environment:checking '/home/student/sensor_platform_ws/install/platform_description/lib/python3.10/site-packages'
[0.433s] Level 1:colcon.colcon_core.environment:checking '/home/student/sensor_platform_ws/install/platform_description/bin'
[0.434s] INFO:colcon.colcon_core.shell:Creating package script '/home/student/sensor_platform_ws/install/platform_description/share/platform_description/package.ps1'
[0.434s] INFO:colcon.colcon_core.shell:Creating package descriptor '/home/student/sensor_platform_ws/install/platform_description/share/platform_description/package.dsv'
[0.434s] INFO:colcon.colcon_core.shell:Creating package script '/home/student/sensor_platform_ws/install/platform_description/share/platform_description/package.sh'
[0.435s] INFO:colcon.colcon_core.shell:Creating package script '/home/student/sensor_platform_ws/install/platform_description/share/platform_description/package.bash'
[0.435s] INFO:colcon.colcon_core.shell:Creating package script '/home/student/sensor_platform_ws/install/platform_description/share/platform_description/package.zsh'
[0.435s] Level 1:colcon.colcon_core.environment:create_file_with_runtime_dependencies(/home/student/sensor_platform_ws/install/platform_description/share/colcon-core/packages/platform_description)
[0.435s] DEBUG:colcon.colcon_parallel_executor.executor.parallel:closing loop
[0.436s] DEBUG:colcon.colcon_parallel_executor.executor.parallel:loop closed
[0.436s] DEBUG:colcon.colcon_parallel_executor.executor.parallel:run_until_complete finished with '0'
[0.436s] DEBUG:colcon.colcon_core.event_reactor:joining thread
[0.440s] INFO:colcon.colcon_core.plugin_system:Skipping extension 'colcon_notification.desktop_notification.terminal_notifier': Not used on non-Darwin systems
[0.440s] INFO:colcon.colcon_core.plugin_system:Skipping extension 'colcon_notification.desktop_notification.win32': Not used on non-Windows systems
[0.440s] INFO:colcon.colcon_notification.desktop_notification:Sending desktop notification using 'notify2'
[0.452s] DEBUG:colcon.colcon_core.event_reactor:joined thread
[0.452s] INFO:colcon.colcon_core.shell:Creating prefix script '/home/student/sensor_platform_ws/install/local_setup.ps1'
[0.453s] INFO:colcon.colcon_core.shell:Creating prefix util module '/home/student/sensor_platform_ws/install/_local_setup_util_ps1.py'
[0.454s] INFO:colcon.colcon_core.shell:Creating prefix chain script '/home/student/sensor_platform_ws/install/setup.ps1'
[0.455s] INFO:colcon.colcon_core.shell:Creating prefix script '/home/student/sensor_platform_ws/install/local_setup.sh'
[0.456s] INFO:colcon.colcon_core.shell:Creating prefix util module '/home/student/sensor_platform_ws/install/_local_setup_util_sh.py'
[0.456s] INFO:colcon.colcon_core.shell:Creating prefix chain script '/home/student/sensor_platform_ws/install/setup.sh'
[0.457s] INFO:colcon.colcon_core.shell:Creating prefix script '/home/student/sensor_platform_ws/install/local_setup.bash'
[0.458s] INFO:colcon.colcon_core.shell:Creating prefix chain script '/home/student/sensor_platform_ws/install/setup.bash'
[0.459s] INFO:colcon.colcon_core.shell:Creating prefix script '/home/student/sensor_platform_ws/install/local_setup.zsh'
[0.460s] INFO:colcon.colcon_core.shell:Creating prefix chain script '/home/student/sensor_platform_ws/install/setup.zsh'
