[0.008s] Invoking command in '/home/student/sensor_platform_ws/build/uavcan_bridge': CMAKE_PREFIX_PATH=${CMAKE_PREFIX_PATH}:/opt/ros/humble /usr/bin/cmake --build /home/student/sensor_platform_ws/build/uavcan_bridge -- -j8 -l8
[0.024s] -- Found ament_cmake: 1.3.14 (/opt/ros/humble/share/ament_cmake/cmake)
[0.116s] -- Found rclcpp: 16.0.19 (/opt/ros/humble/share/rclcpp/cmake)
[0.137s] -- Found rosidl_generator_c: 3.1.8 (/opt/ros/humble/share/rosidl_generator_c/cmake)
[0.138s] -- Found rosidl_adapter: 3.1.8 (/opt/ros/humble/share/rosidl_adapter/cmake)
[0.143s] -- Found rosidl_generator_cpp: 3.1.8 (/opt/ros/humble/share/rosidl_generator_cpp/cmake)
[0.150s] -- Using all available rosidl_typesupport_c: rosidl_typesupport_fastrtps_c;rosidl_typesupport_introspection_c
[0.160s] -- Using all available rosidl_typesupport_cpp: rosidl_typesupport_fastrtps_cpp;rosidl_typesupport_introspection_cpp
[0.184s] -- Found rmw_implementation_cmake: 6.1.2 (/opt/ros/humble/share/rmw_implementation_cmake/cmake)
[0.186s] -- Found rmw_fastrtps_cpp: 6.2.10 (/opt/ros/humble/share/rmw_fastrtps_cpp/cmake)
[0.254s] -- Using RMW implementation 'rmw_fastrtps_cpp' as default
[0.293s] -- Found rclcpp_components: 16.0.19 (/opt/ros/humble/share/rclcpp_components/cmake)
[0.307s] -- Found geometry_msgs: 4.9.1 (/opt/ros/humble/share/geometry_msgs/cmake)
[0.316s] -- Found sensor_msgs: 4.9.1 (/opt/ros/humble/share/sensor_msgs/cmake)
[0.329s] -- Found ament_lint_auto: 0.12.15 (/opt/ros/humble/share/ament_lint_auto/cmake)
[0.386s] -- Added test 'cppcheck' to perform static code analysis on C / C++ code
[0.386s] -- Configured cppcheck include dirs: /home/student/sensor_platform_ws/src/hardware/uavcan_bridge/include/libcanard
[0.386s] -- Configured cppcheck exclude dirs and/or files: 
[0.387s] -- Added test 'flake8' to check Python code syntax and style conventions
[0.388s] -- Added test 'lint_cmake' to check CMake code style
[0.389s] -- Added test 'pep257' to check Python code against some of the docstring style conventions in PEP 257
[0.393s] -- Added test 'uncrustify' to check C / C++ code style
[0.393s] -- Configured uncrustify additional arguments: 
[0.394s] -- Added test 'xmllint' to check XML markup files
[0.394s] -- Configuring done
[0.406s] -- Generating done
[0.411s] -- Build files have been written to: /home/student/sensor_platform_ws/build/uavcan_bridge
[0.429s] [35m[1mConsolidate compiler generated dependencies of target dronecan_bridge_node[0m
[0.429s] [35m[1mConsolidate compiler generated dependencies of target dronecan_bridge_component[0m
[0.436s] [ 14%] [32mBuilding CXX object CMakeFiles/uavcan_bridge_node.dir/src/dronecan_bridge_component.cpp.o[0m
[0.440s] [ 42%] Built target dronecan_bridge_node
[0.440s] [ 85%] Built target dronecan_bridge_component
[0.586s] [01m[K/home/student/sensor_platform_ws/src/hardware/uavcan_bridge/src/dronecan_bridge_component.cpp:4:10:[m[K [01;31m[Kfatal error: [m[Ksensor_msgs/msg/range.hpp: No such file or directory
[0.586s]     4 | #include [01;31m[K<sensor_msgs/msg/range.hpp>[m[K
[0.586s]       |          [01;31m[K^~~~~~~~~~~~~~~~~~~~~~~~~~~[m[K
[0.586s] compilation terminated.
[0.588s] gmake[2]: *** [CMakeFiles/uavcan_bridge_node.dir/build.make:76: CMakeFiles/uavcan_bridge_node.dir/src/dronecan_bridge_component.cpp.o] Error 1
[0.588s] gmake[1]: *** [CMakeFiles/Makefile2:193: CMakeFiles/uavcan_bridge_node.dir/all] Error 2
[0.588s] gmake: *** [Makefile:146: all] Error 2
[0.590s] Invoked command in '/home/student/sensor_platform_ws/build/uavcan_bridge' returned '2': CMAKE_PREFIX_PATH=${CMAKE_PREFIX_PATH}:/opt/ros/humble /usr/bin/cmake --build /home/student/sensor_platform_ws/build/uavcan_bridge -- -j8 -l8
