[0.083s] Invoking command in '/home/student/sensor_platform_ws/build/ntrip': CMAKE_PREFIX_PATH=${CMAKE_PREFIX_PATH}:/opt/ros/humble /usr/bin/cmake --build /home/student/sensor_platform_ws/build/ntrip -- -j8 -l8
[0.566s] [ 60%] Built target ntrip_lib
[0.658s] [100%] Built target ntrip
[0.686s] Invoked command in '/home/student/sensor_platform_ws/build/ntrip' returned '0': CMAKE_PREFIX_PATH=${CMAKE_PREFIX_PATH}:/opt/ros/humble /usr/bin/cmake --build /home/student/sensor_platform_ws/build/ntrip -- -j8 -l8
[0.687s] Invoking command in '/home/student/sensor_platform_ws/build/ntrip': CMAKE_PREFIX_PATH=${CMAKE_PREFIX_PATH}:/opt/ros/humble /usr/bin/cmake --install /home/student/sensor_platform_ws/build/ntrip
[0.694s] -- Install configuration: "Release"
[0.696s] -- Execute custom install script
[0.782s] -- Up-to-date symlink: /home/student/sensor_platform_ws/install/ntrip/lib/libntrip_lib.a
[0.782s] -- Up-to-date symlink: /home/student/sensor_platform_ws/install/ntrip/lib/ntrip/ntrip
[0.782s] -- Up-to-date symlink: /home/student/sensor_platform_ws/install/ntrip/share/ntrip/config/ntrip-param.yaml
[0.794s] -- Up-to-date symlink: /home/student/sensor_platform_ws/install/ntrip/share/ntrip/launch/ntrip_launch.py
[0.794s] -- Up-to-date symlink: /home/student/sensor_platform_ws/install/ntrip/include//ntrip_client/ntrip_client.h
[0.811s] -- Up-to-date symlink: /home/student/sensor_platform_ws/install/ntrip/include//ntrip_client/rtcm_parser.h
[0.811s] -- Up-to-date symlink: /home/student/sensor_platform_ws/install/ntrip/share/ament_index/resource_index/package_run_dependencies/ntrip
[0.817s] -- Up-to-date symlink: /home/student/sensor_platform_ws/install/ntrip/share/ament_index/resource_index/parent_prefix_path/ntrip
[0.817s] -- Up-to-date symlink: /home/student/sensor_platform_ws/install/ntrip/share/ntrip/environment/ament_prefix_path.sh
[0.818s] -- Up-to-date symlink: /home/student/sensor_platform_ws/install/ntrip/share/ntrip/environment/ament_prefix_path.dsv
[0.818s] -- Up-to-date symlink: /home/student/sensor_platform_ws/install/ntrip/share/ntrip/environment/path.sh
[0.818s] -- Up-to-date symlink: /home/student/sensor_platform_ws/install/ntrip/share/ntrip/environment/path.dsv
[0.818s] -- Up-to-date symlink: /home/student/sensor_platform_ws/install/ntrip/share/ntrip/local_setup.bash
[0.818s] -- Up-to-date symlink: /home/student/sensor_platform_ws/install/ntrip/share/ntrip/local_setup.sh
[0.819s] -- Up-to-date symlink: /home/student/sensor_platform_ws/install/ntrip/share/ntrip/local_setup.zsh
[0.819s] -- Up-to-date symlink: /home/student/sensor_platform_ws/install/ntrip/share/ntrip/local_setup.dsv
[0.819s] -- Symlinking: /home/student/sensor_platform_ws/install/ntrip/share/ntrip/package.dsv
[0.824s] -- Up-to-date symlink: /home/student/sensor_platform_ws/install/ntrip/share/ament_index/resource_index/packages/ntrip
[0.824s] -- Up-to-date symlink: /home/student/sensor_platform_ws/install/ntrip/share/ntrip/cmake/ntripConfig.cmake
[0.824s] -- Up-to-date symlink: /home/student/sensor_platform_ws/install/ntrip/share/ntrip/cmake/ntripConfig-version.cmake
[0.824s] -- Up-to-date symlink: /home/student/sensor_platform_ws/install/ntrip/share/ntrip/package.xml
[0.848s] Invoked command in '/home/student/sensor_platform_ws/build/ntrip' returned '0': CMAKE_PREFIX_PATH=${CMAKE_PREFIX_PATH}:/opt/ros/humble /usr/bin/cmake --install /home/student/sensor_platform_ws/build/ntrip
