[0.006s] Invoking command in '/home/student/sensor_platform_ws/build/realsense2_description': AMENT_PREFIX_PATH=/home/student/sensor_platform_ws/install/realsense2_camera_msgs:${AMENT_PREFIX_PATH} CMAKE_PREFIX_PATH=/home/student/sensor_platform_ws/install/realsense2_camera_msgs:/opt/ros/humble LD_LIBRARY_PATH=/home/student/sensor_platform_ws/install/realsense2_camera_msgs/lib:${LD_LIBRARY_PATH} PYTHONPATH=/home/student/sensor_platform_ws/install/realsense2_camera_msgs/local/lib/python3.10/dist-packages:${PYTHONPATH} /usr/bin/cmake /home/student/sensor_platform_ws/src/hardware/realsense-ros/realsense2_description -DCMAKE_BUILD_TYPE=Release -DAMENT_CMAKE_SYMLINK_INSTALL=1 -DCMAKE_INSTALL_PREFIX=/home/student/sensor_platform_ws/install/realsense2_description
[0.077s] -- The C compiler identification is GNU 11.4.0
[0.126s] -- The CXX compiler identification is GNU 11.4.0
[0.133s] -- Detecting C compiler ABI info
[0.184s] -- Detecting C compiler ABI info - done
[0.190s] -- Check for working C compiler: /usr/bin/cc - skipped
[0.190s] -- Detecting C compile features
[0.190s] -- Detecting C compile features - done
[0.193s] -- Detecting CXX compiler ABI info
[0.253s] -- Detecting CXX compiler ABI info - done
[0.259s] -- Check for working CXX compiler: /usr/bin/c++ - skipped
[0.259s] -- Detecting CXX compile features
[0.260s] -- Detecting CXX compile features - done
[0.261s] -- Found ament_cmake: 1.3.14 (/opt/ros/humble/share/ament_cmake/cmake)
[0.383s] -- Found Python3: /usr/bin/python3 (found version "3.10.12") found components: Interpreter 
[0.440s] -- Override CMake install command with custom implementation using symlinks instead of copying resources
[0.509s] -- Configuring done
[0.511s] -- Generating done
[0.512s] -- Build files have been written to: /home/student/sensor_platform_ws/build/realsense2_description
[0.515s] Invoked command in '/home/student/sensor_platform_ws/build/realsense2_description' returned '0': AMENT_PREFIX_PATH=/home/student/sensor_platform_ws/install/realsense2_camera_msgs:${AMENT_PREFIX_PATH} CMAKE_PREFIX_PATH=/home/student/sensor_platform_ws/install/realsense2_camera_msgs:/opt/ros/humble LD_LIBRARY_PATH=/home/student/sensor_platform_ws/install/realsense2_camera_msgs/lib:${LD_LIBRARY_PATH} PYTHONPATH=/home/student/sensor_platform_ws/install/realsense2_camera_msgs/local/lib/python3.10/dist-packages:${PYTHONPATH} /usr/bin/cmake /home/student/sensor_platform_ws/src/hardware/realsense-ros/realsense2_description -DCMAKE_BUILD_TYPE=Release -DAMENT_CMAKE_SYMLINK_INSTALL=1 -DCMAKE_INSTALL_PREFIX=/home/student/sensor_platform_ws/install/realsense2_description
[0.517s] Invoking command in '/home/student/sensor_platform_ws/build/realsense2_description': AMENT_PREFIX_PATH=/home/student/sensor_platform_ws/install/realsense2_camera_msgs:${AMENT_PREFIX_PATH} CMAKE_PREFIX_PATH=/home/student/sensor_platform_ws/install/realsense2_camera_msgs:/opt/ros/humble LD_LIBRARY_PATH=/home/student/sensor_platform_ws/install/realsense2_camera_msgs/lib:${LD_LIBRARY_PATH} PYTHONPATH=/home/student/sensor_platform_ws/install/realsense2_camera_msgs/local/lib/python3.10/dist-packages:${PYTHONPATH} /usr/bin/cmake --build /home/student/sensor_platform_ws/build/realsense2_description -- -j8 -l8
[0.544s] Invoked command in '/home/student/sensor_platform_ws/build/realsense2_description' returned '0': AMENT_PREFIX_PATH=/home/student/sensor_platform_ws/install/realsense2_camera_msgs:${AMENT_PREFIX_PATH} CMAKE_PREFIX_PATH=/home/student/sensor_platform_ws/install/realsense2_camera_msgs:/opt/ros/humble LD_LIBRARY_PATH=/home/student/sensor_platform_ws/install/realsense2_camera_msgs/lib:${LD_LIBRARY_PATH} PYTHONPATH=/home/student/sensor_platform_ws/install/realsense2_camera_msgs/local/lib/python3.10/dist-packages:${PYTHONPATH} /usr/bin/cmake --build /home/student/sensor_platform_ws/build/realsense2_description -- -j8 -l8
[0.545s] Invoking command in '/home/student/sensor_platform_ws/build/realsense2_description': AMENT_PREFIX_PATH=/home/student/sensor_platform_ws/install/realsense2_camera_msgs:${AMENT_PREFIX_PATH} CMAKE_PREFIX_PATH=/home/student/sensor_platform_ws/install/realsense2_camera_msgs:/opt/ros/humble LD_LIBRARY_PATH=/home/student/sensor_platform_ws/install/realsense2_camera_msgs/lib:${LD_LIBRARY_PATH} PYTHONPATH=/home/student/sensor_platform_ws/install/realsense2_camera_msgs/local/lib/python3.10/dist-packages:${PYTHONPATH} /usr/bin/cmake --install /home/student/sensor_platform_ws/build/realsense2_description
[0.550s] -- Install configuration: "Release"
[0.551s] -- Execute custom install script
[0.558s] -- Symlinking: /home/student/sensor_platform_ws/install/realsense2_description/share/realsense2_description/launch/launch_utils.py
[0.564s] -- Symlinking: /home/student/sensor_platform_ws/install/realsense2_description/share/realsense2_description/launch/view_model.launch.py
[0.571s] -- Symlinking: /home/student/sensor_platform_ws/install/realsense2_description/share/realsense2_description/meshes/d405.stl
[0.577s] -- Symlinking: /home/student/sensor_platform_ws/install/realsense2_description/share/realsense2_description/meshes/d415.stl
[0.584s] -- Symlinking: /home/student/sensor_platform_ws/install/realsense2_description/share/realsense2_description/meshes/d435.dae
[0.590s] -- Symlinking: /home/student/sensor_platform_ws/install/realsense2_description/share/realsense2_description/meshes/d436.dae
[0.597s] -- Symlinking: /home/student/sensor_platform_ws/install/realsense2_description/share/realsense2_description/meshes/d455.stl
[0.604s] -- Symlinking: /home/student/sensor_platform_ws/install/realsense2_description/share/realsense2_description/meshes/d585.stl
[0.611s] -- Symlinking: /home/student/sensor_platform_ws/install/realsense2_description/share/realsense2_description/meshes/l515.dae
[0.618s] -- Symlinking: /home/student/sensor_platform_ws/install/realsense2_description/share/realsense2_description/meshes/plug.stl
[0.625s] -- Symlinking: /home/student/sensor_platform_ws/install/realsense2_description/share/realsense2_description/meshes/plug_collision.stl
[0.632s] -- Symlinking: /home/student/sensor_platform_ws/install/realsense2_description/share/realsense2_description/rviz/urdf.rviz
[0.639s] -- Symlinking: /home/student/sensor_platform_ws/install/realsense2_description/share/realsense2_description/urdf/_d405.urdf.xacro
[0.646s] -- Symlinking: /home/student/sensor_platform_ws/install/realsense2_description/share/realsense2_description/urdf/_d415.urdf.xacro
[0.653s] -- Symlinking: /home/student/sensor_platform_ws/install/realsense2_description/share/realsense2_description/urdf/_d435.urdf.xacro
[0.660s] -- Symlinking: /home/student/sensor_platform_ws/install/realsense2_description/share/realsense2_description/urdf/_d435i.urdf.xacro
[0.667s] -- Symlinking: /home/student/sensor_platform_ws/install/realsense2_description/share/realsense2_description/urdf/_d435i_imu_modules.urdf.xacro
[0.673s] -- Symlinking: /home/student/sensor_platform_ws/install/realsense2_description/share/realsense2_description/urdf/_d436.urdf.xacro
[0.679s] -- Symlinking: /home/student/sensor_platform_ws/install/realsense2_description/share/realsense2_description/urdf/_d455.urdf.xacro
[0.686s] -- Symlinking: /home/student/sensor_platform_ws/install/realsense2_description/share/realsense2_description/urdf/_d585.urdf.xacro
[0.693s] -- Symlinking: /home/student/sensor_platform_ws/install/realsense2_description/share/realsense2_description/urdf/_materials.urdf.xacro
[0.700s] -- Symlinking: /home/student/sensor_platform_ws/install/realsense2_description/share/realsense2_description/urdf/_r410.urdf.xacro
[0.706s] -- Symlinking: /home/student/sensor_platform_ws/install/realsense2_description/share/realsense2_description/urdf/_r430.urdf.xacro
[0.713s] -- Symlinking: /home/student/sensor_platform_ws/install/realsense2_description/share/realsense2_description/urdf/_usb_plug.urdf.xacro
[0.720s] -- Symlinking: /home/student/sensor_platform_ws/install/realsense2_description/share/realsense2_description/urdf/test_d405_camera.urdf.xacro
[0.726s] -- Symlinking: /home/student/sensor_platform_ws/install/realsense2_description/share/realsense2_description/urdf/test_d415_camera.urdf.xacro
[0.733s] -- Symlinking: /home/student/sensor_platform_ws/install/realsense2_description/share/realsense2_description/urdf/test_d435_camera.urdf.xacro
[0.740s] -- Symlinking: /home/student/sensor_platform_ws/install/realsense2_description/share/realsense2_description/urdf/test_d435_multiple_cameras.urdf.xacro
[0.746s] -- Symlinking: /home/student/sensor_platform_ws/install/realsense2_description/share/realsense2_description/urdf/test_d435i_camera.urdf.xacro
[0.754s] -- Symlinking: /home/student/sensor_platform_ws/install/realsense2_description/share/realsense2_description/urdf/test_d436_camera.urdf.xacro
[0.759s] -- Symlinking: /home/student/sensor_platform_ws/install/realsense2_description/share/realsense2_description/urdf/test_d455_camera.urdf.xacro
[0.766s] -- Symlinking: /home/student/sensor_platform_ws/install/realsense2_description/share/realsense2_description/urdf/test_d585_camera.urdf.xacro
[0.773s] -- Symlinking: /home/student/sensor_platform_ws/install/realsense2_description/share/realsense2_description/urdf/test_r410_camera.urdf.xacro
[0.779s] -- Symlinking: /home/student/sensor_platform_ws/install/realsense2_description/share/realsense2_description/urdf/test_r430_camera.urdf.xacro
[0.786s] -- Symlinking: /home/student/sensor_platform_ws/install/realsense2_description/share/ament_index/resource_index/package_run_dependencies/realsense2_description
[0.793s] -- Symlinking: /home/student/sensor_platform_ws/install/realsense2_description/share/ament_index/resource_index/parent_prefix_path/realsense2_description
[0.800s] -- Symlinking: /home/student/sensor_platform_ws/install/realsense2_description/share/realsense2_description/environment/ament_prefix_path.sh
[0.806s] -- Symlinking: /home/student/sensor_platform_ws/install/realsense2_description/share/realsense2_description/environment/ament_prefix_path.dsv
[0.813s] -- Symlinking: /home/student/sensor_platform_ws/install/realsense2_description/share/realsense2_description/environment/path.sh
[0.819s] -- Symlinking: /home/student/sensor_platform_ws/install/realsense2_description/share/realsense2_description/environment/path.dsv
[0.826s] -- Symlinking: /home/student/sensor_platform_ws/install/realsense2_description/share/realsense2_description/local_setup.bash
[0.832s] -- Symlinking: /home/student/sensor_platform_ws/install/realsense2_description/share/realsense2_description/local_setup.sh
[0.838s] -- Symlinking: /home/student/sensor_platform_ws/install/realsense2_description/share/realsense2_description/local_setup.zsh
[0.845s] -- Symlinking: /home/student/sensor_platform_ws/install/realsense2_description/share/realsense2_description/local_setup.dsv
[0.851s] -- Symlinking: /home/student/sensor_platform_ws/install/realsense2_description/share/realsense2_description/package.dsv
[0.858s] -- Symlinking: /home/student/sensor_platform_ws/install/realsense2_description/share/ament_index/resource_index/packages/realsense2_description
[0.864s] -- Symlinking: /home/student/sensor_platform_ws/install/realsense2_description/share/realsense2_description/cmake/realsense2_descriptionConfig.cmake
[0.871s] -- Symlinking: /home/student/sensor_platform_ws/install/realsense2_description/share/realsense2_description/cmake/realsense2_descriptionConfig-version.cmake
[0.878s] -- Symlinking: /home/student/sensor_platform_ws/install/realsense2_description/share/realsense2_description/package.xml
[0.886s] Invoked command in '/home/student/sensor_platform_ws/build/realsense2_description' returned '0': AMENT_PREFIX_PATH=/home/student/sensor_platform_ws/install/realsense2_camera_msgs:${AMENT_PREFIX_PATH} CMAKE_PREFIX_PATH=/home/student/sensor_platform_ws/install/realsense2_camera_msgs:/opt/ros/humble LD_LIBRARY_PATH=/home/student/sensor_platform_ws/install/realsense2_camera_msgs/lib:${LD_LIBRARY_PATH} PYTHONPATH=/home/student/sensor_platform_ws/install/realsense2_camera_msgs/local/lib/python3.10/dist-packages:${PYTHONPATH} /usr/bin/cmake --install /home/student/sensor_platform_ws/build/realsense2_description
