[0.145s] Invoking command in '/home/student/sensor_platform_ws/build/platform_interfaces': CMAKE_PREFIX_PATH=/opt/ros/humble /usr/bin/cmake --build /home/student/sensor_platform_ws/build/platform_interfaces -- -j8 -l8
[0.936s] Invoked command in '/home/student/sensor_platform_ws/build/platform_interfaces' returned '0': CMAKE_PREFIX_PATH=/opt/ros/humble /usr/bin/cmake --build /home/student/sensor_platform_ws/build/platform_interfaces -- -j8 -l8
[1.007s] Invoking command in '/home/student/sensor_platform_ws/build/platform_interfaces': CMAKE_PREFIX_PATH=/opt/ros/humble /usr/bin/cmake --install /home/student/sensor_platform_ws/build/platform_interfaces
[1.364s] -- Install configuration: "Release"
[1.364s] -- Execute custom install script
[1.364s] -- Up-to-date symlink: /home/student/sensor_platform_ws/install/platform_interfaces/share/ament_index/resource_index/package_run_dependencies/platform_interfaces
[1.364s] -- Up-to-date symlink: /home/student/sensor_platform_ws/install/platform_interfaces/share/ament_index/resource_index/parent_prefix_path/platform_interfaces
[1.364s] -- Up-to-date symlink: /home/student/sensor_platform_ws/install/platform_interfaces/share/platform_interfaces/environment/ament_prefix_path.sh
[1.364s] -- Up-to-date symlink: /home/student/sensor_platform_ws/install/platform_interfaces/share/platform_interfaces/environment/ament_prefix_path.dsv
[1.364s] -- Up-to-date symlink: /home/student/sensor_platform_ws/install/platform_interfaces/share/platform_interfaces/environment/path.sh
[1.365s] -- Up-to-date symlink: /home/student/sensor_platform_ws/install/platform_interfaces/share/platform_interfaces/environment/path.dsv
[1.365s] -- Up-to-date symlink: /home/student/sensor_platform_ws/install/platform_interfaces/share/platform_interfaces/local_setup.bash
[1.365s] -- Up-to-date symlink: /home/student/sensor_platform_ws/install/platform_interfaces/share/platform_interfaces/local_setup.sh
[1.365s] -- Up-to-date symlink: /home/student/sensor_platform_ws/install/platform_interfaces/share/platform_interfaces/local_setup.zsh
[1.365s] -- Up-to-date symlink: /home/student/sensor_platform_ws/install/platform_interfaces/share/platform_interfaces/local_setup.dsv
[1.365s] -- Symlinking: /home/student/sensor_platform_ws/install/platform_interfaces/share/platform_interfaces/package.dsv
[1.365s] -- Up-to-date symlink: /home/student/sensor_platform_ws/install/platform_interfaces/share/ament_index/resource_index/packages/platform_interfaces
[1.366s] -- Up-to-date symlink: /home/student/sensor_platform_ws/install/platform_interfaces/share/platform_interfaces/cmake/platform_interfacesConfig.cmake
[1.366s] -- Up-to-date symlink: /home/student/sensor_platform_ws/install/platform_interfaces/share/platform_interfaces/cmake/platform_interfacesConfig-version.cmake
[1.366s] -- Up-to-date symlink: /home/student/sensor_platform_ws/install/platform_interfaces/share/platform_interfaces/package.xml
[1.367s] Invoked command in '/home/student/sensor_platform_ws/build/platform_interfaces' returned '0': CMAKE_PREFIX_PATH=/opt/ros/humble /usr/bin/cmake --install /home/student/sensor_platform_ws/build/platform_interfaces
