[0.009s] Invoking command in '/home/student/sensor_platform_ws/build/platform_bringup': CMAKE_PREFIX_PATH=/home/student/sensor_platform_ws/install/realsense2_camera:/home/student/sensor_platform_ws/install/realsense2_camera_msgs:/home/student/sensor_platform_ws/install/xsens_mti_ros2_driver:/home/student/sensor_platform_ws/install/uavcan_bridge:/home/student/sensor_platform_ws/install/realsense2_description:/home/student/sensor_platform_ws/install/platform_bringup:/home/student/sensor_platform_ws/install/platform_processing:/home/student/sensor_platform_ws/install/platform_interfaces:/home/student/sensor_platform_ws/install/platform_description:/home/student/sensor_platform_ws/install/plateform_description:/home/student/sensor_platform_ws/install/plateform_bringup:/home/student/sensor_platform_ws/install/olive_networking:/home/student/sensor_platform_ws/install/ntrip:/opt/ros/humble LD_LIBRARY_PATH=/home/student/sensor_platform_ws/install/realsense2_camera/lib:/home/student/sensor_platform_ws/install/realsense2_camera_msgs/lib:/home/student/sensor_platform_ws/install/xsens_mti_ros2_driver/lib:/home/student/sensor_platform_ws/install/uavcan_bridge/lib:/home/student/sensor_platform_ws/install/platform_processing/lib:/opt/ros/humble/opt/rviz_ogre_vendor/lib:/opt/ros/humble/lib/x86_64-linux-gnu:/opt/ros/humble/lib /usr/bin/cmake --build /home/student/sensor_platform_ws/build/platform_bringup -- -j8 -l8
[0.035s] Invoked command in '/home/student/sensor_platform_ws/build/platform_bringup' returned '0': CMAKE_PREFIX_PATH=/home/student/sensor_platform_ws/install/realsense2_camera:/home/student/sensor_platform_ws/install/realsense2_camera_msgs:/home/student/sensor_platform_ws/install/xsens_mti_ros2_driver:/home/student/sensor_platform_ws/install/uavcan_bridge:/home/student/sensor_platform_ws/install/realsense2_description:/home/student/sensor_platform_ws/install/platform_bringup:/home/student/sensor_platform_ws/install/platform_processing:/home/student/sensor_platform_ws/install/platform_interfaces:/home/student/sensor_platform_ws/install/platform_description:/home/student/sensor_platform_ws/install/plateform_description:/home/student/sensor_platform_ws/install/plateform_bringup:/home/student/sensor_platform_ws/install/olive_networking:/home/student/sensor_platform_ws/install/ntrip:/opt/ros/humble LD_LIBRARY_PATH=/home/student/sensor_platform_ws/install/realsense2_camera/lib:/home/student/sensor_platform_ws/install/realsense2_camera_msgs/lib:/home/student/sensor_platform_ws/install/xsens_mti_ros2_driver/lib:/home/student/sensor_platform_ws/install/uavcan_bridge/lib:/home/student/sensor_platform_ws/install/platform_processing/lib:/opt/ros/humble/opt/rviz_ogre_vendor/lib:/opt/ros/humble/lib/x86_64-linux-gnu:/opt/ros/humble/lib /usr/bin/cmake --build /home/student/sensor_platform_ws/build/platform_bringup -- -j8 -l8
[0.042s] Invoking command in '/home/student/sensor_platform_ws/build/platform_bringup': CMAKE_PREFIX_PATH=/home/student/sensor_platform_ws/install/realsense2_camera:/home/student/sensor_platform_ws/install/realsense2_camera_msgs:/home/student/sensor_platform_ws/install/xsens_mti_ros2_driver:/home/student/sensor_platform_ws/install/uavcan_bridge:/home/student/sensor_platform_ws/install/realsense2_description:/home/student/sensor_platform_ws/install/platform_bringup:/home/student/sensor_platform_ws/install/platform_processing:/home/student/sensor_platform_ws/install/platform_interfaces:/home/student/sensor_platform_ws/install/platform_description:/home/student/sensor_platform_ws/install/plateform_description:/home/student/sensor_platform_ws/install/plateform_bringup:/home/student/sensor_platform_ws/install/olive_networking:/home/student/sensor_platform_ws/install/ntrip:/opt/ros/humble LD_LIBRARY_PATH=/home/student/sensor_platform_ws/install/realsense2_camera/lib:/home/student/sensor_platform_ws/install/realsense2_camera_msgs/lib:/home/student/sensor_platform_ws/install/xsens_mti_ros2_driver/lib:/home/student/sensor_platform_ws/install/uavcan_bridge/lib:/home/student/sensor_platform_ws/install/platform_processing/lib:/opt/ros/humble/opt/rviz_ogre_vendor/lib:/opt/ros/humble/lib/x86_64-linux-gnu:/opt/ros/humble/lib /usr/bin/cmake --install /home/student/sensor_platform_ws/build/platform_bringup
[0.046s] -- Install configuration: "Release"
[0.047s] -- Execute custom install script
[0.047s] [33mCMake Warning (dev) at ament_cmake_symlink_install/ament_cmake_symlink_install.cmake:67 (file):
[0.047s]   Policy CMP0009 is not set: FILE GLOB_RECURSE calls should not follow
[0.047s]   symlinks by default.  Run "cmake --help-policy CMP0009" for policy details.
[0.047s]   Use the cmake_policy command to set the policy and suppress this warning.
[0.047s] Call Stack (most recent call first):
[0.047s]   ament_cmake_symlink_install/ament_cmake_symlink_install.cmake:319 (ament_cmake_symlink_install_directory)
[0.048s]   cmake_install.cmake:46 (include)
[0.048s] This warning is for project developers.  Use -Wno-dev to suppress it.
[0.048s] [0m
[0.048s] -- Up-to-date symlink: /home/student/sensor_platform_ws/install/platform_bringup/share/platform_bringup/launch/build/.built_by
[0.048s] -- Up-to-date symlink: /home/student/sensor_platform_ws/install/platform_bringup/share/platform_bringup/launch/build/COLCON_IGNORE
[0.048s] -- Up-to-date symlink: /home/student/sensor_platform_ws/install/platform_bringup/share/platform_bringup/launch/install/.colcon_install_layout
[0.048s] -- Up-to-date symlink: /home/student/sensor_platform_ws/install/platform_bringup/share/platform_bringup/launch/install/COLCON_IGNORE
[0.048s] -- Up-to-date symlink: /home/student/sensor_platform_ws/install/platform_bringup/share/platform_bringup/launch/install/_local_setup_util_ps1.py
[0.048s] -- Up-to-date symlink: /home/student/sensor_platform_ws/install/platform_bringup/share/platform_bringup/launch/install/_local_setup_util_sh.py
[0.048s] -- Up-to-date symlink: /home/student/sensor_platform_ws/install/platform_bringup/share/platform_bringup/launch/install/local_setup.bash
[0.048s] -- Up-to-date symlink: /home/student/sensor_platform_ws/install/platform_bringup/share/platform_bringup/launch/install/local_setup.ps1
[0.048s] -- Up-to-date symlink: /home/student/sensor_platform_ws/install/platform_bringup/share/platform_bringup/launch/install/local_setup.sh
[0.048s] -- Up-to-date symlink: /home/student/sensor_platform_ws/install/platform_bringup/share/platform_bringup/launch/install/local_setup.zsh
[0.048s] -- Up-to-date symlink: /home/student/sensor_platform_ws/install/platform_bringup/share/platform_bringup/launch/install/setup.bash
[0.048s] -- Up-to-date symlink: /home/student/sensor_platform_ws/install/platform_bringup/share/platform_bringup/launch/install/setup.ps1
[0.048s] -- Up-to-date symlink: /home/student/sensor_platform_ws/install/platform_bringup/share/platform_bringup/launch/install/setup.sh
[0.048s] -- Up-to-date symlink: /home/student/sensor_platform_ws/install/platform_bringup/share/platform_bringup/launch/install/setup.zsh
[0.049s] -- Up-to-date symlink: /home/student/sensor_platform_ws/install/platform_bringup/share/platform_bringup/launch/log/COLCON_IGNORE
[0.049s] -- Up-to-date symlink: /home/student/sensor_platform_ws/install/platform_bringup/share/platform_bringup/launch/log/build_2026-05-25_10-27-20/events.log
[0.049s] -- Up-to-date symlink: /home/student/sensor_platform_ws/install/platform_bringup/share/platform_bringup/launch/log/build_2026-05-25_10-27-20/logger_all.log
[0.049s] -- Up-to-date symlink: /home/student/sensor_platform_ws/install/platform_bringup/share/platform_bringup/launch/log/build_2026-05-25_10-28-00/events.log
[0.049s] -- Up-to-date symlink: /home/student/sensor_platform_ws/install/platform_bringup/share/platform_bringup/launch/log/build_2026-05-25_10-28-00/logger_all.log
[0.049s] -- Up-to-date symlink: /home/student/sensor_platform_ws/install/platform_bringup/share/platform_bringup/launch/log/latest/events.log
[0.049s] -- Up-to-date symlink: /home/student/sensor_platform_ws/install/platform_bringup/share/platform_bringup/launch/log/latest/logger_all.log
[0.049s] -- Up-to-date symlink: /home/student/sensor_platform_ws/install/platform_bringup/share/platform_bringup/launch/log/latest_build/events.log
[0.049s] -- Up-to-date symlink: /home/student/sensor_platform_ws/install/platform_bringup/share/platform_bringup/launch/log/latest_build/logger_all.log
[0.049s] -- Up-to-date symlink: /home/student/sensor_platform_ws/install/platform_bringup/share/platform_bringup/launch/system.launch.py
[0.049s] -- Up-to-date symlink: /home/student/sensor_platform_ws/install/platform_bringup/share/platform_bringup/launch/test_olix_cam.launch.py
[0.049s] -- Up-to-date symlink: /home/student/sensor_platform_ws/install/platform_bringup/share/platform_bringup/launch/test_sync.launch.py
[0.049s] -- Up-to-date symlink: /home/student/sensor_platform_ws/install/platform_bringup/share/platform_bringup/config/ekf.yaml
[0.049s] -- Up-to-date symlink: /home/student/sensor_platform_ws/install/platform_bringup/share/platform_bringup/config/realsense_optimized.yaml
[0.049s] -- Up-to-date symlink: /home/student/sensor_platform_ws/install/platform_bringup/share/platform_bringup/config/xsens_optimized.yaml
[0.050s] -- Up-to-date symlink: /home/student/sensor_platform_ws/install/platform_bringup/share/ament_index/resource_index/package_run_dependencies/platform_bringup
[0.050s] -- Up-to-date symlink: /home/student/sensor_platform_ws/install/platform_bringup/share/ament_index/resource_index/parent_prefix_path/platform_bringup
[0.050s] -- Up-to-date symlink: /home/student/sensor_platform_ws/install/platform_bringup/share/platform_bringup/environment/ament_prefix_path.sh
[0.050s] -- Up-to-date symlink: /home/student/sensor_platform_ws/install/platform_bringup/share/platform_bringup/environment/ament_prefix_path.dsv
[0.050s] -- Up-to-date symlink: /home/student/sensor_platform_ws/install/platform_bringup/share/platform_bringup/environment/path.sh
[0.050s] -- Up-to-date symlink: /home/student/sensor_platform_ws/install/platform_bringup/share/platform_bringup/environment/path.dsv
[0.051s] -- Up-to-date symlink: /home/student/sensor_platform_ws/install/platform_bringup/share/platform_bringup/local_setup.bash
[0.051s] -- Up-to-date symlink: /home/student/sensor_platform_ws/install/platform_bringup/share/platform_bringup/local_setup.sh
[0.051s] -- Up-to-date symlink: /home/student/sensor_platform_ws/install/platform_bringup/share/platform_bringup/local_setup.zsh
[0.051s] -- Up-to-date symlink: /home/student/sensor_platform_ws/install/platform_bringup/share/platform_bringup/local_setup.dsv
[0.051s] -- Symlinking: /home/student/sensor_platform_ws/install/platform_bringup/share/platform_bringup/package.dsv
[0.057s] -- Up-to-date symlink: /home/student/sensor_platform_ws/install/platform_bringup/share/ament_index/resource_index/packages/platform_bringup
[0.057s] -- Up-to-date symlink: /home/student/sensor_platform_ws/install/platform_bringup/share/platform_bringup/cmake/platform_bringupConfig.cmake
[0.058s] -- Up-to-date symlink: /home/student/sensor_platform_ws/install/platform_bringup/share/platform_bringup/cmake/platform_bringupConfig-version.cmake
[0.058s] -- Up-to-date symlink: /home/student/sensor_platform_ws/install/platform_bringup/share/platform_bringup/package.xml
[0.059s] Invoked command in '/home/student/sensor_platform_ws/build/platform_bringup' returned '0': CMAKE_PREFIX_PATH=/home/student/sensor_platform_ws/install/realsense2_camera:/home/student/sensor_platform_ws/install/realsense2_camera_msgs:/home/student/sensor_platform_ws/install/xsens_mti_ros2_driver:/home/student/sensor_platform_ws/install/uavcan_bridge:/home/student/sensor_platform_ws/install/realsense2_description:/home/student/sensor_platform_ws/install/platform_bringup:/home/student/sensor_platform_ws/install/platform_processing:/home/student/sensor_platform_ws/install/platform_interfaces:/home/student/sensor_platform_ws/install/platform_description:/home/student/sensor_platform_ws/install/plateform_description:/home/student/sensor_platform_ws/install/plateform_bringup:/home/student/sensor_platform_ws/install/olive_networking:/home/student/sensor_platform_ws/install/ntrip:/opt/ros/humble LD_LIBRARY_PATH=/home/student/sensor_platform_ws/install/realsense2_camera/lib:/home/student/sensor_platform_ws/install/realsense2_camera_msgs/lib:/home/student/sensor_platform_ws/install/xsens_mti_ros2_driver/lib:/home/student/sensor_platform_ws/install/uavcan_bridge/lib:/home/student/sensor_platform_ws/install/platform_processing/lib:/opt/ros/humble/opt/rviz_ogre_vendor/lib:/opt/ros/humble/lib/x86_64-linux-gnu:/opt/ros/humble/lib /usr/bin/cmake --install /home/student/sensor_platform_ws/build/platform_bringup
