[0.081s] DEBUG:colcon:Command line arguments: ['/usr/bin/colcon', 'build', '--packages-select', 'uavcan_bridge']
[0.081s] DEBUG:colcon:Parsed command line arguments: Namespace(log_base=None, log_level=None, verb_name='build', build_base='build', install_base='install', merge_install=False, symlink_install=False, test_result_base=None, continue_on_error=False, executor='parallel', parallel_workers=8, event_handlers=None, ignore_user_meta=False, metas=['./colcon.meta'], base_paths=['.'], packages_ignore=None, packages_ignore_regex=None, paths=None, packages_up_to=None, packages_up_to_regex=None, packages_above=None, packages_above_and_dependencies=None, packages_above_depth=None, packages_select_by_dep=None, packages_skip_by_dep=None, packages_skip_up_to=None, packages_select_build_failed=False, packages_skip_build_finished=False, packages_select_test_failures=False, packages_skip_test_passed=False, packages_select=['uavcan_bridge'], packages_skip=None, packages_select_regex=None, packages_skip_regex=None, packages_start=None, packages_end=None, allow_overriding=[], cmake_args=None, cmake_target=None, cmake_target_skip_unavailable=False, cmake_clean_cache=False, cmake_clean_first=False, cmake_force_configure=False, ament_cmake_args=None, catkin_cmake_args=None, catkin_skip_building_tests=False, verb_parser=<colcon_defaults.argument_parser.defaults.DefaultArgumentsDecorator object at 0x7fe7ffb6d360>, verb_extension=<colcon_core.verb.build.BuildVerb object at 0x7fe7ffce5a50>, main=<bound method BuildVerb.main of <colcon_core.verb.build.BuildVerb object at 0x7fe7ffce5a50>>)
[0.216s] Level 1:colcon.colcon_core.package_discovery:discover_packages(colcon_meta) check parameters
[0.216s] Level 1:colcon.colcon_core.package_discovery:discover_packages(recursive) check parameters
[0.216s] Level 1:colcon.colcon_core.package_discovery:discover_packages(ignore) check parameters
[0.216s] Level 1:colcon.colcon_core.package_discovery:discover_packages(path) check parameters
[0.216s] Level 1:colcon.colcon_core.package_discovery:discover_packages(colcon_meta) discover
[0.216s] Level 1:colcon.colcon_core.package_discovery:discover_packages(recursive) discover
[0.216s] INFO:colcon.colcon_core.package_discovery:Crawling recursively for packages in '/home/student/sensor_platform_ws'
[0.216s] Level 1:colcon.colcon_core.package_identification:_identify(.) by extensions ['ignore', 'ignore_ament_install']
[0.217s] Level 1:colcon.colcon_core.package_identification:_identify(.) by extension 'ignore'
[0.217s] Level 1:colcon.colcon_core.package_identification:_identify(.) by extension 'ignore_ament_install'
[0.217s] Level 1:colcon.colcon_core.package_identification:_identify(.) by extensions ['colcon_pkg']
[0.217s] Level 1:colcon.colcon_core.package_identification:_identify(.) by extension 'colcon_pkg'
[0.217s] Level 1:colcon.colcon_core.package_identification:_identify(.) by extensions ['colcon_meta']
[0.217s] Level 1:colcon.colcon_core.package_identification:_identify(.) by extension 'colcon_meta'
[0.217s] Level 1:colcon.colcon_core.package_identification:_identify(.) by extensions ['ros']
[0.217s] Level 1:colcon.colcon_core.package_identification:_identify(.) by extension 'ros'
[0.224s] Level 1:colcon.colcon_core.package_identification:_identify(.) by extensions ['cmake', 'python']
[0.225s] Level 1:colcon.colcon_core.package_identification:_identify(.) by extension 'cmake'
[0.225s] Level 1:colcon.colcon_core.package_identification:_identify(.) by extension 'python'
[0.225s] Level 1:colcon.colcon_core.package_identification:_identify(.) by extensions ['python_setup_py']
[0.225s] Level 1:colcon.colcon_core.package_identification:_identify(.) by extension 'python_setup_py'
[0.225s] Level 1:colcon.colcon_core.package_identification:_identify(build) by extensions ['ignore', 'ignore_ament_install']
[0.225s] Level 1:colcon.colcon_core.package_identification:_identify(build) by extension 'ignore'
[0.225s] Level 1:colcon.colcon_core.package_identification:_identify(build) ignored
[0.225s] Level 1:colcon.colcon_core.package_identification:_identify(dronecan_env) by extensions ['ignore', 'ignore_ament_install']
[0.225s] Level 1:colcon.colcon_core.package_identification:_identify(dronecan_env) by extension 'ignore'
[0.225s] Level 1:colcon.colcon_core.package_identification:_identify(dronecan_env) ignored
[0.225s] Level 1:colcon.colcon_core.package_identification:_identify(install) by extensions ['ignore', 'ignore_ament_install']
[0.225s] Level 1:colcon.colcon_core.package_identification:_identify(install) by extension 'ignore'
[0.225s] Level 1:colcon.colcon_core.package_identification:_identify(install) ignored
[0.225s] Level 1:colcon.colcon_core.package_identification:_identify(log) by extensions ['ignore', 'ignore_ament_install']
[0.225s] Level 1:colcon.colcon_core.package_identification:_identify(log) by extension 'ignore'
[0.225s] Level 1:colcon.colcon_core.package_identification:_identify(log) ignored
[0.225s] Level 1:colcon.colcon_core.package_identification:_identify(src) by extensions ['ignore', 'ignore_ament_install']
[0.226s] Level 1:colcon.colcon_core.package_identification:_identify(src) by extension 'ignore'
[0.226s] Level 1:colcon.colcon_core.package_identification:_identify(src) by extension 'ignore_ament_install'
[0.226s] Level 1:colcon.colcon_core.package_identification:_identify(src) by extensions ['colcon_pkg']
[0.226s] Level 1:colcon.colcon_core.package_identification:_identify(src) by extension 'colcon_pkg'
[0.226s] Level 1:colcon.colcon_core.package_identification:_identify(src) by extensions ['colcon_meta']
[0.226s] Level 1:colcon.colcon_core.package_identification:_identify(src) by extension 'colcon_meta'
[0.226s] Level 1:colcon.colcon_core.package_identification:_identify(src) by extensions ['ros']
[0.226s] Level 1:colcon.colcon_core.package_identification:_identify(src) by extension 'ros'
[0.226s] Level 1:colcon.colcon_core.package_identification:_identify(src) by extensions ['cmake', 'python']
[0.226s] Level 1:colcon.colcon_core.package_identification:_identify(src) by extension 'cmake'
[0.226s] Level 1:colcon.colcon_core.package_identification:_identify(src) by extension 'python'
[0.226s] Level 1:colcon.colcon_core.package_identification:_identify(src) by extensions ['python_setup_py']
[0.226s] Level 1:colcon.colcon_core.package_identification:_identify(src) by extension 'python_setup_py'
[0.226s] Level 1:colcon.colcon_core.package_identification:_identify(src/hardware) by extensions ['ignore', 'ignore_ament_install']
[0.226s] Level 1:colcon.colcon_core.package_identification:_identify(src/hardware) by extension 'ignore'
[0.226s] Level 1:colcon.colcon_core.package_identification:_identify(src/hardware) by extension 'ignore_ament_install'
[0.226s] Level 1:colcon.colcon_core.package_identification:_identify(src/hardware) by extensions ['colcon_pkg']
[0.226s] Level 1:colcon.colcon_core.package_identification:_identify(src/hardware) by extension 'colcon_pkg'
[0.226s] Level 1:colcon.colcon_core.package_identification:_identify(src/hardware) by extensions ['colcon_meta']
[0.226s] Level 1:colcon.colcon_core.package_identification:_identify(src/hardware) by extension 'colcon_meta'
[0.226s] Level 1:colcon.colcon_core.package_identification:_identify(src/hardware) by extensions ['ros']
[0.226s] Level 1:colcon.colcon_core.package_identification:_identify(src/hardware) by extension 'ros'
[0.226s] Level 1:colcon.colcon_core.package_identification:_identify(src/hardware) by extensions ['cmake', 'python']
[0.226s] Level 1:colcon.colcon_core.package_identification:_identify(src/hardware) by extension 'cmake'
[0.226s] Level 1:colcon.colcon_core.package_identification:_identify(src/hardware) by extension 'python'
[0.226s] Level 1:colcon.colcon_core.package_identification:_identify(src/hardware) by extensions ['python_setup_py']
[0.227s] Level 1:colcon.colcon_core.package_identification:_identify(src/hardware) by extension 'python_setup_py'
[0.227s] Level 1:colcon.colcon_core.package_identification:_identify(src/hardware/realsense-ros) by extensions ['ignore', 'ignore_ament_install']
[0.227s] Level 1:colcon.colcon_core.package_identification:_identify(src/hardware/realsense-ros) by extension 'ignore'
[0.227s] Level 1:colcon.colcon_core.package_identification:_identify(src/hardware/realsense-ros) by extension 'ignore_ament_install'
[0.227s] Level 1:colcon.colcon_core.package_identification:_identify(src/hardware/realsense-ros) by extensions ['colcon_pkg']
[0.227s] Level 1:colcon.colcon_core.package_identification:_identify(src/hardware/realsense-ros) by extension 'colcon_pkg'
[0.227s] Level 1:colcon.colcon_core.package_identification:_identify(src/hardware/realsense-ros) by extensions ['colcon_meta']
[0.227s] Level 1:colcon.colcon_core.package_identification:_identify(src/hardware/realsense-ros) by extension 'colcon_meta'
[0.227s] Level 1:colcon.colcon_core.package_identification:_identify(src/hardware/realsense-ros) by extensions ['ros']
[0.227s] Level 1:colcon.colcon_core.package_identification:_identify(src/hardware/realsense-ros) by extension 'ros'
[0.227s] Level 1:colcon.colcon_core.package_identification:_identify(src/hardware/realsense-ros) by extensions ['cmake', 'python']
[0.227s] Level 1:colcon.colcon_core.package_identification:_identify(src/hardware/realsense-ros) by extension 'cmake'
[0.227s] Level 1:colcon.colcon_core.package_identification:_identify(src/hardware/realsense-ros) by extension 'python'
[0.227s] Level 1:colcon.colcon_core.package_identification:_identify(src/hardware/realsense-ros) by extensions ['python_setup_py']
[0.227s] Level 1:colcon.colcon_core.package_identification:_identify(src/hardware/realsense-ros) by extension 'python_setup_py'
[0.227s] Level 1:colcon.colcon_core.package_identification:_identify(src/hardware/realsense-ros/realsense2_camera) by extensions ['ignore', 'ignore_ament_install']
[0.227s] Level 1:colcon.colcon_core.package_identification:_identify(src/hardware/realsense-ros/realsense2_camera) by extension 'ignore'
[0.227s] Level 1:colcon.colcon_core.package_identification:_identify(src/hardware/realsense-ros/realsense2_camera) by extension 'ignore_ament_install'
[0.227s] Level 1:colcon.colcon_core.package_identification:_identify(src/hardware/realsense-ros/realsense2_camera) by extensions ['colcon_pkg']
[0.227s] Level 1:colcon.colcon_core.package_identification:_identify(src/hardware/realsense-ros/realsense2_camera) by extension 'colcon_pkg'
[0.227s] Level 1:colcon.colcon_core.package_identification:_identify(src/hardware/realsense-ros/realsense2_camera) by extensions ['colcon_meta']
[0.227s] Level 1:colcon.colcon_core.package_identification:_identify(src/hardware/realsense-ros/realsense2_camera) by extension 'colcon_meta'
[0.227s] Level 1:colcon.colcon_core.package_identification:_identify(src/hardware/realsense-ros/realsense2_camera) by extensions ['ros']
[0.227s] Level 1:colcon.colcon_core.package_identification:_identify(src/hardware/realsense-ros/realsense2_camera) by extension 'ros'
[0.234s] DEBUG:colcon.colcon_core.package_identification:Package 'src/hardware/realsense-ros/realsense2_camera' with type 'ros.ament_cmake' and name 'realsense2_camera'
[0.234s] Level 1:colcon.colcon_core.package_identification:_identify(src/hardware/realsense-ros/realsense2_camera_msgs) by extensions ['ignore', 'ignore_ament_install']
[0.234s] Level 1:colcon.colcon_core.package_identification:_identify(src/hardware/realsense-ros/realsense2_camera_msgs) by extension 'ignore'
[0.234s] Level 1:colcon.colcon_core.package_identification:_identify(src/hardware/realsense-ros/realsense2_camera_msgs) by extension 'ignore_ament_install'
[0.234s] Level 1:colcon.colcon_core.package_identification:_identify(src/hardware/realsense-ros/realsense2_camera_msgs) by extensions ['colcon_pkg']
[0.234s] Level 1:colcon.colcon_core.package_identification:_identify(src/hardware/realsense-ros/realsense2_camera_msgs) by extension 'colcon_pkg'
[0.234s] Level 1:colcon.colcon_core.package_identification:_identify(src/hardware/realsense-ros/realsense2_camera_msgs) by extensions ['colcon_meta']
[0.234s] Level 1:colcon.colcon_core.package_identification:_identify(src/hardware/realsense-ros/realsense2_camera_msgs) by extension 'colcon_meta'
[0.234s] Level 1:colcon.colcon_core.package_identification:_identify(src/hardware/realsense-ros/realsense2_camera_msgs) by extensions ['ros']
[0.234s] Level 1:colcon.colcon_core.package_identification:_identify(src/hardware/realsense-ros/realsense2_camera_msgs) by extension 'ros'
[0.235s] DEBUG:colcon.colcon_core.package_identification:Package 'src/hardware/realsense-ros/realsense2_camera_msgs' with type 'ros.ament_cmake' and name 'realsense2_camera_msgs'
[0.235s] Level 1:colcon.colcon_core.package_identification:_identify(src/hardware/realsense-ros/realsense2_description) by extensions ['ignore', 'ignore_ament_install']
[0.235s] Level 1:colcon.colcon_core.package_identification:_identify(src/hardware/realsense-ros/realsense2_description) by extension 'ignore'
[0.235s] Level 1:colcon.colcon_core.package_identification:_identify(src/hardware/realsense-ros/realsense2_description) by extension 'ignore_ament_install'
[0.235s] Level 1:colcon.colcon_core.package_identification:_identify(src/hardware/realsense-ros/realsense2_description) by extensions ['colcon_pkg']
[0.235s] Level 1:colcon.colcon_core.package_identification:_identify(src/hardware/realsense-ros/realsense2_description) by extension 'colcon_pkg'
[0.235s] Level 1:colcon.colcon_core.package_identification:_identify(src/hardware/realsense-ros/realsense2_description) by extensions ['colcon_meta']
[0.235s] Level 1:colcon.colcon_core.package_identification:_identify(src/hardware/realsense-ros/realsense2_description) by extension 'colcon_meta'
[0.235s] Level 1:colcon.colcon_core.package_identification:_identify(src/hardware/realsense-ros/realsense2_description) by extensions ['ros']
[0.235s] Level 1:colcon.colcon_core.package_identification:_identify(src/hardware/realsense-ros/realsense2_description) by extension 'ros'
[0.236s] DEBUG:colcon.colcon_core.package_identification:Package 'src/hardware/realsense-ros/realsense2_description' with type 'ros.ament_cmake' and name 'realsense2_description'
[0.236s] Level 1:colcon.colcon_core.package_identification:_identify(src/hardware/realsense-ros/realsense2_rgbd_plugin) by extensions ['ignore', 'ignore_ament_install']
[0.236s] Level 1:colcon.colcon_core.package_identification:_identify(src/hardware/realsense-ros/realsense2_rgbd_plugin) by extension 'ignore'
[0.236s] Level 1:colcon.colcon_core.package_identification:_identify(src/hardware/realsense-ros/realsense2_rgbd_plugin) by extension 'ignore_ament_install'
[0.236s] Level 1:colcon.colcon_core.package_identification:_identify(src/hardware/realsense-ros/realsense2_rgbd_plugin) by extensions ['colcon_pkg']
[0.236s] Level 1:colcon.colcon_core.package_identification:_identify(src/hardware/realsense-ros/realsense2_rgbd_plugin) by extension 'colcon_pkg'
[0.236s] Level 1:colcon.colcon_core.package_identification:_identify(src/hardware/realsense-ros/realsense2_rgbd_plugin) by extensions ['colcon_meta']
[0.236s] Level 1:colcon.colcon_core.package_identification:_identify(src/hardware/realsense-ros/realsense2_rgbd_plugin) by extension 'colcon_meta'
[0.236s] Level 1:colcon.colcon_core.package_identification:_identify(src/hardware/realsense-ros/realsense2_rgbd_plugin) by extensions ['ros']
[0.236s] Level 1:colcon.colcon_core.package_identification:_identify(src/hardware/realsense-ros/realsense2_rgbd_plugin) by extension 'ros'
[0.236s] Level 1:colcon.colcon_core.package_identification:_identify(src/hardware/realsense-ros/realsense2_rgbd_plugin) ignored
[0.236s] Level 1:colcon.colcon_core.package_identification:_identify(src/hardware/realsense-ros/realsense2_ros_mqtt_bridge) by extensions ['ignore', 'ignore_ament_install']
[0.236s] Level 1:colcon.colcon_core.package_identification:_identify(src/hardware/realsense-ros/realsense2_ros_mqtt_bridge) by extension 'ignore'
[0.236s] Level 1:colcon.colcon_core.package_identification:_identify(src/hardware/realsense-ros/realsense2_ros_mqtt_bridge) by extension 'ignore_ament_install'
[0.236s] Level 1:colcon.colcon_core.package_identification:_identify(src/hardware/realsense-ros/realsense2_ros_mqtt_bridge) by extensions ['colcon_pkg']
[0.236s] Level 1:colcon.colcon_core.package_identification:_identify(src/hardware/realsense-ros/realsense2_ros_mqtt_bridge) by extension 'colcon_pkg'
[0.236s] Level 1:colcon.colcon_core.package_identification:_identify(src/hardware/realsense-ros/realsense2_ros_mqtt_bridge) by extensions ['colcon_meta']
[0.236s] Level 1:colcon.colcon_core.package_identification:_identify(src/hardware/realsense-ros/realsense2_ros_mqtt_bridge) by extension 'colcon_meta'
[0.236s] Level 1:colcon.colcon_core.package_identification:_identify(src/hardware/realsense-ros/realsense2_ros_mqtt_bridge) by extensions ['ros']
[0.236s] Level 1:colcon.colcon_core.package_identification:_identify(src/hardware/realsense-ros/realsense2_ros_mqtt_bridge) by extension 'ros'
[0.236s] Level 1:colcon.colcon_core.package_identification:_identify(src/hardware/realsense-ros/realsense2_ros_mqtt_bridge) ignored
[0.237s] Level 1:colcon.colcon_core.package_identification:_identify(src/hardware/realsense-ros/res) by extensions ['ignore', 'ignore_ament_install']
[0.237s] Level 1:colcon.colcon_core.package_identification:_identify(src/hardware/realsense-ros/res) by extension 'ignore'
[0.237s] Level 1:colcon.colcon_core.package_identification:_identify(src/hardware/realsense-ros/res) by extension 'ignore_ament_install'
[0.237s] Level 1:colcon.colcon_core.package_identification:_identify(src/hardware/realsense-ros/res) by extensions ['colcon_pkg']
[0.237s] Level 1:colcon.colcon_core.package_identification:_identify(src/hardware/realsense-ros/res) by extension 'colcon_pkg'
[0.237s] Level 1:colcon.colcon_core.package_identification:_identify(src/hardware/realsense-ros/res) by extensions ['colcon_meta']
[0.237s] Level 1:colcon.colcon_core.package_identification:_identify(src/hardware/realsense-ros/res) by extension 'colcon_meta'
[0.237s] Level 1:colcon.colcon_core.package_identification:_identify(src/hardware/realsense-ros/res) by extensions ['ros']
[0.237s] Level 1:colcon.colcon_core.package_identification:_identify(src/hardware/realsense-ros/res) by extension 'ros'
[0.237s] Level 1:colcon.colcon_core.package_identification:_identify(src/hardware/realsense-ros/res) by extensions ['cmake', 'python']
[0.237s] Level 1:colcon.colcon_core.package_identification:_identify(src/hardware/realsense-ros/res) by extension 'cmake'
[0.237s] Level 1:colcon.colcon_core.package_identification:_identify(src/hardware/realsense-ros/res) by extension 'python'
[0.237s] Level 1:colcon.colcon_core.package_identification:_identify(src/hardware/realsense-ros/res) by extensions ['python_setup_py']
[0.237s] Level 1:colcon.colcon_core.package_identification:_identify(src/hardware/realsense-ros/res) by extension 'python_setup_py'
[0.237s] Level 1:colcon.colcon_core.package_identification:_identify(src/hardware/realsense-ros/scripts) by extensions ['ignore', 'ignore_ament_install']
[0.237s] Level 1:colcon.colcon_core.package_identification:_identify(src/hardware/realsense-ros/scripts) by extension 'ignore'
[0.237s] Level 1:colcon.colcon_core.package_identification:_identify(src/hardware/realsense-ros/scripts) by extension 'ignore_ament_install'
[0.237s] Level 1:colcon.colcon_core.package_identification:_identify(src/hardware/realsense-ros/scripts) by extensions ['colcon_pkg']
[0.237s] Level 1:colcon.colcon_core.package_identification:_identify(src/hardware/realsense-ros/scripts) by extension 'colcon_pkg'
[0.237s] Level 1:colcon.colcon_core.package_identification:_identify(src/hardware/realsense-ros/scripts) by extensions ['colcon_meta']
[0.237s] Level 1:colcon.colcon_core.package_identification:_identify(src/hardware/realsense-ros/scripts) by extension 'colcon_meta'
[0.237s] Level 1:colcon.colcon_core.package_identification:_identify(src/hardware/realsense-ros/scripts) by extensions ['ros']
[0.237s] Level 1:colcon.colcon_core.package_identification:_identify(src/hardware/realsense-ros/scripts) by extension 'ros'
[0.237s] Level 1:colcon.colcon_core.package_identification:_identify(src/hardware/realsense-ros/scripts) by extensions ['cmake', 'python']
[0.237s] Level 1:colcon.colcon_core.package_identification:_identify(src/hardware/realsense-ros/scripts) by extension 'cmake'
[0.237s] Level 1:colcon.colcon_core.package_identification:_identify(src/hardware/realsense-ros/scripts) by extension 'python'
[0.238s] Level 1:colcon.colcon_core.package_identification:_identify(src/hardware/realsense-ros/scripts) by extensions ['python_setup_py']
[0.238s] Level 1:colcon.colcon_core.package_identification:_identify(src/hardware/realsense-ros/scripts) by extension 'python_setup_py'
[0.238s] Level 1:colcon.colcon_core.package_identification:_identify(src/hardware/uavcan_bridge) by extensions ['ignore', 'ignore_ament_install']
[0.238s] Level 1:colcon.colcon_core.package_identification:_identify(src/hardware/uavcan_bridge) by extension 'ignore'
[0.238s] Level 1:colcon.colcon_core.package_identification:_identify(src/hardware/uavcan_bridge) by extension 'ignore_ament_install'
[0.238s] Level 1:colcon.colcon_core.package_identification:_identify(src/hardware/uavcan_bridge) by extensions ['colcon_pkg']
[0.238s] Level 1:colcon.colcon_core.package_identification:_identify(src/hardware/uavcan_bridge) by extension 'colcon_pkg'
[0.238s] Level 1:colcon.colcon_core.package_identification:_identify(src/hardware/uavcan_bridge) by extensions ['colcon_meta']
[0.238s] Level 1:colcon.colcon_core.package_identification:_identify(src/hardware/uavcan_bridge) by extension 'colcon_meta'
[0.238s] Level 1:colcon.colcon_core.package_identification:_identify(src/hardware/uavcan_bridge) by extensions ['ros']
[0.238s] Level 1:colcon.colcon_core.package_identification:_identify(src/hardware/uavcan_bridge) by extension 'ros'
[0.245s] DEBUG:colcon.colcon_core.package_identification:Package 'src/hardware/uavcan_bridge' with type 'ros.ament_cmake' and name 'uavcan_bridge'
[0.245s] Level 1:colcon.colcon_core.package_identification:_identify(src/hardware/xsens_mti_driver) by extensions ['ignore', 'ignore_ament_install']
[0.245s] Level 1:colcon.colcon_core.package_identification:_identify(src/hardware/xsens_mti_driver) by extension 'ignore'
[0.245s] Level 1:colcon.colcon_core.package_identification:_identify(src/hardware/xsens_mti_driver) by extension 'ignore_ament_install'
[0.245s] Level 1:colcon.colcon_core.package_identification:_identify(src/hardware/xsens_mti_driver) by extensions ['colcon_pkg']
[0.245s] Level 1:colcon.colcon_core.package_identification:_identify(src/hardware/xsens_mti_driver) by extension 'colcon_pkg'
[0.245s] Level 1:colcon.colcon_core.package_identification:_identify(src/hardware/xsens_mti_driver) by extensions ['colcon_meta']
[0.245s] Level 1:colcon.colcon_core.package_identification:_identify(src/hardware/xsens_mti_driver) by extension 'colcon_meta'
[0.245s] Level 1:colcon.colcon_core.package_identification:_identify(src/hardware/xsens_mti_driver) by extensions ['ros']
[0.245s] Level 1:colcon.colcon_core.package_identification:_identify(src/hardware/xsens_mti_driver) by extension 'ros'
[0.245s] Level 1:colcon.colcon_core.package_identification:_identify(src/hardware/xsens_mti_driver) by extensions ['cmake', 'python']
[0.245s] Level 1:colcon.colcon_core.package_identification:_identify(src/hardware/xsens_mti_driver) by extension 'cmake'
[0.245s] Level 1:colcon.colcon_core.package_identification:_identify(src/hardware/xsens_mti_driver) by extension 'python'
[0.245s] Level 1:colcon.colcon_core.package_identification:_identify(src/hardware/xsens_mti_driver) by extensions ['python_setup_py']
[0.245s] Level 1:colcon.colcon_core.package_identification:_identify(src/hardware/xsens_mti_driver) by extension 'python_setup_py'
[0.245s] Level 1:colcon.colcon_core.package_identification:_identify(src/hardware/xsens_mti_driver/src) by extensions ['ignore', 'ignore_ament_install']
[0.245s] Level 1:colcon.colcon_core.package_identification:_identify(src/hardware/xsens_mti_driver/src) by extension 'ignore'
[0.245s] Level 1:colcon.colcon_core.package_identification:_identify(src/hardware/xsens_mti_driver/src) by extension 'ignore_ament_install'
[0.246s] Level 1:colcon.colcon_core.package_identification:_identify(src/hardware/xsens_mti_driver/src) by extensions ['colcon_pkg']
[0.246s] Level 1:colcon.colcon_core.package_identification:_identify(src/hardware/xsens_mti_driver/src) by extension 'colcon_pkg'
[0.246s] Level 1:colcon.colcon_core.package_identification:_identify(src/hardware/xsens_mti_driver/src) by extensions ['colcon_meta']
[0.246s] Level 1:colcon.colcon_core.package_identification:_identify(src/hardware/xsens_mti_driver/src) by extension 'colcon_meta'
[0.246s] Level 1:colcon.colcon_core.package_identification:_identify(src/hardware/xsens_mti_driver/src) by extensions ['ros']
[0.246s] Level 1:colcon.colcon_core.package_identification:_identify(src/hardware/xsens_mti_driver/src) by extension 'ros'
[0.246s] Level 1:colcon.colcon_core.package_identification:_identify(src/hardware/xsens_mti_driver/src) by extensions ['cmake', 'python']
[0.246s] Level 1:colcon.colcon_core.package_identification:_identify(src/hardware/xsens_mti_driver/src) by extension 'cmake'
[0.246s] Level 1:colcon.colcon_core.package_identification:_identify(src/hardware/xsens_mti_driver/src) by extension 'python'
[0.246s] Level 1:colcon.colcon_core.package_identification:_identify(src/hardware/xsens_mti_driver/src) by extensions ['python_setup_py']
[0.246s] Level 1:colcon.colcon_core.package_identification:_identify(src/hardware/xsens_mti_driver/src) by extension 'python_setup_py'
[0.246s] Level 1:colcon.colcon_core.package_identification:_identify(src/hardware/xsens_mti_driver/src/ntrip) by extensions ['ignore', 'ignore_ament_install']
[0.246s] Level 1:colcon.colcon_core.package_identification:_identify(src/hardware/xsens_mti_driver/src/ntrip) by extension 'ignore'
[0.246s] Level 1:colcon.colcon_core.package_identification:_identify(src/hardware/xsens_mti_driver/src/ntrip) by extension 'ignore_ament_install'
[0.246s] Level 1:colcon.colcon_core.package_identification:_identify(src/hardware/xsens_mti_driver/src/ntrip) by extensions ['colcon_pkg']
[0.246s] Level 1:colcon.colcon_core.package_identification:_identify(src/hardware/xsens_mti_driver/src/ntrip) by extension 'colcon_pkg'
[0.246s] Level 1:colcon.colcon_core.package_identification:_identify(src/hardware/xsens_mti_driver/src/ntrip) by extensions ['colcon_meta']
[0.246s] Level 1:colcon.colcon_core.package_identification:_identify(src/hardware/xsens_mti_driver/src/ntrip) by extension 'colcon_meta'
[0.246s] Level 1:colcon.colcon_core.package_identification:_identify(src/hardware/xsens_mti_driver/src/ntrip) by extensions ['ros']
[0.246s] Level 1:colcon.colcon_core.package_identification:_identify(src/hardware/xsens_mti_driver/src/ntrip) by extension 'ros'
[0.247s] DEBUG:colcon.colcon_core.package_identification:Package 'src/hardware/xsens_mti_driver/src/ntrip' with type 'ros.ament_cmake' and name 'ntrip'
[0.247s] Level 1:colcon.colcon_core.package_identification:_identify(src/hardware/xsens_mti_driver/src/xsens_mti_ros2_driver) by extensions ['ignore', 'ignore_ament_install']
[0.247s] Level 1:colcon.colcon_core.package_identification:_identify(src/hardware/xsens_mti_driver/src/xsens_mti_ros2_driver) by extension 'ignore'
[0.247s] Level 1:colcon.colcon_core.package_identification:_identify(src/hardware/xsens_mti_driver/src/xsens_mti_ros2_driver) by extension 'ignore_ament_install'
[0.247s] Level 1:colcon.colcon_core.package_identification:_identify(src/hardware/xsens_mti_driver/src/xsens_mti_ros2_driver) by extensions ['colcon_pkg']
[0.247s] Level 1:colcon.colcon_core.package_identification:_identify(src/hardware/xsens_mti_driver/src/xsens_mti_ros2_driver) by extension 'colcon_pkg'
[0.247s] Level 1:colcon.colcon_core.package_identification:_identify(src/hardware/xsens_mti_driver/src/xsens_mti_ros2_driver) by extensions ['colcon_meta']
[0.247s] Level 1:colcon.colcon_core.package_identification:_identify(src/hardware/xsens_mti_driver/src/xsens_mti_ros2_driver) by extension 'colcon_meta'
[0.247s] Level 1:colcon.colcon_core.package_identification:_identify(src/hardware/xsens_mti_driver/src/xsens_mti_ros2_driver) by extensions ['ros']
[0.247s] Level 1:colcon.colcon_core.package_identification:_identify(src/hardware/xsens_mti_driver/src/xsens_mti_ros2_driver) by extension 'ros'
[0.248s] DEBUG:colcon.colcon_core.package_identification:Package 'src/hardware/xsens_mti_driver/src/xsens_mti_ros2_driver' with type 'ros.ament_cmake' and name 'xsens_mti_ros2_driver'
[0.248s] Level 1:colcon.colcon_core.package_identification:_identify(src/olive_networking) by extensions ['ignore', 'ignore_ament_install']
[0.248s] Level 1:colcon.colcon_core.package_identification:_identify(src/olive_networking) by extension 'ignore'
[0.248s] Level 1:colcon.colcon_core.package_identification:_identify(src/olive_networking) by extension 'ignore_ament_install'
[0.248s] Level 1:colcon.colcon_core.package_identification:_identify(src/olive_networking) by extensions ['colcon_pkg']
[0.248s] Level 1:colcon.colcon_core.package_identification:_identify(src/olive_networking) by extension 'colcon_pkg'
[0.248s] Level 1:colcon.colcon_core.package_identification:_identify(src/olive_networking) by extensions ['colcon_meta']
[0.248s] Level 1:colcon.colcon_core.package_identification:_identify(src/olive_networking) by extension 'colcon_meta'
[0.248s] Level 1:colcon.colcon_core.package_identification:_identify(src/olive_networking) by extensions ['ros']
[0.248s] Level 1:colcon.colcon_core.package_identification:_identify(src/olive_networking) by extension 'ros'
[0.249s] DEBUG:colcon.colcon_core.package_identification:Package 'src/olive_networking' with type 'ros.ament_cmake' and name 'olive_networking'
[0.249s] Level 1:colcon.colcon_core.package_identification:_identify(src/platform_bringup) by extensions ['ignore', 'ignore_ament_install']
[0.249s] Level 1:colcon.colcon_core.package_identification:_identify(src/platform_bringup) by extension 'ignore'
[0.249s] Level 1:colcon.colcon_core.package_identification:_identify(src/platform_bringup) by extension 'ignore_ament_install'
[0.249s] Level 1:colcon.colcon_core.package_identification:_identify(src/platform_bringup) by extensions ['colcon_pkg']
[0.249s] Level 1:colcon.colcon_core.package_identification:_identify(src/platform_bringup) by extension 'colcon_pkg'
[0.249s] Level 1:colcon.colcon_core.package_identification:_identify(src/platform_bringup) by extensions ['colcon_meta']
[0.249s] Level 1:colcon.colcon_core.package_identification:_identify(src/platform_bringup) by extension 'colcon_meta'
[0.249s] Level 1:colcon.colcon_core.package_identification:_identify(src/platform_bringup) by extensions ['ros']
[0.249s] Level 1:colcon.colcon_core.package_identification:_identify(src/platform_bringup) by extension 'ros'
[0.249s] DEBUG:colcon.colcon_core.package_identification:Package 'src/platform_bringup' with type 'ros.ament_cmake' and name 'platform_bringup'
[0.250s] Level 1:colcon.colcon_core.package_identification:_identify(src/platform_description) by extensions ['ignore', 'ignore_ament_install']
[0.250s] Level 1:colcon.colcon_core.package_identification:_identify(src/platform_description) by extension 'ignore'
[0.250s] Level 1:colcon.colcon_core.package_identification:_identify(src/platform_description) by extension 'ignore_ament_install'
[0.250s] Level 1:colcon.colcon_core.package_identification:_identify(src/platform_description) by extensions ['colcon_pkg']
[0.250s] Level 1:colcon.colcon_core.package_identification:_identify(src/platform_description) by extension 'colcon_pkg'
[0.250s] Level 1:colcon.colcon_core.package_identification:_identify(src/platform_description) by extensions ['colcon_meta']
[0.250s] Level 1:colcon.colcon_core.package_identification:_identify(src/platform_description) by extension 'colcon_meta'
[0.250s] Level 1:colcon.colcon_core.package_identification:_identify(src/platform_description) by extensions ['ros']
[0.250s] Level 1:colcon.colcon_core.package_identification:_identify(src/platform_description) by extension 'ros'
[0.250s] DEBUG:colcon.colcon_core.package_identification:Package 'src/platform_description' with type 'ros.ament_cmake' and name 'platform_description'
[0.250s] Level 1:colcon.colcon_core.package_identification:_identify(src/platform_interfaces) by extensions ['ignore', 'ignore_ament_install']
[0.250s] Level 1:colcon.colcon_core.package_identification:_identify(src/platform_interfaces) by extension 'ignore'
[0.250s] Level 1:colcon.colcon_core.package_identification:_identify(src/platform_interfaces) by extension 'ignore_ament_install'
[0.250s] Level 1:colcon.colcon_core.package_identification:_identify(src/platform_interfaces) by extensions ['colcon_pkg']
[0.251s] Level 1:colcon.colcon_core.package_identification:_identify(src/platform_interfaces) by extension 'colcon_pkg'
[0.251s] Level 1:colcon.colcon_core.package_identification:_identify(src/platform_interfaces) by extensions ['colcon_meta']
[0.251s] Level 1:colcon.colcon_core.package_identification:_identify(src/platform_interfaces) by extension 'colcon_meta'
[0.251s] Level 1:colcon.colcon_core.package_identification:_identify(src/platform_interfaces) by extensions ['ros']
[0.251s] Level 1:colcon.colcon_core.package_identification:_identify(src/platform_interfaces) by extension 'ros'
[0.251s] DEBUG:colcon.colcon_core.package_identification:Package 'src/platform_interfaces' with type 'ros.ament_cmake' and name 'platform_interfaces'
[0.251s] Level 1:colcon.colcon_core.package_identification:_identify(src/platform_processing) by extensions ['ignore', 'ignore_ament_install']
[0.251s] Level 1:colcon.colcon_core.package_identification:_identify(src/platform_processing) by extension 'ignore'
[0.251s] Level 1:colcon.colcon_core.package_identification:_identify(src/platform_processing) by extension 'ignore_ament_install'
[0.251s] Level 1:colcon.colcon_core.package_identification:_identify(src/platform_processing) by extensions ['colcon_pkg']
[0.251s] Level 1:colcon.colcon_core.package_identification:_identify(src/platform_processing) by extension 'colcon_pkg'
[0.251s] Level 1:colcon.colcon_core.package_identification:_identify(src/platform_processing) by extensions ['colcon_meta']
[0.251s] Level 1:colcon.colcon_core.package_identification:_identify(src/platform_processing) by extension 'colcon_meta'
[0.251s] Level 1:colcon.colcon_core.package_identification:_identify(src/platform_processing) by extensions ['ros']
[0.251s] Level 1:colcon.colcon_core.package_identification:_identify(src/platform_processing) by extension 'ros'
[0.252s] DEBUG:colcon.colcon_core.package_identification:Package 'src/platform_processing' with type 'ros.ament_cmake' and name 'platform_processing'
[0.252s] Level 1:colcon.colcon_core.package_identification:_identify(src/test_ia) by extensions ['ignore', 'ignore_ament_install']
[0.252s] Level 1:colcon.colcon_core.package_identification:_identify(src/test_ia) by extension 'ignore'
[0.252s] Level 1:colcon.colcon_core.package_identification:_identify(src/test_ia) by extension 'ignore_ament_install'
[0.252s] Level 1:colcon.colcon_core.package_identification:_identify(src/test_ia) by extensions ['colcon_pkg']
[0.252s] Level 1:colcon.colcon_core.package_identification:_identify(src/test_ia) by extension 'colcon_pkg'
[0.252s] Level 1:colcon.colcon_core.package_identification:_identify(src/test_ia) by extensions ['colcon_meta']
[0.252s] Level 1:colcon.colcon_core.package_identification:_identify(src/test_ia) by extension 'colcon_meta'
[0.252s] Level 1:colcon.colcon_core.package_identification:_identify(src/test_ia) by extensions ['ros']
[0.252s] Level 1:colcon.colcon_core.package_identification:_identify(src/test_ia) by extension 'ros'
[0.252s] Level 1:colcon.colcon_core.package_identification:_identify(src/test_ia) by extensions ['cmake', 'python']
[0.252s] Level 1:colcon.colcon_core.package_identification:_identify(src/test_ia) by extension 'cmake'
[0.252s] Level 1:colcon.colcon_core.package_identification:_identify(src/test_ia) by extension 'python'
[0.252s] Level 1:colcon.colcon_core.package_identification:_identify(src/test_ia) by extensions ['python_setup_py']
[0.252s] Level 1:colcon.colcon_core.package_identification:_identify(src/test_ia) by extension 'python_setup_py'
[0.253s] Level 1:colcon.colcon_core.package_discovery:discover_packages(recursive) using defaults
[0.253s] Level 1:colcon.colcon_core.package_discovery:discover_packages(ignore) discover
[0.253s] Level 1:colcon.colcon_core.package_discovery:discover_packages(ignore) using defaults
[0.253s] Level 1:colcon.colcon_core.package_discovery:discover_packages(path) discover
[0.253s] Level 1:colcon.colcon_core.package_discovery:discover_packages(path) using defaults
[0.268s] INFO:colcon.colcon_core.package_selection:Skipping not selected package 'ntrip' in 'src/hardware/xsens_mti_driver/src/ntrip'
[0.268s] INFO:colcon.colcon_core.package_selection:Skipping not selected package 'olive_networking' in 'src/olive_networking'
[0.268s] INFO:colcon.colcon_core.package_selection:Skipping not selected package 'platform_description' in 'src/platform_description'
[0.268s] INFO:colcon.colcon_core.package_selection:Skipping not selected package 'platform_interfaces' in 'src/platform_interfaces'
[0.268s] INFO:colcon.colcon_core.package_selection:Skipping not selected package 'platform_processing' in 'src/platform_processing'
[0.268s] INFO:colcon.colcon_core.package_selection:Skipping not selected package 'realsense2_camera_msgs' in 'src/hardware/realsense-ros/realsense2_camera_msgs'
[0.268s] INFO:colcon.colcon_core.package_selection:Skipping not selected package 'xsens_mti_ros2_driver' in 'src/hardware/xsens_mti_driver/src/xsens_mti_ros2_driver'
[0.268s] INFO:colcon.colcon_core.package_selection:Skipping not selected package 'realsense2_camera' in 'src/hardware/realsense-ros/realsense2_camera'
[0.268s] INFO:colcon.colcon_core.package_selection:Skipping not selected package 'realsense2_description' in 'src/hardware/realsense-ros/realsense2_description'
[0.268s] INFO:colcon.colcon_core.package_selection:Skipping not selected package 'platform_bringup' in 'src/platform_bringup'
[0.269s] Level 1:colcon.colcon_core.package_discovery:discover_packages(prefix_path) check parameters
[0.269s] Level 1:colcon.colcon_core.package_discovery:discover_packages(prefix_path) discover
[0.269s] WARNING:colcon.colcon_core.prefix_path.colcon:The path '/home/student/sensor_platform_ws/src/platform_bringup/launch/install' in the environment variable COLCON_PREFIX_PATH doesn't exist
[0.270s] DEBUG:colcon.colcon_installed_package_information.package_discovery:Found 13 installed packages in /home/student/sensor_platform_ws/install
[0.271s] DEBUG:colcon.colcon_installed_package_information.package_discovery:Found 289 installed packages in /opt/ros/humble
[0.273s] Level 1:colcon.colcon_core.package_discovery:discover_packages(prefix_path) using defaults
[0.303s] Level 5:colcon.colcon_core.verb:set package 'uavcan_bridge' build argument 'cmake_args' from command line to 'None'
[0.303s] Level 5:colcon.colcon_core.verb:set package 'uavcan_bridge' build argument 'cmake_target' from command line to 'None'
[0.303s] Level 5:colcon.colcon_core.verb:set package 'uavcan_bridge' build argument 'cmake_target_skip_unavailable' from command line to 'False'
[0.303s] Level 5:colcon.colcon_core.verb:set package 'uavcan_bridge' build argument 'cmake_clean_cache' from command line to 'False'
[0.303s] Level 5:colcon.colcon_core.verb:set package 'uavcan_bridge' build argument 'cmake_clean_first' from command line to 'False'
[0.303s] Level 5:colcon.colcon_core.verb:set package 'uavcan_bridge' build argument 'cmake_force_configure' from command line to 'False'
[0.303s] Level 5:colcon.colcon_core.verb:set package 'uavcan_bridge' build argument 'ament_cmake_args' from command line to 'None'
[0.303s] Level 5:colcon.colcon_core.verb:set package 'uavcan_bridge' build argument 'catkin_cmake_args' from command line to 'None'
[0.303s] Level 5:colcon.colcon_core.verb:set package 'uavcan_bridge' build argument 'catkin_skip_building_tests' from command line to 'False'
[0.303s] DEBUG:colcon.colcon_core.verb:Building package 'uavcan_bridge' with the following arguments: {'ament_cmake_args': None, 'build_base': '/home/student/sensor_platform_ws/build/uavcan_bridge', 'catkin_cmake_args': None, 'catkin_skip_building_tests': False, 'cmake_args': None, 'cmake_clean_cache': False, 'cmake_clean_first': False, 'cmake_force_configure': False, 'cmake_target': None, 'cmake_target_skip_unavailable': False, 'install_base': '/home/student/sensor_platform_ws/install/uavcan_bridge', 'merge_install': False, 'path': '/home/student/sensor_platform_ws/src/hardware/uavcan_bridge', 'symlink_install': False, 'test_result_base': None}
[0.303s] INFO:colcon.colcon_core.executor:Executing jobs using 'parallel' executor
[0.304s] DEBUG:colcon.colcon_parallel_executor.executor.parallel:run_until_complete
[0.304s] INFO:colcon.colcon_ros.task.ament_cmake.build:Building ROS package in '/home/student/sensor_platform_ws/src/hardware/uavcan_bridge' with build type 'ament_cmake'
[0.304s] INFO:colcon.colcon_cmake.task.cmake.build:Building CMake package in '/home/student/sensor_platform_ws/src/hardware/uavcan_bridge'
[0.306s] INFO:colcon.colcon_core.plugin_system:Skipping extension 'colcon_core.shell.bat': Not used on non-Windows systems
[0.306s] INFO:colcon.colcon_core.shell:Skip shell extension 'powershell' for command environment: Not usable outside of PowerShell
[0.306s] DEBUG:colcon.colcon_core.shell:Skip shell extension 'dsv' for command environment
[0.313s] DEBUG:colcon.colcon_core.event_handler.log_command:Invoking command in '/home/student/sensor_platform_ws/build/uavcan_bridge': CMAKE_PREFIX_PATH=${CMAKE_PREFIX_PATH}:/opt/ros/humble /usr/bin/cmake --build /home/student/sensor_platform_ws/build/uavcan_bridge -- -j8 -l8
[0.799s] Level 1:colcon.colcon_core.environment:create_environment_scripts_only(uavcan_bridge)
[0.800s] DEBUG:colcon.colcon_core.event_handler.log_command:Invoked command in '/home/student/sensor_platform_ws/build/uavcan_bridge' returned '2': CMAKE_PREFIX_PATH=${CMAKE_PREFIX_PATH}:/opt/ros/humble /usr/bin/cmake --build /home/student/sensor_platform_ws/build/uavcan_bridge -- -j8 -l8
[0.801s] Level 1:colcon.colcon_core.environment:checking '/home/student/sensor_platform_ws/install/uavcan_bridge' for CMake module files
[0.801s] Level 1:colcon.colcon_core.environment:checking '/home/student/sensor_platform_ws/install/uavcan_bridge' for CMake config files
[0.802s] Level 1:colcon.colcon_core.environment:checking '/home/student/sensor_platform_ws/install/uavcan_bridge/bin'
[0.802s] Level 1:colcon.colcon_core.environment:checking '/home/student/sensor_platform_ws/install/uavcan_bridge/lib/pkgconfig/uavcan_bridge.pc'
[0.802s] Level 1:colcon.colcon_core.environment:checking '/home/student/sensor_platform_ws/install/uavcan_bridge/lib/python3.10/site-packages'
[0.802s] Level 1:colcon.colcon_core.environment:checking '/home/student/sensor_platform_ws/install/uavcan_bridge/bin'
[0.802s] INFO:colcon.colcon_core.shell:Creating package script '/home/student/sensor_platform_ws/install/uavcan_bridge/share/uavcan_bridge/package.ps1'
[0.803s] INFO:colcon.colcon_core.shell:Creating package descriptor '/home/student/sensor_platform_ws/install/uavcan_bridge/share/uavcan_bridge/package.dsv'
[0.804s] INFO:colcon.colcon_core.shell:Creating package script '/home/student/sensor_platform_ws/install/uavcan_bridge/share/uavcan_bridge/package.sh'
[0.804s] INFO:colcon.colcon_core.shell:Creating package script '/home/student/sensor_platform_ws/install/uavcan_bridge/share/uavcan_bridge/package.bash'
[0.805s] INFO:colcon.colcon_core.shell:Creating package script '/home/student/sensor_platform_ws/install/uavcan_bridge/share/uavcan_bridge/package.zsh'
[0.806s] Level 1:colcon.colcon_core.environment:create_file_with_runtime_dependencies(/home/student/sensor_platform_ws/install/uavcan_bridge/share/colcon-core/packages/uavcan_bridge)
[0.816s] DEBUG:colcon.colcon_parallel_executor.executor.parallel:closing loop
[0.816s] DEBUG:colcon.colcon_parallel_executor.executor.parallel:loop closed
[0.816s] DEBUG:colcon.colcon_parallel_executor.executor.parallel:run_until_complete finished with '2'
[0.816s] DEBUG:colcon.colcon_core.event_reactor:joining thread
[0.820s] INFO:colcon.colcon_core.plugin_system:Skipping extension 'colcon_notification.desktop_notification.terminal_notifier': Not used on non-Darwin systems
[0.820s] INFO:colcon.colcon_core.plugin_system:Skipping extension 'colcon_notification.desktop_notification.win32': Not used on non-Windows systems
[0.820s] INFO:colcon.colcon_notification.desktop_notification:Sending desktop notification using 'notify2'
[0.831s] DEBUG:colcon.colcon_core.event_reactor:joined thread
[0.831s] INFO:colcon.colcon_core.shell:Creating prefix script '/home/student/sensor_platform_ws/install/local_setup.ps1'
[0.832s] INFO:colcon.colcon_core.shell:Creating prefix util module '/home/student/sensor_platform_ws/install/_local_setup_util_ps1.py'
[0.833s] INFO:colcon.colcon_core.shell:Creating prefix chain script '/home/student/sensor_platform_ws/install/setup.ps1'
[0.834s] INFO:colcon.colcon_core.shell:Creating prefix script '/home/student/sensor_platform_ws/install/local_setup.sh'
[0.835s] INFO:colcon.colcon_core.shell:Creating prefix util module '/home/student/sensor_platform_ws/install/_local_setup_util_sh.py'
[0.835s] INFO:colcon.colcon_core.shell:Creating prefix chain script '/home/student/sensor_platform_ws/install/setup.sh'
[0.836s] INFO:colcon.colcon_core.shell:Creating prefix script '/home/student/sensor_platform_ws/install/local_setup.bash'
[0.836s] INFO:colcon.colcon_core.shell:Creating prefix chain script '/home/student/sensor_platform_ws/install/setup.bash'
[0.837s] INFO:colcon.colcon_core.shell:Creating prefix script '/home/student/sensor_platform_ws/install/local_setup.zsh'
[0.838s] INFO:colcon.colcon_core.shell:Creating prefix chain script '/home/student/sensor_platform_ws/install/setup.zsh'
