[0.032s] Invoking command in '/home/student/sensor_platform_ws/build/ntrip': CMAKE_PREFIX_PATH=${CMAKE_PREFIX_PATH}:/opt/ros/humble /usr/bin/cmake --build /home/student/sensor_platform_ws/build/ntrip -- -j8 -l8
[1.710s] [ 60%] Built target ntrip_lib
[1.742s] [100%] Built target ntrip
[1.748s] Invoked command in '/home/student/sensor_platform_ws/build/ntrip' returned '0': CMAKE_PREFIX_PATH=${CMAKE_PREFIX_PATH}:/opt/ros/humble /usr/bin/cmake --build /home/student/sensor_platform_ws/build/ntrip -- -j8 -l8
[1.750s] Invoking command in '/home/student/sensor_platform_ws/build/ntrip': CMAKE_PREFIX_PATH=${CMAKE_PREFIX_PATH}:/opt/ros/humble /usr/bin/cmake --install /home/student/sensor_platform_ws/build/ntrip
[1.754s] -- Install configuration: "Release"
[1.754s] -- Execute custom install script
[1.754s] -- Up-to-date symlink: /home/student/sensor_platform_ws/install/ntrip/lib/libntrip_lib.a
[1.755s] -- Up-to-date symlink: /home/student/sensor_platform_ws/install/ntrip/lib/ntrip/ntrip
[1.755s] -- Up-to-date symlink: /home/student/sensor_platform_ws/install/ntrip/share/ntrip/config/ntrip-param.yaml
[1.755s] -- Up-to-date symlink: /home/student/sensor_platform_ws/install/ntrip/share/ntrip/launch/ntrip_launch.py
[1.755s] -- Up-to-date symlink: /home/student/sensor_platform_ws/install/ntrip/include//ntrip_client/ntrip_client.h
[1.755s] -- Up-to-date symlink: /home/student/sensor_platform_ws/install/ntrip/include//ntrip_client/rtcm_parser.h
[1.755s] -- Up-to-date symlink: /home/student/sensor_platform_ws/install/ntrip/share/ament_index/resource_index/package_run_dependencies/ntrip
[1.755s] -- Up-to-date symlink: /home/student/sensor_platform_ws/install/ntrip/share/ament_index/resource_index/parent_prefix_path/ntrip
[1.756s] -- Up-to-date symlink: /home/student/sensor_platform_ws/install/ntrip/share/ntrip/environment/ament_prefix_path.sh
[1.756s] -- Up-to-date symlink: /home/student/sensor_platform_ws/install/ntrip/share/ntrip/environment/ament_prefix_path.dsv
[1.756s] -- Up-to-date symlink: /home/student/sensor_platform_ws/install/ntrip/share/ntrip/environment/path.sh
[1.756s] -- Up-to-date symlink: /home/student/sensor_platform_ws/install/ntrip/share/ntrip/environment/path.dsv
[1.756s] -- Up-to-date symlink: /home/student/sensor_platform_ws/install/ntrip/share/ntrip/local_setup.bash
[1.756s] -- Up-to-date symlink: /home/student/sensor_platform_ws/install/ntrip/share/ntrip/local_setup.sh
[1.756s] -- Up-to-date symlink: /home/student/sensor_platform_ws/install/ntrip/share/ntrip/local_setup.zsh
[1.756s] -- Up-to-date symlink: /home/student/sensor_platform_ws/install/ntrip/share/ntrip/local_setup.dsv
[1.756s] -- Symlinking: /home/student/sensor_platform_ws/install/ntrip/share/ntrip/package.dsv
[1.768s] -- Up-to-date symlink: /home/student/sensor_platform_ws/install/ntrip/share/ament_index/resource_index/packages/ntrip
[1.769s] -- Up-to-date symlink: /home/student/sensor_platform_ws/install/ntrip/share/ntrip/cmake/ntripConfig.cmake
[1.770s] -- Up-to-date symlink: /home/student/sensor_platform_ws/install/ntrip/share/ntrip/cmake/ntripConfig-version.cmake
[1.770s] -- Up-to-date symlink: /home/student/sensor_platform_ws/install/ntrip/share/ntrip/package.xml
[1.770s] Invoked command in '/home/student/sensor_platform_ws/build/ntrip' returned '0': CMAKE_PREFIX_PATH=${CMAKE_PREFIX_PATH}:/opt/ros/humble /usr/bin/cmake --install /home/student/sensor_platform_ws/build/ntrip
