[0.042s] Invoking command in '/home/student/sensor_platform_ws/build/xsens_mti_ros2_driver': CMAKE_PREFIX_PATH=/opt/ros/humble /usr/bin/cmake --build /home/student/sensor_platform_ws/build/xsens_mti_ros2_driver -- -j8 -l8
[0.120s] [  1%] Built target xsens_mti_ros2_driver__cpp
[0.120s] [  3%] Built target xsens_mti_ros2_driver__rs
[0.136s] [ 17%] Built target xspublic
[0.136s] [ 25%] Built target xsens_mti_ros2_driver__rosidl_generator_c
[0.139s] [ 25%] Built target ament_cmake_python_symlink_xsens_mti_ros2_driver
[0.162s] [ 32%] Built target xsens_mti_ros2_driver__rosidl_typesupport_fastrtps_cpp
[0.167s] [ 39%] Built target xsens_mti_ros2_driver__rosidl_typesupport_introspection_cpp
[0.171s] [ 46%] Built target xsens_mti_ros2_driver__rosidl_typesupport_fastrtps_c
[0.171s] [ 53%] Built target xsens_mti_ros2_driver__rosidl_typesupport_cpp
[0.174s] [ 60%] Built target xsens_mti_ros2_driver__rosidl_typesupport_c
[0.178s] [ 67%] Built target xsens_mti_ros2_driver__rosidl_typesupport_introspection_c
[0.207s] [ 67%] Built target xsens_mti_ros2_driver
[0.238s] [ 69%] Built target xsens_mti_ros2_driver__py
[0.262s] [ 83%] Built target xsens_mti_node
[0.276s] [ 89%] Built target xsens_mti_ros2_driver__rosidl_generator_py
[0.301s] [ 96%] Built target xsens_mti_ros2_driver__rosidl_typesupport_fastrtps_c__pyext
[0.301s] [ 96%] Built target xsens_mti_ros2_driver__rosidl_typesupport_c__pyext
[0.303s] [100%] Built target xsens_mti_ros2_driver__rosidl_typesupport_introspection_c__pyext
[0.412s] running egg_info
[0.413s] writing xsens_mti_ros2_driver.egg-info/PKG-INFO
[0.413s] writing dependency_links to xsens_mti_ros2_driver.egg-info/dependency_links.txt
[0.413s] writing top-level names to xsens_mti_ros2_driver.egg-info/top_level.txt
[0.415s] reading manifest file 'xsens_mti_ros2_driver.egg-info/SOURCES.txt'
[0.416s] writing manifest file 'xsens_mti_ros2_driver.egg-info/SOURCES.txt'
[0.444s] [100%] Built target ament_cmake_python_build_xsens_mti_ros2_driver_egg
[0.452s] Invoked command in '/home/student/sensor_platform_ws/build/xsens_mti_ros2_driver' returned '0': CMAKE_PREFIX_PATH=/opt/ros/humble /usr/bin/cmake --build /home/student/sensor_platform_ws/build/xsens_mti_ros2_driver -- -j8 -l8
[0.454s] Invoking command in '/home/student/sensor_platform_ws/build/xsens_mti_ros2_driver': CMAKE_PREFIX_PATH=/opt/ros/humble /usr/bin/cmake --install /home/student/sensor_platform_ws/build/xsens_mti_ros2_driver
[0.459s] -- Install configuration: "Release"
[0.459s] -- Execute custom install script
[0.459s] -- Up-to-date symlink: /home/student/sensor_platform_ws/install/xsens_mti_ros2_driver/share/ament_index/resource_index/rosidl_interfaces/xsens_mti_ros2_driver
[0.460s] -- Up-to-date symlink: /home/student/sensor_platform_ws/install/xsens_mti_ros2_driver/include/xsens_mti_ros2_driver/xsens_mti_ros2_driver/msg/detail/ship_motion__functions.h
[0.460s] -- Up-to-date symlink: /home/student/sensor_platform_ws/install/xsens_mti_ros2_driver/include/xsens_mti_ros2_driver/xsens_mti_ros2_driver/msg/detail/ship_motion__struct.h
[0.460s] -- Up-to-date symlink: /home/student/sensor_platform_ws/install/xsens_mti_ros2_driver/include/xsens_mti_ros2_driver/xsens_mti_ros2_driver/msg/detail/ship_motion__type_support.h
[0.460s] -- Up-to-date symlink: /home/student/sensor_platform_ws/install/xsens_mti_ros2_driver/include/xsens_mti_ros2_driver/xsens_mti_ros2_driver/msg/detail/xs_status_word__functions.h
[0.460s] -- Up-to-date symlink: /home/student/sensor_platform_ws/install/xsens_mti_ros2_driver/include/xsens_mti_ros2_driver/xsens_mti_ros2_driver/msg/detail/xs_status_word__struct.h
[0.460s] -- Up-to-date symlink: /home/student/sensor_platform_ws/install/xsens_mti_ros2_driver/include/xsens_mti_ros2_driver/xsens_mti_ros2_driver/msg/detail/xs_status_word__type_support.h
[0.460s] -- Up-to-date symlink: /home/student/sensor_platform_ws/install/xsens_mti_ros2_driver/include/xsens_mti_ros2_driver/xsens_mti_ros2_driver/msg/rosidl_generator_c__visibility_control.h
[0.460s] -- Up-to-date symlink: /home/student/sensor_platform_ws/install/xsens_mti_ros2_driver/include/xsens_mti_ros2_driver/xsens_mti_ros2_driver/msg/ship_motion.h
[0.460s] -- Up-to-date symlink: /home/student/sensor_platform_ws/install/xsens_mti_ros2_driver/include/xsens_mti_ros2_driver/xsens_mti_ros2_driver/msg/xs_status_word.h
[0.460s] -- Up-to-date symlink: /home/student/sensor_platform_ws/install/xsens_mti_ros2_driver/share/xsens_mti_ros2_driver/environment/library_path.sh
[0.461s] -- Up-to-date symlink: /home/student/sensor_platform_ws/install/xsens_mti_ros2_driver/share/xsens_mti_ros2_driver/environment/library_path.dsv
[0.461s] -- Up-to-date symlink: /home/student/sensor_platform_ws/install/xsens_mti_ros2_driver/include/xsens_mti_ros2_driver/xsens_mti_ros2_driver/msg/detail/ship_motion__rosidl_typesupport_fastrtps_c.h
[0.461s] -- Up-to-date symlink: /home/student/sensor_platform_ws/install/xsens_mti_ros2_driver/include/xsens_mti_ros2_driver/xsens_mti_ros2_driver/msg/detail/xs_status_word__rosidl_typesupport_fastrtps_c.h
[0.461s] -- Up-to-date symlink: /home/student/sensor_platform_ws/install/xsens_mti_ros2_driver/include/xsens_mti_ros2_driver/xsens_mti_ros2_driver/msg/rosidl_typesupport_fastrtps_c__visibility_control.h
[0.461s] -- Up-to-date symlink: /home/student/sensor_platform_ws/install/xsens_mti_ros2_driver/include/xsens_mti_ros2_driver/xsens_mti_ros2_driver/msg/detail/ship_motion__builder.hpp
[0.462s] -- Up-to-date symlink: /home/student/sensor_platform_ws/install/xsens_mti_ros2_driver/include/xsens_mti_ros2_driver/xsens_mti_ros2_driver/msg/detail/ship_motion__struct.hpp
[0.462s] -- Up-to-date symlink: /home/student/sensor_platform_ws/install/xsens_mti_ros2_driver/include/xsens_mti_ros2_driver/xsens_mti_ros2_driver/msg/detail/ship_motion__traits.hpp
[0.462s] -- Up-to-date symlink: /home/student/sensor_platform_ws/install/xsens_mti_ros2_driver/include/xsens_mti_ros2_driver/xsens_mti_ros2_driver/msg/detail/ship_motion__type_support.hpp
[0.462s] -- Up-to-date symlink: /home/student/sensor_platform_ws/install/xsens_mti_ros2_driver/include/xsens_mti_ros2_driver/xsens_mti_ros2_driver/msg/detail/xs_status_word__builder.hpp
[0.462s] -- Up-to-date symlink: /home/student/sensor_platform_ws/install/xsens_mti_ros2_driver/include/xsens_mti_ros2_driver/xsens_mti_ros2_driver/msg/detail/xs_status_word__struct.hpp
[0.462s] -- Up-to-date symlink: /home/student/sensor_platform_ws/install/xsens_mti_ros2_driver/include/xsens_mti_ros2_driver/xsens_mti_ros2_driver/msg/detail/xs_status_word__traits.hpp
[0.462s] -- Up-to-date symlink: /home/student/sensor_platform_ws/install/xsens_mti_ros2_driver/include/xsens_mti_ros2_driver/xsens_mti_ros2_driver/msg/detail/xs_status_word__type_support.hpp
[0.462s] -- Up-to-date symlink: /home/student/sensor_platform_ws/install/xsens_mti_ros2_driver/include/xsens_mti_ros2_driver/xsens_mti_ros2_driver/msg/rosidl_generator_cpp__visibility_control.hpp
[0.462s] -- Up-to-date symlink: /home/student/sensor_platform_ws/install/xsens_mti_ros2_driver/include/xsens_mti_ros2_driver/xsens_mti_ros2_driver/msg/ship_motion.hpp
[0.462s] -- Up-to-date symlink: /home/student/sensor_platform_ws/install/xsens_mti_ros2_driver/include/xsens_mti_ros2_driver/xsens_mti_ros2_driver/msg/xs_status_word.hpp
[0.462s] -- Up-to-date symlink: /home/student/sensor_platform_ws/install/xsens_mti_ros2_driver/include/xsens_mti_ros2_driver/xsens_mti_ros2_driver/msg/detail/ship_motion__rosidl_typesupport_fastrtps_cpp.hpp
[0.462s] -- Up-to-date symlink: /home/student/sensor_platform_ws/install/xsens_mti_ros2_driver/include/xsens_mti_ros2_driver/xsens_mti_ros2_driver/msg/detail/xs_status_word__rosidl_typesupport_fastrtps_cpp.hpp
[0.462s] -- Up-to-date symlink: /home/student/sensor_platform_ws/install/xsens_mti_ros2_driver/include/xsens_mti_ros2_driver/xsens_mti_ros2_driver/msg/rosidl_typesupport_fastrtps_cpp__visibility_control.h
[0.463s] -- Up-to-date symlink: /home/student/sensor_platform_ws/install/xsens_mti_ros2_driver/include/xsens_mti_ros2_driver/xsens_mti_ros2_driver/msg/detail/ship_motion__rosidl_typesupport_introspection_c.h
[0.463s] -- Up-to-date symlink: /home/student/sensor_platform_ws/install/xsens_mti_ros2_driver/include/xsens_mti_ros2_driver/xsens_mti_ros2_driver/msg/detail/xs_status_word__rosidl_typesupport_introspection_c.h
[0.463s] -- Up-to-date symlink: /home/student/sensor_platform_ws/install/xsens_mti_ros2_driver/include/xsens_mti_ros2_driver/xsens_mti_ros2_driver/msg/rosidl_typesupport_introspection_c__visibility_control.h
[0.463s] -- Up-to-date symlink: /home/student/sensor_platform_ws/install/xsens_mti_ros2_driver/include/xsens_mti_ros2_driver/xsens_mti_ros2_driver/msg/detail/ship_motion__rosidl_typesupport_introspection_cpp.hpp
[0.463s] -- Up-to-date symlink: /home/student/sensor_platform_ws/install/xsens_mti_ros2_driver/include/xsens_mti_ros2_driver/xsens_mti_ros2_driver/msg/detail/xs_status_word__rosidl_typesupport_introspection_cpp.hpp
[0.463s] -- Up-to-date symlink: /home/student/sensor_platform_ws/install/xsens_mti_ros2_driver/share/xsens_mti_ros2_driver/environment/pythonpath.sh
[0.463s] -- Up-to-date symlink: /home/student/sensor_platform_ws/install/xsens_mti_ros2_driver/share/xsens_mti_ros2_driver/environment/pythonpath.dsv
[0.464s] -- Up-to-date symlink: /home/student/sensor_platform_ws/install/xsens_mti_ros2_driver/local/lib/python3.10/dist-packages/xsens_mti_ros2_driver-1.0.2-py3.10.egg-info/PKG-INFO
[0.464s] -- Up-to-date symlink: /home/student/sensor_platform_ws/install/xsens_mti_ros2_driver/local/lib/python3.10/dist-packages/xsens_mti_ros2_driver-1.0.2-py3.10.egg-info/SOURCES.txt
[0.464s] -- Up-to-date symlink: /home/student/sensor_platform_ws/install/xsens_mti_ros2_driver/local/lib/python3.10/dist-packages/xsens_mti_ros2_driver-1.0.2-py3.10.egg-info/dependency_links.txt
[0.464s] -- Up-to-date symlink: /home/student/sensor_platform_ws/install/xsens_mti_ros2_driver/local/lib/python3.10/dist-packages/xsens_mti_ros2_driver-1.0.2-py3.10.egg-info/top_level.txt
[0.464s] -- Up-to-date symlink: /home/student/sensor_platform_ws/install/xsens_mti_ros2_driver/local/lib/python3.10/dist-packages/xsens_mti_ros2_driver/__init__.py
[0.464s] -- Up-to-date symlink: /home/student/sensor_platform_ws/install/xsens_mti_ros2_driver/local/lib/python3.10/dist-packages/xsens_mti_ros2_driver/_xsens_mti_ros2_driver_s.ep.rosidl_typesupport_c.c
[0.464s] -- Up-to-date symlink: /home/student/sensor_platform_ws/install/xsens_mti_ros2_driver/local/lib/python3.10/dist-packages/xsens_mti_ros2_driver/_xsens_mti_ros2_driver_s.ep.rosidl_typesupport_fastrtps_c.c
[0.465s] -- Up-to-date symlink: /home/student/sensor_platform_ws/install/xsens_mti_ros2_driver/local/lib/python3.10/dist-packages/xsens_mti_ros2_driver/_xsens_mti_ros2_driver_s.ep.rosidl_typesupport_introspection_c.c
[0.465s] -- Up-to-date symlink: /home/student/sensor_platform_ws/install/xsens_mti_ros2_driver/local/lib/python3.10/dist-packages/xsens_mti_ros2_driver/libxsens_mti_ros2_driver__rosidl_generator_py.so
[0.465s] -- Up-to-date symlink: /home/student/sensor_platform_ws/install/xsens_mti_ros2_driver/local/lib/python3.10/dist-packages/xsens_mti_ros2_driver/msg/__init__.py
[0.465s] -- Up-to-date symlink: /home/student/sensor_platform_ws/install/xsens_mti_ros2_driver/local/lib/python3.10/dist-packages/xsens_mti_ros2_driver/msg/_ship_motion.py
[0.465s] -- Up-to-date symlink: /home/student/sensor_platform_ws/install/xsens_mti_ros2_driver/local/lib/python3.10/dist-packages/xsens_mti_ros2_driver/msg/_ship_motion_s.c
[0.465s] -- Up-to-date symlink: /home/student/sensor_platform_ws/install/xsens_mti_ros2_driver/local/lib/python3.10/dist-packages/xsens_mti_ros2_driver/msg/_xs_status_word.py
[0.465s] -- Up-to-date symlink: /home/student/sensor_platform_ws/install/xsens_mti_ros2_driver/local/lib/python3.10/dist-packages/xsens_mti_ros2_driver/msg/_xs_status_word_s.c
[0.465s] -- Up-to-date symlink: /home/student/sensor_platform_ws/install/xsens_mti_ros2_driver/local/lib/python3.10/dist-packages/xsens_mti_ros2_driver/xsens_mti_ros2_driver_s__rosidl_typesupport_c.cpython-310-x86_64-linux-gnu.so
[0.466s] -- Up-to-date symlink: /home/student/sensor_platform_ws/install/xsens_mti_ros2_driver/local/lib/python3.10/dist-packages/xsens_mti_ros2_driver/xsens_mti_ros2_driver_s__rosidl_typesupport_fastrtps_c.cpython-310-x86_64-linux-gnu.so
[0.466s] -- Up-to-date symlink: /home/student/sensor_platform_ws/install/xsens_mti_ros2_driver/local/lib/python3.10/dist-packages/xsens_mti_ros2_driver/xsens_mti_ros2_driver_s__rosidl_typesupport_introspection_c.cpython-310-x86_64-linux-gnu.so
[0.466s] -- Up-to-date symlink: /home/student/sensor_platform_ws/install/xsens_mti_ros2_driver/local/lib/python3.10/dist-packages/xsens_mti_ros2_driver/xsens_mti_ros2_driver_s__rosidl_typesupport_fastrtps_c.cpython-310-x86_64-linux-gnu.so
[0.466s] -- Up-to-date symlink: /home/student/sensor_platform_ws/install/xsens_mti_ros2_driver/local/lib/python3.10/dist-packages/xsens_mti_ros2_driver/xsens_mti_ros2_driver_s__rosidl_typesupport_introspection_c.cpython-310-x86_64-linux-gnu.so
[0.466s] -- Up-to-date symlink: /home/student/sensor_platform_ws/install/xsens_mti_ros2_driver/local/lib/python3.10/dist-packages/xsens_mti_ros2_driver/xsens_mti_ros2_driver_s__rosidl_typesupport_c.cpython-310-x86_64-linux-gnu.so
[0.466s] -- Up-to-date symlink: /home/student/sensor_platform_ws/install/xsens_mti_ros2_driver/share/ament_index/resource_index/rust_packages/xsens_mti_ros2_driver
[0.466s] -- Up-to-date symlink: /home/student/sensor_platform_ws/install/xsens_mti_ros2_driver/share/xsens_mti_ros2_driver/rust/Cargo.toml
[0.466s] -- Up-to-date symlink: /home/student/sensor_platform_ws/install/xsens_mti_ros2_driver/share/xsens_mti_ros2_driver/rust/build.rs
[0.466s] -- Up-to-date symlink: /home/student/sensor_platform_ws/install/xsens_mti_ros2_driver/share/xsens_mti_ros2_driver/rust/src/lib.rs
[0.466s] -- Up-to-date symlink: /home/student/sensor_platform_ws/install/xsens_mti_ros2_driver/share/xsens_mti_ros2_driver/rust/src/msg.rs
[0.467s] -- Up-to-date symlink: /home/student/sensor_platform_ws/install/xsens_mti_ros2_driver/share/xsens_mti_ros2_driver/rust/src/msg/rmw.rs
[0.467s] -- Up-to-date symlink: /home/student/sensor_platform_ws/install/xsens_mti_ros2_driver/share/xsens_mti_ros2_driver/msg/XsStatusWord.idl
[0.467s] -- Up-to-date symlink: /home/student/sensor_platform_ws/install/xsens_mti_ros2_driver/share/xsens_mti_ros2_driver/msg/ShipMotion.idl
[0.467s] -- Up-to-date symlink: /home/student/sensor_platform_ws/install/xsens_mti_ros2_driver/share/xsens_mti_ros2_driver/msg/XsStatusWord.msg
[0.467s] -- Up-to-date symlink: /home/student/sensor_platform_ws/install/xsens_mti_ros2_driver/share/xsens_mti_ros2_driver/msg/ShipMotion.msg
[0.467s] -- Up-to-date symlink: /home/student/sensor_platform_ws/install/xsens_mti_ros2_driver/share/xsens_mti_ros2_driver/launch/display.launch.py
[0.467s] -- Up-to-date symlink: /home/student/sensor_platform_ws/install/xsens_mti_ros2_driver/share/xsens_mti_ros2_driver/launch/xsens_mti_node.launch.py
[0.467s] -- Up-to-date symlink: /home/student/sensor_platform_ws/install/xsens_mti_ros2_driver/share/xsens_mti_ros2_driver/param/xsens_mti_node.yaml
[0.467s] -- Up-to-date symlink: /home/student/sensor_platform_ws/install/xsens_mti_ros2_driver/share/xsens_mti_ros2_driver/param/xsens_mti_node_mti320.yaml
[0.468s] -- Up-to-date symlink: /home/student/sensor_platform_ws/install/xsens_mti_ros2_driver/share/xsens_mti_ros2_driver/rviz/display.rviz
[0.468s] -- Up-to-date symlink: /home/student/sensor_platform_ws/install/xsens_mti_ros2_driver/share/xsens_mti_ros2_driver/urdf/MTi_1.stl
[0.468s] -- Up-to-date symlink: /home/student/sensor_platform_ws/install/xsens_mti_ros2_driver/share/xsens_mti_ros2_driver/urdf/MTi_1.urdf
[0.468s] -- Up-to-date symlink: /home/student/sensor_platform_ws/install/xsens_mti_ros2_driver/share/xsens_mti_ros2_driver/urdf/MTi_10.stl
[0.468s] -- Up-to-date symlink: /home/student/sensor_platform_ws/install/xsens_mti_ros2_driver/share/xsens_mti_ros2_driver/urdf/MTi_10.urdf
[0.468s] -- Up-to-date symlink: /home/student/sensor_platform_ws/install/xsens_mti_ros2_driver/share/xsens_mti_ros2_driver/urdf/MTi_6xx.stl
[0.468s] -- Up-to-date symlink: /home/student/sensor_platform_ws/install/xsens_mti_ros2_driver/share/xsens_mti_ros2_driver/urdf/MTi_6xx.urdf
[0.468s] -- Up-to-date symlink: /home/student/sensor_platform_ws/install/xsens_mti_ros2_driver/share/ament_index/resource_index/package_run_dependencies/xsens_mti_ros2_driver
[0.468s] -- Up-to-date symlink: /home/student/sensor_platform_ws/install/xsens_mti_ros2_driver/share/ament_index/resource_index/parent_prefix_path/xsens_mti_ros2_driver
[0.468s] -- Up-to-date symlink: /home/student/sensor_platform_ws/install/xsens_mti_ros2_driver/share/xsens_mti_ros2_driver/environment/ament_prefix_path.sh
[0.469s] -- Up-to-date symlink: /home/student/sensor_platform_ws/install/xsens_mti_ros2_driver/share/xsens_mti_ros2_driver/environment/ament_prefix_path.dsv
[0.469s] -- Up-to-date symlink: /home/student/sensor_platform_ws/install/xsens_mti_ros2_driver/share/xsens_mti_ros2_driver/environment/path.sh
[0.469s] -- Up-to-date symlink: /home/student/sensor_platform_ws/install/xsens_mti_ros2_driver/share/xsens_mti_ros2_driver/environment/path.dsv
[0.469s] -- Up-to-date symlink: /home/student/sensor_platform_ws/install/xsens_mti_ros2_driver/share/xsens_mti_ros2_driver/local_setup.bash
[0.469s] -- Up-to-date symlink: /home/student/sensor_platform_ws/install/xsens_mti_ros2_driver/share/xsens_mti_ros2_driver/local_setup.sh
[0.469s] -- Up-to-date symlink: /home/student/sensor_platform_ws/install/xsens_mti_ros2_driver/share/xsens_mti_ros2_driver/local_setup.zsh
[0.469s] -- Up-to-date symlink: /home/student/sensor_platform_ws/install/xsens_mti_ros2_driver/share/xsens_mti_ros2_driver/local_setup.dsv
[0.469s] -- Symlinking: /home/student/sensor_platform_ws/install/xsens_mti_ros2_driver/share/xsens_mti_ros2_driver/package.dsv
[0.475s] -- Up-to-date symlink: /home/student/sensor_platform_ws/install/xsens_mti_ros2_driver/share/ament_index/resource_index/packages/xsens_mti_ros2_driver
[0.475s] -- Up-to-date symlink: /home/student/sensor_platform_ws/install/xsens_mti_ros2_driver/share/xsens_mti_ros2_driver/cmake/rosidl_cmake-extras.cmake
[0.475s] -- Up-to-date symlink: /home/student/sensor_platform_ws/install/xsens_mti_ros2_driver/share/xsens_mti_ros2_driver/cmake/ament_cmake_export_dependencies-extras.cmake
[0.475s] -- Up-to-date symlink: /home/student/sensor_platform_ws/install/xsens_mti_ros2_driver/share/xsens_mti_ros2_driver/cmake/ament_cmake_export_include_directories-extras.cmake
[0.475s] -- Up-to-date symlink: /home/student/sensor_platform_ws/install/xsens_mti_ros2_driver/share/xsens_mti_ros2_driver/cmake/ament_cmake_export_libraries-extras.cmake
[0.475s] -- Up-to-date symlink: /home/student/sensor_platform_ws/install/xsens_mti_ros2_driver/share/xsens_mti_ros2_driver/cmake/ament_cmake_export_targets-extras.cmake
[0.476s] -- Up-to-date symlink: /home/student/sensor_platform_ws/install/xsens_mti_ros2_driver/share/xsens_mti_ros2_driver/cmake/rosidl_cmake_export_typesupport_targets-extras.cmake
[0.476s] -- Up-to-date symlink: /home/student/sensor_platform_ws/install/xsens_mti_ros2_driver/share/xsens_mti_ros2_driver/cmake/rosidl_cmake_export_typesupport_libraries-extras.cmake
[0.476s] -- Up-to-date symlink: /home/student/sensor_platform_ws/install/xsens_mti_ros2_driver/share/xsens_mti_ros2_driver/cmake/xsens_mti_ros2_driverConfig.cmake
[0.476s] -- Up-to-date symlink: /home/student/sensor_platform_ws/install/xsens_mti_ros2_driver/share/xsens_mti_ros2_driver/cmake/xsens_mti_ros2_driverConfig-version.cmake
[0.476s] -- Up-to-date symlink: /home/student/sensor_platform_ws/install/xsens_mti_ros2_driver/share/xsens_mti_ros2_driver/package.xml
[0.476s] -- Up-to-date: /home/student/sensor_platform_ws/install/xsens_mti_ros2_driver/lib/libxsens_mti_ros2_driver__rosidl_generator_c.so
[0.476s] -- Up-to-date: /home/student/sensor_platform_ws/install/xsens_mti_ros2_driver/lib/libxsens_mti_ros2_driver__rosidl_typesupport_fastrtps_c.so
[0.476s] -- Up-to-date: /home/student/sensor_platform_ws/install/xsens_mti_ros2_driver/lib/libxsens_mti_ros2_driver__rosidl_typesupport_fastrtps_cpp.so
[0.476s] -- Up-to-date: /home/student/sensor_platform_ws/install/xsens_mti_ros2_driver/lib/libxsens_mti_ros2_driver__rosidl_typesupport_introspection_c.so
[0.477s] -- Up-to-date: /home/student/sensor_platform_ws/install/xsens_mti_ros2_driver/lib/libxsens_mti_ros2_driver__rosidl_typesupport_c.so
[0.477s] -- Up-to-date: /home/student/sensor_platform_ws/install/xsens_mti_ros2_driver/lib/libxsens_mti_ros2_driver__rosidl_typesupport_introspection_cpp.so
[0.477s] -- Up-to-date: /home/student/sensor_platform_ws/install/xsens_mti_ros2_driver/lib/libxsens_mti_ros2_driver__rosidl_typesupport_cpp.so
[0.501s] Listing '/home/student/sensor_platform_ws/install/xsens_mti_ros2_driver/local/lib/python3.10/dist-packages/xsens_mti_ros2_driver'...
[0.501s] Listing '/home/student/sensor_platform_ws/install/xsens_mti_ros2_driver/local/lib/python3.10/dist-packages/xsens_mti_ros2_driver/msg'...
[0.503s] -- Up-to-date: /home/student/sensor_platform_ws/install/xsens_mti_ros2_driver/lib/libxsens_mti_ros2_driver__rosidl_generator_py.so
[0.503s] -- Up-to-date: /home/student/sensor_platform_ws/install/xsens_mti_ros2_driver/lib/xsens_mti_ros2_driver/xsens_mti_node
[0.503s] -- Up-to-date: /home/student/sensor_platform_ws/install/xsens_mti_ros2_driver/share/xsens_mti_ros2_driver/cmake/export_xsens_mti_ros2_driver__rosidl_generator_cExport.cmake
[0.503s] -- Up-to-date: /home/student/sensor_platform_ws/install/xsens_mti_ros2_driver/share/xsens_mti_ros2_driver/cmake/export_xsens_mti_ros2_driver__rosidl_generator_cExport-release.cmake
[0.503s] -- Up-to-date: /home/student/sensor_platform_ws/install/xsens_mti_ros2_driver/share/xsens_mti_ros2_driver/cmake/export_xsens_mti_ros2_driver__rosidl_typesupport_fastrtps_cExport.cmake
[0.503s] -- Up-to-date: /home/student/sensor_platform_ws/install/xsens_mti_ros2_driver/share/xsens_mti_ros2_driver/cmake/export_xsens_mti_ros2_driver__rosidl_typesupport_fastrtps_cExport-release.cmake
[0.504s] -- Up-to-date: /home/student/sensor_platform_ws/install/xsens_mti_ros2_driver/share/xsens_mti_ros2_driver/cmake/export_xsens_mti_ros2_driver__rosidl_generator_cppExport.cmake
[0.504s] -- Up-to-date: /home/student/sensor_platform_ws/install/xsens_mti_ros2_driver/share/xsens_mti_ros2_driver/cmake/export_xsens_mti_ros2_driver__rosidl_typesupport_fastrtps_cppExport.cmake
[0.504s] -- Up-to-date: /home/student/sensor_platform_ws/install/xsens_mti_ros2_driver/share/xsens_mti_ros2_driver/cmake/export_xsens_mti_ros2_driver__rosidl_typesupport_fastrtps_cppExport-release.cmake
[0.504s] -- Up-to-date: /home/student/sensor_platform_ws/install/xsens_mti_ros2_driver/share/xsens_mti_ros2_driver/cmake/xsens_mti_ros2_driver__rosidl_typesupport_introspection_cExport.cmake
[0.504s] -- Up-to-date: /home/student/sensor_platform_ws/install/xsens_mti_ros2_driver/share/xsens_mti_ros2_driver/cmake/xsens_mti_ros2_driver__rosidl_typesupport_introspection_cExport-release.cmake
[0.504s] -- Up-to-date: /home/student/sensor_platform_ws/install/xsens_mti_ros2_driver/share/xsens_mti_ros2_driver/cmake/xsens_mti_ros2_driver__rosidl_typesupport_cExport.cmake
[0.504s] -- Up-to-date: /home/student/sensor_platform_ws/install/xsens_mti_ros2_driver/share/xsens_mti_ros2_driver/cmake/xsens_mti_ros2_driver__rosidl_typesupport_cExport-release.cmake
[0.504s] -- Up-to-date: /home/student/sensor_platform_ws/install/xsens_mti_ros2_driver/share/xsens_mti_ros2_driver/cmake/xsens_mti_ros2_driver__rosidl_typesupport_introspection_cppExport.cmake
[0.504s] -- Up-to-date: /home/student/sensor_platform_ws/install/xsens_mti_ros2_driver/share/xsens_mti_ros2_driver/cmake/xsens_mti_ros2_driver__rosidl_typesupport_introspection_cppExport-release.cmake
[0.504s] -- Up-to-date: /home/student/sensor_platform_ws/install/xsens_mti_ros2_driver/share/xsens_mti_ros2_driver/cmake/xsens_mti_ros2_driver__rosidl_typesupport_cppExport.cmake
[0.504s] -- Up-to-date: /home/student/sensor_platform_ws/install/xsens_mti_ros2_driver/share/xsens_mti_ros2_driver/cmake/xsens_mti_ros2_driver__rosidl_typesupport_cppExport-release.cmake
[0.504s] -- Up-to-date: /home/student/sensor_platform_ws/install/xsens_mti_ros2_driver/share/xsens_mti_ros2_driver/cmake/export_xsens_mti_ros2_driver__rosidl_generator_pyExport.cmake
[0.504s] -- Up-to-date: /home/student/sensor_platform_ws/install/xsens_mti_ros2_driver/share/xsens_mti_ros2_driver/cmake/export_xsens_mti_ros2_driver__rosidl_generator_pyExport-release.cmake
[0.520s] Invoked command in '/home/student/sensor_platform_ws/build/xsens_mti_ros2_driver' returned '0': CMAKE_PREFIX_PATH=/opt/ros/humble /usr/bin/cmake --install /home/student/sensor_platform_ws/build/xsens_mti_ros2_driver
