[0.008s] Invoking command in '/home/student/sensor_platform_ws/build/platform_bringup': AMENT_PREFIX_PATH=/home/student/sensor_platform_ws/install/realsense2_camera:/home/student/sensor_platform_ws/install/realsense2_camera_msgs:${AMENT_PREFIX_PATH} CMAKE_PREFIX_PATH=/home/student/sensor_platform_ws/install/realsense2_camera:/home/student/sensor_platform_ws/install/realsense2_camera_msgs:/opt/ros/humble LD_LIBRARY_PATH=/home/student/sensor_platform_ws/install/realsense2_camera/lib:/home/student/sensor_platform_ws/install/realsense2_camera_msgs/lib:${LD_LIBRARY_PATH} PYTHONPATH=/home/student/sensor_platform_ws/install/realsense2_camera_msgs/local/lib/python3.10/dist-packages:${PYTHONPATH} /usr/bin/cmake --build /home/student/sensor_platform_ws/build/platform_bringup -- -j8 -l8
[0.025s] -- Found ament_cmake: 1.3.14 (/opt/ros/humble/share/ament_cmake/cmake)
[0.121s] -- Override CMake install command with custom implementation using symlinks instead of copying resources
[0.126s] -- Found ament_lint_auto: 0.12.15 (/opt/ros/humble/share/ament_lint_auto/cmake)
[0.177s] -- Added test 'flake8' to check Python code syntax and style conventions
[0.178s] -- Added test 'lint_cmake' to check CMake code style
[0.178s] -- Added test 'pep257' to check Python code against some of the docstring style conventions in PEP 257
[0.179s] -- Added test 'xmllint' to check XML markup files
[0.179s] -- Configuring done
[0.181s] -- Generating done
[0.182s] -- Build files have been written to: /home/student/sensor_platform_ws/build/platform_bringup
[0.197s] Invoked command in '/home/student/sensor_platform_ws/build/platform_bringup' returned '0': AMENT_PREFIX_PATH=/home/student/sensor_platform_ws/install/realsense2_camera:/home/student/sensor_platform_ws/install/realsense2_camera_msgs:${AMENT_PREFIX_PATH} CMAKE_PREFIX_PATH=/home/student/sensor_platform_ws/install/realsense2_camera:/home/student/sensor_platform_ws/install/realsense2_camera_msgs:/opt/ros/humble LD_LIBRARY_PATH=/home/student/sensor_platform_ws/install/realsense2_camera/lib:/home/student/sensor_platform_ws/install/realsense2_camera_msgs/lib:${LD_LIBRARY_PATH} PYTHONPATH=/home/student/sensor_platform_ws/install/realsense2_camera_msgs/local/lib/python3.10/dist-packages:${PYTHONPATH} /usr/bin/cmake --build /home/student/sensor_platform_ws/build/platform_bringup -- -j8 -l8
[0.197s] Invoking command in '/home/student/sensor_platform_ws/build/platform_bringup': AMENT_PREFIX_PATH=/home/student/sensor_platform_ws/install/realsense2_camera:/home/student/sensor_platform_ws/install/realsense2_camera_msgs:${AMENT_PREFIX_PATH} CMAKE_PREFIX_PATH=/home/student/sensor_platform_ws/install/realsense2_camera:/home/student/sensor_platform_ws/install/realsense2_camera_msgs:/opt/ros/humble LD_LIBRARY_PATH=/home/student/sensor_platform_ws/install/realsense2_camera/lib:/home/student/sensor_platform_ws/install/realsense2_camera_msgs/lib:${LD_LIBRARY_PATH} PYTHONPATH=/home/student/sensor_platform_ws/install/realsense2_camera_msgs/local/lib/python3.10/dist-packages:${PYTHONPATH} /usr/bin/cmake --install /home/student/sensor_platform_ws/build/platform_bringup
[0.201s] -- Install configuration: "Release"
[0.202s] -- Execute custom install script
[0.202s] -- Up-to-date symlink: /home/student/sensor_platform_ws/install/platform_bringup/share/platform_bringup/launch/olive_bridge.launch.py
[0.202s] -- Up-to-date symlink: /home/student/sensor_platform_ws/install/platform_bringup/share/platform_bringup/launch/system.launch.py
[0.202s] -- Up-to-date symlink: /home/student/sensor_platform_ws/install/platform_bringup/share/platform_bringup/launch/test_hflow.launch.py
[0.202s] -- Up-to-date symlink: /home/student/sensor_platform_ws/install/platform_bringup/share/platform_bringup/launch/test_olix_cam.launch.py
[0.202s] -- Up-to-date symlink: /home/student/sensor_platform_ws/install/platform_bringup/share/platform_bringup/launch/test_olix_imu.launch.py
[0.202s] -- Up-to-date symlink: /home/student/sensor_platform_ws/install/platform_bringup/share/platform_bringup/launch/test_sync.launch.py
[0.202s] -- Up-to-date symlink: /home/student/sensor_platform_ws/install/platform_bringup/share/platform_bringup/config/ekf.yaml
[0.202s] -- Up-to-date symlink: /home/student/sensor_platform_ws/install/platform_bringup/share/platform_bringup/config/imu_domain_bridge.yaml
[0.202s] -- Up-to-date symlink: /home/student/sensor_platform_ws/install/platform_bringup/share/platform_bringup/config/olive_bridge.yaml
[0.203s] -- Up-to-date symlink: /home/student/sensor_platform_ws/install/platform_bringup/share/platform_bringup/config/realsense_optimized.yaml
[0.203s] -- Up-to-date symlink: /home/student/sensor_platform_ws/install/platform_bringup/share/platform_bringup/config/xsens_optimized.yaml
[0.203s] -- Up-to-date symlink: /home/student/sensor_platform_ws/install/platform_bringup/share/ament_index/resource_index/package_run_dependencies/platform_bringup
[0.203s] -- Up-to-date symlink: /home/student/sensor_platform_ws/install/platform_bringup/share/ament_index/resource_index/parent_prefix_path/platform_bringup
[0.203s] -- Up-to-date symlink: /home/student/sensor_platform_ws/install/platform_bringup/share/platform_bringup/environment/ament_prefix_path.sh
[0.203s] -- Up-to-date symlink: /home/student/sensor_platform_ws/install/platform_bringup/share/platform_bringup/environment/ament_prefix_path.dsv
[0.203s] -- Up-to-date symlink: /home/student/sensor_platform_ws/install/platform_bringup/share/platform_bringup/environment/path.sh
[0.203s] -- Up-to-date symlink: /home/student/sensor_platform_ws/install/platform_bringup/share/platform_bringup/environment/path.dsv
[0.203s] -- Up-to-date symlink: /home/student/sensor_platform_ws/install/platform_bringup/share/platform_bringup/local_setup.bash
[0.203s] -- Up-to-date symlink: /home/student/sensor_platform_ws/install/platform_bringup/share/platform_bringup/local_setup.sh
[0.204s] -- Up-to-date symlink: /home/student/sensor_platform_ws/install/platform_bringup/share/platform_bringup/local_setup.zsh
[0.204s] -- Up-to-date symlink: /home/student/sensor_platform_ws/install/platform_bringup/share/platform_bringup/local_setup.dsv
[0.204s] -- Symlinking: /home/student/sensor_platform_ws/install/platform_bringup/share/platform_bringup/package.dsv
[0.210s] -- Up-to-date symlink: /home/student/sensor_platform_ws/install/platform_bringup/share/ament_index/resource_index/packages/platform_bringup
[0.210s] -- Up-to-date symlink: /home/student/sensor_platform_ws/install/platform_bringup/share/platform_bringup/cmake/platform_bringupConfig.cmake
[0.210s] -- Up-to-date symlink: /home/student/sensor_platform_ws/install/platform_bringup/share/platform_bringup/cmake/platform_bringupConfig-version.cmake
[0.210s] -- Up-to-date symlink: /home/student/sensor_platform_ws/install/platform_bringup/share/platform_bringup/package.xml
[0.211s] Invoked command in '/home/student/sensor_platform_ws/build/platform_bringup' returned '0': AMENT_PREFIX_PATH=/home/student/sensor_platform_ws/install/realsense2_camera:/home/student/sensor_platform_ws/install/realsense2_camera_msgs:${AMENT_PREFIX_PATH} CMAKE_PREFIX_PATH=/home/student/sensor_platform_ws/install/realsense2_camera:/home/student/sensor_platform_ws/install/realsense2_camera_msgs:/opt/ros/humble LD_LIBRARY_PATH=/home/student/sensor_platform_ws/install/realsense2_camera/lib:/home/student/sensor_platform_ws/install/realsense2_camera_msgs/lib:${LD_LIBRARY_PATH} PYTHONPATH=/home/student/sensor_platform_ws/install/realsense2_camera_msgs/local/lib/python3.10/dist-packages:${PYTHONPATH} /usr/bin/cmake --install /home/student/sensor_platform_ws/build/platform_bringup
