[2.716s] DEBUG:colcon:Command line arguments: ['/usr/bin/colcon', 'build', '--packages-select', 'platform_description', '--symlink-install']
[2.716s] DEBUG:colcon:Parsed command line arguments: Namespace(log_base=None, log_level=None, verb_name='build', build_base='build', install_base='install', merge_install=False, symlink_install=True, test_result_base=None, continue_on_error=False, executor='parallel', parallel_workers=8, event_handlers=None, ignore_user_meta=False, metas=['./colcon.meta'], base_paths=['.'], packages_ignore=None, packages_ignore_regex=None, paths=None, packages_up_to=None, packages_up_to_regex=None, packages_above=None, packages_above_and_dependencies=None, packages_above_depth=None, packages_select_by_dep=None, packages_skip_by_dep=None, packages_skip_up_to=None, packages_select_build_failed=False, packages_skip_build_finished=False, packages_select_test_failures=False, packages_skip_test_passed=False, packages_select=['platform_description'], packages_skip=None, packages_select_regex=None, packages_skip_regex=None, packages_start=None, packages_end=None, allow_overriding=[], cmake_args=None, cmake_target=None, cmake_target_skip_unavailable=False, cmake_clean_cache=False, cmake_clean_first=False, cmake_force_configure=False, ament_cmake_args=None, catkin_cmake_args=None, catkin_skip_building_tests=False, verb_parser=<colcon_defaults.argument_parser.defaults.DefaultArgumentsDecorator object at 0x7a32b676cfa0>, verb_extension=<colcon_core.verb.build.BuildVerb object at 0x7a32b68e9690>, main=<bound method BuildVerb.main of <colcon_core.verb.build.BuildVerb object at 0x7a32b68e9690>>)
[3.882s] Level 1:colcon.colcon_core.package_discovery:discover_packages(colcon_meta) check parameters
[3.883s] Level 1:colcon.colcon_core.package_discovery:discover_packages(recursive) check parameters
[3.883s] Level 1:colcon.colcon_core.package_discovery:discover_packages(ignore) check parameters
[3.883s] Level 1:colcon.colcon_core.package_discovery:discover_packages(path) check parameters
[3.883s] Level 1:colcon.colcon_core.package_discovery:discover_packages(colcon_meta) discover
[3.883s] Level 1:colcon.colcon_core.package_discovery:discover_packages(recursive) discover
[3.883s] INFO:colcon.colcon_core.package_discovery:Crawling recursively for packages in '/home/student/sensor_platform_ws'
[3.884s] Level 1:colcon.colcon_core.package_identification:_identify(.) by extensions ['ignore', 'ignore_ament_install']
[3.884s] Level 1:colcon.colcon_core.package_identification:_identify(.) by extension 'ignore'
[3.884s] Level 1:colcon.colcon_core.package_identification:_identify(.) by extension 'ignore_ament_install'
[3.885s] Level 1:colcon.colcon_core.package_identification:_identify(.) by extensions ['colcon_pkg']
[3.885s] Level 1:colcon.colcon_core.package_identification:_identify(.) by extension 'colcon_pkg'
[3.885s] Level 1:colcon.colcon_core.package_identification:_identify(.) by extensions ['colcon_meta']
[3.885s] Level 1:colcon.colcon_core.package_identification:_identify(.) by extension 'colcon_meta'
[3.885s] Level 1:colcon.colcon_core.package_identification:_identify(.) by extensions ['ros']
[3.885s] Level 1:colcon.colcon_core.package_identification:_identify(.) by extension 'ros'
[3.919s] Level 1:colcon.colcon_core.package_identification:_identify(.) by extensions ['cmake', 'python']
[3.919s] Level 1:colcon.colcon_core.package_identification:_identify(.) by extension 'cmake'
[3.919s] Level 1:colcon.colcon_core.package_identification:_identify(.) by extension 'python'
[3.919s] Level 1:colcon.colcon_core.package_identification:_identify(.) by extensions ['python_setup_py']
[3.919s] Level 1:colcon.colcon_core.package_identification:_identify(.) by extension 'python_setup_py'
[3.935s] Level 1:colcon.colcon_core.package_identification:_identify(build) by extensions ['ignore', 'ignore_ament_install']
[3.935s] Level 1:colcon.colcon_core.package_identification:_identify(build) by extension 'ignore'
[3.936s] Level 1:colcon.colcon_core.package_identification:_identify(build) ignored
[3.938s] Level 1:colcon.colcon_core.package_identification:_identify(dronecan_env) by extensions ['ignore', 'ignore_ament_install']
[3.938s] Level 1:colcon.colcon_core.package_identification:_identify(dronecan_env) by extension 'ignore'
[3.938s] Level 1:colcon.colcon_core.package_identification:_identify(dronecan_env) ignored
[3.939s] Level 1:colcon.colcon_core.package_identification:_identify(install) by extensions ['ignore', 'ignore_ament_install']
[3.939s] Level 1:colcon.colcon_core.package_identification:_identify(install) by extension 'ignore'
[3.939s] Level 1:colcon.colcon_core.package_identification:_identify(install) ignored
[3.939s] Level 1:colcon.colcon_core.package_identification:_identify(log) by extensions ['ignore', 'ignore_ament_install']
[3.940s] Level 1:colcon.colcon_core.package_identification:_identify(log) by extension 'ignore'
[3.940s] Level 1:colcon.colcon_core.package_identification:_identify(log) ignored
[3.940s] Level 1:colcon.colcon_core.package_identification:_identify(src) by extensions ['ignore', 'ignore_ament_install']
[3.940s] Level 1:colcon.colcon_core.package_identification:_identify(src) by extension 'ignore'
[3.940s] Level 1:colcon.colcon_core.package_identification:_identify(src) by extension 'ignore_ament_install'
[3.940s] Level 1:colcon.colcon_core.package_identification:_identify(src) by extensions ['colcon_pkg']
[3.940s] Level 1:colcon.colcon_core.package_identification:_identify(src) by extension 'colcon_pkg'
[3.940s] Level 1:colcon.colcon_core.package_identification:_identify(src) by extensions ['colcon_meta']
[3.940s] Level 1:colcon.colcon_core.package_identification:_identify(src) by extension 'colcon_meta'
[3.940s] Level 1:colcon.colcon_core.package_identification:_identify(src) by extensions ['ros']
[3.940s] Level 1:colcon.colcon_core.package_identification:_identify(src) by extension 'ros'
[3.940s] Level 1:colcon.colcon_core.package_identification:_identify(src) by extensions ['cmake', 'python']
[3.940s] Level 1:colcon.colcon_core.package_identification:_identify(src) by extension 'cmake'
[3.941s] Level 1:colcon.colcon_core.package_identification:_identify(src) by extension 'python'
[3.941s] Level 1:colcon.colcon_core.package_identification:_identify(src) by extensions ['python_setup_py']
[3.941s] Level 1:colcon.colcon_core.package_identification:_identify(src) by extension 'python_setup_py'
[3.941s] Level 1:colcon.colcon_core.package_identification:_identify(src/hardware) by extensions ['ignore', 'ignore_ament_install']
[3.941s] Level 1:colcon.colcon_core.package_identification:_identify(src/hardware) by extension 'ignore'
[3.941s] Level 1:colcon.colcon_core.package_identification:_identify(src/hardware) by extension 'ignore_ament_install'
[3.941s] Level 1:colcon.colcon_core.package_identification:_identify(src/hardware) by extensions ['colcon_pkg']
[3.941s] Level 1:colcon.colcon_core.package_identification:_identify(src/hardware) by extension 'colcon_pkg'
[3.941s] Level 1:colcon.colcon_core.package_identification:_identify(src/hardware) by extensions ['colcon_meta']
[3.941s] Level 1:colcon.colcon_core.package_identification:_identify(src/hardware) by extension 'colcon_meta'
[3.941s] Level 1:colcon.colcon_core.package_identification:_identify(src/hardware) by extensions ['ros']
[3.941s] Level 1:colcon.colcon_core.package_identification:_identify(src/hardware) by extension 'ros'
[3.941s] Level 1:colcon.colcon_core.package_identification:_identify(src/hardware) by extensions ['cmake', 'python']
[3.942s] Level 1:colcon.colcon_core.package_identification:_identify(src/hardware) by extension 'cmake'
[3.942s] Level 1:colcon.colcon_core.package_identification:_identify(src/hardware) by extension 'python'
[3.942s] Level 1:colcon.colcon_core.package_identification:_identify(src/hardware) by extensions ['python_setup_py']
[3.942s] Level 1:colcon.colcon_core.package_identification:_identify(src/hardware) by extension 'python_setup_py'
[3.952s] Level 1:colcon.colcon_core.package_identification:_identify(src/hardware/realsense-ros) by extensions ['ignore', 'ignore_ament_install']
[3.952s] Level 1:colcon.colcon_core.package_identification:_identify(src/hardware/realsense-ros) by extension 'ignore'
[3.952s] Level 1:colcon.colcon_core.package_identification:_identify(src/hardware/realsense-ros) by extension 'ignore_ament_install'
[3.952s] Level 1:colcon.colcon_core.package_identification:_identify(src/hardware/realsense-ros) by extensions ['colcon_pkg']
[3.952s] Level 1:colcon.colcon_core.package_identification:_identify(src/hardware/realsense-ros) by extension 'colcon_pkg'
[3.952s] Level 1:colcon.colcon_core.package_identification:_identify(src/hardware/realsense-ros) by extensions ['colcon_meta']
[3.952s] Level 1:colcon.colcon_core.package_identification:_identify(src/hardware/realsense-ros) by extension 'colcon_meta'
[3.952s] Level 1:colcon.colcon_core.package_identification:_identify(src/hardware/realsense-ros) by extensions ['ros']
[3.953s] Level 1:colcon.colcon_core.package_identification:_identify(src/hardware/realsense-ros) by extension 'ros'
[3.953s] Level 1:colcon.colcon_core.package_identification:_identify(src/hardware/realsense-ros) by extensions ['cmake', 'python']
[3.953s] Level 1:colcon.colcon_core.package_identification:_identify(src/hardware/realsense-ros) by extension 'cmake'
[3.953s] Level 1:colcon.colcon_core.package_identification:_identify(src/hardware/realsense-ros) by extension 'python'
[3.953s] Level 1:colcon.colcon_core.package_identification:_identify(src/hardware/realsense-ros) by extensions ['python_setup_py']
[3.953s] Level 1:colcon.colcon_core.package_identification:_identify(src/hardware/realsense-ros) by extension 'python_setup_py'
[3.954s] Level 1:colcon.colcon_core.package_identification:_identify(src/hardware/realsense-ros/realsense2_camera) by extensions ['ignore', 'ignore_ament_install']
[3.954s] Level 1:colcon.colcon_core.package_identification:_identify(src/hardware/realsense-ros/realsense2_camera) by extension 'ignore'
[3.954s] Level 1:colcon.colcon_core.package_identification:_identify(src/hardware/realsense-ros/realsense2_camera) by extension 'ignore_ament_install'
[3.954s] Level 1:colcon.colcon_core.package_identification:_identify(src/hardware/realsense-ros/realsense2_camera) by extensions ['colcon_pkg']
[3.954s] Level 1:colcon.colcon_core.package_identification:_identify(src/hardware/realsense-ros/realsense2_camera) by extension 'colcon_pkg'
[3.954s] Level 1:colcon.colcon_core.package_identification:_identify(src/hardware/realsense-ros/realsense2_camera) by extensions ['colcon_meta']
[3.954s] Level 1:colcon.colcon_core.package_identification:_identify(src/hardware/realsense-ros/realsense2_camera) by extension 'colcon_meta'
[3.954s] Level 1:colcon.colcon_core.package_identification:_identify(src/hardware/realsense-ros/realsense2_camera) by extensions ['ros']
[3.954s] Level 1:colcon.colcon_core.package_identification:_identify(src/hardware/realsense-ros/realsense2_camera) by extension 'ros'
[4.036s] DEBUG:colcon.colcon_core.package_identification:Package 'src/hardware/realsense-ros/realsense2_camera' with type 'ros.ament_cmake' and name 'realsense2_camera'
[4.036s] Level 1:colcon.colcon_core.package_identification:_identify(src/hardware/realsense-ros/realsense2_camera_msgs) by extensions ['ignore', 'ignore_ament_install']
[4.036s] Level 1:colcon.colcon_core.package_identification:_identify(src/hardware/realsense-ros/realsense2_camera_msgs) by extension 'ignore'
[4.037s] Level 1:colcon.colcon_core.package_identification:_identify(src/hardware/realsense-ros/realsense2_camera_msgs) by extension 'ignore_ament_install'
[4.037s] Level 1:colcon.colcon_core.package_identification:_identify(src/hardware/realsense-ros/realsense2_camera_msgs) by extensions ['colcon_pkg']
[4.037s] Level 1:colcon.colcon_core.package_identification:_identify(src/hardware/realsense-ros/realsense2_camera_msgs) by extension 'colcon_pkg'
[4.037s] Level 1:colcon.colcon_core.package_identification:_identify(src/hardware/realsense-ros/realsense2_camera_msgs) by extensions ['colcon_meta']
[4.037s] Level 1:colcon.colcon_core.package_identification:_identify(src/hardware/realsense-ros/realsense2_camera_msgs) by extension 'colcon_meta'
[4.037s] Level 1:colcon.colcon_core.package_identification:_identify(src/hardware/realsense-ros/realsense2_camera_msgs) by extensions ['ros']
[4.037s] Level 1:colcon.colcon_core.package_identification:_identify(src/hardware/realsense-ros/realsense2_camera_msgs) by extension 'ros'
[4.059s] DEBUG:colcon.colcon_core.package_identification:Package 'src/hardware/realsense-ros/realsense2_camera_msgs' with type 'ros.ament_cmake' and name 'realsense2_camera_msgs'
[4.059s] Level 1:colcon.colcon_core.package_identification:_identify(src/hardware/realsense-ros/realsense2_description) by extensions ['ignore', 'ignore_ament_install']
[4.059s] Level 1:colcon.colcon_core.package_identification:_identify(src/hardware/realsense-ros/realsense2_description) by extension 'ignore'
[4.059s] Level 1:colcon.colcon_core.package_identification:_identify(src/hardware/realsense-ros/realsense2_description) by extension 'ignore_ament_install'
[4.060s] Level 1:colcon.colcon_core.package_identification:_identify(src/hardware/realsense-ros/realsense2_description) by extensions ['colcon_pkg']
[4.060s] Level 1:colcon.colcon_core.package_identification:_identify(src/hardware/realsense-ros/realsense2_description) by extension 'colcon_pkg'
[4.060s] Level 1:colcon.colcon_core.package_identification:_identify(src/hardware/realsense-ros/realsense2_description) by extensions ['colcon_meta']
[4.060s] Level 1:colcon.colcon_core.package_identification:_identify(src/hardware/realsense-ros/realsense2_description) by extension 'colcon_meta'
[4.060s] Level 1:colcon.colcon_core.package_identification:_identify(src/hardware/realsense-ros/realsense2_description) by extensions ['ros']
[4.060s] Level 1:colcon.colcon_core.package_identification:_identify(src/hardware/realsense-ros/realsense2_description) by extension 'ros'
[4.071s] DEBUG:colcon.colcon_core.package_identification:Package 'src/hardware/realsense-ros/realsense2_description' with type 'ros.ament_cmake' and name 'realsense2_description'
[4.072s] Level 1:colcon.colcon_core.package_identification:_identify(src/hardware/realsense-ros/realsense2_rgbd_plugin) by extensions ['ignore', 'ignore_ament_install']
[4.072s] Level 1:colcon.colcon_core.package_identification:_identify(src/hardware/realsense-ros/realsense2_rgbd_plugin) by extension 'ignore'
[4.072s] Level 1:colcon.colcon_core.package_identification:_identify(src/hardware/realsense-ros/realsense2_rgbd_plugin) by extension 'ignore_ament_install'
[4.072s] Level 1:colcon.colcon_core.package_identification:_identify(src/hardware/realsense-ros/realsense2_rgbd_plugin) by extensions ['colcon_pkg']
[4.072s] Level 1:colcon.colcon_core.package_identification:_identify(src/hardware/realsense-ros/realsense2_rgbd_plugin) by extension 'colcon_pkg'
[4.072s] Level 1:colcon.colcon_core.package_identification:_identify(src/hardware/realsense-ros/realsense2_rgbd_plugin) by extensions ['colcon_meta']
[4.072s] Level 1:colcon.colcon_core.package_identification:_identify(src/hardware/realsense-ros/realsense2_rgbd_plugin) by extension 'colcon_meta'
[4.072s] Level 1:colcon.colcon_core.package_identification:_identify(src/hardware/realsense-ros/realsense2_rgbd_plugin) by extensions ['ros']
[4.072s] Level 1:colcon.colcon_core.package_identification:_identify(src/hardware/realsense-ros/realsense2_rgbd_plugin) by extension 'ros'
[4.072s] Level 1:colcon.colcon_core.package_identification:_identify(src/hardware/realsense-ros/realsense2_rgbd_plugin) ignored
[4.073s] Level 1:colcon.colcon_core.package_identification:_identify(src/hardware/realsense-ros/realsense2_ros_mqtt_bridge) by extensions ['ignore', 'ignore_ament_install']
[4.073s] Level 1:colcon.colcon_core.package_identification:_identify(src/hardware/realsense-ros/realsense2_ros_mqtt_bridge) by extension 'ignore'
[4.073s] Level 1:colcon.colcon_core.package_identification:_identify(src/hardware/realsense-ros/realsense2_ros_mqtt_bridge) by extension 'ignore_ament_install'
[4.073s] Level 1:colcon.colcon_core.package_identification:_identify(src/hardware/realsense-ros/realsense2_ros_mqtt_bridge) by extensions ['colcon_pkg']
[4.073s] Level 1:colcon.colcon_core.package_identification:_identify(src/hardware/realsense-ros/realsense2_ros_mqtt_bridge) by extension 'colcon_pkg'
[4.073s] Level 1:colcon.colcon_core.package_identification:_identify(src/hardware/realsense-ros/realsense2_ros_mqtt_bridge) by extensions ['colcon_meta']
[4.074s] Level 1:colcon.colcon_core.package_identification:_identify(src/hardware/realsense-ros/realsense2_ros_mqtt_bridge) by extension 'colcon_meta'
[4.074s] Level 1:colcon.colcon_core.package_identification:_identify(src/hardware/realsense-ros/realsense2_ros_mqtt_bridge) by extensions ['ros']
[4.074s] Level 1:colcon.colcon_core.package_identification:_identify(src/hardware/realsense-ros/realsense2_ros_mqtt_bridge) by extension 'ros'
[4.074s] Level 1:colcon.colcon_core.package_identification:_identify(src/hardware/realsense-ros/realsense2_ros_mqtt_bridge) ignored
[4.074s] Level 1:colcon.colcon_core.package_identification:_identify(src/hardware/realsense-ros/res) by extensions ['ignore', 'ignore_ament_install']
[4.074s] Level 1:colcon.colcon_core.package_identification:_identify(src/hardware/realsense-ros/res) by extension 'ignore'
[4.074s] Level 1:colcon.colcon_core.package_identification:_identify(src/hardware/realsense-ros/res) by extension 'ignore_ament_install'
[4.075s] Level 1:colcon.colcon_core.package_identification:_identify(src/hardware/realsense-ros/res) by extensions ['colcon_pkg']
[4.075s] Level 1:colcon.colcon_core.package_identification:_identify(src/hardware/realsense-ros/res) by extension 'colcon_pkg'
[4.075s] Level 1:colcon.colcon_core.package_identification:_identify(src/hardware/realsense-ros/res) by extensions ['colcon_meta']
[4.075s] Level 1:colcon.colcon_core.package_identification:_identify(src/hardware/realsense-ros/res) by extension 'colcon_meta'
[4.075s] Level 1:colcon.colcon_core.package_identification:_identify(src/hardware/realsense-ros/res) by extensions ['ros']
[4.075s] Level 1:colcon.colcon_core.package_identification:_identify(src/hardware/realsense-ros/res) by extension 'ros'
[4.075s] Level 1:colcon.colcon_core.package_identification:_identify(src/hardware/realsense-ros/res) by extensions ['cmake', 'python']
[4.075s] Level 1:colcon.colcon_core.package_identification:_identify(src/hardware/realsense-ros/res) by extension 'cmake'
[4.075s] Level 1:colcon.colcon_core.package_identification:_identify(src/hardware/realsense-ros/res) by extension 'python'
[4.075s] Level 1:colcon.colcon_core.package_identification:_identify(src/hardware/realsense-ros/res) by extensions ['python_setup_py']
[4.075s] Level 1:colcon.colcon_core.package_identification:_identify(src/hardware/realsense-ros/res) by extension 'python_setup_py'
[4.076s] Level 1:colcon.colcon_core.package_identification:_identify(src/hardware/realsense-ros/scripts) by extensions ['ignore', 'ignore_ament_install']
[4.076s] Level 1:colcon.colcon_core.package_identification:_identify(src/hardware/realsense-ros/scripts) by extension 'ignore'
[4.076s] Level 1:colcon.colcon_core.package_identification:_identify(src/hardware/realsense-ros/scripts) by extension 'ignore_ament_install'
[4.076s] Level 1:colcon.colcon_core.package_identification:_identify(src/hardware/realsense-ros/scripts) by extensions ['colcon_pkg']
[4.076s] Level 1:colcon.colcon_core.package_identification:_identify(src/hardware/realsense-ros/scripts) by extension 'colcon_pkg'
[4.076s] Level 1:colcon.colcon_core.package_identification:_identify(src/hardware/realsense-ros/scripts) by extensions ['colcon_meta']
[4.076s] Level 1:colcon.colcon_core.package_identification:_identify(src/hardware/realsense-ros/scripts) by extension 'colcon_meta'
[4.077s] Level 1:colcon.colcon_core.package_identification:_identify(src/hardware/realsense-ros/scripts) by extensions ['ros']
[4.077s] Level 1:colcon.colcon_core.package_identification:_identify(src/hardware/realsense-ros/scripts) by extension 'ros'
[4.077s] Level 1:colcon.colcon_core.package_identification:_identify(src/hardware/realsense-ros/scripts) by extensions ['cmake', 'python']
[4.077s] Level 1:colcon.colcon_core.package_identification:_identify(src/hardware/realsense-ros/scripts) by extension 'cmake'
[4.077s] Level 1:colcon.colcon_core.package_identification:_identify(src/hardware/realsense-ros/scripts) by extension 'python'
[4.077s] Level 1:colcon.colcon_core.package_identification:_identify(src/hardware/realsense-ros/scripts) by extensions ['python_setup_py']
[4.077s] Level 1:colcon.colcon_core.package_identification:_identify(src/hardware/realsense-ros/scripts) by extension 'python_setup_py'
[4.093s] Level 1:colcon.colcon_core.package_identification:_identify(src/hardware/uavcan_bridge) by extensions ['ignore', 'ignore_ament_install']
[4.093s] Level 1:colcon.colcon_core.package_identification:_identify(src/hardware/uavcan_bridge) by extension 'ignore'
[4.093s] Level 1:colcon.colcon_core.package_identification:_identify(src/hardware/uavcan_bridge) by extension 'ignore_ament_install'
[4.093s] Level 1:colcon.colcon_core.package_identification:_identify(src/hardware/uavcan_bridge) by extensions ['colcon_pkg']
[4.093s] Level 1:colcon.colcon_core.package_identification:_identify(src/hardware/uavcan_bridge) by extension 'colcon_pkg'
[4.093s] Level 1:colcon.colcon_core.package_identification:_identify(src/hardware/uavcan_bridge) by extensions ['colcon_meta']
[4.093s] Level 1:colcon.colcon_core.package_identification:_identify(src/hardware/uavcan_bridge) by extension 'colcon_meta'
[4.093s] Level 1:colcon.colcon_core.package_identification:_identify(src/hardware/uavcan_bridge) by extensions ['ros']
[4.093s] Level 1:colcon.colcon_core.package_identification:_identify(src/hardware/uavcan_bridge) by extension 'ros'
[4.106s] DEBUG:colcon.colcon_core.package_identification:Package 'src/hardware/uavcan_bridge' with type 'ros.ament_cmake' and name 'uavcan_bridge'
[4.106s] Level 1:colcon.colcon_core.package_identification:_identify(src/hardware/xsens_mti_driver) by extensions ['ignore', 'ignore_ament_install']
[4.107s] Level 1:colcon.colcon_core.package_identification:_identify(src/hardware/xsens_mti_driver) by extension 'ignore'
[4.107s] Level 1:colcon.colcon_core.package_identification:_identify(src/hardware/xsens_mti_driver) by extension 'ignore_ament_install'
[4.107s] Level 1:colcon.colcon_core.package_identification:_identify(src/hardware/xsens_mti_driver) by extensions ['colcon_pkg']
[4.107s] Level 1:colcon.colcon_core.package_identification:_identify(src/hardware/xsens_mti_driver) by extension 'colcon_pkg'
[4.107s] Level 1:colcon.colcon_core.package_identification:_identify(src/hardware/xsens_mti_driver) by extensions ['colcon_meta']
[4.107s] Level 1:colcon.colcon_core.package_identification:_identify(src/hardware/xsens_mti_driver) by extension 'colcon_meta'
[4.107s] Level 1:colcon.colcon_core.package_identification:_identify(src/hardware/xsens_mti_driver) by extensions ['ros']
[4.107s] Level 1:colcon.colcon_core.package_identification:_identify(src/hardware/xsens_mti_driver) by extension 'ros'
[4.107s] Level 1:colcon.colcon_core.package_identification:_identify(src/hardware/xsens_mti_driver) by extensions ['cmake', 'python']
[4.107s] Level 1:colcon.colcon_core.package_identification:_identify(src/hardware/xsens_mti_driver) by extension 'cmake'
[4.108s] Level 1:colcon.colcon_core.package_identification:_identify(src/hardware/xsens_mti_driver) by extension 'python'
[4.108s] Level 1:colcon.colcon_core.package_identification:_identify(src/hardware/xsens_mti_driver) by extensions ['python_setup_py']
[4.108s] Level 1:colcon.colcon_core.package_identification:_identify(src/hardware/xsens_mti_driver) by extension 'python_setup_py'
[4.108s] Level 1:colcon.colcon_core.package_identification:_identify(src/hardware/xsens_mti_driver/src) by extensions ['ignore', 'ignore_ament_install']
[4.108s] Level 1:colcon.colcon_core.package_identification:_identify(src/hardware/xsens_mti_driver/src) by extension 'ignore'
[4.108s] Level 1:colcon.colcon_core.package_identification:_identify(src/hardware/xsens_mti_driver/src) by extension 'ignore_ament_install'
[4.109s] Level 1:colcon.colcon_core.package_identification:_identify(src/hardware/xsens_mti_driver/src) by extensions ['colcon_pkg']
[4.109s] Level 1:colcon.colcon_core.package_identification:_identify(src/hardware/xsens_mti_driver/src) by extension 'colcon_pkg'
[4.109s] Level 1:colcon.colcon_core.package_identification:_identify(src/hardware/xsens_mti_driver/src) by extensions ['colcon_meta']
[4.109s] Level 1:colcon.colcon_core.package_identification:_identify(src/hardware/xsens_mti_driver/src) by extension 'colcon_meta'
[4.109s] Level 1:colcon.colcon_core.package_identification:_identify(src/hardware/xsens_mti_driver/src) by extensions ['ros']
[4.109s] Level 1:colcon.colcon_core.package_identification:_identify(src/hardware/xsens_mti_driver/src) by extension 'ros'
[4.109s] Level 1:colcon.colcon_core.package_identification:_identify(src/hardware/xsens_mti_driver/src) by extensions ['cmake', 'python']
[4.109s] Level 1:colcon.colcon_core.package_identification:_identify(src/hardware/xsens_mti_driver/src) by extension 'cmake'
[4.109s] Level 1:colcon.colcon_core.package_identification:_identify(src/hardware/xsens_mti_driver/src) by extension 'python'
[4.109s] Level 1:colcon.colcon_core.package_identification:_identify(src/hardware/xsens_mti_driver/src) by extensions ['python_setup_py']
[4.109s] Level 1:colcon.colcon_core.package_identification:_identify(src/hardware/xsens_mti_driver/src) by extension 'python_setup_py'
[4.110s] Level 1:colcon.colcon_core.package_identification:_identify(src/hardware/xsens_mti_driver/src/ntrip) by extensions ['ignore', 'ignore_ament_install']
[4.110s] Level 1:colcon.colcon_core.package_identification:_identify(src/hardware/xsens_mti_driver/src/ntrip) by extension 'ignore'
[4.110s] Level 1:colcon.colcon_core.package_identification:_identify(src/hardware/xsens_mti_driver/src/ntrip) by extension 'ignore_ament_install'
[4.110s] Level 1:colcon.colcon_core.package_identification:_identify(src/hardware/xsens_mti_driver/src/ntrip) by extensions ['colcon_pkg']
[4.110s] Level 1:colcon.colcon_core.package_identification:_identify(src/hardware/xsens_mti_driver/src/ntrip) by extension 'colcon_pkg'
[4.110s] Level 1:colcon.colcon_core.package_identification:_identify(src/hardware/xsens_mti_driver/src/ntrip) by extensions ['colcon_meta']
[4.110s] Level 1:colcon.colcon_core.package_identification:_identify(src/hardware/xsens_mti_driver/src/ntrip) by extension 'colcon_meta'
[4.111s] Level 1:colcon.colcon_core.package_identification:_identify(src/hardware/xsens_mti_driver/src/ntrip) by extensions ['ros']
[4.111s] Level 1:colcon.colcon_core.package_identification:_identify(src/hardware/xsens_mti_driver/src/ntrip) by extension 'ros'
[4.130s] DEBUG:colcon.colcon_core.package_identification:Package 'src/hardware/xsens_mti_driver/src/ntrip' with type 'ros.ament_cmake' and name 'ntrip'
[4.130s] Level 1:colcon.colcon_core.package_identification:_identify(src/hardware/xsens_mti_driver/src/xsens_mti_ros2_driver) by extensions ['ignore', 'ignore_ament_install']
[4.131s] Level 1:colcon.colcon_core.package_identification:_identify(src/hardware/xsens_mti_driver/src/xsens_mti_ros2_driver) by extension 'ignore'
[4.131s] Level 1:colcon.colcon_core.package_identification:_identify(src/hardware/xsens_mti_driver/src/xsens_mti_ros2_driver) by extension 'ignore_ament_install'
[4.131s] Level 1:colcon.colcon_core.package_identification:_identify(src/hardware/xsens_mti_driver/src/xsens_mti_ros2_driver) by extensions ['colcon_pkg']
[4.131s] Level 1:colcon.colcon_core.package_identification:_identify(src/hardware/xsens_mti_driver/src/xsens_mti_ros2_driver) by extension 'colcon_pkg'
[4.131s] Level 1:colcon.colcon_core.package_identification:_identify(src/hardware/xsens_mti_driver/src/xsens_mti_ros2_driver) by extensions ['colcon_meta']
[4.131s] Level 1:colcon.colcon_core.package_identification:_identify(src/hardware/xsens_mti_driver/src/xsens_mti_ros2_driver) by extension 'colcon_meta'
[4.131s] Level 1:colcon.colcon_core.package_identification:_identify(src/hardware/xsens_mti_driver/src/xsens_mti_ros2_driver) by extensions ['ros']
[4.131s] Level 1:colcon.colcon_core.package_identification:_identify(src/hardware/xsens_mti_driver/src/xsens_mti_ros2_driver) by extension 'ros'
[4.164s] DEBUG:colcon.colcon_core.package_identification:Package 'src/hardware/xsens_mti_driver/src/xsens_mti_ros2_driver' with type 'ros.ament_cmake' and name 'xsens_mti_ros2_driver'
[4.164s] Level 1:colcon.colcon_core.package_identification:_identify(src/olive_networking) by extensions ['ignore', 'ignore_ament_install']
[4.164s] Level 1:colcon.colcon_core.package_identification:_identify(src/olive_networking) by extension 'ignore'
[4.164s] Level 1:colcon.colcon_core.package_identification:_identify(src/olive_networking) by extension 'ignore_ament_install'
[4.164s] Level 1:colcon.colcon_core.package_identification:_identify(src/olive_networking) by extensions ['colcon_pkg']
[4.164s] Level 1:colcon.colcon_core.package_identification:_identify(src/olive_networking) by extension 'colcon_pkg'
[4.164s] Level 1:colcon.colcon_core.package_identification:_identify(src/olive_networking) by extensions ['colcon_meta']
[4.164s] Level 1:colcon.colcon_core.package_identification:_identify(src/olive_networking) by extension 'colcon_meta'
[4.164s] Level 1:colcon.colcon_core.package_identification:_identify(src/olive_networking) by extensions ['ros']
[4.164s] Level 1:colcon.colcon_core.package_identification:_identify(src/olive_networking) by extension 'ros'
[4.165s] DEBUG:colcon.colcon_core.package_identification:Package 'src/olive_networking' with type 'ros.ament_cmake' and name 'olive_networking'
[4.165s] Level 1:colcon.colcon_core.package_identification:_identify(src/platform_bringup) by extensions ['ignore', 'ignore_ament_install']
[4.165s] Level 1:colcon.colcon_core.package_identification:_identify(src/platform_bringup) by extension 'ignore'
[4.165s] Level 1:colcon.colcon_core.package_identification:_identify(src/platform_bringup) by extension 'ignore_ament_install'
[4.165s] Level 1:colcon.colcon_core.package_identification:_identify(src/platform_bringup) by extensions ['colcon_pkg']
[4.165s] Level 1:colcon.colcon_core.package_identification:_identify(src/platform_bringup) by extension 'colcon_pkg'
[4.165s] Level 1:colcon.colcon_core.package_identification:_identify(src/platform_bringup) by extensions ['colcon_meta']
[4.165s] Level 1:colcon.colcon_core.package_identification:_identify(src/platform_bringup) by extension 'colcon_meta'
[4.165s] Level 1:colcon.colcon_core.package_identification:_identify(src/platform_bringup) by extensions ['ros']
[4.165s] Level 1:colcon.colcon_core.package_identification:_identify(src/platform_bringup) by extension 'ros'
[4.166s] DEBUG:colcon.colcon_core.package_identification:Package 'src/platform_bringup' with type 'ros.ament_cmake' and name 'platform_bringup'
[4.166s] Level 1:colcon.colcon_core.package_identification:_identify(src/platform_description) by extensions ['ignore', 'ignore_ament_install']
[4.166s] Level 1:colcon.colcon_core.package_identification:_identify(src/platform_description) by extension 'ignore'
[4.166s] Level 1:colcon.colcon_core.package_identification:_identify(src/platform_description) by extension 'ignore_ament_install'
[4.166s] Level 1:colcon.colcon_core.package_identification:_identify(src/platform_description) by extensions ['colcon_pkg']
[4.166s] Level 1:colcon.colcon_core.package_identification:_identify(src/platform_description) by extension 'colcon_pkg'
[4.166s] Level 1:colcon.colcon_core.package_identification:_identify(src/platform_description) by extensions ['colcon_meta']
[4.166s] Level 1:colcon.colcon_core.package_identification:_identify(src/platform_description) by extension 'colcon_meta'
[4.166s] Level 1:colcon.colcon_core.package_identification:_identify(src/platform_description) by extensions ['ros']
[4.166s] Level 1:colcon.colcon_core.package_identification:_identify(src/platform_description) by extension 'ros'
[4.166s] DEBUG:colcon.colcon_core.package_identification:Package 'src/platform_description' with type 'ros.ament_cmake' and name 'platform_description'
[4.167s] Level 1:colcon.colcon_core.package_identification:_identify(src/platform_interfaces) by extensions ['ignore', 'ignore_ament_install']
[4.167s] Level 1:colcon.colcon_core.package_identification:_identify(src/platform_interfaces) by extension 'ignore'
[4.167s] Level 1:colcon.colcon_core.package_identification:_identify(src/platform_interfaces) by extension 'ignore_ament_install'
[4.167s] Level 1:colcon.colcon_core.package_identification:_identify(src/platform_interfaces) by extensions ['colcon_pkg']
[4.167s] Level 1:colcon.colcon_core.package_identification:_identify(src/platform_interfaces) by extension 'colcon_pkg'
[4.167s] Level 1:colcon.colcon_core.package_identification:_identify(src/platform_interfaces) by extensions ['colcon_meta']
[4.167s] Level 1:colcon.colcon_core.package_identification:_identify(src/platform_interfaces) by extension 'colcon_meta'
[4.167s] Level 1:colcon.colcon_core.package_identification:_identify(src/platform_interfaces) by extensions ['ros']
[4.167s] Level 1:colcon.colcon_core.package_identification:_identify(src/platform_interfaces) by extension 'ros'
[4.167s] DEBUG:colcon.colcon_core.package_identification:Package 'src/platform_interfaces' with type 'ros.ament_cmake' and name 'platform_interfaces'
[4.168s] Level 1:colcon.colcon_core.package_identification:_identify(src/platform_processing) by extensions ['ignore', 'ignore_ament_install']
[4.168s] Level 1:colcon.colcon_core.package_identification:_identify(src/platform_processing) by extension 'ignore'
[4.168s] Level 1:colcon.colcon_core.package_identification:_identify(src/platform_processing) by extension 'ignore_ament_install'
[4.168s] Level 1:colcon.colcon_core.package_identification:_identify(src/platform_processing) by extensions ['colcon_pkg']
[4.168s] Level 1:colcon.colcon_core.package_identification:_identify(src/platform_processing) by extension 'colcon_pkg'
[4.168s] Level 1:colcon.colcon_core.package_identification:_identify(src/platform_processing) by extensions ['colcon_meta']
[4.168s] Level 1:colcon.colcon_core.package_identification:_identify(src/platform_processing) by extension 'colcon_meta'
[4.168s] Level 1:colcon.colcon_core.package_identification:_identify(src/platform_processing) by extensions ['ros']
[4.168s] Level 1:colcon.colcon_core.package_identification:_identify(src/platform_processing) by extension 'ros'
[4.169s] DEBUG:colcon.colcon_core.package_identification:Package 'src/platform_processing' with type 'ros.ament_cmake' and name 'platform_processing'
[4.169s] Level 1:colcon.colcon_core.package_discovery:discover_packages(recursive) using defaults
[4.169s] Level 1:colcon.colcon_core.package_discovery:discover_packages(ignore) discover
[4.169s] Level 1:colcon.colcon_core.package_discovery:discover_packages(ignore) using defaults
[4.169s] Level 1:colcon.colcon_core.package_discovery:discover_packages(path) discover
[4.169s] Level 1:colcon.colcon_core.package_discovery:discover_packages(path) using defaults
[4.440s] INFO:colcon.colcon_core.package_selection:Skipping not selected package 'ntrip' in 'src/hardware/xsens_mti_driver/src/ntrip'
[4.440s] INFO:colcon.colcon_core.package_selection:Skipping not selected package 'olive_networking' in 'src/olive_networking'
[4.440s] INFO:colcon.colcon_core.package_selection:Skipping not selected package 'platform_interfaces' in 'src/platform_interfaces'
[4.440s] INFO:colcon.colcon_core.package_selection:Skipping not selected package 'platform_processing' in 'src/platform_processing'
[4.440s] INFO:colcon.colcon_core.package_selection:Skipping not selected package 'realsense2_camera_msgs' in 'src/hardware/realsense-ros/realsense2_camera_msgs'
[4.440s] INFO:colcon.colcon_core.package_selection:Skipping not selected package 'uavcan_bridge' in 'src/hardware/uavcan_bridge'
[4.440s] INFO:colcon.colcon_core.package_selection:Skipping not selected package 'xsens_mti_ros2_driver' in 'src/hardware/xsens_mti_driver/src/xsens_mti_ros2_driver'
[4.440s] INFO:colcon.colcon_core.package_selection:Skipping not selected package 'realsense2_camera' in 'src/hardware/realsense-ros/realsense2_camera'
[4.440s] INFO:colcon.colcon_core.package_selection:Skipping not selected package 'realsense2_description' in 'src/hardware/realsense-ros/realsense2_description'
[4.440s] INFO:colcon.colcon_core.package_selection:Skipping not selected package 'platform_bringup' in 'src/platform_bringup'
[4.441s] Level 1:colcon.colcon_core.package_discovery:discover_packages(prefix_path) check parameters
[4.441s] Level 1:colcon.colcon_core.package_discovery:discover_packages(prefix_path) discover
[4.446s] DEBUG:colcon.colcon_installed_package_information.package_discovery:Found 291 installed packages in /opt/ros/humble
[4.449s] Level 1:colcon.colcon_core.package_discovery:discover_packages(prefix_path) using defaults
[4.545s] Level 5:colcon.colcon_core.verb:set package 'platform_description' build argument 'cmake_args' from command line to 'None'
[4.545s] Level 5:colcon.colcon_core.verb:set package 'platform_description' build argument 'cmake_target' from command line to 'None'
[4.545s] Level 5:colcon.colcon_core.verb:set package 'platform_description' build argument 'cmake_target_skip_unavailable' from command line to 'False'
[4.545s] Level 5:colcon.colcon_core.verb:set package 'platform_description' build argument 'cmake_clean_cache' from command line to 'False'
[4.545s] Level 5:colcon.colcon_core.verb:set package 'platform_description' build argument 'cmake_clean_first' from command line to 'False'
[4.545s] Level 5:colcon.colcon_core.verb:set package 'platform_description' build argument 'cmake_force_configure' from command line to 'False'
[4.545s] Level 5:colcon.colcon_core.verb:set package 'platform_description' build argument 'ament_cmake_args' from command line to 'None'
[4.545s] Level 5:colcon.colcon_core.verb:set package 'platform_description' build argument 'catkin_cmake_args' from command line to 'None'
[4.545s] Level 5:colcon.colcon_core.verb:set package 'platform_description' build argument 'catkin_skip_building_tests' from command line to 'False'
[4.545s] DEBUG:colcon.colcon_core.verb:Building package 'platform_description' with the following arguments: {'ament_cmake_args': None, 'build_base': '/home/student/sensor_platform_ws/build/platform_description', 'catkin_cmake_args': None, 'catkin_skip_building_tests': False, 'cmake_args': None, 'cmake_clean_cache': False, 'cmake_clean_first': False, 'cmake_force_configure': False, 'cmake_target': None, 'cmake_target_skip_unavailable': False, 'install_base': '/home/student/sensor_platform_ws/install/platform_description', 'merge_install': False, 'path': '/home/student/sensor_platform_ws/src/platform_description', 'symlink_install': True, 'test_result_base': None}
[4.545s] INFO:colcon.colcon_core.executor:Executing jobs using 'parallel' executor
[4.546s] DEBUG:colcon.colcon_parallel_executor.executor.parallel:run_until_complete
[4.547s] INFO:colcon.colcon_ros.task.ament_cmake.build:Building ROS package in '/home/student/sensor_platform_ws/src/platform_description' with build type 'ament_cmake'
[4.547s] INFO:colcon.colcon_cmake.task.cmake.build:Building CMake package in '/home/student/sensor_platform_ws/src/platform_description'
[4.589s] INFO:colcon.colcon_core.plugin_system:Skipping extension 'colcon_core.shell.bat': Not used on non-Windows systems
[4.589s] INFO:colcon.colcon_core.shell:Skip shell extension 'powershell' for command environment: Not usable outside of PowerShell
[4.589s] DEBUG:colcon.colcon_core.shell:Skip shell extension 'dsv' for command environment
[4.661s] DEBUG:colcon.colcon_core.event_handler.log_command:Invoking command in '/home/student/sensor_platform_ws/build/platform_description': CMAKE_PREFIX_PATH=/opt/ros/humble /usr/bin/cmake --build /home/student/sensor_platform_ws/build/platform_description -- -j8 -l8
[5.225s] DEBUG:colcon.colcon_core.event_handler.log_command:Invoked command in '/home/student/sensor_platform_ws/build/platform_description' returned '0': CMAKE_PREFIX_PATH=/opt/ros/humble /usr/bin/cmake --build /home/student/sensor_platform_ws/build/platform_description -- -j8 -l8
[5.298s] DEBUG:colcon.colcon_core.event_handler.log_command:Invoking command in '/home/student/sensor_platform_ws/build/platform_description': CMAKE_PREFIX_PATH=/opt/ros/humble /usr/bin/cmake --install /home/student/sensor_platform_ws/build/platform_description
[5.405s] Level 1:colcon.colcon_core.environment:create_environment_scripts_only(platform_description)
[5.407s] DEBUG:colcon.colcon_core.event_handler.log_command:Invoked command in '/home/student/sensor_platform_ws/build/platform_description' returned '0': CMAKE_PREFIX_PATH=/opt/ros/humble /usr/bin/cmake --install /home/student/sensor_platform_ws/build/platform_description
[5.493s] Level 1:colcon.colcon_core.environment:checking '/home/student/sensor_platform_ws/install/platform_description' for CMake module files
[5.495s] Level 1:colcon.colcon_core.environment:checking '/home/student/sensor_platform_ws/install/platform_description' for CMake config files
[5.497s] Level 1:colcon.colcon_core.shell:create_environment_hook('platform_description', 'cmake_prefix_path')
[5.498s] INFO:colcon.colcon_core.shell:Creating environment hook '/home/student/sensor_platform_ws/install/platform_description/share/platform_description/hook/cmake_prefix_path.ps1'
[5.511s] INFO:colcon.colcon_core.shell:Creating environment descriptor '/home/student/sensor_platform_ws/install/platform_description/share/platform_description/hook/cmake_prefix_path.dsv'
[5.521s] INFO:colcon.colcon_core.shell:Creating environment hook '/home/student/sensor_platform_ws/install/platform_description/share/platform_description/hook/cmake_prefix_path.sh'
[5.524s] Level 1:colcon.colcon_core.environment:checking '/home/student/sensor_platform_ws/install/platform_description/bin'
[5.525s] Level 1:colcon.colcon_core.environment:checking '/home/student/sensor_platform_ws/install/platform_description/lib/pkgconfig/platform_description.pc'
[5.526s] Level 1:colcon.colcon_core.environment:checking '/home/student/sensor_platform_ws/install/platform_description/lib/python3.10/site-packages'
[5.527s] Level 1:colcon.colcon_core.environment:checking '/home/student/sensor_platform_ws/install/platform_description/bin'
[5.528s] INFO:colcon.colcon_core.shell:Creating package script '/home/student/sensor_platform_ws/install/platform_description/share/platform_description/package.ps1'
[5.533s] INFO:colcon.colcon_core.shell:Creating package descriptor '/home/student/sensor_platform_ws/install/platform_description/share/platform_description/package.dsv'
[5.535s] INFO:colcon.colcon_core.shell:Creating package script '/home/student/sensor_platform_ws/install/platform_description/share/platform_description/package.sh'
[5.537s] INFO:colcon.colcon_core.shell:Creating package script '/home/student/sensor_platform_ws/install/platform_description/share/platform_description/package.bash'
[5.549s] INFO:colcon.colcon_core.shell:Creating package script '/home/student/sensor_platform_ws/install/platform_description/share/platform_description/package.zsh'
[5.558s] Level 1:colcon.colcon_core.environment:create_file_with_runtime_dependencies(/home/student/sensor_platform_ws/install/platform_description/share/colcon-core/packages/platform_description)
[5.559s] Level 1:colcon.colcon_core.environment:create_environment_scripts_only(platform_description)
[5.560s] Level 1:colcon.colcon_core.environment:checking '/home/student/sensor_platform_ws/install/platform_description' for CMake module files
[5.561s] Level 1:colcon.colcon_core.environment:checking '/home/student/sensor_platform_ws/install/platform_description' for CMake config files
[5.561s] Level 1:colcon.colcon_core.shell:create_environment_hook('platform_description', 'cmake_prefix_path')
[5.562s] INFO:colcon.colcon_core.shell:Creating environment hook '/home/student/sensor_platform_ws/install/platform_description/share/platform_description/hook/cmake_prefix_path.ps1'
[5.562s] INFO:colcon.colcon_core.shell:Creating environment descriptor '/home/student/sensor_platform_ws/install/platform_description/share/platform_description/hook/cmake_prefix_path.dsv'
[5.563s] INFO:colcon.colcon_core.shell:Creating environment hook '/home/student/sensor_platform_ws/install/platform_description/share/platform_description/hook/cmake_prefix_path.sh'
[5.564s] Level 1:colcon.colcon_core.environment:checking '/home/student/sensor_platform_ws/install/platform_description/bin'
[5.564s] Level 1:colcon.colcon_core.environment:checking '/home/student/sensor_platform_ws/install/platform_description/lib/pkgconfig/platform_description.pc'
[5.565s] Level 1:colcon.colcon_core.environment:checking '/home/student/sensor_platform_ws/install/platform_description/lib/python3.10/site-packages'
[5.565s] Level 1:colcon.colcon_core.environment:checking '/home/student/sensor_platform_ws/install/platform_description/bin'
[5.566s] INFO:colcon.colcon_core.shell:Creating package script '/home/student/sensor_platform_ws/install/platform_description/share/platform_description/package.ps1'
[5.567s] INFO:colcon.colcon_core.shell:Creating package descriptor '/home/student/sensor_platform_ws/install/platform_description/share/platform_description/package.dsv'
[5.568s] INFO:colcon.colcon_core.shell:Creating package script '/home/student/sensor_platform_ws/install/platform_description/share/platform_description/package.sh'
[5.569s] INFO:colcon.colcon_core.shell:Creating package script '/home/student/sensor_platform_ws/install/platform_description/share/platform_description/package.bash'
[5.570s] INFO:colcon.colcon_core.shell:Creating package script '/home/student/sensor_platform_ws/install/platform_description/share/platform_description/package.zsh'
[5.571s] Level 1:colcon.colcon_core.environment:create_file_with_runtime_dependencies(/home/student/sensor_platform_ws/install/platform_description/share/colcon-core/packages/platform_description)
[5.571s] DEBUG:colcon.colcon_parallel_executor.executor.parallel:closing loop
[5.572s] DEBUG:colcon.colcon_parallel_executor.executor.parallel:loop closed
[5.572s] DEBUG:colcon.colcon_parallel_executor.executor.parallel:run_until_complete finished with '0'
[5.572s] DEBUG:colcon.colcon_core.event_reactor:joining thread
[5.666s] INFO:colcon.colcon_core.plugin_system:Skipping extension 'colcon_notification.desktop_notification.terminal_notifier': Not used on non-Darwin systems
[5.666s] INFO:colcon.colcon_core.plugin_system:Skipping extension 'colcon_notification.desktop_notification.win32': Not used on non-Windows systems
[5.666s] INFO:colcon.colcon_notification.desktop_notification:Sending desktop notification using 'notify2'
[5.705s] DEBUG:colcon.colcon_core.event_reactor:joined thread
[5.706s] INFO:colcon.colcon_core.shell:Creating prefix script '/home/student/sensor_platform_ws/install/local_setup.ps1'
[5.708s] INFO:colcon.colcon_core.shell:Creating prefix util module '/home/student/sensor_platform_ws/install/_local_setup_util_ps1.py'
[5.714s] INFO:colcon.colcon_core.shell:Creating prefix chain script '/home/student/sensor_platform_ws/install/setup.ps1'
[5.715s] INFO:colcon.colcon_core.shell:Creating prefix script '/home/student/sensor_platform_ws/install/local_setup.sh'
[5.717s] INFO:colcon.colcon_core.shell:Creating prefix util module '/home/student/sensor_platform_ws/install/_local_setup_util_sh.py'
[5.718s] INFO:colcon.colcon_core.shell:Creating prefix chain script '/home/student/sensor_platform_ws/install/setup.sh'
[5.719s] INFO:colcon.colcon_core.shell:Creating prefix script '/home/student/sensor_platform_ws/install/local_setup.bash'
[5.720s] INFO:colcon.colcon_core.shell:Creating prefix chain script '/home/student/sensor_platform_ws/install/setup.bash'
[5.722s] INFO:colcon.colcon_core.shell:Creating prefix script '/home/student/sensor_platform_ws/install/local_setup.zsh'
[5.724s] INFO:colcon.colcon_core.shell:Creating prefix chain script '/home/student/sensor_platform_ws/install/setup.zsh'
