[0.080s] DEBUG:colcon:Command line arguments: ['/usr/bin/colcon', 'build', '--packages-select', 'uavcan_bridge', '--symlink-install']
[0.080s] DEBUG:colcon:Parsed command line arguments: Namespace(log_base=None, log_level=None, verb_name='build', build_base='build', install_base='install', merge_install=False, symlink_install=True, test_result_base=None, continue_on_error=False, executor='parallel', parallel_workers=8, event_handlers=None, ignore_user_meta=False, metas=['./colcon.meta'], base_paths=['.'], packages_ignore=None, packages_ignore_regex=None, paths=None, packages_up_to=None, packages_up_to_regex=None, packages_above=None, packages_above_and_dependencies=None, packages_above_depth=None, packages_select_by_dep=None, packages_skip_by_dep=None, packages_skip_up_to=None, packages_select_build_failed=False, packages_skip_build_finished=False, packages_select_test_failures=False, packages_skip_test_passed=False, packages_select=['uavcan_bridge'], packages_skip=None, packages_select_regex=None, packages_skip_regex=None, packages_start=None, packages_end=None, allow_overriding=[], cmake_args=None, cmake_target=None, cmake_target_skip_unavailable=False, cmake_clean_cache=False, cmake_clean_first=False, cmake_force_configure=False, ament_cmake_args=None, catkin_cmake_args=None, catkin_skip_building_tests=False, verb_parser=<colcon_defaults.argument_parser.defaults.DefaultArgumentsDecorator object at 0x75f2d0864b20>, verb_extension=<colcon_core.verb.build.BuildVerb object at 0x75f2d09e5210>, main=<bound method BuildVerb.main of <colcon_core.verb.build.BuildVerb object at 0x75f2d09e5210>>)
[0.211s] Level 1:colcon.colcon_core.package_discovery:discover_packages(colcon_meta) check parameters
[0.211s] Level 1:colcon.colcon_core.package_discovery:discover_packages(recursive) check parameters
[0.211s] Level 1:colcon.colcon_core.package_discovery:discover_packages(ignore) check parameters
[0.211s] Level 1:colcon.colcon_core.package_discovery:discover_packages(path) check parameters
[0.211s] Level 1:colcon.colcon_core.package_discovery:discover_packages(colcon_meta) discover
[0.211s] Level 1:colcon.colcon_core.package_discovery:discover_packages(recursive) discover
[0.211s] INFO:colcon.colcon_core.package_discovery:Crawling recursively for packages in '/home/student/sensor_platform_ws'
[0.211s] Level 1:colcon.colcon_core.package_identification:_identify(.) by extensions ['ignore', 'ignore_ament_install']
[0.211s] Level 1:colcon.colcon_core.package_identification:_identify(.) by extension 'ignore'
[0.211s] Level 1:colcon.colcon_core.package_identification:_identify(.) by extension 'ignore_ament_install'
[0.211s] Level 1:colcon.colcon_core.package_identification:_identify(.) by extensions ['colcon_pkg']
[0.211s] Level 1:colcon.colcon_core.package_identification:_identify(.) by extension 'colcon_pkg'
[0.211s] Level 1:colcon.colcon_core.package_identification:_identify(.) by extensions ['colcon_meta']
[0.211s] Level 1:colcon.colcon_core.package_identification:_identify(.) by extension 'colcon_meta'
[0.211s] Level 1:colcon.colcon_core.package_identification:_identify(.) by extensions ['ros']
[0.211s] Level 1:colcon.colcon_core.package_identification:_identify(.) by extension 'ros'
[0.220s] Level 1:colcon.colcon_core.package_identification:_identify(.) by extensions ['cmake', 'python']
[0.220s] Level 1:colcon.colcon_core.package_identification:_identify(.) by extension 'cmake'
[0.220s] Level 1:colcon.colcon_core.package_identification:_identify(.) by extension 'python'
[0.220s] Level 1:colcon.colcon_core.package_identification:_identify(.) by extensions ['python_setup_py']
[0.220s] Level 1:colcon.colcon_core.package_identification:_identify(.) by extension 'python_setup_py'
[0.220s] Level 1:colcon.colcon_core.package_identification:_identify(build) by extensions ['ignore', 'ignore_ament_install']
[0.220s] Level 1:colcon.colcon_core.package_identification:_identify(build) by extension 'ignore'
[0.220s] Level 1:colcon.colcon_core.package_identification:_identify(build) ignored
[0.220s] Level 1:colcon.colcon_core.package_identification:_identify(dronecan_env) by extensions ['ignore', 'ignore_ament_install']
[0.220s] Level 1:colcon.colcon_core.package_identification:_identify(dronecan_env) by extension 'ignore'
[0.220s] Level 1:colcon.colcon_core.package_identification:_identify(dronecan_env) ignored
[0.221s] Level 1:colcon.colcon_core.package_identification:_identify(install) by extensions ['ignore', 'ignore_ament_install']
[0.221s] Level 1:colcon.colcon_core.package_identification:_identify(install) by extension 'ignore'
[0.221s] Level 1:colcon.colcon_core.package_identification:_identify(install) ignored
[0.221s] Level 1:colcon.colcon_core.package_identification:_identify(log) by extensions ['ignore', 'ignore_ament_install']
[0.221s] Level 1:colcon.colcon_core.package_identification:_identify(log) by extension 'ignore'
[0.221s] Level 1:colcon.colcon_core.package_identification:_identify(log) ignored
[0.221s] Level 1:colcon.colcon_core.package_identification:_identify(src) by extensions ['ignore', 'ignore_ament_install']
[0.221s] Level 1:colcon.colcon_core.package_identification:_identify(src) by extension 'ignore'
[0.221s] Level 1:colcon.colcon_core.package_identification:_identify(src) by extension 'ignore_ament_install'
[0.221s] Level 1:colcon.colcon_core.package_identification:_identify(src) by extensions ['colcon_pkg']
[0.221s] Level 1:colcon.colcon_core.package_identification:_identify(src) by extension 'colcon_pkg'
[0.221s] Level 1:colcon.colcon_core.package_identification:_identify(src) by extensions ['colcon_meta']
[0.221s] Level 1:colcon.colcon_core.package_identification:_identify(src) by extension 'colcon_meta'
[0.221s] Level 1:colcon.colcon_core.package_identification:_identify(src) by extensions ['ros']
[0.221s] Level 1:colcon.colcon_core.package_identification:_identify(src) by extension 'ros'
[0.221s] Level 1:colcon.colcon_core.package_identification:_identify(src) by extensions ['cmake', 'python']
[0.221s] Level 1:colcon.colcon_core.package_identification:_identify(src) by extension 'cmake'
[0.221s] Level 1:colcon.colcon_core.package_identification:_identify(src) by extension 'python'
[0.221s] Level 1:colcon.colcon_core.package_identification:_identify(src) by extensions ['python_setup_py']
[0.221s] Level 1:colcon.colcon_core.package_identification:_identify(src) by extension 'python_setup_py'
[0.221s] Level 1:colcon.colcon_core.package_identification:_identify(src/hardware) by extensions ['ignore', 'ignore_ament_install']
[0.221s] Level 1:colcon.colcon_core.package_identification:_identify(src/hardware) by extension 'ignore'
[0.222s] Level 1:colcon.colcon_core.package_identification:_identify(src/hardware) by extension 'ignore_ament_install'
[0.222s] Level 1:colcon.colcon_core.package_identification:_identify(src/hardware) by extensions ['colcon_pkg']
[0.222s] Level 1:colcon.colcon_core.package_identification:_identify(src/hardware) by extension 'colcon_pkg'
[0.222s] Level 1:colcon.colcon_core.package_identification:_identify(src/hardware) by extensions ['colcon_meta']
[0.222s] Level 1:colcon.colcon_core.package_identification:_identify(src/hardware) by extension 'colcon_meta'
[0.222s] Level 1:colcon.colcon_core.package_identification:_identify(src/hardware) by extensions ['ros']
[0.222s] Level 1:colcon.colcon_core.package_identification:_identify(src/hardware) by extension 'ros'
[0.222s] Level 1:colcon.colcon_core.package_identification:_identify(src/hardware) by extensions ['cmake', 'python']
[0.222s] Level 1:colcon.colcon_core.package_identification:_identify(src/hardware) by extension 'cmake'
[0.222s] Level 1:colcon.colcon_core.package_identification:_identify(src/hardware) by extension 'python'
[0.222s] Level 1:colcon.colcon_core.package_identification:_identify(src/hardware) by extensions ['python_setup_py']
[0.222s] Level 1:colcon.colcon_core.package_identification:_identify(src/hardware) by extension 'python_setup_py'
[0.222s] Level 1:colcon.colcon_core.package_identification:_identify(src/hardware/realsense-ros) by extensions ['ignore', 'ignore_ament_install']
[0.222s] Level 1:colcon.colcon_core.package_identification:_identify(src/hardware/realsense-ros) by extension 'ignore'
[0.222s] Level 1:colcon.colcon_core.package_identification:_identify(src/hardware/realsense-ros) by extension 'ignore_ament_install'
[0.222s] Level 1:colcon.colcon_core.package_identification:_identify(src/hardware/realsense-ros) by extensions ['colcon_pkg']
[0.222s] Level 1:colcon.colcon_core.package_identification:_identify(src/hardware/realsense-ros) by extension 'colcon_pkg'
[0.222s] Level 1:colcon.colcon_core.package_identification:_identify(src/hardware/realsense-ros) by extensions ['colcon_meta']
[0.222s] Level 1:colcon.colcon_core.package_identification:_identify(src/hardware/realsense-ros) by extension 'colcon_meta'
[0.222s] Level 1:colcon.colcon_core.package_identification:_identify(src/hardware/realsense-ros) by extensions ['ros']
[0.222s] Level 1:colcon.colcon_core.package_identification:_identify(src/hardware/realsense-ros) by extension 'ros'
[0.222s] Level 1:colcon.colcon_core.package_identification:_identify(src/hardware/realsense-ros) by extensions ['cmake', 'python']
[0.222s] Level 1:colcon.colcon_core.package_identification:_identify(src/hardware/realsense-ros) by extension 'cmake'
[0.222s] Level 1:colcon.colcon_core.package_identification:_identify(src/hardware/realsense-ros) by extension 'python'
[0.222s] Level 1:colcon.colcon_core.package_identification:_identify(src/hardware/realsense-ros) by extensions ['python_setup_py']
[0.222s] Level 1:colcon.colcon_core.package_identification:_identify(src/hardware/realsense-ros) by extension 'python_setup_py'
[0.223s] Level 1:colcon.colcon_core.package_identification:_identify(src/hardware/realsense-ros/realsense2_camera) by extensions ['ignore', 'ignore_ament_install']
[0.223s] Level 1:colcon.colcon_core.package_identification:_identify(src/hardware/realsense-ros/realsense2_camera) by extension 'ignore'
[0.223s] Level 1:colcon.colcon_core.package_identification:_identify(src/hardware/realsense-ros/realsense2_camera) by extension 'ignore_ament_install'
[0.223s] Level 1:colcon.colcon_core.package_identification:_identify(src/hardware/realsense-ros/realsense2_camera) by extensions ['colcon_pkg']
[0.223s] Level 1:colcon.colcon_core.package_identification:_identify(src/hardware/realsense-ros/realsense2_camera) by extension 'colcon_pkg'
[0.223s] Level 1:colcon.colcon_core.package_identification:_identify(src/hardware/realsense-ros/realsense2_camera) by extensions ['colcon_meta']
[0.223s] Level 1:colcon.colcon_core.package_identification:_identify(src/hardware/realsense-ros/realsense2_camera) by extension 'colcon_meta'
[0.223s] Level 1:colcon.colcon_core.package_identification:_identify(src/hardware/realsense-ros/realsense2_camera) by extensions ['ros']
[0.223s] Level 1:colcon.colcon_core.package_identification:_identify(src/hardware/realsense-ros/realsense2_camera) by extension 'ros'
[0.229s] DEBUG:colcon.colcon_core.package_identification:Package 'src/hardware/realsense-ros/realsense2_camera' with type 'ros.ament_cmake' and name 'realsense2_camera'
[0.229s] Level 1:colcon.colcon_core.package_identification:_identify(src/hardware/realsense-ros/realsense2_camera_msgs) by extensions ['ignore', 'ignore_ament_install']
[0.229s] Level 1:colcon.colcon_core.package_identification:_identify(src/hardware/realsense-ros/realsense2_camera_msgs) by extension 'ignore'
[0.229s] Level 1:colcon.colcon_core.package_identification:_identify(src/hardware/realsense-ros/realsense2_camera_msgs) by extension 'ignore_ament_install'
[0.229s] Level 1:colcon.colcon_core.package_identification:_identify(src/hardware/realsense-ros/realsense2_camera_msgs) by extensions ['colcon_pkg']
[0.229s] Level 1:colcon.colcon_core.package_identification:_identify(src/hardware/realsense-ros/realsense2_camera_msgs) by extension 'colcon_pkg'
[0.229s] Level 1:colcon.colcon_core.package_identification:_identify(src/hardware/realsense-ros/realsense2_camera_msgs) by extensions ['colcon_meta']
[0.229s] Level 1:colcon.colcon_core.package_identification:_identify(src/hardware/realsense-ros/realsense2_camera_msgs) by extension 'colcon_meta'
[0.230s] Level 1:colcon.colcon_core.package_identification:_identify(src/hardware/realsense-ros/realsense2_camera_msgs) by extensions ['ros']
[0.230s] Level 1:colcon.colcon_core.package_identification:_identify(src/hardware/realsense-ros/realsense2_camera_msgs) by extension 'ros'
[0.230s] DEBUG:colcon.colcon_core.package_identification:Package 'src/hardware/realsense-ros/realsense2_camera_msgs' with type 'ros.ament_cmake' and name 'realsense2_camera_msgs'
[0.230s] Level 1:colcon.colcon_core.package_identification:_identify(src/hardware/realsense-ros/realsense2_description) by extensions ['ignore', 'ignore_ament_install']
[0.230s] Level 1:colcon.colcon_core.package_identification:_identify(src/hardware/realsense-ros/realsense2_description) by extension 'ignore'
[0.230s] Level 1:colcon.colcon_core.package_identification:_identify(src/hardware/realsense-ros/realsense2_description) by extension 'ignore_ament_install'
[0.230s] Level 1:colcon.colcon_core.package_identification:_identify(src/hardware/realsense-ros/realsense2_description) by extensions ['colcon_pkg']
[0.230s] Level 1:colcon.colcon_core.package_identification:_identify(src/hardware/realsense-ros/realsense2_description) by extension 'colcon_pkg'
[0.230s] Level 1:colcon.colcon_core.package_identification:_identify(src/hardware/realsense-ros/realsense2_description) by extensions ['colcon_meta']
[0.230s] Level 1:colcon.colcon_core.package_identification:_identify(src/hardware/realsense-ros/realsense2_description) by extension 'colcon_meta'
[0.230s] Level 1:colcon.colcon_core.package_identification:_identify(src/hardware/realsense-ros/realsense2_description) by extensions ['ros']
[0.230s] Level 1:colcon.colcon_core.package_identification:_identify(src/hardware/realsense-ros/realsense2_description) by extension 'ros'
[0.231s] DEBUG:colcon.colcon_core.package_identification:Package 'src/hardware/realsense-ros/realsense2_description' with type 'ros.ament_cmake' and name 'realsense2_description'
[0.231s] Level 1:colcon.colcon_core.package_identification:_identify(src/hardware/realsense-ros/realsense2_rgbd_plugin) by extensions ['ignore', 'ignore_ament_install']
[0.231s] Level 1:colcon.colcon_core.package_identification:_identify(src/hardware/realsense-ros/realsense2_rgbd_plugin) by extension 'ignore'
[0.231s] Level 1:colcon.colcon_core.package_identification:_identify(src/hardware/realsense-ros/realsense2_rgbd_plugin) by extension 'ignore_ament_install'
[0.231s] Level 1:colcon.colcon_core.package_identification:_identify(src/hardware/realsense-ros/realsense2_rgbd_plugin) by extensions ['colcon_pkg']
[0.231s] Level 1:colcon.colcon_core.package_identification:_identify(src/hardware/realsense-ros/realsense2_rgbd_plugin) by extension 'colcon_pkg'
[0.231s] Level 1:colcon.colcon_core.package_identification:_identify(src/hardware/realsense-ros/realsense2_rgbd_plugin) by extensions ['colcon_meta']
[0.231s] Level 1:colcon.colcon_core.package_identification:_identify(src/hardware/realsense-ros/realsense2_rgbd_plugin) by extension 'colcon_meta'
[0.232s] Level 1:colcon.colcon_core.package_identification:_identify(src/hardware/realsense-ros/realsense2_rgbd_plugin) by extensions ['ros']
[0.232s] Level 1:colcon.colcon_core.package_identification:_identify(src/hardware/realsense-ros/realsense2_rgbd_plugin) by extension 'ros'
[0.232s] Level 1:colcon.colcon_core.package_identification:_identify(src/hardware/realsense-ros/realsense2_rgbd_plugin) ignored
[0.232s] Level 1:colcon.colcon_core.package_identification:_identify(src/hardware/realsense-ros/realsense2_ros_mqtt_bridge) by extensions ['ignore', 'ignore_ament_install']
[0.232s] Level 1:colcon.colcon_core.package_identification:_identify(src/hardware/realsense-ros/realsense2_ros_mqtt_bridge) by extension 'ignore'
[0.232s] Level 1:colcon.colcon_core.package_identification:_identify(src/hardware/realsense-ros/realsense2_ros_mqtt_bridge) by extension 'ignore_ament_install'
[0.232s] Level 1:colcon.colcon_core.package_identification:_identify(src/hardware/realsense-ros/realsense2_ros_mqtt_bridge) by extensions ['colcon_pkg']
[0.232s] Level 1:colcon.colcon_core.package_identification:_identify(src/hardware/realsense-ros/realsense2_ros_mqtt_bridge) by extension 'colcon_pkg'
[0.232s] Level 1:colcon.colcon_core.package_identification:_identify(src/hardware/realsense-ros/realsense2_ros_mqtt_bridge) by extensions ['colcon_meta']
[0.232s] Level 1:colcon.colcon_core.package_identification:_identify(src/hardware/realsense-ros/realsense2_ros_mqtt_bridge) by extension 'colcon_meta'
[0.232s] Level 1:colcon.colcon_core.package_identification:_identify(src/hardware/realsense-ros/realsense2_ros_mqtt_bridge) by extensions ['ros']
[0.232s] Level 1:colcon.colcon_core.package_identification:_identify(src/hardware/realsense-ros/realsense2_ros_mqtt_bridge) by extension 'ros'
[0.232s] Level 1:colcon.colcon_core.package_identification:_identify(src/hardware/realsense-ros/realsense2_ros_mqtt_bridge) ignored
[0.232s] Level 1:colcon.colcon_core.package_identification:_identify(src/hardware/realsense-ros/res) by extensions ['ignore', 'ignore_ament_install']
[0.232s] Level 1:colcon.colcon_core.package_identification:_identify(src/hardware/realsense-ros/res) by extension 'ignore'
[0.232s] Level 1:colcon.colcon_core.package_identification:_identify(src/hardware/realsense-ros/res) by extension 'ignore_ament_install'
[0.232s] Level 1:colcon.colcon_core.package_identification:_identify(src/hardware/realsense-ros/res) by extensions ['colcon_pkg']
[0.232s] Level 1:colcon.colcon_core.package_identification:_identify(src/hardware/realsense-ros/res) by extension 'colcon_pkg'
[0.232s] Level 1:colcon.colcon_core.package_identification:_identify(src/hardware/realsense-ros/res) by extensions ['colcon_meta']
[0.232s] Level 1:colcon.colcon_core.package_identification:_identify(src/hardware/realsense-ros/res) by extension 'colcon_meta'
[0.232s] Level 1:colcon.colcon_core.package_identification:_identify(src/hardware/realsense-ros/res) by extensions ['ros']
[0.232s] Level 1:colcon.colcon_core.package_identification:_identify(src/hardware/realsense-ros/res) by extension 'ros'
[0.232s] Level 1:colcon.colcon_core.package_identification:_identify(src/hardware/realsense-ros/res) by extensions ['cmake', 'python']
[0.232s] Level 1:colcon.colcon_core.package_identification:_identify(src/hardware/realsense-ros/res) by extension 'cmake'
[0.232s] Level 1:colcon.colcon_core.package_identification:_identify(src/hardware/realsense-ros/res) by extension 'python'
[0.232s] Level 1:colcon.colcon_core.package_identification:_identify(src/hardware/realsense-ros/res) by extensions ['python_setup_py']
[0.232s] Level 1:colcon.colcon_core.package_identification:_identify(src/hardware/realsense-ros/res) by extension 'python_setup_py'
[0.233s] Level 1:colcon.colcon_core.package_identification:_identify(src/hardware/realsense-ros/scripts) by extensions ['ignore', 'ignore_ament_install']
[0.233s] Level 1:colcon.colcon_core.package_identification:_identify(src/hardware/realsense-ros/scripts) by extension 'ignore'
[0.233s] Level 1:colcon.colcon_core.package_identification:_identify(src/hardware/realsense-ros/scripts) by extension 'ignore_ament_install'
[0.233s] Level 1:colcon.colcon_core.package_identification:_identify(src/hardware/realsense-ros/scripts) by extensions ['colcon_pkg']
[0.233s] Level 1:colcon.colcon_core.package_identification:_identify(src/hardware/realsense-ros/scripts) by extension 'colcon_pkg'
[0.233s] Level 1:colcon.colcon_core.package_identification:_identify(src/hardware/realsense-ros/scripts) by extensions ['colcon_meta']
[0.233s] Level 1:colcon.colcon_core.package_identification:_identify(src/hardware/realsense-ros/scripts) by extension 'colcon_meta'
[0.233s] Level 1:colcon.colcon_core.package_identification:_identify(src/hardware/realsense-ros/scripts) by extensions ['ros']
[0.233s] Level 1:colcon.colcon_core.package_identification:_identify(src/hardware/realsense-ros/scripts) by extension 'ros'
[0.233s] Level 1:colcon.colcon_core.package_identification:_identify(src/hardware/realsense-ros/scripts) by extensions ['cmake', 'python']
[0.233s] Level 1:colcon.colcon_core.package_identification:_identify(src/hardware/realsense-ros/scripts) by extension 'cmake'
[0.233s] Level 1:colcon.colcon_core.package_identification:_identify(src/hardware/realsense-ros/scripts) by extension 'python'
[0.233s] Level 1:colcon.colcon_core.package_identification:_identify(src/hardware/realsense-ros/scripts) by extensions ['python_setup_py']
[0.233s] Level 1:colcon.colcon_core.package_identification:_identify(src/hardware/realsense-ros/scripts) by extension 'python_setup_py'
[0.233s] Level 1:colcon.colcon_core.package_identification:_identify(src/hardware/uavcan_bridge) by extensions ['ignore', 'ignore_ament_install']
[0.233s] Level 1:colcon.colcon_core.package_identification:_identify(src/hardware/uavcan_bridge) by extension 'ignore'
[0.233s] Level 1:colcon.colcon_core.package_identification:_identify(src/hardware/uavcan_bridge) by extension 'ignore_ament_install'
[0.233s] Level 1:colcon.colcon_core.package_identification:_identify(src/hardware/uavcan_bridge) by extensions ['colcon_pkg']
[0.233s] Level 1:colcon.colcon_core.package_identification:_identify(src/hardware/uavcan_bridge) by extension 'colcon_pkg'
[0.233s] Level 1:colcon.colcon_core.package_identification:_identify(src/hardware/uavcan_bridge) by extensions ['colcon_meta']
[0.233s] Level 1:colcon.colcon_core.package_identification:_identify(src/hardware/uavcan_bridge) by extension 'colcon_meta'
[0.233s] Level 1:colcon.colcon_core.package_identification:_identify(src/hardware/uavcan_bridge) by extensions ['ros']
[0.233s] Level 1:colcon.colcon_core.package_identification:_identify(src/hardware/uavcan_bridge) by extension 'ros'
[0.234s] DEBUG:colcon.colcon_core.package_identification:Package 'src/hardware/uavcan_bridge' with type 'ros.ament_cmake' and name 'uavcan_bridge'
[0.234s] Level 1:colcon.colcon_core.package_identification:_identify(src/hardware/xsens_mti_driver) by extensions ['ignore', 'ignore_ament_install']
[0.234s] Level 1:colcon.colcon_core.package_identification:_identify(src/hardware/xsens_mti_driver) by extension 'ignore'
[0.234s] Level 1:colcon.colcon_core.package_identification:_identify(src/hardware/xsens_mti_driver) by extension 'ignore_ament_install'
[0.234s] Level 1:colcon.colcon_core.package_identification:_identify(src/hardware/xsens_mti_driver) by extensions ['colcon_pkg']
[0.234s] Level 1:colcon.colcon_core.package_identification:_identify(src/hardware/xsens_mti_driver) by extension 'colcon_pkg'
[0.234s] Level 1:colcon.colcon_core.package_identification:_identify(src/hardware/xsens_mti_driver) by extensions ['colcon_meta']
[0.234s] Level 1:colcon.colcon_core.package_identification:_identify(src/hardware/xsens_mti_driver) by extension 'colcon_meta'
[0.234s] Level 1:colcon.colcon_core.package_identification:_identify(src/hardware/xsens_mti_driver) by extensions ['ros']
[0.234s] Level 1:colcon.colcon_core.package_identification:_identify(src/hardware/xsens_mti_driver) by extension 'ros'
[0.234s] Level 1:colcon.colcon_core.package_identification:_identify(src/hardware/xsens_mti_driver) by extensions ['cmake', 'python']
[0.234s] Level 1:colcon.colcon_core.package_identification:_identify(src/hardware/xsens_mti_driver) by extension 'cmake'
[0.234s] Level 1:colcon.colcon_core.package_identification:_identify(src/hardware/xsens_mti_driver) by extension 'python'
[0.234s] Level 1:colcon.colcon_core.package_identification:_identify(src/hardware/xsens_mti_driver) by extensions ['python_setup_py']
[0.234s] Level 1:colcon.colcon_core.package_identification:_identify(src/hardware/xsens_mti_driver) by extension 'python_setup_py'
[0.234s] Level 1:colcon.colcon_core.package_identification:_identify(src/hardware/xsens_mti_driver/src) by extensions ['ignore', 'ignore_ament_install']
[0.234s] Level 1:colcon.colcon_core.package_identification:_identify(src/hardware/xsens_mti_driver/src) by extension 'ignore'
[0.234s] Level 1:colcon.colcon_core.package_identification:_identify(src/hardware/xsens_mti_driver/src) by extension 'ignore_ament_install'
[0.234s] Level 1:colcon.colcon_core.package_identification:_identify(src/hardware/xsens_mti_driver/src) by extensions ['colcon_pkg']
[0.235s] Level 1:colcon.colcon_core.package_identification:_identify(src/hardware/xsens_mti_driver/src) by extension 'colcon_pkg'
[0.235s] Level 1:colcon.colcon_core.package_identification:_identify(src/hardware/xsens_mti_driver/src) by extensions ['colcon_meta']
[0.235s] Level 1:colcon.colcon_core.package_identification:_identify(src/hardware/xsens_mti_driver/src) by extension 'colcon_meta'
[0.235s] Level 1:colcon.colcon_core.package_identification:_identify(src/hardware/xsens_mti_driver/src) by extensions ['ros']
[0.235s] Level 1:colcon.colcon_core.package_identification:_identify(src/hardware/xsens_mti_driver/src) by extension 'ros'
[0.235s] Level 1:colcon.colcon_core.package_identification:_identify(src/hardware/xsens_mti_driver/src) by extensions ['cmake', 'python']
[0.235s] Level 1:colcon.colcon_core.package_identification:_identify(src/hardware/xsens_mti_driver/src) by extension 'cmake'
[0.235s] Level 1:colcon.colcon_core.package_identification:_identify(src/hardware/xsens_mti_driver/src) by extension 'python'
[0.235s] Level 1:colcon.colcon_core.package_identification:_identify(src/hardware/xsens_mti_driver/src) by extensions ['python_setup_py']
[0.235s] Level 1:colcon.colcon_core.package_identification:_identify(src/hardware/xsens_mti_driver/src) by extension 'python_setup_py'
[0.235s] Level 1:colcon.colcon_core.package_identification:_identify(src/hardware/xsens_mti_driver/src/ntrip) by extensions ['ignore', 'ignore_ament_install']
[0.235s] Level 1:colcon.colcon_core.package_identification:_identify(src/hardware/xsens_mti_driver/src/ntrip) by extension 'ignore'
[0.235s] Level 1:colcon.colcon_core.package_identification:_identify(src/hardware/xsens_mti_driver/src/ntrip) by extension 'ignore_ament_install'
[0.235s] Level 1:colcon.colcon_core.package_identification:_identify(src/hardware/xsens_mti_driver/src/ntrip) by extensions ['colcon_pkg']
[0.235s] Level 1:colcon.colcon_core.package_identification:_identify(src/hardware/xsens_mti_driver/src/ntrip) by extension 'colcon_pkg'
[0.235s] Level 1:colcon.colcon_core.package_identification:_identify(src/hardware/xsens_mti_driver/src/ntrip) by extensions ['colcon_meta']
[0.235s] Level 1:colcon.colcon_core.package_identification:_identify(src/hardware/xsens_mti_driver/src/ntrip) by extension 'colcon_meta'
[0.235s] Level 1:colcon.colcon_core.package_identification:_identify(src/hardware/xsens_mti_driver/src/ntrip) by extensions ['ros']
[0.235s] Level 1:colcon.colcon_core.package_identification:_identify(src/hardware/xsens_mti_driver/src/ntrip) by extension 'ros'
[0.236s] DEBUG:colcon.colcon_core.package_identification:Package 'src/hardware/xsens_mti_driver/src/ntrip' with type 'ros.ament_cmake' and name 'ntrip'
[0.236s] Level 1:colcon.colcon_core.package_identification:_identify(src/hardware/xsens_mti_driver/src/xsens_mti_ros2_driver) by extensions ['ignore', 'ignore_ament_install']
[0.236s] Level 1:colcon.colcon_core.package_identification:_identify(src/hardware/xsens_mti_driver/src/xsens_mti_ros2_driver) by extension 'ignore'
[0.236s] Level 1:colcon.colcon_core.package_identification:_identify(src/hardware/xsens_mti_driver/src/xsens_mti_ros2_driver) by extension 'ignore_ament_install'
[0.236s] Level 1:colcon.colcon_core.package_identification:_identify(src/hardware/xsens_mti_driver/src/xsens_mti_ros2_driver) by extensions ['colcon_pkg']
[0.236s] Level 1:colcon.colcon_core.package_identification:_identify(src/hardware/xsens_mti_driver/src/xsens_mti_ros2_driver) by extension 'colcon_pkg'
[0.236s] Level 1:colcon.colcon_core.package_identification:_identify(src/hardware/xsens_mti_driver/src/xsens_mti_ros2_driver) by extensions ['colcon_meta']
[0.236s] Level 1:colcon.colcon_core.package_identification:_identify(src/hardware/xsens_mti_driver/src/xsens_mti_ros2_driver) by extension 'colcon_meta'
[0.236s] Level 1:colcon.colcon_core.package_identification:_identify(src/hardware/xsens_mti_driver/src/xsens_mti_ros2_driver) by extensions ['ros']
[0.236s] Level 1:colcon.colcon_core.package_identification:_identify(src/hardware/xsens_mti_driver/src/xsens_mti_ros2_driver) by extension 'ros'
[0.237s] DEBUG:colcon.colcon_core.package_identification:Package 'src/hardware/xsens_mti_driver/src/xsens_mti_ros2_driver' with type 'ros.ament_cmake' and name 'xsens_mti_ros2_driver'
[0.237s] Level 1:colcon.colcon_core.package_identification:_identify(src/olive_networking) by extensions ['ignore', 'ignore_ament_install']
[0.237s] Level 1:colcon.colcon_core.package_identification:_identify(src/olive_networking) by extension 'ignore'
[0.237s] Level 1:colcon.colcon_core.package_identification:_identify(src/olive_networking) by extension 'ignore_ament_install'
[0.237s] Level 1:colcon.colcon_core.package_identification:_identify(src/olive_networking) by extensions ['colcon_pkg']
[0.237s] Level 1:colcon.colcon_core.package_identification:_identify(src/olive_networking) by extension 'colcon_pkg'
[0.237s] Level 1:colcon.colcon_core.package_identification:_identify(src/olive_networking) by extensions ['colcon_meta']
[0.237s] Level 1:colcon.colcon_core.package_identification:_identify(src/olive_networking) by extension 'colcon_meta'
[0.237s] Level 1:colcon.colcon_core.package_identification:_identify(src/olive_networking) by extensions ['ros']
[0.237s] Level 1:colcon.colcon_core.package_identification:_identify(src/olive_networking) by extension 'ros'
[0.238s] DEBUG:colcon.colcon_core.package_identification:Package 'src/olive_networking' with type 'ros.ament_cmake' and name 'olive_networking'
[0.238s] Level 1:colcon.colcon_core.package_identification:_identify(src/platform_bringup) by extensions ['ignore', 'ignore_ament_install']
[0.238s] Level 1:colcon.colcon_core.package_identification:_identify(src/platform_bringup) by extension 'ignore'
[0.238s] Level 1:colcon.colcon_core.package_identification:_identify(src/platform_bringup) by extension 'ignore_ament_install'
[0.238s] Level 1:colcon.colcon_core.package_identification:_identify(src/platform_bringup) by extensions ['colcon_pkg']
[0.238s] Level 1:colcon.colcon_core.package_identification:_identify(src/platform_bringup) by extension 'colcon_pkg'
[0.238s] Level 1:colcon.colcon_core.package_identification:_identify(src/platform_bringup) by extensions ['colcon_meta']
[0.238s] Level 1:colcon.colcon_core.package_identification:_identify(src/platform_bringup) by extension 'colcon_meta'
[0.238s] Level 1:colcon.colcon_core.package_identification:_identify(src/platform_bringup) by extensions ['ros']
[0.238s] Level 1:colcon.colcon_core.package_identification:_identify(src/platform_bringup) by extension 'ros'
[0.238s] DEBUG:colcon.colcon_core.package_identification:Package 'src/platform_bringup' with type 'ros.ament_cmake' and name 'platform_bringup'
[0.238s] Level 1:colcon.colcon_core.package_identification:_identify(src/platform_description) by extensions ['ignore', 'ignore_ament_install']
[0.239s] Level 1:colcon.colcon_core.package_identification:_identify(src/platform_description) by extension 'ignore'
[0.239s] Level 1:colcon.colcon_core.package_identification:_identify(src/platform_description) by extension 'ignore_ament_install'
[0.239s] Level 1:colcon.colcon_core.package_identification:_identify(src/platform_description) by extensions ['colcon_pkg']
[0.239s] Level 1:colcon.colcon_core.package_identification:_identify(src/platform_description) by extension 'colcon_pkg'
[0.239s] Level 1:colcon.colcon_core.package_identification:_identify(src/platform_description) by extensions ['colcon_meta']
[0.239s] Level 1:colcon.colcon_core.package_identification:_identify(src/platform_description) by extension 'colcon_meta'
[0.239s] Level 1:colcon.colcon_core.package_identification:_identify(src/platform_description) by extensions ['ros']
[0.239s] Level 1:colcon.colcon_core.package_identification:_identify(src/platform_description) by extension 'ros'
[0.240s] DEBUG:colcon.colcon_core.package_identification:Package 'src/platform_description' with type 'ros.ament_cmake' and name 'platform_description'
[0.240s] Level 1:colcon.colcon_core.package_identification:_identify(src/platform_interfaces) by extensions ['ignore', 'ignore_ament_install']
[0.240s] Level 1:colcon.colcon_core.package_identification:_identify(src/platform_interfaces) by extension 'ignore'
[0.240s] Level 1:colcon.colcon_core.package_identification:_identify(src/platform_interfaces) by extension 'ignore_ament_install'
[0.240s] Level 1:colcon.colcon_core.package_identification:_identify(src/platform_interfaces) by extensions ['colcon_pkg']
[0.240s] Level 1:colcon.colcon_core.package_identification:_identify(src/platform_interfaces) by extension 'colcon_pkg'
[0.240s] Level 1:colcon.colcon_core.package_identification:_identify(src/platform_interfaces) by extensions ['colcon_meta']
[0.240s] Level 1:colcon.colcon_core.package_identification:_identify(src/platform_interfaces) by extension 'colcon_meta'
[0.240s] Level 1:colcon.colcon_core.package_identification:_identify(src/platform_interfaces) by extensions ['ros']
[0.240s] Level 1:colcon.colcon_core.package_identification:_identify(src/platform_interfaces) by extension 'ros'
[0.241s] DEBUG:colcon.colcon_core.package_identification:Package 'src/platform_interfaces' with type 'ros.ament_cmake' and name 'platform_interfaces'
[0.241s] Level 1:colcon.colcon_core.package_identification:_identify(src/platform_processing) by extensions ['ignore', 'ignore_ament_install']
[0.241s] Level 1:colcon.colcon_core.package_identification:_identify(src/platform_processing) by extension 'ignore'
[0.241s] Level 1:colcon.colcon_core.package_identification:_identify(src/platform_processing) by extension 'ignore_ament_install'
[0.241s] Level 1:colcon.colcon_core.package_identification:_identify(src/platform_processing) by extensions ['colcon_pkg']
[0.241s] Level 1:colcon.colcon_core.package_identification:_identify(src/platform_processing) by extension 'colcon_pkg'
[0.241s] Level 1:colcon.colcon_core.package_identification:_identify(src/platform_processing) by extensions ['colcon_meta']
[0.241s] Level 1:colcon.colcon_core.package_identification:_identify(src/platform_processing) by extension 'colcon_meta'
[0.241s] Level 1:colcon.colcon_core.package_identification:_identify(src/platform_processing) by extensions ['ros']
[0.241s] Level 1:colcon.colcon_core.package_identification:_identify(src/platform_processing) by extension 'ros'
[0.241s] DEBUG:colcon.colcon_core.package_identification:Package 'src/platform_processing' with type 'ros.ament_cmake' and name 'platform_processing'
[0.241s] Level 1:colcon.colcon_core.package_discovery:discover_packages(recursive) using defaults
[0.242s] Level 1:colcon.colcon_core.package_discovery:discover_packages(ignore) discover
[0.242s] Level 1:colcon.colcon_core.package_discovery:discover_packages(ignore) using defaults
[0.242s] Level 1:colcon.colcon_core.package_discovery:discover_packages(path) discover
[0.242s] Level 1:colcon.colcon_core.package_discovery:discover_packages(path) using defaults
[0.265s] INFO:colcon.colcon_core.package_selection:Skipping not selected package 'ntrip' in 'src/hardware/xsens_mti_driver/src/ntrip'
[0.265s] INFO:colcon.colcon_core.package_selection:Skipping not selected package 'olive_networking' in 'src/olive_networking'
[0.265s] INFO:colcon.colcon_core.package_selection:Skipping not selected package 'platform_bringup' in 'src/platform_bringup'
[0.265s] INFO:colcon.colcon_core.package_selection:Skipping not selected package 'platform_description' in 'src/platform_description'
[0.265s] INFO:colcon.colcon_core.package_selection:Skipping not selected package 'platform_interfaces' in 'src/platform_interfaces'
[0.265s] INFO:colcon.colcon_core.package_selection:Skipping not selected package 'platform_processing' in 'src/platform_processing'
[0.265s] INFO:colcon.colcon_core.package_selection:Skipping not selected package 'realsense2_camera_msgs' in 'src/hardware/realsense-ros/realsense2_camera_msgs'
[0.265s] INFO:colcon.colcon_core.package_selection:Skipping not selected package 'xsens_mti_ros2_driver' in 'src/hardware/xsens_mti_driver/src/xsens_mti_ros2_driver'
[0.265s] INFO:colcon.colcon_core.package_selection:Skipping not selected package 'realsense2_camera' in 'src/hardware/realsense-ros/realsense2_camera'
[0.265s] INFO:colcon.colcon_core.package_selection:Skipping not selected package 'realsense2_description' in 'src/hardware/realsense-ros/realsense2_description'
[0.265s] Level 1:colcon.colcon_core.package_discovery:discover_packages(prefix_path) check parameters
[0.265s] Level 1:colcon.colcon_core.package_discovery:discover_packages(prefix_path) discover
[0.267s] DEBUG:colcon.colcon_installed_package_information.package_discovery:Found 280 installed packages in /opt/ros/humble
[0.268s] Level 1:colcon.colcon_core.package_discovery:discover_packages(prefix_path) using defaults
[0.297s] Level 5:colcon.colcon_core.verb:set package 'uavcan_bridge' build argument 'cmake_args' from command line to 'None'
[0.297s] Level 5:colcon.colcon_core.verb:set package 'uavcan_bridge' build argument 'cmake_target' from command line to 'None'
[0.297s] Level 5:colcon.colcon_core.verb:set package 'uavcan_bridge' build argument 'cmake_target_skip_unavailable' from command line to 'False'
[0.297s] Level 5:colcon.colcon_core.verb:set package 'uavcan_bridge' build argument 'cmake_clean_cache' from command line to 'False'
[0.297s] Level 5:colcon.colcon_core.verb:set package 'uavcan_bridge' build argument 'cmake_clean_first' from command line to 'False'
[0.298s] Level 5:colcon.colcon_core.verb:set package 'uavcan_bridge' build argument 'cmake_force_configure' from command line to 'False'
[0.298s] Level 5:colcon.colcon_core.verb:set package 'uavcan_bridge' build argument 'ament_cmake_args' from command line to 'None'
[0.298s] Level 5:colcon.colcon_core.verb:set package 'uavcan_bridge' build argument 'catkin_cmake_args' from command line to 'None'
[0.298s] Level 5:colcon.colcon_core.verb:set package 'uavcan_bridge' build argument 'catkin_skip_building_tests' from command line to 'False'
[0.298s] DEBUG:colcon.colcon_core.verb:Building package 'uavcan_bridge' with the following arguments: {'ament_cmake_args': None, 'build_base': '/home/student/sensor_platform_ws/build/uavcan_bridge', 'catkin_cmake_args': None, 'catkin_skip_building_tests': False, 'cmake_args': None, 'cmake_clean_cache': False, 'cmake_clean_first': False, 'cmake_force_configure': False, 'cmake_target': None, 'cmake_target_skip_unavailable': False, 'install_base': '/home/student/sensor_platform_ws/install/uavcan_bridge', 'merge_install': False, 'path': '/home/student/sensor_platform_ws/src/hardware/uavcan_bridge', 'symlink_install': True, 'test_result_base': None}
[0.298s] INFO:colcon.colcon_core.executor:Executing jobs using 'parallel' executor
[0.298s] DEBUG:colcon.colcon_parallel_executor.executor.parallel:run_until_complete
[0.299s] INFO:colcon.colcon_ros.task.ament_cmake.build:Building ROS package in '/home/student/sensor_platform_ws/src/hardware/uavcan_bridge' with build type 'ament_cmake'
[0.299s] INFO:colcon.colcon_cmake.task.cmake.build:Building CMake package in '/home/student/sensor_platform_ws/src/hardware/uavcan_bridge'
[0.300s] INFO:colcon.colcon_core.plugin_system:Skipping extension 'colcon_core.shell.bat': Not used on non-Windows systems
[0.300s] INFO:colcon.colcon_core.shell:Skip shell extension 'powershell' for command environment: Not usable outside of PowerShell
[0.300s] DEBUG:colcon.colcon_core.shell:Skip shell extension 'dsv' for command environment
[0.306s] DEBUG:colcon.colcon_core.event_handler.log_command:Invoking command in '/home/student/sensor_platform_ws/build/uavcan_bridge': CMAKE_PREFIX_PATH=/opt/ros/humble PS1=(dronecan_env) \[\e]0;\u@\h: \w\a\]${debian_chroot:+($debian_chroot)}\[\033[01;32m\]\u@\h\[\033[00m\]:\[\033[01;34m\]\w\[\033[00m\]\$ VIRTUAL_ENV_PROMPT=(dronecan_env) /usr/bin/cmake --build /home/student/sensor_platform_ws/build/uavcan_bridge -- -j8 -l8
[5.556s] DEBUG:colcon.colcon_core.event_handler.log_command:Invoked command in '/home/student/sensor_platform_ws/build/uavcan_bridge' returned '0': CMAKE_PREFIX_PATH=/opt/ros/humble PS1=(dronecan_env) \[\e]0;\u@\h: \w\a\]${debian_chroot:+($debian_chroot)}\[\033[01;32m\]\u@\h\[\033[00m\]:\[\033[01;34m\]\w\[\033[00m\]\$ VIRTUAL_ENV_PROMPT=(dronecan_env) /usr/bin/cmake --build /home/student/sensor_platform_ws/build/uavcan_bridge -- -j8 -l8
[5.562s] DEBUG:colcon.colcon_core.event_handler.log_command:Invoking command in '/home/student/sensor_platform_ws/build/uavcan_bridge': CMAKE_PREFIX_PATH=/opt/ros/humble PS1=(dronecan_env) \[\e]0;\u@\h: \w\a\]${debian_chroot:+($debian_chroot)}\[\033[01;32m\]\u@\h\[\033[00m\]:\[\033[01;34m\]\w\[\033[00m\]\$ VIRTUAL_ENV_PROMPT=(dronecan_env) /usr/bin/cmake --install /home/student/sensor_platform_ws/build/uavcan_bridge
[5.577s] Level 1:colcon.colcon_core.environment:create_environment_scripts_only(uavcan_bridge)
[5.577s] DEBUG:colcon.colcon_core.event_handler.log_command:Invoked command in '/home/student/sensor_platform_ws/build/uavcan_bridge' returned '0': CMAKE_PREFIX_PATH=/opt/ros/humble PS1=(dronecan_env) \[\e]0;\u@\h: \w\a\]${debian_chroot:+($debian_chroot)}\[\033[01;32m\]\u@\h\[\033[00m\]:\[\033[01;34m\]\w\[\033[00m\]\$ VIRTUAL_ENV_PROMPT=(dronecan_env) /usr/bin/cmake --install /home/student/sensor_platform_ws/build/uavcan_bridge
[5.578s] Level 1:colcon.colcon_core.environment:checking '/home/student/sensor_platform_ws/install/uavcan_bridge' for CMake module files
[5.579s] Level 1:colcon.colcon_core.environment:checking '/home/student/sensor_platform_ws/install/uavcan_bridge' for CMake config files
[5.579s] Level 1:colcon.colcon_core.shell:create_environment_hook('uavcan_bridge', 'cmake_prefix_path')
[5.579s] INFO:colcon.colcon_core.shell:Creating environment hook '/home/student/sensor_platform_ws/install/uavcan_bridge/share/uavcan_bridge/hook/cmake_prefix_path.ps1'
[5.580s] INFO:colcon.colcon_core.shell:Creating environment descriptor '/home/student/sensor_platform_ws/install/uavcan_bridge/share/uavcan_bridge/hook/cmake_prefix_path.dsv'
[5.580s] INFO:colcon.colcon_core.shell:Creating environment hook '/home/student/sensor_platform_ws/install/uavcan_bridge/share/uavcan_bridge/hook/cmake_prefix_path.sh'
[5.580s] Level 1:colcon.colcon_core.environment:checking '/home/student/sensor_platform_ws/install/uavcan_bridge/lib'
[5.581s] Level 1:colcon.colcon_core.shell:create_environment_hook('uavcan_bridge', 'ld_library_path_lib')
[5.581s] INFO:colcon.colcon_core.shell:Creating environment hook '/home/student/sensor_platform_ws/install/uavcan_bridge/share/uavcan_bridge/hook/ld_library_path_lib.ps1'
[5.581s] INFO:colcon.colcon_core.shell:Creating environment descriptor '/home/student/sensor_platform_ws/install/uavcan_bridge/share/uavcan_bridge/hook/ld_library_path_lib.dsv'
[5.581s] INFO:colcon.colcon_core.shell:Creating environment hook '/home/student/sensor_platform_ws/install/uavcan_bridge/share/uavcan_bridge/hook/ld_library_path_lib.sh'
[5.581s] Level 1:colcon.colcon_core.environment:checking '/home/student/sensor_platform_ws/install/uavcan_bridge/bin'
[5.582s] Level 1:colcon.colcon_core.environment:checking '/home/student/sensor_platform_ws/install/uavcan_bridge/lib/pkgconfig/uavcan_bridge.pc'
[5.582s] Level 1:colcon.colcon_core.environment:checking '/home/student/sensor_platform_ws/install/uavcan_bridge/lib/python3.10/site-packages'
[5.582s] Level 1:colcon.colcon_core.environment:checking '/home/student/sensor_platform_ws/install/uavcan_bridge/bin'
[5.582s] INFO:colcon.colcon_core.shell:Creating package script '/home/student/sensor_platform_ws/install/uavcan_bridge/share/uavcan_bridge/package.ps1'
[5.583s] INFO:colcon.colcon_core.shell:Creating package descriptor '/home/student/sensor_platform_ws/install/uavcan_bridge/share/uavcan_bridge/package.dsv'
[5.583s] INFO:colcon.colcon_core.shell:Creating package script '/home/student/sensor_platform_ws/install/uavcan_bridge/share/uavcan_bridge/package.sh'
[5.584s] INFO:colcon.colcon_core.shell:Creating package script '/home/student/sensor_platform_ws/install/uavcan_bridge/share/uavcan_bridge/package.bash'
[5.584s] INFO:colcon.colcon_core.shell:Creating package script '/home/student/sensor_platform_ws/install/uavcan_bridge/share/uavcan_bridge/package.zsh'
[5.585s] Level 1:colcon.colcon_core.environment:create_file_with_runtime_dependencies(/home/student/sensor_platform_ws/install/uavcan_bridge/share/colcon-core/packages/uavcan_bridge)
[5.585s] Level 1:colcon.colcon_core.environment:create_environment_scripts_only(uavcan_bridge)
[5.585s] Level 1:colcon.colcon_core.environment:checking '/home/student/sensor_platform_ws/install/uavcan_bridge' for CMake module files
[5.586s] Level 1:colcon.colcon_core.environment:checking '/home/student/sensor_platform_ws/install/uavcan_bridge' for CMake config files
[5.586s] Level 1:colcon.colcon_core.shell:create_environment_hook('uavcan_bridge', 'cmake_prefix_path')
[5.586s] INFO:colcon.colcon_core.shell:Creating environment hook '/home/student/sensor_platform_ws/install/uavcan_bridge/share/uavcan_bridge/hook/cmake_prefix_path.ps1'
[5.586s] INFO:colcon.colcon_core.shell:Creating environment descriptor '/home/student/sensor_platform_ws/install/uavcan_bridge/share/uavcan_bridge/hook/cmake_prefix_path.dsv'
[5.587s] INFO:colcon.colcon_core.shell:Creating environment hook '/home/student/sensor_platform_ws/install/uavcan_bridge/share/uavcan_bridge/hook/cmake_prefix_path.sh'
[5.587s] Level 1:colcon.colcon_core.environment:checking '/home/student/sensor_platform_ws/install/uavcan_bridge/lib'
[5.587s] Level 1:colcon.colcon_core.shell:create_environment_hook('uavcan_bridge', 'ld_library_path_lib')
[5.587s] INFO:colcon.colcon_core.shell:Creating environment hook '/home/student/sensor_platform_ws/install/uavcan_bridge/share/uavcan_bridge/hook/ld_library_path_lib.ps1'
[5.587s] INFO:colcon.colcon_core.shell:Creating environment descriptor '/home/student/sensor_platform_ws/install/uavcan_bridge/share/uavcan_bridge/hook/ld_library_path_lib.dsv'
[5.588s] INFO:colcon.colcon_core.shell:Creating environment hook '/home/student/sensor_platform_ws/install/uavcan_bridge/share/uavcan_bridge/hook/ld_library_path_lib.sh'
[5.588s] Level 1:colcon.colcon_core.environment:checking '/home/student/sensor_platform_ws/install/uavcan_bridge/bin'
[5.588s] Level 1:colcon.colcon_core.environment:checking '/home/student/sensor_platform_ws/install/uavcan_bridge/lib/pkgconfig/uavcan_bridge.pc'
[5.588s] Level 1:colcon.colcon_core.environment:checking '/home/student/sensor_platform_ws/install/uavcan_bridge/lib/python3.10/site-packages'
[5.588s] Level 1:colcon.colcon_core.environment:checking '/home/student/sensor_platform_ws/install/uavcan_bridge/bin'
[5.589s] INFO:colcon.colcon_core.shell:Creating package script '/home/student/sensor_platform_ws/install/uavcan_bridge/share/uavcan_bridge/package.ps1'
[5.589s] INFO:colcon.colcon_core.shell:Creating package descriptor '/home/student/sensor_platform_ws/install/uavcan_bridge/share/uavcan_bridge/package.dsv'
[5.589s] INFO:colcon.colcon_core.shell:Creating package script '/home/student/sensor_platform_ws/install/uavcan_bridge/share/uavcan_bridge/package.sh'
[5.590s] INFO:colcon.colcon_core.shell:Creating package script '/home/student/sensor_platform_ws/install/uavcan_bridge/share/uavcan_bridge/package.bash'
[5.590s] INFO:colcon.colcon_core.shell:Creating package script '/home/student/sensor_platform_ws/install/uavcan_bridge/share/uavcan_bridge/package.zsh'
[5.590s] Level 1:colcon.colcon_core.environment:create_file_with_runtime_dependencies(/home/student/sensor_platform_ws/install/uavcan_bridge/share/colcon-core/packages/uavcan_bridge)
[5.590s] DEBUG:colcon.colcon_parallel_executor.executor.parallel:closing loop
[5.591s] DEBUG:colcon.colcon_parallel_executor.executor.parallel:loop closed
[5.591s] DEBUG:colcon.colcon_parallel_executor.executor.parallel:run_until_complete finished with '0'
[5.591s] DEBUG:colcon.colcon_core.event_reactor:joining thread
[5.594s] INFO:colcon.colcon_core.plugin_system:Skipping extension 'colcon_notification.desktop_notification.terminal_notifier': Not used on non-Darwin systems
[5.594s] INFO:colcon.colcon_core.plugin_system:Skipping extension 'colcon_notification.desktop_notification.win32': Not used on non-Windows systems
[5.594s] INFO:colcon.colcon_notification.desktop_notification:Sending desktop notification using 'notify2'
[5.603s] DEBUG:colcon.colcon_core.event_reactor:joined thread
[5.603s] INFO:colcon.colcon_core.shell:Creating prefix script '/home/student/sensor_platform_ws/install/local_setup.ps1'
[5.604s] INFO:colcon.colcon_core.shell:Creating prefix util module '/home/student/sensor_platform_ws/install/_local_setup_util_ps1.py'
[5.605s] INFO:colcon.colcon_core.shell:Creating prefix chain script '/home/student/sensor_platform_ws/install/setup.ps1'
[5.606s] INFO:colcon.colcon_core.shell:Creating prefix script '/home/student/sensor_platform_ws/install/local_setup.sh'
[5.606s] INFO:colcon.colcon_core.shell:Creating prefix util module '/home/student/sensor_platform_ws/install/_local_setup_util_sh.py'
[5.607s] INFO:colcon.colcon_core.shell:Creating prefix chain script '/home/student/sensor_platform_ws/install/setup.sh'
[5.607s] INFO:colcon.colcon_core.shell:Creating prefix script '/home/student/sensor_platform_ws/install/local_setup.bash'
[5.608s] INFO:colcon.colcon_core.shell:Creating prefix chain script '/home/student/sensor_platform_ws/install/setup.bash'
[5.608s] INFO:colcon.colcon_core.shell:Creating prefix script '/home/student/sensor_platform_ws/install/local_setup.zsh'
[5.609s] INFO:colcon.colcon_core.shell:Creating prefix chain script '/home/student/sensor_platform_ws/install/setup.zsh'
