[0.136s] Invoking command in '/home/student/sensor_platform_ws/build/xsens_mti_ros2_driver': CMAKE_PREFIX_PATH=/opt/ros/humble /usr/bin/cmake --build /home/student/sensor_platform_ws/build/xsens_mti_ros2_driver -- -j8 -l8
[0.807s] [  0%] Built target ament_cmake_python_symlink_xsens_mti_ros2_driver
[0.816s] [ 14%] Built target xspublic
[0.887s] [ 17%] Built target xsens_mti_ros2_driver__rs
[0.887s] [ 17%] Built target xsens_mti_ros2_driver__cpp
[1.000s] [ 25%] Built target xsens_mti_ros2_driver__rosidl_typesupport_cpp
[1.003s] [ 32%] Built target xsens_mti_ros2_driver__rosidl_generator_c
[1.067s] [ 39%] Built target xsens_mti_ros2_driver__rosidl_typesupport_c
[1.199s] [ 50%] Built target xsens_mti_ros2_driver__rosidl_typesupport_introspection_c
[1.200s] [ 53%] Built target xsens_mti_ros2_driver__rosidl_typesupport_introspection_cpp
[1.231s] running egg_info
[1.233s] writing xsens_mti_ros2_driver.egg-info/PKG-INFO
[1.234s] writing dependency_links to xsens_mti_ros2_driver.egg-info/dependency_links.txt
[1.235s] writing top-level names to xsens_mti_ros2_driver.egg-info/top_level.txt
[1.311s] reading manifest file 'xsens_mti_ros2_driver.egg-info/SOURCES.txt'
[1.312s] [ 64%] Built target xsens_mti_ros2_driver__rosidl_typesupport_fastrtps_cpp
[1.313s] [ 67%] Built target xsens_mti_ros2_driver__rosidl_typesupport_fastrtps_c
[1.333s] [ 67%] Built target xsens_mti_ros2_driver
[1.348s] [ 69%] Built target xsens_mti_ros2_driver__py
[1.349s] writing manifest file 'xsens_mti_ros2_driver.egg-info/SOURCES.txt'
[1.368s] [ 69%] Built target ament_cmake_python_build_xsens_mti_ros2_driver_egg
[1.625s] [ 75%] Built target xsens_mti_ros2_driver__rosidl_generator_py
[1.682s] [ 78%] Built target xsens_mti_ros2_driver__rosidl_typesupport_introspection_c__pyext
[1.701s] [ 82%] Built target xsens_mti_ros2_driver__rosidl_typesupport_c__pyext
[1.740s] [ 85%] Built target xsens_mti_ros2_driver__rosidl_typesupport_fastrtps_c__pyext
[2.039s] [100%] Built target xsens_mti_node
[2.047s] Invoked command in '/home/student/sensor_platform_ws/build/xsens_mti_ros2_driver' returned '0': CMAKE_PREFIX_PATH=/opt/ros/humble /usr/bin/cmake --build /home/student/sensor_platform_ws/build/xsens_mti_ros2_driver -- -j8 -l8
[2.087s] Invoking command in '/home/student/sensor_platform_ws/build/xsens_mti_ros2_driver': CMAKE_PREFIX_PATH=/opt/ros/humble /usr/bin/cmake --install /home/student/sensor_platform_ws/build/xsens_mti_ros2_driver
[2.094s] -- Install configuration: "Release"
[2.117s] -- Execute custom install script
[2.148s] -- Up-to-date symlink: /home/student/sensor_platform_ws/install/xsens_mti_ros2_driver/share/ament_index/resource_index/rosidl_interfaces/xsens_mti_ros2_driver
[2.203s] -- Up-to-date symlink: /home/student/sensor_platform_ws/install/xsens_mti_ros2_driver/include/xsens_mti_ros2_driver/xsens_mti_ros2_driver/msg/detail/ship_motion__functions.h
[2.203s] -- Up-to-date symlink: /home/student/sensor_platform_ws/install/xsens_mti_ros2_driver/include/xsens_mti_ros2_driver/xsens_mti_ros2_driver/msg/detail/ship_motion__struct.h
[2.207s] -- Up-to-date symlink: /home/student/sensor_platform_ws/install/xsens_mti_ros2_driver/include/xsens_mti_ros2_driver/xsens_mti_ros2_driver/msg/detail/ship_motion__type_support.h
[2.208s] -- Up-to-date symlink: /home/student/sensor_platform_ws/install/xsens_mti_ros2_driver/include/xsens_mti_ros2_driver/xsens_mti_ros2_driver/msg/detail/xs_status_word__functions.h
[2.208s] -- Up-to-date symlink: /home/student/sensor_platform_ws/install/xsens_mti_ros2_driver/include/xsens_mti_ros2_driver/xsens_mti_ros2_driver/msg/detail/xs_status_word__struct.h
[2.219s] -- Up-to-date symlink: /home/student/sensor_platform_ws/install/xsens_mti_ros2_driver/include/xsens_mti_ros2_driver/xsens_mti_ros2_driver/msg/detail/xs_status_word__type_support.h
[2.221s] -- Up-to-date symlink: /home/student/sensor_platform_ws/install/xsens_mti_ros2_driver/include/xsens_mti_ros2_driver/xsens_mti_ros2_driver/msg/rosidl_generator_c__visibility_control.h
[2.222s] -- Up-to-date symlink: /home/student/sensor_platform_ws/install/xsens_mti_ros2_driver/include/xsens_mti_ros2_driver/xsens_mti_ros2_driver/msg/ship_motion.h
[2.223s] -- Up-to-date symlink: /home/student/sensor_platform_ws/install/xsens_mti_ros2_driver/include/xsens_mti_ros2_driver/xsens_mti_ros2_driver/msg/xs_status_word.h
[2.224s] -- Up-to-date symlink: /home/student/sensor_platform_ws/install/xsens_mti_ros2_driver/share/xsens_mti_ros2_driver/environment/library_path.sh
[2.225s] -- Up-to-date symlink: /home/student/sensor_platform_ws/install/xsens_mti_ros2_driver/share/xsens_mti_ros2_driver/environment/library_path.dsv
[2.261s] -- Up-to-date symlink: /home/student/sensor_platform_ws/install/xsens_mti_ros2_driver/include/xsens_mti_ros2_driver/xsens_mti_ros2_driver/msg/detail/ship_motion__rosidl_typesupport_fastrtps_c.h
[2.262s] -- Up-to-date symlink: /home/student/sensor_platform_ws/install/xsens_mti_ros2_driver/include/xsens_mti_ros2_driver/xsens_mti_ros2_driver/msg/detail/xs_status_word__rosidl_typesupport_fastrtps_c.h
[2.265s] -- Up-to-date symlink: /home/student/sensor_platform_ws/install/xsens_mti_ros2_driver/include/xsens_mti_ros2_driver/xsens_mti_ros2_driver/msg/rosidl_typesupport_fastrtps_c__visibility_control.h
[2.267s] -- Up-to-date symlink: /home/student/sensor_platform_ws/install/xsens_mti_ros2_driver/include/xsens_mti_ros2_driver/xsens_mti_ros2_driver/msg/detail/ship_motion__builder.hpp
[2.268s] -- Up-to-date symlink: /home/student/sensor_platform_ws/install/xsens_mti_ros2_driver/include/xsens_mti_ros2_driver/xsens_mti_ros2_driver/msg/detail/ship_motion__struct.hpp
[2.278s] -- Up-to-date symlink: /home/student/sensor_platform_ws/install/xsens_mti_ros2_driver/include/xsens_mti_ros2_driver/xsens_mti_ros2_driver/msg/detail/ship_motion__traits.hpp
[2.280s] -- Up-to-date symlink: /home/student/sensor_platform_ws/install/xsens_mti_ros2_driver/include/xsens_mti_ros2_driver/xsens_mti_ros2_driver/msg/detail/ship_motion__type_support.hpp
[2.280s] -- Up-to-date symlink: /home/student/sensor_platform_ws/install/xsens_mti_ros2_driver/include/xsens_mti_ros2_driver/xsens_mti_ros2_driver/msg/detail/xs_status_word__builder.hpp
[2.281s] -- Up-to-date symlink: /home/student/sensor_platform_ws/install/xsens_mti_ros2_driver/include/xsens_mti_ros2_driver/xsens_mti_ros2_driver/msg/detail/xs_status_word__struct.hpp
[2.282s] -- Up-to-date symlink: /home/student/sensor_platform_ws/install/xsens_mti_ros2_driver/include/xsens_mti_ros2_driver/xsens_mti_ros2_driver/msg/detail/xs_status_word__traits.hpp
[2.320s] -- Up-to-date symlink: /home/student/sensor_platform_ws/install/xsens_mti_ros2_driver/include/xsens_mti_ros2_driver/xsens_mti_ros2_driver/msg/detail/xs_status_word__type_support.hpp
[2.321s] -- Up-to-date symlink: /home/student/sensor_platform_ws/install/xsens_mti_ros2_driver/include/xsens_mti_ros2_driver/xsens_mti_ros2_driver/msg/rosidl_generator_cpp__visibility_control.hpp
[2.323s] -- Up-to-date symlink: /home/student/sensor_platform_ws/install/xsens_mti_ros2_driver/include/xsens_mti_ros2_driver/xsens_mti_ros2_driver/msg/ship_motion.hpp
[2.324s] -- Up-to-date symlink: /home/student/sensor_platform_ws/install/xsens_mti_ros2_driver/include/xsens_mti_ros2_driver/xsens_mti_ros2_driver/msg/xs_status_word.hpp
[2.326s] -- Up-to-date symlink: /home/student/sensor_platform_ws/install/xsens_mti_ros2_driver/include/xsens_mti_ros2_driver/xsens_mti_ros2_driver/msg/detail/ship_motion__rosidl_typesupport_fastrtps_cpp.hpp
[2.337s] -- Up-to-date symlink: /home/student/sensor_platform_ws/install/xsens_mti_ros2_driver/include/xsens_mti_ros2_driver/xsens_mti_ros2_driver/msg/detail/xs_status_word__rosidl_typesupport_fastrtps_cpp.hpp
[2.338s] -- Up-to-date symlink: /home/student/sensor_platform_ws/install/xsens_mti_ros2_driver/include/xsens_mti_ros2_driver/xsens_mti_ros2_driver/msg/rosidl_typesupport_fastrtps_cpp__visibility_control.h
[2.340s] -- Up-to-date symlink: /home/student/sensor_platform_ws/install/xsens_mti_ros2_driver/include/xsens_mti_ros2_driver/xsens_mti_ros2_driver/msg/detail/ship_motion__rosidl_typesupport_introspection_c.h
[2.341s] -- Up-to-date symlink: /home/student/sensor_platform_ws/install/xsens_mti_ros2_driver/include/xsens_mti_ros2_driver/xsens_mti_ros2_driver/msg/detail/xs_status_word__rosidl_typesupport_introspection_c.h
[2.342s] -- Up-to-date symlink: /home/student/sensor_platform_ws/install/xsens_mti_ros2_driver/include/xsens_mti_ros2_driver/xsens_mti_ros2_driver/msg/rosidl_typesupport_introspection_c__visibility_control.h
[2.343s] -- Up-to-date symlink: /home/student/sensor_platform_ws/install/xsens_mti_ros2_driver/include/xsens_mti_ros2_driver/xsens_mti_ros2_driver/msg/detail/ship_motion__rosidl_typesupport_introspection_cpp.hpp
[2.344s] -- Up-to-date symlink: /home/student/sensor_platform_ws/install/xsens_mti_ros2_driver/include/xsens_mti_ros2_driver/xsens_mti_ros2_driver/msg/detail/xs_status_word__rosidl_typesupport_introspection_cpp.hpp
[2.345s] -- Up-to-date symlink: /home/student/sensor_platform_ws/install/xsens_mti_ros2_driver/share/xsens_mti_ros2_driver/environment/pythonpath.sh
[2.346s] -- Up-to-date symlink: /home/student/sensor_platform_ws/install/xsens_mti_ros2_driver/share/xsens_mti_ros2_driver/environment/pythonpath.dsv
[2.347s] -- Up-to-date symlink: /home/student/sensor_platform_ws/install/xsens_mti_ros2_driver/local/lib/python3.10/dist-packages/xsens_mti_ros2_driver-1.0.2-py3.10.egg-info/PKG-INFO
[2.348s] -- Up-to-date symlink: /home/student/sensor_platform_ws/install/xsens_mti_ros2_driver/local/lib/python3.10/dist-packages/xsens_mti_ros2_driver-1.0.2-py3.10.egg-info/SOURCES.txt
[2.349s] -- Up-to-date symlink: /home/student/sensor_platform_ws/install/xsens_mti_ros2_driver/local/lib/python3.10/dist-packages/xsens_mti_ros2_driver-1.0.2-py3.10.egg-info/dependency_links.txt
[2.351s] -- Up-to-date symlink: /home/student/sensor_platform_ws/install/xsens_mti_ros2_driver/local/lib/python3.10/dist-packages/xsens_mti_ros2_driver-1.0.2-py3.10.egg-info/top_level.txt
[2.354s] -- Up-to-date symlink: /home/student/sensor_platform_ws/install/xsens_mti_ros2_driver/local/lib/python3.10/dist-packages/xsens_mti_ros2_driver/__init__.py
[2.355s] -- Up-to-date symlink: /home/student/sensor_platform_ws/install/xsens_mti_ros2_driver/local/lib/python3.10/dist-packages/xsens_mti_ros2_driver/_xsens_mti_ros2_driver_s.ep.rosidl_typesupport_c.c
[2.356s] -- Up-to-date symlink: /home/student/sensor_platform_ws/install/xsens_mti_ros2_driver/local/lib/python3.10/dist-packages/xsens_mti_ros2_driver/_xsens_mti_ros2_driver_s.ep.rosidl_typesupport_fastrtps_c.c
[2.357s] -- Up-to-date symlink: /home/student/sensor_platform_ws/install/xsens_mti_ros2_driver/local/lib/python3.10/dist-packages/xsens_mti_ros2_driver/_xsens_mti_ros2_driver_s.ep.rosidl_typesupport_introspection_c.c
[2.358s] -- Up-to-date symlink: /home/student/sensor_platform_ws/install/xsens_mti_ros2_driver/local/lib/python3.10/dist-packages/xsens_mti_ros2_driver/libxsens_mti_ros2_driver__rosidl_generator_py.so
[2.359s] -- Up-to-date symlink: /home/student/sensor_platform_ws/install/xsens_mti_ros2_driver/local/lib/python3.10/dist-packages/xsens_mti_ros2_driver/msg/__init__.py
[2.359s] -- Up-to-date symlink: /home/student/sensor_platform_ws/install/xsens_mti_ros2_driver/local/lib/python3.10/dist-packages/xsens_mti_ros2_driver/msg/_ship_motion.py
[2.360s] -- Up-to-date symlink: /home/student/sensor_platform_ws/install/xsens_mti_ros2_driver/local/lib/python3.10/dist-packages/xsens_mti_ros2_driver/msg/_ship_motion_s.c
[2.360s] -- Up-to-date symlink: /home/student/sensor_platform_ws/install/xsens_mti_ros2_driver/local/lib/python3.10/dist-packages/xsens_mti_ros2_driver/msg/_xs_status_word.py
[2.362s] -- Up-to-date symlink: /home/student/sensor_platform_ws/install/xsens_mti_ros2_driver/local/lib/python3.10/dist-packages/xsens_mti_ros2_driver/msg/_xs_status_word_s.c
[2.363s] -- Up-to-date symlink: /home/student/sensor_platform_ws/install/xsens_mti_ros2_driver/local/lib/python3.10/dist-packages/xsens_mti_ros2_driver/xsens_mti_ros2_driver_s__rosidl_typesupport_c.cpython-310-x86_64-linux-gnu.so
[2.364s] -- Up-to-date symlink: /home/student/sensor_platform_ws/install/xsens_mti_ros2_driver/local/lib/python3.10/dist-packages/xsens_mti_ros2_driver/xsens_mti_ros2_driver_s__rosidl_typesupport_fastrtps_c.cpython-310-x86_64-linux-gnu.so
[2.364s] -- Up-to-date symlink: /home/student/sensor_platform_ws/install/xsens_mti_ros2_driver/local/lib/python3.10/dist-packages/xsens_mti_ros2_driver/xsens_mti_ros2_driver_s__rosidl_typesupport_introspection_c.cpython-310-x86_64-linux-gnu.so
[2.366s] -- Up-to-date symlink: /home/student/sensor_platform_ws/install/xsens_mti_ros2_driver/local/lib/python3.10/dist-packages/xsens_mti_ros2_driver/xsens_mti_ros2_driver_s__rosidl_typesupport_fastrtps_c.cpython-310-x86_64-linux-gnu.so
[2.367s] -- Up-to-date symlink: /home/student/sensor_platform_ws/install/xsens_mti_ros2_driver/local/lib/python3.10/dist-packages/xsens_mti_ros2_driver/xsens_mti_ros2_driver_s__rosidl_typesupport_introspection_c.cpython-310-x86_64-linux-gnu.so
[2.368s] -- Up-to-date symlink: /home/student/sensor_platform_ws/install/xsens_mti_ros2_driver/local/lib/python3.10/dist-packages/xsens_mti_ros2_driver/xsens_mti_ros2_driver_s__rosidl_typesupport_c.cpython-310-x86_64-linux-gnu.so
[2.369s] -- Up-to-date symlink: /home/student/sensor_platform_ws/install/xsens_mti_ros2_driver/share/ament_index/resource_index/rust_packages/xsens_mti_ros2_driver
[2.370s] -- Up-to-date symlink: /home/student/sensor_platform_ws/install/xsens_mti_ros2_driver/share/xsens_mti_ros2_driver/rust/Cargo.toml
[2.371s] -- Up-to-date symlink: /home/student/sensor_platform_ws/install/xsens_mti_ros2_driver/share/xsens_mti_ros2_driver/rust/build.rs
[2.372s] -- Up-to-date symlink: /home/student/sensor_platform_ws/install/xsens_mti_ros2_driver/share/xsens_mti_ros2_driver/rust/src/lib.rs
[2.372s] -- Up-to-date symlink: /home/student/sensor_platform_ws/install/xsens_mti_ros2_driver/share/xsens_mti_ros2_driver/rust/src/msg.rs
[2.373s] -- Up-to-date symlink: /home/student/sensor_platform_ws/install/xsens_mti_ros2_driver/share/xsens_mti_ros2_driver/rust/src/msg/rmw.rs
[2.374s] -- Up-to-date symlink: /home/student/sensor_platform_ws/install/xsens_mti_ros2_driver/share/xsens_mti_ros2_driver/msg/XsStatusWord.idl
[2.374s] -- Up-to-date symlink: /home/student/sensor_platform_ws/install/xsens_mti_ros2_driver/share/xsens_mti_ros2_driver/msg/ShipMotion.idl
[2.375s] -- Up-to-date symlink: /home/student/sensor_platform_ws/install/xsens_mti_ros2_driver/share/xsens_mti_ros2_driver/msg/XsStatusWord.msg
[2.375s] -- Up-to-date symlink: /home/student/sensor_platform_ws/install/xsens_mti_ros2_driver/share/xsens_mti_ros2_driver/msg/ShipMotion.msg
[2.376s] -- Up-to-date symlink: /home/student/sensor_platform_ws/install/xsens_mti_ros2_driver/share/xsens_mti_ros2_driver/launch/display.launch.py
[2.376s] -- Up-to-date symlink: /home/student/sensor_platform_ws/install/xsens_mti_ros2_driver/share/xsens_mti_ros2_driver/launch/xsens_mti_node.launch.py
[2.378s] -- Up-to-date symlink: /home/student/sensor_platform_ws/install/xsens_mti_ros2_driver/share/xsens_mti_ros2_driver/param/xsens_mti_node.yaml
[2.378s] -- Up-to-date symlink: /home/student/sensor_platform_ws/install/xsens_mti_ros2_driver/share/xsens_mti_ros2_driver/param/xsens_mti_node_mti320.yaml
[2.379s] -- Up-to-date symlink: /home/student/sensor_platform_ws/install/xsens_mti_ros2_driver/share/xsens_mti_ros2_driver/rviz/display.rviz
[2.379s] -- Up-to-date symlink: /home/student/sensor_platform_ws/install/xsens_mti_ros2_driver/share/xsens_mti_ros2_driver/urdf/MTi_1.stl
[2.379s] -- Up-to-date symlink: /home/student/sensor_platform_ws/install/xsens_mti_ros2_driver/share/xsens_mti_ros2_driver/urdf/MTi_1.urdf
[2.380s] -- Up-to-date symlink: /home/student/sensor_platform_ws/install/xsens_mti_ros2_driver/share/xsens_mti_ros2_driver/urdf/MTi_10.stl
[2.380s] -- Up-to-date symlink: /home/student/sensor_platform_ws/install/xsens_mti_ros2_driver/share/xsens_mti_ros2_driver/urdf/MTi_10.urdf
[2.380s] -- Up-to-date symlink: /home/student/sensor_platform_ws/install/xsens_mti_ros2_driver/share/xsens_mti_ros2_driver/urdf/MTi_6xx.stl
[2.380s] -- Up-to-date symlink: /home/student/sensor_platform_ws/install/xsens_mti_ros2_driver/share/xsens_mti_ros2_driver/urdf/MTi_6xx.urdf
[2.380s] -- Up-to-date symlink: /home/student/sensor_platform_ws/install/xsens_mti_ros2_driver/share/ament_index/resource_index/package_run_dependencies/xsens_mti_ros2_driver
[2.381s] -- Up-to-date symlink: /home/student/sensor_platform_ws/install/xsens_mti_ros2_driver/share/ament_index/resource_index/parent_prefix_path/xsens_mti_ros2_driver
[2.381s] -- Up-to-date symlink: /home/student/sensor_platform_ws/install/xsens_mti_ros2_driver/share/xsens_mti_ros2_driver/environment/ament_prefix_path.sh
[2.381s] -- Up-to-date symlink: /home/student/sensor_platform_ws/install/xsens_mti_ros2_driver/share/xsens_mti_ros2_driver/environment/ament_prefix_path.dsv
[2.381s] -- Up-to-date symlink: /home/student/sensor_platform_ws/install/xsens_mti_ros2_driver/share/xsens_mti_ros2_driver/environment/path.sh
[2.381s] -- Up-to-date symlink: /home/student/sensor_platform_ws/install/xsens_mti_ros2_driver/share/xsens_mti_ros2_driver/environment/path.dsv
[2.382s] -- Up-to-date symlink: /home/student/sensor_platform_ws/install/xsens_mti_ros2_driver/share/xsens_mti_ros2_driver/local_setup.bash
[2.382s] -- Up-to-date symlink: /home/student/sensor_platform_ws/install/xsens_mti_ros2_driver/share/xsens_mti_ros2_driver/local_setup.sh
[2.382s] -- Up-to-date symlink: /home/student/sensor_platform_ws/install/xsens_mti_ros2_driver/share/xsens_mti_ros2_driver/local_setup.zsh
[2.382s] -- Up-to-date symlink: /home/student/sensor_platform_ws/install/xsens_mti_ros2_driver/share/xsens_mti_ros2_driver/local_setup.dsv
[2.382s] -- Symlinking: /home/student/sensor_platform_ws/install/xsens_mti_ros2_driver/share/xsens_mti_ros2_driver/package.dsv
[2.388s] -- Up-to-date symlink: /home/student/sensor_platform_ws/install/xsens_mti_ros2_driver/share/ament_index/resource_index/packages/xsens_mti_ros2_driver
[2.389s] -- Up-to-date symlink: /home/student/sensor_platform_ws/install/xsens_mti_ros2_driver/share/xsens_mti_ros2_driver/cmake/rosidl_cmake-extras.cmake
[2.389s] -- Up-to-date symlink: /home/student/sensor_platform_ws/install/xsens_mti_ros2_driver/share/xsens_mti_ros2_driver/cmake/ament_cmake_export_dependencies-extras.cmake
[2.413s] -- Up-to-date symlink: /home/student/sensor_platform_ws/install/xsens_mti_ros2_driver/share/xsens_mti_ros2_driver/cmake/ament_cmake_export_include_directories-extras.cmake
[2.414s] -- Up-to-date symlink: /home/student/sensor_platform_ws/install/xsens_mti_ros2_driver/share/xsens_mti_ros2_driver/cmake/ament_cmake_export_libraries-extras.cmake
[2.416s] -- Up-to-date symlink: /home/student/sensor_platform_ws/install/xsens_mti_ros2_driver/share/xsens_mti_ros2_driver/cmake/ament_cmake_export_targets-extras.cmake
[2.416s] -- Up-to-date symlink: /home/student/sensor_platform_ws/install/xsens_mti_ros2_driver/share/xsens_mti_ros2_driver/cmake/rosidl_cmake_export_typesupport_targets-extras.cmake
[2.417s] -- Up-to-date symlink: /home/student/sensor_platform_ws/install/xsens_mti_ros2_driver/share/xsens_mti_ros2_driver/cmake/rosidl_cmake_export_typesupport_libraries-extras.cmake
[2.430s] -- Up-to-date symlink: /home/student/sensor_platform_ws/install/xsens_mti_ros2_driver/share/xsens_mti_ros2_driver/cmake/xsens_mti_ros2_driverConfig.cmake
[2.430s] -- Up-to-date symlink: /home/student/sensor_platform_ws/install/xsens_mti_ros2_driver/share/xsens_mti_ros2_driver/cmake/xsens_mti_ros2_driverConfig-version.cmake
[2.433s] -- Up-to-date symlink: /home/student/sensor_platform_ws/install/xsens_mti_ros2_driver/share/xsens_mti_ros2_driver/package.xml
[2.442s] -- Up-to-date: /home/student/sensor_platform_ws/install/xsens_mti_ros2_driver/lib/libxsens_mti_ros2_driver__rosidl_generator_c.so
[2.443s] -- Up-to-date: /home/student/sensor_platform_ws/install/xsens_mti_ros2_driver/lib/libxsens_mti_ros2_driver__rosidl_typesupport_fastrtps_c.so
[2.445s] -- Up-to-date: /home/student/sensor_platform_ws/install/xsens_mti_ros2_driver/lib/libxsens_mti_ros2_driver__rosidl_typesupport_fastrtps_cpp.so
[2.445s] -- Up-to-date: /home/student/sensor_platform_ws/install/xsens_mti_ros2_driver/lib/libxsens_mti_ros2_driver__rosidl_typesupport_introspection_c.so
[2.446s] -- Up-to-date: /home/student/sensor_platform_ws/install/xsens_mti_ros2_driver/lib/libxsens_mti_ros2_driver__rosidl_typesupport_c.so
[2.469s] -- Up-to-date: /home/student/sensor_platform_ws/install/xsens_mti_ros2_driver/lib/libxsens_mti_ros2_driver__rosidl_typesupport_introspection_cpp.so
[2.471s] -- Up-to-date: /home/student/sensor_platform_ws/install/xsens_mti_ros2_driver/lib/libxsens_mti_ros2_driver__rosidl_typesupport_cpp.so
[2.571s] Listing '/home/student/sensor_platform_ws/install/xsens_mti_ros2_driver/local/lib/python3.10/dist-packages/xsens_mti_ros2_driver'...
[2.571s] Listing '/home/student/sensor_platform_ws/install/xsens_mti_ros2_driver/local/lib/python3.10/dist-packages/xsens_mti_ros2_driver/msg'...
[2.593s] -- Up-to-date: /home/student/sensor_platform_ws/install/xsens_mti_ros2_driver/lib/libxsens_mti_ros2_driver__rosidl_generator_py.so
[2.618s] -- Up-to-date: /home/student/sensor_platform_ws/install/xsens_mti_ros2_driver/lib/xsens_mti_ros2_driver/xsens_mti_node
[2.621s] -- Up-to-date: /home/student/sensor_platform_ws/install/xsens_mti_ros2_driver/share/xsens_mti_ros2_driver/cmake/export_xsens_mti_ros2_driver__rosidl_generator_cExport.cmake
[2.622s] -- Up-to-date: /home/student/sensor_platform_ws/install/xsens_mti_ros2_driver/share/xsens_mti_ros2_driver/cmake/export_xsens_mti_ros2_driver__rosidl_generator_cExport-release.cmake
[2.622s] -- Up-to-date: /home/student/sensor_platform_ws/install/xsens_mti_ros2_driver/share/xsens_mti_ros2_driver/cmake/export_xsens_mti_ros2_driver__rosidl_typesupport_fastrtps_cExport.cmake
[2.622s] -- Up-to-date: /home/student/sensor_platform_ws/install/xsens_mti_ros2_driver/share/xsens_mti_ros2_driver/cmake/export_xsens_mti_ros2_driver__rosidl_typesupport_fastrtps_cExport-release.cmake
[2.622s] -- Up-to-date: /home/student/sensor_platform_ws/install/xsens_mti_ros2_driver/share/xsens_mti_ros2_driver/cmake/export_xsens_mti_ros2_driver__rosidl_generator_cppExport.cmake
[2.623s] -- Up-to-date: /home/student/sensor_platform_ws/install/xsens_mti_ros2_driver/share/xsens_mti_ros2_driver/cmake/export_xsens_mti_ros2_driver__rosidl_typesupport_fastrtps_cppExport.cmake
[2.623s] -- Up-to-date: /home/student/sensor_platform_ws/install/xsens_mti_ros2_driver/share/xsens_mti_ros2_driver/cmake/export_xsens_mti_ros2_driver__rosidl_typesupport_fastrtps_cppExport-release.cmake
[2.623s] -- Up-to-date: /home/student/sensor_platform_ws/install/xsens_mti_ros2_driver/share/xsens_mti_ros2_driver/cmake/xsens_mti_ros2_driver__rosidl_typesupport_introspection_cExport.cmake
[2.624s] -- Up-to-date: /home/student/sensor_platform_ws/install/xsens_mti_ros2_driver/share/xsens_mti_ros2_driver/cmake/xsens_mti_ros2_driver__rosidl_typesupport_introspection_cExport-release.cmake
[2.624s] -- Up-to-date: /home/student/sensor_platform_ws/install/xsens_mti_ros2_driver/share/xsens_mti_ros2_driver/cmake/xsens_mti_ros2_driver__rosidl_typesupport_cExport.cmake
[2.624s] -- Up-to-date: /home/student/sensor_platform_ws/install/xsens_mti_ros2_driver/share/xsens_mti_ros2_driver/cmake/xsens_mti_ros2_driver__rosidl_typesupport_cExport-release.cmake
[2.627s] -- Up-to-date: /home/student/sensor_platform_ws/install/xsens_mti_ros2_driver/share/xsens_mti_ros2_driver/cmake/xsens_mti_ros2_driver__rosidl_typesupport_introspection_cppExport.cmake
[2.627s] -- Up-to-date: /home/student/sensor_platform_ws/install/xsens_mti_ros2_driver/share/xsens_mti_ros2_driver/cmake/xsens_mti_ros2_driver__rosidl_typesupport_introspection_cppExport-release.cmake
[2.627s] -- Up-to-date: /home/student/sensor_platform_ws/install/xsens_mti_ros2_driver/share/xsens_mti_ros2_driver/cmake/xsens_mti_ros2_driver__rosidl_typesupport_cppExport.cmake
[2.627s] -- Up-to-date: /home/student/sensor_platform_ws/install/xsens_mti_ros2_driver/share/xsens_mti_ros2_driver/cmake/xsens_mti_ros2_driver__rosidl_typesupport_cppExport-release.cmake
[2.627s] -- Up-to-date: /home/student/sensor_platform_ws/install/xsens_mti_ros2_driver/share/xsens_mti_ros2_driver/cmake/export_xsens_mti_ros2_driver__rosidl_generator_pyExport.cmake
[2.627s] -- Up-to-date: /home/student/sensor_platform_ws/install/xsens_mti_ros2_driver/share/xsens_mti_ros2_driver/cmake/export_xsens_mti_ros2_driver__rosidl_generator_pyExport-release.cmake
[2.632s] Invoked command in '/home/student/sensor_platform_ws/build/xsens_mti_ros2_driver' returned '0': CMAKE_PREFIX_PATH=/opt/ros/humble /usr/bin/cmake --install /home/student/sensor_platform_ws/build/xsens_mti_ros2_driver
