[0.190s] DEBUG:colcon:Command line arguments: ['/usr/bin/colcon', 'build']
[0.190s] DEBUG:colcon:Parsed command line arguments: Namespace(log_base=None, log_level=None, verb_name='build', build_base='build', install_base='install', merge_install=False, symlink_install=False, test_result_base=None, continue_on_error=False, executor='parallel', parallel_workers=8, event_handlers=None, ignore_user_meta=False, metas=['./colcon.meta'], base_paths=['.'], packages_ignore=None, packages_ignore_regex=None, paths=None, packages_up_to=None, packages_up_to_regex=None, packages_above=None, packages_above_and_dependencies=None, packages_above_depth=None, packages_select_by_dep=None, packages_skip_by_dep=None, packages_skip_up_to=None, packages_select_build_failed=False, packages_skip_build_finished=False, packages_select_test_failures=False, packages_skip_test_passed=False, packages_select=None, packages_skip=None, packages_select_regex=None, packages_skip_regex=None, packages_start=None, packages_end=None, allow_overriding=[], cmake_args=None, cmake_target=None, cmake_target_skip_unavailable=False, cmake_clean_cache=False, cmake_clean_first=False, cmake_force_configure=False, ament_cmake_args=None, catkin_cmake_args=None, catkin_skip_building_tests=False, verb_parser=<colcon_defaults.argument_parser.defaults.DefaultArgumentsDecorator object at 0x7d3198a6d060>, verb_extension=<colcon_core.verb.build.BuildVerb object at 0x7d3198bed750>, main=<bound method BuildVerb.main of <colcon_core.verb.build.BuildVerb object at 0x7d3198bed750>>)
[0.524s] Level 1:colcon.colcon_core.package_discovery:discover_packages(colcon_meta) check parameters
[0.524s] Level 1:colcon.colcon_core.package_discovery:discover_packages(recursive) check parameters
[0.524s] Level 1:colcon.colcon_core.package_discovery:discover_packages(ignore) check parameters
[0.524s] Level 1:colcon.colcon_core.package_discovery:discover_packages(path) check parameters
[0.524s] Level 1:colcon.colcon_core.package_discovery:discover_packages(colcon_meta) discover
[0.524s] Level 1:colcon.colcon_core.package_discovery:discover_packages(recursive) discover
[0.524s] INFO:colcon.colcon_core.package_discovery:Crawling recursively for packages in '/home/student/sensor_platform_ws'
[0.524s] Level 1:colcon.colcon_core.package_identification:_identify(.) by extensions ['ignore', 'ignore_ament_install']
[0.526s] Level 1:colcon.colcon_core.package_identification:_identify(.) by extension 'ignore'
[0.526s] Level 1:colcon.colcon_core.package_identification:_identify(.) by extension 'ignore_ament_install'
[0.526s] Level 1:colcon.colcon_core.package_identification:_identify(.) by extensions ['colcon_pkg']
[0.526s] Level 1:colcon.colcon_core.package_identification:_identify(.) by extension 'colcon_pkg'
[0.527s] Level 1:colcon.colcon_core.package_identification:_identify(.) by extensions ['colcon_meta']
[0.527s] Level 1:colcon.colcon_core.package_identification:_identify(.) by extension 'colcon_meta'
[0.527s] Level 1:colcon.colcon_core.package_identification:_identify(.) by extensions ['ros']
[0.527s] Level 1:colcon.colcon_core.package_identification:_identify(.) by extension 'ros'
[0.545s] Level 1:colcon.colcon_core.package_identification:_identify(.) by extensions ['cmake', 'python']
[0.545s] Level 1:colcon.colcon_core.package_identification:_identify(.) by extension 'cmake'
[0.545s] Level 1:colcon.colcon_core.package_identification:_identify(.) by extension 'python'
[0.545s] Level 1:colcon.colcon_core.package_identification:_identify(.) by extensions ['python_setup_py']
[0.545s] Level 1:colcon.colcon_core.package_identification:_identify(.) by extension 'python_setup_py'
[0.548s] Level 1:colcon.colcon_core.package_identification:_identify(build) by extensions ['ignore', 'ignore_ament_install']
[0.548s] Level 1:colcon.colcon_core.package_identification:_identify(build) by extension 'ignore'
[0.548s] Level 1:colcon.colcon_core.package_identification:_identify(build) ignored
[0.549s] Level 1:colcon.colcon_core.package_identification:_identify(dronecan_env) by extensions ['ignore', 'ignore_ament_install']
[0.549s] Level 1:colcon.colcon_core.package_identification:_identify(dronecan_env) by extension 'ignore'
[0.549s] Level 1:colcon.colcon_core.package_identification:_identify(dronecan_env) ignored
[0.549s] Level 1:colcon.colcon_core.package_identification:_identify(install) by extensions ['ignore', 'ignore_ament_install']
[0.549s] Level 1:colcon.colcon_core.package_identification:_identify(install) by extension 'ignore'
[0.549s] Level 1:colcon.colcon_core.package_identification:_identify(install) ignored
[0.549s] Level 1:colcon.colcon_core.package_identification:_identify(log) by extensions ['ignore', 'ignore_ament_install']
[0.549s] Level 1:colcon.colcon_core.package_identification:_identify(log) by extension 'ignore'
[0.549s] Level 1:colcon.colcon_core.package_identification:_identify(log) ignored
[0.549s] Level 1:colcon.colcon_core.package_identification:_identify(src) by extensions ['ignore', 'ignore_ament_install']
[0.549s] Level 1:colcon.colcon_core.package_identification:_identify(src) by extension 'ignore'
[0.549s] Level 1:colcon.colcon_core.package_identification:_identify(src) by extension 'ignore_ament_install'
[0.549s] Level 1:colcon.colcon_core.package_identification:_identify(src) by extensions ['colcon_pkg']
[0.549s] Level 1:colcon.colcon_core.package_identification:_identify(src) by extension 'colcon_pkg'
[0.549s] Level 1:colcon.colcon_core.package_identification:_identify(src) by extensions ['colcon_meta']
[0.549s] Level 1:colcon.colcon_core.package_identification:_identify(src) by extension 'colcon_meta'
[0.550s] Level 1:colcon.colcon_core.package_identification:_identify(src) by extensions ['ros']
[0.550s] Level 1:colcon.colcon_core.package_identification:_identify(src) by extension 'ros'
[0.550s] Level 1:colcon.colcon_core.package_identification:_identify(src) by extensions ['cmake', 'python']
[0.550s] Level 1:colcon.colcon_core.package_identification:_identify(src) by extension 'cmake'
[0.550s] Level 1:colcon.colcon_core.package_identification:_identify(src) by extension 'python'
[0.550s] Level 1:colcon.colcon_core.package_identification:_identify(src) by extensions ['python_setup_py']
[0.550s] Level 1:colcon.colcon_core.package_identification:_identify(src) by extension 'python_setup_py'
[0.550s] Level 1:colcon.colcon_core.package_identification:_identify(src/hardware) by extensions ['ignore', 'ignore_ament_install']
[0.550s] Level 1:colcon.colcon_core.package_identification:_identify(src/hardware) by extension 'ignore'
[0.550s] Level 1:colcon.colcon_core.package_identification:_identify(src/hardware) by extension 'ignore_ament_install'
[0.550s] Level 1:colcon.colcon_core.package_identification:_identify(src/hardware) by extensions ['colcon_pkg']
[0.550s] Level 1:colcon.colcon_core.package_identification:_identify(src/hardware) by extension 'colcon_pkg'
[0.550s] Level 1:colcon.colcon_core.package_identification:_identify(src/hardware) by extensions ['colcon_meta']
[0.550s] Level 1:colcon.colcon_core.package_identification:_identify(src/hardware) by extension 'colcon_meta'
[0.550s] Level 1:colcon.colcon_core.package_identification:_identify(src/hardware) by extensions ['ros']
[0.550s] Level 1:colcon.colcon_core.package_identification:_identify(src/hardware) by extension 'ros'
[0.550s] Level 1:colcon.colcon_core.package_identification:_identify(src/hardware) by extensions ['cmake', 'python']
[0.550s] Level 1:colcon.colcon_core.package_identification:_identify(src/hardware) by extension 'cmake'
[0.550s] Level 1:colcon.colcon_core.package_identification:_identify(src/hardware) by extension 'python'
[0.550s] Level 1:colcon.colcon_core.package_identification:_identify(src/hardware) by extensions ['python_setup_py']
[0.550s] Level 1:colcon.colcon_core.package_identification:_identify(src/hardware) by extension 'python_setup_py'
[0.550s] Level 1:colcon.colcon_core.package_identification:_identify(src/hardware/uavcan_bridge) by extensions ['ignore', 'ignore_ament_install']
[0.551s] Level 1:colcon.colcon_core.package_identification:_identify(src/hardware/uavcan_bridge) by extension 'ignore'
[0.551s] Level 1:colcon.colcon_core.package_identification:_identify(src/hardware/uavcan_bridge) by extension 'ignore_ament_install'
[0.551s] Level 1:colcon.colcon_core.package_identification:_identify(src/hardware/uavcan_bridge) by extensions ['colcon_pkg']
[0.551s] Level 1:colcon.colcon_core.package_identification:_identify(src/hardware/uavcan_bridge) by extension 'colcon_pkg'
[0.551s] Level 1:colcon.colcon_core.package_identification:_identify(src/hardware/uavcan_bridge) by extensions ['colcon_meta']
[0.551s] Level 1:colcon.colcon_core.package_identification:_identify(src/hardware/uavcan_bridge) by extension 'colcon_meta'
[0.551s] Level 1:colcon.colcon_core.package_identification:_identify(src/hardware/uavcan_bridge) by extensions ['ros']
[0.551s] Level 1:colcon.colcon_core.package_identification:_identify(src/hardware/uavcan_bridge) by extension 'ros'
[0.556s] DEBUG:colcon.colcon_core.package_identification:Package 'src/hardware/uavcan_bridge' with type 'ros.ament_cmake' and name 'uavcan_bridge'
[0.556s] Level 1:colcon.colcon_core.package_identification:_identify(src/olive_networking) by extensions ['ignore', 'ignore_ament_install']
[0.556s] Level 1:colcon.colcon_core.package_identification:_identify(src/olive_networking) by extension 'ignore'
[0.556s] Level 1:colcon.colcon_core.package_identification:_identify(src/olive_networking) by extension 'ignore_ament_install'
[0.557s] Level 1:colcon.colcon_core.package_identification:_identify(src/olive_networking) by extensions ['colcon_pkg']
[0.557s] Level 1:colcon.colcon_core.package_identification:_identify(src/olive_networking) by extension 'colcon_pkg'
[0.557s] Level 1:colcon.colcon_core.package_identification:_identify(src/olive_networking) by extensions ['colcon_meta']
[0.557s] Level 1:colcon.colcon_core.package_identification:_identify(src/olive_networking) by extension 'colcon_meta'
[0.557s] Level 1:colcon.colcon_core.package_identification:_identify(src/olive_networking) by extensions ['ros']
[0.557s] Level 1:colcon.colcon_core.package_identification:_identify(src/olive_networking) by extension 'ros'
[0.557s] DEBUG:colcon.colcon_core.package_identification:Package 'src/olive_networking' with type 'ros.ament_cmake' and name 'olive_networking'
[0.560s] Level 1:colcon.colcon_core.package_identification:_identify(src/platform_bringup) by extensions ['ignore', 'ignore_ament_install']
[0.560s] Level 1:colcon.colcon_core.package_identification:_identify(src/platform_bringup) by extension 'ignore'
[0.560s] Level 1:colcon.colcon_core.package_identification:_identify(src/platform_bringup) by extension 'ignore_ament_install'
[0.560s] Level 1:colcon.colcon_core.package_identification:_identify(src/platform_bringup) by extensions ['colcon_pkg']
[0.560s] Level 1:colcon.colcon_core.package_identification:_identify(src/platform_bringup) by extension 'colcon_pkg'
[0.560s] Level 1:colcon.colcon_core.package_identification:_identify(src/platform_bringup) by extensions ['colcon_meta']
[0.561s] Level 1:colcon.colcon_core.package_identification:_identify(src/platform_bringup) by extension 'colcon_meta'
[0.561s] Level 1:colcon.colcon_core.package_identification:_identify(src/platform_bringup) by extensions ['ros']
[0.561s] Level 1:colcon.colcon_core.package_identification:_identify(src/platform_bringup) by extension 'ros'
[0.561s] DEBUG:colcon.colcon_core.package_identification:Package 'src/platform_bringup' with type 'ros.ament_cmake' and name 'platform_bringup'
[0.561s] Level 1:colcon.colcon_core.package_identification:_identify(src/platform_description) by extensions ['ignore', 'ignore_ament_install']
[0.561s] Level 1:colcon.colcon_core.package_identification:_identify(src/platform_description) by extension 'ignore'
[0.561s] Level 1:colcon.colcon_core.package_identification:_identify(src/platform_description) by extension 'ignore_ament_install'
[0.561s] Level 1:colcon.colcon_core.package_identification:_identify(src/platform_description) by extensions ['colcon_pkg']
[0.561s] Level 1:colcon.colcon_core.package_identification:_identify(src/platform_description) by extension 'colcon_pkg'
[0.561s] Level 1:colcon.colcon_core.package_identification:_identify(src/platform_description) by extensions ['colcon_meta']
[0.561s] Level 1:colcon.colcon_core.package_identification:_identify(src/platform_description) by extension 'colcon_meta'
[0.561s] Level 1:colcon.colcon_core.package_identification:_identify(src/platform_description) by extensions ['ros']
[0.561s] Level 1:colcon.colcon_core.package_identification:_identify(src/platform_description) by extension 'ros'
[0.562s] DEBUG:colcon.colcon_core.package_identification:Package 'src/platform_description' with type 'ros.ament_cmake' and name 'platform_description'
[0.562s] Level 1:colcon.colcon_core.package_identification:_identify(src/platform_interfaces) by extensions ['ignore', 'ignore_ament_install']
[0.562s] Level 1:colcon.colcon_core.package_identification:_identify(src/platform_interfaces) by extension 'ignore'
[0.562s] Level 1:colcon.colcon_core.package_identification:_identify(src/platform_interfaces) by extension 'ignore_ament_install'
[0.562s] Level 1:colcon.colcon_core.package_identification:_identify(src/platform_interfaces) by extensions ['colcon_pkg']
[0.562s] Level 1:colcon.colcon_core.package_identification:_identify(src/platform_interfaces) by extension 'colcon_pkg'
[0.562s] Level 1:colcon.colcon_core.package_identification:_identify(src/platform_interfaces) by extensions ['colcon_meta']
[0.562s] Level 1:colcon.colcon_core.package_identification:_identify(src/platform_interfaces) by extension 'colcon_meta'
[0.562s] Level 1:colcon.colcon_core.package_identification:_identify(src/platform_interfaces) by extensions ['ros']
[0.562s] Level 1:colcon.colcon_core.package_identification:_identify(src/platform_interfaces) by extension 'ros'
[0.563s] DEBUG:colcon.colcon_core.package_identification:Package 'src/platform_interfaces' with type 'ros.ament_cmake' and name 'platform_interfaces'
[0.563s] Level 1:colcon.colcon_core.package_identification:_identify(src/platform_processing) by extensions ['ignore', 'ignore_ament_install']
[0.563s] Level 1:colcon.colcon_core.package_identification:_identify(src/platform_processing) by extension 'ignore'
[0.563s] Level 1:colcon.colcon_core.package_identification:_identify(src/platform_processing) by extension 'ignore_ament_install'
[0.566s] Level 1:colcon.colcon_core.package_identification:_identify(src/platform_processing) by extensions ['colcon_pkg']
[0.566s] Level 1:colcon.colcon_core.package_identification:_identify(src/platform_processing) by extension 'colcon_pkg'
[0.566s] Level 1:colcon.colcon_core.package_identification:_identify(src/platform_processing) by extensions ['colcon_meta']
[0.566s] Level 1:colcon.colcon_core.package_identification:_identify(src/platform_processing) by extension 'colcon_meta'
[0.566s] Level 1:colcon.colcon_core.package_identification:_identify(src/platform_processing) by extensions ['ros']
[0.566s] Level 1:colcon.colcon_core.package_identification:_identify(src/platform_processing) by extension 'ros'
[0.567s] DEBUG:colcon.colcon_core.package_identification:Package 'src/platform_processing' with type 'ros.ament_cmake' and name 'platform_processing'
[0.567s] Level 1:colcon.colcon_core.package_discovery:discover_packages(recursive) using defaults
[0.567s] Level 1:colcon.colcon_core.package_discovery:discover_packages(ignore) discover
[0.567s] Level 1:colcon.colcon_core.package_discovery:discover_packages(ignore) using defaults
[0.567s] Level 1:colcon.colcon_core.package_discovery:discover_packages(path) discover
[0.567s] Level 1:colcon.colcon_core.package_discovery:discover_packages(path) using defaults
[0.634s] Level 1:colcon.colcon_core.package_discovery:discover_packages(prefix_path) check parameters
[0.634s] Level 1:colcon.colcon_core.package_discovery:discover_packages(prefix_path) discover
[0.639s] DEBUG:colcon.colcon_installed_package_information.package_discovery:Found 299 installed packages in /opt/ros/humble
[0.641s] Level 1:colcon.colcon_core.package_discovery:discover_packages(prefix_path) using defaults
[0.717s] Level 5:colcon.colcon_core.verb:set package 'olive_networking' build argument 'cmake_args' from command line to 'None'
[0.717s] Level 5:colcon.colcon_core.verb:set package 'olive_networking' build argument 'cmake_target' from command line to 'None'
[0.717s] Level 5:colcon.colcon_core.verb:set package 'olive_networking' build argument 'cmake_target_skip_unavailable' from command line to 'False'
[0.717s] Level 5:colcon.colcon_core.verb:set package 'olive_networking' build argument 'cmake_clean_cache' from command line to 'False'
[0.717s] Level 5:colcon.colcon_core.verb:set package 'olive_networking' build argument 'cmake_clean_first' from command line to 'False'
[0.717s] Level 5:colcon.colcon_core.verb:set package 'olive_networking' build argument 'cmake_force_configure' from command line to 'False'
[0.717s] Level 5:colcon.colcon_core.verb:set package 'olive_networking' build argument 'ament_cmake_args' from command line to 'None'
[0.717s] Level 5:colcon.colcon_core.verb:set package 'olive_networking' build argument 'catkin_cmake_args' from command line to 'None'
[0.717s] Level 5:colcon.colcon_core.verb:set package 'olive_networking' build argument 'catkin_skip_building_tests' from command line to 'False'
[0.717s] DEBUG:colcon.colcon_core.verb:Building package 'olive_networking' with the following arguments: {'ament_cmake_args': None, 'build_base': '/home/student/sensor_platform_ws/build/olive_networking', 'catkin_cmake_args': None, 'catkin_skip_building_tests': False, 'cmake_args': None, 'cmake_clean_cache': False, 'cmake_clean_first': False, 'cmake_force_configure': False, 'cmake_target': None, 'cmake_target_skip_unavailable': False, 'install_base': '/home/student/sensor_platform_ws/install/olive_networking', 'merge_install': False, 'path': '/home/student/sensor_platform_ws/src/olive_networking', 'symlink_install': False, 'test_result_base': None}
[0.717s] Level 5:colcon.colcon_core.verb:set package 'platform_bringup' build argument 'cmake_args' from command line to 'None'
[0.717s] Level 5:colcon.colcon_core.verb:set package 'platform_bringup' build argument 'cmake_target' from command line to 'None'
[0.718s] Level 5:colcon.colcon_core.verb:set package 'platform_bringup' build argument 'cmake_target_skip_unavailable' from command line to 'False'
[0.718s] Level 5:colcon.colcon_core.verb:set package 'platform_bringup' build argument 'cmake_clean_cache' from command line to 'False'
[0.718s] Level 5:colcon.colcon_core.verb:set package 'platform_bringup' build argument 'cmake_clean_first' from command line to 'False'
[0.718s] Level 5:colcon.colcon_core.verb:set package 'platform_bringup' build argument 'cmake_force_configure' from command line to 'False'
[0.718s] Level 5:colcon.colcon_core.verb:set package 'platform_bringup' build argument 'ament_cmake_args' from command line to 'None'
[0.718s] Level 5:colcon.colcon_core.verb:set package 'platform_bringup' build argument 'catkin_cmake_args' from command line to 'None'
[0.718s] Level 5:colcon.colcon_core.verb:set package 'platform_bringup' build argument 'catkin_skip_building_tests' from command line to 'False'
[0.718s] DEBUG:colcon.colcon_core.verb:Building package 'platform_bringup' with the following arguments: {'ament_cmake_args': None, 'build_base': '/home/student/sensor_platform_ws/build/platform_bringup', 'catkin_cmake_args': None, 'catkin_skip_building_tests': False, 'cmake_args': None, 'cmake_clean_cache': False, 'cmake_clean_first': False, 'cmake_force_configure': False, 'cmake_target': None, 'cmake_target_skip_unavailable': False, 'install_base': '/home/student/sensor_platform_ws/install/platform_bringup', 'merge_install': False, 'path': '/home/student/sensor_platform_ws/src/platform_bringup', 'symlink_install': False, 'test_result_base': None}
[0.718s] Level 5:colcon.colcon_core.verb:set package 'platform_description' build argument 'cmake_args' from command line to 'None'
[0.718s] Level 5:colcon.colcon_core.verb:set package 'platform_description' build argument 'cmake_target' from command line to 'None'
[0.718s] Level 5:colcon.colcon_core.verb:set package 'platform_description' build argument 'cmake_target_skip_unavailable' from command line to 'False'
[0.718s] Level 5:colcon.colcon_core.verb:set package 'platform_description' build argument 'cmake_clean_cache' from command line to 'False'
[0.718s] Level 5:colcon.colcon_core.verb:set package 'platform_description' build argument 'cmake_clean_first' from command line to 'False'
[0.718s] Level 5:colcon.colcon_core.verb:set package 'platform_description' build argument 'cmake_force_configure' from command line to 'False'
[0.718s] Level 5:colcon.colcon_core.verb:set package 'platform_description' build argument 'ament_cmake_args' from command line to 'None'
[0.718s] Level 5:colcon.colcon_core.verb:set package 'platform_description' build argument 'catkin_cmake_args' from command line to 'None'
[0.718s] Level 5:colcon.colcon_core.verb:set package 'platform_description' build argument 'catkin_skip_building_tests' from command line to 'False'
[0.718s] DEBUG:colcon.colcon_core.verb:Building package 'platform_description' with the following arguments: {'ament_cmake_args': None, 'build_base': '/home/student/sensor_platform_ws/build/platform_description', 'catkin_cmake_args': None, 'catkin_skip_building_tests': False, 'cmake_args': None, 'cmake_clean_cache': False, 'cmake_clean_first': False, 'cmake_force_configure': False, 'cmake_target': None, 'cmake_target_skip_unavailable': False, 'install_base': '/home/student/sensor_platform_ws/install/platform_description', 'merge_install': False, 'path': '/home/student/sensor_platform_ws/src/platform_description', 'symlink_install': False, 'test_result_base': None}
[0.718s] Level 5:colcon.colcon_core.verb:set package 'platform_interfaces' build argument 'cmake_args' from command line to 'None'
[0.718s] Level 5:colcon.colcon_core.verb:set package 'platform_interfaces' build argument 'cmake_target' from command line to 'None'
[0.718s] Level 5:colcon.colcon_core.verb:set package 'platform_interfaces' build argument 'cmake_target_skip_unavailable' from command line to 'False'
[0.718s] Level 5:colcon.colcon_core.verb:set package 'platform_interfaces' build argument 'cmake_clean_cache' from command line to 'False'
[0.718s] Level 5:colcon.colcon_core.verb:set package 'platform_interfaces' build argument 'cmake_clean_first' from command line to 'False'
[0.718s] Level 5:colcon.colcon_core.verb:set package 'platform_interfaces' build argument 'cmake_force_configure' from command line to 'False'
[0.719s] Level 5:colcon.colcon_core.verb:set package 'platform_interfaces' build argument 'ament_cmake_args' from command line to 'None'
[0.719s] Level 5:colcon.colcon_core.verb:set package 'platform_interfaces' build argument 'catkin_cmake_args' from command line to 'None'
[0.719s] Level 5:colcon.colcon_core.verb:set package 'platform_interfaces' build argument 'catkin_skip_building_tests' from command line to 'False'
[0.719s] DEBUG:colcon.colcon_core.verb:Building package 'platform_interfaces' with the following arguments: {'ament_cmake_args': None, 'build_base': '/home/student/sensor_platform_ws/build/platform_interfaces', 'catkin_cmake_args': None, 'catkin_skip_building_tests': False, 'cmake_args': None, 'cmake_clean_cache': False, 'cmake_clean_first': False, 'cmake_force_configure': False, 'cmake_target': None, 'cmake_target_skip_unavailable': False, 'install_base': '/home/student/sensor_platform_ws/install/platform_interfaces', 'merge_install': False, 'path': '/home/student/sensor_platform_ws/src/platform_interfaces', 'symlink_install': False, 'test_result_base': None}
[0.719s] Level 5:colcon.colcon_core.verb:set package 'platform_processing' build argument 'cmake_args' from command line to 'None'
[0.719s] Level 5:colcon.colcon_core.verb:set package 'platform_processing' build argument 'cmake_target' from command line to 'None'
[0.719s] Level 5:colcon.colcon_core.verb:set package 'platform_processing' build argument 'cmake_target_skip_unavailable' from command line to 'False'
[0.719s] Level 5:colcon.colcon_core.verb:set package 'platform_processing' build argument 'cmake_clean_cache' from command line to 'False'
[0.719s] Level 5:colcon.colcon_core.verb:set package 'platform_processing' build argument 'cmake_clean_first' from command line to 'False'
[0.719s] Level 5:colcon.colcon_core.verb:set package 'platform_processing' build argument 'cmake_force_configure' from command line to 'False'
[0.719s] Level 5:colcon.colcon_core.verb:set package 'platform_processing' build argument 'ament_cmake_args' from command line to 'None'
[0.719s] Level 5:colcon.colcon_core.verb:set package 'platform_processing' build argument 'catkin_cmake_args' from command line to 'None'
[0.719s] Level 5:colcon.colcon_core.verb:set package 'platform_processing' build argument 'catkin_skip_building_tests' from command line to 'False'
[0.719s] DEBUG:colcon.colcon_core.verb:Building package 'platform_processing' with the following arguments: {'ament_cmake_args': None, 'build_base': '/home/student/sensor_platform_ws/build/platform_processing', 'catkin_cmake_args': None, 'catkin_skip_building_tests': False, 'cmake_args': None, 'cmake_clean_cache': False, 'cmake_clean_first': False, 'cmake_force_configure': False, 'cmake_target': None, 'cmake_target_skip_unavailable': False, 'install_base': '/home/student/sensor_platform_ws/install/platform_processing', 'merge_install': False, 'path': '/home/student/sensor_platform_ws/src/platform_processing', 'symlink_install': False, 'test_result_base': None}
[0.722s] Level 5:colcon.colcon_core.verb:set package 'uavcan_bridge' build argument 'cmake_args' from command line to 'None'
[0.722s] Level 5:colcon.colcon_core.verb:set package 'uavcan_bridge' build argument 'cmake_target' from command line to 'None'
[0.722s] Level 5:colcon.colcon_core.verb:set package 'uavcan_bridge' build argument 'cmake_target_skip_unavailable' from command line to 'False'
[0.722s] Level 5:colcon.colcon_core.verb:set package 'uavcan_bridge' build argument 'cmake_clean_cache' from command line to 'False'
[0.722s] Level 5:colcon.colcon_core.verb:set package 'uavcan_bridge' build argument 'cmake_clean_first' from command line to 'False'
[0.722s] Level 5:colcon.colcon_core.verb:set package 'uavcan_bridge' build argument 'cmake_force_configure' from command line to 'False'
[0.722s] Level 5:colcon.colcon_core.verb:set package 'uavcan_bridge' build argument 'ament_cmake_args' from command line to 'None'
[0.722s] Level 5:colcon.colcon_core.verb:set package 'uavcan_bridge' build argument 'catkin_cmake_args' from command line to 'None'
[0.722s] Level 5:colcon.colcon_core.verb:set package 'uavcan_bridge' build argument 'catkin_skip_building_tests' from command line to 'False'
[0.722s] DEBUG:colcon.colcon_core.verb:Building package 'uavcan_bridge' with the following arguments: {'ament_cmake_args': None, 'build_base': '/home/student/sensor_platform_ws/build/uavcan_bridge', 'catkin_cmake_args': None, 'catkin_skip_building_tests': False, 'cmake_args': None, 'cmake_clean_cache': False, 'cmake_clean_first': False, 'cmake_force_configure': False, 'cmake_target': None, 'cmake_target_skip_unavailable': False, 'install_base': '/home/student/sensor_platform_ws/install/uavcan_bridge', 'merge_install': False, 'path': '/home/student/sensor_platform_ws/src/hardware/uavcan_bridge', 'symlink_install': False, 'test_result_base': None}
[0.723s] INFO:colcon.colcon_core.executor:Executing jobs using 'parallel' executor
[0.726s] DEBUG:colcon.colcon_parallel_executor.executor.parallel:run_until_complete
[0.726s] INFO:colcon.colcon_ros.task.ament_cmake.build:Building ROS package in '/home/student/sensor_platform_ws/src/olive_networking' with build type 'ament_cmake'
[0.726s] INFO:colcon.colcon_cmake.task.cmake.build:Building CMake package in '/home/student/sensor_platform_ws/src/olive_networking'
[0.728s] INFO:colcon.colcon_core.plugin_system:Skipping extension 'colcon_core.shell.bat': Not used on non-Windows systems
[0.728s] INFO:colcon.colcon_core.shell:Skip shell extension 'powershell' for command environment: Not usable outside of PowerShell
[0.728s] DEBUG:colcon.colcon_core.shell:Skip shell extension 'dsv' for command environment
[0.735s] INFO:colcon.colcon_ros.task.ament_cmake.build:Building ROS package in '/home/student/sensor_platform_ws/src/platform_bringup' with build type 'ament_cmake'
[0.735s] INFO:colcon.colcon_cmake.task.cmake.build:Building CMake package in '/home/student/sensor_platform_ws/src/platform_bringup'
[0.736s] INFO:colcon.colcon_core.shell:Skip shell extension 'powershell' for command environment: Not usable outside of PowerShell
[0.736s] DEBUG:colcon.colcon_core.shell:Skip shell extension 'dsv' for command environment
[0.742s] INFO:colcon.colcon_ros.task.ament_cmake.build:Building ROS package in '/home/student/sensor_platform_ws/src/platform_description' with build type 'ament_cmake'
[0.742s] INFO:colcon.colcon_cmake.task.cmake.build:Building CMake package in '/home/student/sensor_platform_ws/src/platform_description'
[0.743s] INFO:colcon.colcon_core.shell:Skip shell extension 'powershell' for command environment: Not usable outside of PowerShell
[0.743s] DEBUG:colcon.colcon_core.shell:Skip shell extension 'dsv' for command environment
[0.751s] INFO:colcon.colcon_ros.task.ament_cmake.build:Building ROS package in '/home/student/sensor_platform_ws/src/platform_interfaces' with build type 'ament_cmake'
[0.751s] INFO:colcon.colcon_cmake.task.cmake.build:Building CMake package in '/home/student/sensor_platform_ws/src/platform_interfaces'
[0.752s] INFO:colcon.colcon_core.shell:Skip shell extension 'powershell' for command environment: Not usable outside of PowerShell
[0.752s] DEBUG:colcon.colcon_core.shell:Skip shell extension 'dsv' for command environment
[0.755s] INFO:colcon.colcon_ros.task.ament_cmake.build:Building ROS package in '/home/student/sensor_platform_ws/src/platform_processing' with build type 'ament_cmake'
[0.755s] INFO:colcon.colcon_cmake.task.cmake.build:Building CMake package in '/home/student/sensor_platform_ws/src/platform_processing'
[0.755s] INFO:colcon.colcon_core.shell:Skip shell extension 'powershell' for command environment: Not usable outside of PowerShell
[0.755s] DEBUG:colcon.colcon_core.shell:Skip shell extension 'dsv' for command environment
[0.765s] INFO:colcon.colcon_ros.task.ament_cmake.build:Building ROS package in '/home/student/sensor_platform_ws/src/hardware/uavcan_bridge' with build type 'ament_cmake'
[0.765s] INFO:colcon.colcon_cmake.task.cmake.build:Building CMake package in '/home/student/sensor_platform_ws/src/hardware/uavcan_bridge'
[0.766s] INFO:colcon.colcon_core.shell:Skip shell extension 'powershell' for command environment: Not usable outside of PowerShell
[0.769s] DEBUG:colcon.colcon_core.shell:Skip shell extension 'dsv' for command environment
[0.781s] DEBUG:colcon.colcon_core.event_handler.log_command:Invoking command in '/home/student/sensor_platform_ws/build/olive_networking': CMAKE_PREFIX_PATH=/opt/ros/humble /usr/bin/cmake --build /home/student/sensor_platform_ws/build/olive_networking -- -j8 -l8
[0.794s] DEBUG:colcon.colcon_core.event_handler.log_command:Invoking command in '/home/student/sensor_platform_ws/build/platform_bringup': CMAKE_PREFIX_PATH=/opt/ros/humble /usr/bin/cmake --build /home/student/sensor_platform_ws/build/platform_bringup -- -j8 -l8
[0.795s] DEBUG:colcon.colcon_core.event_handler.log_command:Invoking command in '/home/student/sensor_platform_ws/build/platform_description': CMAKE_PREFIX_PATH=/opt/ros/humble /usr/bin/cmake --build /home/student/sensor_platform_ws/build/platform_description -- -j8 -l8
[0.796s] DEBUG:colcon.colcon_core.event_handler.log_command:Invoking command in '/home/student/sensor_platform_ws/build/platform_interfaces': CMAKE_PREFIX_PATH=/opt/ros/humble /usr/bin/cmake --build /home/student/sensor_platform_ws/build/platform_interfaces -- -j8 -l8
[0.809s] DEBUG:colcon.colcon_core.event_handler.log_command:Invoking command in '/home/student/sensor_platform_ws/build/platform_processing': CMAKE_PREFIX_PATH=/opt/ros/humble /usr/bin/cmake --build /home/student/sensor_platform_ws/build/platform_processing -- -j8 -l8
[0.840s] DEBUG:colcon.colcon_core.event_handler.log_command:Invoking command in '/home/student/sensor_platform_ws/build/uavcan_bridge': CMAKE_PREFIX_PATH=/opt/ros/humble /usr/bin/cmake --build /home/student/sensor_platform_ws/build/uavcan_bridge -- -j8 -l8
[0.844s] DEBUG:colcon.colcon_core.event_handler.log_command:Invoked command in '/home/student/sensor_platform_ws/build/olive_networking' returned '0': CMAKE_PREFIX_PATH=/opt/ros/humble /usr/bin/cmake --build /home/student/sensor_platform_ws/build/olive_networking -- -j8 -l8
[0.866s] DEBUG:colcon.colcon_core.event_handler.log_command:Invoking command in '/home/student/sensor_platform_ws/build/olive_networking': CMAKE_PREFIX_PATH=/opt/ros/humble /usr/bin/cmake --install /home/student/sensor_platform_ws/build/olive_networking
[0.878s] DEBUG:colcon.colcon_core.event_handler.log_command:Invoked command in '/home/student/sensor_platform_ws/build/platform_interfaces' returned '0': CMAKE_PREFIX_PATH=/opt/ros/humble /usr/bin/cmake --build /home/student/sensor_platform_ws/build/platform_interfaces -- -j8 -l8
[0.878s] DEBUG:colcon.colcon_core.event_handler.log_command:Invoking command in '/home/student/sensor_platform_ws/build/platform_interfaces': CMAKE_PREFIX_PATH=/opt/ros/humble /usr/bin/cmake --install /home/student/sensor_platform_ws/build/platform_interfaces
[0.887s] DEBUG:colcon.colcon_core.event_handler.log_command:Invoked command in '/home/student/sensor_platform_ws/build/platform_bringup' returned '0': CMAKE_PREFIX_PATH=/opt/ros/humble /usr/bin/cmake --build /home/student/sensor_platform_ws/build/platform_bringup -- -j8 -l8
[0.887s] DEBUG:colcon.colcon_core.event_handler.log_command:Invoking command in '/home/student/sensor_platform_ws/build/platform_bringup': CMAKE_PREFIX_PATH=/opt/ros/humble /usr/bin/cmake --install /home/student/sensor_platform_ws/build/platform_bringup
[0.894s] DEBUG:colcon.colcon_core.event_handler.log_command:Invoked command in '/home/student/sensor_platform_ws/build/platform_description' returned '0': CMAKE_PREFIX_PATH=/opt/ros/humble /usr/bin/cmake --build /home/student/sensor_platform_ws/build/platform_description -- -j8 -l8
[0.895s] DEBUG:colcon.colcon_core.event_handler.log_command:Invoking command in '/home/student/sensor_platform_ws/build/platform_description': CMAKE_PREFIX_PATH=/opt/ros/humble /usr/bin/cmake --install /home/student/sensor_platform_ws/build/platform_description
[0.911s] Level 1:colcon.colcon_core.environment:create_environment_scripts_only(olive_networking)
[0.913s] DEBUG:colcon.colcon_core.event_handler.log_command:Invoked command in '/home/student/sensor_platform_ws/build/olive_networking' returned '0': CMAKE_PREFIX_PATH=/opt/ros/humble /usr/bin/cmake --install /home/student/sensor_platform_ws/build/olive_networking
[0.913s] Level 1:colcon.colcon_core.environment:checking '/home/student/sensor_platform_ws/install/olive_networking' for CMake module files
[0.914s] Level 1:colcon.colcon_core.environment:checking '/home/student/sensor_platform_ws/install/olive_networking' for CMake config files
[0.914s] Level 1:colcon.colcon_core.shell:create_environment_hook('olive_networking', 'cmake_prefix_path')
[0.914s] INFO:colcon.colcon_core.shell:Creating environment hook '/home/student/sensor_platform_ws/install/olive_networking/share/olive_networking/hook/cmake_prefix_path.ps1'
[0.915s] INFO:colcon.colcon_core.shell:Creating environment descriptor '/home/student/sensor_platform_ws/install/olive_networking/share/olive_networking/hook/cmake_prefix_path.dsv'
[0.915s] INFO:colcon.colcon_core.shell:Creating environment hook '/home/student/sensor_platform_ws/install/olive_networking/share/olive_networking/hook/cmake_prefix_path.sh'
[0.916s] Level 1:colcon.colcon_core.environment:checking '/home/student/sensor_platform_ws/install/olive_networking/lib'
[0.916s] Level 1:colcon.colcon_core.environment:checking '/home/student/sensor_platform_ws/install/olive_networking/bin'
[0.916s] Level 1:colcon.colcon_core.environment:checking '/home/student/sensor_platform_ws/install/olive_networking/lib/pkgconfig/olive_networking.pc'
[0.916s] Level 1:colcon.colcon_core.environment:checking '/home/student/sensor_platform_ws/install/olive_networking/lib/python3.10/site-packages'
[0.918s] Level 1:colcon.colcon_core.environment:checking '/home/student/sensor_platform_ws/install/olive_networking/bin'
[0.918s] INFO:colcon.colcon_core.shell:Creating package script '/home/student/sensor_platform_ws/install/olive_networking/share/olive_networking/package.ps1'
[0.919s] INFO:colcon.colcon_core.shell:Creating package descriptor '/home/student/sensor_platform_ws/install/olive_networking/share/olive_networking/package.dsv'
[0.919s] INFO:colcon.colcon_core.shell:Creating package script '/home/student/sensor_platform_ws/install/olive_networking/share/olive_networking/package.sh'
[0.920s] INFO:colcon.colcon_core.shell:Creating package script '/home/student/sensor_platform_ws/install/olive_networking/share/olive_networking/package.bash'
[0.926s] INFO:colcon.colcon_core.shell:Creating package script '/home/student/sensor_platform_ws/install/olive_networking/share/olive_networking/package.zsh'
[0.927s] Level 1:colcon.colcon_core.environment:create_file_with_runtime_dependencies(/home/student/sensor_platform_ws/install/olive_networking/share/colcon-core/packages/olive_networking)
[0.928s] Level 1:colcon.colcon_core.environment:create_environment_scripts_only(olive_networking)
[0.928s] Level 1:colcon.colcon_core.environment:checking '/home/student/sensor_platform_ws/install/olive_networking' for CMake module files
[0.928s] Level 1:colcon.colcon_core.environment:checking '/home/student/sensor_platform_ws/install/olive_networking' for CMake config files
[0.928s] Level 1:colcon.colcon_core.shell:create_environment_hook('olive_networking', 'cmake_prefix_path')
[0.929s] INFO:colcon.colcon_core.shell:Creating environment hook '/home/student/sensor_platform_ws/install/olive_networking/share/olive_networking/hook/cmake_prefix_path.ps1'
[0.929s] INFO:colcon.colcon_core.shell:Creating environment descriptor '/home/student/sensor_platform_ws/install/olive_networking/share/olive_networking/hook/cmake_prefix_path.dsv'
[0.929s] INFO:colcon.colcon_core.shell:Creating environment hook '/home/student/sensor_platform_ws/install/olive_networking/share/olive_networking/hook/cmake_prefix_path.sh'
[0.935s] Level 1:colcon.colcon_core.environment:checking '/home/student/sensor_platform_ws/install/olive_networking/lib'
[0.935s] Level 1:colcon.colcon_core.environment:checking '/home/student/sensor_platform_ws/install/olive_networking/bin'
[0.935s] Level 1:colcon.colcon_core.environment:checking '/home/student/sensor_platform_ws/install/olive_networking/lib/pkgconfig/olive_networking.pc'
[0.935s] Level 1:colcon.colcon_core.environment:checking '/home/student/sensor_platform_ws/install/olive_networking/lib/python3.10/site-packages'
[0.935s] Level 1:colcon.colcon_core.environment:checking '/home/student/sensor_platform_ws/install/olive_networking/bin'
[0.936s] INFO:colcon.colcon_core.shell:Creating package script '/home/student/sensor_platform_ws/install/olive_networking/share/olive_networking/package.ps1'
[0.936s] INFO:colcon.colcon_core.shell:Creating package descriptor '/home/student/sensor_platform_ws/install/olive_networking/share/olive_networking/package.dsv'
[0.937s] INFO:colcon.colcon_core.shell:Creating package script '/home/student/sensor_platform_ws/install/olive_networking/share/olive_networking/package.sh'
[0.937s] INFO:colcon.colcon_core.shell:Creating package script '/home/student/sensor_platform_ws/install/olive_networking/share/olive_networking/package.bash'
[0.940s] INFO:colcon.colcon_core.shell:Creating package script '/home/student/sensor_platform_ws/install/olive_networking/share/olive_networking/package.zsh'
[0.940s] Level 1:colcon.colcon_core.environment:create_file_with_runtime_dependencies(/home/student/sensor_platform_ws/install/olive_networking/share/colcon-core/packages/olive_networking)
[0.941s] Level 1:colcon.colcon_core.environment:create_environment_scripts_only(platform_interfaces)
[0.941s] DEBUG:colcon.colcon_core.event_handler.log_command:Invoked command in '/home/student/sensor_platform_ws/build/platform_interfaces' returned '0': CMAKE_PREFIX_PATH=/opt/ros/humble /usr/bin/cmake --install /home/student/sensor_platform_ws/build/platform_interfaces
[0.942s] Level 1:colcon.colcon_core.environment:checking '/home/student/sensor_platform_ws/install/platform_interfaces' for CMake module files
[0.942s] Level 1:colcon.colcon_core.environment:checking '/home/student/sensor_platform_ws/install/platform_interfaces' for CMake config files
[0.942s] Level 1:colcon.colcon_core.shell:create_environment_hook('platform_interfaces', 'cmake_prefix_path')
[0.942s] INFO:colcon.colcon_core.shell:Creating environment hook '/home/student/sensor_platform_ws/install/platform_interfaces/share/platform_interfaces/hook/cmake_prefix_path.ps1'
[0.943s] INFO:colcon.colcon_core.shell:Creating environment descriptor '/home/student/sensor_platform_ws/install/platform_interfaces/share/platform_interfaces/hook/cmake_prefix_path.dsv'
[0.943s] INFO:colcon.colcon_core.shell:Creating environment hook '/home/student/sensor_platform_ws/install/platform_interfaces/share/platform_interfaces/hook/cmake_prefix_path.sh'
[0.944s] Level 1:colcon.colcon_core.environment:checking '/home/student/sensor_platform_ws/install/platform_interfaces/bin'
[0.947s] Level 1:colcon.colcon_core.environment:checking '/home/student/sensor_platform_ws/install/platform_interfaces/lib/pkgconfig/platform_interfaces.pc'
[0.947s] Level 1:colcon.colcon_core.environment:checking '/home/student/sensor_platform_ws/install/platform_interfaces/lib/python3.10/site-packages'
[0.948s] Level 1:colcon.colcon_core.environment:checking '/home/student/sensor_platform_ws/install/platform_interfaces/bin'
[0.948s] INFO:colcon.colcon_core.shell:Creating package script '/home/student/sensor_platform_ws/install/platform_interfaces/share/platform_interfaces/package.ps1'
[0.949s] INFO:colcon.colcon_core.shell:Creating package descriptor '/home/student/sensor_platform_ws/install/platform_interfaces/share/platform_interfaces/package.dsv'
[0.949s] INFO:colcon.colcon_core.shell:Creating package script '/home/student/sensor_platform_ws/install/platform_interfaces/share/platform_interfaces/package.sh'
[0.949s] INFO:colcon.colcon_core.shell:Creating package script '/home/student/sensor_platform_ws/install/platform_interfaces/share/platform_interfaces/package.bash'
[0.950s] INFO:colcon.colcon_core.shell:Creating package script '/home/student/sensor_platform_ws/install/platform_interfaces/share/platform_interfaces/package.zsh'
[0.950s] Level 1:colcon.colcon_core.environment:create_file_with_runtime_dependencies(/home/student/sensor_platform_ws/install/platform_interfaces/share/colcon-core/packages/platform_interfaces)
[0.953s] Level 1:colcon.colcon_core.environment:create_environment_scripts_only(platform_interfaces)
[0.954s] Level 1:colcon.colcon_core.environment:checking '/home/student/sensor_platform_ws/install/platform_interfaces' for CMake module files
[0.954s] Level 1:colcon.colcon_core.environment:checking '/home/student/sensor_platform_ws/install/platform_interfaces' for CMake config files
[0.954s] Level 1:colcon.colcon_core.shell:create_environment_hook('platform_interfaces', 'cmake_prefix_path')
[0.955s] INFO:colcon.colcon_core.shell:Creating environment hook '/home/student/sensor_platform_ws/install/platform_interfaces/share/platform_interfaces/hook/cmake_prefix_path.ps1'
[0.955s] INFO:colcon.colcon_core.shell:Creating environment descriptor '/home/student/sensor_platform_ws/install/platform_interfaces/share/platform_interfaces/hook/cmake_prefix_path.dsv'
[0.955s] INFO:colcon.colcon_core.shell:Creating environment hook '/home/student/sensor_platform_ws/install/platform_interfaces/share/platform_interfaces/hook/cmake_prefix_path.sh'
[0.956s] Level 1:colcon.colcon_core.environment:checking '/home/student/sensor_platform_ws/install/platform_interfaces/bin'
[0.956s] Level 1:colcon.colcon_core.environment:checking '/home/student/sensor_platform_ws/install/platform_interfaces/lib/pkgconfig/platform_interfaces.pc'
[0.956s] Level 1:colcon.colcon_core.environment:checking '/home/student/sensor_platform_ws/install/platform_interfaces/lib/python3.10/site-packages'
[0.956s] Level 1:colcon.colcon_core.environment:checking '/home/student/sensor_platform_ws/install/platform_interfaces/bin'
[0.957s] INFO:colcon.colcon_core.shell:Creating package script '/home/student/sensor_platform_ws/install/platform_interfaces/share/platform_interfaces/package.ps1'
[0.963s] INFO:colcon.colcon_core.shell:Creating package descriptor '/home/student/sensor_platform_ws/install/platform_interfaces/share/platform_interfaces/package.dsv'
[0.963s] INFO:colcon.colcon_core.shell:Creating package script '/home/student/sensor_platform_ws/install/platform_interfaces/share/platform_interfaces/package.sh'
[0.964s] INFO:colcon.colcon_core.shell:Creating package script '/home/student/sensor_platform_ws/install/platform_interfaces/share/platform_interfaces/package.bash'
[0.964s] INFO:colcon.colcon_core.shell:Creating package script '/home/student/sensor_platform_ws/install/platform_interfaces/share/platform_interfaces/package.zsh'
[0.965s] Level 1:colcon.colcon_core.environment:create_file_with_runtime_dependencies(/home/student/sensor_platform_ws/install/platform_interfaces/share/colcon-core/packages/platform_interfaces)
[0.974s] Level 1:colcon.colcon_core.environment:create_environment_scripts_only(platform_bringup)
[0.974s] Level 1:colcon.colcon_core.environment:checking '/home/student/sensor_platform_ws/install/platform_bringup' for CMake module files
[0.974s] DEBUG:colcon.colcon_core.event_handler.log_command:Invoked command in '/home/student/sensor_platform_ws/build/platform_bringup' returned '0': CMAKE_PREFIX_PATH=/opt/ros/humble /usr/bin/cmake --install /home/student/sensor_platform_ws/build/platform_bringup
[0.975s] Level 1:colcon.colcon_core.environment:checking '/home/student/sensor_platform_ws/install/platform_bringup' for CMake config files
[0.975s] Level 1:colcon.colcon_core.shell:create_environment_hook('platform_bringup', 'cmake_prefix_path')
[0.975s] INFO:colcon.colcon_core.shell:Creating environment hook '/home/student/sensor_platform_ws/install/platform_bringup/share/platform_bringup/hook/cmake_prefix_path.ps1'
[0.977s] INFO:colcon.colcon_core.shell:Creating environment descriptor '/home/student/sensor_platform_ws/install/platform_bringup/share/platform_bringup/hook/cmake_prefix_path.dsv'
[0.977s] INFO:colcon.colcon_core.shell:Creating environment hook '/home/student/sensor_platform_ws/install/platform_bringup/share/platform_bringup/hook/cmake_prefix_path.sh'
[0.977s] Level 1:colcon.colcon_core.environment:checking '/home/student/sensor_platform_ws/install/platform_bringup/bin'
[0.977s] Level 1:colcon.colcon_core.environment:checking '/home/student/sensor_platform_ws/install/platform_bringup/lib/pkgconfig/platform_bringup.pc'
[0.978s] Level 1:colcon.colcon_core.environment:checking '/home/student/sensor_platform_ws/install/platform_bringup/lib/python3.10/site-packages'
[0.980s] Level 1:colcon.colcon_core.environment:checking '/home/student/sensor_platform_ws/install/platform_bringup/bin'
[0.981s] INFO:colcon.colcon_core.shell:Creating package script '/home/student/sensor_platform_ws/install/platform_bringup/share/platform_bringup/package.ps1'
[0.981s] INFO:colcon.colcon_core.shell:Creating package descriptor '/home/student/sensor_platform_ws/install/platform_bringup/share/platform_bringup/package.dsv'
[0.981s] INFO:colcon.colcon_core.shell:Creating package script '/home/student/sensor_platform_ws/install/platform_bringup/share/platform_bringup/package.sh'
[0.982s] INFO:colcon.colcon_core.shell:Creating package script '/home/student/sensor_platform_ws/install/platform_bringup/share/platform_bringup/package.bash'
[0.982s] INFO:colcon.colcon_core.shell:Creating package script '/home/student/sensor_platform_ws/install/platform_bringup/share/platform_bringup/package.zsh'
[0.985s] Level 1:colcon.colcon_core.environment:create_file_with_runtime_dependencies(/home/student/sensor_platform_ws/install/platform_bringup/share/colcon-core/packages/platform_bringup)
[0.986s] Level 1:colcon.colcon_core.environment:create_environment_scripts_only(platform_bringup)
[0.986s] Level 1:colcon.colcon_core.environment:checking '/home/student/sensor_platform_ws/install/platform_bringup' for CMake module files
[0.986s] Level 1:colcon.colcon_core.environment:checking '/home/student/sensor_platform_ws/install/platform_bringup' for CMake config files
[0.987s] Level 1:colcon.colcon_core.shell:create_environment_hook('platform_bringup', 'cmake_prefix_path')
[0.987s] INFO:colcon.colcon_core.shell:Creating environment hook '/home/student/sensor_platform_ws/install/platform_bringup/share/platform_bringup/hook/cmake_prefix_path.ps1'
[0.987s] INFO:colcon.colcon_core.shell:Creating environment descriptor '/home/student/sensor_platform_ws/install/platform_bringup/share/platform_bringup/hook/cmake_prefix_path.dsv'
[0.987s] INFO:colcon.colcon_core.shell:Creating environment hook '/home/student/sensor_platform_ws/install/platform_bringup/share/platform_bringup/hook/cmake_prefix_path.sh'
[0.988s] Level 1:colcon.colcon_core.environment:checking '/home/student/sensor_platform_ws/install/platform_bringup/bin'
[0.988s] Level 1:colcon.colcon_core.environment:checking '/home/student/sensor_platform_ws/install/platform_bringup/lib/pkgconfig/platform_bringup.pc'
[0.988s] Level 1:colcon.colcon_core.environment:checking '/home/student/sensor_platform_ws/install/platform_bringup/lib/python3.10/site-packages'
[0.991s] Level 1:colcon.colcon_core.environment:checking '/home/student/sensor_platform_ws/install/platform_bringup/bin'
[0.991s] INFO:colcon.colcon_core.shell:Creating package script '/home/student/sensor_platform_ws/install/platform_bringup/share/platform_bringup/package.ps1'
[0.992s] INFO:colcon.colcon_core.shell:Creating package descriptor '/home/student/sensor_platform_ws/install/platform_bringup/share/platform_bringup/package.dsv'
[0.993s] INFO:colcon.colcon_core.shell:Creating package script '/home/student/sensor_platform_ws/install/platform_bringup/share/platform_bringup/package.sh'
[0.993s] INFO:colcon.colcon_core.shell:Creating package script '/home/student/sensor_platform_ws/install/platform_bringup/share/platform_bringup/package.bash'
[0.993s] INFO:colcon.colcon_core.shell:Creating package script '/home/student/sensor_platform_ws/install/platform_bringup/share/platform_bringup/package.zsh'
[0.994s] Level 1:colcon.colcon_core.environment:create_file_with_runtime_dependencies(/home/student/sensor_platform_ws/install/platform_bringup/share/colcon-core/packages/platform_bringup)
[0.997s] Level 1:colcon.colcon_core.environment:create_environment_scripts_only(platform_description)
[0.998s] Level 1:colcon.colcon_core.environment:checking '/home/student/sensor_platform_ws/install/platform_description' for CMake module files
[0.998s] DEBUG:colcon.colcon_core.event_handler.log_command:Invoked command in '/home/student/sensor_platform_ws/build/platform_description' returned '0': CMAKE_PREFIX_PATH=/opt/ros/humble /usr/bin/cmake --install /home/student/sensor_platform_ws/build/platform_description
[0.998s] Level 1:colcon.colcon_core.environment:checking '/home/student/sensor_platform_ws/install/platform_description' for CMake config files
[0.999s] Level 1:colcon.colcon_core.shell:create_environment_hook('platform_description', 'cmake_prefix_path')
[0.999s] INFO:colcon.colcon_core.shell:Creating environment hook '/home/student/sensor_platform_ws/install/platform_description/share/platform_description/hook/cmake_prefix_path.ps1'
[0.999s] INFO:colcon.colcon_core.shell:Creating environment descriptor '/home/student/sensor_platform_ws/install/platform_description/share/platform_description/hook/cmake_prefix_path.dsv'
[0.999s] INFO:colcon.colcon_core.shell:Creating environment hook '/home/student/sensor_platform_ws/install/platform_description/share/platform_description/hook/cmake_prefix_path.sh'
[1.000s] Level 1:colcon.colcon_core.environment:checking '/home/student/sensor_platform_ws/install/platform_description/bin'
[1.000s] Level 1:colcon.colcon_core.environment:checking '/home/student/sensor_platform_ws/install/platform_description/lib/pkgconfig/platform_description.pc'
[1.000s] Level 1:colcon.colcon_core.environment:checking '/home/student/sensor_platform_ws/install/platform_description/lib/python3.10/site-packages'
[1.001s] Level 1:colcon.colcon_core.environment:checking '/home/student/sensor_platform_ws/install/platform_description/bin'
[1.001s] INFO:colcon.colcon_core.shell:Creating package script '/home/student/sensor_platform_ws/install/platform_description/share/platform_description/package.ps1'
[1.004s] INFO:colcon.colcon_core.shell:Creating package descriptor '/home/student/sensor_platform_ws/install/platform_description/share/platform_description/package.dsv'
[1.005s] INFO:colcon.colcon_core.shell:Creating package script '/home/student/sensor_platform_ws/install/platform_description/share/platform_description/package.sh'
[1.005s] INFO:colcon.colcon_core.shell:Creating package script '/home/student/sensor_platform_ws/install/platform_description/share/platform_description/package.bash'
[1.005s] INFO:colcon.colcon_core.shell:Creating package script '/home/student/sensor_platform_ws/install/platform_description/share/platform_description/package.zsh'
[1.006s] Level 1:colcon.colcon_core.environment:create_file_with_runtime_dependencies(/home/student/sensor_platform_ws/install/platform_description/share/colcon-core/packages/platform_description)
[1.006s] Level 1:colcon.colcon_core.environment:create_environment_scripts_only(platform_description)
[1.006s] Level 1:colcon.colcon_core.environment:checking '/home/student/sensor_platform_ws/install/platform_description' for CMake module files
[1.007s] Level 1:colcon.colcon_core.environment:checking '/home/student/sensor_platform_ws/install/platform_description' for CMake config files
[1.007s] Level 1:colcon.colcon_core.shell:create_environment_hook('platform_description', 'cmake_prefix_path')
[1.007s] INFO:colcon.colcon_core.shell:Creating environment hook '/home/student/sensor_platform_ws/install/platform_description/share/platform_description/hook/cmake_prefix_path.ps1'
[1.010s] INFO:colcon.colcon_core.shell:Creating environment descriptor '/home/student/sensor_platform_ws/install/platform_description/share/platform_description/hook/cmake_prefix_path.dsv'
[1.010s] INFO:colcon.colcon_core.shell:Creating environment hook '/home/student/sensor_platform_ws/install/platform_description/share/platform_description/hook/cmake_prefix_path.sh'
[1.010s] Level 1:colcon.colcon_core.environment:checking '/home/student/sensor_platform_ws/install/platform_description/bin'
[1.011s] Level 1:colcon.colcon_core.environment:checking '/home/student/sensor_platform_ws/install/platform_description/lib/pkgconfig/platform_description.pc'
[1.011s] Level 1:colcon.colcon_core.environment:checking '/home/student/sensor_platform_ws/install/platform_description/lib/python3.10/site-packages'
[1.011s] Level 1:colcon.colcon_core.environment:checking '/home/student/sensor_platform_ws/install/platform_description/bin'
[1.015s] INFO:colcon.colcon_core.shell:Creating package script '/home/student/sensor_platform_ws/install/platform_description/share/platform_description/package.ps1'
[1.016s] INFO:colcon.colcon_core.shell:Creating package descriptor '/home/student/sensor_platform_ws/install/platform_description/share/platform_description/package.dsv'
[1.016s] INFO:colcon.colcon_core.shell:Creating package script '/home/student/sensor_platform_ws/install/platform_description/share/platform_description/package.sh'
[1.017s] INFO:colcon.colcon_core.shell:Creating package script '/home/student/sensor_platform_ws/install/platform_description/share/platform_description/package.bash'
[1.017s] INFO:colcon.colcon_core.shell:Creating package script '/home/student/sensor_platform_ws/install/platform_description/share/platform_description/package.zsh'
[1.017s] Level 1:colcon.colcon_core.environment:create_file_with_runtime_dependencies(/home/student/sensor_platform_ws/install/platform_description/share/colcon-core/packages/platform_description)
[1.018s] DEBUG:colcon.colcon_core.event_handler.log_command:Invoked command in '/home/student/sensor_platform_ws/build/platform_processing' returned '0': CMAKE_PREFIX_PATH=/opt/ros/humble /usr/bin/cmake --build /home/student/sensor_platform_ws/build/platform_processing -- -j8 -l8
[1.019s] DEBUG:colcon.colcon_core.event_handler.log_command:Invoking command in '/home/student/sensor_platform_ws/build/platform_processing': CMAKE_PREFIX_PATH=/opt/ros/humble /usr/bin/cmake --install /home/student/sensor_platform_ws/build/platform_processing
[1.026s] DEBUG:colcon.colcon_core.event_handler.log_command:Invoked command in '/home/student/sensor_platform_ws/build/uavcan_bridge' returned '0': CMAKE_PREFIX_PATH=/opt/ros/humble /usr/bin/cmake --build /home/student/sensor_platform_ws/build/uavcan_bridge -- -j8 -l8
[1.028s] DEBUG:colcon.colcon_core.event_handler.log_command:Invoking command in '/home/student/sensor_platform_ws/build/uavcan_bridge': CMAKE_PREFIX_PATH=/opt/ros/humble /usr/bin/cmake --install /home/student/sensor_platform_ws/build/uavcan_bridge
[1.055s] Level 1:colcon.colcon_core.environment:create_environment_scripts_only(uavcan_bridge)
[1.055s] Level 1:colcon.colcon_core.environment:checking '/home/student/sensor_platform_ws/install/uavcan_bridge' for CMake module files
[1.056s] DEBUG:colcon.colcon_core.event_handler.log_command:Invoked command in '/home/student/sensor_platform_ws/build/uavcan_bridge' returned '0': CMAKE_PREFIX_PATH=/opt/ros/humble /usr/bin/cmake --install /home/student/sensor_platform_ws/build/uavcan_bridge
[1.056s] Level 1:colcon.colcon_core.environment:checking '/home/student/sensor_platform_ws/install/uavcan_bridge' for CMake config files
[1.056s] Level 1:colcon.colcon_core.shell:create_environment_hook('uavcan_bridge', 'cmake_prefix_path')
[1.057s] INFO:colcon.colcon_core.shell:Creating environment hook '/home/student/sensor_platform_ws/install/uavcan_bridge/share/uavcan_bridge/hook/cmake_prefix_path.ps1'
[1.057s] INFO:colcon.colcon_core.shell:Creating environment descriptor '/home/student/sensor_platform_ws/install/uavcan_bridge/share/uavcan_bridge/hook/cmake_prefix_path.dsv'
[1.057s] INFO:colcon.colcon_core.shell:Creating environment hook '/home/student/sensor_platform_ws/install/uavcan_bridge/share/uavcan_bridge/hook/cmake_prefix_path.sh'
[1.058s] Level 1:colcon.colcon_core.environment:checking '/home/student/sensor_platform_ws/install/uavcan_bridge/lib'
[1.058s] Level 1:colcon.colcon_core.shell:create_environment_hook('uavcan_bridge', 'ld_library_path_lib')
[1.058s] INFO:colcon.colcon_core.shell:Creating environment hook '/home/student/sensor_platform_ws/install/uavcan_bridge/share/uavcan_bridge/hook/ld_library_path_lib.ps1'
[1.058s] INFO:colcon.colcon_core.shell:Creating environment descriptor '/home/student/sensor_platform_ws/install/uavcan_bridge/share/uavcan_bridge/hook/ld_library_path_lib.dsv'
[1.058s] INFO:colcon.colcon_core.shell:Creating environment hook '/home/student/sensor_platform_ws/install/uavcan_bridge/share/uavcan_bridge/hook/ld_library_path_lib.sh'
[1.059s] Level 1:colcon.colcon_core.environment:checking '/home/student/sensor_platform_ws/install/uavcan_bridge/bin'
[1.059s] Level 1:colcon.colcon_core.environment:checking '/home/student/sensor_platform_ws/install/uavcan_bridge/lib/pkgconfig/uavcan_bridge.pc'
[1.059s] Level 1:colcon.colcon_core.environment:checking '/home/student/sensor_platform_ws/install/uavcan_bridge/lib/python3.10/site-packages'
[1.064s] Level 1:colcon.colcon_core.environment:checking '/home/student/sensor_platform_ws/install/uavcan_bridge/bin'
[1.065s] INFO:colcon.colcon_core.shell:Creating package script '/home/student/sensor_platform_ws/install/uavcan_bridge/share/uavcan_bridge/package.ps1'
[1.065s] INFO:colcon.colcon_core.shell:Creating package descriptor '/home/student/sensor_platform_ws/install/uavcan_bridge/share/uavcan_bridge/package.dsv'
[1.066s] INFO:colcon.colcon_core.shell:Creating package script '/home/student/sensor_platform_ws/install/uavcan_bridge/share/uavcan_bridge/package.sh'
[1.066s] INFO:colcon.colcon_core.shell:Creating package script '/home/student/sensor_platform_ws/install/uavcan_bridge/share/uavcan_bridge/package.bash'
[1.067s] INFO:colcon.colcon_core.shell:Creating package script '/home/student/sensor_platform_ws/install/uavcan_bridge/share/uavcan_bridge/package.zsh'
[1.067s] Level 1:colcon.colcon_core.environment:create_file_with_runtime_dependencies(/home/student/sensor_platform_ws/install/uavcan_bridge/share/colcon-core/packages/uavcan_bridge)
[1.070s] Level 1:colcon.colcon_core.environment:create_environment_scripts_only(uavcan_bridge)
[1.071s] Level 1:colcon.colcon_core.environment:checking '/home/student/sensor_platform_ws/install/uavcan_bridge' for CMake module files
[1.071s] Level 1:colcon.colcon_core.environment:checking '/home/student/sensor_platform_ws/install/uavcan_bridge' for CMake config files
[1.071s] Level 1:colcon.colcon_core.shell:create_environment_hook('uavcan_bridge', 'cmake_prefix_path')
[1.071s] INFO:colcon.colcon_core.shell:Creating environment hook '/home/student/sensor_platform_ws/install/uavcan_bridge/share/uavcan_bridge/hook/cmake_prefix_path.ps1'
[1.072s] INFO:colcon.colcon_core.shell:Creating environment descriptor '/home/student/sensor_platform_ws/install/uavcan_bridge/share/uavcan_bridge/hook/cmake_prefix_path.dsv'
[1.072s] INFO:colcon.colcon_core.shell:Creating environment hook '/home/student/sensor_platform_ws/install/uavcan_bridge/share/uavcan_bridge/hook/cmake_prefix_path.sh'
[1.072s] Level 1:colcon.colcon_core.environment:checking '/home/student/sensor_platform_ws/install/uavcan_bridge/lib'
[1.072s] Level 1:colcon.colcon_core.shell:create_environment_hook('uavcan_bridge', 'ld_library_path_lib')
[1.073s] INFO:colcon.colcon_core.shell:Creating environment hook '/home/student/sensor_platform_ws/install/uavcan_bridge/share/uavcan_bridge/hook/ld_library_path_lib.ps1'
[1.073s] INFO:colcon.colcon_core.shell:Creating environment descriptor '/home/student/sensor_platform_ws/install/uavcan_bridge/share/uavcan_bridge/hook/ld_library_path_lib.dsv'
[1.076s] INFO:colcon.colcon_core.shell:Creating environment hook '/home/student/sensor_platform_ws/install/uavcan_bridge/share/uavcan_bridge/hook/ld_library_path_lib.sh'
[1.077s] Level 1:colcon.colcon_core.environment:checking '/home/student/sensor_platform_ws/install/uavcan_bridge/bin'
[1.077s] Level 1:colcon.colcon_core.environment:checking '/home/student/sensor_platform_ws/install/uavcan_bridge/lib/pkgconfig/uavcan_bridge.pc'
[1.077s] Level 1:colcon.colcon_core.environment:checking '/home/student/sensor_platform_ws/install/uavcan_bridge/lib/python3.10/site-packages'
[1.077s] Level 1:colcon.colcon_core.environment:checking '/home/student/sensor_platform_ws/install/uavcan_bridge/bin'
[1.077s] INFO:colcon.colcon_core.shell:Creating package script '/home/student/sensor_platform_ws/install/uavcan_bridge/share/uavcan_bridge/package.ps1'
[1.078s] INFO:colcon.colcon_core.shell:Creating package descriptor '/home/student/sensor_platform_ws/install/uavcan_bridge/share/uavcan_bridge/package.dsv'
[1.079s] INFO:colcon.colcon_core.shell:Creating package script '/home/student/sensor_platform_ws/install/uavcan_bridge/share/uavcan_bridge/package.sh'
[1.079s] INFO:colcon.colcon_core.shell:Creating package script '/home/student/sensor_platform_ws/install/uavcan_bridge/share/uavcan_bridge/package.bash'
[1.079s] INFO:colcon.colcon_core.shell:Creating package script '/home/student/sensor_platform_ws/install/uavcan_bridge/share/uavcan_bridge/package.zsh'
[1.080s] Level 1:colcon.colcon_core.environment:create_file_with_runtime_dependencies(/home/student/sensor_platform_ws/install/uavcan_bridge/share/colcon-core/packages/uavcan_bridge)
[1.084s] Level 1:colcon.colcon_core.environment:create_environment_scripts_only(platform_processing)
[1.084s] Level 1:colcon.colcon_core.environment:checking '/home/student/sensor_platform_ws/install/platform_processing' for CMake module files
[1.084s] DEBUG:colcon.colcon_core.event_handler.log_command:Invoked command in '/home/student/sensor_platform_ws/build/platform_processing' returned '0': CMAKE_PREFIX_PATH=/opt/ros/humble /usr/bin/cmake --install /home/student/sensor_platform_ws/build/platform_processing
[1.085s] Level 1:colcon.colcon_core.environment:checking '/home/student/sensor_platform_ws/install/platform_processing' for CMake config files
[1.085s] Level 1:colcon.colcon_core.shell:create_environment_hook('platform_processing', 'cmake_prefix_path')
[1.085s] INFO:colcon.colcon_core.shell:Creating environment hook '/home/student/sensor_platform_ws/install/platform_processing/share/platform_processing/hook/cmake_prefix_path.ps1'
[1.085s] INFO:colcon.colcon_core.shell:Creating environment descriptor '/home/student/sensor_platform_ws/install/platform_processing/share/platform_processing/hook/cmake_prefix_path.dsv'
[1.086s] INFO:colcon.colcon_core.shell:Creating environment hook '/home/student/sensor_platform_ws/install/platform_processing/share/platform_processing/hook/cmake_prefix_path.sh'
[1.086s] Level 1:colcon.colcon_core.environment:checking '/home/student/sensor_platform_ws/install/platform_processing/lib'
[1.086s] Level 1:colcon.colcon_core.shell:create_environment_hook('platform_processing', 'ld_library_path_lib')
[1.086s] INFO:colcon.colcon_core.shell:Creating environment hook '/home/student/sensor_platform_ws/install/platform_processing/share/platform_processing/hook/ld_library_path_lib.ps1'
[1.087s] INFO:colcon.colcon_core.shell:Creating environment descriptor '/home/student/sensor_platform_ws/install/platform_processing/share/platform_processing/hook/ld_library_path_lib.dsv'
[1.087s] INFO:colcon.colcon_core.shell:Creating environment hook '/home/student/sensor_platform_ws/install/platform_processing/share/platform_processing/hook/ld_library_path_lib.sh'
[1.100s] Level 1:colcon.colcon_core.environment:checking '/home/student/sensor_platform_ws/install/platform_processing/bin'
[1.100s] Level 1:colcon.colcon_core.environment:checking '/home/student/sensor_platform_ws/install/platform_processing/lib/pkgconfig/platform_processing.pc'
[1.101s] Level 1:colcon.colcon_core.environment:checking '/home/student/sensor_platform_ws/install/platform_processing/lib/python3.10/site-packages'
[1.101s] Level 1:colcon.colcon_core.environment:checking '/home/student/sensor_platform_ws/install/platform_processing/bin'
[1.101s] INFO:colcon.colcon_core.shell:Creating package script '/home/student/sensor_platform_ws/install/platform_processing/share/platform_processing/package.ps1'
[1.102s] INFO:colcon.colcon_core.shell:Creating package descriptor '/home/student/sensor_platform_ws/install/platform_processing/share/platform_processing/package.dsv'
[1.102s] INFO:colcon.colcon_core.shell:Creating package script '/home/student/sensor_platform_ws/install/platform_processing/share/platform_processing/package.sh'
[1.103s] INFO:colcon.colcon_core.shell:Creating package script '/home/student/sensor_platform_ws/install/platform_processing/share/platform_processing/package.bash'
[1.103s] INFO:colcon.colcon_core.shell:Creating package script '/home/student/sensor_platform_ws/install/platform_processing/share/platform_processing/package.zsh'
[1.107s] Level 1:colcon.colcon_core.environment:create_file_with_runtime_dependencies(/home/student/sensor_platform_ws/install/platform_processing/share/colcon-core/packages/platform_processing)
[1.107s] Level 1:colcon.colcon_core.environment:create_environment_scripts_only(platform_processing)
[1.107s] Level 1:colcon.colcon_core.environment:checking '/home/student/sensor_platform_ws/install/platform_processing' for CMake module files
[1.108s] Level 1:colcon.colcon_core.environment:checking '/home/student/sensor_platform_ws/install/platform_processing' for CMake config files
[1.109s] Level 1:colcon.colcon_core.shell:create_environment_hook('platform_processing', 'cmake_prefix_path')
[1.110s] INFO:colcon.colcon_core.shell:Creating environment hook '/home/student/sensor_platform_ws/install/platform_processing/share/platform_processing/hook/cmake_prefix_path.ps1'
[1.110s] INFO:colcon.colcon_core.shell:Creating environment descriptor '/home/student/sensor_platform_ws/install/platform_processing/share/platform_processing/hook/cmake_prefix_path.dsv'
[1.110s] INFO:colcon.colcon_core.shell:Creating environment hook '/home/student/sensor_platform_ws/install/platform_processing/share/platform_processing/hook/cmake_prefix_path.sh'
[1.111s] Level 1:colcon.colcon_core.environment:checking '/home/student/sensor_platform_ws/install/platform_processing/lib'
[1.111s] Level 1:colcon.colcon_core.shell:create_environment_hook('platform_processing', 'ld_library_path_lib')
[1.111s] INFO:colcon.colcon_core.shell:Creating environment hook '/home/student/sensor_platform_ws/install/platform_processing/share/platform_processing/hook/ld_library_path_lib.ps1'
[1.113s] INFO:colcon.colcon_core.shell:Creating environment descriptor '/home/student/sensor_platform_ws/install/platform_processing/share/platform_processing/hook/ld_library_path_lib.dsv'
[1.114s] INFO:colcon.colcon_core.shell:Creating environment hook '/home/student/sensor_platform_ws/install/platform_processing/share/platform_processing/hook/ld_library_path_lib.sh'
[1.114s] Level 1:colcon.colcon_core.environment:checking '/home/student/sensor_platform_ws/install/platform_processing/bin'
[1.114s] Level 1:colcon.colcon_core.environment:checking '/home/student/sensor_platform_ws/install/platform_processing/lib/pkgconfig/platform_processing.pc'
[1.114s] Level 1:colcon.colcon_core.environment:checking '/home/student/sensor_platform_ws/install/platform_processing/lib/python3.10/site-packages'
[1.115s] Level 1:colcon.colcon_core.environment:checking '/home/student/sensor_platform_ws/install/platform_processing/bin'
[1.115s] INFO:colcon.colcon_core.shell:Creating package script '/home/student/sensor_platform_ws/install/platform_processing/share/platform_processing/package.ps1'
[1.115s] INFO:colcon.colcon_core.shell:Creating package descriptor '/home/student/sensor_platform_ws/install/platform_processing/share/platform_processing/package.dsv'
[1.116s] INFO:colcon.colcon_core.shell:Creating package script '/home/student/sensor_platform_ws/install/platform_processing/share/platform_processing/package.sh'
[1.119s] INFO:colcon.colcon_core.shell:Creating package script '/home/student/sensor_platform_ws/install/platform_processing/share/platform_processing/package.bash'
[1.123s] INFO:colcon.colcon_core.shell:Creating package script '/home/student/sensor_platform_ws/install/platform_processing/share/platform_processing/package.zsh'
[1.124s] Level 1:colcon.colcon_core.environment:create_file_with_runtime_dependencies(/home/student/sensor_platform_ws/install/platform_processing/share/colcon-core/packages/platform_processing)
[1.124s] DEBUG:colcon.colcon_parallel_executor.executor.parallel:closing loop
[1.124s] DEBUG:colcon.colcon_parallel_executor.executor.parallel:loop closed
[1.127s] DEBUG:colcon.colcon_parallel_executor.executor.parallel:run_until_complete finished with '0'
[1.127s] DEBUG:colcon.colcon_core.event_reactor:joining thread
[1.136s] INFO:colcon.colcon_core.plugin_system:Skipping extension 'colcon_notification.desktop_notification.terminal_notifier': Not used on non-Darwin systems
[1.136s] INFO:colcon.colcon_core.plugin_system:Skipping extension 'colcon_notification.desktop_notification.win32': Not used on non-Windows systems
[1.136s] INFO:colcon.colcon_notification.desktop_notification:Sending desktop notification using 'notify2'
[1.170s] DEBUG:colcon.colcon_core.event_reactor:joined thread
[1.170s] INFO:colcon.colcon_core.shell:Creating prefix script '/home/student/sensor_platform_ws/install/local_setup.ps1'
[1.171s] INFO:colcon.colcon_core.shell:Creating prefix util module '/home/student/sensor_platform_ws/install/_local_setup_util_ps1.py'
[1.172s] INFO:colcon.colcon_core.shell:Creating prefix chain script '/home/student/sensor_platform_ws/install/setup.ps1'
[1.173s] INFO:colcon.colcon_core.shell:Creating prefix script '/home/student/sensor_platform_ws/install/local_setup.sh'
[1.177s] INFO:colcon.colcon_core.shell:Creating prefix util module '/home/student/sensor_platform_ws/install/_local_setup_util_sh.py'
[1.177s] INFO:colcon.colcon_core.shell:Creating prefix chain script '/home/student/sensor_platform_ws/install/setup.sh'
[1.178s] INFO:colcon.colcon_core.shell:Creating prefix script '/home/student/sensor_platform_ws/install/local_setup.bash'
[1.178s] INFO:colcon.colcon_core.shell:Creating prefix chain script '/home/student/sensor_platform_ws/install/setup.bash'
[1.179s] INFO:colcon.colcon_core.shell:Creating prefix script '/home/student/sensor_platform_ws/install/local_setup.zsh'
[1.182s] INFO:colcon.colcon_core.shell:Creating prefix chain script '/home/student/sensor_platform_ws/install/setup.zsh'
