-- The C compiler identification is GNU 11.4.0
-- The CXX compiler identification is GNU 11.4.0
-- Detecting C compiler ABI info
-- Detecting C compiler ABI info - done
-- Check for working C compiler: /usr/bin/cc - skipped
-- Detecting C compile features
-- Detecting C compile features - done
-- Detecting CXX compiler ABI info
-- Detecting CXX compiler ABI info - done
-- Check for working CXX compiler: /usr/bin/c++ - skipped
-- Detecting CXX compile features
-- Detecting CXX compile features - done
-- Found ament_cmake: 1.3.14 (/opt/ros/humble/share/ament_cmake/cmake)
-- Found Python3: /usr/bin/python3 (found version "3.10.12") found components: Interpreter 
-- Override CMake install command with custom implementation using symlinks instead of copying resources
-- Found rclcpp: 16.0.19 (/opt/ros/humble/share/rclcpp/cmake)
-- Found rosidl_generator_c: 3.1.8 (/opt/ros/humble/share/rosidl_generator_c/cmake)
-- Found rosidl_adapter: 3.1.8 (/opt/ros/humble/share/rosidl_adapter/cmake)
-- Found rosidl_generator_cpp: 3.1.8 (/opt/ros/humble/share/rosidl_generator_cpp/cmake)
-- Using all available rosidl_typesupport_c: rosidl_typesupport_fastrtps_c;rosidl_typesupport_introspection_c
-- Using all available rosidl_typesupport_cpp: rosidl_typesupport_fastrtps_cpp;rosidl_typesupport_introspection_cpp
-- Found rmw_implementation_cmake: 6.1.2 (/opt/ros/humble/share/rmw_implementation_cmake/cmake)
-- Found rmw_fastrtps_cpp: 6.2.10 (/opt/ros/humble/share/rmw_fastrtps_cpp/cmake)
-- Found OpenSSL: /usr/lib/x86_64-linux-gnu/libcrypto.so (found version "3.0.2")  
-- Found FastRTPS: /opt/ros/humble/include  
-- Using RMW implementation 'rmw_fastrtps_cpp' as default
-- Looking for pthread.h
-- Looking for pthread.h - found
-- Performing Test CMAKE_HAVE_LIBC_PTHREAD
-- Performing Test CMAKE_HAVE_LIBC_PTHREAD - Success
-- Found Threads: TRUE  
-- Found tf2: 0.25.20 (/opt/ros/humble/share/tf2/cmake)
-- Found tf2_ros: 0.25.20 (/opt/ros/humble/share/tf2_ros/cmake)
-- Found sensor_msgs: 4.9.1 (/opt/ros/humble/share/sensor_msgs/cmake)
-- Found nav_msgs: 4.9.1 (/opt/ros/humble/share/nav_msgs/cmake)
-- Found nmea_msgs: 2.0.0 (/opt/ros/humble/share/nmea_msgs/cmake)
-- Found mavros_msgs: 2.14.0 (/opt/ros/humble/share/mavros_msgs/cmake)
-- Found rosidl_default_generators: 1.2.1 (/opt/ros/humble/share/rosidl_default_generators/cmake)
-- Detected ROS_DISTRO: humble
-- Found ament_cmake_ros: 0.10.0 (/opt/ros/humble/share/ament_cmake_ros/cmake)
-- Using all available rosidl_typesupport_c: rosidl_typesupport_fastrtps_c;rosidl_typesupport_introspection_c
-- Using all available rosidl_typesupport_cpp: rosidl_typesupport_fastrtps_cpp;rosidl_typesupport_introspection_cpp
-- Found PythonInterp: /usr/bin/python3 (found suitable version "3.10.12", minimum required is "3.6") 
-- Found python_cmake_module: 0.10.0 (/opt/ros/humble/share/python_cmake_module/cmake)
-- Found PythonLibs: /usr/lib/x86_64-linux-gnu/libpython3.10.so (found suitable version "3.10.12", minimum required is "3.5") 
-- Using PYTHON_EXECUTABLE: /usr/bin/python3
-- Using PYTHON_INCLUDE_DIRS: /usr/include/python3.10
-- Using PYTHON_LIBRARIES: /usr/lib/x86_64-linux-gnu/libpython3.10.so
-- Found PythonExtra: .so  
-- Configuring done
-- Generating done
-- Build files have been written to: /home/student/sensor_platform_ws/build/xsens_mti_ros2_driver
[  1%] [34m[1mGenerating C code for ROS interfaces[0m
[  3%] [34m[1mGenerating Rust code for ROS interfaces[0m
[  5%] [34m[1mGenerating C++ code for ROS interfaces[0m
[  5%] Built target ament_cmake_python_symlink_xsens_mti_ros2_driver
[  7%] [34m[1mCreating directories for 'xspublic'[0m
[  8%] [34m[1mNo download step for 'xspublic'[0m
[ 10%] [34m[1mNo update step for 'xspublic'[0m
[ 12%] [34m[1mNo patch step for 'xspublic'[0m
[ 14%] [34m[1mNo configure step for 'xspublic'[0m
[ 16%] [34m[1mPerforming build step for 'xspublic'[0m
[ 17%] [34m[1mNo install step for 'xspublic'[0m
[ 19%] [34m[1mCompleted 'xspublic'[0m
[ 19%] Built target xspublic
[ 19%] Built target xsens_mti_ros2_driver__cpp
[ 21%] [34m[1mGenerating C++ type support for eProsima Fast-RTPS[0m
running egg_info
[ 23%] [34m[1mGenerating C++ introspection for ROS interfaces[0m
[ 25%] [34m[1mGenerating C++ type support dispatch for ROS interfaces[0m
creating xsens_mti_ros2_driver.egg-info
writing xsens_mti_ros2_driver.egg-info/PKG-INFO
writing dependency_links to xsens_mti_ros2_driver.egg-info/dependency_links.txt
writing top-level names to xsens_mti_ros2_driver.egg-info/top_level.txt
writing manifest file 'xsens_mti_ros2_driver.egg-info/SOURCES.txt'
reading manifest file 'xsens_mti_ros2_driver.egg-info/SOURCES.txt'
writing manifest file 'xsens_mti_ros2_driver.egg-info/SOURCES.txt'
[ 25%] Built target xsens_mti_ros2_driver__rs
[ 25%] Built target ament_cmake_python_build_xsens_mti_ros2_driver_egg
[ 26%] [32mBuilding C object CMakeFiles/xsens_mti_ros2_driver__rosidl_generator_c.dir/rosidl_generator_c/xsens_mti_ros2_driver/msg/detail/xs_status_word__functions.c.o[0m
[ 28%] [32mBuilding C object CMakeFiles/xsens_mti_ros2_driver__rosidl_generator_c.dir/rosidl_generator_c/xsens_mti_ros2_driver/msg/detail/ship_motion__functions.c.o[0m
[ 30%] [32m[1mLinking C shared library libxsens_mti_ros2_driver__rosidl_generator_c.so[0m
[ 30%] Built target xsens_mti_ros2_driver__rosidl_generator_c
[ 32%] [32mBuilding CXX object CMakeFiles/xsens_mti_ros2_driver__rosidl_typesupport_cpp.dir/rosidl_typesupport_cpp/xsens_mti_ros2_driver/msg/xs_status_word__type_support.cpp.o[0m
[ 33%] [32mBuilding CXX object CMakeFiles/xsens_mti_ros2_driver__rosidl_typesupport_cpp.dir/rosidl_typesupport_cpp/xsens_mti_ros2_driver/msg/ship_motion__type_support.cpp.o[0m
[ 35%] [34m[1mGenerating C introspection for ROS interfaces[0m
[ 37%] [34m[1mGenerating C type support for eProsima Fast-RTPS[0m
[ 39%] [34m[1mGenerating C type support dispatch for ROS interfaces[0m
[ 41%] [32mBuilding CXX object CMakeFiles/xsens_mti_ros2_driver__rosidl_typesupport_introspection_cpp.dir/rosidl_typesupport_introspection_cpp/xsens_mti_ros2_driver/msg/detail/xs_status_word__type_support.cpp.o[0m
[ 42%] [32mBuilding CXX object CMakeFiles/xsens_mti_ros2_driver__rosidl_typesupport_introspection_cpp.dir/rosidl_typesupport_introspection_cpp/xsens_mti_ros2_driver/msg/detail/ship_motion__type_support.cpp.o[0m
[ 44%] [32mBuilding CXX object CMakeFiles/xsens_mti_ros2_driver__rosidl_typesupport_fastrtps_cpp.dir/rosidl_typesupport_fastrtps_cpp/xsens_mti_ros2_driver/msg/detail/dds_fastrtps/xs_status_word__type_support.cpp.o[0m
[ 46%] [32mBuilding CXX object CMakeFiles/xsens_mti_ros2_driver__rosidl_typesupport_fastrtps_cpp.dir/rosidl_typesupport_fastrtps_cpp/xsens_mti_ros2_driver/msg/detail/dds_fastrtps/ship_motion__type_support.cpp.o[0m
[ 48%] [32m[1mLinking CXX shared library libxsens_mti_ros2_driver__rosidl_typesupport_cpp.so[0m
[ 48%] Built target xsens_mti_ros2_driver__rosidl_typesupport_cpp
[ 50%] [32mBuilding CXX object CMakeFiles/xsens_mti_ros2_driver__rosidl_typesupport_c.dir/rosidl_typesupport_c/xsens_mti_ros2_driver/msg/xs_status_word__type_support.cpp.o[0m
[ 51%] [32mBuilding CXX object CMakeFiles/xsens_mti_ros2_driver__rosidl_typesupport_c.dir/rosidl_typesupport_c/xsens_mti_ros2_driver/msg/ship_motion__type_support.cpp.o[0m
[ 53%] [32m[1mLinking CXX shared library libxsens_mti_ros2_driver__rosidl_typesupport_c.so[0m
[ 53%] Built target xsens_mti_ros2_driver__rosidl_typesupport_c
[ 55%] [32mBuilding C object CMakeFiles/xsens_mti_ros2_driver__rosidl_typesupport_introspection_c.dir/rosidl_typesupport_introspection_c/xsens_mti_ros2_driver/msg/detail/ship_motion__type_support.c.o[0m
[ 57%] [32mBuilding C object CMakeFiles/xsens_mti_ros2_driver__rosidl_typesupport_introspection_c.dir/rosidl_typesupport_introspection_c/xsens_mti_ros2_driver/msg/detail/xs_status_word__type_support.c.o[0m
[ 58%] [32mBuilding CXX object CMakeFiles/xsens_mti_ros2_driver__rosidl_typesupport_fastrtps_c.dir/rosidl_typesupport_fastrtps_c/xsens_mti_ros2_driver/msg/detail/xs_status_word__type_support_c.cpp.o[0m
[ 60%] [32mBuilding CXX object CMakeFiles/xsens_mti_ros2_driver__rosidl_typesupport_fastrtps_c.dir/rosidl_typesupport_fastrtps_c/xsens_mti_ros2_driver/msg/detail/ship_motion__type_support_c.cpp.o[0m
[ 62%] [32m[1mLinking CXX shared library libxsens_mti_ros2_driver__rosidl_typesupport_introspection_cpp.so[0m
[ 64%] [32m[1mLinking C shared library libxsens_mti_ros2_driver__rosidl_typesupport_introspection_c.so[0m
[ 64%] Built target xsens_mti_ros2_driver__rosidl_typesupport_introspection_c
[ 64%] Built target xsens_mti_ros2_driver__rosidl_typesupport_introspection_cpp
[ 66%] [32m[1mLinking CXX shared library libxsens_mti_ros2_driver__rosidl_typesupport_fastrtps_cpp.so[0m
[ 66%] Built target xsens_mti_ros2_driver__rosidl_typesupport_fastrtps_cpp
[ 67%] [32m[1mLinking CXX shared library libxsens_mti_ros2_driver__rosidl_typesupport_fastrtps_c.so[0m
[ 67%] Built target xsens_mti_ros2_driver__rosidl_typesupport_fastrtps_c
[ 67%] Built target xsens_mti_ros2_driver
[ 69%] [32mBuilding CXX object CMakeFiles/xsens_mti_node.dir/src/main.cpp.o[0m
[ 71%] [32mBuilding CXX object CMakeFiles/xsens_mti_node.dir/src/xsens_log_handler.cpp.o[0m
[ 73%] [32mBuilding CXX object CMakeFiles/xsens_mti_node.dir/src/xdainterface.cpp.o[0m
[ 75%] [34m[1mGenerating Python code for ROS interfaces[0m
[ 76%] [32mBuilding CXX object CMakeFiles/xsens_mti_node.dir/src/xdacallback.cpp.o[0m
[ 78%] [32mBuilding CXX object CMakeFiles/xsens_mti_node.dir/src/xsens_time_handler.cpp.o[0m
[ 80%] [32mBuilding CXX object CMakeFiles/xsens_mti_node.dir/src/ntrip_util.cpp.o[0m
[ 82%] [32mBuilding CXX object CMakeFiles/xsens_mti_node.dir/src/high_rate_interpolator.cpp.o[0m
[ 82%] Built target xsens_mti_ros2_driver__py
[ 83%] [32mBuilding C object CMakeFiles/xsens_mti_ros2_driver__rosidl_generator_py.dir/rosidl_generator_py/xsens_mti_ros2_driver/msg/_ship_motion_s.c.o[0m
[ 85%] [32mBuilding C object CMakeFiles/xsens_mti_ros2_driver__rosidl_generator_py.dir/rosidl_generator_py/xsens_mti_ros2_driver/msg/_xs_status_word_s.c.o[0m
[ 87%] [32m[1mLinking C shared library rosidl_generator_py/xsens_mti_ros2_driver/libxsens_mti_ros2_driver__rosidl_generator_py.so[0m
[ 87%] Built target xsens_mti_ros2_driver__rosidl_generator_py
[ 89%] [32mBuilding C object CMakeFiles/xsens_mti_ros2_driver__rosidl_typesupport_fastrtps_c__pyext.dir/rosidl_generator_py/xsens_mti_ros2_driver/_xsens_mti_ros2_driver_s.ep.rosidl_typesupport_fastrtps_c.c.o[0m
[ 91%] [32mBuilding C object CMakeFiles/xsens_mti_ros2_driver__rosidl_typesupport_introspection_c__pyext.dir/rosidl_generator_py/xsens_mti_ros2_driver/_xsens_mti_ros2_driver_s.ep.rosidl_typesupport_introspection_c.c.o[0m
[ 92%] [32mBuilding C object CMakeFiles/xsens_mti_ros2_driver__rosidl_typesupport_c__pyext.dir/rosidl_generator_py/xsens_mti_ros2_driver/_xsens_mti_ros2_driver_s.ep.rosidl_typesupport_c.c.o[0m
[ 94%] [32m[1mLinking C shared library rosidl_generator_py/xsens_mti_ros2_driver/xsens_mti_ros2_driver_s__rosidl_typesupport_c.cpython-310-x86_64-linux-gnu.so[0m
[ 96%] [32m[1mLinking C shared library rosidl_generator_py/xsens_mti_ros2_driver/xsens_mti_ros2_driver_s__rosidl_typesupport_fastrtps_c.cpython-310-x86_64-linux-gnu.so[0m
[ 96%] Built target xsens_mti_ros2_driver__rosidl_typesupport_c__pyext
[ 98%] [32m[1mLinking C shared library rosidl_generator_py/xsens_mti_ros2_driver/xsens_mti_ros2_driver_s__rosidl_typesupport_introspection_c.cpython-310-x86_64-linux-gnu.so[0m
[ 98%] Built target xsens_mti_ros2_driver__rosidl_typesupport_fastrtps_c__pyext
[ 98%] Built target xsens_mti_ros2_driver__rosidl_typesupport_introspection_c__pyext
[100%] [32m[1mLinking CXX executable xsens_mti_node[0m
[100%] Built target xsens_mti_node
-- Install configuration: ""
-- Execute custom install script
-- Symlinking: /home/student/sensor_platform_ws/install/xsens_mti_ros2_driver/share/ament_index/resource_index/rosidl_interfaces/xsens_mti_ros2_driver
-- Symlinking: /home/student/sensor_platform_ws/install/xsens_mti_ros2_driver/include/xsens_mti_ros2_driver/xsens_mti_ros2_driver/msg/detail/ship_motion__functions.h
-- Symlinking: /home/student/sensor_platform_ws/install/xsens_mti_ros2_driver/include/xsens_mti_ros2_driver/xsens_mti_ros2_driver/msg/detail/ship_motion__struct.h
-- Symlinking: /home/student/sensor_platform_ws/install/xsens_mti_ros2_driver/include/xsens_mti_ros2_driver/xsens_mti_ros2_driver/msg/detail/ship_motion__type_support.h
-- Symlinking: /home/student/sensor_platform_ws/install/xsens_mti_ros2_driver/include/xsens_mti_ros2_driver/xsens_mti_ros2_driver/msg/detail/xs_status_word__functions.h
-- Symlinking: /home/student/sensor_platform_ws/install/xsens_mti_ros2_driver/include/xsens_mti_ros2_driver/xsens_mti_ros2_driver/msg/detail/xs_status_word__struct.h
-- Symlinking: /home/student/sensor_platform_ws/install/xsens_mti_ros2_driver/include/xsens_mti_ros2_driver/xsens_mti_ros2_driver/msg/detail/xs_status_word__type_support.h
-- Symlinking: /home/student/sensor_platform_ws/install/xsens_mti_ros2_driver/include/xsens_mti_ros2_driver/xsens_mti_ros2_driver/msg/rosidl_generator_c__visibility_control.h
-- Symlinking: /home/student/sensor_platform_ws/install/xsens_mti_ros2_driver/include/xsens_mti_ros2_driver/xsens_mti_ros2_driver/msg/ship_motion.h
-- Symlinking: /home/student/sensor_platform_ws/install/xsens_mti_ros2_driver/include/xsens_mti_ros2_driver/xsens_mti_ros2_driver/msg/xs_status_word.h
-- Symlinking: /home/student/sensor_platform_ws/install/xsens_mti_ros2_driver/share/xsens_mti_ros2_driver/environment/library_path.sh
-- Symlinking: /home/student/sensor_platform_ws/install/xsens_mti_ros2_driver/share/xsens_mti_ros2_driver/environment/library_path.dsv
-- Symlinking: /home/student/sensor_platform_ws/install/xsens_mti_ros2_driver/include/xsens_mti_ros2_driver/xsens_mti_ros2_driver/msg/detail/ship_motion__rosidl_typesupport_fastrtps_c.h
-- Symlinking: /home/student/sensor_platform_ws/install/xsens_mti_ros2_driver/include/xsens_mti_ros2_driver/xsens_mti_ros2_driver/msg/detail/xs_status_word__rosidl_typesupport_fastrtps_c.h
-- Symlinking: /home/student/sensor_platform_ws/install/xsens_mti_ros2_driver/include/xsens_mti_ros2_driver/xsens_mti_ros2_driver/msg/rosidl_typesupport_fastrtps_c__visibility_control.h
-- Symlinking: /home/student/sensor_platform_ws/install/xsens_mti_ros2_driver/include/xsens_mti_ros2_driver/xsens_mti_ros2_driver/msg/detail/ship_motion__builder.hpp
-- Symlinking: /home/student/sensor_platform_ws/install/xsens_mti_ros2_driver/include/xsens_mti_ros2_driver/xsens_mti_ros2_driver/msg/detail/ship_motion__struct.hpp
-- Symlinking: /home/student/sensor_platform_ws/install/xsens_mti_ros2_driver/include/xsens_mti_ros2_driver/xsens_mti_ros2_driver/msg/detail/ship_motion__traits.hpp
-- Symlinking: /home/student/sensor_platform_ws/install/xsens_mti_ros2_driver/include/xsens_mti_ros2_driver/xsens_mti_ros2_driver/msg/detail/ship_motion__type_support.hpp
-- Symlinking: /home/student/sensor_platform_ws/install/xsens_mti_ros2_driver/include/xsens_mti_ros2_driver/xsens_mti_ros2_driver/msg/detail/xs_status_word__builder.hpp
-- Symlinking: /home/student/sensor_platform_ws/install/xsens_mti_ros2_driver/include/xsens_mti_ros2_driver/xsens_mti_ros2_driver/msg/detail/xs_status_word__struct.hpp
-- Symlinking: /home/student/sensor_platform_ws/install/xsens_mti_ros2_driver/include/xsens_mti_ros2_driver/xsens_mti_ros2_driver/msg/detail/xs_status_word__traits.hpp
-- Symlinking: /home/student/sensor_platform_ws/install/xsens_mti_ros2_driver/include/xsens_mti_ros2_driver/xsens_mti_ros2_driver/msg/detail/xs_status_word__type_support.hpp
-- Symlinking: /home/student/sensor_platform_ws/install/xsens_mti_ros2_driver/include/xsens_mti_ros2_driver/xsens_mti_ros2_driver/msg/rosidl_generator_cpp__visibility_control.hpp
-- Symlinking: /home/student/sensor_platform_ws/install/xsens_mti_ros2_driver/include/xsens_mti_ros2_driver/xsens_mti_ros2_driver/msg/ship_motion.hpp
-- Symlinking: /home/student/sensor_platform_ws/install/xsens_mti_ros2_driver/include/xsens_mti_ros2_driver/xsens_mti_ros2_driver/msg/xs_status_word.hpp
-- Symlinking: /home/student/sensor_platform_ws/install/xsens_mti_ros2_driver/include/xsens_mti_ros2_driver/xsens_mti_ros2_driver/msg/detail/ship_motion__rosidl_typesupport_fastrtps_cpp.hpp
-- Symlinking: /home/student/sensor_platform_ws/install/xsens_mti_ros2_driver/include/xsens_mti_ros2_driver/xsens_mti_ros2_driver/msg/detail/xs_status_word__rosidl_typesupport_fastrtps_cpp.hpp
-- Symlinking: /home/student/sensor_platform_ws/install/xsens_mti_ros2_driver/include/xsens_mti_ros2_driver/xsens_mti_ros2_driver/msg/rosidl_typesupport_fastrtps_cpp__visibility_control.h
-- Symlinking: /home/student/sensor_platform_ws/install/xsens_mti_ros2_driver/include/xsens_mti_ros2_driver/xsens_mti_ros2_driver/msg/detail/ship_motion__rosidl_typesupport_introspection_c.h
-- Symlinking: /home/student/sensor_platform_ws/install/xsens_mti_ros2_driver/include/xsens_mti_ros2_driver/xsens_mti_ros2_driver/msg/detail/xs_status_word__rosidl_typesupport_introspection_c.h
-- Symlinking: /home/student/sensor_platform_ws/install/xsens_mti_ros2_driver/include/xsens_mti_ros2_driver/xsens_mti_ros2_driver/msg/rosidl_typesupport_introspection_c__visibility_control.h
-- Symlinking: /home/student/sensor_platform_ws/install/xsens_mti_ros2_driver/include/xsens_mti_ros2_driver/xsens_mti_ros2_driver/msg/detail/ship_motion__rosidl_typesupport_introspection_cpp.hpp
-- Symlinking: /home/student/sensor_platform_ws/install/xsens_mti_ros2_driver/include/xsens_mti_ros2_driver/xsens_mti_ros2_driver/msg/detail/xs_status_word__rosidl_typesupport_introspection_cpp.hpp
-- Symlinking: /home/student/sensor_platform_ws/install/xsens_mti_ros2_driver/share/xsens_mti_ros2_driver/environment/pythonpath.sh
-- Symlinking: /home/student/sensor_platform_ws/install/xsens_mti_ros2_driver/share/xsens_mti_ros2_driver/environment/pythonpath.dsv
-- Symlinking: /home/student/sensor_platform_ws/install/xsens_mti_ros2_driver/local/lib/python3.10/dist-packages/xsens_mti_ros2_driver-1.0.2-py3.10.egg-info/PKG-INFO
-- Symlinking: /home/student/sensor_platform_ws/install/xsens_mti_ros2_driver/local/lib/python3.10/dist-packages/xsens_mti_ros2_driver-1.0.2-py3.10.egg-info/SOURCES.txt
-- Symlinking: /home/student/sensor_platform_ws/install/xsens_mti_ros2_driver/local/lib/python3.10/dist-packages/xsens_mti_ros2_driver-1.0.2-py3.10.egg-info/dependency_links.txt
-- Symlinking: /home/student/sensor_platform_ws/install/xsens_mti_ros2_driver/local/lib/python3.10/dist-packages/xsens_mti_ros2_driver-1.0.2-py3.10.egg-info/top_level.txt
-- Symlinking: /home/student/sensor_platform_ws/install/xsens_mti_ros2_driver/local/lib/python3.10/dist-packages/xsens_mti_ros2_driver/__init__.py
-- Symlinking: /home/student/sensor_platform_ws/install/xsens_mti_ros2_driver/local/lib/python3.10/dist-packages/xsens_mti_ros2_driver/_xsens_mti_ros2_driver_s.ep.rosidl_typesupport_c.c
-- Symlinking: /home/student/sensor_platform_ws/install/xsens_mti_ros2_driver/local/lib/python3.10/dist-packages/xsens_mti_ros2_driver/_xsens_mti_ros2_driver_s.ep.rosidl_typesupport_fastrtps_c.c
-- Symlinking: /home/student/sensor_platform_ws/install/xsens_mti_ros2_driver/local/lib/python3.10/dist-packages/xsens_mti_ros2_driver/_xsens_mti_ros2_driver_s.ep.rosidl_typesupport_introspection_c.c
-- Symlinking: /home/student/sensor_platform_ws/install/xsens_mti_ros2_driver/local/lib/python3.10/dist-packages/xsens_mti_ros2_driver/libxsens_mti_ros2_driver__rosidl_generator_py.so
-- Symlinking: /home/student/sensor_platform_ws/install/xsens_mti_ros2_driver/local/lib/python3.10/dist-packages/xsens_mti_ros2_driver/msg/__init__.py
-- Symlinking: /home/student/sensor_platform_ws/install/xsens_mti_ros2_driver/local/lib/python3.10/dist-packages/xsens_mti_ros2_driver/msg/_ship_motion.py
-- Symlinking: /home/student/sensor_platform_ws/install/xsens_mti_ros2_driver/local/lib/python3.10/dist-packages/xsens_mti_ros2_driver/msg/_ship_motion_s.c
-- Symlinking: /home/student/sensor_platform_ws/install/xsens_mti_ros2_driver/local/lib/python3.10/dist-packages/xsens_mti_ros2_driver/msg/_xs_status_word.py
-- Symlinking: /home/student/sensor_platform_ws/install/xsens_mti_ros2_driver/local/lib/python3.10/dist-packages/xsens_mti_ros2_driver/msg/_xs_status_word_s.c
-- Symlinking: /home/student/sensor_platform_ws/install/xsens_mti_ros2_driver/local/lib/python3.10/dist-packages/xsens_mti_ros2_driver/xsens_mti_ros2_driver_s__rosidl_typesupport_c.cpython-310-x86_64-linux-gnu.so
-- Symlinking: /home/student/sensor_platform_ws/install/xsens_mti_ros2_driver/local/lib/python3.10/dist-packages/xsens_mti_ros2_driver/xsens_mti_ros2_driver_s__rosidl_typesupport_fastrtps_c.cpython-310-x86_64-linux-gnu.so
-- Symlinking: /home/student/sensor_platform_ws/install/xsens_mti_ros2_driver/local/lib/python3.10/dist-packages/xsens_mti_ros2_driver/xsens_mti_ros2_driver_s__rosidl_typesupport_introspection_c.cpython-310-x86_64-linux-gnu.so
-- Up-to-date symlink: /home/student/sensor_platform_ws/install/xsens_mti_ros2_driver/local/lib/python3.10/dist-packages/xsens_mti_ros2_driver/xsens_mti_ros2_driver_s__rosidl_typesupport_fastrtps_c.cpython-310-x86_64-linux-gnu.so
-- Up-to-date symlink: /home/student/sensor_platform_ws/install/xsens_mti_ros2_driver/local/lib/python3.10/dist-packages/xsens_mti_ros2_driver/xsens_mti_ros2_driver_s__rosidl_typesupport_introspection_c.cpython-310-x86_64-linux-gnu.so
-- Up-to-date symlink: /home/student/sensor_platform_ws/install/xsens_mti_ros2_driver/local/lib/python3.10/dist-packages/xsens_mti_ros2_driver/xsens_mti_ros2_driver_s__rosidl_typesupport_c.cpython-310-x86_64-linux-gnu.so
-- Symlinking: /home/student/sensor_platform_ws/install/xsens_mti_ros2_driver/share/ament_index/resource_index/rust_packages/xsens_mti_ros2_driver
-- Symlinking: /home/student/sensor_platform_ws/install/xsens_mti_ros2_driver/share/xsens_mti_ros2_driver/rust/Cargo.toml
-- Symlinking: /home/student/sensor_platform_ws/install/xsens_mti_ros2_driver/share/xsens_mti_ros2_driver/rust/build.rs
-- Symlinking: /home/student/sensor_platform_ws/install/xsens_mti_ros2_driver/share/xsens_mti_ros2_driver/rust/src/lib.rs
-- Symlinking: /home/student/sensor_platform_ws/install/xsens_mti_ros2_driver/share/xsens_mti_ros2_driver/rust/src/msg.rs
-- Symlinking: /home/student/sensor_platform_ws/install/xsens_mti_ros2_driver/share/xsens_mti_ros2_driver/rust/src/msg/rmw.rs
-- Symlinking: /home/student/sensor_platform_ws/install/xsens_mti_ros2_driver/share/xsens_mti_ros2_driver/msg/XsStatusWord.idl
-- Symlinking: /home/student/sensor_platform_ws/install/xsens_mti_ros2_driver/share/xsens_mti_ros2_driver/msg/ShipMotion.idl
-- Symlinking: /home/student/sensor_platform_ws/install/xsens_mti_ros2_driver/share/xsens_mti_ros2_driver/msg/XsStatusWord.msg
-- Symlinking: /home/student/sensor_platform_ws/install/xsens_mti_ros2_driver/share/xsens_mti_ros2_driver/msg/ShipMotion.msg
-- Symlinking: /home/student/sensor_platform_ws/install/xsens_mti_ros2_driver/share/xsens_mti_ros2_driver/launch/display.launch.py
-- Symlinking: /home/student/sensor_platform_ws/install/xsens_mti_ros2_driver/share/xsens_mti_ros2_driver/launch/xsens_mti_node.launch.py
-- Symlinking: /home/student/sensor_platform_ws/install/xsens_mti_ros2_driver/share/xsens_mti_ros2_driver/param/xsens_mti_node.yaml
-- Symlinking: /home/student/sensor_platform_ws/install/xsens_mti_ros2_driver/share/xsens_mti_ros2_driver/param/xsens_mti_node_mti320.yaml
-- Symlinking: /home/student/sensor_platform_ws/install/xsens_mti_ros2_driver/share/xsens_mti_ros2_driver/rviz/display.rviz
-- Symlinking: /home/student/sensor_platform_ws/install/xsens_mti_ros2_driver/share/xsens_mti_ros2_driver/urdf/MTi_1.stl
-- Symlinking: /home/student/sensor_platform_ws/install/xsens_mti_ros2_driver/share/xsens_mti_ros2_driver/urdf/MTi_1.urdf
-- Symlinking: /home/student/sensor_platform_ws/install/xsens_mti_ros2_driver/share/xsens_mti_ros2_driver/urdf/MTi_10.stl
-- Symlinking: /home/student/sensor_platform_ws/install/xsens_mti_ros2_driver/share/xsens_mti_ros2_driver/urdf/MTi_10.urdf
-- Symlinking: /home/student/sensor_platform_ws/install/xsens_mti_ros2_driver/share/xsens_mti_ros2_driver/urdf/MTi_6xx.stl
-- Symlinking: /home/student/sensor_platform_ws/install/xsens_mti_ros2_driver/share/xsens_mti_ros2_driver/urdf/MTi_6xx.urdf
-- Symlinking: /home/student/sensor_platform_ws/install/xsens_mti_ros2_driver/share/ament_index/resource_index/package_run_dependencies/xsens_mti_ros2_driver
-- Symlinking: /home/student/sensor_platform_ws/install/xsens_mti_ros2_driver/share/ament_index/resource_index/parent_prefix_path/xsens_mti_ros2_driver
-- Symlinking: /home/student/sensor_platform_ws/install/xsens_mti_ros2_driver/share/xsens_mti_ros2_driver/environment/ament_prefix_path.sh
-- Symlinking: /home/student/sensor_platform_ws/install/xsens_mti_ros2_driver/share/xsens_mti_ros2_driver/environment/ament_prefix_path.dsv
-- Symlinking: /home/student/sensor_platform_ws/install/xsens_mti_ros2_driver/share/xsens_mti_ros2_driver/environment/path.sh
-- Symlinking: /home/student/sensor_platform_ws/install/xsens_mti_ros2_driver/share/xsens_mti_ros2_driver/environment/path.dsv
-- Symlinking: /home/student/sensor_platform_ws/install/xsens_mti_ros2_driver/share/xsens_mti_ros2_driver/local_setup.bash
-- Symlinking: /home/student/sensor_platform_ws/install/xsens_mti_ros2_driver/share/xsens_mti_ros2_driver/local_setup.sh
-- Symlinking: /home/student/sensor_platform_ws/install/xsens_mti_ros2_driver/share/xsens_mti_ros2_driver/local_setup.zsh
-- Symlinking: /home/student/sensor_platform_ws/install/xsens_mti_ros2_driver/share/xsens_mti_ros2_driver/local_setup.dsv
-- Symlinking: /home/student/sensor_platform_ws/install/xsens_mti_ros2_driver/share/xsens_mti_ros2_driver/package.dsv
-- Symlinking: /home/student/sensor_platform_ws/install/xsens_mti_ros2_driver/share/ament_index/resource_index/packages/xsens_mti_ros2_driver
-- Symlinking: /home/student/sensor_platform_ws/install/xsens_mti_ros2_driver/share/xsens_mti_ros2_driver/cmake/rosidl_cmake-extras.cmake
-- Symlinking: /home/student/sensor_platform_ws/install/xsens_mti_ros2_driver/share/xsens_mti_ros2_driver/cmake/ament_cmake_export_dependencies-extras.cmake
-- Symlinking: /home/student/sensor_platform_ws/install/xsens_mti_ros2_driver/share/xsens_mti_ros2_driver/cmake/ament_cmake_export_include_directories-extras.cmake
-- Symlinking: /home/student/sensor_platform_ws/install/xsens_mti_ros2_driver/share/xsens_mti_ros2_driver/cmake/ament_cmake_export_libraries-extras.cmake
-- Symlinking: /home/student/sensor_platform_ws/install/xsens_mti_ros2_driver/share/xsens_mti_ros2_driver/cmake/ament_cmake_export_targets-extras.cmake
-- Symlinking: /home/student/sensor_platform_ws/install/xsens_mti_ros2_driver/share/xsens_mti_ros2_driver/cmake/rosidl_cmake_export_typesupport_targets-extras.cmake
-- Symlinking: /home/student/sensor_platform_ws/install/xsens_mti_ros2_driver/share/xsens_mti_ros2_driver/cmake/rosidl_cmake_export_typesupport_libraries-extras.cmake
-- Symlinking: /home/student/sensor_platform_ws/install/xsens_mti_ros2_driver/share/xsens_mti_ros2_driver/cmake/xsens_mti_ros2_driverConfig.cmake
-- Symlinking: /home/student/sensor_platform_ws/install/xsens_mti_ros2_driver/share/xsens_mti_ros2_driver/cmake/xsens_mti_ros2_driverConfig-version.cmake
-- Symlinking: /home/student/sensor_platform_ws/install/xsens_mti_ros2_driver/share/xsens_mti_ros2_driver/package.xml
-- Installing: /home/student/sensor_platform_ws/install/xsens_mti_ros2_driver/lib/libxsens_mti_ros2_driver__rosidl_generator_c.so
-- Set runtime path of "/home/student/sensor_platform_ws/install/xsens_mti_ros2_driver/lib/libxsens_mti_ros2_driver__rosidl_generator_c.so" to ""
-- Installing: /home/student/sensor_platform_ws/install/xsens_mti_ros2_driver/lib/libxsens_mti_ros2_driver__rosidl_typesupport_fastrtps_c.so
-- Set runtime path of "/home/student/sensor_platform_ws/install/xsens_mti_ros2_driver/lib/libxsens_mti_ros2_driver__rosidl_typesupport_fastrtps_c.so" to ""
-- Installing: /home/student/sensor_platform_ws/install/xsens_mti_ros2_driver/lib/libxsens_mti_ros2_driver__rosidl_typesupport_fastrtps_cpp.so
-- Set runtime path of "/home/student/sensor_platform_ws/install/xsens_mti_ros2_driver/lib/libxsens_mti_ros2_driver__rosidl_typesupport_fastrtps_cpp.so" to ""
-- Installing: /home/student/sensor_platform_ws/install/xsens_mti_ros2_driver/lib/libxsens_mti_ros2_driver__rosidl_typesupport_introspection_c.so
-- Set runtime path of "/home/student/sensor_platform_ws/install/xsens_mti_ros2_driver/lib/libxsens_mti_ros2_driver__rosidl_typesupport_introspection_c.so" to ""
-- Installing: /home/student/sensor_platform_ws/install/xsens_mti_ros2_driver/lib/libxsens_mti_ros2_driver__rosidl_typesupport_c.so
-- Set runtime path of "/home/student/sensor_platform_ws/install/xsens_mti_ros2_driver/lib/libxsens_mti_ros2_driver__rosidl_typesupport_c.so" to ""
-- Installing: /home/student/sensor_platform_ws/install/xsens_mti_ros2_driver/lib/libxsens_mti_ros2_driver__rosidl_typesupport_introspection_cpp.so
-- Set runtime path of "/home/student/sensor_platform_ws/install/xsens_mti_ros2_driver/lib/libxsens_mti_ros2_driver__rosidl_typesupport_introspection_cpp.so" to ""
-- Installing: /home/student/sensor_platform_ws/install/xsens_mti_ros2_driver/lib/libxsens_mti_ros2_driver__rosidl_typesupport_cpp.so
-- Set runtime path of "/home/student/sensor_platform_ws/install/xsens_mti_ros2_driver/lib/libxsens_mti_ros2_driver__rosidl_typesupport_cpp.so" to ""
Listing '/home/student/sensor_platform_ws/install/xsens_mti_ros2_driver/local/lib/python3.10/dist-packages/xsens_mti_ros2_driver'...
Compiling '/home/student/sensor_platform_ws/install/xsens_mti_ros2_driver/local/lib/python3.10/dist-packages/xsens_mti_ros2_driver/__init__.py'...
Listing '/home/student/sensor_platform_ws/install/xsens_mti_ros2_driver/local/lib/python3.10/dist-packages/xsens_mti_ros2_driver/msg'...
Compiling '/home/student/sensor_platform_ws/install/xsens_mti_ros2_driver/local/lib/python3.10/dist-packages/xsens_mti_ros2_driver/msg/__init__.py'...
Compiling '/home/student/sensor_platform_ws/install/xsens_mti_ros2_driver/local/lib/python3.10/dist-packages/xsens_mti_ros2_driver/msg/_ship_motion.py'...
Compiling '/home/student/sensor_platform_ws/install/xsens_mti_ros2_driver/local/lib/python3.10/dist-packages/xsens_mti_ros2_driver/msg/_xs_status_word.py'...
-- Installing: /home/student/sensor_platform_ws/install/xsens_mti_ros2_driver/lib/libxsens_mti_ros2_driver__rosidl_generator_py.so
-- Set runtime path of "/home/student/sensor_platform_ws/install/xsens_mti_ros2_driver/lib/libxsens_mti_ros2_driver__rosidl_generator_py.so" to ""
-- Installing: /home/student/sensor_platform_ws/install/xsens_mti_ros2_driver/lib/xsens_mti_ros2_driver/xsens_mti_node
-- Set runtime path of "/home/student/sensor_platform_ws/install/xsens_mti_ros2_driver/lib/xsens_mti_ros2_driver/xsens_mti_node" to ""
-- Installing: /home/student/sensor_platform_ws/install/xsens_mti_ros2_driver/share/xsens_mti_ros2_driver/cmake/export_xsens_mti_ros2_driver__rosidl_generator_cExport.cmake
-- Installing: /home/student/sensor_platform_ws/install/xsens_mti_ros2_driver/share/xsens_mti_ros2_driver/cmake/export_xsens_mti_ros2_driver__rosidl_generator_cExport-noconfig.cmake
-- Installing: /home/student/sensor_platform_ws/install/xsens_mti_ros2_driver/share/xsens_mti_ros2_driver/cmake/export_xsens_mti_ros2_driver__rosidl_typesupport_fastrtps_cExport.cmake
-- Installing: /home/student/sensor_platform_ws/install/xsens_mti_ros2_driver/share/xsens_mti_ros2_driver/cmake/export_xsens_mti_ros2_driver__rosidl_typesupport_fastrtps_cExport-noconfig.cmake
-- Installing: /home/student/sensor_platform_ws/install/xsens_mti_ros2_driver/share/xsens_mti_ros2_driver/cmake/export_xsens_mti_ros2_driver__rosidl_generator_cppExport.cmake
-- Installing: /home/student/sensor_platform_ws/install/xsens_mti_ros2_driver/share/xsens_mti_ros2_driver/cmake/export_xsens_mti_ros2_driver__rosidl_typesupport_fastrtps_cppExport.cmake
-- Installing: /home/student/sensor_platform_ws/install/xsens_mti_ros2_driver/share/xsens_mti_ros2_driver/cmake/export_xsens_mti_ros2_driver__rosidl_typesupport_fastrtps_cppExport-noconfig.cmake
-- Installing: /home/student/sensor_platform_ws/install/xsens_mti_ros2_driver/share/xsens_mti_ros2_driver/cmake/xsens_mti_ros2_driver__rosidl_typesupport_introspection_cExport.cmake
-- Installing: /home/student/sensor_platform_ws/install/xsens_mti_ros2_driver/share/xsens_mti_ros2_driver/cmake/xsens_mti_ros2_driver__rosidl_typesupport_introspection_cExport-noconfig.cmake
-- Installing: /home/student/sensor_platform_ws/install/xsens_mti_ros2_driver/share/xsens_mti_ros2_driver/cmake/xsens_mti_ros2_driver__rosidl_typesupport_cExport.cmake
-- Installing: /home/student/sensor_platform_ws/install/xsens_mti_ros2_driver/share/xsens_mti_ros2_driver/cmake/xsens_mti_ros2_driver__rosidl_typesupport_cExport-noconfig.cmake
-- Installing: /home/student/sensor_platform_ws/install/xsens_mti_ros2_driver/share/xsens_mti_ros2_driver/cmake/xsens_mti_ros2_driver__rosidl_typesupport_introspection_cppExport.cmake
-- Installing: /home/student/sensor_platform_ws/install/xsens_mti_ros2_driver/share/xsens_mti_ros2_driver/cmake/xsens_mti_ros2_driver__rosidl_typesupport_introspection_cppExport-noconfig.cmake
-- Installing: /home/student/sensor_platform_ws/install/xsens_mti_ros2_driver/share/xsens_mti_ros2_driver/cmake/xsens_mti_ros2_driver__rosidl_typesupport_cppExport.cmake
-- Installing: /home/student/sensor_platform_ws/install/xsens_mti_ros2_driver/share/xsens_mti_ros2_driver/cmake/xsens_mti_ros2_driver__rosidl_typesupport_cppExport-noconfig.cmake
-- Installing: /home/student/sensor_platform_ws/install/xsens_mti_ros2_driver/share/xsens_mti_ros2_driver/cmake/export_xsens_mti_ros2_driver__rosidl_generator_pyExport.cmake
-- Installing: /home/student/sensor_platform_ws/install/xsens_mti_ros2_driver/share/xsens_mti_ros2_driver/cmake/export_xsens_mti_ros2_driver__rosidl_generator_pyExport-noconfig.cmake
