[0.053s] Invoking command in '/home/student/sensor_platform_ws/build/realsense2_camera_msgs': CMAKE_PREFIX_PATH=${CMAKE_PREFIX_PATH}:/opt/ros/humble /usr/bin/cmake --build /home/student/sensor_platform_ws/build/realsense2_camera_msgs -- -j8 -l8
[1.120s] [  1%] Built target realsense2_camera_msgs__rs
[1.136s] [  1%] Built target realsense2_camera_msgs__cpp
[1.144s] [  1%] Built target ament_cmake_python_symlink_realsense2_camera_msgs
[1.230s] [ 13%] Built target realsense2_camera_msgs__rosidl_generator_c
[1.466s] [ 25%] Built target realsense2_camera_msgs__rosidl_typesupport_fastrtps_cpp
[1.474s] [ 37%] Built target realsense2_camera_msgs__rosidl_typesupport_introspection_cpp
[1.631s] [ 49%] Built target realsense2_camera_msgs__rosidl_typesupport_introspection_c
[1.633s] [ 61%] Built target realsense2_camera_msgs__rosidl_typesupport_cpp
[1.669s] [ 73%] Built target realsense2_camera_msgs__rosidl_typesupport_fastrtps_c
[1.760s] running egg_info
[1.761s] writing realsense2_camera_msgs.egg-info/PKG-INFO
[1.761s] writing dependency_links to realsense2_camera_msgs.egg-info/dependency_links.txt
[1.762s] writing top-level names to realsense2_camera_msgs.egg-info/top_level.txt
[1.851s] [ 85%] Built target realsense2_camera_msgs__rosidl_typesupport_c
[1.879s] [ 85%] Built target realsense2_camera_msgs
[1.915s] reading manifest file 'realsense2_camera_msgs.egg-info/SOURCES.txt'
[1.991s] writing manifest file 'realsense2_camera_msgs.egg-info/SOURCES.txt'
[2.026s] [ 86%] Built target realsense2_camera_msgs__py
[2.027s] [ 86%] Built target ament_cmake_python_build_realsense2_camera_msgs_egg
[2.245s] [ 97%] Built target realsense2_camera_msgs__rosidl_generator_py
[2.461s] [ 98%] Built target realsense2_camera_msgs__rosidl_typesupport_fastrtps_c__pyext
[2.463s] [ 99%] Built target realsense2_camera_msgs__rosidl_typesupport_c__pyext
[2.472s] [100%] Built target realsense2_camera_msgs__rosidl_typesupport_introspection_c__pyext
[2.481s] Invoked command in '/home/student/sensor_platform_ws/build/realsense2_camera_msgs' returned '0': CMAKE_PREFIX_PATH=${CMAKE_PREFIX_PATH}:/opt/ros/humble /usr/bin/cmake --build /home/student/sensor_platform_ws/build/realsense2_camera_msgs -- -j8 -l8
[2.514s] Invoking command in '/home/student/sensor_platform_ws/build/realsense2_camera_msgs': CMAKE_PREFIX_PATH=${CMAKE_PREFIX_PATH}:/opt/ros/humble /usr/bin/cmake --install /home/student/sensor_platform_ws/build/realsense2_camera_msgs
[2.521s] -- Install configuration: "Release"
[2.531s] -- Execute custom install script
[2.531s] -- Up-to-date symlink: /home/student/sensor_platform_ws/install/realsense2_camera_msgs/share/ament_index/resource_index/rosidl_interfaces/realsense2_camera_msgs
[2.573s] -- Up-to-date symlink: /home/student/sensor_platform_ws/install/realsense2_camera_msgs/include/realsense2_camera_msgs/realsense2_camera_msgs/action/detail/triggered_calibration__functions.h
[2.574s] -- Up-to-date symlink: /home/student/sensor_platform_ws/install/realsense2_camera_msgs/include/realsense2_camera_msgs/realsense2_camera_msgs/action/detail/triggered_calibration__struct.h
[2.582s] -- Up-to-date symlink: /home/student/sensor_platform_ws/install/realsense2_camera_msgs/include/realsense2_camera_msgs/realsense2_camera_msgs/action/detail/triggered_calibration__type_support.h
[2.583s] -- Up-to-date symlink: /home/student/sensor_platform_ws/install/realsense2_camera_msgs/include/realsense2_camera_msgs/realsense2_camera_msgs/action/triggered_calibration.h
[2.615s] -- Up-to-date symlink: /home/student/sensor_platform_ws/install/realsense2_camera_msgs/include/realsense2_camera_msgs/realsense2_camera_msgs/msg/detail/extrinsics__functions.h
[2.616s] -- Up-to-date symlink: /home/student/sensor_platform_ws/install/realsense2_camera_msgs/include/realsense2_camera_msgs/realsense2_camera_msgs/msg/detail/extrinsics__struct.h
[2.618s] -- Up-to-date symlink: /home/student/sensor_platform_ws/install/realsense2_camera_msgs/include/realsense2_camera_msgs/realsense2_camera_msgs/msg/detail/extrinsics__type_support.h
[2.619s] -- Up-to-date symlink: /home/student/sensor_platform_ws/install/realsense2_camera_msgs/include/realsense2_camera_msgs/realsense2_camera_msgs/msg/detail/imu_info__functions.h
[2.620s] -- Up-to-date symlink: /home/student/sensor_platform_ws/install/realsense2_camera_msgs/include/realsense2_camera_msgs/realsense2_camera_msgs/msg/detail/imu_info__struct.h
[2.621s] -- Up-to-date symlink: /home/student/sensor_platform_ws/install/realsense2_camera_msgs/include/realsense2_camera_msgs/realsense2_camera_msgs/msg/detail/imu_info__type_support.h
[2.622s] -- Up-to-date symlink: /home/student/sensor_platform_ws/install/realsense2_camera_msgs/include/realsense2_camera_msgs/realsense2_camera_msgs/msg/detail/metadata__functions.h
[2.623s] -- Up-to-date symlink: /home/student/sensor_platform_ws/install/realsense2_camera_msgs/include/realsense2_camera_msgs/realsense2_camera_msgs/msg/detail/metadata__struct.h
[2.666s] -- Up-to-date symlink: /home/student/sensor_platform_ws/install/realsense2_camera_msgs/include/realsense2_camera_msgs/realsense2_camera_msgs/msg/detail/metadata__type_support.h
[2.667s] -- Up-to-date symlink: /home/student/sensor_platform_ws/install/realsense2_camera_msgs/include/realsense2_camera_msgs/realsense2_camera_msgs/msg/detail/rgbd__functions.h
[2.672s] -- Up-to-date symlink: /home/student/sensor_platform_ws/install/realsense2_camera_msgs/include/realsense2_camera_msgs/realsense2_camera_msgs/msg/detail/rgbd__struct.h
[2.673s] -- Up-to-date symlink: /home/student/sensor_platform_ws/install/realsense2_camera_msgs/include/realsense2_camera_msgs/realsense2_camera_msgs/msg/detail/rgbd__type_support.h
[2.674s] -- Up-to-date symlink: /home/student/sensor_platform_ws/install/realsense2_camera_msgs/include/realsense2_camera_msgs/realsense2_camera_msgs/msg/extrinsics.h
[2.676s] -- Up-to-date symlink: /home/student/sensor_platform_ws/install/realsense2_camera_msgs/include/realsense2_camera_msgs/realsense2_camera_msgs/msg/imu_info.h
[2.678s] -- Up-to-date symlink: /home/student/sensor_platform_ws/install/realsense2_camera_msgs/include/realsense2_camera_msgs/realsense2_camera_msgs/msg/metadata.h
[2.678s] -- Up-to-date symlink: /home/student/sensor_platform_ws/install/realsense2_camera_msgs/include/realsense2_camera_msgs/realsense2_camera_msgs/msg/rgbd.h
[2.680s] -- Up-to-date symlink: /home/student/sensor_platform_ws/install/realsense2_camera_msgs/include/realsense2_camera_msgs/realsense2_camera_msgs/msg/rosidl_generator_c__visibility_control.h
[2.681s] -- Up-to-date symlink: /home/student/sensor_platform_ws/install/realsense2_camera_msgs/include/realsense2_camera_msgs/realsense2_camera_msgs/srv/application_config_read.h
[2.681s] -- Up-to-date symlink: /home/student/sensor_platform_ws/install/realsense2_camera_msgs/include/realsense2_camera_msgs/realsense2_camera_msgs/srv/application_config_write.h
[2.682s] -- Up-to-date symlink: /home/student/sensor_platform_ws/install/realsense2_camera_msgs/include/realsense2_camera_msgs/realsense2_camera_msgs/srv/calib_config_read.h
[2.683s] -- Up-to-date symlink: /home/student/sensor_platform_ws/install/realsense2_camera_msgs/include/realsense2_camera_msgs/realsense2_camera_msgs/srv/calib_config_write.h
[2.684s] -- Up-to-date symlink: /home/student/sensor_platform_ws/install/realsense2_camera_msgs/include/realsense2_camera_msgs/realsense2_camera_msgs/srv/detail/application_config_read__functions.h
[2.685s] -- Up-to-date symlink: /home/student/sensor_platform_ws/install/realsense2_camera_msgs/include/realsense2_camera_msgs/realsense2_camera_msgs/srv/detail/application_config_read__struct.h
[2.686s] -- Up-to-date symlink: /home/student/sensor_platform_ws/install/realsense2_camera_msgs/include/realsense2_camera_msgs/realsense2_camera_msgs/srv/detail/application_config_read__type_support.h
[2.687s] -- Up-to-date symlink: /home/student/sensor_platform_ws/install/realsense2_camera_msgs/include/realsense2_camera_msgs/realsense2_camera_msgs/srv/detail/application_config_write__functions.h
[2.688s] -- Up-to-date symlink: /home/student/sensor_platform_ws/install/realsense2_camera_msgs/include/realsense2_camera_msgs/realsense2_camera_msgs/srv/detail/application_config_write__struct.h
[2.689s] -- Up-to-date symlink: /home/student/sensor_platform_ws/install/realsense2_camera_msgs/include/realsense2_camera_msgs/realsense2_camera_msgs/srv/detail/application_config_write__type_support.h
[2.689s] -- Up-to-date symlink: /home/student/sensor_platform_ws/install/realsense2_camera_msgs/include/realsense2_camera_msgs/realsense2_camera_msgs/srv/detail/calib_config_read__functions.h
[2.690s] -- Up-to-date symlink: /home/student/sensor_platform_ws/install/realsense2_camera_msgs/include/realsense2_camera_msgs/realsense2_camera_msgs/srv/detail/calib_config_read__struct.h
[2.690s] -- Up-to-date symlink: /home/student/sensor_platform_ws/install/realsense2_camera_msgs/include/realsense2_camera_msgs/realsense2_camera_msgs/srv/detail/calib_config_read__type_support.h
[2.692s] -- Up-to-date symlink: /home/student/sensor_platform_ws/install/realsense2_camera_msgs/include/realsense2_camera_msgs/realsense2_camera_msgs/srv/detail/calib_config_write__functions.h
[2.693s] -- Up-to-date symlink: /home/student/sensor_platform_ws/install/realsense2_camera_msgs/include/realsense2_camera_msgs/realsense2_camera_msgs/srv/detail/calib_config_write__struct.h
[2.694s] -- Up-to-date symlink: /home/student/sensor_platform_ws/install/realsense2_camera_msgs/include/realsense2_camera_msgs/realsense2_camera_msgs/srv/detail/calib_config_write__type_support.h
[2.696s] -- Up-to-date symlink: /home/student/sensor_platform_ws/install/realsense2_camera_msgs/include/realsense2_camera_msgs/realsense2_camera_msgs/srv/detail/device_info__functions.h
[2.696s] -- Up-to-date symlink: /home/student/sensor_platform_ws/install/realsense2_camera_msgs/include/realsense2_camera_msgs/realsense2_camera_msgs/srv/detail/device_info__struct.h
[2.698s] -- Up-to-date symlink: /home/student/sensor_platform_ws/install/realsense2_camera_msgs/include/realsense2_camera_msgs/realsense2_camera_msgs/srv/detail/device_info__type_support.h
[2.699s] -- Up-to-date symlink: /home/student/sensor_platform_ws/install/realsense2_camera_msgs/include/realsense2_camera_msgs/realsense2_camera_msgs/srv/detail/hardware_monitor_command_send__functions.h
[2.699s] -- Up-to-date symlink: /home/student/sensor_platform_ws/install/realsense2_camera_msgs/include/realsense2_camera_msgs/realsense2_camera_msgs/srv/detail/hardware_monitor_command_send__struct.h
[2.701s] -- Up-to-date symlink: /home/student/sensor_platform_ws/install/realsense2_camera_msgs/include/realsense2_camera_msgs/realsense2_camera_msgs/srv/detail/hardware_monitor_command_send__type_support.h
[2.702s] -- Up-to-date symlink: /home/student/sensor_platform_ws/install/realsense2_camera_msgs/include/realsense2_camera_msgs/realsense2_camera_msgs/srv/detail/safety_interface_config_read__functions.h
[2.703s] -- Up-to-date symlink: /home/student/sensor_platform_ws/install/realsense2_camera_msgs/include/realsense2_camera_msgs/realsense2_camera_msgs/srv/detail/safety_interface_config_read__struct.h
[2.704s] -- Up-to-date symlink: /home/student/sensor_platform_ws/install/realsense2_camera_msgs/include/realsense2_camera_msgs/realsense2_camera_msgs/srv/detail/safety_interface_config_read__type_support.h
[2.704s] -- Up-to-date symlink: /home/student/sensor_platform_ws/install/realsense2_camera_msgs/include/realsense2_camera_msgs/realsense2_camera_msgs/srv/detail/safety_interface_config_write__functions.h
[2.705s] -- Up-to-date symlink: /home/student/sensor_platform_ws/install/realsense2_camera_msgs/include/realsense2_camera_msgs/realsense2_camera_msgs/srv/detail/safety_interface_config_write__struct.h
[2.707s] -- Up-to-date symlink: /home/student/sensor_platform_ws/install/realsense2_camera_msgs/include/realsense2_camera_msgs/realsense2_camera_msgs/srv/detail/safety_interface_config_write__type_support.h
[2.709s] -- Up-to-date symlink: /home/student/sensor_platform_ws/install/realsense2_camera_msgs/include/realsense2_camera_msgs/realsense2_camera_msgs/srv/detail/safety_preset_read__functions.h
[2.710s] -- Up-to-date symlink: /home/student/sensor_platform_ws/install/realsense2_camera_msgs/include/realsense2_camera_msgs/realsense2_camera_msgs/srv/detail/safety_preset_read__struct.h
[2.711s] -- Up-to-date symlink: /home/student/sensor_platform_ws/install/realsense2_camera_msgs/include/realsense2_camera_msgs/realsense2_camera_msgs/srv/detail/safety_preset_read__type_support.h
[2.712s] -- Up-to-date symlink: /home/student/sensor_platform_ws/install/realsense2_camera_msgs/include/realsense2_camera_msgs/realsense2_camera_msgs/srv/detail/safety_preset_write__functions.h
[2.722s] -- Up-to-date symlink: /home/student/sensor_platform_ws/install/realsense2_camera_msgs/include/realsense2_camera_msgs/realsense2_camera_msgs/srv/detail/safety_preset_write__struct.h
[2.723s] -- Up-to-date symlink: /home/student/sensor_platform_ws/install/realsense2_camera_msgs/include/realsense2_camera_msgs/realsense2_camera_msgs/srv/detail/safety_preset_write__type_support.h
[2.724s] -- Up-to-date symlink: /home/student/sensor_platform_ws/install/realsense2_camera_msgs/include/realsense2_camera_msgs/realsense2_camera_msgs/srv/device_info.h
[2.724s] -- Up-to-date symlink: /home/student/sensor_platform_ws/install/realsense2_camera_msgs/include/realsense2_camera_msgs/realsense2_camera_msgs/srv/hardware_monitor_command_send.h
[2.725s] -- Up-to-date symlink: /home/student/sensor_platform_ws/install/realsense2_camera_msgs/include/realsense2_camera_msgs/realsense2_camera_msgs/srv/safety_interface_config_read.h
[2.727s] -- Up-to-date symlink: /home/student/sensor_platform_ws/install/realsense2_camera_msgs/include/realsense2_camera_msgs/realsense2_camera_msgs/srv/safety_interface_config_write.h
[2.728s] -- Up-to-date symlink: /home/student/sensor_platform_ws/install/realsense2_camera_msgs/include/realsense2_camera_msgs/realsense2_camera_msgs/srv/safety_preset_read.h
[2.729s] -- Up-to-date symlink: /home/student/sensor_platform_ws/install/realsense2_camera_msgs/include/realsense2_camera_msgs/realsense2_camera_msgs/srv/safety_preset_write.h
[2.731s] -- Up-to-date symlink: /home/student/sensor_platform_ws/install/realsense2_camera_msgs/share/realsense2_camera_msgs/environment/library_path.sh
[2.731s] -- Up-to-date symlink: /home/student/sensor_platform_ws/install/realsense2_camera_msgs/share/realsense2_camera_msgs/environment/library_path.dsv
[2.734s] -- Up-to-date symlink: /home/student/sensor_platform_ws/install/realsense2_camera_msgs/include/realsense2_camera_msgs/realsense2_camera_msgs/action/detail/triggered_calibration__rosidl_typesupport_fastrtps_c.h
[2.735s] -- Up-to-date symlink: /home/student/sensor_platform_ws/install/realsense2_camera_msgs/include/realsense2_camera_msgs/realsense2_camera_msgs/msg/detail/extrinsics__rosidl_typesupport_fastrtps_c.h
[2.739s] -- Up-to-date symlink: /home/student/sensor_platform_ws/install/realsense2_camera_msgs/include/realsense2_camera_msgs/realsense2_camera_msgs/msg/detail/imu_info__rosidl_typesupport_fastrtps_c.h
[2.752s] -- Up-to-date symlink: /home/student/sensor_platform_ws/install/realsense2_camera_msgs/include/realsense2_camera_msgs/realsense2_camera_msgs/msg/detail/metadata__rosidl_typesupport_fastrtps_c.h
[2.755s] -- Up-to-date symlink: /home/student/sensor_platform_ws/install/realsense2_camera_msgs/include/realsense2_camera_msgs/realsense2_camera_msgs/msg/detail/rgbd__rosidl_typesupport_fastrtps_c.h
[2.755s] -- Up-to-date symlink: /home/student/sensor_platform_ws/install/realsense2_camera_msgs/include/realsense2_camera_msgs/realsense2_camera_msgs/msg/rosidl_typesupport_fastrtps_c__visibility_control.h
[2.756s] -- Up-to-date symlink: /home/student/sensor_platform_ws/install/realsense2_camera_msgs/include/realsense2_camera_msgs/realsense2_camera_msgs/srv/detail/application_config_read__rosidl_typesupport_fastrtps_c.h
[2.756s] -- Up-to-date symlink: /home/student/sensor_platform_ws/install/realsense2_camera_msgs/include/realsense2_camera_msgs/realsense2_camera_msgs/srv/detail/application_config_write__rosidl_typesupport_fastrtps_c.h
[2.757s] -- Up-to-date symlink: /home/student/sensor_platform_ws/install/realsense2_camera_msgs/include/realsense2_camera_msgs/realsense2_camera_msgs/srv/detail/calib_config_read__rosidl_typesupport_fastrtps_c.h
[2.758s] -- Up-to-date symlink: /home/student/sensor_platform_ws/install/realsense2_camera_msgs/include/realsense2_camera_msgs/realsense2_camera_msgs/srv/detail/calib_config_write__rosidl_typesupport_fastrtps_c.h
[2.759s] -- Up-to-date symlink: /home/student/sensor_platform_ws/install/realsense2_camera_msgs/include/realsense2_camera_msgs/realsense2_camera_msgs/srv/detail/device_info__rosidl_typesupport_fastrtps_c.h
[2.759s] -- Up-to-date symlink: /home/student/sensor_platform_ws/install/realsense2_camera_msgs/include/realsense2_camera_msgs/realsense2_camera_msgs/srv/detail/hardware_monitor_command_send__rosidl_typesupport_fastrtps_c.h
[2.760s] -- Up-to-date symlink: /home/student/sensor_platform_ws/install/realsense2_camera_msgs/include/realsense2_camera_msgs/realsense2_camera_msgs/srv/detail/safety_interface_config_read__rosidl_typesupport_fastrtps_c.h
[2.760s] -- Up-to-date symlink: /home/student/sensor_platform_ws/install/realsense2_camera_msgs/include/realsense2_camera_msgs/realsense2_camera_msgs/srv/detail/safety_interface_config_write__rosidl_typesupport_fastrtps_c.h
[2.760s] -- Up-to-date symlink: /home/student/sensor_platform_ws/install/realsense2_camera_msgs/include/realsense2_camera_msgs/realsense2_camera_msgs/srv/detail/safety_preset_read__rosidl_typesupport_fastrtps_c.h
[2.761s] -- Up-to-date symlink: /home/student/sensor_platform_ws/install/realsense2_camera_msgs/include/realsense2_camera_msgs/realsense2_camera_msgs/srv/detail/safety_preset_write__rosidl_typesupport_fastrtps_c.h
[2.765s] -- Up-to-date symlink: /home/student/sensor_platform_ws/install/realsense2_camera_msgs/include/realsense2_camera_msgs/realsense2_camera_msgs/action/detail/triggered_calibration__rosidl_typesupport_introspection_c.h
[2.765s] -- Up-to-date symlink: /home/student/sensor_platform_ws/install/realsense2_camera_msgs/include/realsense2_camera_msgs/realsense2_camera_msgs/msg/detail/extrinsics__rosidl_typesupport_introspection_c.h
[2.766s] -- Up-to-date symlink: /home/student/sensor_platform_ws/install/realsense2_camera_msgs/include/realsense2_camera_msgs/realsense2_camera_msgs/msg/detail/imu_info__rosidl_typesupport_introspection_c.h
[2.767s] -- Up-to-date symlink: /home/student/sensor_platform_ws/install/realsense2_camera_msgs/include/realsense2_camera_msgs/realsense2_camera_msgs/msg/detail/metadata__rosidl_typesupport_introspection_c.h
[2.767s] -- Up-to-date symlink: /home/student/sensor_platform_ws/install/realsense2_camera_msgs/include/realsense2_camera_msgs/realsense2_camera_msgs/msg/detail/rgbd__rosidl_typesupport_introspection_c.h
[2.768s] -- Up-to-date symlink: /home/student/sensor_platform_ws/install/realsense2_camera_msgs/include/realsense2_camera_msgs/realsense2_camera_msgs/msg/rosidl_typesupport_introspection_c__visibility_control.h
[2.768s] -- Up-to-date symlink: /home/student/sensor_platform_ws/install/realsense2_camera_msgs/include/realsense2_camera_msgs/realsense2_camera_msgs/srv/detail/application_config_read__rosidl_typesupport_introspection_c.h
[2.769s] -- Up-to-date symlink: /home/student/sensor_platform_ws/install/realsense2_camera_msgs/include/realsense2_camera_msgs/realsense2_camera_msgs/srv/detail/application_config_write__rosidl_typesupport_introspection_c.h
[2.769s] -- Up-to-date symlink: /home/student/sensor_platform_ws/install/realsense2_camera_msgs/include/realsense2_camera_msgs/realsense2_camera_msgs/srv/detail/calib_config_read__rosidl_typesupport_introspection_c.h
[2.769s] -- Up-to-date symlink: /home/student/sensor_platform_ws/install/realsense2_camera_msgs/include/realsense2_camera_msgs/realsense2_camera_msgs/srv/detail/calib_config_write__rosidl_typesupport_introspection_c.h
[2.770s] -- Up-to-date symlink: /home/student/sensor_platform_ws/install/realsense2_camera_msgs/include/realsense2_camera_msgs/realsense2_camera_msgs/srv/detail/device_info__rosidl_typesupport_introspection_c.h
[2.771s] -- Up-to-date symlink: /home/student/sensor_platform_ws/install/realsense2_camera_msgs/include/realsense2_camera_msgs/realsense2_camera_msgs/srv/detail/hardware_monitor_command_send__rosidl_typesupport_introspection_c.h
[2.772s] -- Up-to-date symlink: /home/student/sensor_platform_ws/install/realsense2_camera_msgs/include/realsense2_camera_msgs/realsense2_camera_msgs/srv/detail/safety_interface_config_read__rosidl_typesupport_introspection_c.h
[2.772s] -- Up-to-date symlink: /home/student/sensor_platform_ws/install/realsense2_camera_msgs/include/realsense2_camera_msgs/realsense2_camera_msgs/srv/detail/safety_interface_config_write__rosidl_typesupport_introspection_c.h
[2.773s] -- Up-to-date symlink: /home/student/sensor_platform_ws/install/realsense2_camera_msgs/include/realsense2_camera_msgs/realsense2_camera_msgs/srv/detail/safety_preset_read__rosidl_typesupport_introspection_c.h
[2.774s] -- Up-to-date symlink: /home/student/sensor_platform_ws/install/realsense2_camera_msgs/include/realsense2_camera_msgs/realsense2_camera_msgs/srv/detail/safety_preset_write__rosidl_typesupport_introspection_c.h
[2.778s] -- Up-to-date symlink: /home/student/sensor_platform_ws/install/realsense2_camera_msgs/include/realsense2_camera_msgs/realsense2_camera_msgs/action/detail/triggered_calibration__builder.hpp
[2.779s] -- Up-to-date symlink: /home/student/sensor_platform_ws/install/realsense2_camera_msgs/include/realsense2_camera_msgs/realsense2_camera_msgs/action/detail/triggered_calibration__struct.hpp
[2.779s] -- Up-to-date symlink: /home/student/sensor_platform_ws/install/realsense2_camera_msgs/include/realsense2_camera_msgs/realsense2_camera_msgs/action/detail/triggered_calibration__traits.hpp
[2.780s] -- Up-to-date symlink: /home/student/sensor_platform_ws/install/realsense2_camera_msgs/include/realsense2_camera_msgs/realsense2_camera_msgs/action/detail/triggered_calibration__type_support.hpp
[2.780s] -- Up-to-date symlink: /home/student/sensor_platform_ws/install/realsense2_camera_msgs/include/realsense2_camera_msgs/realsense2_camera_msgs/action/triggered_calibration.hpp
[2.781s] -- Up-to-date symlink: /home/student/sensor_platform_ws/install/realsense2_camera_msgs/include/realsense2_camera_msgs/realsense2_camera_msgs/msg/detail/extrinsics__builder.hpp
[2.782s] -- Up-to-date symlink: /home/student/sensor_platform_ws/install/realsense2_camera_msgs/include/realsense2_camera_msgs/realsense2_camera_msgs/msg/detail/extrinsics__struct.hpp
[2.783s] -- Up-to-date symlink: /home/student/sensor_platform_ws/install/realsense2_camera_msgs/include/realsense2_camera_msgs/realsense2_camera_msgs/msg/detail/extrinsics__traits.hpp
[2.784s] -- Up-to-date symlink: /home/student/sensor_platform_ws/install/realsense2_camera_msgs/include/realsense2_camera_msgs/realsense2_camera_msgs/msg/detail/extrinsics__type_support.hpp
[2.785s] -- Up-to-date symlink: /home/student/sensor_platform_ws/install/realsense2_camera_msgs/include/realsense2_camera_msgs/realsense2_camera_msgs/msg/detail/imu_info__builder.hpp
[2.785s] -- Up-to-date symlink: /home/student/sensor_platform_ws/install/realsense2_camera_msgs/include/realsense2_camera_msgs/realsense2_camera_msgs/msg/detail/imu_info__struct.hpp
[2.785s] -- Up-to-date symlink: /home/student/sensor_platform_ws/install/realsense2_camera_msgs/include/realsense2_camera_msgs/realsense2_camera_msgs/msg/detail/imu_info__traits.hpp
[2.788s] -- Up-to-date symlink: /home/student/sensor_platform_ws/install/realsense2_camera_msgs/include/realsense2_camera_msgs/realsense2_camera_msgs/msg/detail/imu_info__type_support.hpp
[2.789s] -- Up-to-date symlink: /home/student/sensor_platform_ws/install/realsense2_camera_msgs/include/realsense2_camera_msgs/realsense2_camera_msgs/msg/detail/metadata__builder.hpp
[2.790s] -- Up-to-date symlink: /home/student/sensor_platform_ws/install/realsense2_camera_msgs/include/realsense2_camera_msgs/realsense2_camera_msgs/msg/detail/metadata__struct.hpp
[2.791s] -- Up-to-date symlink: /home/student/sensor_platform_ws/install/realsense2_camera_msgs/include/realsense2_camera_msgs/realsense2_camera_msgs/msg/detail/metadata__traits.hpp
[2.792s] -- Up-to-date symlink: /home/student/sensor_platform_ws/install/realsense2_camera_msgs/include/realsense2_camera_msgs/realsense2_camera_msgs/msg/detail/metadata__type_support.hpp
[2.793s] -- Up-to-date symlink: /home/student/sensor_platform_ws/install/realsense2_camera_msgs/include/realsense2_camera_msgs/realsense2_camera_msgs/msg/detail/rgbd__builder.hpp
[2.794s] -- Up-to-date symlink: /home/student/sensor_platform_ws/install/realsense2_camera_msgs/include/realsense2_camera_msgs/realsense2_camera_msgs/msg/detail/rgbd__struct.hpp
[2.794s] -- Up-to-date symlink: /home/student/sensor_platform_ws/install/realsense2_camera_msgs/include/realsense2_camera_msgs/realsense2_camera_msgs/msg/detail/rgbd__traits.hpp
[2.794s] -- Up-to-date symlink: /home/student/sensor_platform_ws/install/realsense2_camera_msgs/include/realsense2_camera_msgs/realsense2_camera_msgs/msg/detail/rgbd__type_support.hpp
[2.794s] -- Up-to-date symlink: /home/student/sensor_platform_ws/install/realsense2_camera_msgs/include/realsense2_camera_msgs/realsense2_camera_msgs/msg/extrinsics.hpp
[2.810s] -- Up-to-date symlink: /home/student/sensor_platform_ws/install/realsense2_camera_msgs/include/realsense2_camera_msgs/realsense2_camera_msgs/msg/imu_info.hpp
[2.812s] -- Up-to-date symlink: /home/student/sensor_platform_ws/install/realsense2_camera_msgs/include/realsense2_camera_msgs/realsense2_camera_msgs/msg/metadata.hpp
[2.813s] -- Up-to-date symlink: /home/student/sensor_platform_ws/install/realsense2_camera_msgs/include/realsense2_camera_msgs/realsense2_camera_msgs/msg/rgbd.hpp
[2.813s] -- Up-to-date symlink: /home/student/sensor_platform_ws/install/realsense2_camera_msgs/include/realsense2_camera_msgs/realsense2_camera_msgs/msg/rosidl_generator_cpp__visibility_control.hpp
[2.814s] -- Up-to-date symlink: /home/student/sensor_platform_ws/install/realsense2_camera_msgs/include/realsense2_camera_msgs/realsense2_camera_msgs/srv/application_config_read.hpp
[2.814s] -- Up-to-date symlink: /home/student/sensor_platform_ws/install/realsense2_camera_msgs/include/realsense2_camera_msgs/realsense2_camera_msgs/srv/application_config_write.hpp
[2.815s] -- Up-to-date symlink: /home/student/sensor_platform_ws/install/realsense2_camera_msgs/include/realsense2_camera_msgs/realsense2_camera_msgs/srv/calib_config_read.hpp
[2.815s] -- Up-to-date symlink: /home/student/sensor_platform_ws/install/realsense2_camera_msgs/include/realsense2_camera_msgs/realsense2_camera_msgs/srv/calib_config_write.hpp
[2.836s] -- Up-to-date symlink: /home/student/sensor_platform_ws/install/realsense2_camera_msgs/include/realsense2_camera_msgs/realsense2_camera_msgs/srv/detail/application_config_read__builder.hpp
[2.844s] -- Up-to-date symlink: /home/student/sensor_platform_ws/install/realsense2_camera_msgs/include/realsense2_camera_msgs/realsense2_camera_msgs/srv/detail/application_config_read__struct.hpp
[2.857s] -- Up-to-date symlink: /home/student/sensor_platform_ws/install/realsense2_camera_msgs/include/realsense2_camera_msgs/realsense2_camera_msgs/srv/detail/application_config_read__traits.hpp
[2.857s] -- Up-to-date symlink: /home/student/sensor_platform_ws/install/realsense2_camera_msgs/include/realsense2_camera_msgs/realsense2_camera_msgs/srv/detail/application_config_read__type_support.hpp
[2.857s] -- Up-to-date symlink: /home/student/sensor_platform_ws/install/realsense2_camera_msgs/include/realsense2_camera_msgs/realsense2_camera_msgs/srv/detail/application_config_write__builder.hpp
[2.859s] -- Up-to-date symlink: /home/student/sensor_platform_ws/install/realsense2_camera_msgs/include/realsense2_camera_msgs/realsense2_camera_msgs/srv/detail/application_config_write__struct.hpp
[2.860s] -- Up-to-date symlink: /home/student/sensor_platform_ws/install/realsense2_camera_msgs/include/realsense2_camera_msgs/realsense2_camera_msgs/srv/detail/application_config_write__traits.hpp
[2.878s] -- Up-to-date symlink: /home/student/sensor_platform_ws/install/realsense2_camera_msgs/include/realsense2_camera_msgs/realsense2_camera_msgs/srv/detail/application_config_write__type_support.hpp
[2.880s] -- Up-to-date symlink: /home/student/sensor_platform_ws/install/realsense2_camera_msgs/include/realsense2_camera_msgs/realsense2_camera_msgs/srv/detail/calib_config_read__builder.hpp
[2.886s] -- Up-to-date symlink: /home/student/sensor_platform_ws/install/realsense2_camera_msgs/include/realsense2_camera_msgs/realsense2_camera_msgs/srv/detail/calib_config_read__struct.hpp
[2.887s] -- Up-to-date symlink: /home/student/sensor_platform_ws/install/realsense2_camera_msgs/include/realsense2_camera_msgs/realsense2_camera_msgs/srv/detail/calib_config_read__traits.hpp
[2.889s] -- Up-to-date symlink: /home/student/sensor_platform_ws/install/realsense2_camera_msgs/include/realsense2_camera_msgs/realsense2_camera_msgs/srv/detail/calib_config_read__type_support.hpp
[2.891s] -- Up-to-date symlink: /home/student/sensor_platform_ws/install/realsense2_camera_msgs/include/realsense2_camera_msgs/realsense2_camera_msgs/srv/detail/calib_config_write__builder.hpp
[2.892s] -- Up-to-date symlink: /home/student/sensor_platform_ws/install/realsense2_camera_msgs/include/realsense2_camera_msgs/realsense2_camera_msgs/srv/detail/calib_config_write__struct.hpp
[2.893s] -- Up-to-date symlink: /home/student/sensor_platform_ws/install/realsense2_camera_msgs/include/realsense2_camera_msgs/realsense2_camera_msgs/srv/detail/calib_config_write__traits.hpp
[2.894s] -- Up-to-date symlink: /home/student/sensor_platform_ws/install/realsense2_camera_msgs/include/realsense2_camera_msgs/realsense2_camera_msgs/srv/detail/calib_config_write__type_support.hpp
[2.895s] -- Up-to-date symlink: /home/student/sensor_platform_ws/install/realsense2_camera_msgs/include/realsense2_camera_msgs/realsense2_camera_msgs/srv/detail/device_info__builder.hpp
[2.911s] -- Up-to-date symlink: /home/student/sensor_platform_ws/install/realsense2_camera_msgs/include/realsense2_camera_msgs/realsense2_camera_msgs/srv/detail/device_info__struct.hpp
[2.912s] -- Up-to-date symlink: /home/student/sensor_platform_ws/install/realsense2_camera_msgs/include/realsense2_camera_msgs/realsense2_camera_msgs/srv/detail/device_info__traits.hpp
[2.914s] -- Up-to-date symlink: /home/student/sensor_platform_ws/install/realsense2_camera_msgs/include/realsense2_camera_msgs/realsense2_camera_msgs/srv/detail/device_info__type_support.hpp
[2.915s] -- Up-to-date symlink: /home/student/sensor_platform_ws/install/realsense2_camera_msgs/include/realsense2_camera_msgs/realsense2_camera_msgs/srv/detail/hardware_monitor_command_send__builder.hpp
[2.916s] -- Up-to-date symlink: /home/student/sensor_platform_ws/install/realsense2_camera_msgs/include/realsense2_camera_msgs/realsense2_camera_msgs/srv/detail/hardware_monitor_command_send__struct.hpp
[2.917s] -- Up-to-date symlink: /home/student/sensor_platform_ws/install/realsense2_camera_msgs/include/realsense2_camera_msgs/realsense2_camera_msgs/srv/detail/hardware_monitor_command_send__traits.hpp
[2.917s] -- Up-to-date symlink: /home/student/sensor_platform_ws/install/realsense2_camera_msgs/include/realsense2_camera_msgs/realsense2_camera_msgs/srv/detail/hardware_monitor_command_send__type_support.hpp
[2.918s] -- Up-to-date symlink: /home/student/sensor_platform_ws/install/realsense2_camera_msgs/include/realsense2_camera_msgs/realsense2_camera_msgs/srv/detail/safety_interface_config_read__builder.hpp
[2.919s] -- Up-to-date symlink: /home/student/sensor_platform_ws/install/realsense2_camera_msgs/include/realsense2_camera_msgs/realsense2_camera_msgs/srv/detail/safety_interface_config_read__struct.hpp
[2.920s] -- Up-to-date symlink: /home/student/sensor_platform_ws/install/realsense2_camera_msgs/include/realsense2_camera_msgs/realsense2_camera_msgs/srv/detail/safety_interface_config_read__traits.hpp
[2.920s] -- Up-to-date symlink: /home/student/sensor_platform_ws/install/realsense2_camera_msgs/include/realsense2_camera_msgs/realsense2_camera_msgs/srv/detail/safety_interface_config_read__type_support.hpp
[2.921s] -- Up-to-date symlink: /home/student/sensor_platform_ws/install/realsense2_camera_msgs/include/realsense2_camera_msgs/realsense2_camera_msgs/srv/detail/safety_interface_config_write__builder.hpp
[2.921s] -- Up-to-date symlink: /home/student/sensor_platform_ws/install/realsense2_camera_msgs/include/realsense2_camera_msgs/realsense2_camera_msgs/srv/detail/safety_interface_config_write__struct.hpp
[2.922s] -- Up-to-date symlink: /home/student/sensor_platform_ws/install/realsense2_camera_msgs/include/realsense2_camera_msgs/realsense2_camera_msgs/srv/detail/safety_interface_config_write__traits.hpp
[2.922s] -- Up-to-date symlink: /home/student/sensor_platform_ws/install/realsense2_camera_msgs/include/realsense2_camera_msgs/realsense2_camera_msgs/srv/detail/safety_interface_config_write__type_support.hpp
[2.923s] -- Up-to-date symlink: /home/student/sensor_platform_ws/install/realsense2_camera_msgs/include/realsense2_camera_msgs/realsense2_camera_msgs/srv/detail/safety_preset_read__builder.hpp
[2.923s] -- Up-to-date symlink: /home/student/sensor_platform_ws/install/realsense2_camera_msgs/include/realsense2_camera_msgs/realsense2_camera_msgs/srv/detail/safety_preset_read__struct.hpp
[2.924s] -- Up-to-date symlink: /home/student/sensor_platform_ws/install/realsense2_camera_msgs/include/realsense2_camera_msgs/realsense2_camera_msgs/srv/detail/safety_preset_read__traits.hpp
[2.924s] -- Up-to-date symlink: /home/student/sensor_platform_ws/install/realsense2_camera_msgs/include/realsense2_camera_msgs/realsense2_camera_msgs/srv/detail/safety_preset_read__type_support.hpp
[2.924s] -- Up-to-date symlink: /home/student/sensor_platform_ws/install/realsense2_camera_msgs/include/realsense2_camera_msgs/realsense2_camera_msgs/srv/detail/safety_preset_write__builder.hpp
[2.925s] -- Up-to-date symlink: /home/student/sensor_platform_ws/install/realsense2_camera_msgs/include/realsense2_camera_msgs/realsense2_camera_msgs/srv/detail/safety_preset_write__struct.hpp
[2.925s] -- Up-to-date symlink: /home/student/sensor_platform_ws/install/realsense2_camera_msgs/include/realsense2_camera_msgs/realsense2_camera_msgs/srv/detail/safety_preset_write__traits.hpp
[2.925s] -- Up-to-date symlink: /home/student/sensor_platform_ws/install/realsense2_camera_msgs/include/realsense2_camera_msgs/realsense2_camera_msgs/srv/detail/safety_preset_write__type_support.hpp
[2.926s] -- Up-to-date symlink: /home/student/sensor_platform_ws/install/realsense2_camera_msgs/include/realsense2_camera_msgs/realsense2_camera_msgs/srv/device_info.hpp
[2.926s] -- Up-to-date symlink: /home/student/sensor_platform_ws/install/realsense2_camera_msgs/include/realsense2_camera_msgs/realsense2_camera_msgs/srv/hardware_monitor_command_send.hpp
[2.926s] -- Up-to-date symlink: /home/student/sensor_platform_ws/install/realsense2_camera_msgs/include/realsense2_camera_msgs/realsense2_camera_msgs/srv/safety_interface_config_read.hpp
[2.927s] -- Up-to-date symlink: /home/student/sensor_platform_ws/install/realsense2_camera_msgs/include/realsense2_camera_msgs/realsense2_camera_msgs/srv/safety_interface_config_write.hpp
[2.927s] -- Up-to-date symlink: /home/student/sensor_platform_ws/install/realsense2_camera_msgs/include/realsense2_camera_msgs/realsense2_camera_msgs/srv/safety_preset_read.hpp
[2.927s] -- Up-to-date symlink: /home/student/sensor_platform_ws/install/realsense2_camera_msgs/include/realsense2_camera_msgs/realsense2_camera_msgs/srv/safety_preset_write.hpp
[2.930s] -- Up-to-date symlink: /home/student/sensor_platform_ws/install/realsense2_camera_msgs/include/realsense2_camera_msgs/realsense2_camera_msgs/action/detail/triggered_calibration__rosidl_typesupport_fastrtps_cpp.hpp
[2.930s] -- Up-to-date symlink: /home/student/sensor_platform_ws/install/realsense2_camera_msgs/include/realsense2_camera_msgs/realsense2_camera_msgs/msg/detail/extrinsics__rosidl_typesupport_fastrtps_cpp.hpp
[2.931s] -- Up-to-date symlink: /home/student/sensor_platform_ws/install/realsense2_camera_msgs/include/realsense2_camera_msgs/realsense2_camera_msgs/msg/detail/imu_info__rosidl_typesupport_fastrtps_cpp.hpp
[2.931s] -- Up-to-date symlink: /home/student/sensor_platform_ws/install/realsense2_camera_msgs/include/realsense2_camera_msgs/realsense2_camera_msgs/msg/detail/metadata__rosidl_typesupport_fastrtps_cpp.hpp
[2.953s] -- Up-to-date symlink: /home/student/sensor_platform_ws/install/realsense2_camera_msgs/include/realsense2_camera_msgs/realsense2_camera_msgs/msg/detail/rgbd__rosidl_typesupport_fastrtps_cpp.hpp
[2.955s] -- Up-to-date symlink: /home/student/sensor_platform_ws/install/realsense2_camera_msgs/include/realsense2_camera_msgs/realsense2_camera_msgs/msg/rosidl_typesupport_fastrtps_cpp__visibility_control.h
[2.956s] -- Up-to-date symlink: /home/student/sensor_platform_ws/install/realsense2_camera_msgs/include/realsense2_camera_msgs/realsense2_camera_msgs/srv/detail/application_config_read__rosidl_typesupport_fastrtps_cpp.hpp
[2.956s] -- Up-to-date symlink: /home/student/sensor_platform_ws/install/realsense2_camera_msgs/include/realsense2_camera_msgs/realsense2_camera_msgs/srv/detail/application_config_write__rosidl_typesupport_fastrtps_cpp.hpp
[2.956s] -- Up-to-date symlink: /home/student/sensor_platform_ws/install/realsense2_camera_msgs/include/realsense2_camera_msgs/realsense2_camera_msgs/srv/detail/calib_config_read__rosidl_typesupport_fastrtps_cpp.hpp
[2.987s] -- Up-to-date symlink: /home/student/sensor_platform_ws/install/realsense2_camera_msgs/include/realsense2_camera_msgs/realsense2_camera_msgs/srv/detail/calib_config_write__rosidl_typesupport_fastrtps_cpp.hpp
[2.987s] -- Up-to-date symlink: /home/student/sensor_platform_ws/install/realsense2_camera_msgs/include/realsense2_camera_msgs/realsense2_camera_msgs/srv/detail/device_info__rosidl_typesupport_fastrtps_cpp.hpp
[2.990s] -- Up-to-date symlink: /home/student/sensor_platform_ws/install/realsense2_camera_msgs/include/realsense2_camera_msgs/realsense2_camera_msgs/srv/detail/hardware_monitor_command_send__rosidl_typesupport_fastrtps_cpp.hpp
[2.991s] -- Up-to-date symlink: /home/student/sensor_platform_ws/install/realsense2_camera_msgs/include/realsense2_camera_msgs/realsense2_camera_msgs/srv/detail/safety_interface_config_read__rosidl_typesupport_fastrtps_cpp.hpp
[2.991s] -- Up-to-date symlink: /home/student/sensor_platform_ws/install/realsense2_camera_msgs/include/realsense2_camera_msgs/realsense2_camera_msgs/srv/detail/safety_interface_config_write__rosidl_typesupport_fastrtps_cpp.hpp
[3.020s] -- Up-to-date symlink: /home/student/sensor_platform_ws/install/realsense2_camera_msgs/include/realsense2_camera_msgs/realsense2_camera_msgs/srv/detail/safety_preset_read__rosidl_typesupport_fastrtps_cpp.hpp
[3.021s] -- Up-to-date symlink: /home/student/sensor_platform_ws/install/realsense2_camera_msgs/include/realsense2_camera_msgs/realsense2_camera_msgs/srv/detail/safety_preset_write__rosidl_typesupport_fastrtps_cpp.hpp
[3.022s] -- Up-to-date symlink: /home/student/sensor_platform_ws/install/realsense2_camera_msgs/include/realsense2_camera_msgs/realsense2_camera_msgs/action/detail/triggered_calibration__rosidl_typesupport_introspection_cpp.hpp
[3.023s] -- Up-to-date symlink: /home/student/sensor_platform_ws/install/realsense2_camera_msgs/include/realsense2_camera_msgs/realsense2_camera_msgs/msg/detail/extrinsics__rosidl_typesupport_introspection_cpp.hpp
[3.024s] -- Up-to-date symlink: /home/student/sensor_platform_ws/install/realsense2_camera_msgs/include/realsense2_camera_msgs/realsense2_camera_msgs/msg/detail/imu_info__rosidl_typesupport_introspection_cpp.hpp
[3.024s] -- Up-to-date symlink: /home/student/sensor_platform_ws/install/realsense2_camera_msgs/include/realsense2_camera_msgs/realsense2_camera_msgs/msg/detail/metadata__rosidl_typesupport_introspection_cpp.hpp
[3.025s] -- Up-to-date symlink: /home/student/sensor_platform_ws/install/realsense2_camera_msgs/include/realsense2_camera_msgs/realsense2_camera_msgs/msg/detail/rgbd__rosidl_typesupport_introspection_cpp.hpp
[3.025s] -- Up-to-date symlink: /home/student/sensor_platform_ws/install/realsense2_camera_msgs/include/realsense2_camera_msgs/realsense2_camera_msgs/srv/detail/application_config_read__rosidl_typesupport_introspection_cpp.hpp
[3.026s] -- Up-to-date symlink: /home/student/sensor_platform_ws/install/realsense2_camera_msgs/include/realsense2_camera_msgs/realsense2_camera_msgs/srv/detail/application_config_write__rosidl_typesupport_introspection_cpp.hpp
[3.026s] -- Up-to-date symlink: /home/student/sensor_platform_ws/install/realsense2_camera_msgs/include/realsense2_camera_msgs/realsense2_camera_msgs/srv/detail/calib_config_read__rosidl_typesupport_introspection_cpp.hpp
[3.027s] -- Up-to-date symlink: /home/student/sensor_platform_ws/install/realsense2_camera_msgs/include/realsense2_camera_msgs/realsense2_camera_msgs/srv/detail/calib_config_write__rosidl_typesupport_introspection_cpp.hpp
[3.027s] -- Up-to-date symlink: /home/student/sensor_platform_ws/install/realsense2_camera_msgs/include/realsense2_camera_msgs/realsense2_camera_msgs/srv/detail/device_info__rosidl_typesupport_introspection_cpp.hpp
[3.028s] -- Up-to-date symlink: /home/student/sensor_platform_ws/install/realsense2_camera_msgs/include/realsense2_camera_msgs/realsense2_camera_msgs/srv/detail/hardware_monitor_command_send__rosidl_typesupport_introspection_cpp.hpp
[3.031s] -- Up-to-date symlink: /home/student/sensor_platform_ws/install/realsense2_camera_msgs/include/realsense2_camera_msgs/realsense2_camera_msgs/srv/detail/safety_interface_config_read__rosidl_typesupport_introspection_cpp.hpp
[3.032s] -- Up-to-date symlink: /home/student/sensor_platform_ws/install/realsense2_camera_msgs/include/realsense2_camera_msgs/realsense2_camera_msgs/srv/detail/safety_interface_config_write__rosidl_typesupport_introspection_cpp.hpp
[3.032s] -- Up-to-date symlink: /home/student/sensor_platform_ws/install/realsense2_camera_msgs/include/realsense2_camera_msgs/realsense2_camera_msgs/srv/detail/safety_preset_read__rosidl_typesupport_introspection_cpp.hpp
[3.033s] -- Up-to-date symlink: /home/student/sensor_platform_ws/install/realsense2_camera_msgs/include/realsense2_camera_msgs/realsense2_camera_msgs/srv/detail/safety_preset_write__rosidl_typesupport_introspection_cpp.hpp
[3.033s] -- Up-to-date symlink: /home/student/sensor_platform_ws/install/realsense2_camera_msgs/share/realsense2_camera_msgs/environment/pythonpath.sh
[3.034s] -- Up-to-date symlink: /home/student/sensor_platform_ws/install/realsense2_camera_msgs/share/realsense2_camera_msgs/environment/pythonpath.dsv
[3.034s] -- Up-to-date symlink: /home/student/sensor_platform_ws/install/realsense2_camera_msgs/local/lib/python3.10/dist-packages/realsense2_camera_msgs-4.57.0-py3.10.egg-info/PKG-INFO
[3.035s] -- Up-to-date symlink: /home/student/sensor_platform_ws/install/realsense2_camera_msgs/local/lib/python3.10/dist-packages/realsense2_camera_msgs-4.57.0-py3.10.egg-info/SOURCES.txt
[3.035s] -- Up-to-date symlink: /home/student/sensor_platform_ws/install/realsense2_camera_msgs/local/lib/python3.10/dist-packages/realsense2_camera_msgs-4.57.0-py3.10.egg-info/dependency_links.txt
[3.036s] -- Up-to-date symlink: /home/student/sensor_platform_ws/install/realsense2_camera_msgs/local/lib/python3.10/dist-packages/realsense2_camera_msgs-4.57.0-py3.10.egg-info/top_level.txt
[3.047s] -- Up-to-date symlink: /home/student/sensor_platform_ws/install/realsense2_camera_msgs/local/lib/python3.10/dist-packages/realsense2_camera_msgs/__init__.py
[3.048s] -- Up-to-date symlink: /home/student/sensor_platform_ws/install/realsense2_camera_msgs/local/lib/python3.10/dist-packages/realsense2_camera_msgs/_realsense2_camera_msgs_s.ep.rosidl_typesupport_c.c
[3.049s] -- Up-to-date symlink: /home/student/sensor_platform_ws/install/realsense2_camera_msgs/local/lib/python3.10/dist-packages/realsense2_camera_msgs/_realsense2_camera_msgs_s.ep.rosidl_typesupport_fastrtps_c.c
[3.057s] -- Up-to-date symlink: /home/student/sensor_platform_ws/install/realsense2_camera_msgs/local/lib/python3.10/dist-packages/realsense2_camera_msgs/_realsense2_camera_msgs_s.ep.rosidl_typesupport_introspection_c.c
[3.058s] -- Up-to-date symlink: /home/student/sensor_platform_ws/install/realsense2_camera_msgs/local/lib/python3.10/dist-packages/realsense2_camera_msgs/action/__init__.py
[3.059s] -- Up-to-date symlink: /home/student/sensor_platform_ws/install/realsense2_camera_msgs/local/lib/python3.10/dist-packages/realsense2_camera_msgs/action/_triggered_calibration.py
[3.060s] -- Up-to-date symlink: /home/student/sensor_platform_ws/install/realsense2_camera_msgs/local/lib/python3.10/dist-packages/realsense2_camera_msgs/action/_triggered_calibration_s.c
[3.060s] -- Up-to-date symlink: /home/student/sensor_platform_ws/install/realsense2_camera_msgs/local/lib/python3.10/dist-packages/realsense2_camera_msgs/librealsense2_camera_msgs__rosidl_generator_py.so
[3.061s] -- Up-to-date symlink: /home/student/sensor_platform_ws/install/realsense2_camera_msgs/local/lib/python3.10/dist-packages/realsense2_camera_msgs/msg/__init__.py
[3.061s] -- Up-to-date symlink: /home/student/sensor_platform_ws/install/realsense2_camera_msgs/local/lib/python3.10/dist-packages/realsense2_camera_msgs/msg/_extrinsics.py
[3.061s] -- Up-to-date symlink: /home/student/sensor_platform_ws/install/realsense2_camera_msgs/local/lib/python3.10/dist-packages/realsense2_camera_msgs/msg/_extrinsics_s.c
[3.061s] -- Up-to-date symlink: /home/student/sensor_platform_ws/install/realsense2_camera_msgs/local/lib/python3.10/dist-packages/realsense2_camera_msgs/msg/_imu_info.py
[3.062s] -- Up-to-date symlink: /home/student/sensor_platform_ws/install/realsense2_camera_msgs/local/lib/python3.10/dist-packages/realsense2_camera_msgs/msg/_imu_info_s.c
[3.062s] -- Up-to-date symlink: /home/student/sensor_platform_ws/install/realsense2_camera_msgs/local/lib/python3.10/dist-packages/realsense2_camera_msgs/msg/_metadata.py
[3.062s] -- Up-to-date symlink: /home/student/sensor_platform_ws/install/realsense2_camera_msgs/local/lib/python3.10/dist-packages/realsense2_camera_msgs/msg/_metadata_s.c
[3.063s] -- Up-to-date symlink: /home/student/sensor_platform_ws/install/realsense2_camera_msgs/local/lib/python3.10/dist-packages/realsense2_camera_msgs/msg/_rgbd.py
[3.063s] -- Up-to-date symlink: /home/student/sensor_platform_ws/install/realsense2_camera_msgs/local/lib/python3.10/dist-packages/realsense2_camera_msgs/msg/_rgbd_s.c
[3.064s] -- Up-to-date symlink: /home/student/sensor_platform_ws/install/realsense2_camera_msgs/local/lib/python3.10/dist-packages/realsense2_camera_msgs/realsense2_camera_msgs_s__rosidl_typesupport_c.cpython-310-x86_64-linux-gnu.so
[3.064s] -- Up-to-date symlink: /home/student/sensor_platform_ws/install/realsense2_camera_msgs/local/lib/python3.10/dist-packages/realsense2_camera_msgs/realsense2_camera_msgs_s__rosidl_typesupport_fastrtps_c.cpython-310-x86_64-linux-gnu.so
[3.064s] -- Up-to-date symlink: /home/student/sensor_platform_ws/install/realsense2_camera_msgs/local/lib/python3.10/dist-packages/realsense2_camera_msgs/realsense2_camera_msgs_s__rosidl_typesupport_introspection_c.cpython-310-x86_64-linux-gnu.so
[3.065s] -- Up-to-date symlink: /home/student/sensor_platform_ws/install/realsense2_camera_msgs/local/lib/python3.10/dist-packages/realsense2_camera_msgs/srv/__init__.py
[3.068s] -- Up-to-date symlink: /home/student/sensor_platform_ws/install/realsense2_camera_msgs/local/lib/python3.10/dist-packages/realsense2_camera_msgs/srv/_application_config_read.py
[3.069s] -- Up-to-date symlink: /home/student/sensor_platform_ws/install/realsense2_camera_msgs/local/lib/python3.10/dist-packages/realsense2_camera_msgs/srv/_application_config_read_s.c
[3.069s] -- Up-to-date symlink: /home/student/sensor_platform_ws/install/realsense2_camera_msgs/local/lib/python3.10/dist-packages/realsense2_camera_msgs/srv/_application_config_write.py
[3.069s] -- Up-to-date symlink: /home/student/sensor_platform_ws/install/realsense2_camera_msgs/local/lib/python3.10/dist-packages/realsense2_camera_msgs/srv/_application_config_write_s.c
[3.069s] -- Up-to-date symlink: /home/student/sensor_platform_ws/install/realsense2_camera_msgs/local/lib/python3.10/dist-packages/realsense2_camera_msgs/srv/_calib_config_read.py
[3.069s] -- Up-to-date symlink: /home/student/sensor_platform_ws/install/realsense2_camera_msgs/local/lib/python3.10/dist-packages/realsense2_camera_msgs/srv/_calib_config_read_s.c
[3.070s] -- Up-to-date symlink: /home/student/sensor_platform_ws/install/realsense2_camera_msgs/local/lib/python3.10/dist-packages/realsense2_camera_msgs/srv/_calib_config_write.py
[3.070s] -- Up-to-date symlink: /home/student/sensor_platform_ws/install/realsense2_camera_msgs/local/lib/python3.10/dist-packages/realsense2_camera_msgs/srv/_calib_config_write_s.c
[3.070s] -- Up-to-date symlink: /home/student/sensor_platform_ws/install/realsense2_camera_msgs/local/lib/python3.10/dist-packages/realsense2_camera_msgs/srv/_device_info.py
[3.070s] -- Up-to-date symlink: /home/student/sensor_platform_ws/install/realsense2_camera_msgs/local/lib/python3.10/dist-packages/realsense2_camera_msgs/srv/_device_info_s.c
[3.071s] -- Up-to-date symlink: /home/student/sensor_platform_ws/install/realsense2_camera_msgs/local/lib/python3.10/dist-packages/realsense2_camera_msgs/srv/_hardware_monitor_command_send.py
[3.071s] -- Up-to-date symlink: /home/student/sensor_platform_ws/install/realsense2_camera_msgs/local/lib/python3.10/dist-packages/realsense2_camera_msgs/srv/_hardware_monitor_command_send_s.c
[3.072s] -- Up-to-date symlink: /home/student/sensor_platform_ws/install/realsense2_camera_msgs/local/lib/python3.10/dist-packages/realsense2_camera_msgs/srv/_safety_interface_config_read.py
[3.072s] -- Up-to-date symlink: /home/student/sensor_platform_ws/install/realsense2_camera_msgs/local/lib/python3.10/dist-packages/realsense2_camera_msgs/srv/_safety_interface_config_read_s.c
[3.073s] -- Up-to-date symlink: /home/student/sensor_platform_ws/install/realsense2_camera_msgs/local/lib/python3.10/dist-packages/realsense2_camera_msgs/srv/_safety_interface_config_write.py
[3.073s] -- Up-to-date symlink: /home/student/sensor_platform_ws/install/realsense2_camera_msgs/local/lib/python3.10/dist-packages/realsense2_camera_msgs/srv/_safety_interface_config_write_s.c
[3.073s] -- Up-to-date symlink: /home/student/sensor_platform_ws/install/realsense2_camera_msgs/local/lib/python3.10/dist-packages/realsense2_camera_msgs/srv/_safety_preset_read.py
[3.074s] -- Up-to-date symlink: /home/student/sensor_platform_ws/install/realsense2_camera_msgs/local/lib/python3.10/dist-packages/realsense2_camera_msgs/srv/_safety_preset_read_s.c
[3.074s] -- Up-to-date symlink: /home/student/sensor_platform_ws/install/realsense2_camera_msgs/local/lib/python3.10/dist-packages/realsense2_camera_msgs/srv/_safety_preset_write.py
[3.075s] -- Up-to-date symlink: /home/student/sensor_platform_ws/install/realsense2_camera_msgs/local/lib/python3.10/dist-packages/realsense2_camera_msgs/srv/_safety_preset_write_s.c
[3.076s] -- Up-to-date symlink: /home/student/sensor_platform_ws/install/realsense2_camera_msgs/local/lib/python3.10/dist-packages/realsense2_camera_msgs/realsense2_camera_msgs_s__rosidl_typesupport_fastrtps_c.cpython-310-x86_64-linux-gnu.so
[3.076s] -- Up-to-date symlink: /home/student/sensor_platform_ws/install/realsense2_camera_msgs/local/lib/python3.10/dist-packages/realsense2_camera_msgs/realsense2_camera_msgs_s__rosidl_typesupport_introspection_c.cpython-310-x86_64-linux-gnu.so
[3.078s] -- Up-to-date symlink: /home/student/sensor_platform_ws/install/realsense2_camera_msgs/local/lib/python3.10/dist-packages/realsense2_camera_msgs/realsense2_camera_msgs_s__rosidl_typesupport_c.cpython-310-x86_64-linux-gnu.so
[3.078s] -- Up-to-date symlink: /home/student/sensor_platform_ws/install/realsense2_camera_msgs/share/ament_index/resource_index/rust_packages/realsense2_camera_msgs
[3.079s] -- Up-to-date symlink: /home/student/sensor_platform_ws/install/realsense2_camera_msgs/share/realsense2_camera_msgs/rust/Cargo.toml
[3.079s] -- Up-to-date symlink: /home/student/sensor_platform_ws/install/realsense2_camera_msgs/share/realsense2_camera_msgs/rust/build.rs
[3.080s] -- Up-to-date symlink: /home/student/sensor_platform_ws/install/realsense2_camera_msgs/share/realsense2_camera_msgs/rust/src/action.rs
[3.081s] -- Up-to-date symlink: /home/student/sensor_platform_ws/install/realsense2_camera_msgs/share/realsense2_camera_msgs/rust/src/action/rmw.rs
[3.081s] -- Up-to-date symlink: /home/student/sensor_platform_ws/install/realsense2_camera_msgs/share/realsense2_camera_msgs/rust/src/lib.rs
[3.082s] -- Up-to-date symlink: /home/student/sensor_platform_ws/install/realsense2_camera_msgs/share/realsense2_camera_msgs/rust/src/msg.rs
[3.082s] -- Up-to-date symlink: /home/student/sensor_platform_ws/install/realsense2_camera_msgs/share/realsense2_camera_msgs/rust/src/msg/rmw.rs
[3.082s] -- Up-to-date symlink: /home/student/sensor_platform_ws/install/realsense2_camera_msgs/share/realsense2_camera_msgs/rust/src/srv.rs
[3.082s] -- Up-to-date symlink: /home/student/sensor_platform_ws/install/realsense2_camera_msgs/share/realsense2_camera_msgs/rust/src/srv/rmw.rs
[3.083s] -- Up-to-date symlink: /home/student/sensor_platform_ws/install/realsense2_camera_msgs/share/realsense2_camera_msgs/msg/IMUInfo.idl
[3.084s] -- Up-to-date symlink: /home/student/sensor_platform_ws/install/realsense2_camera_msgs/share/realsense2_camera_msgs/msg/Extrinsics.idl
[3.085s] -- Up-to-date symlink: /home/student/sensor_platform_ws/install/realsense2_camera_msgs/share/realsense2_camera_msgs/msg/Metadata.idl
[3.085s] -- Up-to-date symlink: /home/student/sensor_platform_ws/install/realsense2_camera_msgs/share/realsense2_camera_msgs/msg/RGBD.idl
[3.085s] -- Up-to-date symlink: /home/student/sensor_platform_ws/install/realsense2_camera_msgs/share/realsense2_camera_msgs/srv/DeviceInfo.idl
[3.088s] -- Up-to-date symlink: /home/student/sensor_platform_ws/install/realsense2_camera_msgs/share/realsense2_camera_msgs/srv/SafetyPresetRead.idl
[3.090s] -- Up-to-date symlink: /home/student/sensor_platform_ws/install/realsense2_camera_msgs/share/realsense2_camera_msgs/srv/SafetyPresetWrite.idl
[3.090s] -- Up-to-date symlink: /home/student/sensor_platform_ws/install/realsense2_camera_msgs/share/realsense2_camera_msgs/srv/SafetyInterfaceConfigRead.idl
[3.091s] -- Up-to-date symlink: /home/student/sensor_platform_ws/install/realsense2_camera_msgs/share/realsense2_camera_msgs/srv/SafetyInterfaceConfigWrite.idl
[3.091s] -- Up-to-date symlink: /home/student/sensor_platform_ws/install/realsense2_camera_msgs/share/realsense2_camera_msgs/srv/CalibConfigRead.idl
[3.091s] -- Up-to-date symlink: /home/student/sensor_platform_ws/install/realsense2_camera_msgs/share/realsense2_camera_msgs/srv/CalibConfigWrite.idl
[3.091s] -- Up-to-date symlink: /home/student/sensor_platform_ws/install/realsense2_camera_msgs/share/realsense2_camera_msgs/srv/ApplicationConfigRead.idl
[3.092s] -- Up-to-date symlink: /home/student/sensor_platform_ws/install/realsense2_camera_msgs/share/realsense2_camera_msgs/srv/ApplicationConfigWrite.idl
[3.092s] -- Up-to-date symlink: /home/student/sensor_platform_ws/install/realsense2_camera_msgs/share/realsense2_camera_msgs/srv/HardwareMonitorCommandSend.idl
[3.094s] -- Up-to-date symlink: /home/student/sensor_platform_ws/install/realsense2_camera_msgs/share/realsense2_camera_msgs/action/TriggeredCalibration.idl
[3.095s] -- Up-to-date symlink: /home/student/sensor_platform_ws/install/realsense2_camera_msgs/share/realsense2_camera_msgs/msg/IMUInfo.msg
[3.096s] -- Up-to-date symlink: /home/student/sensor_platform_ws/install/realsense2_camera_msgs/share/realsense2_camera_msgs/msg/Extrinsics.msg
[3.097s] -- Up-to-date symlink: /home/student/sensor_platform_ws/install/realsense2_camera_msgs/share/realsense2_camera_msgs/msg/Metadata.msg
[3.097s] -- Up-to-date symlink: /home/student/sensor_platform_ws/install/realsense2_camera_msgs/share/realsense2_camera_msgs/msg/RGBD.msg
[3.097s] -- Up-to-date symlink: /home/student/sensor_platform_ws/install/realsense2_camera_msgs/share/realsense2_camera_msgs/srv/DeviceInfo.srv
[3.097s] -- Up-to-date symlink: /home/student/sensor_platform_ws/install/realsense2_camera_msgs/share/realsense2_camera_msgs/srv/DeviceInfo_Request.msg
[3.097s] -- Up-to-date symlink: /home/student/sensor_platform_ws/install/realsense2_camera_msgs/share/realsense2_camera_msgs/srv/DeviceInfo_Response.msg
[3.098s] -- Up-to-date symlink: /home/student/sensor_platform_ws/install/realsense2_camera_msgs/share/realsense2_camera_msgs/srv/SafetyPresetRead.srv
[3.115s] -- Up-to-date symlink: /home/student/sensor_platform_ws/install/realsense2_camera_msgs/share/realsense2_camera_msgs/srv/SafetyPresetRead_Request.msg
[3.125s] -- Up-to-date symlink: /home/student/sensor_platform_ws/install/realsense2_camera_msgs/share/realsense2_camera_msgs/srv/SafetyPresetRead_Response.msg
[3.125s] -- Up-to-date symlink: /home/student/sensor_platform_ws/install/realsense2_camera_msgs/share/realsense2_camera_msgs/srv/SafetyPresetWrite.srv
[3.126s] -- Up-to-date symlink: /home/student/sensor_platform_ws/install/realsense2_camera_msgs/share/realsense2_camera_msgs/srv/SafetyPresetWrite_Request.msg
[3.126s] -- Up-to-date symlink: /home/student/sensor_platform_ws/install/realsense2_camera_msgs/share/realsense2_camera_msgs/srv/SafetyPresetWrite_Response.msg
[3.127s] -- Up-to-date symlink: /home/student/sensor_platform_ws/install/realsense2_camera_msgs/share/realsense2_camera_msgs/srv/SafetyInterfaceConfigRead.srv
[3.128s] -- Up-to-date symlink: /home/student/sensor_platform_ws/install/realsense2_camera_msgs/share/realsense2_camera_msgs/srv/SafetyInterfaceConfigRead_Request.msg
[3.128s] -- Up-to-date symlink: /home/student/sensor_platform_ws/install/realsense2_camera_msgs/share/realsense2_camera_msgs/srv/SafetyInterfaceConfigRead_Response.msg
[3.129s] -- Up-to-date symlink: /home/student/sensor_platform_ws/install/realsense2_camera_msgs/share/realsense2_camera_msgs/srv/SafetyInterfaceConfigWrite.srv
[3.157s] -- Up-to-date symlink: /home/student/sensor_platform_ws/install/realsense2_camera_msgs/share/realsense2_camera_msgs/srv/SafetyInterfaceConfigWrite_Request.msg
[3.159s] -- Up-to-date symlink: /home/student/sensor_platform_ws/install/realsense2_camera_msgs/share/realsense2_camera_msgs/srv/SafetyInterfaceConfigWrite_Response.msg
[3.159s] -- Up-to-date symlink: /home/student/sensor_platform_ws/install/realsense2_camera_msgs/share/realsense2_camera_msgs/srv/CalibConfigRead.srv
[3.159s] -- Up-to-date symlink: /home/student/sensor_platform_ws/install/realsense2_camera_msgs/share/realsense2_camera_msgs/srv/CalibConfigRead_Request.msg
[3.160s] -- Up-to-date symlink: /home/student/sensor_platform_ws/install/realsense2_camera_msgs/share/realsense2_camera_msgs/srv/CalibConfigRead_Response.msg
[3.191s] -- Up-to-date symlink: /home/student/sensor_platform_ws/install/realsense2_camera_msgs/share/realsense2_camera_msgs/srv/CalibConfigWrite.srv
[3.191s] -- Up-to-date symlink: /home/student/sensor_platform_ws/install/realsense2_camera_msgs/share/realsense2_camera_msgs/srv/CalibConfigWrite_Request.msg
[3.199s] -- Up-to-date symlink: /home/student/sensor_platform_ws/install/realsense2_camera_msgs/share/realsense2_camera_msgs/srv/CalibConfigWrite_Response.msg
[3.200s] -- Up-to-date symlink: /home/student/sensor_platform_ws/install/realsense2_camera_msgs/share/realsense2_camera_msgs/srv/ApplicationConfigRead.srv
[3.202s] -- Up-to-date symlink: /home/student/sensor_platform_ws/install/realsense2_camera_msgs/share/realsense2_camera_msgs/srv/ApplicationConfigRead_Request.msg
[3.202s] -- Up-to-date symlink: /home/student/sensor_platform_ws/install/realsense2_camera_msgs/share/realsense2_camera_msgs/srv/ApplicationConfigRead_Response.msg
[3.207s] -- Up-to-date symlink: /home/student/sensor_platform_ws/install/realsense2_camera_msgs/share/realsense2_camera_msgs/srv/ApplicationConfigWrite.srv
[3.208s] -- Up-to-date symlink: /home/student/sensor_platform_ws/install/realsense2_camera_msgs/share/realsense2_camera_msgs/srv/ApplicationConfigWrite_Request.msg
[3.212s] -- Up-to-date symlink: /home/student/sensor_platform_ws/install/realsense2_camera_msgs/share/realsense2_camera_msgs/srv/ApplicationConfigWrite_Response.msg
[3.214s] -- Up-to-date symlink: /home/student/sensor_platform_ws/install/realsense2_camera_msgs/share/realsense2_camera_msgs/srv/HardwareMonitorCommandSend.srv
[3.215s] -- Up-to-date symlink: /home/student/sensor_platform_ws/install/realsense2_camera_msgs/share/realsense2_camera_msgs/srv/HardwareMonitorCommandSend_Request.msg
[3.215s] -- Up-to-date symlink: /home/student/sensor_platform_ws/install/realsense2_camera_msgs/share/realsense2_camera_msgs/srv/HardwareMonitorCommandSend_Response.msg
[3.216s] -- Up-to-date symlink: /home/student/sensor_platform_ws/install/realsense2_camera_msgs/share/realsense2_camera_msgs/action/TriggeredCalibration.action
[3.217s] -- Up-to-date symlink: /home/student/sensor_platform_ws/install/realsense2_camera_msgs/share/ament_index/resource_index/package_run_dependencies/realsense2_camera_msgs
[3.217s] -- Up-to-date symlink: /home/student/sensor_platform_ws/install/realsense2_camera_msgs/share/ament_index/resource_index/parent_prefix_path/realsense2_camera_msgs
[3.217s] -- Up-to-date symlink: /home/student/sensor_platform_ws/install/realsense2_camera_msgs/share/realsense2_camera_msgs/environment/ament_prefix_path.sh
[3.218s] -- Up-to-date symlink: /home/student/sensor_platform_ws/install/realsense2_camera_msgs/share/realsense2_camera_msgs/environment/ament_prefix_path.dsv
[3.219s] -- Up-to-date symlink: /home/student/sensor_platform_ws/install/realsense2_camera_msgs/share/realsense2_camera_msgs/environment/path.sh
[3.219s] -- Up-to-date symlink: /home/student/sensor_platform_ws/install/realsense2_camera_msgs/share/realsense2_camera_msgs/environment/path.dsv
[3.220s] -- Up-to-date symlink: /home/student/sensor_platform_ws/install/realsense2_camera_msgs/share/realsense2_camera_msgs/local_setup.bash
[3.221s] -- Up-to-date symlink: /home/student/sensor_platform_ws/install/realsense2_camera_msgs/share/realsense2_camera_msgs/local_setup.sh
[3.221s] -- Up-to-date symlink: /home/student/sensor_platform_ws/install/realsense2_camera_msgs/share/realsense2_camera_msgs/local_setup.zsh
[3.222s] -- Up-to-date symlink: /home/student/sensor_platform_ws/install/realsense2_camera_msgs/share/realsense2_camera_msgs/local_setup.dsv
[3.222s] -- Symlinking: /home/student/sensor_platform_ws/install/realsense2_camera_msgs/share/realsense2_camera_msgs/package.dsv
[3.254s] -- Up-to-date symlink: /home/student/sensor_platform_ws/install/realsense2_camera_msgs/share/ament_index/resource_index/packages/realsense2_camera_msgs
[3.255s] -- Up-to-date symlink: /home/student/sensor_platform_ws/install/realsense2_camera_msgs/share/realsense2_camera_msgs/cmake/rosidl_cmake-extras.cmake
[3.263s] -- Up-to-date symlink: /home/student/sensor_platform_ws/install/realsense2_camera_msgs/share/realsense2_camera_msgs/cmake/ament_cmake_export_dependencies-extras.cmake
[3.264s] -- Up-to-date symlink: /home/student/sensor_platform_ws/install/realsense2_camera_msgs/share/realsense2_camera_msgs/cmake/ament_cmake_export_include_directories-extras.cmake
[3.264s] -- Up-to-date symlink: /home/student/sensor_platform_ws/install/realsense2_camera_msgs/share/realsense2_camera_msgs/cmake/ament_cmake_export_libraries-extras.cmake
[3.265s] -- Up-to-date symlink: /home/student/sensor_platform_ws/install/realsense2_camera_msgs/share/realsense2_camera_msgs/cmake/ament_cmake_export_targets-extras.cmake
[3.265s] -- Up-to-date symlink: /home/student/sensor_platform_ws/install/realsense2_camera_msgs/share/realsense2_camera_msgs/cmake/rosidl_cmake_export_typesupport_targets-extras.cmake
[3.265s] -- Up-to-date symlink: /home/student/sensor_platform_ws/install/realsense2_camera_msgs/share/realsense2_camera_msgs/cmake/rosidl_cmake_export_typesupport_libraries-extras.cmake
[3.266s] -- Up-to-date symlink: /home/student/sensor_platform_ws/install/realsense2_camera_msgs/share/realsense2_camera_msgs/cmake/realsense2_camera_msgsConfig.cmake
[3.266s] -- Up-to-date symlink: /home/student/sensor_platform_ws/install/realsense2_camera_msgs/share/realsense2_camera_msgs/cmake/realsense2_camera_msgsConfig-version.cmake
[3.267s] -- Up-to-date symlink: /home/student/sensor_platform_ws/install/realsense2_camera_msgs/share/realsense2_camera_msgs/package.xml
[3.285s] -- Up-to-date: /home/student/sensor_platform_ws/install/realsense2_camera_msgs/lib/librealsense2_camera_msgs__rosidl_generator_c.so
[3.297s] -- Up-to-date: /home/student/sensor_platform_ws/install/realsense2_camera_msgs/lib/librealsense2_camera_msgs__rosidl_typesupport_fastrtps_c.so
[3.303s] -- Up-to-date: /home/student/sensor_platform_ws/install/realsense2_camera_msgs/lib/librealsense2_camera_msgs__rosidl_typesupport_introspection_c.so
[3.307s] -- Up-to-date: /home/student/sensor_platform_ws/install/realsense2_camera_msgs/lib/librealsense2_camera_msgs__rosidl_typesupport_c.so
[3.309s] -- Up-to-date: /home/student/sensor_platform_ws/install/realsense2_camera_msgs/lib/librealsense2_camera_msgs__rosidl_typesupport_fastrtps_cpp.so
[3.310s] -- Up-to-date: /home/student/sensor_platform_ws/install/realsense2_camera_msgs/lib/librealsense2_camera_msgs__rosidl_typesupport_introspection_cpp.so
[3.316s] -- Up-to-date: /home/student/sensor_platform_ws/install/realsense2_camera_msgs/lib/librealsense2_camera_msgs__rosidl_typesupport_cpp.so
[3.390s] Listing '/home/student/sensor_platform_ws/install/realsense2_camera_msgs/local/lib/python3.10/dist-packages/realsense2_camera_msgs'...
[3.390s] Listing '/home/student/sensor_platform_ws/install/realsense2_camera_msgs/local/lib/python3.10/dist-packages/realsense2_camera_msgs/action'...
[3.390s] Listing '/home/student/sensor_platform_ws/install/realsense2_camera_msgs/local/lib/python3.10/dist-packages/realsense2_camera_msgs/msg'...
[3.391s] Listing '/home/student/sensor_platform_ws/install/realsense2_camera_msgs/local/lib/python3.10/dist-packages/realsense2_camera_msgs/srv'...
[3.396s] -- Up-to-date: /home/student/sensor_platform_ws/install/realsense2_camera_msgs/lib/librealsense2_camera_msgs__rosidl_generator_py.so
[3.397s] -- Up-to-date: /home/student/sensor_platform_ws/install/realsense2_camera_msgs/share/realsense2_camera_msgs/cmake/export_realsense2_camera_msgs__rosidl_generator_cExport.cmake
[3.398s] -- Up-to-date: /home/student/sensor_platform_ws/install/realsense2_camera_msgs/share/realsense2_camera_msgs/cmake/export_realsense2_camera_msgs__rosidl_generator_cExport-release.cmake
[3.398s] -- Up-to-date: /home/student/sensor_platform_ws/install/realsense2_camera_msgs/share/realsense2_camera_msgs/cmake/export_realsense2_camera_msgs__rosidl_typesupport_fastrtps_cExport.cmake
[3.398s] -- Up-to-date: /home/student/sensor_platform_ws/install/realsense2_camera_msgs/share/realsense2_camera_msgs/cmake/export_realsense2_camera_msgs__rosidl_typesupport_fastrtps_cExport-release.cmake
[3.399s] -- Up-to-date: /home/student/sensor_platform_ws/install/realsense2_camera_msgs/share/realsense2_camera_msgs/cmake/realsense2_camera_msgs__rosidl_typesupport_introspection_cExport.cmake
[3.399s] -- Up-to-date: /home/student/sensor_platform_ws/install/realsense2_camera_msgs/share/realsense2_camera_msgs/cmake/realsense2_camera_msgs__rosidl_typesupport_introspection_cExport-release.cmake
[3.399s] -- Up-to-date: /home/student/sensor_platform_ws/install/realsense2_camera_msgs/share/realsense2_camera_msgs/cmake/realsense2_camera_msgs__rosidl_typesupport_cExport.cmake
[3.400s] -- Up-to-date: /home/student/sensor_platform_ws/install/realsense2_camera_msgs/share/realsense2_camera_msgs/cmake/realsense2_camera_msgs__rosidl_typesupport_cExport-release.cmake
[3.400s] -- Up-to-date: /home/student/sensor_platform_ws/install/realsense2_camera_msgs/share/realsense2_camera_msgs/cmake/export_realsense2_camera_msgs__rosidl_generator_cppExport.cmake
[3.400s] -- Up-to-date: /home/student/sensor_platform_ws/install/realsense2_camera_msgs/share/realsense2_camera_msgs/cmake/export_realsense2_camera_msgs__rosidl_typesupport_fastrtps_cppExport.cmake
[3.401s] -- Up-to-date: /home/student/sensor_platform_ws/install/realsense2_camera_msgs/share/realsense2_camera_msgs/cmake/export_realsense2_camera_msgs__rosidl_typesupport_fastrtps_cppExport-release.cmake
[3.401s] -- Up-to-date: /home/student/sensor_platform_ws/install/realsense2_camera_msgs/share/realsense2_camera_msgs/cmake/realsense2_camera_msgs__rosidl_typesupport_introspection_cppExport.cmake
[3.401s] -- Up-to-date: /home/student/sensor_platform_ws/install/realsense2_camera_msgs/share/realsense2_camera_msgs/cmake/realsense2_camera_msgs__rosidl_typesupport_introspection_cppExport-release.cmake
[3.402s] -- Up-to-date: /home/student/sensor_platform_ws/install/realsense2_camera_msgs/share/realsense2_camera_msgs/cmake/realsense2_camera_msgs__rosidl_typesupport_cppExport.cmake
[3.402s] -- Up-to-date: /home/student/sensor_platform_ws/install/realsense2_camera_msgs/share/realsense2_camera_msgs/cmake/realsense2_camera_msgs__rosidl_typesupport_cppExport-release.cmake
[3.402s] -- Up-to-date: /home/student/sensor_platform_ws/install/realsense2_camera_msgs/share/realsense2_camera_msgs/cmake/export_realsense2_camera_msgs__rosidl_generator_pyExport.cmake
[3.402s] -- Up-to-date: /home/student/sensor_platform_ws/install/realsense2_camera_msgs/share/realsense2_camera_msgs/cmake/export_realsense2_camera_msgs__rosidl_generator_pyExport-release.cmake
[3.410s] Invoked command in '/home/student/sensor_platform_ws/build/realsense2_camera_msgs' returned '0': CMAKE_PREFIX_PATH=${CMAKE_PREFIX_PATH}:/opt/ros/humble /usr/bin/cmake --install /home/student/sensor_platform_ws/build/realsense2_camera_msgs
