-- Found ament_cmake: 1.3.14 (/opt/ros/humble/share/ament_cmake/cmake)
-- Override CMake install command with custom implementation using symlinks instead of copying resources
-- Found rclcpp: 16.0.19 (/opt/ros/humble/share/rclcpp/cmake)
-- Found rosidl_generator_c: 3.1.8 (/opt/ros/humble/share/rosidl_generator_c/cmake)
-- Found rosidl_adapter: 3.1.8 (/opt/ros/humble/share/rosidl_adapter/cmake)
-- Found rosidl_generator_cpp: 3.1.8 (/opt/ros/humble/share/rosidl_generator_cpp/cmake)
-- Using all available rosidl_typesupport_c: rosidl_typesupport_fastrtps_c;rosidl_typesupport_introspection_c
-- Using all available rosidl_typesupport_cpp: rosidl_typesupport_fastrtps_cpp;rosidl_typesupport_introspection_cpp
-- Found rmw_implementation_cmake: 6.1.2 (/opt/ros/humble/share/rmw_implementation_cmake/cmake)
-- Found rmw_fastrtps_cpp: 6.2.10 (/opt/ros/humble/share/rmw_fastrtps_cpp/cmake)
-- Using RMW implementation 'rmw_fastrtps_cpp' as default
-- Found rclcpp_components: 16.0.19 (/opt/ros/humble/share/rclcpp_components/cmake)
-- Found geometry_msgs: 4.9.1 (/opt/ros/humble/share/geometry_msgs/cmake)
-- Found sensor_msgs: 4.9.1 (/opt/ros/humble/share/sensor_msgs/cmake)
-- Found ament_lint_auto: 0.12.15 (/opt/ros/humble/share/ament_lint_auto/cmake)
-- Added test 'cppcheck' to perform static code analysis on C / C++ code
-- Configured cppcheck include dirs: /home/student/sensor_platform_ws/src/hardware/uavcan_bridge/include/libcanard
-- Configured cppcheck exclude dirs and/or files: 
-- Added test 'flake8' to check Python code syntax and style conventions
-- Added test 'lint_cmake' to check CMake code style
-- Added test 'pep257' to check Python code against some of the docstring style conventions in PEP 257
-- Added test 'uncrustify' to check C / C++ code style
-- Configured uncrustify additional arguments: 
-- Added test 'xmllint' to check XML markup files
-- Configuring done
-- Generating done
-- Build files have been written to: /home/student/sensor_platform_ws/build/uavcan_bridge
[35m[1mConsolidate compiler generated dependencies of target dronecan_bridge_node[0m
[35m[1mConsolidate compiler generated dependencies of target dronecan_bridge_component[0m
[ 60%] [32mBuilding CXX object CMakeFiles/dronecan_bridge_component.dir/src/dronecan_bridge_component.cpp.o[0m
[ 60%] Built target dronecan_bridge_node
In file included from [01m[K/home/student/sensor_platform_ws/src/hardware/uavcan_bridge/src/dronecan_bridge_component.cpp:18[m[K:
[01m[K/home/student/sensor_platform_ws/src/hardware/uavcan_bridge/include/libcanard/canard.h:332:13:[m[K [01;35m[Kwarning: [m[KISO C++ forbids flexible array member ‘[01m[Kdata[m[K’ [[01;35m[K]8;;https://gcc.gnu.org/onlinedocs/gcc/Warning-Options.html#index-Wpedantic-Wpedantic]8;;[m[K]
  332 |     uint8_t [01;35m[Kdata[m[K[];
      |             [01;35m[K^~~~[m[K
[01m[K/home/student/sensor_platform_ws/src/hardware/uavcan_bridge/include/libcanard/canard.h:369:13:[m[K [01;35m[Kwarning: [m[KISO C++ forbids flexible array member ‘[01m[Kbuffer_head[m[K’ [[01;35m[K]8;;https://gcc.gnu.org/onlinedocs/gcc/Warning-Options.html#index-Wpedantic-Wpedantic]8;;[m[K]
  369 |     uint8_t [01;35m[Kbuffer_head[m[K[];
      |             [01;35m[K^~~~~~~~~~~[m[K
[ 80%] [32m[1mLinking CXX shared library libdronecan_bridge_component.so[0m
[100%] Built target dronecan_bridge_component
-- Install configuration: "Release"
-- Execute custom install script
-- Up-to-date symlink: /home/student/sensor_platform_ws/install/uavcan_bridge/lib/uavcan_bridge/dronecan_bridge_node
-- Up-to-date symlink: /home/student/sensor_platform_ws/install/uavcan_bridge/lib/libdronecan_bridge_component.so
-- Up-to-date symlink: /home/student/sensor_platform_ws/install/uavcan_bridge/share/ament_index/resource_index/package_run_dependencies/uavcan_bridge
-- Up-to-date symlink: /home/student/sensor_platform_ws/install/uavcan_bridge/share/ament_index/resource_index/parent_prefix_path/uavcan_bridge
-- Up-to-date symlink: /home/student/sensor_platform_ws/install/uavcan_bridge/share/uavcan_bridge/environment/ament_prefix_path.sh
-- Up-to-date symlink: /home/student/sensor_platform_ws/install/uavcan_bridge/share/uavcan_bridge/environment/ament_prefix_path.dsv
-- Up-to-date symlink: /home/student/sensor_platform_ws/install/uavcan_bridge/share/uavcan_bridge/environment/path.sh
-- Up-to-date symlink: /home/student/sensor_platform_ws/install/uavcan_bridge/share/uavcan_bridge/environment/path.dsv
-- Up-to-date symlink: /home/student/sensor_platform_ws/install/uavcan_bridge/share/uavcan_bridge/local_setup.bash
-- Up-to-date symlink: /home/student/sensor_platform_ws/install/uavcan_bridge/share/uavcan_bridge/local_setup.sh
-- Up-to-date symlink: /home/student/sensor_platform_ws/install/uavcan_bridge/share/uavcan_bridge/local_setup.zsh
-- Up-to-date symlink: /home/student/sensor_platform_ws/install/uavcan_bridge/share/uavcan_bridge/local_setup.dsv
-- Symlinking: /home/student/sensor_platform_ws/install/uavcan_bridge/share/uavcan_bridge/package.dsv
-- Up-to-date symlink: /home/student/sensor_platform_ws/install/uavcan_bridge/share/ament_index/resource_index/packages/uavcan_bridge
-- Up-to-date symlink: /home/student/sensor_platform_ws/install/uavcan_bridge/share/ament_index/resource_index/rclcpp_components/uavcan_bridge
-- Up-to-date symlink: /home/student/sensor_platform_ws/install/uavcan_bridge/share/uavcan_bridge/cmake/ament_cmake_export_dependencies-extras.cmake
-- Up-to-date symlink: /home/student/sensor_platform_ws/install/uavcan_bridge/share/uavcan_bridge/cmake/uavcan_bridgeConfig.cmake
-- Up-to-date symlink: /home/student/sensor_platform_ws/install/uavcan_bridge/share/uavcan_bridge/cmake/uavcan_bridgeConfig-version.cmake
-- Up-to-date symlink: /home/student/sensor_platform_ws/install/uavcan_bridge/share/uavcan_bridge/package.xml
