[0.444s] DEBUG:colcon:Command line arguments: ['/usr/bin/colcon', 'build', '--packages-select', 'platform_processing', '--symlink-install']
[0.444s] DEBUG:colcon:Parsed command line arguments: Namespace(log_base=None, log_level=None, verb_name='build', build_base='build', install_base='install', merge_install=False, symlink_install=True, test_result_base=None, continue_on_error=False, executor='parallel', parallel_workers=8, event_handlers=None, ignore_user_meta=False, metas=['./colcon.meta'], base_paths=['.'], packages_ignore=None, packages_ignore_regex=None, paths=None, packages_up_to=None, packages_up_to_regex=None, packages_above=None, packages_above_and_dependencies=None, packages_above_depth=None, packages_select_by_dep=None, packages_skip_by_dep=None, packages_skip_up_to=None, packages_select_build_failed=False, packages_skip_build_finished=False, packages_select_test_failures=False, packages_skip_test_passed=False, packages_select=['platform_processing'], packages_skip=None, packages_select_regex=None, packages_skip_regex=None, packages_start=None, packages_end=None, allow_overriding=[], cmake_args=None, cmake_target=None, cmake_target_skip_unavailable=False, cmake_clean_cache=False, cmake_clean_first=False, cmake_force_configure=False, ament_cmake_args=None, catkin_cmake_args=None, catkin_skip_building_tests=False, verb_parser=<colcon_defaults.argument_parser.defaults.DefaultArgumentsDecorator object at 0x7bafb055d0c0>, verb_extension=<colcon_core.verb.build.BuildVerb object at 0x7bafb06dd7b0>, main=<bound method BuildVerb.main of <colcon_core.verb.build.BuildVerb object at 0x7bafb06dd7b0>>)
[4.715s] Level 1:colcon.colcon_core.package_discovery:discover_packages(colcon_meta) check parameters
[4.715s] Level 1:colcon.colcon_core.package_discovery:discover_packages(recursive) check parameters
[4.715s] Level 1:colcon.colcon_core.package_discovery:discover_packages(ignore) check parameters
[4.715s] Level 1:colcon.colcon_core.package_discovery:discover_packages(path) check parameters
[4.715s] Level 1:colcon.colcon_core.package_discovery:discover_packages(colcon_meta) discover
[4.715s] Level 1:colcon.colcon_core.package_discovery:discover_packages(recursive) discover
[4.715s] INFO:colcon.colcon_core.package_discovery:Crawling recursively for packages in '/home/student/sensor_platform_ws'
[4.715s] Level 1:colcon.colcon_core.package_identification:_identify(.) by extensions ['ignore', 'ignore_ament_install']
[4.715s] Level 1:colcon.colcon_core.package_identification:_identify(.) by extension 'ignore'
[4.715s] Level 1:colcon.colcon_core.package_identification:_identify(.) by extension 'ignore_ament_install'
[4.715s] Level 1:colcon.colcon_core.package_identification:_identify(.) by extensions ['colcon_pkg']
[4.715s] Level 1:colcon.colcon_core.package_identification:_identify(.) by extension 'colcon_pkg'
[4.715s] Level 1:colcon.colcon_core.package_identification:_identify(.) by extensions ['colcon_meta']
[4.716s] Level 1:colcon.colcon_core.package_identification:_identify(.) by extension 'colcon_meta'
[4.716s] Level 1:colcon.colcon_core.package_identification:_identify(.) by extensions ['ros']
[4.716s] Level 1:colcon.colcon_core.package_identification:_identify(.) by extension 'ros'
[4.724s] Level 1:colcon.colcon_core.package_identification:_identify(.) by extensions ['cmake', 'python']
[4.725s] Level 1:colcon.colcon_core.package_identification:_identify(.) by extension 'cmake'
[4.725s] Level 1:colcon.colcon_core.package_identification:_identify(.) by extension 'python'
[4.725s] Level 1:colcon.colcon_core.package_identification:_identify(.) by extensions ['python_setup_py']
[4.725s] Level 1:colcon.colcon_core.package_identification:_identify(.) by extension 'python_setup_py'
[4.725s] Level 1:colcon.colcon_core.package_identification:_identify(build) by extensions ['ignore', 'ignore_ament_install']
[4.725s] Level 1:colcon.colcon_core.package_identification:_identify(build) by extension 'ignore'
[4.725s] Level 1:colcon.colcon_core.package_identification:_identify(build) ignored
[4.725s] Level 1:colcon.colcon_core.package_identification:_identify(dronecan_env) by extensions ['ignore', 'ignore_ament_install']
[4.725s] Level 1:colcon.colcon_core.package_identification:_identify(dronecan_env) by extension 'ignore'
[4.725s] Level 1:colcon.colcon_core.package_identification:_identify(dronecan_env) ignored
[4.725s] Level 1:colcon.colcon_core.package_identification:_identify(install) by extensions ['ignore', 'ignore_ament_install']
[4.725s] Level 1:colcon.colcon_core.package_identification:_identify(install) by extension 'ignore'
[4.725s] Level 1:colcon.colcon_core.package_identification:_identify(install) ignored
[4.725s] Level 1:colcon.colcon_core.package_identification:_identify(log) by extensions ['ignore', 'ignore_ament_install']
[4.725s] Level 1:colcon.colcon_core.package_identification:_identify(log) by extension 'ignore'
[4.725s] Level 1:colcon.colcon_core.package_identification:_identify(log) ignored
[4.726s] Level 1:colcon.colcon_core.package_identification:_identify(src) by extensions ['ignore', 'ignore_ament_install']
[4.726s] Level 1:colcon.colcon_core.package_identification:_identify(src) by extension 'ignore'
[4.726s] Level 1:colcon.colcon_core.package_identification:_identify(src) by extension 'ignore_ament_install'
[4.726s] Level 1:colcon.colcon_core.package_identification:_identify(src) by extensions ['colcon_pkg']
[4.726s] Level 1:colcon.colcon_core.package_identification:_identify(src) by extension 'colcon_pkg'
[4.726s] Level 1:colcon.colcon_core.package_identification:_identify(src) by extensions ['colcon_meta']
[4.726s] Level 1:colcon.colcon_core.package_identification:_identify(src) by extension 'colcon_meta'
[4.726s] Level 1:colcon.colcon_core.package_identification:_identify(src) by extensions ['ros']
[4.726s] Level 1:colcon.colcon_core.package_identification:_identify(src) by extension 'ros'
[4.726s] Level 1:colcon.colcon_core.package_identification:_identify(src) by extensions ['cmake', 'python']
[4.726s] Level 1:colcon.colcon_core.package_identification:_identify(src) by extension 'cmake'
[4.726s] Level 1:colcon.colcon_core.package_identification:_identify(src) by extension 'python'
[4.726s] Level 1:colcon.colcon_core.package_identification:_identify(src) by extensions ['python_setup_py']
[4.726s] Level 1:colcon.colcon_core.package_identification:_identify(src) by extension 'python_setup_py'
[4.726s] Level 1:colcon.colcon_core.package_identification:_identify(src/hardware) by extensions ['ignore', 'ignore_ament_install']
[4.726s] Level 1:colcon.colcon_core.package_identification:_identify(src/hardware) by extension 'ignore'
[4.726s] Level 1:colcon.colcon_core.package_identification:_identify(src/hardware) by extension 'ignore_ament_install'
[4.726s] Level 1:colcon.colcon_core.package_identification:_identify(src/hardware) by extensions ['colcon_pkg']
[4.726s] Level 1:colcon.colcon_core.package_identification:_identify(src/hardware) by extension 'colcon_pkg'
[4.726s] Level 1:colcon.colcon_core.package_identification:_identify(src/hardware) by extensions ['colcon_meta']
[4.726s] Level 1:colcon.colcon_core.package_identification:_identify(src/hardware) by extension 'colcon_meta'
[4.726s] Level 1:colcon.colcon_core.package_identification:_identify(src/hardware) by extensions ['ros']
[4.726s] Level 1:colcon.colcon_core.package_identification:_identify(src/hardware) by extension 'ros'
[4.726s] Level 1:colcon.colcon_core.package_identification:_identify(src/hardware) by extensions ['cmake', 'python']
[4.726s] Level 1:colcon.colcon_core.package_identification:_identify(src/hardware) by extension 'cmake'
[4.727s] Level 1:colcon.colcon_core.package_identification:_identify(src/hardware) by extension 'python'
[4.727s] Level 1:colcon.colcon_core.package_identification:_identify(src/hardware) by extensions ['python_setup_py']
[4.727s] Level 1:colcon.colcon_core.package_identification:_identify(src/hardware) by extension 'python_setup_py'
[4.727s] Level 1:colcon.colcon_core.package_identification:_identify(src/hardware/realsense-ros) by extensions ['ignore', 'ignore_ament_install']
[4.727s] Level 1:colcon.colcon_core.package_identification:_identify(src/hardware/realsense-ros) by extension 'ignore'
[4.727s] Level 1:colcon.colcon_core.package_identification:_identify(src/hardware/realsense-ros) by extension 'ignore_ament_install'
[4.727s] Level 1:colcon.colcon_core.package_identification:_identify(src/hardware/realsense-ros) by extensions ['colcon_pkg']
[4.727s] Level 1:colcon.colcon_core.package_identification:_identify(src/hardware/realsense-ros) by extension 'colcon_pkg'
[4.727s] Level 1:colcon.colcon_core.package_identification:_identify(src/hardware/realsense-ros) by extensions ['colcon_meta']
[4.727s] Level 1:colcon.colcon_core.package_identification:_identify(src/hardware/realsense-ros) by extension 'colcon_meta'
[4.727s] Level 1:colcon.colcon_core.package_identification:_identify(src/hardware/realsense-ros) by extensions ['ros']
[4.727s] Level 1:colcon.colcon_core.package_identification:_identify(src/hardware/realsense-ros) by extension 'ros'
[4.727s] Level 1:colcon.colcon_core.package_identification:_identify(src/hardware/realsense-ros) by extensions ['cmake', 'python']
[4.727s] Level 1:colcon.colcon_core.package_identification:_identify(src/hardware/realsense-ros) by extension 'cmake'
[4.727s] Level 1:colcon.colcon_core.package_identification:_identify(src/hardware/realsense-ros) by extension 'python'
[4.727s] Level 1:colcon.colcon_core.package_identification:_identify(src/hardware/realsense-ros) by extensions ['python_setup_py']
[4.727s] Level 1:colcon.colcon_core.package_identification:_identify(src/hardware/realsense-ros) by extension 'python_setup_py'
[4.727s] Level 1:colcon.colcon_core.package_identification:_identify(src/hardware/realsense-ros/realsense2_camera) by extensions ['ignore', 'ignore_ament_install']
[4.727s] Level 1:colcon.colcon_core.package_identification:_identify(src/hardware/realsense-ros/realsense2_camera) by extension 'ignore'
[4.727s] Level 1:colcon.colcon_core.package_identification:_identify(src/hardware/realsense-ros/realsense2_camera) by extension 'ignore_ament_install'
[4.727s] Level 1:colcon.colcon_core.package_identification:_identify(src/hardware/realsense-ros/realsense2_camera) by extensions ['colcon_pkg']
[4.727s] Level 1:colcon.colcon_core.package_identification:_identify(src/hardware/realsense-ros/realsense2_camera) by extension 'colcon_pkg'
[4.727s] Level 1:colcon.colcon_core.package_identification:_identify(src/hardware/realsense-ros/realsense2_camera) by extensions ['colcon_meta']
[4.727s] Level 1:colcon.colcon_core.package_identification:_identify(src/hardware/realsense-ros/realsense2_camera) by extension 'colcon_meta'
[4.727s] Level 1:colcon.colcon_core.package_identification:_identify(src/hardware/realsense-ros/realsense2_camera) by extensions ['ros']
[4.728s] Level 1:colcon.colcon_core.package_identification:_identify(src/hardware/realsense-ros/realsense2_camera) by extension 'ros'
[4.774s] DEBUG:colcon.colcon_core.package_identification:Package 'src/hardware/realsense-ros/realsense2_camera' with type 'ros.ament_cmake' and name 'realsense2_camera'
[4.774s] Level 1:colcon.colcon_core.package_identification:_identify(src/hardware/realsense-ros/realsense2_camera_msgs) by extensions ['ignore', 'ignore_ament_install']
[4.774s] Level 1:colcon.colcon_core.package_identification:_identify(src/hardware/realsense-ros/realsense2_camera_msgs) by extension 'ignore'
[4.774s] Level 1:colcon.colcon_core.package_identification:_identify(src/hardware/realsense-ros/realsense2_camera_msgs) by extension 'ignore_ament_install'
[4.774s] Level 1:colcon.colcon_core.package_identification:_identify(src/hardware/realsense-ros/realsense2_camera_msgs) by extensions ['colcon_pkg']
[4.774s] Level 1:colcon.colcon_core.package_identification:_identify(src/hardware/realsense-ros/realsense2_camera_msgs) by extension 'colcon_pkg'
[4.774s] Level 1:colcon.colcon_core.package_identification:_identify(src/hardware/realsense-ros/realsense2_camera_msgs) by extensions ['colcon_meta']
[4.774s] Level 1:colcon.colcon_core.package_identification:_identify(src/hardware/realsense-ros/realsense2_camera_msgs) by extension 'colcon_meta'
[4.774s] Level 1:colcon.colcon_core.package_identification:_identify(src/hardware/realsense-ros/realsense2_camera_msgs) by extensions ['ros']
[4.774s] Level 1:colcon.colcon_core.package_identification:_identify(src/hardware/realsense-ros/realsense2_camera_msgs) by extension 'ros'
[4.792s] DEBUG:colcon.colcon_core.package_identification:Package 'src/hardware/realsense-ros/realsense2_camera_msgs' with type 'ros.ament_cmake' and name 'realsense2_camera_msgs'
[4.792s] Level 1:colcon.colcon_core.package_identification:_identify(src/hardware/realsense-ros/realsense2_description) by extensions ['ignore', 'ignore_ament_install']
[4.792s] Level 1:colcon.colcon_core.package_identification:_identify(src/hardware/realsense-ros/realsense2_description) by extension 'ignore'
[4.792s] Level 1:colcon.colcon_core.package_identification:_identify(src/hardware/realsense-ros/realsense2_description) by extension 'ignore_ament_install'
[4.792s] Level 1:colcon.colcon_core.package_identification:_identify(src/hardware/realsense-ros/realsense2_description) by extensions ['colcon_pkg']
[4.792s] Level 1:colcon.colcon_core.package_identification:_identify(src/hardware/realsense-ros/realsense2_description) by extension 'colcon_pkg'
[4.792s] Level 1:colcon.colcon_core.package_identification:_identify(src/hardware/realsense-ros/realsense2_description) by extensions ['colcon_meta']
[4.792s] Level 1:colcon.colcon_core.package_identification:_identify(src/hardware/realsense-ros/realsense2_description) by extension 'colcon_meta'
[4.792s] Level 1:colcon.colcon_core.package_identification:_identify(src/hardware/realsense-ros/realsense2_description) by extensions ['ros']
[4.792s] Level 1:colcon.colcon_core.package_identification:_identify(src/hardware/realsense-ros/realsense2_description) by extension 'ros'
[4.796s] DEBUG:colcon.colcon_core.package_identification:Package 'src/hardware/realsense-ros/realsense2_description' with type 'ros.ament_cmake' and name 'realsense2_description'
[4.796s] Level 1:colcon.colcon_core.package_identification:_identify(src/hardware/realsense-ros/realsense2_rgbd_plugin) by extensions ['ignore', 'ignore_ament_install']
[4.796s] Level 1:colcon.colcon_core.package_identification:_identify(src/hardware/realsense-ros/realsense2_rgbd_plugin) by extension 'ignore'
[4.796s] Level 1:colcon.colcon_core.package_identification:_identify(src/hardware/realsense-ros/realsense2_rgbd_plugin) by extension 'ignore_ament_install'
[4.796s] Level 1:colcon.colcon_core.package_identification:_identify(src/hardware/realsense-ros/realsense2_rgbd_plugin) by extensions ['colcon_pkg']
[4.796s] Level 1:colcon.colcon_core.package_identification:_identify(src/hardware/realsense-ros/realsense2_rgbd_plugin) by extension 'colcon_pkg'
[4.796s] Level 1:colcon.colcon_core.package_identification:_identify(src/hardware/realsense-ros/realsense2_rgbd_plugin) by extensions ['colcon_meta']
[4.796s] Level 1:colcon.colcon_core.package_identification:_identify(src/hardware/realsense-ros/realsense2_rgbd_plugin) by extension 'colcon_meta'
[4.796s] Level 1:colcon.colcon_core.package_identification:_identify(src/hardware/realsense-ros/realsense2_rgbd_plugin) by extensions ['ros']
[4.796s] Level 1:colcon.colcon_core.package_identification:_identify(src/hardware/realsense-ros/realsense2_rgbd_plugin) by extension 'ros'
[4.796s] Level 1:colcon.colcon_core.package_identification:_identify(src/hardware/realsense-ros/realsense2_rgbd_plugin) ignored
[4.796s] Level 1:colcon.colcon_core.package_identification:_identify(src/hardware/realsense-ros/realsense2_ros_mqtt_bridge) by extensions ['ignore', 'ignore_ament_install']
[4.796s] Level 1:colcon.colcon_core.package_identification:_identify(src/hardware/realsense-ros/realsense2_ros_mqtt_bridge) by extension 'ignore'
[4.796s] Level 1:colcon.colcon_core.package_identification:_identify(src/hardware/realsense-ros/realsense2_ros_mqtt_bridge) by extension 'ignore_ament_install'
[4.796s] Level 1:colcon.colcon_core.package_identification:_identify(src/hardware/realsense-ros/realsense2_ros_mqtt_bridge) by extensions ['colcon_pkg']
[4.796s] Level 1:colcon.colcon_core.package_identification:_identify(src/hardware/realsense-ros/realsense2_ros_mqtt_bridge) by extension 'colcon_pkg'
[4.796s] Level 1:colcon.colcon_core.package_identification:_identify(src/hardware/realsense-ros/realsense2_ros_mqtt_bridge) by extensions ['colcon_meta']
[4.796s] Level 1:colcon.colcon_core.package_identification:_identify(src/hardware/realsense-ros/realsense2_ros_mqtt_bridge) by extension 'colcon_meta'
[4.796s] Level 1:colcon.colcon_core.package_identification:_identify(src/hardware/realsense-ros/realsense2_ros_mqtt_bridge) by extensions ['ros']
[4.796s] Level 1:colcon.colcon_core.package_identification:_identify(src/hardware/realsense-ros/realsense2_ros_mqtt_bridge) by extension 'ros'
[4.797s] Level 1:colcon.colcon_core.package_identification:_identify(src/hardware/realsense-ros/realsense2_ros_mqtt_bridge) ignored
[4.797s] Level 1:colcon.colcon_core.package_identification:_identify(src/hardware/realsense-ros/res) by extensions ['ignore', 'ignore_ament_install']
[4.797s] Level 1:colcon.colcon_core.package_identification:_identify(src/hardware/realsense-ros/res) by extension 'ignore'
[4.797s] Level 1:colcon.colcon_core.package_identification:_identify(src/hardware/realsense-ros/res) by extension 'ignore_ament_install'
[4.797s] Level 1:colcon.colcon_core.package_identification:_identify(src/hardware/realsense-ros/res) by extensions ['colcon_pkg']
[4.797s] Level 1:colcon.colcon_core.package_identification:_identify(src/hardware/realsense-ros/res) by extension 'colcon_pkg'
[4.797s] Level 1:colcon.colcon_core.package_identification:_identify(src/hardware/realsense-ros/res) by extensions ['colcon_meta']
[4.797s] Level 1:colcon.colcon_core.package_identification:_identify(src/hardware/realsense-ros/res) by extension 'colcon_meta'
[4.797s] Level 1:colcon.colcon_core.package_identification:_identify(src/hardware/realsense-ros/res) by extensions ['ros']
[4.797s] Level 1:colcon.colcon_core.package_identification:_identify(src/hardware/realsense-ros/res) by extension 'ros'
[4.797s] Level 1:colcon.colcon_core.package_identification:_identify(src/hardware/realsense-ros/res) by extensions ['cmake', 'python']
[4.797s] Level 1:colcon.colcon_core.package_identification:_identify(src/hardware/realsense-ros/res) by extension 'cmake'
[4.797s] Level 1:colcon.colcon_core.package_identification:_identify(src/hardware/realsense-ros/res) by extension 'python'
[4.797s] Level 1:colcon.colcon_core.package_identification:_identify(src/hardware/realsense-ros/res) by extensions ['python_setup_py']
[4.797s] Level 1:colcon.colcon_core.package_identification:_identify(src/hardware/realsense-ros/res) by extension 'python_setup_py'
[4.797s] Level 1:colcon.colcon_core.package_identification:_identify(src/hardware/realsense-ros/scripts) by extensions ['ignore', 'ignore_ament_install']
[4.797s] Level 1:colcon.colcon_core.package_identification:_identify(src/hardware/realsense-ros/scripts) by extension 'ignore'
[4.797s] Level 1:colcon.colcon_core.package_identification:_identify(src/hardware/realsense-ros/scripts) by extension 'ignore_ament_install'
[4.797s] Level 1:colcon.colcon_core.package_identification:_identify(src/hardware/realsense-ros/scripts) by extensions ['colcon_pkg']
[4.797s] Level 1:colcon.colcon_core.package_identification:_identify(src/hardware/realsense-ros/scripts) by extension 'colcon_pkg'
[4.797s] Level 1:colcon.colcon_core.package_identification:_identify(src/hardware/realsense-ros/scripts) by extensions ['colcon_meta']
[4.797s] Level 1:colcon.colcon_core.package_identification:_identify(src/hardware/realsense-ros/scripts) by extension 'colcon_meta'
[4.797s] Level 1:colcon.colcon_core.package_identification:_identify(src/hardware/realsense-ros/scripts) by extensions ['ros']
[4.797s] Level 1:colcon.colcon_core.package_identification:_identify(src/hardware/realsense-ros/scripts) by extension 'ros'
[4.798s] Level 1:colcon.colcon_core.package_identification:_identify(src/hardware/realsense-ros/scripts) by extensions ['cmake', 'python']
[4.798s] Level 1:colcon.colcon_core.package_identification:_identify(src/hardware/realsense-ros/scripts) by extension 'cmake'
[4.798s] Level 1:colcon.colcon_core.package_identification:_identify(src/hardware/realsense-ros/scripts) by extension 'python'
[4.798s] Level 1:colcon.colcon_core.package_identification:_identify(src/hardware/realsense-ros/scripts) by extensions ['python_setup_py']
[4.798s] Level 1:colcon.colcon_core.package_identification:_identify(src/hardware/realsense-ros/scripts) by extension 'python_setup_py'
[4.798s] Level 1:colcon.colcon_core.package_identification:_identify(src/hardware/uavcan_bridge) by extensions ['ignore', 'ignore_ament_install']
[4.798s] Level 1:colcon.colcon_core.package_identification:_identify(src/hardware/uavcan_bridge) by extension 'ignore'
[4.798s] Level 1:colcon.colcon_core.package_identification:_identify(src/hardware/uavcan_bridge) by extension 'ignore_ament_install'
[4.798s] Level 1:colcon.colcon_core.package_identification:_identify(src/hardware/uavcan_bridge) by extensions ['colcon_pkg']
[4.798s] Level 1:colcon.colcon_core.package_identification:_identify(src/hardware/uavcan_bridge) by extension 'colcon_pkg'
[4.798s] Level 1:colcon.colcon_core.package_identification:_identify(src/hardware/uavcan_bridge) by extensions ['colcon_meta']
[4.798s] Level 1:colcon.colcon_core.package_identification:_identify(src/hardware/uavcan_bridge) by extension 'colcon_meta'
[4.798s] Level 1:colcon.colcon_core.package_identification:_identify(src/hardware/uavcan_bridge) by extensions ['ros']
[4.798s] Level 1:colcon.colcon_core.package_identification:_identify(src/hardware/uavcan_bridge) by extension 'ros'
[4.813s] DEBUG:colcon.colcon_core.package_identification:Package 'src/hardware/uavcan_bridge' with type 'ros.ament_cmake' and name 'uavcan_bridge'
[4.813s] Level 1:colcon.colcon_core.package_identification:_identify(src/hardware/xsens_mti_driver) by extensions ['ignore', 'ignore_ament_install']
[4.813s] Level 1:colcon.colcon_core.package_identification:_identify(src/hardware/xsens_mti_driver) by extension 'ignore'
[4.813s] Level 1:colcon.colcon_core.package_identification:_identify(src/hardware/xsens_mti_driver) by extension 'ignore_ament_install'
[4.813s] Level 1:colcon.colcon_core.package_identification:_identify(src/hardware/xsens_mti_driver) by extensions ['colcon_pkg']
[4.813s] Level 1:colcon.colcon_core.package_identification:_identify(src/hardware/xsens_mti_driver) by extension 'colcon_pkg'
[4.813s] Level 1:colcon.colcon_core.package_identification:_identify(src/hardware/xsens_mti_driver) by extensions ['colcon_meta']
[4.813s] Level 1:colcon.colcon_core.package_identification:_identify(src/hardware/xsens_mti_driver) by extension 'colcon_meta'
[4.813s] Level 1:colcon.colcon_core.package_identification:_identify(src/hardware/xsens_mti_driver) by extensions ['ros']
[4.813s] Level 1:colcon.colcon_core.package_identification:_identify(src/hardware/xsens_mti_driver) by extension 'ros'
[4.813s] Level 1:colcon.colcon_core.package_identification:_identify(src/hardware/xsens_mti_driver) by extensions ['cmake', 'python']
[4.813s] Level 1:colcon.colcon_core.package_identification:_identify(src/hardware/xsens_mti_driver) by extension 'cmake'
[4.813s] Level 1:colcon.colcon_core.package_identification:_identify(src/hardware/xsens_mti_driver) by extension 'python'
[4.813s] Level 1:colcon.colcon_core.package_identification:_identify(src/hardware/xsens_mti_driver) by extensions ['python_setup_py']
[4.813s] Level 1:colcon.colcon_core.package_identification:_identify(src/hardware/xsens_mti_driver) by extension 'python_setup_py'
[4.814s] Level 1:colcon.colcon_core.package_identification:_identify(src/hardware/xsens_mti_driver/src) by extensions ['ignore', 'ignore_ament_install']
[4.814s] Level 1:colcon.colcon_core.package_identification:_identify(src/hardware/xsens_mti_driver/src) by extension 'ignore'
[4.814s] Level 1:colcon.colcon_core.package_identification:_identify(src/hardware/xsens_mti_driver/src) by extension 'ignore_ament_install'
[4.814s] Level 1:colcon.colcon_core.package_identification:_identify(src/hardware/xsens_mti_driver/src) by extensions ['colcon_pkg']
[4.814s] Level 1:colcon.colcon_core.package_identification:_identify(src/hardware/xsens_mti_driver/src) by extension 'colcon_pkg'
[4.814s] Level 1:colcon.colcon_core.package_identification:_identify(src/hardware/xsens_mti_driver/src) by extensions ['colcon_meta']
[4.814s] Level 1:colcon.colcon_core.package_identification:_identify(src/hardware/xsens_mti_driver/src) by extension 'colcon_meta'
[4.814s] Level 1:colcon.colcon_core.package_identification:_identify(src/hardware/xsens_mti_driver/src) by extensions ['ros']
[4.814s] Level 1:colcon.colcon_core.package_identification:_identify(src/hardware/xsens_mti_driver/src) by extension 'ros'
[4.814s] Level 1:colcon.colcon_core.package_identification:_identify(src/hardware/xsens_mti_driver/src) by extensions ['cmake', 'python']
[4.814s] Level 1:colcon.colcon_core.package_identification:_identify(src/hardware/xsens_mti_driver/src) by extension 'cmake'
[4.814s] Level 1:colcon.colcon_core.package_identification:_identify(src/hardware/xsens_mti_driver/src) by extension 'python'
[4.814s] Level 1:colcon.colcon_core.package_identification:_identify(src/hardware/xsens_mti_driver/src) by extensions ['python_setup_py']
[4.814s] Level 1:colcon.colcon_core.package_identification:_identify(src/hardware/xsens_mti_driver/src) by extension 'python_setup_py'
[4.814s] Level 1:colcon.colcon_core.package_identification:_identify(src/hardware/xsens_mti_driver/src/ntrip) by extensions ['ignore', 'ignore_ament_install']
[4.814s] Level 1:colcon.colcon_core.package_identification:_identify(src/hardware/xsens_mti_driver/src/ntrip) by extension 'ignore'
[4.814s] Level 1:colcon.colcon_core.package_identification:_identify(src/hardware/xsens_mti_driver/src/ntrip) by extension 'ignore_ament_install'
[4.814s] Level 1:colcon.colcon_core.package_identification:_identify(src/hardware/xsens_mti_driver/src/ntrip) by extensions ['colcon_pkg']
[4.814s] Level 1:colcon.colcon_core.package_identification:_identify(src/hardware/xsens_mti_driver/src/ntrip) by extension 'colcon_pkg'
[4.814s] Level 1:colcon.colcon_core.package_identification:_identify(src/hardware/xsens_mti_driver/src/ntrip) by extensions ['colcon_meta']
[4.814s] Level 1:colcon.colcon_core.package_identification:_identify(src/hardware/xsens_mti_driver/src/ntrip) by extension 'colcon_meta'
[4.814s] Level 1:colcon.colcon_core.package_identification:_identify(src/hardware/xsens_mti_driver/src/ntrip) by extensions ['ros']
[4.814s] Level 1:colcon.colcon_core.package_identification:_identify(src/hardware/xsens_mti_driver/src/ntrip) by extension 'ros'
[4.830s] DEBUG:colcon.colcon_core.package_identification:Package 'src/hardware/xsens_mti_driver/src/ntrip' with type 'ros.ament_cmake' and name 'ntrip'
[4.830s] Level 1:colcon.colcon_core.package_identification:_identify(src/hardware/xsens_mti_driver/src/xsens_mti_ros2_driver) by extensions ['ignore', 'ignore_ament_install']
[4.830s] Level 1:colcon.colcon_core.package_identification:_identify(src/hardware/xsens_mti_driver/src/xsens_mti_ros2_driver) by extension 'ignore'
[4.830s] Level 1:colcon.colcon_core.package_identification:_identify(src/hardware/xsens_mti_driver/src/xsens_mti_ros2_driver) by extension 'ignore_ament_install'
[4.830s] Level 1:colcon.colcon_core.package_identification:_identify(src/hardware/xsens_mti_driver/src/xsens_mti_ros2_driver) by extensions ['colcon_pkg']
[4.830s] Level 1:colcon.colcon_core.package_identification:_identify(src/hardware/xsens_mti_driver/src/xsens_mti_ros2_driver) by extension 'colcon_pkg'
[4.830s] Level 1:colcon.colcon_core.package_identification:_identify(src/hardware/xsens_mti_driver/src/xsens_mti_ros2_driver) by extensions ['colcon_meta']
[4.830s] Level 1:colcon.colcon_core.package_identification:_identify(src/hardware/xsens_mti_driver/src/xsens_mti_ros2_driver) by extension 'colcon_meta'
[4.830s] Level 1:colcon.colcon_core.package_identification:_identify(src/hardware/xsens_mti_driver/src/xsens_mti_ros2_driver) by extensions ['ros']
[4.830s] Level 1:colcon.colcon_core.package_identification:_identify(src/hardware/xsens_mti_driver/src/xsens_mti_ros2_driver) by extension 'ros'
[4.839s] DEBUG:colcon.colcon_core.package_identification:Package 'src/hardware/xsens_mti_driver/src/xsens_mti_ros2_driver' with type 'ros.ament_cmake' and name 'xsens_mti_ros2_driver'
[4.839s] Level 1:colcon.colcon_core.package_identification:_identify(src/olive_networking) by extensions ['ignore', 'ignore_ament_install']
[4.840s] Level 1:colcon.colcon_core.package_identification:_identify(src/olive_networking) by extension 'ignore'
[4.840s] Level 1:colcon.colcon_core.package_identification:_identify(src/olive_networking) by extension 'ignore_ament_install'
[4.840s] Level 1:colcon.colcon_core.package_identification:_identify(src/olive_networking) by extensions ['colcon_pkg']
[4.840s] Level 1:colcon.colcon_core.package_identification:_identify(src/olive_networking) by extension 'colcon_pkg'
[4.840s] Level 1:colcon.colcon_core.package_identification:_identify(src/olive_networking) by extensions ['colcon_meta']
[4.840s] Level 1:colcon.colcon_core.package_identification:_identify(src/olive_networking) by extension 'colcon_meta'
[4.840s] Level 1:colcon.colcon_core.package_identification:_identify(src/olive_networking) by extensions ['ros']
[4.840s] Level 1:colcon.colcon_core.package_identification:_identify(src/olive_networking) by extension 'ros'
[4.846s] DEBUG:colcon.colcon_core.package_identification:Package 'src/olive_networking' with type 'ros.ament_cmake' and name 'olive_networking'
[4.846s] Level 1:colcon.colcon_core.package_identification:_identify(src/platform_bringup) by extensions ['ignore', 'ignore_ament_install']
[4.846s] Level 1:colcon.colcon_core.package_identification:_identify(src/platform_bringup) by extension 'ignore'
[4.846s] Level 1:colcon.colcon_core.package_identification:_identify(src/platform_bringup) by extension 'ignore_ament_install'
[4.846s] Level 1:colcon.colcon_core.package_identification:_identify(src/platform_bringup) by extensions ['colcon_pkg']
[4.846s] Level 1:colcon.colcon_core.package_identification:_identify(src/platform_bringup) by extension 'colcon_pkg'
[4.846s] Level 1:colcon.colcon_core.package_identification:_identify(src/platform_bringup) by extensions ['colcon_meta']
[4.846s] Level 1:colcon.colcon_core.package_identification:_identify(src/platform_bringup) by extension 'colcon_meta'
[4.846s] Level 1:colcon.colcon_core.package_identification:_identify(src/platform_bringup) by extensions ['ros']
[4.846s] Level 1:colcon.colcon_core.package_identification:_identify(src/platform_bringup) by extension 'ros'
[4.858s] DEBUG:colcon.colcon_core.package_identification:Package 'src/platform_bringup' with type 'ros.ament_cmake' and name 'platform_bringup'
[4.858s] Level 1:colcon.colcon_core.package_identification:_identify(src/platform_description) by extensions ['ignore', 'ignore_ament_install']
[4.858s] Level 1:colcon.colcon_core.package_identification:_identify(src/platform_description) by extension 'ignore'
[4.858s] Level 1:colcon.colcon_core.package_identification:_identify(src/platform_description) by extension 'ignore_ament_install'
[4.858s] Level 1:colcon.colcon_core.package_identification:_identify(src/platform_description) by extensions ['colcon_pkg']
[4.858s] Level 1:colcon.colcon_core.package_identification:_identify(src/platform_description) by extension 'colcon_pkg'
[4.858s] Level 1:colcon.colcon_core.package_identification:_identify(src/platform_description) by extensions ['colcon_meta']
[4.858s] Level 1:colcon.colcon_core.package_identification:_identify(src/platform_description) by extension 'colcon_meta'
[4.858s] Level 1:colcon.colcon_core.package_identification:_identify(src/platform_description) by extensions ['ros']
[4.858s] Level 1:colcon.colcon_core.package_identification:_identify(src/platform_description) by extension 'ros'
[4.874s] DEBUG:colcon.colcon_core.package_identification:Package 'src/platform_description' with type 'ros.ament_cmake' and name 'platform_description'
[4.875s] Level 1:colcon.colcon_core.package_identification:_identify(src/platform_interfaces) by extensions ['ignore', 'ignore_ament_install']
[4.875s] Level 1:colcon.colcon_core.package_identification:_identify(src/platform_interfaces) by extension 'ignore'
[4.875s] Level 1:colcon.colcon_core.package_identification:_identify(src/platform_interfaces) by extension 'ignore_ament_install'
[4.875s] Level 1:colcon.colcon_core.package_identification:_identify(src/platform_interfaces) by extensions ['colcon_pkg']
[4.875s] Level 1:colcon.colcon_core.package_identification:_identify(src/platform_interfaces) by extension 'colcon_pkg'
[4.875s] Level 1:colcon.colcon_core.package_identification:_identify(src/platform_interfaces) by extensions ['colcon_meta']
[4.875s] Level 1:colcon.colcon_core.package_identification:_identify(src/platform_interfaces) by extension 'colcon_meta'
[4.875s] Level 1:colcon.colcon_core.package_identification:_identify(src/platform_interfaces) by extensions ['ros']
[4.875s] Level 1:colcon.colcon_core.package_identification:_identify(src/platform_interfaces) by extension 'ros'
[4.888s] DEBUG:colcon.colcon_core.package_identification:Package 'src/platform_interfaces' with type 'ros.ament_cmake' and name 'platform_interfaces'
[4.888s] Level 1:colcon.colcon_core.package_identification:_identify(src/platform_processing) by extensions ['ignore', 'ignore_ament_install']
[4.888s] Level 1:colcon.colcon_core.package_identification:_identify(src/platform_processing) by extension 'ignore'
[4.888s] Level 1:colcon.colcon_core.package_identification:_identify(src/platform_processing) by extension 'ignore_ament_install'
[4.888s] Level 1:colcon.colcon_core.package_identification:_identify(src/platform_processing) by extensions ['colcon_pkg']
[4.888s] Level 1:colcon.colcon_core.package_identification:_identify(src/platform_processing) by extension 'colcon_pkg'
[4.888s] Level 1:colcon.colcon_core.package_identification:_identify(src/platform_processing) by extensions ['colcon_meta']
[4.888s] Level 1:colcon.colcon_core.package_identification:_identify(src/platform_processing) by extension 'colcon_meta'
[4.888s] Level 1:colcon.colcon_core.package_identification:_identify(src/platform_processing) by extensions ['ros']
[4.888s] Level 1:colcon.colcon_core.package_identification:_identify(src/platform_processing) by extension 'ros'
[4.897s] DEBUG:colcon.colcon_core.package_identification:Package 'src/platform_processing' with type 'ros.ament_cmake' and name 'platform_processing'
[4.897s] Level 1:colcon.colcon_core.package_discovery:discover_packages(recursive) using defaults
[4.897s] Level 1:colcon.colcon_core.package_discovery:discover_packages(ignore) discover
[4.897s] Level 1:colcon.colcon_core.package_discovery:discover_packages(ignore) using defaults
[4.897s] Level 1:colcon.colcon_core.package_discovery:discover_packages(path) discover
[4.897s] Level 1:colcon.colcon_core.package_discovery:discover_packages(path) using defaults
[5.159s] INFO:colcon.colcon_core.package_selection:Skipping not selected package 'ntrip' in 'src/hardware/xsens_mti_driver/src/ntrip'
[5.159s] INFO:colcon.colcon_core.package_selection:Skipping not selected package 'olive_networking' in 'src/olive_networking'
[5.159s] INFO:colcon.colcon_core.package_selection:Skipping not selected package 'platform_description' in 'src/platform_description'
[5.159s] INFO:colcon.colcon_core.package_selection:Skipping not selected package 'platform_interfaces' in 'src/platform_interfaces'
[5.159s] INFO:colcon.colcon_core.package_selection:Skipping not selected package 'realsense2_camera_msgs' in 'src/hardware/realsense-ros/realsense2_camera_msgs'
[5.159s] INFO:colcon.colcon_core.package_selection:Skipping not selected package 'uavcan_bridge' in 'src/hardware/uavcan_bridge'
[5.159s] INFO:colcon.colcon_core.package_selection:Skipping not selected package 'xsens_mti_ros2_driver' in 'src/hardware/xsens_mti_driver/src/xsens_mti_ros2_driver'
[5.159s] INFO:colcon.colcon_core.package_selection:Skipping not selected package 'realsense2_camera' in 'src/hardware/realsense-ros/realsense2_camera'
[5.159s] INFO:colcon.colcon_core.package_selection:Skipping not selected package 'realsense2_description' in 'src/hardware/realsense-ros/realsense2_description'
[5.159s] INFO:colcon.colcon_core.package_selection:Skipping not selected package 'platform_bringup' in 'src/platform_bringup'
[5.160s] Level 1:colcon.colcon_core.package_discovery:discover_packages(prefix_path) check parameters
[5.160s] Level 1:colcon.colcon_core.package_discovery:discover_packages(prefix_path) discover
[5.166s] DEBUG:colcon.colcon_installed_package_information.package_discovery:Found 298 installed packages in /opt/ros/humble
[5.168s] Level 1:colcon.colcon_core.package_discovery:discover_packages(prefix_path) using defaults
[5.222s] Level 5:colcon.colcon_core.verb:set package 'platform_processing' build argument 'cmake_args' from command line to 'None'
[5.222s] Level 5:colcon.colcon_core.verb:set package 'platform_processing' build argument 'cmake_target' from command line to 'None'
[5.222s] Level 5:colcon.colcon_core.verb:set package 'platform_processing' build argument 'cmake_target_skip_unavailable' from command line to 'False'
[5.222s] Level 5:colcon.colcon_core.verb:set package 'platform_processing' build argument 'cmake_clean_cache' from command line to 'False'
[5.222s] Level 5:colcon.colcon_core.verb:set package 'platform_processing' build argument 'cmake_clean_first' from command line to 'False'
[5.222s] Level 5:colcon.colcon_core.verb:set package 'platform_processing' build argument 'cmake_force_configure' from command line to 'False'
[5.222s] Level 5:colcon.colcon_core.verb:set package 'platform_processing' build argument 'ament_cmake_args' from command line to 'None'
[5.222s] Level 5:colcon.colcon_core.verb:set package 'platform_processing' build argument 'catkin_cmake_args' from command line to 'None'
[5.222s] Level 5:colcon.colcon_core.verb:set package 'platform_processing' build argument 'catkin_skip_building_tests' from command line to 'False'
[5.222s] DEBUG:colcon.colcon_core.verb:Building package 'platform_processing' with the following arguments: {'ament_cmake_args': None, 'build_base': '/home/student/sensor_platform_ws/build/platform_processing', 'catkin_cmake_args': None, 'catkin_skip_building_tests': False, 'cmake_args': None, 'cmake_clean_cache': False, 'cmake_clean_first': False, 'cmake_force_configure': False, 'cmake_target': None, 'cmake_target_skip_unavailable': False, 'install_base': '/home/student/sensor_platform_ws/install/platform_processing', 'merge_install': False, 'path': '/home/student/sensor_platform_ws/src/platform_processing', 'symlink_install': True, 'test_result_base': None}
[5.223s] INFO:colcon.colcon_core.executor:Executing jobs using 'parallel' executor
[5.223s] DEBUG:colcon.colcon_parallel_executor.executor.parallel:run_until_complete
[5.223s] INFO:colcon.colcon_ros.task.ament_cmake.build:Building ROS package in '/home/student/sensor_platform_ws/src/platform_processing' with build type 'ament_cmake'
[5.223s] INFO:colcon.colcon_cmake.task.cmake.build:Building CMake package in '/home/student/sensor_platform_ws/src/platform_processing'
[5.265s] INFO:colcon.colcon_core.plugin_system:Skipping extension 'colcon_core.shell.bat': Not used on non-Windows systems
[5.266s] INFO:colcon.colcon_core.shell:Skip shell extension 'powershell' for command environment: Not usable outside of PowerShell
[5.266s] DEBUG:colcon.colcon_core.shell:Skip shell extension 'dsv' for command environment
[5.346s] DEBUG:colcon.colcon_core.event_handler.log_command:Invoking command in '/home/student/sensor_platform_ws/build/platform_processing': CMAKE_PREFIX_PATH=/opt/ros/humble /usr/bin/cmake --build /home/student/sensor_platform_ws/build/platform_processing -- -j8 -l8
[32.961s] DEBUG:colcon.colcon_core.event_handler.log_command:Invoked command in '/home/student/sensor_platform_ws/build/platform_processing' returned '0': CMAKE_PREFIX_PATH=/opt/ros/humble /usr/bin/cmake --build /home/student/sensor_platform_ws/build/platform_processing -- -j8 -l8
[33.009s] DEBUG:colcon.colcon_core.event_handler.log_command:Invoking command in '/home/student/sensor_platform_ws/build/platform_processing': CMAKE_PREFIX_PATH=/opt/ros/humble /usr/bin/cmake --install /home/student/sensor_platform_ws/build/platform_processing
[33.102s] Level 1:colcon.colcon_core.environment:create_environment_scripts_only(platform_processing)
[33.103s] DEBUG:colcon.colcon_core.event_handler.log_command:Invoked command in '/home/student/sensor_platform_ws/build/platform_processing' returned '0': CMAKE_PREFIX_PATH=/opt/ros/humble /usr/bin/cmake --install /home/student/sensor_platform_ws/build/platform_processing
[33.204s] Level 1:colcon.colcon_core.environment:checking '/home/student/sensor_platform_ws/install/platform_processing' for CMake module files
[33.205s] Level 1:colcon.colcon_core.environment:checking '/home/student/sensor_platform_ws/install/platform_processing' for CMake config files
[33.207s] Level 1:colcon.colcon_core.shell:create_environment_hook('platform_processing', 'cmake_prefix_path')
[33.207s] INFO:colcon.colcon_core.shell:Creating environment hook '/home/student/sensor_platform_ws/install/platform_processing/share/platform_processing/hook/cmake_prefix_path.ps1'
[33.219s] INFO:colcon.colcon_core.shell:Creating environment descriptor '/home/student/sensor_platform_ws/install/platform_processing/share/platform_processing/hook/cmake_prefix_path.dsv'
[33.231s] INFO:colcon.colcon_core.shell:Creating environment hook '/home/student/sensor_platform_ws/install/platform_processing/share/platform_processing/hook/cmake_prefix_path.sh'
[33.235s] Level 1:colcon.colcon_core.environment:checking '/home/student/sensor_platform_ws/install/platform_processing/lib'
[33.235s] Level 1:colcon.colcon_core.shell:create_environment_hook('platform_processing', 'ld_library_path_lib')
[33.236s] INFO:colcon.colcon_core.shell:Creating environment hook '/home/student/sensor_platform_ws/install/platform_processing/share/platform_processing/hook/ld_library_path_lib.ps1'
[33.237s] INFO:colcon.colcon_core.shell:Creating environment descriptor '/home/student/sensor_platform_ws/install/platform_processing/share/platform_processing/hook/ld_library_path_lib.dsv'
[33.239s] INFO:colcon.colcon_core.shell:Creating environment hook '/home/student/sensor_platform_ws/install/platform_processing/share/platform_processing/hook/ld_library_path_lib.sh'
[33.240s] Level 1:colcon.colcon_core.environment:checking '/home/student/sensor_platform_ws/install/platform_processing/bin'
[33.240s] Level 1:colcon.colcon_core.environment:checking '/home/student/sensor_platform_ws/install/platform_processing/lib/pkgconfig/platform_processing.pc'
[33.241s] Level 1:colcon.colcon_core.environment:checking '/home/student/sensor_platform_ws/install/platform_processing/lib/python3.10/site-packages'
[33.242s] Level 1:colcon.colcon_core.environment:checking '/home/student/sensor_platform_ws/install/platform_processing/bin'
[33.243s] INFO:colcon.colcon_core.shell:Creating package script '/home/student/sensor_platform_ws/install/platform_processing/share/platform_processing/package.ps1'
[33.244s] INFO:colcon.colcon_core.shell:Creating package descriptor '/home/student/sensor_platform_ws/install/platform_processing/share/platform_processing/package.dsv'
[33.245s] INFO:colcon.colcon_core.shell:Creating package script '/home/student/sensor_platform_ws/install/platform_processing/share/platform_processing/package.sh'
[33.246s] INFO:colcon.colcon_core.shell:Creating package script '/home/student/sensor_platform_ws/install/platform_processing/share/platform_processing/package.bash'
[33.251s] INFO:colcon.colcon_core.shell:Creating package script '/home/student/sensor_platform_ws/install/platform_processing/share/platform_processing/package.zsh'
[33.260s] Level 1:colcon.colcon_core.environment:create_file_with_runtime_dependencies(/home/student/sensor_platform_ws/install/platform_processing/share/colcon-core/packages/platform_processing)
[33.260s] Level 1:colcon.colcon_core.environment:create_environment_scripts_only(platform_processing)
[33.260s] Level 1:colcon.colcon_core.environment:checking '/home/student/sensor_platform_ws/install/platform_processing' for CMake module files
[33.261s] Level 1:colcon.colcon_core.environment:checking '/home/student/sensor_platform_ws/install/platform_processing' for CMake config files
[33.261s] Level 1:colcon.colcon_core.shell:create_environment_hook('platform_processing', 'cmake_prefix_path')
[33.261s] INFO:colcon.colcon_core.shell:Creating environment hook '/home/student/sensor_platform_ws/install/platform_processing/share/platform_processing/hook/cmake_prefix_path.ps1'
[33.261s] INFO:colcon.colcon_core.shell:Creating environment descriptor '/home/student/sensor_platform_ws/install/platform_processing/share/platform_processing/hook/cmake_prefix_path.dsv'
[33.262s] INFO:colcon.colcon_core.shell:Creating environment hook '/home/student/sensor_platform_ws/install/platform_processing/share/platform_processing/hook/cmake_prefix_path.sh'
[33.262s] Level 1:colcon.colcon_core.environment:checking '/home/student/sensor_platform_ws/install/platform_processing/lib'
[33.262s] Level 1:colcon.colcon_core.shell:create_environment_hook('platform_processing', 'ld_library_path_lib')
[33.262s] INFO:colcon.colcon_core.shell:Creating environment hook '/home/student/sensor_platform_ws/install/platform_processing/share/platform_processing/hook/ld_library_path_lib.ps1'
[33.262s] INFO:colcon.colcon_core.shell:Creating environment descriptor '/home/student/sensor_platform_ws/install/platform_processing/share/platform_processing/hook/ld_library_path_lib.dsv'
[33.263s] INFO:colcon.colcon_core.shell:Creating environment hook '/home/student/sensor_platform_ws/install/platform_processing/share/platform_processing/hook/ld_library_path_lib.sh'
[33.263s] Level 1:colcon.colcon_core.environment:checking '/home/student/sensor_platform_ws/install/platform_processing/bin'
[33.263s] Level 1:colcon.colcon_core.environment:checking '/home/student/sensor_platform_ws/install/platform_processing/lib/pkgconfig/platform_processing.pc'
[33.263s] Level 1:colcon.colcon_core.environment:checking '/home/student/sensor_platform_ws/install/platform_processing/lib/python3.10/site-packages'
[33.263s] Level 1:colcon.colcon_core.environment:checking '/home/student/sensor_platform_ws/install/platform_processing/bin'
[33.264s] INFO:colcon.colcon_core.shell:Creating package script '/home/student/sensor_platform_ws/install/platform_processing/share/platform_processing/package.ps1'
[33.264s] INFO:colcon.colcon_core.shell:Creating package descriptor '/home/student/sensor_platform_ws/install/platform_processing/share/platform_processing/package.dsv'
[33.265s] INFO:colcon.colcon_core.shell:Creating package script '/home/student/sensor_platform_ws/install/platform_processing/share/platform_processing/package.sh'
[33.265s] INFO:colcon.colcon_core.shell:Creating package script '/home/student/sensor_platform_ws/install/platform_processing/share/platform_processing/package.bash'
[33.265s] INFO:colcon.colcon_core.shell:Creating package script '/home/student/sensor_platform_ws/install/platform_processing/share/platform_processing/package.zsh'
[33.265s] Level 1:colcon.colcon_core.environment:create_file_with_runtime_dependencies(/home/student/sensor_platform_ws/install/platform_processing/share/colcon-core/packages/platform_processing)
[33.266s] DEBUG:colcon.colcon_parallel_executor.executor.parallel:closing loop
[33.266s] DEBUG:colcon.colcon_parallel_executor.executor.parallel:loop closed
[33.266s] DEBUG:colcon.colcon_parallel_executor.executor.parallel:run_until_complete finished with '0'
[33.266s] DEBUG:colcon.colcon_core.event_reactor:joining thread
[33.271s] INFO:colcon.colcon_core.plugin_system:Skipping extension 'colcon_notification.desktop_notification.terminal_notifier': Not used on non-Darwin systems
[33.271s] INFO:colcon.colcon_core.plugin_system:Skipping extension 'colcon_notification.desktop_notification.win32': Not used on non-Windows systems
[33.271s] INFO:colcon.colcon_notification.desktop_notification:Sending desktop notification using 'notify2'
[33.282s] DEBUG:colcon.colcon_core.event_reactor:joined thread
[33.282s] INFO:colcon.colcon_core.shell:Creating prefix script '/home/student/sensor_platform_ws/install/local_setup.ps1'
[33.284s] INFO:colcon.colcon_core.shell:Creating prefix util module '/home/student/sensor_platform_ws/install/_local_setup_util_ps1.py'
[33.285s] INFO:colcon.colcon_core.shell:Creating prefix chain script '/home/student/sensor_platform_ws/install/setup.ps1'
[33.286s] INFO:colcon.colcon_core.shell:Creating prefix script '/home/student/sensor_platform_ws/install/local_setup.sh'
[33.287s] INFO:colcon.colcon_core.shell:Creating prefix util module '/home/student/sensor_platform_ws/install/_local_setup_util_sh.py'
[33.288s] INFO:colcon.colcon_core.shell:Creating prefix chain script '/home/student/sensor_platform_ws/install/setup.sh'
[33.289s] INFO:colcon.colcon_core.shell:Creating prefix script '/home/student/sensor_platform_ws/install/local_setup.bash'
[33.289s] INFO:colcon.colcon_core.shell:Creating prefix chain script '/home/student/sensor_platform_ws/install/setup.bash'
[33.291s] INFO:colcon.colcon_core.shell:Creating prefix script '/home/student/sensor_platform_ws/install/local_setup.zsh'
[33.292s] INFO:colcon.colcon_core.shell:Creating prefix chain script '/home/student/sensor_platform_ws/install/setup.zsh'
