[0.122s] Invoking command in '/home/student/sensor_platform_ws/build/platform_processing': CMAKE_PREFIX_PATH=/opt/ros/humble /usr/bin/cmake --build /home/student/sensor_platform_ws/build/platform_processing -- -j8 -l8
[1.137s] [ 50%] Built target imu_sync_node
[1.146s] [ 75%] [32mBuilding CXX object CMakeFiles/imu_sync_component.dir/src/imu_sync_component.cpp.o[0m
[27.236s] [100%] [32m[1mLinking CXX shared library libimu_sync_component.so[0m
[27.730s] [100%] Built target imu_sync_component
[27.737s] Invoked command in '/home/student/sensor_platform_ws/build/platform_processing' returned '0': CMAKE_PREFIX_PATH=/opt/ros/humble /usr/bin/cmake --build /home/student/sensor_platform_ws/build/platform_processing -- -j8 -l8
[27.785s] Invoking command in '/home/student/sensor_platform_ws/build/platform_processing': CMAKE_PREFIX_PATH=/opt/ros/humble /usr/bin/cmake --install /home/student/sensor_platform_ws/build/platform_processing
[27.815s] -- Install configuration: "Release"
[27.841s] -- Execute custom install script
[27.842s] -- Up-to-date symlink: /home/student/sensor_platform_ws/install/platform_processing/lib/platform_processing/imu_sync_node
[27.843s] -- Up-to-date symlink: /home/student/sensor_platform_ws/install/platform_processing/lib/libimu_sync_component.so
[27.844s] -- Up-to-date symlink: /home/student/sensor_platform_ws/install/platform_processing/lib/platform_processing/mock_imu_node.py
[27.844s] -- Up-to-date symlink: /home/student/sensor_platform_ws/install/platform_processing/share/ament_index/resource_index/package_run_dependencies/platform_processing
[27.845s] -- Up-to-date symlink: /home/student/sensor_platform_ws/install/platform_processing/share/ament_index/resource_index/parent_prefix_path/platform_processing
[27.845s] -- Up-to-date symlink: /home/student/sensor_platform_ws/install/platform_processing/share/platform_processing/environment/ament_prefix_path.sh
[27.846s] -- Up-to-date symlink: /home/student/sensor_platform_ws/install/platform_processing/share/platform_processing/environment/ament_prefix_path.dsv
[27.846s] -- Up-to-date symlink: /home/student/sensor_platform_ws/install/platform_processing/share/platform_processing/environment/path.sh
[27.847s] -- Up-to-date symlink: /home/student/sensor_platform_ws/install/platform_processing/share/platform_processing/environment/path.dsv
[27.847s] -- Up-to-date symlink: /home/student/sensor_platform_ws/install/platform_processing/share/platform_processing/local_setup.bash
[27.848s] -- Up-to-date symlink: /home/student/sensor_platform_ws/install/platform_processing/share/platform_processing/local_setup.sh
[27.848s] -- Up-to-date symlink: /home/student/sensor_platform_ws/install/platform_processing/share/platform_processing/local_setup.zsh
[27.849s] -- Up-to-date symlink: /home/student/sensor_platform_ws/install/platform_processing/share/platform_processing/local_setup.dsv
[27.849s] -- Symlinking: /home/student/sensor_platform_ws/install/platform_processing/share/platform_processing/package.dsv
[27.877s] -- Up-to-date symlink: /home/student/sensor_platform_ws/install/platform_processing/share/ament_index/resource_index/packages/platform_processing
[27.877s] -- Up-to-date symlink: /home/student/sensor_platform_ws/install/platform_processing/share/ament_index/resource_index/rclcpp_components/platform_processing
[27.877s] -- Up-to-date symlink: /home/student/sensor_platform_ws/install/platform_processing/share/platform_processing/cmake/platform_processingConfig.cmake
[27.877s] -- Up-to-date symlink: /home/student/sensor_platform_ws/install/platform_processing/share/platform_processing/cmake/platform_processingConfig-version.cmake
[27.877s] -- Up-to-date symlink: /home/student/sensor_platform_ws/install/platform_processing/share/platform_processing/package.xml
[27.879s] Invoked command in '/home/student/sensor_platform_ws/build/platform_processing' returned '0': CMAKE_PREFIX_PATH=/opt/ros/humble /usr/bin/cmake --install /home/student/sensor_platform_ws/build/platform_processing
