[0.007s] Invoking command in '/home/student/sensor_platform_ws/build/realsense2_camera': AMENT_PREFIX_PATH=/home/student/sensor_platform_ws/install/realsense2_camera_msgs:${AMENT_PREFIX_PATH} CMAKE_PREFIX_PATH=/home/student/sensor_platform_ws/install/realsense2_camera_msgs:/opt/ros/humble LD_LIBRARY_PATH=/home/student/sensor_platform_ws/install/realsense2_camera_msgs/lib:${LD_LIBRARY_PATH} PYTHONPATH=/home/student/sensor_platform_ws/install/realsense2_camera_msgs/local/lib/python3.10/dist-packages:${PYTHONPATH} /usr/bin/cmake /home/student/sensor_platform_ws/src/hardware/realsense-ros/realsense2_camera -DAMENT_CMAKE_SYMLINK_INSTALL=1 -DCMAKE_INSTALL_PREFIX=/home/student/sensor_platform_ws/install/realsense2_camera
[0.047s] -- The C compiler identification is GNU 11.4.0
[0.090s] -- The CXX compiler identification is GNU 11.4.0
[0.095s] -- Detecting C compiler ABI info
[0.148s] -- Detecting C compiler ABI info - done
[0.154s] -- Check for working C compiler: /usr/bin/cc - skipped
[0.154s] -- Detecting C compile features
[0.154s] -- Detecting C compile features - done
[0.157s] -- Detecting CXX compiler ABI info
[0.218s] -- Detecting CXX compiler ABI info - done
[0.224s] -- Check for working CXX compiler: /usr/bin/c++ - skipped
[0.224s] -- Detecting CXX compile features
[0.225s] -- Detecting CXX compile features - done
[0.225s] -- Create Release Build.
[0.226s] -- Found ament_cmake: 1.3.14 (/opt/ros/humble/share/ament_cmake/cmake)
[0.346s] -- Found Python3: /usr/bin/python3 (found version "3.10.12") found components: Interpreter 
[0.399s] -- Override CMake install command with custom implementation using symlinks instead of copying resources
[0.416s] -- Found builtin_interfaces: 1.2.2 (/opt/ros/humble/share/builtin_interfaces/cmake)
[0.440s] -- Found rosidl_generator_c: 3.1.8 (/opt/ros/humble/share/rosidl_generator_c/cmake)
[0.444s] -- Found rosidl_adapter: 3.1.8 (/opt/ros/humble/share/rosidl_adapter/cmake)
[0.450s] -- Found rosidl_generator_cpp: 3.1.8 (/opt/ros/humble/share/rosidl_generator_cpp/cmake)
[0.459s] -- Using all available rosidl_typesupport_c: rosidl_typesupport_fastrtps_c;rosidl_typesupport_introspection_c
[0.472s] -- Using all available rosidl_typesupport_cpp: rosidl_typesupport_fastrtps_cpp;rosidl_typesupport_introspection_cpp
[0.484s] -- Found rclcpp: 16.0.19 (/opt/ros/humble/share/rclcpp/cmake)
[0.513s] -- Found rmw_implementation_cmake: 6.1.2 (/opt/ros/humble/share/rmw_implementation_cmake/cmake)
[0.515s] -- Found rmw_fastrtps_cpp: 6.2.10 (/opt/ros/humble/share/rmw_fastrtps_cpp/cmake)
[0.579s] -- Found OpenSSL: /usr/lib/x86_64-linux-gnu/libcrypto.so (found version "3.0.2")  
[0.599s] -- Found FastRTPS: /opt/ros/humble/include  
[0.629s] -- Using RMW implementation 'rmw_fastrtps_cpp' as default
[0.635s] -- Looking for pthread.h
[0.689s] -- Looking for pthread.h - found
[0.689s] -- Performing Test CMAKE_HAVE_LIBC_PTHREAD
[0.743s] -- Performing Test CMAKE_HAVE_LIBC_PTHREAD - Success
[0.743s] -- Found Threads: TRUE  
[0.787s] -- Found rclcpp_action: 16.0.19 (/opt/ros/humble/share/rclcpp_action/cmake)
[0.816s] -- Found realsense2_camera_msgs: 4.57.0 (/home/student/sensor_platform_ws/install/realsense2_camera_msgs/share/realsense2_camera_msgs/cmake)
[0.880s] -- Found std_srvs: 4.9.1 (/opt/ros/humble/share/std_srvs/cmake)
[0.891s] -- Found nav_msgs: 4.9.1 (/opt/ros/humble/share/nav_msgs/cmake)
[0.905s] -- Found tf2_ros: 0.25.20 (/opt/ros/humble/share/tf2_ros/cmake)
[0.977s] -- Found diagnostic_updater: 4.0.6 (/opt/ros/humble/share/diagnostic_updater/cmake)
[1.024s] -- Found OpenCV: /usr (found version "4.5.4") found components: core 
[1.047s] -- Found image_transport: 3.1.12 (/opt/ros/humble/share/image_transport/cmake)
[1.078s] -- Found cv_bridge: 3.2.1 (/opt/ros/humble/share/cv_bridge/cmake)
[1.094s] -- Build for ROS2 Humble
[1.097s] -- Found ament_cmake_gtest: 1.3.14 (/opt/ros/humble/share/ament_cmake_gtest/cmake)
[1.103s] -- Found gtest sources under '/opt/ros/humble/src/gtest_vendor': C++ tests using 'Google Test' will be built
[1.107s] -- Found ament_cmake_pytest: 1.3.14 (/opt/ros/humble/share/ament_cmake_pytest/cmake)
[2.023s] [33mCMake Warning at /opt/ros/humble/share/ament_cmake_pytest/cmake/ament_add_pytest_test.cmake:79 (message):
[2.023s]   The Python module 'pytest' was not found, pytests cannot be run.  On Linux,
[2.023s]   install the 'python3-pytest' package.  On other platforms, install 'pytest'
[2.023s]   using pip.
[2.023s] Call Stack (most recent call first):
[2.023s]   CMakeLists.txt:425 (ament_add_pytest_test)
[2.023s] 
[2.023s] [0m
[2.323s] [33mCMake Warning at /opt/ros/humble/share/ament_cmake_pytest/cmake/ament_add_pytest_test.cmake:79 (message):
[2.323s]   The Python module 'pytest' was not found, pytests cannot be run.  On Linux,
[2.323s]   install the 'python3-pytest' package.  On other platforms, install 'pytest'
[2.323s]   using pip.
[2.323s] Call Stack (most recent call first):
[2.323s]   CMakeLists.txt:425 (ament_add_pytest_test)
[2.323s] 
[2.323s] [0m
[2.627s] [33mCMake Warning at /opt/ros/humble/share/ament_cmake_pytest/cmake/ament_add_pytest_test.cmake:79 (message):
[2.627s]   The Python module 'pytest' was not found, pytests cannot be run.  On Linux,
[2.627s]   install the 'python3-pytest' package.  On other platforms, install 'pytest'
[2.627s]   using pip.
[2.627s] Call Stack (most recent call first):
[2.627s]   CMakeLists.txt:425 (ament_add_pytest_test)
[2.627s] 
[2.627s] [0m
[2.943s] [33mCMake Warning at /opt/ros/humble/share/ament_cmake_pytest/cmake/ament_add_pytest_test.cmake:79 (message):
[2.943s]   The Python module 'pytest' was not found, pytests cannot be run.  On Linux,
[2.943s]   install the 'python3-pytest' package.  On other platforms, install 'pytest'
[2.943s]   using pip.
[2.943s] Call Stack (most recent call first):
[2.943s]   CMakeLists.txt:425 (ament_add_pytest_test)
[2.943s] 
[2.943s] [0m
[3.261s] [33mCMake Warning at /opt/ros/humble/share/ament_cmake_pytest/cmake/ament_add_pytest_test.cmake:79 (message):
[3.261s]   The Python module 'pytest' was not found, pytests cannot be run.  On Linux,
[3.261s]   install the 'python3-pytest' package.  On other platforms, install 'pytest'
[3.261s]   using pip.
[3.261s] Call Stack (most recent call first):
[3.261s]   CMakeLists.txt:425 (ament_add_pytest_test)
[3.261s] 
[3.261s] [0m
[3.592s] [33mCMake Warning at /opt/ros/humble/share/ament_cmake_pytest/cmake/ament_add_pytest_test.cmake:79 (message):
[3.592s]   The Python module 'pytest' was not found, pytests cannot be run.  On Linux,
[3.592s]   install the 'python3-pytest' package.  On other platforms, install 'pytest'
[3.592s]   using pip.
[3.592s] Call Stack (most recent call first):
[3.592s]   CMakeLists.txt:425 (ament_add_pytest_test)
[3.592s] 
[3.592s] [0m
[3.893s] [33mCMake Warning at /opt/ros/humble/share/ament_cmake_pytest/cmake/ament_add_pytest_test.cmake:79 (message):
[3.893s]   The Python module 'pytest' was not found, pytests cannot be run.  On Linux,
[3.893s]   install the 'python3-pytest' package.  On other platforms, install 'pytest'
[3.893s]   using pip.
[3.893s] Call Stack (most recent call first):
[3.893s]   CMakeLists.txt:425 (ament_add_pytest_test)
[3.894s] 
[3.894s] [0m
[4.196s] [33mCMake Warning at /opt/ros/humble/share/ament_cmake_pytest/cmake/ament_add_pytest_test.cmake:79 (message):
[4.196s]   The Python module 'pytest' was not found, pytests cannot be run.  On Linux,
[4.196s]   install the 'python3-pytest' package.  On other platforms, install 'pytest'
[4.196s]   using pip.
[4.196s] Call Stack (most recent call first):
[4.196s]   CMakeLists.txt:425 (ament_add_pytest_test)
[4.196s] 
[4.196s] [0m
[4.490s] [33mCMake Warning at /opt/ros/humble/share/ament_cmake_pytest/cmake/ament_add_pytest_test.cmake:79 (message):
[4.490s]   The Python module 'pytest' was not found, pytests cannot be run.  On Linux,
[4.490s]   install the 'python3-pytest' package.  On other platforms, install 'pytest'
[4.490s]   using pip.
[4.490s] Call Stack (most recent call first):
[4.490s]   CMakeLists.txt:425 (ament_add_pytest_test)
[4.490s] 
[4.490s] [0m
[4.846s] [33mCMake Warning at /opt/ros/humble/share/ament_cmake_pytest/cmake/ament_add_pytest_test.cmake:79 (message):
[4.846s]   The Python module 'pytest' was not found, pytests cannot be run.  On Linux,
[4.846s]   install the 'python3-pytest' package.  On other platforms, install 'pytest'
[4.846s]   using pip.
[4.846s] Call Stack (most recent call first):
[4.846s]   CMakeLists.txt:425 (ament_add_pytest_test)
[4.846s] 
[4.846s] [0m
[5.066s] -- rs_device_info:
[5.066s] --  16/06 15:42:29,339 ERROR [130118956122688] (context.cpp:41) No valid configuration file found at : /home/student/.realsense-config.json loading defaults
[5.066s] No device detected. Is it plugged in?
[5.067s] 
[5.136s] -- Configuring done
[5.155s] -- Generating done
[5.161s] -- Build files have been written to: /home/student/sensor_platform_ws/build/realsense2_camera
[5.172s] Invoked command in '/home/student/sensor_platform_ws/build/realsense2_camera' returned '0': AMENT_PREFIX_PATH=/home/student/sensor_platform_ws/install/realsense2_camera_msgs:${AMENT_PREFIX_PATH} CMAKE_PREFIX_PATH=/home/student/sensor_platform_ws/install/realsense2_camera_msgs:/opt/ros/humble LD_LIBRARY_PATH=/home/student/sensor_platform_ws/install/realsense2_camera_msgs/lib:${LD_LIBRARY_PATH} PYTHONPATH=/home/student/sensor_platform_ws/install/realsense2_camera_msgs/local/lib/python3.10/dist-packages:${PYTHONPATH} /usr/bin/cmake /home/student/sensor_platform_ws/src/hardware/realsense-ros/realsense2_camera -DAMENT_CMAKE_SYMLINK_INSTALL=1 -DCMAKE_INSTALL_PREFIX=/home/student/sensor_platform_ws/install/realsense2_camera
[5.173s] Invoking command in '/home/student/sensor_platform_ws/build/realsense2_camera': AMENT_PREFIX_PATH=/home/student/sensor_platform_ws/install/realsense2_camera_msgs:${AMENT_PREFIX_PATH} CMAKE_PREFIX_PATH=/home/student/sensor_platform_ws/install/realsense2_camera_msgs:/opt/ros/humble LD_LIBRARY_PATH=/home/student/sensor_platform_ws/install/realsense2_camera_msgs/lib:${LD_LIBRARY_PATH} PYTHONPATH=/home/student/sensor_platform_ws/install/realsense2_camera_msgs/local/lib/python3.10/dist-packages:${PYTHONPATH} /usr/bin/cmake --build /home/student/sensor_platform_ws/build/realsense2_camera -- -j8 -l8
[5.211s] [ 11%] [32mBuilding CXX object gtest/CMakeFiles/gtest_main.dir/src/gtest_main.cc.o[0m
[5.211s] [ 11%] [32mBuilding CXX object gtest/CMakeFiles/gtest.dir/src/gtest-all.cc.o[0m
[5.212s] [ 11%] [32mBuilding CXX object CMakeFiles/realsense2_camera.dir/src/base_realsense_node.cpp.o[0m
[5.212s] [ 15%] [32mBuilding CXX object CMakeFiles/realsense2_camera.dir/src/realsense_node_factory.cpp.o[0m
[5.215s] [ 19%] [32mBuilding CXX object CMakeFiles/realsense2_camera.dir/src/rs_node_setup.cpp.o[0m
[5.220s] [ 23%] [32mBuilding CXX object CMakeFiles/realsense2_camera.dir/src/parameters.cpp.o[0m
[5.223s] [ 26%] [32mBuilding CXX object CMakeFiles/realsense2_camera.dir/src/ros_sensor.cpp.o[0m
[5.223s] [ 30%] [32mBuilding CXX object CMakeFiles/realsense2_camera_node.dir/rclcpp_components/node_main_realsense2_camera_node.cpp.o[0m
[6.213s] [ 34%] [32m[1mLinking CXX static library libgtest_main.a[0m
[6.285s] [ 34%] Built target gtest_main
[6.311s] [ 38%] [32mBuilding CXX object CMakeFiles/realsense2_camera.dir/src/ros_utils.cpp.o[0m
[9.856s] [ 42%] [32m[1mLinking CXX executable realsense2_camera_node[0m
[10.209s] [ 42%] Built target realsense2_camera_node
[10.237s] [ 46%] [32mBuilding CXX object CMakeFiles/realsense2_camera.dir/src/dynamic_params.cpp.o[0m
[11.765s] [ 50%] [32mBuilding CXX object CMakeFiles/realsense2_camera.dir/src/sensor_params.cpp.o[0m
[15.774s] [ 53%] [32m[1mLinking CXX static library libgtest.a[0m
[15.839s] [ 53%] Built target gtest
[15.857s] [ 57%] [32mBuilding CXX object CMakeFiles/realsense2_camera.dir/src/named_filter.cpp.o[0m
[17.851s] [ 61%] [32mBuilding CXX object CMakeFiles/gtest_template.dir/test/gtest_template.cpp.o[0m
[17.989s] [ 65%] [32mBuilding CXX object CMakeFiles/realsense2_camera.dir/src/pointcloud_filter.cpp.o[0m
[18.709s] [ 69%] [32m[1mLinking CXX executable gtest_template[0m
[18.966s] [ 69%] Built target gtest_template
[18.982s] [ 73%] [32mBuilding CXX object CMakeFiles/realsense2_camera.dir/src/align_depth_filter.cpp.o[0m
[19.117s] [ 76%] [32mBuilding CXX object CMakeFiles/realsense2_camera.dir/src/profile_manager.cpp.o[0m
[19.673s] [ 80%] [32mBuilding CXX object CMakeFiles/realsense2_camera.dir/src/image_publisher.cpp.o[0m
[22.672s] [ 84%] [32mBuilding CXX object CMakeFiles/realsense2_camera.dir/src/tfs.cpp.o[0m
[24.942s] [ 88%] [32mBuilding CXX object CMakeFiles/realsense2_camera.dir/src/actions.cpp.o[0m
[25.542s] [ 92%] [32mBuilding CXX object CMakeFiles/realsense2_camera.dir/src/safety.cpp.o[0m
[26.958s] [ 96%] [32mBuilding CXX object CMakeFiles/realsense2_camera.dir/src/ros_param_backend.cpp.o[0m
[38.679s] [100%] [32m[1mLinking CXX shared library librealsense2_camera.so[0m
[39.680s] [100%] Built target realsense2_camera
[39.699s] Invoked command in '/home/student/sensor_platform_ws/build/realsense2_camera' returned '0': AMENT_PREFIX_PATH=/home/student/sensor_platform_ws/install/realsense2_camera_msgs:${AMENT_PREFIX_PATH} CMAKE_PREFIX_PATH=/home/student/sensor_platform_ws/install/realsense2_camera_msgs:/opt/ros/humble LD_LIBRARY_PATH=/home/student/sensor_platform_ws/install/realsense2_camera_msgs/lib:${LD_LIBRARY_PATH} PYTHONPATH=/home/student/sensor_platform_ws/install/realsense2_camera_msgs/local/lib/python3.10/dist-packages:${PYTHONPATH} /usr/bin/cmake --build /home/student/sensor_platform_ws/build/realsense2_camera -- -j8 -l8
[39.699s] Invoking command in '/home/student/sensor_platform_ws/build/realsense2_camera': AMENT_PREFIX_PATH=/home/student/sensor_platform_ws/install/realsense2_camera_msgs:${AMENT_PREFIX_PATH} CMAKE_PREFIX_PATH=/home/student/sensor_platform_ws/install/realsense2_camera_msgs:/opt/ros/humble LD_LIBRARY_PATH=/home/student/sensor_platform_ws/install/realsense2_camera_msgs/lib:${LD_LIBRARY_PATH} PYTHONPATH=/home/student/sensor_platform_ws/install/realsense2_camera_msgs/local/lib/python3.10/dist-packages:${PYTHONPATH} /usr/bin/cmake --install /home/student/sensor_platform_ws/build/realsense2_camera
[39.709s] -- Install configuration: "Release"
[39.709s] -- Execute custom install script
[39.710s] -- Symlinking: /home/student/sensor_platform_ws/install/realsense2_camera/share/realsense2_camera/config/global_settings.yaml
[39.730s] -- Symlinking: /home/student/sensor_platform_ws/install/realsense2_camera/lib/realsense2_camera/realsense2_camera_node
[39.745s] -- Symlinking: /home/student/sensor_platform_ws/install/realsense2_camera/lib/librealsense2_camera.so
[39.764s] -- Symlinking: /home/student/sensor_platform_ws/install/realsense2_camera/include/align_depth_filter.h
[39.783s] -- Symlinking: /home/student/sensor_platform_ws/install/realsense2_camera/include/base_realsense_node.h
[39.799s] -- Symlinking: /home/student/sensor_platform_ws/install/realsense2_camera/include/constants.h
[39.817s] -- Symlinking: /home/student/sensor_platform_ws/install/realsense2_camera/include/context_singleton_wrapper.h
[39.834s] -- Symlinking: /home/student/sensor_platform_ws/install/realsense2_camera/include/dynamic_params.h
[39.850s] -- Symlinking: /home/student/sensor_platform_ws/install/realsense2_camera/include/gl_window.h
[39.869s] -- Symlinking: /home/student/sensor_platform_ws/install/realsense2_camera/include/image_publisher.h
[39.885s] -- Symlinking: /home/student/sensor_platform_ws/install/realsense2_camera/include/named_filter.h
[39.901s] -- Symlinking: /home/student/sensor_platform_ws/install/realsense2_camera/include/pointcloud_filter.h
[39.919s] -- Symlinking: /home/student/sensor_platform_ws/install/realsense2_camera/include/profile_manager.h
[39.932s] -- Symlinking: /home/student/sensor_platform_ws/install/realsense2_camera/include/realsense_node_factory.h
[39.947s] -- Symlinking: /home/student/sensor_platform_ws/install/realsense2_camera/include/ros_node_base.h
[39.962s] -- Symlinking: /home/student/sensor_platform_ws/install/realsense2_camera/include/ros_param_backend.h
[39.979s] -- Symlinking: /home/student/sensor_platform_ws/install/realsense2_camera/include/ros_sensor.h
[39.994s] -- Symlinking: /home/student/sensor_platform_ws/install/realsense2_camera/include/ros_utils.h
[40.015s] -- Symlinking: /home/student/sensor_platform_ws/install/realsense2_camera/include/sensor_params.h
[40.053s] -- Symlinking: /home/student/sensor_platform_ws/install/realsense2_camera/share/realsense2_camera/launch/default.rviz
[40.071s] -- Symlinking: /home/student/sensor_platform_ws/install/realsense2_camera/share/realsense2_camera/launch/rs_intra_process_demo_launch.py
[40.088s] -- Symlinking: /home/student/sensor_platform_ws/install/realsense2_camera/share/realsense2_camera/launch/rs_launch.py
[40.103s] -- Symlinking: /home/student/sensor_platform_ws/install/realsense2_camera/share/realsense2_camera/launch/rs_multi_camera_launch.py
[40.124s] -- Symlinking: /home/student/sensor_platform_ws/install/realsense2_camera/share/realsense2_camera/launch/rs_multi_camera_launch_sync.py
[40.157s] -- Symlinking: /home/student/sensor_platform_ws/install/realsense2_camera/share/realsense2_camera/examples/align_depth/README.md
[40.176s] -- Symlinking: /home/student/sensor_platform_ws/install/realsense2_camera/share/realsense2_camera/examples/align_depth/rs_align_depth_launch.py
[40.193s] -- Symlinking: /home/student/sensor_platform_ws/install/realsense2_camera/share/realsense2_camera/examples/d500_tables/application_config_example.json
[40.201s] -- Symlinking: /home/student/sensor_platform_ws/install/realsense2_camera/share/realsense2_camera/examples/d500_tables/calib_config_example.json
[40.210s] -- Symlinking: /home/student/sensor_platform_ws/install/realsense2_camera/share/realsense2_camera/examples/d500_tables/safety_interface_config_example.json
[40.218s] -- Symlinking: /home/student/sensor_platform_ws/install/realsense2_camera/share/realsense2_camera/examples/d500_tables/safety_preset_example.json
[40.228s] -- Symlinking: /home/student/sensor_platform_ws/install/realsense2_camera/share/realsense2_camera/examples/dual_camera/README.md
[40.239s] -- Symlinking: /home/student/sensor_platform_ws/install/realsense2_camera/share/realsense2_camera/examples/dual_camera/rs_dual_camera_launch.py
[40.248s] -- Symlinking: /home/student/sensor_platform_ws/install/realsense2_camera/share/realsense2_camera/examples/dual_camera/rviz/dual_camera_pointcloud.rviz
[40.258s] -- Symlinking: /home/student/sensor_platform_ws/install/realsense2_camera/share/realsense2_camera/examples/launch_from_rosbag/README.md
[40.267s] -- Symlinking: /home/student/sensor_platform_ws/install/realsense2_camera/share/realsense2_camera/examples/launch_from_rosbag/rs_launch_from_rosbag.py
[40.276s] -- Symlinking: /home/student/sensor_platform_ws/install/realsense2_camera/share/realsense2_camera/examples/launch_params_from_file/README.md
[40.285s] -- Symlinking: /home/student/sensor_platform_ws/install/realsense2_camera/share/realsense2_camera/examples/launch_params_from_file/config/config.yaml
[40.294s] -- Symlinking: /home/student/sensor_platform_ws/install/realsense2_camera/share/realsense2_camera/examples/launch_params_from_file/rs_launch_get_params_from_yaml.py
[40.304s] -- Symlinking: /home/student/sensor_platform_ws/install/realsense2_camera/share/realsense2_camera/examples/pointcloud/README.md
[40.314s] -- Symlinking: /home/student/sensor_platform_ws/install/realsense2_camera/share/realsense2_camera/examples/pointcloud/rs_d405_pointcloud_launch.py
[40.323s] -- Symlinking: /home/student/sensor_platform_ws/install/realsense2_camera/share/realsense2_camera/examples/pointcloud/rs_d455_pointcloud_launch.py
[40.332s] -- Symlinking: /home/student/sensor_platform_ws/install/realsense2_camera/share/realsense2_camera/examples/pointcloud/rs_pointcloud_infra_launch.py
[40.343s] -- Symlinking: /home/student/sensor_platform_ws/install/realsense2_camera/share/realsense2_camera/examples/pointcloud/rs_pointcloud_launch.py
[40.352s] -- Symlinking: /home/student/sensor_platform_ws/install/realsense2_camera/share/realsense2_camera/examples/pointcloud/rviz/pointcloud.rviz
[40.362s] -- Symlinking: /home/student/sensor_platform_ws/install/realsense2_camera/share/realsense2_camera/examples/pointcloud/rviz/urdf_pointcloud.rviz
[40.371s] -- Symlinking: /home/student/sensor_platform_ws/install/realsense2_camera/share/realsense2_camera/environment/library_path.sh
[40.380s] -- Symlinking: /home/student/sensor_platform_ws/install/realsense2_camera/share/realsense2_camera/environment/library_path.dsv
[40.389s] -- Symlinking: /home/student/sensor_platform_ws/install/realsense2_camera/share/ament_index/resource_index/package_run_dependencies/realsense2_camera
[40.399s] -- Symlinking: /home/student/sensor_platform_ws/install/realsense2_camera/share/ament_index/resource_index/parent_prefix_path/realsense2_camera
[40.408s] -- Symlinking: /home/student/sensor_platform_ws/install/realsense2_camera/share/realsense2_camera/environment/ament_prefix_path.sh
[40.417s] -- Symlinking: /home/student/sensor_platform_ws/install/realsense2_camera/share/realsense2_camera/environment/ament_prefix_path.dsv
[40.430s] -- Symlinking: /home/student/sensor_platform_ws/install/realsense2_camera/share/realsense2_camera/environment/path.sh
[40.436s] -- Symlinking: /home/student/sensor_platform_ws/install/realsense2_camera/share/realsense2_camera/environment/path.dsv
[40.447s] -- Symlinking: /home/student/sensor_platform_ws/install/realsense2_camera/share/realsense2_camera/local_setup.bash
[40.456s] -- Symlinking: /home/student/sensor_platform_ws/install/realsense2_camera/share/realsense2_camera/local_setup.sh
[40.465s] -- Symlinking: /home/student/sensor_platform_ws/install/realsense2_camera/share/realsense2_camera/local_setup.zsh
[40.474s] -- Symlinking: /home/student/sensor_platform_ws/install/realsense2_camera/share/realsense2_camera/local_setup.dsv
[40.483s] -- Symlinking: /home/student/sensor_platform_ws/install/realsense2_camera/share/realsense2_camera/package.dsv
[40.492s] -- Symlinking: /home/student/sensor_platform_ws/install/realsense2_camera/share/ament_index/resource_index/packages/realsense2_camera
[40.502s] -- Symlinking: /home/student/sensor_platform_ws/install/realsense2_camera/share/ament_index/resource_index/rclcpp_components/realsense2_camera
[40.511s] -- Symlinking: /home/student/sensor_platform_ws/install/realsense2_camera/share/realsense2_camera/cmake/ament_cmake_export_include_directories-extras.cmake
[40.520s] -- Symlinking: /home/student/sensor_platform_ws/install/realsense2_camera/share/realsense2_camera/cmake/ament_cmake_export_libraries-extras.cmake
[40.531s] -- Symlinking: /home/student/sensor_platform_ws/install/realsense2_camera/share/realsense2_camera/cmake/ament_cmake_export_dependencies-extras.cmake
[40.542s] -- Symlinking: /home/student/sensor_platform_ws/install/realsense2_camera/share/realsense2_camera/cmake/realsense2_cameraConfig.cmake
[40.554s] -- Symlinking: /home/student/sensor_platform_ws/install/realsense2_camera/share/realsense2_camera/cmake/realsense2_cameraConfig-version.cmake
[40.561s] -- Symlinking: /home/student/sensor_platform_ws/install/realsense2_camera/share/realsense2_camera/package.xml
[40.572s] Invoked command in '/home/student/sensor_platform_ws/build/realsense2_camera' returned '0': AMENT_PREFIX_PATH=/home/student/sensor_platform_ws/install/realsense2_camera_msgs:${AMENT_PREFIX_PATH} CMAKE_PREFIX_PATH=/home/student/sensor_platform_ws/install/realsense2_camera_msgs:/opt/ros/humble LD_LIBRARY_PATH=/home/student/sensor_platform_ws/install/realsense2_camera_msgs/lib:${LD_LIBRARY_PATH} PYTHONPATH=/home/student/sensor_platform_ws/install/realsense2_camera_msgs/local/lib/python3.10/dist-packages:${PYTHONPATH} /usr/bin/cmake --install /home/student/sensor_platform_ws/build/realsense2_camera
