[0.232s] Invoking command in '/home/student/sensor_platform_ws/build/platform_interfaces': CMAKE_PREFIX_PATH=/opt/ros/humble /usr/bin/cmake --build /home/student/sensor_platform_ws/build/platform_interfaces -- -j8 -l8
[1.755s] Invoked command in '/home/student/sensor_platform_ws/build/platform_interfaces' returned '0': CMAKE_PREFIX_PATH=/opt/ros/humble /usr/bin/cmake --build /home/student/sensor_platform_ws/build/platform_interfaces -- -j8 -l8
[1.976s] Invoking command in '/home/student/sensor_platform_ws/build/platform_interfaces': CMAKE_PREFIX_PATH=/opt/ros/humble /usr/bin/cmake --install /home/student/sensor_platform_ws/build/platform_interfaces
[2.801s] -- Install configuration: "Release"
[2.801s] -- Execute custom install script
[2.801s] -- Up-to-date symlink: /home/student/sensor_platform_ws/install/platform_interfaces/share/ament_index/resource_index/package_run_dependencies/platform_interfaces
[2.801s] -- Up-to-date symlink: /home/student/sensor_platform_ws/install/platform_interfaces/share/ament_index/resource_index/parent_prefix_path/platform_interfaces
[2.801s] -- Up-to-date symlink: /home/student/sensor_platform_ws/install/platform_interfaces/share/platform_interfaces/environment/ament_prefix_path.sh
[2.801s] -- Up-to-date symlink: /home/student/sensor_platform_ws/install/platform_interfaces/share/platform_interfaces/environment/ament_prefix_path.dsv
[2.801s] -- Up-to-date symlink: /home/student/sensor_platform_ws/install/platform_interfaces/share/platform_interfaces/environment/path.sh
[2.802s] -- Up-to-date symlink: /home/student/sensor_platform_ws/install/platform_interfaces/share/platform_interfaces/environment/path.dsv
[2.802s] -- Up-to-date symlink: /home/student/sensor_platform_ws/install/platform_interfaces/share/platform_interfaces/local_setup.bash
[2.802s] -- Up-to-date symlink: /home/student/sensor_platform_ws/install/platform_interfaces/share/platform_interfaces/local_setup.sh
[2.802s] -- Up-to-date symlink: /home/student/sensor_platform_ws/install/platform_interfaces/share/platform_interfaces/local_setup.zsh
[2.802s] -- Up-to-date symlink: /home/student/sensor_platform_ws/install/platform_interfaces/share/platform_interfaces/local_setup.dsv
[2.802s] -- Symlinking: /home/student/sensor_platform_ws/install/platform_interfaces/share/platform_interfaces/package.dsv
[2.802s] -- Up-to-date symlink: /home/student/sensor_platform_ws/install/platform_interfaces/share/ament_index/resource_index/packages/platform_interfaces
[2.802s] -- Up-to-date symlink: /home/student/sensor_platform_ws/install/platform_interfaces/share/platform_interfaces/cmake/platform_interfacesConfig.cmake
[2.802s] -- Up-to-date symlink: /home/student/sensor_platform_ws/install/platform_interfaces/share/platform_interfaces/cmake/platform_interfacesConfig-version.cmake
[2.802s] -- Up-to-date symlink: /home/student/sensor_platform_ws/install/platform_interfaces/share/platform_interfaces/package.xml
[2.869s] Invoked command in '/home/student/sensor_platform_ws/build/platform_interfaces' returned '0': CMAKE_PREFIX_PATH=/opt/ros/humble /usr/bin/cmake --install /home/student/sensor_platform_ws/build/platform_interfaces
