[0.007s] Invoking command in '/home/student/sensor_platform_ws/build/allan_variance_ros2': CMAKE_PREFIX_PATH=/opt/ros/humble /usr/bin/cmake /home/student/sensor_platform_ws/src/allan_variance_ros2/src/allan_variance_ros2 -DCMAKE_INSTALL_PREFIX=/home/student/sensor_platform_ws/install/allan_variance_ros2
[0.015s] -- Found ament_cmake: 1.3.14 (/opt/ros/humble/share/ament_cmake/cmake)
[0.100s] -- Override CMake install command with custom implementation using symlinks instead of copying resources
[0.105s] -- Found rclcpp: 16.0.19 (/opt/ros/humble/share/rclcpp/cmake)
[0.126s] -- Found rosidl_generator_c: 3.1.8 (/opt/ros/humble/share/rosidl_generator_c/cmake)
[0.128s] -- Found rosidl_adapter: 3.1.8 (/opt/ros/humble/share/rosidl_adapter/cmake)
[0.133s] -- Found rosidl_generator_cpp: 3.1.8 (/opt/ros/humble/share/rosidl_generator_cpp/cmake)
[0.140s] -- Using all available rosidl_typesupport_c: rosidl_typesupport_fastrtps_c;rosidl_typesupport_introspection_c
[0.150s] -- Using all available rosidl_typesupport_cpp: rosidl_typesupport_fastrtps_cpp;rosidl_typesupport_introspection_cpp
[0.175s] -- Found rmw_implementation_cmake: 6.1.2 (/opt/ros/humble/share/rmw_implementation_cmake/cmake)
[0.176s] -- Found rmw_fastrtps_cpp: 6.2.10 (/opt/ros/humble/share/rmw_fastrtps_cpp/cmake)
[0.268s] -- Using RMW implementation 'rmw_fastrtps_cpp' as default
[0.307s] -- Found rosbag2_cpp: 0.15.16 (/opt/ros/humble/share/rosbag2_cpp/cmake)
[0.326s] -- Found sensor_msgs: 4.9.1 (/opt/ros/humble/share/sensor_msgs/cmake)
[0.408s] [0mCompiler: GNU 11.4.0 (/usr/bin/c++)[0m
[0.427s] -- Rerun SDK install version: 0.33.0
[0.429s] -- OpenMP found will try to link!
[0.431s] [31mCMake Error at /opt/ros/humble/share/ament_cmake_core/cmake/symlink_install/ament_cmake_symlink_install_targets.cmake:67 (message):
[0.432s]   ament_cmake_symlink_install_targets() 'plot_imu' is not a target
[0.432s] Call Stack (most recent call first):
[0.432s]   /opt/ros/humble/share/ament_cmake_core/cmake/symlink_install/install.cmake:37 (ament_cmake_symlink_install_targets)
[0.432s]   CMakeLists.txt:65 (install)
[0.432s] 
[0.432s] [0m
[0.432s] -- Configuring incomplete, errors occurred!
[0.432s] See also "/home/student/sensor_platform_ws/build/allan_variance_ros2/CMakeFiles/CMakeOutput.log".
[0.438s] Invoked command in '/home/student/sensor_platform_ws/build/allan_variance_ros2' returned '1': CMAKE_PREFIX_PATH=/opt/ros/humble /usr/bin/cmake /home/student/sensor_platform_ws/src/allan_variance_ros2/src/allan_variance_ros2 -DCMAKE_INSTALL_PREFIX=/home/student/sensor_platform_ws/install/allan_variance_ros2
