[  1%] Built target realsense2_camera_msgs__rs
[35m[1mConsolidate compiler generated dependencies of target realsense2_camera_msgs__rosidl_generator_c[0m
[  1%] Built target realsense2_camera_msgs__cpp
[  1%] Built target ament_cmake_python_symlink_realsense2_camera_msgs
[ 13%] Built target realsense2_camera_msgs__rosidl_generator_c
[35m[1mConsolidate compiler generated dependencies of target realsense2_camera_msgs__rosidl_typesupport_introspection_cpp[0m
[35m[1mConsolidate compiler generated dependencies of target realsense2_camera_msgs__rosidl_typesupport_fastrtps_cpp[0m
[35m[1mConsolidate compiler generated dependencies of target realsense2_camera_msgs__rosidl_typesupport_cpp[0m
[35m[1mConsolidate compiler generated dependencies of target realsense2_camera_msgs__rosidl_typesupport_introspection_c[0m
[35m[1mConsolidate compiler generated dependencies of target realsense2_camera_msgs__rosidl_typesupport_fastrtps_c[0m
[35m[1mConsolidate compiler generated dependencies of target realsense2_camera_msgs__rosidl_typesupport_c[0m
[ 25%] Built target realsense2_camera_msgs__rosidl_typesupport_introspection_cpp
[ 37%] Built target realsense2_camera_msgs__rosidl_typesupport_introspection_c
[ 49%] Built target realsense2_camera_msgs__rosidl_typesupport_fastrtps_cpp
[ 61%] Built target realsense2_camera_msgs__rosidl_typesupport_cpp
[ 73%] Built target realsense2_camera_msgs__rosidl_typesupport_fastrtps_c
[ 85%] Built target realsense2_camera_msgs__rosidl_typesupport_c
[ 85%] Built target realsense2_camera_msgs
[ 86%] Built target realsense2_camera_msgs__py
[35m[1mConsolidate compiler generated dependencies of target realsense2_camera_msgs__rosidl_generator_py[0m
[ 97%] Built target realsense2_camera_msgs__rosidl_generator_py
[35m[1mConsolidate compiler generated dependencies of target realsense2_camera_msgs__rosidl_typesupport_c__pyext[0m
[35m[1mConsolidate compiler generated dependencies of target realsense2_camera_msgs__rosidl_typesupport_introspection_c__pyext[0m
[35m[1mConsolidate compiler generated dependencies of target realsense2_camera_msgs__rosidl_typesupport_fastrtps_c__pyext[0m
[100%] Built target realsense2_camera_msgs__rosidl_typesupport_fastrtps_c__pyext
[100%] Built target realsense2_camera_msgs__rosidl_typesupport_c__pyext
[100%] Built target realsense2_camera_msgs__rosidl_typesupport_introspection_c__pyext
running egg_info
writing realsense2_camera_msgs.egg-info/PKG-INFO
writing dependency_links to realsense2_camera_msgs.egg-info/dependency_links.txt
writing top-level names to realsense2_camera_msgs.egg-info/top_level.txt
reading manifest file 'realsense2_camera_msgs.egg-info/SOURCES.txt'
writing manifest file 'realsense2_camera_msgs.egg-info/SOURCES.txt'
[100%] Built target ament_cmake_python_build_realsense2_camera_msgs_egg
