[0.022s] Invoking command in '/home/student/sensor_platform_ws/build/realsense2_camera_msgs': CMAKE_PREFIX_PATH=/opt/ros/humble /usr/bin/cmake --build /home/student/sensor_platform_ws/build/realsense2_camera_msgs -- -j8 -l8
[0.070s] [  1%] Built target realsense2_camera_msgs__rs
[0.070s] [35m[1mConsolidate compiler generated dependencies of target realsense2_camera_msgs__rosidl_generator_c[0m
[0.073s] [  1%] Built target realsense2_camera_msgs__cpp
[0.084s] [  1%] Built target ament_cmake_python_symlink_realsense2_camera_msgs
[0.087s] [ 13%] Built target realsense2_camera_msgs__rosidl_generator_c
[0.087s] [35m[1mConsolidate compiler generated dependencies of target realsense2_camera_msgs__rosidl_typesupport_introspection_cpp[0m
[0.091s] [35m[1mConsolidate compiler generated dependencies of target realsense2_camera_msgs__rosidl_typesupport_fastrtps_cpp[0m
[0.093s] [35m[1mConsolidate compiler generated dependencies of target realsense2_camera_msgs__rosidl_typesupport_cpp[0m
[0.095s] [35m[1mConsolidate compiler generated dependencies of target realsense2_camera_msgs__rosidl_typesupport_introspection_c[0m
[0.098s] [35m[1mConsolidate compiler generated dependencies of target realsense2_camera_msgs__rosidl_typesupport_fastrtps_c[0m
[0.104s] [35m[1mConsolidate compiler generated dependencies of target realsense2_camera_msgs__rosidl_typesupport_c[0m
[0.109s] [ 25%] Built target realsense2_camera_msgs__rosidl_typesupport_introspection_cpp
[0.111s] [ 37%] Built target realsense2_camera_msgs__rosidl_typesupport_introspection_c
[0.112s] [ 49%] Built target realsense2_camera_msgs__rosidl_typesupport_fastrtps_cpp
[0.115s] [ 61%] Built target realsense2_camera_msgs__rosidl_typesupport_cpp
[0.116s] [ 73%] Built target realsense2_camera_msgs__rosidl_typesupport_fastrtps_c
[0.116s] [ 85%] Built target realsense2_camera_msgs__rosidl_typesupport_c
[0.130s] [ 85%] Built target realsense2_camera_msgs
[0.144s] [ 86%] Built target realsense2_camera_msgs__py
[0.153s] [35m[1mConsolidate compiler generated dependencies of target realsense2_camera_msgs__rosidl_generator_py[0m
[0.168s] [ 97%] Built target realsense2_camera_msgs__rosidl_generator_py
[0.175s] [35m[1mConsolidate compiler generated dependencies of target realsense2_camera_msgs__rosidl_typesupport_c__pyext[0m
[0.175s] [35m[1mConsolidate compiler generated dependencies of target realsense2_camera_msgs__rosidl_typesupport_introspection_c__pyext[0m
[0.175s] [35m[1mConsolidate compiler generated dependencies of target realsense2_camera_msgs__rosidl_typesupport_fastrtps_c__pyext[0m
[0.183s] [100%] Built target realsense2_camera_msgs__rosidl_typesupport_fastrtps_c__pyext
[0.183s] [100%] Built target realsense2_camera_msgs__rosidl_typesupport_c__pyext
[0.183s] [100%] Built target realsense2_camera_msgs__rosidl_typesupport_introspection_c__pyext
[0.286s] running egg_info
[0.287s] writing realsense2_camera_msgs.egg-info/PKG-INFO
[0.287s] writing dependency_links to realsense2_camera_msgs.egg-info/dependency_links.txt
[0.287s] writing top-level names to realsense2_camera_msgs.egg-info/top_level.txt
[0.289s] reading manifest file 'realsense2_camera_msgs.egg-info/SOURCES.txt'
[0.290s] writing manifest file 'realsense2_camera_msgs.egg-info/SOURCES.txt'
[0.307s] [100%] Built target ament_cmake_python_build_realsense2_camera_msgs_egg
