[0.175s] Invoking command in '/home/student/sensor_platform_ws/build/uavcan_bridge': CMAKE_PREFIX_PATH=${CMAKE_PREFIX_PATH}:/opt/ros/humble /usr/bin/cmake --build /home/student/sensor_platform_ws/build/uavcan_bridge -- -j8 -l8
[0.382s] [ 40%] Built target dronecan_bridge_node
[0.970s] [100%] Built target dronecan_bridge_component
[0.977s] Invoked command in '/home/student/sensor_platform_ws/build/uavcan_bridge' returned '0': CMAKE_PREFIX_PATH=${CMAKE_PREFIX_PATH}:/opt/ros/humble /usr/bin/cmake --build /home/student/sensor_platform_ws/build/uavcan_bridge -- -j8 -l8
[1.091s] Invoking command in '/home/student/sensor_platform_ws/build/uavcan_bridge': CMAKE_PREFIX_PATH=${CMAKE_PREFIX_PATH}:/opt/ros/humble /usr/bin/cmake --install /home/student/sensor_platform_ws/build/uavcan_bridge
[1.112s] -- Install configuration: ""
[1.238s] -- Execute custom install script
[1.239s] -- Up-to-date symlink: /home/student/sensor_platform_ws/install/uavcan_bridge/lib/uavcan_bridge/dronecan_bridge_node
[1.248s] -- Up-to-date symlink: /home/student/sensor_platform_ws/install/uavcan_bridge/lib/libdronecan_bridge_component.so
[1.249s] -- Up-to-date symlink: /home/student/sensor_platform_ws/install/uavcan_bridge/share/ament_index/resource_index/package_run_dependencies/uavcan_bridge
[1.250s] -- Up-to-date symlink: /home/student/sensor_platform_ws/install/uavcan_bridge/share/ament_index/resource_index/parent_prefix_path/uavcan_bridge
[1.250s] -- Up-to-date symlink: /home/student/sensor_platform_ws/install/uavcan_bridge/share/uavcan_bridge/environment/ament_prefix_path.sh
[1.251s] -- Up-to-date symlink: /home/student/sensor_platform_ws/install/uavcan_bridge/share/uavcan_bridge/environment/ament_prefix_path.dsv
[1.252s] -- Up-to-date symlink: /home/student/sensor_platform_ws/install/uavcan_bridge/share/uavcan_bridge/environment/path.sh
[1.253s] -- Up-to-date symlink: /home/student/sensor_platform_ws/install/uavcan_bridge/share/uavcan_bridge/environment/path.dsv
[1.253s] -- Up-to-date symlink: /home/student/sensor_platform_ws/install/uavcan_bridge/share/uavcan_bridge/local_setup.bash
[1.253s] -- Up-to-date symlink: /home/student/sensor_platform_ws/install/uavcan_bridge/share/uavcan_bridge/local_setup.sh
[1.254s] -- Up-to-date symlink: /home/student/sensor_platform_ws/install/uavcan_bridge/share/uavcan_bridge/local_setup.zsh
[1.255s] -- Up-to-date symlink: /home/student/sensor_platform_ws/install/uavcan_bridge/share/uavcan_bridge/local_setup.dsv
[1.255s] -- Symlinking: /home/student/sensor_platform_ws/install/uavcan_bridge/share/uavcan_bridge/package.dsv
[1.282s] -- Up-to-date symlink: /home/student/sensor_platform_ws/install/uavcan_bridge/share/ament_index/resource_index/packages/uavcan_bridge
[1.283s] -- Up-to-date symlink: /home/student/sensor_platform_ws/install/uavcan_bridge/share/ament_index/resource_index/rclcpp_components/uavcan_bridge
[1.283s] -- Up-to-date symlink: /home/student/sensor_platform_ws/install/uavcan_bridge/share/uavcan_bridge/cmake/ament_cmake_export_dependencies-extras.cmake
[1.284s] -- Up-to-date symlink: /home/student/sensor_platform_ws/install/uavcan_bridge/share/uavcan_bridge/cmake/uavcan_bridgeConfig.cmake
[1.284s] -- Up-to-date symlink: /home/student/sensor_platform_ws/install/uavcan_bridge/share/uavcan_bridge/cmake/uavcan_bridgeConfig-version.cmake
[1.284s] -- Up-to-date symlink: /home/student/sensor_platform_ws/install/uavcan_bridge/share/uavcan_bridge/package.xml
[1.288s] Invoked command in '/home/student/sensor_platform_ws/build/uavcan_bridge' returned '0': CMAKE_PREFIX_PATH=${CMAKE_PREFIX_PATH}:/opt/ros/humble /usr/bin/cmake --install /home/student/sensor_platform_ws/build/uavcan_bridge
