[0.077s] Invoking command in '/home/student/sensor_platform_ws/build/realsense2_camera': AMENT_PREFIX_PATH=/home/student/sensor_platform_ws/install/realsense2_camera_msgs:${AMENT_PREFIX_PATH} CMAKE_PREFIX_PATH=/home/student/sensor_platform_ws/install/realsense2_camera_msgs:/opt/ros/humble LD_LIBRARY_PATH=/home/student/sensor_platform_ws/install/realsense2_camera_msgs/lib:${LD_LIBRARY_PATH} PYTHONPATH=/home/student/sensor_platform_ws/install/realsense2_camera_msgs/local/lib/python3.10/dist-packages:${PYTHONPATH} /usr/bin/cmake /home/student/sensor_platform_ws/src/hardware/realsense-ros/realsense2_camera -DCMAKE_INSTALL_PREFIX=/home/student/sensor_platform_ws/install/realsense2_camera
[0.127s] -- Create Release Build.
[0.127s] -- Found ament_cmake: 1.3.14 (/opt/ros/humble/share/ament_cmake/cmake)
[0.239s] -- Override CMake install command with custom implementation using symlinks instead of copying resources
[0.245s] -- Found builtin_interfaces: 1.2.2 (/opt/ros/humble/share/builtin_interfaces/cmake)
[0.262s] -- Found rosidl_generator_c: 3.1.8 (/opt/ros/humble/share/rosidl_generator_c/cmake)
[0.264s] -- Found rosidl_adapter: 3.1.8 (/opt/ros/humble/share/rosidl_adapter/cmake)
[0.268s] -- Found rosidl_generator_cpp: 3.1.8 (/opt/ros/humble/share/rosidl_generator_cpp/cmake)
[0.276s] -- Using all available rosidl_typesupport_c: rosidl_typesupport_fastrtps_c;rosidl_typesupport_introspection_c
[0.285s] -- Using all available rosidl_typesupport_cpp: rosidl_typesupport_fastrtps_cpp;rosidl_typesupport_introspection_cpp
[0.294s] -- Found rclcpp: 16.0.19 (/opt/ros/humble/share/rclcpp/cmake)
[0.314s] -- Found rmw_implementation_cmake: 6.1.2 (/opt/ros/humble/share/rmw_implementation_cmake/cmake)
[0.315s] -- Found rmw_fastrtps_cpp: 6.2.10 (/opt/ros/humble/share/rmw_fastrtps_cpp/cmake)
[0.384s] -- Using RMW implementation 'rmw_fastrtps_cpp' as default
[0.423s] -- Found rclcpp_action: 16.0.19 (/opt/ros/humble/share/rclcpp_action/cmake)
[0.446s] -- Found realsense2_camera_msgs: 4.57.0 (/home/student/sensor_platform_ws/install/realsense2_camera_msgs/share/realsense2_camera_msgs/cmake)
[0.578s] -- Found std_srvs: 4.9.1 (/opt/ros/humble/share/std_srvs/cmake)
[0.645s] -- Found nav_msgs: 4.9.1 (/opt/ros/humble/share/nav_msgs/cmake)
[0.669s] -- Found tf2_ros: 0.25.20 (/opt/ros/humble/share/tf2_ros/cmake)
[0.733s] -- Found diagnostic_updater: 4.0.6 (/opt/ros/humble/share/diagnostic_updater/cmake)
[0.887s] -- Found image_transport: 3.1.12 (/opt/ros/humble/share/image_transport/cmake)
[0.958s] -- Found cv_bridge: 3.2.1 (/opt/ros/humble/share/cv_bridge/cmake)
[1.007s] -- Build for ROS2 Humble
[1.032s] -- Found ament_cmake_gtest: 1.3.14 (/opt/ros/humble/share/ament_cmake_gtest/cmake)
[1.035s] -- Found gtest sources under '/opt/ros/humble/src/gtest_vendor': C++ tests using 'Google Test' will be built
[1.056s] -- Found ament_cmake_pytest: 1.3.14 (/opt/ros/humble/share/ament_cmake_pytest/cmake)
[5.414s] -- rs_device_info:
[5.414s] --  18/05 15:20:46,258 ERROR [128938581189184] (context.cpp:41) No valid configuration file found at : /home/student/.realsense-config.json loading defaults
[5.414s] No device detected. Is it plugged in?
[5.414s] 
[5.509s] -- Configuring done
[5.553s] -- Generating done
[5.563s] -- Build files have been written to: /home/student/sensor_platform_ws/build/realsense2_camera
[5.571s] Invoked command in '/home/student/sensor_platform_ws/build/realsense2_camera' returned '0': AMENT_PREFIX_PATH=/home/student/sensor_platform_ws/install/realsense2_camera_msgs:${AMENT_PREFIX_PATH} CMAKE_PREFIX_PATH=/home/student/sensor_platform_ws/install/realsense2_camera_msgs:/opt/ros/humble LD_LIBRARY_PATH=/home/student/sensor_platform_ws/install/realsense2_camera_msgs/lib:${LD_LIBRARY_PATH} PYTHONPATH=/home/student/sensor_platform_ws/install/realsense2_camera_msgs/local/lib/python3.10/dist-packages:${PYTHONPATH} /usr/bin/cmake /home/student/sensor_platform_ws/src/hardware/realsense-ros/realsense2_camera -DCMAKE_INSTALL_PREFIX=/home/student/sensor_platform_ws/install/realsense2_camera
[5.573s] Invoking command in '/home/student/sensor_platform_ws/build/realsense2_camera': AMENT_PREFIX_PATH=/home/student/sensor_platform_ws/install/realsense2_camera_msgs:${AMENT_PREFIX_PATH} CMAKE_PREFIX_PATH=/home/student/sensor_platform_ws/install/realsense2_camera_msgs:/opt/ros/humble LD_LIBRARY_PATH=/home/student/sensor_platform_ws/install/realsense2_camera_msgs/lib:${LD_LIBRARY_PATH} PYTHONPATH=/home/student/sensor_platform_ws/install/realsense2_camera_msgs/local/lib/python3.10/dist-packages:${PYTHONPATH} /usr/bin/cmake --build /home/student/sensor_platform_ws/build/realsense2_camera -- -j8 -l8
[5.603s] [35m[1mConsolidate compiler generated dependencies of target gtest_main[0m
[5.613s] [  7%] Built target gtest_main
[5.627s] [35m[1mConsolidate compiler generated dependencies of target realsense2_camera_node[0m
[5.638s] [ 15%] Built target realsense2_camera_node
[5.645s] [35m[1mConsolidate compiler generated dependencies of target gtest[0m
[5.654s] [ 23%] Built target gtest
[5.677s] [35m[1mConsolidate compiler generated dependencies of target gtest_template[0m
[5.686s] [ 30%] Built target gtest_template
[5.754s] [35m[1mConsolidate compiler generated dependencies of target realsense2_camera[0m
[5.851s] [100%] Built target realsense2_camera
[5.859s] Invoked command in '/home/student/sensor_platform_ws/build/realsense2_camera' returned '0': AMENT_PREFIX_PATH=/home/student/sensor_platform_ws/install/realsense2_camera_msgs:${AMENT_PREFIX_PATH} CMAKE_PREFIX_PATH=/home/student/sensor_platform_ws/install/realsense2_camera_msgs:/opt/ros/humble LD_LIBRARY_PATH=/home/student/sensor_platform_ws/install/realsense2_camera_msgs/lib:${LD_LIBRARY_PATH} PYTHONPATH=/home/student/sensor_platform_ws/install/realsense2_camera_msgs/local/lib/python3.10/dist-packages:${PYTHONPATH} /usr/bin/cmake --build /home/student/sensor_platform_ws/build/realsense2_camera -- -j8 -l8
[5.870s] Invoking command in '/home/student/sensor_platform_ws/build/realsense2_camera': AMENT_PREFIX_PATH=/home/student/sensor_platform_ws/install/realsense2_camera_msgs:${AMENT_PREFIX_PATH} CMAKE_PREFIX_PATH=/home/student/sensor_platform_ws/install/realsense2_camera_msgs:/opt/ros/humble LD_LIBRARY_PATH=/home/student/sensor_platform_ws/install/realsense2_camera_msgs/lib:${LD_LIBRARY_PATH} PYTHONPATH=/home/student/sensor_platform_ws/install/realsense2_camera_msgs/local/lib/python3.10/dist-packages:${PYTHONPATH} /usr/bin/cmake --install /home/student/sensor_platform_ws/build/realsense2_camera
[5.875s] -- Install configuration: "Release"
[5.875s] -- Execute custom install script
[5.875s] -- Up-to-date symlink: /home/student/sensor_platform_ws/install/realsense2_camera/share/realsense2_camera/config/global_settings.yaml
[5.876s] -- Up-to-date symlink: /home/student/sensor_platform_ws/install/realsense2_camera/lib/realsense2_camera/realsense2_camera_node
[5.876s] -- Up-to-date symlink: /home/student/sensor_platform_ws/install/realsense2_camera/lib/librealsense2_camera.so
[5.876s] -- Up-to-date symlink: /home/student/sensor_platform_ws/install/realsense2_camera/include/align_depth_filter.h
[5.876s] -- Up-to-date symlink: /home/student/sensor_platform_ws/install/realsense2_camera/include/base_realsense_node.h
[5.876s] -- Up-to-date symlink: /home/student/sensor_platform_ws/install/realsense2_camera/include/constants.h
[5.876s] -- Up-to-date symlink: /home/student/sensor_platform_ws/install/realsense2_camera/include/context_singleton_wrapper.h
[5.876s] -- Up-to-date symlink: /home/student/sensor_platform_ws/install/realsense2_camera/include/dynamic_params.h
[5.876s] -- Up-to-date symlink: /home/student/sensor_platform_ws/install/realsense2_camera/include/gl_window.h
[5.877s] -- Up-to-date symlink: /home/student/sensor_platform_ws/install/realsense2_camera/include/image_publisher.h
[5.877s] -- Up-to-date symlink: /home/student/sensor_platform_ws/install/realsense2_camera/include/named_filter.h
[5.877s] -- Up-to-date symlink: /home/student/sensor_platform_ws/install/realsense2_camera/include/pointcloud_filter.h
[5.877s] -- Up-to-date symlink: /home/student/sensor_platform_ws/install/realsense2_camera/include/profile_manager.h
[5.877s] -- Up-to-date symlink: /home/student/sensor_platform_ws/install/realsense2_camera/include/realsense_node_factory.h
[5.877s] -- Up-to-date symlink: /home/student/sensor_platform_ws/install/realsense2_camera/include/ros_node_base.h
[5.877s] -- Up-to-date symlink: /home/student/sensor_platform_ws/install/realsense2_camera/include/ros_param_backend.h
[5.877s] -- Up-to-date symlink: /home/student/sensor_platform_ws/install/realsense2_camera/include/ros_sensor.h
[5.877s] -- Up-to-date symlink: /home/student/sensor_platform_ws/install/realsense2_camera/include/ros_utils.h
[5.877s] -- Up-to-date symlink: /home/student/sensor_platform_ws/install/realsense2_camera/include/sensor_params.h
[5.877s] -- Up-to-date symlink: /home/student/sensor_platform_ws/install/realsense2_camera/share/realsense2_camera/launch/default.rviz
[5.877s] -- Up-to-date symlink: /home/student/sensor_platform_ws/install/realsense2_camera/share/realsense2_camera/launch/rs_intra_process_demo_launch.py
[5.877s] -- Up-to-date symlink: /home/student/sensor_platform_ws/install/realsense2_camera/share/realsense2_camera/launch/rs_launch.py
[5.877s] -- Up-to-date symlink: /home/student/sensor_platform_ws/install/realsense2_camera/share/realsense2_camera/launch/rs_multi_camera_launch.py
[5.878s] -- Up-to-date symlink: /home/student/sensor_platform_ws/install/realsense2_camera/share/realsense2_camera/launch/rs_multi_camera_launch_sync.py
[5.878s] -- Up-to-date symlink: /home/student/sensor_platform_ws/install/realsense2_camera/share/realsense2_camera/examples/align_depth/README.md
[5.878s] -- Up-to-date symlink: /home/student/sensor_platform_ws/install/realsense2_camera/share/realsense2_camera/examples/align_depth/rs_align_depth_launch.py
[5.878s] -- Up-to-date symlink: /home/student/sensor_platform_ws/install/realsense2_camera/share/realsense2_camera/examples/d500_tables/application_config_example.json
[5.878s] -- Up-to-date symlink: /home/student/sensor_platform_ws/install/realsense2_camera/share/realsense2_camera/examples/d500_tables/calib_config_example.json
[5.878s] -- Up-to-date symlink: /home/student/sensor_platform_ws/install/realsense2_camera/share/realsense2_camera/examples/d500_tables/safety_interface_config_example.json
[5.878s] -- Up-to-date symlink: /home/student/sensor_platform_ws/install/realsense2_camera/share/realsense2_camera/examples/d500_tables/safety_preset_example.json
[5.878s] -- Up-to-date symlink: /home/student/sensor_platform_ws/install/realsense2_camera/share/realsense2_camera/examples/dual_camera/README.md
[5.879s] -- Up-to-date symlink: /home/student/sensor_platform_ws/install/realsense2_camera/share/realsense2_camera/examples/dual_camera/rs_dual_camera_launch.py
[5.879s] -- Up-to-date symlink: /home/student/sensor_platform_ws/install/realsense2_camera/share/realsense2_camera/examples/dual_camera/rviz/dual_camera_pointcloud.rviz
[5.879s] -- Up-to-date symlink: /home/student/sensor_platform_ws/install/realsense2_camera/share/realsense2_camera/examples/launch_from_rosbag/README.md
[5.879s] -- Up-to-date symlink: /home/student/sensor_platform_ws/install/realsense2_camera/share/realsense2_camera/examples/launch_from_rosbag/rs_launch_from_rosbag.py
[5.879s] -- Up-to-date symlink: /home/student/sensor_platform_ws/install/realsense2_camera/share/realsense2_camera/examples/launch_params_from_file/README.md
[5.879s] -- Up-to-date symlink: /home/student/sensor_platform_ws/install/realsense2_camera/share/realsense2_camera/examples/launch_params_from_file/config/config.yaml
[5.879s] -- Up-to-date symlink: /home/student/sensor_platform_ws/install/realsense2_camera/share/realsense2_camera/examples/launch_params_from_file/rs_launch_get_params_from_yaml.py
[5.879s] -- Up-to-date symlink: /home/student/sensor_platform_ws/install/realsense2_camera/share/realsense2_camera/examples/pointcloud/README.md
[5.879s] -- Up-to-date symlink: /home/student/sensor_platform_ws/install/realsense2_camera/share/realsense2_camera/examples/pointcloud/rs_d405_pointcloud_launch.py
[5.879s] -- Up-to-date symlink: /home/student/sensor_platform_ws/install/realsense2_camera/share/realsense2_camera/examples/pointcloud/rs_d455_pointcloud_launch.py
[5.879s] -- Up-to-date symlink: /home/student/sensor_platform_ws/install/realsense2_camera/share/realsense2_camera/examples/pointcloud/rs_pointcloud_infra_launch.py
[5.879s] -- Up-to-date symlink: /home/student/sensor_platform_ws/install/realsense2_camera/share/realsense2_camera/examples/pointcloud/rs_pointcloud_launch.py
[5.879s] -- Up-to-date symlink: /home/student/sensor_platform_ws/install/realsense2_camera/share/realsense2_camera/examples/pointcloud/rviz/pointcloud.rviz
[5.880s] -- Up-to-date symlink: /home/student/sensor_platform_ws/install/realsense2_camera/share/realsense2_camera/examples/pointcloud/rviz/urdf_pointcloud.rviz
[5.880s] -- Up-to-date symlink: /home/student/sensor_platform_ws/install/realsense2_camera/share/realsense2_camera/environment/library_path.sh
[5.880s] -- Up-to-date symlink: /home/student/sensor_platform_ws/install/realsense2_camera/share/realsense2_camera/environment/library_path.dsv
[5.880s] -- Up-to-date symlink: /home/student/sensor_platform_ws/install/realsense2_camera/share/ament_index/resource_index/package_run_dependencies/realsense2_camera
[5.880s] -- Up-to-date symlink: /home/student/sensor_platform_ws/install/realsense2_camera/share/ament_index/resource_index/parent_prefix_path/realsense2_camera
[5.880s] -- Up-to-date symlink: /home/student/sensor_platform_ws/install/realsense2_camera/share/realsense2_camera/environment/ament_prefix_path.sh
[5.880s] -- Up-to-date symlink: /home/student/sensor_platform_ws/install/realsense2_camera/share/realsense2_camera/environment/ament_prefix_path.dsv
[5.880s] -- Up-to-date symlink: /home/student/sensor_platform_ws/install/realsense2_camera/share/realsense2_camera/environment/path.sh
[5.881s] -- Up-to-date symlink: /home/student/sensor_platform_ws/install/realsense2_camera/share/realsense2_camera/environment/path.dsv
[5.881s] -- Up-to-date symlink: /home/student/sensor_platform_ws/install/realsense2_camera/share/realsense2_camera/local_setup.bash
[5.881s] -- Up-to-date symlink: /home/student/sensor_platform_ws/install/realsense2_camera/share/realsense2_camera/local_setup.sh
[5.881s] -- Up-to-date symlink: /home/student/sensor_platform_ws/install/realsense2_camera/share/realsense2_camera/local_setup.zsh
[5.881s] -- Up-to-date symlink: /home/student/sensor_platform_ws/install/realsense2_camera/share/realsense2_camera/local_setup.dsv
[5.881s] -- Symlinking: /home/student/sensor_platform_ws/install/realsense2_camera/share/realsense2_camera/package.dsv
[5.887s] -- Up-to-date symlink: /home/student/sensor_platform_ws/install/realsense2_camera/share/ament_index/resource_index/packages/realsense2_camera
[5.887s] -- Up-to-date symlink: /home/student/sensor_platform_ws/install/realsense2_camera/share/ament_index/resource_index/rclcpp_components/realsense2_camera
[5.887s] -- Up-to-date symlink: /home/student/sensor_platform_ws/install/realsense2_camera/share/realsense2_camera/cmake/ament_cmake_export_include_directories-extras.cmake
[5.887s] -- Up-to-date symlink: /home/student/sensor_platform_ws/install/realsense2_camera/share/realsense2_camera/cmake/ament_cmake_export_libraries-extras.cmake
[5.888s] -- Up-to-date symlink: /home/student/sensor_platform_ws/install/realsense2_camera/share/realsense2_camera/cmake/ament_cmake_export_dependencies-extras.cmake
[5.888s] -- Up-to-date symlink: /home/student/sensor_platform_ws/install/realsense2_camera/share/realsense2_camera/cmake/realsense2_cameraConfig.cmake
[5.888s] -- Up-to-date symlink: /home/student/sensor_platform_ws/install/realsense2_camera/share/realsense2_camera/cmake/realsense2_cameraConfig-version.cmake
[5.888s] -- Up-to-date symlink: /home/student/sensor_platform_ws/install/realsense2_camera/share/realsense2_camera/package.xml
[5.889s] Invoked command in '/home/student/sensor_platform_ws/build/realsense2_camera' returned '0': AMENT_PREFIX_PATH=/home/student/sensor_platform_ws/install/realsense2_camera_msgs:${AMENT_PREFIX_PATH} CMAKE_PREFIX_PATH=/home/student/sensor_platform_ws/install/realsense2_camera_msgs:/opt/ros/humble LD_LIBRARY_PATH=/home/student/sensor_platform_ws/install/realsense2_camera_msgs/lib:${LD_LIBRARY_PATH} PYTHONPATH=/home/student/sensor_platform_ws/install/realsense2_camera_msgs/local/lib/python3.10/dist-packages:${PYTHONPATH} /usr/bin/cmake --install /home/student/sensor_platform_ws/build/realsense2_camera
