[0.324s] Invoking command in '/home/student/sensor_platform_ws/build/uavcan_bridge': CMAKE_PREFIX_PATH=/opt/ros/humble /usr/bin/cmake --build /home/student/sensor_platform_ws/build/uavcan_bridge -- -j8 -l8
[0.914s] [ 40%] Built target dronecan_bridge_node
[0.939s] [100%] Built target dronecan_bridge_component
[0.988s] Invoked command in '/home/student/sensor_platform_ws/build/uavcan_bridge' returned '0': CMAKE_PREFIX_PATH=/opt/ros/humble /usr/bin/cmake --build /home/student/sensor_platform_ws/build/uavcan_bridge -- -j8 -l8
[1.030s] Invoking command in '/home/student/sensor_platform_ws/build/uavcan_bridge': CMAKE_PREFIX_PATH=/opt/ros/humble /usr/bin/cmake --install /home/student/sensor_platform_ws/build/uavcan_bridge
[2.016s] -- Install configuration: ""
[2.016s] -- Execute custom install script
[2.016s] -- Up-to-date symlink: /home/student/sensor_platform_ws/install/uavcan_bridge/lib/uavcan_bridge/dronecan_bridge_node
[2.017s] -- Up-to-date symlink: /home/student/sensor_platform_ws/install/uavcan_bridge/lib/libdronecan_bridge_component.so
[2.017s] -- Up-to-date symlink: /home/student/sensor_platform_ws/install/uavcan_bridge/share/ament_index/resource_index/package_run_dependencies/uavcan_bridge
[2.017s] -- Up-to-date symlink: /home/student/sensor_platform_ws/install/uavcan_bridge/share/ament_index/resource_index/parent_prefix_path/uavcan_bridge
[2.018s] -- Up-to-date symlink: /home/student/sensor_platform_ws/install/uavcan_bridge/share/uavcan_bridge/environment/ament_prefix_path.sh
[2.018s] -- Up-to-date symlink: /home/student/sensor_platform_ws/install/uavcan_bridge/share/uavcan_bridge/environment/ament_prefix_path.dsv
[2.018s] -- Up-to-date symlink: /home/student/sensor_platform_ws/install/uavcan_bridge/share/uavcan_bridge/environment/path.sh
[2.019s] -- Up-to-date symlink: /home/student/sensor_platform_ws/install/uavcan_bridge/share/uavcan_bridge/environment/path.dsv
[2.019s] -- Up-to-date symlink: /home/student/sensor_platform_ws/install/uavcan_bridge/share/uavcan_bridge/local_setup.bash
[2.020s] -- Up-to-date symlink: /home/student/sensor_platform_ws/install/uavcan_bridge/share/uavcan_bridge/local_setup.sh
[2.020s] -- Up-to-date symlink: /home/student/sensor_platform_ws/install/uavcan_bridge/share/uavcan_bridge/local_setup.zsh
[2.020s] -- Up-to-date symlink: /home/student/sensor_platform_ws/install/uavcan_bridge/share/uavcan_bridge/local_setup.dsv
[2.021s] -- Symlinking: /home/student/sensor_platform_ws/install/uavcan_bridge/share/uavcan_bridge/package.dsv
[2.021s] -- Up-to-date symlink: /home/student/sensor_platform_ws/install/uavcan_bridge/share/ament_index/resource_index/packages/uavcan_bridge
[2.021s] -- Up-to-date symlink: /home/student/sensor_platform_ws/install/uavcan_bridge/share/ament_index/resource_index/rclcpp_components/uavcan_bridge
[2.022s] -- Up-to-date symlink: /home/student/sensor_platform_ws/install/uavcan_bridge/share/uavcan_bridge/cmake/ament_cmake_export_dependencies-extras.cmake
[2.022s] -- Up-to-date symlink: /home/student/sensor_platform_ws/install/uavcan_bridge/share/uavcan_bridge/cmake/uavcan_bridgeConfig.cmake
[2.022s] -- Up-to-date symlink: /home/student/sensor_platform_ws/install/uavcan_bridge/share/uavcan_bridge/cmake/uavcan_bridgeConfig-version.cmake
[2.022s] -- Up-to-date symlink: /home/student/sensor_platform_ws/install/uavcan_bridge/share/uavcan_bridge/package.xml
[2.088s] Invoked command in '/home/student/sensor_platform_ws/build/uavcan_bridge' returned '0': CMAKE_PREFIX_PATH=/opt/ros/humble /usr/bin/cmake --install /home/student/sensor_platform_ws/build/uavcan_bridge
