[0.102s] Invoking command in '/home/student/sensor_platform_ws/build/platform_description': CMAKE_PREFIX_PATH=/opt/ros/humble /usr/bin/cmake --build /home/student/sensor_platform_ws/build/platform_description -- -j8 -l8
[0.819s] Invoked command in '/home/student/sensor_platform_ws/build/platform_description' returned '0': CMAKE_PREFIX_PATH=/opt/ros/humble /usr/bin/cmake --build /home/student/sensor_platform_ws/build/platform_description -- -j8 -l8
[0.850s] Invoking command in '/home/student/sensor_platform_ws/build/platform_description': CMAKE_PREFIX_PATH=/opt/ros/humble /usr/bin/cmake --install /home/student/sensor_platform_ws/build/platform_description
[0.883s] -- Install configuration: ""
[0.884s] -- Execute custom install script
[0.944s] -- Up-to-date symlink: /home/student/sensor_platform_ws/install/platform_description/share/platform_description/urdf/sensor_platform.urdf.xacro
[0.946s] -- Up-to-date symlink: /home/student/sensor_platform_ws/install/platform_description/share/platform_description/launch/display.launch.py
[1.001s] -- Up-to-date symlink: /home/student/sensor_platform_ws/install/platform_description/share/ament_index/resource_index/package_run_dependencies/platform_description
[1.003s] -- Up-to-date symlink: /home/student/sensor_platform_ws/install/platform_description/share/ament_index/resource_index/parent_prefix_path/platform_description
[1.015s] -- Up-to-date symlink: /home/student/sensor_platform_ws/install/platform_description/share/platform_description/environment/ament_prefix_path.sh
[1.015s] -- Up-to-date symlink: /home/student/sensor_platform_ws/install/platform_description/share/platform_description/environment/ament_prefix_path.dsv
[1.017s] -- Up-to-date symlink: /home/student/sensor_platform_ws/install/platform_description/share/platform_description/environment/path.sh
[1.025s] -- Up-to-date symlink: /home/student/sensor_platform_ws/install/platform_description/share/platform_description/environment/path.dsv
[1.026s] -- Up-to-date symlink: /home/student/sensor_platform_ws/install/platform_description/share/platform_description/local_setup.bash
[1.027s] -- Up-to-date symlink: /home/student/sensor_platform_ws/install/platform_description/share/platform_description/local_setup.sh
[1.028s] -- Up-to-date symlink: /home/student/sensor_platform_ws/install/platform_description/share/platform_description/local_setup.zsh
[1.028s] -- Up-to-date symlink: /home/student/sensor_platform_ws/install/platform_description/share/platform_description/local_setup.dsv
[1.029s] -- Symlinking: /home/student/sensor_platform_ws/install/platform_description/share/platform_description/package.dsv
[1.042s] -- Up-to-date symlink: /home/student/sensor_platform_ws/install/platform_description/share/ament_index/resource_index/packages/platform_description
[1.074s] -- Up-to-date symlink: /home/student/sensor_platform_ws/install/platform_description/share/platform_description/cmake/platform_descriptionConfig.cmake
[1.075s] -- Up-to-date symlink: /home/student/sensor_platform_ws/install/platform_description/share/platform_description/cmake/platform_descriptionConfig-version.cmake
[1.077s] -- Up-to-date symlink: /home/student/sensor_platform_ws/install/platform_description/share/platform_description/package.xml
[1.452s] Invoked command in '/home/student/sensor_platform_ws/build/platform_description' returned '0': CMAKE_PREFIX_PATH=/opt/ros/humble /usr/bin/cmake --install /home/student/sensor_platform_ws/build/platform_description
