[0.022s] Invoking command in '/home/student/sensor_platform_ws/build/platform_interfaces': CMAKE_PREFIX_PATH=${CMAKE_PREFIX_PATH}:/opt/ros/humble /usr/bin/cmake --build /home/student/sensor_platform_ws/build/platform_interfaces -- -j8 -l8
[0.107s] Invoked command in '/home/student/sensor_platform_ws/build/platform_interfaces' returned '0': CMAKE_PREFIX_PATH=${CMAKE_PREFIX_PATH}:/opt/ros/humble /usr/bin/cmake --build /home/student/sensor_platform_ws/build/platform_interfaces -- -j8 -l8
[0.109s] Invoking command in '/home/student/sensor_platform_ws/build/platform_interfaces': CMAKE_PREFIX_PATH=${CMAKE_PREFIX_PATH}:/opt/ros/humble /usr/bin/cmake --install /home/student/sensor_platform_ws/build/platform_interfaces
[0.185s] -- Install configuration: "Release"
[0.209s] -- Execute custom install script
[0.209s] -- Up-to-date symlink: /home/student/sensor_platform_ws/install/platform_interfaces/share/ament_index/resource_index/package_run_dependencies/platform_interfaces
[0.209s] -- Up-to-date symlink: /home/student/sensor_platform_ws/install/platform_interfaces/share/ament_index/resource_index/parent_prefix_path/platform_interfaces
[0.209s] -- Up-to-date symlink: /home/student/sensor_platform_ws/install/platform_interfaces/share/platform_interfaces/environment/ament_prefix_path.sh
[0.210s] -- Up-to-date symlink: /home/student/sensor_platform_ws/install/platform_interfaces/share/platform_interfaces/environment/ament_prefix_path.dsv
[0.210s] -- Up-to-date symlink: /home/student/sensor_platform_ws/install/platform_interfaces/share/platform_interfaces/environment/path.sh
[0.210s] -- Up-to-date symlink: /home/student/sensor_platform_ws/install/platform_interfaces/share/platform_interfaces/environment/path.dsv
[0.210s] -- Up-to-date symlink: /home/student/sensor_platform_ws/install/platform_interfaces/share/platform_interfaces/local_setup.bash
[0.210s] -- Up-to-date symlink: /home/student/sensor_platform_ws/install/platform_interfaces/share/platform_interfaces/local_setup.sh
[0.210s] -- Up-to-date symlink: /home/student/sensor_platform_ws/install/platform_interfaces/share/platform_interfaces/local_setup.zsh
[0.210s] -- Up-to-date symlink: /home/student/sensor_platform_ws/install/platform_interfaces/share/platform_interfaces/local_setup.dsv
[0.210s] -- Symlinking: /home/student/sensor_platform_ws/install/platform_interfaces/share/platform_interfaces/package.dsv
[0.218s] -- Up-to-date symlink: /home/student/sensor_platform_ws/install/platform_interfaces/share/ament_index/resource_index/packages/platform_interfaces
[0.218s] -- Up-to-date symlink: /home/student/sensor_platform_ws/install/platform_interfaces/share/platform_interfaces/cmake/platform_interfacesConfig.cmake
[0.218s] -- Up-to-date symlink: /home/student/sensor_platform_ws/install/platform_interfaces/share/platform_interfaces/cmake/platform_interfacesConfig-version.cmake
[0.218s] -- Up-to-date symlink: /home/student/sensor_platform_ws/install/platform_interfaces/share/platform_interfaces/package.xml
[0.221s] Invoked command in '/home/student/sensor_platform_ws/build/platform_interfaces' returned '0': CMAKE_PREFIX_PATH=${CMAKE_PREFIX_PATH}:/opt/ros/humble /usr/bin/cmake --install /home/student/sensor_platform_ws/build/platform_interfaces
