-- Found ament_cmake: 1.3.14 (/opt/ros/humble/share/ament_cmake/cmake)
-- Override CMake install command with custom implementation using symlinks instead of copying resources
-- Found rclcpp: 16.0.19 (/opt/ros/humble/share/rclcpp/cmake)
-- Found rosidl_generator_c: 3.1.8 (/opt/ros/humble/share/rosidl_generator_c/cmake)
-- Found rosidl_adapter: 3.1.8 (/opt/ros/humble/share/rosidl_adapter/cmake)
-- Found rosidl_generator_cpp: 3.1.8 (/opt/ros/humble/share/rosidl_generator_cpp/cmake)
-- Using all available rosidl_typesupport_c: rosidl_typesupport_fastrtps_c;rosidl_typesupport_introspection_c
-- Using all available rosidl_typesupport_cpp: rosidl_typesupport_fastrtps_cpp;rosidl_typesupport_introspection_cpp
-- Found rmw_implementation_cmake: 6.1.2 (/opt/ros/humble/share/rmw_implementation_cmake/cmake)
-- Found rmw_fastrtps_cpp: 6.2.10 (/opt/ros/humble/share/rmw_fastrtps_cpp/cmake)
-- Using RMW implementation 'rmw_fastrtps_cpp' as default
-- Found rclcpp_components: 16.0.19 (/opt/ros/humble/share/rclcpp_components/cmake)
-- Found geometry_msgs: 4.9.1 (/opt/ros/humble/share/geometry_msgs/cmake)
-- Found sensor_msgs: 4.9.1 (/opt/ros/humble/share/sensor_msgs/cmake)
-- Found ament_lint_auto: 0.12.15 (/opt/ros/humble/share/ament_lint_auto/cmake)
-- Added test 'cppcheck' to perform static code analysis on C / C++ code
-- Configured cppcheck include dirs: /home/student/sensor_platform_ws/src/hardware/uavcan_bridge/include/libcanard
-- Configured cppcheck exclude dirs and/or files: 
-- Added test 'flake8' to check Python code syntax and style conventions
-- Added test 'lint_cmake' to check CMake code style
-- Added test 'pep257' to check Python code against some of the docstring style conventions in PEP 257
-- Added test 'uncrustify' to check C / C++ code style
-- Configured uncrustify additional arguments: 
-- Added test 'xmllint' to check XML markup files
-- Configuring done
-- Generating done
-- Build files have been written to: /home/student/sensor_platform_ws/build/uavcan_bridge
[35m[1mConsolidate compiler generated dependencies of target dronecan_bridge_node[0m
[35m[1mConsolidate compiler generated dependencies of target dronecan_bridge_component[0m
[ 80%] [32mBuilding CXX object CMakeFiles/dronecan_bridge_component.dir/src/dronecan_bridge_component.cpp.o[0m
[ 80%] [32mBuilding C object CMakeFiles/dronecan_bridge_component.dir/include/libcanard/canard.c.o[0m
[ 80%] Built target dronecan_bridge_node
In file included from [01m[K/home/student/sensor_platform_ws/src/hardware/uavcan_bridge/src/dronecan_bridge_component.cpp:19[m[K:
[01m[K/home/student/sensor_platform_ws/src/hardware/uavcan_bridge/include/libcanard/canard.h:332:13:[m[K [01;35m[Kwarning: [m[KISO C++ forbids flexible array member ‘[01m[Kdata[m[K’ [[01;35m[K]8;;https://gcc.gnu.org/onlinedocs/gcc/Warning-Options.html#index-Wpedantic-Wpedantic]8;;[m[K]
  332 |     uint8_t [01;35m[Kdata[m[K[];
      |             [01;35m[K^~~~[m[K
[01m[K/home/student/sensor_platform_ws/src/hardware/uavcan_bridge/include/libcanard/canard.h:369:13:[m[K [01;35m[Kwarning: [m[KISO C++ forbids flexible array member ‘[01m[Kbuffer_head[m[K’ [[01;35m[K]8;;https://gcc.gnu.org/onlinedocs/gcc/Warning-Options.html#index-Wpedantic-Wpedantic]8;;[m[K]
  369 |     uint8_t [01;35m[Kbuffer_head[m[K[];
      |             [01;35m[K^~~~~~~~~~~[m[K
[01m[K/home/student/sensor_platform_ws/src/hardware/uavcan_bridge/src/dronecan_bridge_component.cpp:[m[K In function ‘[01m[Kbool uavcan_bridge::shouldAcceptTransfer(const CanardInstance*, uint64_t*, uint16_t, CanardTransferType, uint8_t)[m[K’:
[01m[K/home/student/sensor_platform_ws/src/hardware/uavcan_bridge/src/dronecan_bridge_component.cpp:99:45:[m[K [01;31m[Kerror: [m[Kunable to find numeric literal operator ‘[01m[Koperator""xYOUR_FLOW_SIG_ULL[m[K’
   99 |     if (id == ID_OPTICAL_FLOW) { *out_sig = [01;31m[K0xYOUR_FLOW_SIG_ULL[m[K; return true; } // Ta signature récupérée
      |                                             [01;31m[K^~~~~~~~~~~~~~~~~~~[m[K
gmake[2]: *** [CMakeFiles/dronecan_bridge_component.dir/build.make:76: CMakeFiles/dronecan_bridge_component.dir/src/dronecan_bridge_component.cpp.o] Error 1
gmake[1]: *** [CMakeFiles/Makefile2:139: CMakeFiles/dronecan_bridge_component.dir/all] Error 2
gmake: *** [Makefile:146: all] Error 2
