[0.007s] Invoking command in '/home/student/sensor_platform_ws/build/uavcan_bridge': CMAKE_PREFIX_PATH=/opt/ros/humble PS1=(dronecan_env) \[\e]0;\u@\h: \w\a\]${debian_chroot:+($debian_chroot)}\[\033[01;32m\]\u@\h\[\033[00m\]:\[\033[01;34m\]\w\[\033[00m\]\$ VIRTUAL_ENV_PROMPT=(dronecan_env) /usr/bin/cmake --build /home/student/sensor_platform_ws/build/uavcan_bridge -- -j8 -l8
[0.024s] -- Found ament_cmake: 1.3.14 (/opt/ros/humble/share/ament_cmake/cmake)
[0.109s] -- Override CMake install command with custom implementation using symlinks instead of copying resources
[0.114s] -- Found rclcpp: 16.0.19 (/opt/ros/humble/share/rclcpp/cmake)
[0.134s] -- Found rosidl_generator_c: 3.1.8 (/opt/ros/humble/share/rosidl_generator_c/cmake)
[0.136s] -- Found rosidl_adapter: 3.1.8 (/opt/ros/humble/share/rosidl_adapter/cmake)
[0.141s] -- Found rosidl_generator_cpp: 3.1.8 (/opt/ros/humble/share/rosidl_generator_cpp/cmake)
[0.148s] -- Using all available rosidl_typesupport_c: rosidl_typesupport_fastrtps_c;rosidl_typesupport_introspection_c
[0.157s] -- Using all available rosidl_typesupport_cpp: rosidl_typesupport_fastrtps_cpp;rosidl_typesupport_introspection_cpp
[0.181s] -- Found rmw_implementation_cmake: 6.1.2 (/opt/ros/humble/share/rmw_implementation_cmake/cmake)
[0.182s] -- Found rmw_fastrtps_cpp: 6.2.10 (/opt/ros/humble/share/rmw_fastrtps_cpp/cmake)
[0.248s] -- Using RMW implementation 'rmw_fastrtps_cpp' as default
[0.286s] -- Found rclcpp_components: 16.0.19 (/opt/ros/humble/share/rclcpp_components/cmake)
[0.300s] -- Found geometry_msgs: 4.9.1 (/opt/ros/humble/share/geometry_msgs/cmake)
[0.310s] -- Found sensor_msgs: 4.9.1 (/opt/ros/humble/share/sensor_msgs/cmake)
[0.323s] -- Found ament_lint_auto: 0.12.15 (/opt/ros/humble/share/ament_lint_auto/cmake)
[0.378s] -- Added test 'cppcheck' to perform static code analysis on C / C++ code
[0.378s] -- Configured cppcheck include dirs: /home/student/sensor_platform_ws/src/hardware/uavcan_bridge/include/libcanard
[0.378s] -- Configured cppcheck exclude dirs and/or files: 
[0.379s] -- Added test 'flake8' to check Python code syntax and style conventions
[0.380s] -- Added test 'lint_cmake' to check CMake code style
[0.380s] -- Added test 'pep257' to check Python code against some of the docstring style conventions in PEP 257
[0.384s] -- Added test 'uncrustify' to check C / C++ code style
[0.385s] -- Configured uncrustify additional arguments: 
[0.385s] -- Added test 'xmllint' to check XML markup files
[0.386s] -- Configuring done
[0.396s] -- Generating done
[0.400s] -- Build files have been written to: /home/student/sensor_platform_ws/build/uavcan_bridge
[0.417s] [35m[1mConsolidate compiler generated dependencies of target dronecan_bridge_node[0m
[0.417s] [35m[1mConsolidate compiler generated dependencies of target dronecan_bridge_component[0m
[0.428s] [ 80%] [32mBuilding CXX object CMakeFiles/dronecan_bridge_component.dir/src/dronecan_bridge_component.cpp.o[0m
[0.428s] [ 80%] [32mBuilding C object CMakeFiles/dronecan_bridge_component.dir/include/libcanard/canard.c.o[0m
[0.428s] [ 80%] Built target dronecan_bridge_node
[2.140s] In file included from [01m[K/home/student/sensor_platform_ws/src/hardware/uavcan_bridge/src/dronecan_bridge_component.cpp:19[m[K:
[2.140s] [01m[K/home/student/sensor_platform_ws/src/hardware/uavcan_bridge/include/libcanard/canard.h:332:13:[m[K [01;35m[Kwarning: [m[KISO C++ forbids flexible array member ‘[01m[Kdata[m[K’ [[01;35m[K]8;;https://gcc.gnu.org/onlinedocs/gcc/Warning-Options.html#index-Wpedantic-Wpedantic]8;;[m[K]
[2.140s]   332 |     uint8_t [01;35m[Kdata[m[K[];
[2.140s]       |             [01;35m[K^~~~[m[K
[2.140s] [01m[K/home/student/sensor_platform_ws/src/hardware/uavcan_bridge/include/libcanard/canard.h:369:13:[m[K [01;35m[Kwarning: [m[KISO C++ forbids flexible array member ‘[01m[Kbuffer_head[m[K’ [[01;35m[K]8;;https://gcc.gnu.org/onlinedocs/gcc/Warning-Options.html#index-Wpedantic-Wpedantic]8;;[m[K]
[2.140s]   369 |     uint8_t [01;35m[Kbuffer_head[m[K[];
[2.140s]       |             [01;35m[K^~~~~~~~~~~[m[K
[2.157s] [01m[K/home/student/sensor_platform_ws/src/hardware/uavcan_bridge/src/dronecan_bridge_component.cpp:[m[K In function ‘[01m[Kbool uavcan_bridge::shouldAcceptTransfer(const CanardInstance*, uint64_t*, uint16_t, CanardTransferType, uint8_t)[m[K’:
[2.157s] [01m[K/home/student/sensor_platform_ws/src/hardware/uavcan_bridge/src/dronecan_bridge_component.cpp:99:45:[m[K [01;31m[Kerror: [m[Kunable to find numeric literal operator ‘[01m[Koperator""xYOUR_FLOW_SIG_ULL[m[K’
[2.157s]    99 |     if (id == ID_OPTICAL_FLOW) { *out_sig = [01;31m[K0xYOUR_FLOW_SIG_ULL[m[K; return true; } // Ta signature récupérée
[2.157s]       |                                             [01;31m[K^~~~~~~~~~~~~~~~~~~[m[K
[2.932s] gmake[2]: *** [CMakeFiles/dronecan_bridge_component.dir/build.make:76: CMakeFiles/dronecan_bridge_component.dir/src/dronecan_bridge_component.cpp.o] Error 1
[2.932s] gmake[1]: *** [CMakeFiles/Makefile2:139: CMakeFiles/dronecan_bridge_component.dir/all] Error 2
[2.932s] gmake: *** [Makefile:146: all] Error 2
[2.934s] Invoked command in '/home/student/sensor_platform_ws/build/uavcan_bridge' returned '2': CMAKE_PREFIX_PATH=/opt/ros/humble PS1=(dronecan_env) \[\e]0;\u@\h: \w\a\]${debian_chroot:+($debian_chroot)}\[\033[01;32m\]\u@\h\[\033[00m\]:\[\033[01;34m\]\w\[\033[00m\]\$ VIRTUAL_ENV_PROMPT=(dronecan_env) /usr/bin/cmake --build /home/student/sensor_platform_ws/build/uavcan_bridge -- -j8 -l8
