[0.018s] Invoking command in '/home/student/sensor_platform_ws/build/olive_networking': CMAKE_PREFIX_PATH=/opt/ros/humble /usr/bin/cmake /home/student/sensor_platform_ws/src/olive_networking -DAMENT_CMAKE_SYMLINK_INSTALL=1 -DCMAKE_INSTALL_PREFIX=/home/student/sensor_platform_ws/install/olive_networking
[0.079s] -- The C compiler identification is GNU 11.4.0
[0.127s] -- The CXX compiler identification is GNU 11.4.0
[0.133s] -- Detecting C compiler ABI info
[0.197s] -- Detecting C compiler ABI info - done
[0.204s] -- Check for working C compiler: /usr/bin/cc - skipped
[0.205s] -- Detecting C compile features
[0.205s] -- Detecting C compile features - done
[0.207s] -- Detecting CXX compiler ABI info
[0.289s] -- Detecting CXX compiler ABI info - done
[0.298s] -- Check for working CXX compiler: /usr/bin/c++ - skipped
[0.298s] -- Detecting CXX compile features
[0.299s] -- Detecting CXX compile features - done
[0.300s] -- Found ament_cmake: 1.3.14 (/opt/ros/humble/share/ament_cmake/cmake)
[0.449s] -- Found Python3: /usr/bin/python3 (found version "3.10.12") found components: Interpreter 
[0.517s] -- Override CMake install command with custom implementation using symlinks instead of copying resources
[0.536s] -- Found ament_lint_auto: 0.12.15 (/opt/ros/humble/share/ament_lint_auto/cmake)
[0.596s] -- Added test 'flake8' to check Python code syntax and style conventions
[0.596s] -- Added test 'lint_cmake' to check CMake code style
[0.597s] -- Added test 'pep257' to check Python code against some of the docstring style conventions in PEP 257
[0.598s] -- Added test 'xmllint' to check XML markup files
[0.599s] -- Configuring done
[0.601s] -- Generating done
[0.604s] -- Build files have been written to: /home/student/sensor_platform_ws/build/olive_networking
[0.607s] Invoked command in '/home/student/sensor_platform_ws/build/olive_networking' returned '0': CMAKE_PREFIX_PATH=/opt/ros/humble /usr/bin/cmake /home/student/sensor_platform_ws/src/olive_networking -DAMENT_CMAKE_SYMLINK_INSTALL=1 -DCMAKE_INSTALL_PREFIX=/home/student/sensor_platform_ws/install/olive_networking
[0.608s] Invoking command in '/home/student/sensor_platform_ws/build/olive_networking': CMAKE_PREFIX_PATH=/opt/ros/humble /usr/bin/cmake --build /home/student/sensor_platform_ws/build/olive_networking -- -j8 -l8
[0.683s] Invoked command in '/home/student/sensor_platform_ws/build/olive_networking' returned '0': CMAKE_PREFIX_PATH=/opt/ros/humble /usr/bin/cmake --build /home/student/sensor_platform_ws/build/olive_networking -- -j8 -l8
[0.690s] Invoking command in '/home/student/sensor_platform_ws/build/olive_networking': CMAKE_PREFIX_PATH=/opt/ros/humble /usr/bin/cmake --install /home/student/sensor_platform_ws/build/olive_networking
[0.721s] -- Install configuration: ""
[0.721s] -- Execute custom install script
[0.721s] -- Symlinking: /home/student/sensor_platform_ws/install/olive_networking/share/olive_networking/udev/99-olive-networking.rules
[0.721s] -- Symlinking: /home/student/sensor_platform_ws/install/olive_networking/lib/olive_networking/scripts/olive_network_configuration.sh
[0.721s] -- Symlinking: /home/student/sensor_platform_ws/install/olive_networking/lib/olive_networking/scripts/setup_imu_namespace.sh
[0.721s] -- Symlinking: /home/student/sensor_platform_ws/install/olive_networking/lib/olive_networking/scripts/imu_relay.py
[0.728s] -- Symlinking: /home/student/sensor_platform_ws/install/olive_networking/share/olive_networking/config/fastdds_profiles.xml
[0.736s] -- Symlinking: /home/student/sensor_platform_ws/install/olive_networking/share/ament_index/resource_index/package_run_dependencies/olive_networking
[0.751s] -- Symlinking: /home/student/sensor_platform_ws/install/olive_networking/share/ament_index/resource_index/parent_prefix_path/olive_networking
[0.758s] -- Symlinking: /home/student/sensor_platform_ws/install/olive_networking/share/olive_networking/environment/ament_prefix_path.sh
[0.766s] -- Symlinking: /home/student/sensor_platform_ws/install/olive_networking/share/olive_networking/environment/ament_prefix_path.dsv
[0.773s] -- Symlinking: /home/student/sensor_platform_ws/install/olive_networking/share/olive_networking/environment/path.sh
[0.782s] -- Symlinking: /home/student/sensor_platform_ws/install/olive_networking/share/olive_networking/environment/path.dsv
[0.789s] -- Symlinking: /home/student/sensor_platform_ws/install/olive_networking/share/olive_networking/local_setup.bash
[0.799s] -- Symlinking: /home/student/sensor_platform_ws/install/olive_networking/share/olive_networking/local_setup.sh
[0.808s] -- Symlinking: /home/student/sensor_platform_ws/install/olive_networking/share/olive_networking/local_setup.zsh
[0.814s] -- Symlinking: /home/student/sensor_platform_ws/install/olive_networking/share/olive_networking/local_setup.dsv
[0.821s] -- Symlinking: /home/student/sensor_platform_ws/install/olive_networking/share/olive_networking/package.dsv
[0.828s] -- Symlinking: /home/student/sensor_platform_ws/install/olive_networking/share/ament_index/resource_index/packages/olive_networking
[0.834s] -- Symlinking: /home/student/sensor_platform_ws/install/olive_networking/share/olive_networking/cmake/olive_networkingConfig.cmake
[0.839s] -- Symlinking: /home/student/sensor_platform_ws/install/olive_networking/share/olive_networking/cmake/olive_networkingConfig-version.cmake
[0.846s] -- Symlinking: /home/student/sensor_platform_ws/install/olive_networking/share/olive_networking/package.xml
[0.854s] Invoked command in '/home/student/sensor_platform_ws/build/olive_networking' returned '0': CMAKE_PREFIX_PATH=/opt/ros/humble /usr/bin/cmake --install /home/student/sensor_platform_ws/build/olive_networking
