[0.015s] Invoking command in '/home/student/sensor_platform_ws/build/platform_description': CMAKE_PREFIX_PATH=/opt/ros/humble /usr/bin/cmake --build /home/student/sensor_platform_ws/build/platform_description -- -j8 -l8
[0.059s] Invoked command in '/home/student/sensor_platform_ws/build/platform_description' returned '0': CMAKE_PREFIX_PATH=/opt/ros/humble /usr/bin/cmake --build /home/student/sensor_platform_ws/build/platform_description -- -j8 -l8
[0.060s] Invoking command in '/home/student/sensor_platform_ws/build/platform_description': CMAKE_PREFIX_PATH=/opt/ros/humble /usr/bin/cmake --install /home/student/sensor_platform_ws/build/platform_description
[0.064s] -- Install configuration: ""
[0.064s] -- Execute custom install script
[0.064s] -- Up-to-date symlink: /home/student/sensor_platform_ws/install/platform_description/share/platform_description/urdf/sensor_platform.urdf.xacro
[0.064s] -- Up-to-date symlink: /home/student/sensor_platform_ws/install/platform_description/share/platform_description/launch/display.launch.py
[0.064s] -- Up-to-date symlink: /home/student/sensor_platform_ws/install/platform_description/share/ament_index/resource_index/package_run_dependencies/platform_description
[0.064s] -- Up-to-date symlink: /home/student/sensor_platform_ws/install/platform_description/share/ament_index/resource_index/parent_prefix_path/platform_description
[0.064s] -- Up-to-date symlink: /home/student/sensor_platform_ws/install/platform_description/share/platform_description/environment/ament_prefix_path.sh
[0.064s] -- Up-to-date symlink: /home/student/sensor_platform_ws/install/platform_description/share/platform_description/environment/ament_prefix_path.dsv
[0.065s] -- Up-to-date symlink: /home/student/sensor_platform_ws/install/platform_description/share/platform_description/environment/path.sh
[0.065s] -- Up-to-date symlink: /home/student/sensor_platform_ws/install/platform_description/share/platform_description/environment/path.dsv
[0.065s] -- Up-to-date symlink: /home/student/sensor_platform_ws/install/platform_description/share/platform_description/local_setup.bash
[0.065s] -- Up-to-date symlink: /home/student/sensor_platform_ws/install/platform_description/share/platform_description/local_setup.sh
[0.065s] -- Up-to-date symlink: /home/student/sensor_platform_ws/install/platform_description/share/platform_description/local_setup.zsh
[0.065s] -- Up-to-date symlink: /home/student/sensor_platform_ws/install/platform_description/share/platform_description/local_setup.dsv
[0.065s] -- Symlinking: /home/student/sensor_platform_ws/install/platform_description/share/platform_description/package.dsv
[0.068s] -- Up-to-date symlink: /home/student/sensor_platform_ws/install/platform_description/share/ament_index/resource_index/packages/platform_description
[0.068s] -- Up-to-date symlink: /home/student/sensor_platform_ws/install/platform_description/share/platform_description/cmake/platform_descriptionConfig.cmake
[0.068s] -- Up-to-date symlink: /home/student/sensor_platform_ws/install/platform_description/share/platform_description/cmake/platform_descriptionConfig-version.cmake
[0.068s] -- Up-to-date symlink: /home/student/sensor_platform_ws/install/platform_description/share/platform_description/package.xml
[0.090s] Invoked command in '/home/student/sensor_platform_ws/build/platform_description' returned '0': CMAKE_PREFIX_PATH=/opt/ros/humble /usr/bin/cmake --install /home/student/sensor_platform_ws/build/platform_description
