[0.037s] Invoking command in '/home/student/sensor_platform_ws/build/realsense2_description': AMENT_PREFIX_PATH=/home/student/sensor_platform_ws/install/realsense2_camera_msgs:${AMENT_PREFIX_PATH} CMAKE_PREFIX_PATH=/home/student/sensor_platform_ws/install/realsense2_camera_msgs:/opt/ros/humble LD_LIBRARY_PATH=/home/student/sensor_platform_ws/install/realsense2_camera_msgs/lib:${LD_LIBRARY_PATH} PYTHONPATH=/home/student/sensor_platform_ws/install/realsense2_camera_msgs/local/lib/python3.10/dist-packages:${PYTHONPATH} /usr/bin/cmake --build /home/student/sensor_platform_ws/build/realsense2_description -- -j8 -l8
[0.147s] Invoked command in '/home/student/sensor_platform_ws/build/realsense2_description' returned '0': AMENT_PREFIX_PATH=/home/student/sensor_platform_ws/install/realsense2_camera_msgs:${AMENT_PREFIX_PATH} CMAKE_PREFIX_PATH=/home/student/sensor_platform_ws/install/realsense2_camera_msgs:/opt/ros/humble LD_LIBRARY_PATH=/home/student/sensor_platform_ws/install/realsense2_camera_msgs/lib:${LD_LIBRARY_PATH} PYTHONPATH=/home/student/sensor_platform_ws/install/realsense2_camera_msgs/local/lib/python3.10/dist-packages:${PYTHONPATH} /usr/bin/cmake --build /home/student/sensor_platform_ws/build/realsense2_description -- -j8 -l8
[0.166s] Invoking command in '/home/student/sensor_platform_ws/build/realsense2_description': AMENT_PREFIX_PATH=/home/student/sensor_platform_ws/install/realsense2_camera_msgs:${AMENT_PREFIX_PATH} CMAKE_PREFIX_PATH=/home/student/sensor_platform_ws/install/realsense2_camera_msgs:/opt/ros/humble LD_LIBRARY_PATH=/home/student/sensor_platform_ws/install/realsense2_camera_msgs/lib:${LD_LIBRARY_PATH} PYTHONPATH=/home/student/sensor_platform_ws/install/realsense2_camera_msgs/local/lib/python3.10/dist-packages:${PYTHONPATH} /usr/bin/cmake --install /home/student/sensor_platform_ws/build/realsense2_description
[0.173s] -- Install configuration: "Release"
[0.174s] -- Execute custom install script
[0.177s] -- Up-to-date symlink: /home/student/sensor_platform_ws/install/realsense2_description/share/realsense2_description/launch/launch_utils.py
[0.177s] -- Up-to-date symlink: /home/student/sensor_platform_ws/install/realsense2_description/share/realsense2_description/launch/view_model.launch.py
[0.180s] -- Up-to-date symlink: /home/student/sensor_platform_ws/install/realsense2_description/share/realsense2_description/meshes/d405.stl
[0.180s] -- Up-to-date symlink: /home/student/sensor_platform_ws/install/realsense2_description/share/realsense2_description/meshes/d415.stl
[0.180s] -- Up-to-date symlink: /home/student/sensor_platform_ws/install/realsense2_description/share/realsense2_description/meshes/d435.dae
[0.181s] -- Up-to-date symlink: /home/student/sensor_platform_ws/install/realsense2_description/share/realsense2_description/meshes/d436.dae
[0.182s] -- Up-to-date symlink: /home/student/sensor_platform_ws/install/realsense2_description/share/realsense2_description/meshes/d455.stl
[0.182s] -- Up-to-date symlink: /home/student/sensor_platform_ws/install/realsense2_description/share/realsense2_description/meshes/d585.stl
[0.182s] -- Up-to-date symlink: /home/student/sensor_platform_ws/install/realsense2_description/share/realsense2_description/meshes/l515.dae
[0.183s] -- Up-to-date symlink: /home/student/sensor_platform_ws/install/realsense2_description/share/realsense2_description/meshes/plug.stl
[0.204s] -- Up-to-date symlink: /home/student/sensor_platform_ws/install/realsense2_description/share/realsense2_description/meshes/plug_collision.stl
[0.205s] -- Up-to-date symlink: /home/student/sensor_platform_ws/install/realsense2_description/share/realsense2_description/rviz/urdf.rviz
[0.207s] -- Up-to-date symlink: /home/student/sensor_platform_ws/install/realsense2_description/share/realsense2_description/urdf/_d405.urdf.xacro
[0.208s] -- Up-to-date symlink: /home/student/sensor_platform_ws/install/realsense2_description/share/realsense2_description/urdf/_d415.urdf.xacro
[0.208s] -- Up-to-date symlink: /home/student/sensor_platform_ws/install/realsense2_description/share/realsense2_description/urdf/_d435.urdf.xacro
[0.221s] -- Up-to-date symlink: /home/student/sensor_platform_ws/install/realsense2_description/share/realsense2_description/urdf/_d435i.urdf.xacro
[0.221s] -- Up-to-date symlink: /home/student/sensor_platform_ws/install/realsense2_description/share/realsense2_description/urdf/_d435i_imu_modules.urdf.xacro
[0.224s] -- Up-to-date symlink: /home/student/sensor_platform_ws/install/realsense2_description/share/realsense2_description/urdf/_d436.urdf.xacro
[0.224s] -- Up-to-date symlink: /home/student/sensor_platform_ws/install/realsense2_description/share/realsense2_description/urdf/_d455.urdf.xacro
[0.225s] -- Up-to-date symlink: /home/student/sensor_platform_ws/install/realsense2_description/share/realsense2_description/urdf/_d585.urdf.xacro
[0.246s] -- Up-to-date symlink: /home/student/sensor_platform_ws/install/realsense2_description/share/realsense2_description/urdf/_materials.urdf.xacro
[0.247s] -- Up-to-date symlink: /home/student/sensor_platform_ws/install/realsense2_description/share/realsense2_description/urdf/_r410.urdf.xacro
[0.248s] -- Up-to-date symlink: /home/student/sensor_platform_ws/install/realsense2_description/share/realsense2_description/urdf/_r430.urdf.xacro
[0.248s] -- Up-to-date symlink: /home/student/sensor_platform_ws/install/realsense2_description/share/realsense2_description/urdf/_usb_plug.urdf.xacro
[0.249s] -- Up-to-date symlink: /home/student/sensor_platform_ws/install/realsense2_description/share/realsense2_description/urdf/test_d405_camera.urdf.xacro
[0.250s] -- Up-to-date symlink: /home/student/sensor_platform_ws/install/realsense2_description/share/realsense2_description/urdf/test_d415_camera.urdf.xacro
[0.251s] -- Up-to-date symlink: /home/student/sensor_platform_ws/install/realsense2_description/share/realsense2_description/urdf/test_d435_camera.urdf.xacro
[0.252s] -- Up-to-date symlink: /home/student/sensor_platform_ws/install/realsense2_description/share/realsense2_description/urdf/test_d435_multiple_cameras.urdf.xacro
[0.252s] -- Up-to-date symlink: /home/student/sensor_platform_ws/install/realsense2_description/share/realsense2_description/urdf/test_d435i_camera.urdf.xacro
[0.253s] -- Up-to-date symlink: /home/student/sensor_platform_ws/install/realsense2_description/share/realsense2_description/urdf/test_d436_camera.urdf.xacro
[0.254s] -- Up-to-date symlink: /home/student/sensor_platform_ws/install/realsense2_description/share/realsense2_description/urdf/test_d455_camera.urdf.xacro
[0.255s] -- Up-to-date symlink: /home/student/sensor_platform_ws/install/realsense2_description/share/realsense2_description/urdf/test_d585_camera.urdf.xacro
[0.255s] -- Up-to-date symlink: /home/student/sensor_platform_ws/install/realsense2_description/share/realsense2_description/urdf/test_r410_camera.urdf.xacro
[0.256s] -- Up-to-date symlink: /home/student/sensor_platform_ws/install/realsense2_description/share/realsense2_description/urdf/test_r430_camera.urdf.xacro
[0.257s] -- Up-to-date symlink: /home/student/sensor_platform_ws/install/realsense2_description/share/ament_index/resource_index/package_run_dependencies/realsense2_description
[0.258s] -- Up-to-date symlink: /home/student/sensor_platform_ws/install/realsense2_description/share/ament_index/resource_index/parent_prefix_path/realsense2_description
[0.259s] -- Up-to-date symlink: /home/student/sensor_platform_ws/install/realsense2_description/share/realsense2_description/environment/ament_prefix_path.sh
[0.260s] -- Up-to-date symlink: /home/student/sensor_platform_ws/install/realsense2_description/share/realsense2_description/environment/ament_prefix_path.dsv
[0.261s] -- Up-to-date symlink: /home/student/sensor_platform_ws/install/realsense2_description/share/realsense2_description/environment/path.sh
[0.262s] -- Up-to-date symlink: /home/student/sensor_platform_ws/install/realsense2_description/share/realsense2_description/environment/path.dsv
[0.263s] -- Up-to-date symlink: /home/student/sensor_platform_ws/install/realsense2_description/share/realsense2_description/local_setup.bash
[0.264s] -- Up-to-date symlink: /home/student/sensor_platform_ws/install/realsense2_description/share/realsense2_description/local_setup.sh
[0.265s] -- Up-to-date symlink: /home/student/sensor_platform_ws/install/realsense2_description/share/realsense2_description/local_setup.zsh
[0.266s] -- Up-to-date symlink: /home/student/sensor_platform_ws/install/realsense2_description/share/realsense2_description/local_setup.dsv
[0.266s] -- Symlinking: /home/student/sensor_platform_ws/install/realsense2_description/share/realsense2_description/package.dsv
[0.298s] -- Up-to-date symlink: /home/student/sensor_platform_ws/install/realsense2_description/share/ament_index/resource_index/packages/realsense2_description
[0.308s] -- Up-to-date symlink: /home/student/sensor_platform_ws/install/realsense2_description/share/realsense2_description/cmake/realsense2_descriptionConfig.cmake
[0.314s] -- Up-to-date symlink: /home/student/sensor_platform_ws/install/realsense2_description/share/realsense2_description/cmake/realsense2_descriptionConfig-version.cmake
[0.316s] -- Up-to-date symlink: /home/student/sensor_platform_ws/install/realsense2_description/share/realsense2_description/package.xml
[0.319s] Invoked command in '/home/student/sensor_platform_ws/build/realsense2_description' returned '0': AMENT_PREFIX_PATH=/home/student/sensor_platform_ws/install/realsense2_camera_msgs:${AMENT_PREFIX_PATH} CMAKE_PREFIX_PATH=/home/student/sensor_platform_ws/install/realsense2_camera_msgs:/opt/ros/humble LD_LIBRARY_PATH=/home/student/sensor_platform_ws/install/realsense2_camera_msgs/lib:${LD_LIBRARY_PATH} PYTHONPATH=/home/student/sensor_platform_ws/install/realsense2_camera_msgs/local/lib/python3.10/dist-packages:${PYTHONPATH} /usr/bin/cmake --install /home/student/sensor_platform_ws/build/realsense2_description
