[0.036s] Invoking command in '/home/student/sensor_platform_ws/build/realsense2_camera': AMENT_PREFIX_PATH=/home/student/sensor_platform_ws/install/realsense2_camera_msgs:${AMENT_PREFIX_PATH} CMAKE_PREFIX_PATH=/home/student/sensor_platform_ws/install/realsense2_camera_msgs:/opt/ros/humble LD_LIBRARY_PATH=/home/student/sensor_platform_ws/install/realsense2_camera_msgs/lib:${LD_LIBRARY_PATH} PYTHONPATH=/home/student/sensor_platform_ws/install/realsense2_camera_msgs/local/lib/python3.10/dist-packages:${PYTHONPATH} /usr/bin/cmake /home/student/sensor_platform_ws/src/hardware/realsense-ros/realsense2_camera -DCMAKE_INSTALL_PREFIX=/home/student/sensor_platform_ws/install/realsense2_camera
[0.077s] -- Create Release Build.
[0.078s] -- Found ament_cmake: 1.3.14 (/opt/ros/humble/share/ament_cmake/cmake)
[0.315s] -- Override CMake install command with custom implementation using symlinks instead of copying resources
[0.331s] -- Found builtin_interfaces: 1.2.2 (/opt/ros/humble/share/builtin_interfaces/cmake)
[0.371s] -- Found rosidl_generator_c: 3.1.8 (/opt/ros/humble/share/rosidl_generator_c/cmake)
[0.373s] -- Found rosidl_adapter: 3.1.8 (/opt/ros/humble/share/rosidl_adapter/cmake)
[0.386s] -- Found rosidl_generator_cpp: 3.1.8 (/opt/ros/humble/share/rosidl_generator_cpp/cmake)
[0.415s] -- Using all available rosidl_typesupport_c: rosidl_typesupport_fastrtps_c;rosidl_typesupport_introspection_c
[0.437s] -- Using all available rosidl_typesupport_cpp: rosidl_typesupport_fastrtps_cpp;rosidl_typesupport_introspection_cpp
[0.459s] -- Found rclcpp: 16.0.19 (/opt/ros/humble/share/rclcpp/cmake)
[0.508s] -- Found rmw_implementation_cmake: 6.1.2 (/opt/ros/humble/share/rmw_implementation_cmake/cmake)
[0.512s] -- Found rmw_fastrtps_cpp: 6.2.10 (/opt/ros/humble/share/rmw_fastrtps_cpp/cmake)
[0.714s] -- Using RMW implementation 'rmw_fastrtps_cpp' as default
[0.756s] -- Found rclcpp_action: 16.0.19 (/opt/ros/humble/share/rclcpp_action/cmake)
[0.784s] -- Found realsense2_camera_msgs: 4.57.0 (/home/student/sensor_platform_ws/install/realsense2_camera_msgs/share/realsense2_camera_msgs/cmake)
[0.855s] -- Found std_srvs: 4.9.1 (/opt/ros/humble/share/std_srvs/cmake)
[0.888s] -- Found nav_msgs: 4.9.1 (/opt/ros/humble/share/nav_msgs/cmake)
[0.920s] -- Found tf2_ros: 0.25.20 (/opt/ros/humble/share/tf2_ros/cmake)
[1.041s] -- Found diagnostic_updater: 4.0.6 (/opt/ros/humble/share/diagnostic_updater/cmake)
[1.135s] -- Found image_transport: 3.1.12 (/opt/ros/humble/share/image_transport/cmake)
[1.208s] -- Found cv_bridge: 3.2.1 (/opt/ros/humble/share/cv_bridge/cmake)
[1.228s] -- Build for ROS2 Humble
[1.233s] -- Found ament_cmake_gtest: 1.3.14 (/opt/ros/humble/share/ament_cmake_gtest/cmake)
[1.243s] -- Found gtest sources under '/opt/ros/humble/src/gtest_vendor': C++ tests using 'Google Test' will be built
[1.260s] -- Found ament_cmake_pytest: 1.3.14 (/opt/ros/humble/share/ament_cmake_pytest/cmake)
[2.619s] [33mCMake Warning at /opt/ros/humble/share/ament_cmake_pytest/cmake/ament_add_pytest_test.cmake:79 (message):
[2.619s]   The Python module 'pytest' was not found, pytests cannot be run.  On Linux,
[2.619s]   install the 'python3-pytest' package.  On other platforms, install 'pytest'
[2.619s]   using pip.
[2.619s] Call Stack (most recent call first):
[2.619s]   CMakeLists.txt:425 (ament_add_pytest_test)
[2.619s] 
[2.619s] [0m
[3.128s] [33mCMake Warning at /opt/ros/humble/share/ament_cmake_pytest/cmake/ament_add_pytest_test.cmake:79 (message):
[3.128s]   The Python module 'pytest' was not found, pytests cannot be run.  On Linux,
[3.128s]   install the 'python3-pytest' package.  On other platforms, install 'pytest'
[3.128s]   using pip.
[3.128s] Call Stack (most recent call first):
[3.128s]   CMakeLists.txt:425 (ament_add_pytest_test)
[3.129s] 
[3.130s] [0m
[3.721s] [33mCMake Warning at /opt/ros/humble/share/ament_cmake_pytest/cmake/ament_add_pytest_test.cmake:79 (message):
[3.721s]   The Python module 'pytest' was not found, pytests cannot be run.  On Linux,
[3.721s]   install the 'python3-pytest' package.  On other platforms, install 'pytest'
[3.721s]   using pip.
[3.721s] Call Stack (most recent call first):
[3.721s]   CMakeLists.txt:425 (ament_add_pytest_test)
[3.721s] 
[3.721s] [0m
[4.426s] [33mCMake Warning at /opt/ros/humble/share/ament_cmake_pytest/cmake/ament_add_pytest_test.cmake:79 (message):
[4.427s]   The Python module 'pytest' was not found, pytests cannot be run.  On Linux,
[4.427s]   install the 'python3-pytest' package.  On other platforms, install 'pytest'
[4.427s]   using pip.
[4.427s] Call Stack (most recent call first):
[4.427s]   CMakeLists.txt:425 (ament_add_pytest_test)
[4.427s] 
[4.427s] [0m
[5.078s] [33mCMake Warning at /opt/ros/humble/share/ament_cmake_pytest/cmake/ament_add_pytest_test.cmake:79 (message):
[5.078s]   The Python module 'pytest' was not found, pytests cannot be run.  On Linux,
[5.078s]   install the 'python3-pytest' package.  On other platforms, install 'pytest'
[5.078s]   using pip.
[5.078s] Call Stack (most recent call first):
[5.079s]   CMakeLists.txt:425 (ament_add_pytest_test)
[5.079s] 
[5.079s] [0m
[5.406s] [33mCMake Warning at /opt/ros/humble/share/ament_cmake_pytest/cmake/ament_add_pytest_test.cmake:79 (message):
[5.406s]   The Python module 'pytest' was not found, pytests cannot be run.  On Linux,
[5.406s]   install the 'python3-pytest' package.  On other platforms, install 'pytest'
[5.406s]   using pip.
[5.406s] Call Stack (most recent call first):
[5.406s]   CMakeLists.txt:425 (ament_add_pytest_test)
[5.406s] 
[5.406s] [0m
[5.757s] [33mCMake Warning at /opt/ros/humble/share/ament_cmake_pytest/cmake/ament_add_pytest_test.cmake:79 (message):
[5.757s]   The Python module 'pytest' was not found, pytests cannot be run.  On Linux,
[5.757s]   install the 'python3-pytest' package.  On other platforms, install 'pytest'
[5.757s]   using pip.
[5.757s] Call Stack (most recent call first):
[5.757s]   CMakeLists.txt:425 (ament_add_pytest_test)
[5.757s] 
[5.757s] [0m
[6.105s] [33mCMake Warning at /opt/ros/humble/share/ament_cmake_pytest/cmake/ament_add_pytest_test.cmake:79 (message):
[6.105s]   The Python module 'pytest' was not found, pytests cannot be run.  On Linux,
[6.105s]   install the 'python3-pytest' package.  On other platforms, install 'pytest'
[6.105s]   using pip.
[6.106s] Call Stack (most recent call first):
[6.106s]   CMakeLists.txt:425 (ament_add_pytest_test)
[6.106s] 
[6.106s] [0m
[6.467s] [33mCMake Warning at /opt/ros/humble/share/ament_cmake_pytest/cmake/ament_add_pytest_test.cmake:79 (message):
[6.467s]   The Python module 'pytest' was not found, pytests cannot be run.  On Linux,
[6.467s]   install the 'python3-pytest' package.  On other platforms, install 'pytest'
[6.467s]   using pip.
[6.468s] Call Stack (most recent call first):
[6.468s]   CMakeLists.txt:425 (ament_add_pytest_test)
[6.468s] 
[6.468s] [0m
[6.805s] [33mCMake Warning at /opt/ros/humble/share/ament_cmake_pytest/cmake/ament_add_pytest_test.cmake:79 (message):
[6.805s]   The Python module 'pytest' was not found, pytests cannot be run.  On Linux,
[6.805s]   install the 'python3-pytest' package.  On other platforms, install 'pytest'
[6.806s]   using pip.
[6.806s] Call Stack (most recent call first):
[6.806s]   CMakeLists.txt:425 (ament_add_pytest_test)
[6.806s] 
[6.806s] [0m
[7.059s] -- rs_device_info:
[7.059s] --  17/06 10:57:31,208 ERROR [131946387837504] (context.cpp:41) No valid configuration file found at : /home/student/.realsense-config.json loading defaults
[7.059s] No device detected. Is it plugged in?
[7.059s] 
[7.229s] -- Configuring done
[7.283s] -- Generating done
[7.298s] -- Build files have been written to: /home/student/sensor_platform_ws/build/realsense2_camera
[7.315s] Invoked command in '/home/student/sensor_platform_ws/build/realsense2_camera' returned '0': AMENT_PREFIX_PATH=/home/student/sensor_platform_ws/install/realsense2_camera_msgs:${AMENT_PREFIX_PATH} CMAKE_PREFIX_PATH=/home/student/sensor_platform_ws/install/realsense2_camera_msgs:/opt/ros/humble LD_LIBRARY_PATH=/home/student/sensor_platform_ws/install/realsense2_camera_msgs/lib:${LD_LIBRARY_PATH} PYTHONPATH=/home/student/sensor_platform_ws/install/realsense2_camera_msgs/local/lib/python3.10/dist-packages:${PYTHONPATH} /usr/bin/cmake /home/student/sensor_platform_ws/src/hardware/realsense-ros/realsense2_camera -DCMAKE_INSTALL_PREFIX=/home/student/sensor_platform_ws/install/realsense2_camera
[7.315s] Invoking command in '/home/student/sensor_platform_ws/build/realsense2_camera': AMENT_PREFIX_PATH=/home/student/sensor_platform_ws/install/realsense2_camera_msgs:${AMENT_PREFIX_PATH} CMAKE_PREFIX_PATH=/home/student/sensor_platform_ws/install/realsense2_camera_msgs:/opt/ros/humble LD_LIBRARY_PATH=/home/student/sensor_platform_ws/install/realsense2_camera_msgs/lib:${LD_LIBRARY_PATH} PYTHONPATH=/home/student/sensor_platform_ws/install/realsense2_camera_msgs/local/lib/python3.10/dist-packages:${PYTHONPATH} /usr/bin/cmake --build /home/student/sensor_platform_ws/build/realsense2_camera -- -j8 -l8
[7.495s] [35m[1mConsolidate compiler generated dependencies of target realsense2_camera[0m
[7.590s] [ 69%] Built target realsense2_camera
[7.610s] [35m[1mConsolidate compiler generated dependencies of target gtest[0m
[7.632s] [ 76%] Built target gtest
[7.649s] [35m[1mConsolidate compiler generated dependencies of target gtest_main[0m
[7.670s] [ 84%] Built target gtest_main
[7.686s] [35m[1mConsolidate compiler generated dependencies of target realsense2_camera_node[0m
[7.710s] [ 92%] Built target realsense2_camera_node
[7.732s] [35m[1mConsolidate compiler generated dependencies of target gtest_template[0m
[7.748s] [100%] Built target gtest_template
[7.773s] Invoked command in '/home/student/sensor_platform_ws/build/realsense2_camera' returned '0': AMENT_PREFIX_PATH=/home/student/sensor_platform_ws/install/realsense2_camera_msgs:${AMENT_PREFIX_PATH} CMAKE_PREFIX_PATH=/home/student/sensor_platform_ws/install/realsense2_camera_msgs:/opt/ros/humble LD_LIBRARY_PATH=/home/student/sensor_platform_ws/install/realsense2_camera_msgs/lib:${LD_LIBRARY_PATH} PYTHONPATH=/home/student/sensor_platform_ws/install/realsense2_camera_msgs/local/lib/python3.10/dist-packages:${PYTHONPATH} /usr/bin/cmake --build /home/student/sensor_platform_ws/build/realsense2_camera -- -j8 -l8
[7.783s] Invoking command in '/home/student/sensor_platform_ws/build/realsense2_camera': AMENT_PREFIX_PATH=/home/student/sensor_platform_ws/install/realsense2_camera_msgs:${AMENT_PREFIX_PATH} CMAKE_PREFIX_PATH=/home/student/sensor_platform_ws/install/realsense2_camera_msgs:/opt/ros/humble LD_LIBRARY_PATH=/home/student/sensor_platform_ws/install/realsense2_camera_msgs/lib:${LD_LIBRARY_PATH} PYTHONPATH=/home/student/sensor_platform_ws/install/realsense2_camera_msgs/local/lib/python3.10/dist-packages:${PYTHONPATH} /usr/bin/cmake --install /home/student/sensor_platform_ws/build/realsense2_camera
[7.791s] -- Install configuration: "Release"
[7.792s] -- Execute custom install script
[7.804s] -- Up-to-date symlink: /home/student/sensor_platform_ws/install/realsense2_camera/share/realsense2_camera/config/global_settings.yaml
[7.808s] -- Up-to-date symlink: /home/student/sensor_platform_ws/install/realsense2_camera/lib/realsense2_camera/realsense2_camera_node
[7.808s] -- Up-to-date symlink: /home/student/sensor_platform_ws/install/realsense2_camera/lib/librealsense2_camera.so
[7.844s] -- Up-to-date symlink: /home/student/sensor_platform_ws/install/realsense2_camera/include/align_depth_filter.h
[7.845s] -- Up-to-date symlink: /home/student/sensor_platform_ws/install/realsense2_camera/include/base_realsense_node.h
[7.846s] -- Up-to-date symlink: /home/student/sensor_platform_ws/install/realsense2_camera/include/constants.h
[7.846s] -- Up-to-date symlink: /home/student/sensor_platform_ws/install/realsense2_camera/include/context_singleton_wrapper.h
[7.846s] -- Up-to-date symlink: /home/student/sensor_platform_ws/install/realsense2_camera/include/dynamic_params.h
[7.847s] -- Up-to-date symlink: /home/student/sensor_platform_ws/install/realsense2_camera/include/gl_window.h
[7.847s] -- Up-to-date symlink: /home/student/sensor_platform_ws/install/realsense2_camera/include/image_publisher.h
[7.847s] -- Up-to-date symlink: /home/student/sensor_platform_ws/install/realsense2_camera/include/named_filter.h
[7.848s] -- Up-to-date symlink: /home/student/sensor_platform_ws/install/realsense2_camera/include/pointcloud_filter.h
[7.848s] -- Up-to-date symlink: /home/student/sensor_platform_ws/install/realsense2_camera/include/profile_manager.h
[7.848s] -- Up-to-date symlink: /home/student/sensor_platform_ws/install/realsense2_camera/include/realsense_node_factory.h
[7.849s] -- Up-to-date symlink: /home/student/sensor_platform_ws/install/realsense2_camera/include/ros_node_base.h
[7.849s] -- Up-to-date symlink: /home/student/sensor_platform_ws/install/realsense2_camera/include/ros_param_backend.h
[7.849s] -- Up-to-date symlink: /home/student/sensor_platform_ws/install/realsense2_camera/include/ros_sensor.h
[7.849s] -- Up-to-date symlink: /home/student/sensor_platform_ws/install/realsense2_camera/include/ros_utils.h
[7.849s] -- Up-to-date symlink: /home/student/sensor_platform_ws/install/realsense2_camera/include/sensor_params.h
[7.850s] -- Up-to-date symlink: /home/student/sensor_platform_ws/install/realsense2_camera/share/realsense2_camera/launch/default.rviz
[7.850s] -- Up-to-date symlink: /home/student/sensor_platform_ws/install/realsense2_camera/share/realsense2_camera/launch/rs_intra_process_demo_launch.py
[7.852s] -- Up-to-date symlink: /home/student/sensor_platform_ws/install/realsense2_camera/share/realsense2_camera/launch/rs_launch.py
[7.852s] -- Up-to-date symlink: /home/student/sensor_platform_ws/install/realsense2_camera/share/realsense2_camera/launch/rs_multi_camera_launch.py
[7.852s] -- Up-to-date symlink: /home/student/sensor_platform_ws/install/realsense2_camera/share/realsense2_camera/launch/rs_multi_camera_launch_sync.py
[7.867s] -- Up-to-date symlink: /home/student/sensor_platform_ws/install/realsense2_camera/share/realsense2_camera/examples/align_depth/README.md
[7.867s] -- Up-to-date symlink: /home/student/sensor_platform_ws/install/realsense2_camera/share/realsense2_camera/examples/align_depth/rs_align_depth_launch.py
[7.868s] -- Up-to-date symlink: /home/student/sensor_platform_ws/install/realsense2_camera/share/realsense2_camera/examples/d500_tables/application_config_example.json
[7.868s] -- Up-to-date symlink: /home/student/sensor_platform_ws/install/realsense2_camera/share/realsense2_camera/examples/d500_tables/calib_config_example.json
[7.868s] -- Up-to-date symlink: /home/student/sensor_platform_ws/install/realsense2_camera/share/realsense2_camera/examples/d500_tables/safety_interface_config_example.json
[7.868s] -- Up-to-date symlink: /home/student/sensor_platform_ws/install/realsense2_camera/share/realsense2_camera/examples/d500_tables/safety_preset_example.json
[7.868s] -- Up-to-date symlink: /home/student/sensor_platform_ws/install/realsense2_camera/share/realsense2_camera/examples/dual_camera/README.md
[7.868s] -- Up-to-date symlink: /home/student/sensor_platform_ws/install/realsense2_camera/share/realsense2_camera/examples/dual_camera/rs_dual_camera_launch.py
[7.869s] -- Up-to-date symlink: /home/student/sensor_platform_ws/install/realsense2_camera/share/realsense2_camera/examples/dual_camera/rviz/dual_camera_pointcloud.rviz
[7.869s] -- Up-to-date symlink: /home/student/sensor_platform_ws/install/realsense2_camera/share/realsense2_camera/examples/launch_from_rosbag/README.md
[7.869s] -- Up-to-date symlink: /home/student/sensor_platform_ws/install/realsense2_camera/share/realsense2_camera/examples/launch_from_rosbag/rs_launch_from_rosbag.py
[7.869s] -- Up-to-date symlink: /home/student/sensor_platform_ws/install/realsense2_camera/share/realsense2_camera/examples/launch_params_from_file/README.md
[7.870s] -- Up-to-date symlink: /home/student/sensor_platform_ws/install/realsense2_camera/share/realsense2_camera/examples/launch_params_from_file/config/config.yaml
[7.870s] -- Up-to-date symlink: /home/student/sensor_platform_ws/install/realsense2_camera/share/realsense2_camera/examples/launch_params_from_file/rs_launch_get_params_from_yaml.py
[7.871s] -- Up-to-date symlink: /home/student/sensor_platform_ws/install/realsense2_camera/share/realsense2_camera/examples/pointcloud/README.md
[7.872s] -- Up-to-date symlink: /home/student/sensor_platform_ws/install/realsense2_camera/share/realsense2_camera/examples/pointcloud/rs_d405_pointcloud_launch.py
[7.872s] -- Up-to-date symlink: /home/student/sensor_platform_ws/install/realsense2_camera/share/realsense2_camera/examples/pointcloud/rs_d455_pointcloud_launch.py
[7.872s] -- Up-to-date symlink: /home/student/sensor_platform_ws/install/realsense2_camera/share/realsense2_camera/examples/pointcloud/rs_pointcloud_infra_launch.py
[7.872s] -- Up-to-date symlink: /home/student/sensor_platform_ws/install/realsense2_camera/share/realsense2_camera/examples/pointcloud/rs_pointcloud_launch.py
[7.875s] -- Up-to-date symlink: /home/student/sensor_platform_ws/install/realsense2_camera/share/realsense2_camera/examples/pointcloud/rviz/pointcloud.rviz
[7.875s] -- Up-to-date symlink: /home/student/sensor_platform_ws/install/realsense2_camera/share/realsense2_camera/examples/pointcloud/rviz/urdf_pointcloud.rviz
[7.875s] -- Up-to-date symlink: /home/student/sensor_platform_ws/install/realsense2_camera/share/realsense2_camera/environment/library_path.sh
[7.875s] -- Up-to-date symlink: /home/student/sensor_platform_ws/install/realsense2_camera/share/realsense2_camera/environment/library_path.dsv
[7.876s] -- Up-to-date symlink: /home/student/sensor_platform_ws/install/realsense2_camera/share/ament_index/resource_index/package_run_dependencies/realsense2_camera
[7.876s] -- Up-to-date symlink: /home/student/sensor_platform_ws/install/realsense2_camera/share/ament_index/resource_index/parent_prefix_path/realsense2_camera
[7.876s] -- Up-to-date symlink: /home/student/sensor_platform_ws/install/realsense2_camera/share/realsense2_camera/environment/ament_prefix_path.sh
[7.877s] -- Up-to-date symlink: /home/student/sensor_platform_ws/install/realsense2_camera/share/realsense2_camera/environment/ament_prefix_path.dsv
[7.877s] -- Up-to-date symlink: /home/student/sensor_platform_ws/install/realsense2_camera/share/realsense2_camera/environment/path.sh
[7.877s] -- Up-to-date symlink: /home/student/sensor_platform_ws/install/realsense2_camera/share/realsense2_camera/environment/path.dsv
[7.877s] -- Up-to-date symlink: /home/student/sensor_platform_ws/install/realsense2_camera/share/realsense2_camera/local_setup.bash
[7.878s] -- Up-to-date symlink: /home/student/sensor_platform_ws/install/realsense2_camera/share/realsense2_camera/local_setup.sh
[7.878s] -- Up-to-date symlink: /home/student/sensor_platform_ws/install/realsense2_camera/share/realsense2_camera/local_setup.zsh
[7.878s] -- Up-to-date symlink: /home/student/sensor_platform_ws/install/realsense2_camera/share/realsense2_camera/local_setup.dsv
[7.878s] -- Symlinking: /home/student/sensor_platform_ws/install/realsense2_camera/share/realsense2_camera/package.dsv
[7.898s] -- Up-to-date symlink: /home/student/sensor_platform_ws/install/realsense2_camera/share/ament_index/resource_index/packages/realsense2_camera
[7.898s] -- Up-to-date symlink: /home/student/sensor_platform_ws/install/realsense2_camera/share/ament_index/resource_index/rclcpp_components/realsense2_camera
[7.898s] -- Up-to-date symlink: /home/student/sensor_platform_ws/install/realsense2_camera/share/realsense2_camera/cmake/ament_cmake_export_include_directories-extras.cmake
[7.899s] -- Up-to-date symlink: /home/student/sensor_platform_ws/install/realsense2_camera/share/realsense2_camera/cmake/ament_cmake_export_libraries-extras.cmake
[7.899s] -- Up-to-date symlink: /home/student/sensor_platform_ws/install/realsense2_camera/share/realsense2_camera/cmake/ament_cmake_export_dependencies-extras.cmake
[7.899s] -- Up-to-date symlink: /home/student/sensor_platform_ws/install/realsense2_camera/share/realsense2_camera/cmake/realsense2_cameraConfig.cmake
[7.899s] -- Up-to-date symlink: /home/student/sensor_platform_ws/install/realsense2_camera/share/realsense2_camera/cmake/realsense2_cameraConfig-version.cmake
[7.900s] -- Up-to-date symlink: /home/student/sensor_platform_ws/install/realsense2_camera/share/realsense2_camera/package.xml
[7.902s] Invoked command in '/home/student/sensor_platform_ws/build/realsense2_camera' returned '0': AMENT_PREFIX_PATH=/home/student/sensor_platform_ws/install/realsense2_camera_msgs:${AMENT_PREFIX_PATH} CMAKE_PREFIX_PATH=/home/student/sensor_platform_ws/install/realsense2_camera_msgs:/opt/ros/humble LD_LIBRARY_PATH=/home/student/sensor_platform_ws/install/realsense2_camera_msgs/lib:${LD_LIBRARY_PATH} PYTHONPATH=/home/student/sensor_platform_ws/install/realsense2_camera_msgs/local/lib/python3.10/dist-packages:${PYTHONPATH} /usr/bin/cmake --install /home/student/sensor_platform_ws/build/realsense2_camera
