[0.041s] Invoking command in '/home/student/sensor_platform_ws/build/platform_processing': CMAKE_PREFIX_PATH=/opt/ros/humble /usr/bin/cmake --build /home/student/sensor_platform_ws/build/platform_processing -- -j8 -l8
[0.130s] [ 50%] Built target imu_sync_component
[0.170s] [100%] Built target imu_sync_node
[0.227s] Invoked command in '/home/student/sensor_platform_ws/build/platform_processing' returned '0': CMAKE_PREFIX_PATH=/opt/ros/humble /usr/bin/cmake --build /home/student/sensor_platform_ws/build/platform_processing -- -j8 -l8
[0.234s] Invoking command in '/home/student/sensor_platform_ws/build/platform_processing': CMAKE_PREFIX_PATH=/opt/ros/humble /usr/bin/cmake --install /home/student/sensor_platform_ws/build/platform_processing
[0.242s] -- Install configuration: ""
[0.244s] -- Execute custom install script
[0.245s] -- Up-to-date symlink: /home/student/sensor_platform_ws/install/platform_processing/lib/platform_processing/imu_sync_node
[0.245s] -- Up-to-date symlink: /home/student/sensor_platform_ws/install/platform_processing/lib/libimu_sync_component.so
[0.245s] -- Up-to-date symlink: /home/student/sensor_platform_ws/install/platform_processing/lib/platform_processing/mock_imu_node.py
[0.245s] -- Up-to-date symlink: /home/student/sensor_platform_ws/install/platform_processing/share/ament_index/resource_index/package_run_dependencies/platform_processing
[0.245s] -- Up-to-date symlink: /home/student/sensor_platform_ws/install/platform_processing/share/ament_index/resource_index/parent_prefix_path/platform_processing
[0.245s] -- Up-to-date symlink: /home/student/sensor_platform_ws/install/platform_processing/share/platform_processing/environment/ament_prefix_path.sh
[0.246s] -- Up-to-date symlink: /home/student/sensor_platform_ws/install/platform_processing/share/platform_processing/environment/ament_prefix_path.dsv
[0.246s] -- Up-to-date symlink: /home/student/sensor_platform_ws/install/platform_processing/share/platform_processing/environment/path.sh
[0.246s] -- Up-to-date symlink: /home/student/sensor_platform_ws/install/platform_processing/share/platform_processing/environment/path.dsv
[0.246s] -- Up-to-date symlink: /home/student/sensor_platform_ws/install/platform_processing/share/platform_processing/local_setup.bash
[0.246s] -- Up-to-date symlink: /home/student/sensor_platform_ws/install/platform_processing/share/platform_processing/local_setup.sh
[0.246s] -- Up-to-date symlink: /home/student/sensor_platform_ws/install/platform_processing/share/platform_processing/local_setup.zsh
[0.246s] -- Up-to-date symlink: /home/student/sensor_platform_ws/install/platform_processing/share/platform_processing/local_setup.dsv
[0.246s] -- Symlinking: /home/student/sensor_platform_ws/install/platform_processing/share/platform_processing/package.dsv
[0.258s] -- Up-to-date symlink: /home/student/sensor_platform_ws/install/platform_processing/share/ament_index/resource_index/packages/platform_processing
[0.260s] -- Up-to-date symlink: /home/student/sensor_platform_ws/install/platform_processing/share/ament_index/resource_index/rclcpp_components/platform_processing
[0.260s] -- Up-to-date symlink: /home/student/sensor_platform_ws/install/platform_processing/share/platform_processing/cmake/platform_processingConfig.cmake
[0.260s] -- Up-to-date symlink: /home/student/sensor_platform_ws/install/platform_processing/share/platform_processing/cmake/platform_processingConfig-version.cmake
[0.260s] -- Up-to-date symlink: /home/student/sensor_platform_ws/install/platform_processing/share/platform_processing/package.xml
[0.261s] Invoked command in '/home/student/sensor_platform_ws/build/platform_processing' returned '0': CMAKE_PREFIX_PATH=/opt/ros/humble /usr/bin/cmake --install /home/student/sensor_platform_ws/build/platform_processing
